/----------------------------------------------------------\\
|      _   __ ______ __ __  ______  ____   ____   ____     |
|     / | / // ____// //_/ / ____/ / __ \\/ __ \\/ __ \\   |
|    /  |/ // __/  / ,<   /___ \\ / / / // / / // / / /    |
|   / /|  // /___ / /| | ____/ / / /_/ // /_/ // /_/ /     |
|  /_/ |_//_____//_/ |_|/_____/  \\___/ \\___/ \\___/      |
|                                                          |
|----------------------------------------------------------|
|                                                          |
| NEK5000:  Open Source Spectral Element Solver            |
| COPYRIGHT (c) 2008-2016 UCHICAGO ARGONNE, LLC            |
| Version:  16.0.0                                         |
| Web:      http://nek5000.mcs.anl.gov                     |
|                                                          |
\\----------------------------------------------------------/
                                                              

 Number of processors:           1
 REAL    wdsize      :           8
 INTEGER wdsize      :           4
 Timer accuracy      : 2.86E-07
 Reading /gpfs/theta-fs1/home/thilina/env/lx16/b2.rea                                                                                        

 mapping elements to processors
 Reading /gpfs/theta-fs1/home/thilina/env/lx16/b2.map                                                                                        
           0           4           4           4           4  NELV
 RANK     0 IEG       1       2       3       4
 element load imbalance:            0           4           4
 done :: mapping elements to processors
  
           0  objects found
 118   Parameters from file:
   1      1.00000     p001 DENSITY
   2     -100.000     p002 VISCOS
   7      1.00000     p007 RHOCP
   8      1.00000     p008 CONDUCT
  11      1.00        p011 NSTEPS
  12    -0.500000E-02 p012 DT
  21     0.100000E-05 p021 DIVERGENCE
  22     0.100000E-07 p022 HELMHOLTZ
  24     0.100000E-09 p024 TOLREL
  25     0.100000E-09 p025 TOLABS
  26     0.250000     p026 COURANT/NTAU
  27      2.00000     p027 TORDER
  66      6.00000     p066 output : <0=ascii, else binary
  67      6.00000     p067 restart: <0=ascii, else binary
  99      3.00000     p099 dealiasing: <0--> off/3--> old/4--> new
 103     0.500000E-01 p103 weight of stabilizing filter (.01)
  
 nelgt/nelgv/lelt:           4           4         100
 lx1  /lx2  /lx3 :          16          16          16
 done :: read .rea file   0.26602E-01 sec

 setup mesh topology
   Right-handed check complete for       4 elements. OK.
   setvert3d:  16        4400       15376        4400        4400
 call usrsetvert
 done :: usrsetvert

gs_setup: 0 unique labels shared
   handle bytes (avg, min, max): 23876 23876 23876
   buffer bytes (avg, min, max): 0 0 0
   setupds time 5.1341E-03 seconds   0 16        4400           4
           4  max multiplicity
 done :: setup mesh topology
  
 call usrdat
 done :: usrdat

 generate geometry data
 done :: generate geometry data
  
 call usrdat2
 done :: usrdat2

 regenerate geometry data           1
 NOTE: All elements deformed , param(59) ^=0
 done :: regenerate geometry data           1
  
 verify mesh topology
  0.000000000000000E+000   1.00000000000000       Xrange
  0.000000000000000E+000   1.00000000000000       Yrange
  0.000000000000000E+000   1.00000000000000       Zrange
 done :: verify mesh topology
  
 IFTRAN   = T
 IFFLOW   = T
 IFHEAT   = F
 IFSPLIT  = T
 IFLOMACH = F
 IFUSERVP = F
 IFUSERMV = F
 IFSTRS   = F
 IFCHAR   = F
 IFCYCLIC = F
 IFAXIS   = F
 IFMVBD   = F
 IFMELT   = F
 IFMODEL  = F
 IFKEPS   = F
 IFMOAB   = F
 IFNEKNEK = F
 IFSYNC   = T
   
 IFVCOR   = T
 IFINTQ   = F
 IFCWUZ   = F
 IFSWALL  = F
 IFGEOM   = F
 IFSURT   = F
 IFWCNO   = F
   
 IFTMSH for field           1    =  F
 IFADVC for field           1    =  T
 IFNONL for field           1    =  F
   
 Dealiasing enabled, lxd=          24
  
 Estimated eigenvalues
 EIGAA =    9.86960440108936     
 EIGGA =    188069.695854776     
 EIGAE =    9.86960440108936     
 EIGAS =   8.333333333333333E-002
 EIGGE =    188069.695854776     
 EIGGS =    2.00000000000000     
  
 verify mesh topology
  0.000000000000000E+000   1.00000000000000       Xrange
  0.000000000000000E+000   1.00000000000000       Yrange
  0.000000000000000E+000   1.00000000000000       Zrange
 done :: verify mesh topology
  
  E-solver strategy:  0 itr
 mg_nx:           1           9          15
 mg_ny:           1           9          15
 mg_nz:           1           9          15
 call usrsetvert
 done :: usrsetvert

gs_setup: 0 unique labels shared
   handle bytes (avg, min, max): 468 468 468
   buffer bytes (avg, min, max): 0 0 0
   setupds time 4.1699E-04 seconds   1  2          18           4
   setvert3d:   4         164         196         164         164
 call usrsetvert
 done :: usrsetvert

gs_setup: 0 unique labels shared
   handle bytes (avg, min, max): 1508 1508 1508
   buffer bytes (avg, min, max): 0 0 0
   setupds time 6.5899E-04 seconds   2  4         164           4
   setvert3d:  10        1562        3610        1562        1562
 call usrsetvert
 done :: usrsetvert

gs_setup: 0 unique labels shared
   handle bytes (avg, min, max): 9236 9236 9236
   buffer bytes (avg, min, max): 0 0 0
   setupds time 1.6699E-03 seconds   3 10        1562           4
   setvert3d:  12        2348        6348        2348        2348
 call usrsetvert
 done :: usrsetvert

gs_setup: 0 unique labels shared
   handle bytes (avg, min, max): 13348 13348 13348
   buffer bytes (avg, min, max): 0 0 0
   setupds time 2.5110E-03 seconds   4 12        2348           4
 regenerate geometry data           1
 NOTE: All elements deformed , param(59) ^=0
 done :: regenerate geometry data           1
  
 h1_mg_nx:           1           3          15
 h1_mg_ny:           1           3          15
 h1_mg_nz:           1           3          15
 call usrsetvert
 done :: usrsetvert

gs_setup: 0 unique labels shared
   handle bytes (avg, min, max): 468 468 468
   buffer bytes (avg, min, max): 0 0 0
   setupds time 8.6594E-04 seconds   5  2          18           4
   setvert3d:   4         164         196         164         164
 call usrsetvert
 done :: usrsetvert

gs_setup: 0 unique labels shared
   handle bytes (avg, min, max): 1508 1508 1508
   buffer bytes (avg, min, max): 0 0 0
   setupds time 7.4005E-04 seconds   6  4         164           4
   setvert3d:   4         164         196         164         164
 call usrsetvert
 done :: usrsetvert

gs_setup: 0 unique labels shared
   handle bytes (avg, min, max): 1508 1508 1508
   buffer bytes (avg, min, max): 0 0 0
   setupds time 7.0810E-04 seconds   7  4         164           4
   setvert3d:   6         470         726         470         470
 call usrsetvert
 done :: usrsetvert

gs_setup: 0 unique labels shared
   handle bytes (avg, min, max): 3316 3316 3316
   buffer bytes (avg, min, max): 0 0 0
   setupds time 8.9598E-04 seconds   8  6         470           4
   setvert3d:  16        4400       15376        4400        4400
 call usrsetvert
 done :: usrsetvert

gs_setup: 0 unique labels shared
   handle bytes (avg, min, max): 23876 23876 23876
   buffer bytes (avg, min, max): 0 0 0
   setupds time 4.6020E-03 seconds   9 16        4400           4
   setvert3d:  18        5666       22050        5666        5666
 call usrsetvert
 done :: usrsetvert

gs_setup: 0 unique labels shared
   handle bytes (avg, min, max): 30292 30292 30292
   buffer bytes (avg, min, max): 0 0 0
   setupds time 5.6260E-03 seconds  10 18        5666           4
 setup h1 coarse grid, nx_crs=           2
 call usrsetvert
 done :: usrsetvert

gs_setup: 0 unique labels shared
   handle bytes (avg, min, max): 468 468 468
   buffer bytes (avg, min, max): 0 0 0
 done :: setup h1 coarse grid   9.438991546630859E-003  sec
  
 call usrdat3
 done :: usrdat3

 set initial conditions
 nekuic (1) for ifld            1
 call nekuic for vel  
 xyz min     0.0000       0.0000       0.0000    
 uvwpt min   0.0000       0.0000       0.0000       0.0000       0.0000    
 PS min      0.0000       0.0000      0.99000E+22
 xyz max     1.0000       1.0000       1.0000    
 uvwpt max   0.0000       0.0000       0.0000       0.0000       0.0000    
 PS max      0.0000       0.0000     -0.99000E+22
 done :: set initial conditions
  
 call userchk
GFM max:  1.0297E-03  4.1187E-03  4.1187E-03  7.0544E-17  7.0544E-17  1.6918E-16
 
nelt =       4, np =         1, nx1 =      16, elements =         4
Solve Time =   0.5271E-07
 
nelt =       4, np =         1, nx1 =      16, elements =         4
Solve Time =   0.5227E-07
 
nelt =       4, np =         1, nx1 =      16, elements =         4
Solve Time =   0.5225E-07
 
nelt =       4, np =         1, nx1 =      16, elements =         4
Solve Time =   0.5237E-07
 
nelt =       4, np =         1, nx1 =      16, elements =         4
Solve Time =   0.5231E-07
 
nelt =       4, np =         1, nx1 =      16, elements =         4
Solve Time =   0.5222E-07
 
nelt =       4, np =         1, nx1 =      16, elements =         4
Solve Time =   0.5223E-07
 
nelt =       4, np =         1, nx1 =      16, elements =         4
Solve Time =   0.5226E-07
 
nelt =       4, np =         1, nx1 =      16, elements =         4
Solve Time =   0.5231E-07
 
nelt =       4, np =         1, nx1 =      16, elements =         4
Solve Time =   0.5223E-07
 
nelt =       4, np =         1, nx1 =      16, elements =         4
Solve Time =   0.5094E-07
 
nelt =       4, np =         1, nx1 =      16, elements =         4
Solve Time =   0.5090E-07
 
nelt =       4, np =         1, nx1 =      16, elements =         4
Solve Time =   0.5236E-07
 
nelt =       4, np =         1, nx1 =      16, elements =         4
Solve Time =   0.7542E-07
 
nelt =       4, np =         1, nx1 =      16, elements =         4
Solve Time =   0.7509E-07
 
nelt =       4, np =         1, nx1 =      16, elements =         4
Solve Time =   0.7516E-07
 
nelt =       4, np =         1, nx1 =      16, elements =         4
Solve Time =   0.7516E-07
 
nelt =       4, np =         1, nx1 =      16, elements =         4
Solve Time =   0.7534E-07
 
nelt =       4, np =         1, nx1 =      16, elements =         4
Solve Time =   0.7538E-07
 
nelt =       4, np =         1, nx1 =      16, elements =         4
Solve Time =   0.7523E-07
 
nelt =       4, np =         1, nx1 =      16, elements =         4
Solve Time =   0.7684E-07
 
nelt =       4, np =         1, nx1 =      16, elements =         4
Solve Time =   0.7565E-07
 
nelt =       4, np =         1, nx1 =      16, elements =         4
Solve Time =   0.7589E-07
 
nelt =       4, np =         1, nx1 =      16, elements =         4
Solve Time =   0.7676E-07
 
nelt =       4, np =         1, nx1 =      16, elements =         4
Solve Time =   0.7593E-07
 
nelt =       4, np =         1, nx1 =      16, elements =         4
Solve Time =   0.7633E-07
 
nelt =       4, np =         1, nx1 =      16, elements =         4
Solve Time =   0.7615E-07
 
nelt =       4, np =         1, nx1 =      16, elements =         4
Solve Time =   0.7568E-07
 
nelt =       4, np =         1, nx1 =      16, elements =         4
Solve Time =   0.7577E-07
 
nelt =       4, np =         1, nx1 =      16, elements =         4
Solve Time =   0.7554E-07
 
nelt =       4, np =         1, nx1 =      16, elements =         4
Solve Time =   0.7686E-07
 
nelt =       4, np =         1, nx1 =      16, elements =         4
Solve Time =   0.7570E-07
 
nelt =       4, np =         1, nx1 =      16, elements =         4
Solve Time =   0.7609E-07
 
nelt =       4, np =         1, nx1 =      16, elements =         4
Solve Time =   0.7613E-07
 
nelt =       4, np =         1, nx1 =      16, elements =         4
Solve Time =   0.7632E-07
 
nelt =       4, np =         1, nx1 =      16, elements =         4
Solve Time =   0.7619E-07
 
nelt =       4, np =         1, nx1 =      16, elements =         4
Solve Time =   0.7725E-07
 
nelt =       4, np =         1, nx1 =      16, elements =         4
Solve Time =   0.7633E-07
 
nelt =       4, np =         1, nx1 =      16, elements =         4
Solve Time =   0.8020E-07
 
nelt =       4, np =         1, nx1 =      16, elements =         4
Solve Time =   0.7709E-07
 
nelt =       4, np =         1, nx1 =      16, elements =         4
Solve Time =   0.7800E-07
 
nelt =       4, np =         1, nx1 =      16, elements =         4
Solve Time =   0.7677E-07
 
nelt =       4, np =         1, nx1 =      16, elements =         4
Solve Time =   0.7672E-07
 
nelt =       4, np =         1, nx1 =      16, elements =         4
Solve Time =   0.7654E-07
 
nelt =       4, np =         1, nx1 =      16, elements =         4
Solve Time =   0.7658E-07
 
nelt =       4, np =         1, nx1 =      16, elements =         4
Solve Time =   0.7678E-07
 
nelt =       4, np =         1, nx1 =      16, elements =         4
Solve Time =   0.7668E-07
 
nelt =       4, np =         1, nx1 =      16, elements =         4
Solve Time =   0.7658E-07
 
nelt =       4, np =         1, nx1 =      16, elements =         4
Solve Time =   0.7649E-07
 
nelt =       4, np =         1, nx1 =      16, elements =         4
Solve Time =   0.7668E-07
 schfile:
 /gpfs/theta-fs1/home/thilina/env/lx16/b2.sch                                   
                                                      
 16        4  1.0000E+00  1.0000E+00  1.0000E+00  error v
 
nelt =       4, np =         1, nx1 =      16, elements =         4
Solve Time =   0.5716E-07
 
nelt =       4, np =         1, nx1 =      16, elements =         4
Solve Time =   0.5714E-07
 
nelt =       4, np =         1, nx1 =      16, elements =         4
Solve Time =   0.5705E-07
 
nelt =       4, np =         1, nx1 =      16, elements =         4
Solve Time =   0.5703E-07
 
nelt =       4, np =         1, nx1 =      16, elements =         4
Solve Time =   0.5708E-07
 
nelt =       4, np =         1, nx1 =      16, elements =         4
Solve Time =   0.5703E-07
 
nelt =       4, np =         1, nx1 =      16, elements =         4
Solve Time =   0.5704E-07
 
nelt =       4, np =         1, nx1 =      16, elements =         4
Solve Time =   0.5706E-07
 
nelt =       4, np =         1, nx1 =      16, elements =         4
Solve Time =   0.5716E-07
 
nelt =       4, np =         1, nx1 =      16, elements =         4
Solve Time =   0.5704E-07
 16        4  1.7270E-07  1.7270E-07  1.7270E-07  error s
 
nelt =       4, np =         1, nx1 =      16, elements =         4
Solve Time =   0.6268E-07
 
nelt =       4, np =         1, nx1 =      16, elements =         4
Solve Time =   0.6262E-07
 
nelt =       4, np =         1, nx1 =      16, elements =         4
Solve Time =   0.6258E-07
 
nelt =       4, np =         1, nx1 =      16, elements =         4
Solve Time =   0.6265E-07
 
nelt =       4, np =         1, nx1 =      16, elements =         4
Solve Time =   0.6252E-07
 
nelt =       4, np =         1, nx1 =      16, elements =         4
Solve Time =   0.6254E-07
 
nelt =       4, np =         1, nx1 =      16, elements =         4
Solve Time =   0.6255E-07
 
nelt =       4, np =         1, nx1 =      16, elements =         4
Solve Time =   0.6252E-07
 
nelt =       4, np =         1, nx1 =      16, elements =         4
Solve Time =   0.6256E-07
 
nelt =       4, np =         1, nx1 =      16, elements =         4
Solve Time =   0.6257E-07
 16        4  1.7313E-07  1.7313E-07  1.7313E-07  error n
  15        4  100  0.0000E+00  0.0000E+00  0.0000E+00 time for 3 hmholtz
EXIT: quit after cggov         15
  
call exitt: dying ...
  
backtrace(): obtained 8 stack frames.
./nek5000() [0x7818a5]
./nek5000() [0x9647a9]
./nek5000() [0x40df9c]
./nek5000() [0x4267a6]
./nek5000() [0x424d5e]
./nek5000() [0x4054fe]
/lib64/libc.so.6(__libc_start_main+0xf5) [0x2aaab1ca3b25]
./nek5000() [0x405409]
  
total elapsed time             :   1.25098E+01 sec
total solver time incl. I/O    :   0.00000E+00 sec
time/timestep                  :   0.00000E+00 sec
CPU seconds/timestep/gridpt    :   0.00000E+00 sec

Application 2258593 resources: utime ~10s, stime ~2s, Rss ~60908, inblocks ~0, outblocks ~0
