/----------------------------------------------------------\\
|      _   __ ______ __ __  ______  ____   ____   ____     |
|     / | / // ____// //_/ / ____/ / __ \\/ __ \\/ __ \\   |
|    /  |/ // __/  / ,<   /___ \\ / / / // / / // / / /    |
|   / /|  // /___ / /| | ____/ / / /_/ // /_/ // /_/ /     |
|  /_/ |_//_____//_/ |_|/_____/  \\___/ \\___/ \\___/      |
|                                                          |
|----------------------------------------------------------|
|                                                          |
| NEK5000:  Open Source Spectral Element Solver            |
| COPYRIGHT (c) 2008-2016 UCHICAGO ARGONNE, LLC            |
| Version:  16.0.0                                         |
| Web:      http://nek5000.mcs.anl.gov                     |
|                                                          |
\\----------------------------------------------------------/
                                                              

 Number of processors:           8
 REAL    wdsize      :           8
 INTEGER wdsize      :           4
 Timer accuracy      : 4.05E-07
 Reading /gpfs/theta-fs1/home/thilina/env/lx16/b3.rea                                                                                        

 mapping elements to processors
 Reading /gpfs/theta-fs1/home/thilina/env/lx16/b3.map                                                                                        
           0           1           1           8           8  NELV
           5           1           1           8           8  NELV
           7           1           1           8           8  NELV
           4           1           1           8           8  NELV
           6           1           1           8           8  NELV
           1           1           1           8           8  NELV
           2           1           1           8           8  NELV
           3           1           1           8           8  NELV
 RANK     0 IEG       7
 element load imbalance:            0           1           1
 done :: mapping elements to processors
  
           0  objects found
 118   Parameters from file:
   1      1.00000     p001 DENSITY
   2     -100.000     p002 VISCOS
   7      1.00000     p007 RHOCP
   8      1.00000     p008 CONDUCT
  11      1.00        p011 NSTEPS
  12    -0.500000E-02 p012 DT
  21     0.100000E-05 p021 DIVERGENCE
  22     0.100000E-07 p022 HELMHOLTZ
  24     0.100000E-09 p024 TOLREL
  25     0.100000E-09 p025 TOLABS
  26     0.250000     p026 COURANT/NTAU
  27      2.00000     p027 TORDER
  66      6.00000     p066 output : <0=ascii, else binary
  67      6.00000     p067 restart: <0=ascii, else binary
  99      3.00000     p099 dealiasing: <0--> off/3--> old/4--> new
 103     0.500000E-01 p103 weight of stabilizing filter (.01)
  
 nelgt/nelgv/lelt:           8           8         100
 lx1  /lx2  /lx3 :          16          16          16
 done :: read .rea file   0.33356E-01 sec

 setup mesh topology
   Right-handed check complete for       8 elements. OK.
   setvert3d:  16        7839       29791        7839        7839
 call usrsetvert
 done :: usrsetvert

gs_setup: 2791 unique labels shared
   pairwise times (avg, min, max): 2.05368e-05 2.01941e-05 2.10047e-05
   crystal router                : 2.30193e-05 2.28167e-05 2.31981e-05
   all reduce                    : 8.31634e-05 8.28028e-05 8.33988e-05
   used all_to_all method: pairwise
   handle bytes (avg, min, max): 18436 18436 18436
   buffer bytes (avg, min, max): 13072 13072 13072
   setupds time 1.4966E-02 seconds   0 16        7839           8
           8  max multiplicity
 done :: setup mesh topology
  
 call usrdat
 done :: usrdat

 generate geometry data
 done :: generate geometry data
  
 call usrdat2
 done :: usrdat2

 regenerate geometry data           1
 NOTE: All elements deformed , param(59) ^=0
 done :: regenerate geometry data           1
  
 verify mesh topology
  0.000000000000000E+000   1.00000000000000       Xrange
  0.000000000000000E+000   1.00000000000000       Yrange
  0.000000000000000E+000   1.00000000000000       Zrange
 done :: verify mesh topology
  
 IFTRAN   = T
 IFFLOW   = T
 IFHEAT   = F
 IFSPLIT  = T
 IFLOMACH = F
 IFUSERVP = F
 IFUSERMV = F
 IFSTRS   = F
 IFCHAR   = F
 IFCYCLIC = F
 IFAXIS   = F
 IFMVBD   = F
 IFMELT   = F
 IFMODEL  = F
 IFKEPS   = F
 IFMOAB   = F
 IFNEKNEK = F
 IFSYNC   = T
   
 IFVCOR   = T
 IFINTQ   = F
 IFCWUZ   = F
 IFSWALL  = F
 IFGEOM   = F
 IFSURT   = F
 IFWCNO   = F
   
 IFTMSH for field           1    =  F
 IFADVC for field           1    =  T
 IFNONL for field           1    =  F
   
 Dealiasing enabled, lxd=          24
  
 Estimated eigenvalues
 EIGAA =    9.86960440108936     
 EIGGA =    282030.008461920     
 EIGAE =    9.86960440108936     
 EIGAS =   8.333333333333333E-002
 EIGGE =    282030.008461920     
 EIGGS =    2.00000000000000     
  
 verify mesh topology
  0.000000000000000E+000   1.00000000000000       Xrange
  0.000000000000000E+000   1.00000000000000       Yrange
  0.000000000000000E+000   1.00000000000000       Zrange
 done :: verify mesh topology
  
  E-solver strategy:  0 itr
 mg_nx:           1           9          15
 mg_ny:           1           9          15
 mg_nz:           1           9          15
 call usrsetvert
 done :: usrsetvert

gs_setup: 19 unique labels shared
   pairwise times (avg, min, max): 2.1562e-05 2.09093e-05 2.35081e-05
   crystal router                : 8.30889e-06 8.01086e-06 8.60691e-06
   all reduce                    : 3.38256e-06 3.29018e-06 3.40939e-06
   used all_to_all method: allreduce
   handle bytes (avg, min, max): 484 484 484
   buffer bytes (avg, min, max): 304 304 304
   setupds time 2.2840E-03 seconds   1  2          27           8
   setvert3d:   4         279         343         279         279
 call usrsetvert
 done :: usrsetvert

gs_setup: 127 unique labels shared
   pairwise times (avg, min, max): 2.15679e-05 2.13146e-05 2.2006e-05
   crystal router                : 6.54459e-06 6.41346e-06 6.69956e-06
   all reduce                    : 2.563e-05 2.55108e-05 2.57015e-05
   used all_to_all method: crystal router
   handle bytes (avg, min, max): 6060 6060 6060
   buffer bytes (avg, min, max): 1328 1328 1328
   setupds time 3.2721E-03 seconds   2  4         279           8
   setvert3d:  10        2763        6859        2763        2763
 call usrsetvert
 done :: usrsetvert

gs_setup: 1027 unique labels shared
   pairwise times (avg, min, max): 1.51962e-05 1.49012e-05 1.61886e-05
   crystal router                : 1.21057e-05 1.19925e-05 1.23024e-05
   all reduce                    : 4.86761e-05 4.84943e-05 4.8995e-05
   used all_to_all method: crystal router
   handle bytes (avg, min, max): 38604 38604 38604
   buffer bytes (avg, min, max): 9104 9104 9104
   setupds time 5.9612E-03 seconds   3 10        2763           8
   setvert3d:  12        4167       12167        4167        4167
 call usrsetvert
 done :: usrsetvert

gs_setup: 1519 unique labels shared
   pairwise times (avg, min, max): 1.39028e-05 1.37806e-05 1.41144e-05
   crystal router                : 1.51664e-05 1.50919e-05 1.53065e-05
   all reduce                    : 6.19918e-05 6.16074e-05 6.23941e-05
   used all_to_all method: pairwise
   handle bytes (avg, min, max): 10468 10468 10468
   buffer bytes (avg, min, max): 7504 7504 7504
   setupds time 7.6931E-03 seconds   4 12        4167           8
 regenerate geometry data           1
 NOTE: All elements deformed , param(59) ^=0
 done :: regenerate geometry data           1
  
 h1_mg_nx:           1           3          15
 h1_mg_ny:           1           3          15
 h1_mg_nz:           1           3          15
 call usrsetvert
 done :: usrsetvert

gs_setup: 19 unique labels shared
   pairwise times (avg, min, max): 1.30355e-05 1.28984e-05 1.32084e-05
   crystal router                : 9.54568e-06 9.39369e-06 9.70364e-06
   all reduce                    : 3.39746e-06 3.29018e-06 3.50475e-06
   used all_to_all method: allreduce
   handle bytes (avg, min, max): 484 484 484
   buffer bytes (avg, min, max): 304 304 304
   setupds time 2.4681E-03 seconds   5  2          27           8
   setvert3d:   4         279         343         279         279
 call usrsetvert
 done :: usrsetvert

gs_setup: 127 unique labels shared
   pairwise times (avg, min, max): 1.3119e-05 1.28984e-05 1.33991e-05
   crystal router                : 6.56843e-06 6.50883e-06 6.60419e-06
   all reduce                    : 2.80291e-05 2.7895e-05 2.83957e-05
   used all_to_all method: crystal router
   handle bytes (avg, min, max): 6060 6060 6060
   buffer bytes (avg, min, max): 1328 1328 1328
   setupds time 3.6180E-03 seconds   6  4         279           8
   setvert3d:   4         279         343         279         279
 call usrsetvert
 done :: usrsetvert

gs_setup: 127 unique labels shared
   pairwise times (avg, min, max): 3.59148e-05 3.55959e-05 3.65019e-05
   crystal router                : 6.75619e-06 6.60419e-06 6.91414e-06
   all reduce                    : 2.79129e-05 2.77996e-05 2.80142e-05
   used all_to_all method: crystal router
   handle bytes (avg, min, max): 6060 6060 6060
   buffer bytes (avg, min, max): 1328 1328 1328
   setupds time 3.3281E-03 seconds   7  4         279           8
   setvert3d:   6         819        1331         819         819
 call usrsetvert
 done :: usrsetvert

gs_setup: 331 unique labels shared
   pairwise times (avg, min, max): 1.20521e-05 1.18017e-05 1.23024e-05
   crystal router                : 7.85589e-06 7.70092e-06 8.08239e-06
   all reduce                    : 4.29124e-05 4.26054e-05 4.31061e-05
   used all_to_all method: crystal router
   handle bytes (avg, min, max): 13644 13644 13644
   buffer bytes (avg, min, max): 3152 3152 3152
   setupds time 4.0481E-03 seconds   8  6         819           8
   setvert3d:  16        7839       29791        7839        7839
 call usrsetvert
 done :: usrsetvert

gs_setup: 2791 unique labels shared
   pairwise times (avg, min, max): 1.41025e-05 1.38998e-05 1.44958e-05
   crystal router                : 2.36958e-05 2.30074e-05 2.40088e-05
   all reduce                    : 7.87348e-05 7.82967e-05 7.89881e-05
   used all_to_all method: pairwise
   handle bytes (avg, min, max): 18436 18436 18436
   buffer bytes (avg, min, max): 13072 13072 13072
   setupds time 1.1628E-02 seconds   9 16        7839           8
   setvert3d:  18       10107       42875       10107       10107
 call usrsetvert
 done :: usrsetvert

gs_setup: 3571 unique labels shared
   pairwise times (avg, min, max): 1.44392e-05 1.41859e-05 1.47104e-05
   crystal router                : 2.76804e-05 2.74181e-05 2.79188e-05
   all reduce                    : 8.91238e-05 8.87871e-05 8.93116e-05
   used all_to_all method: pairwise
   handle bytes (avg, min, max): 23284 23284 23284
   buffer bytes (avg, min, max): 16432 16432 16432
   setupds time 1.3845E-02 seconds  10 18       10107           8
 setup h1 coarse grid, nx_crs=           2
 call usrsetvert
 done :: usrsetvert

gs_setup: 19 unique labels shared
   pairwise times (avg, min, max): 2.20269e-05 2.141e-05 2.34127e-05
   crystal router                : 7.76052e-06 7.60555e-06 7.9155e-06
   all reduce                    : 2.1553e-05 2.141e-05 2.16007e-05
   used all_to_all method: crystal router
   handle bytes (avg, min, max): 1740 1740 1740
   buffer bytes (avg, min, max): 272 272 272
 done :: setup h1 coarse grid   7.364988327026367E-003  sec
  
 call usrdat3
 done :: usrdat3

 set initial conditions
 nekuic (1) for ifld            1
 call nekuic for vel  
 xyz min     0.0000       0.0000       0.0000    
 uvwpt min   0.0000       0.0000       0.0000       0.0000       0.0000    
 PS min      0.0000       0.0000      0.99000E+22
 xyz max     1.0000       1.0000       1.0000    
 uvwpt max   0.0000       0.0000       0.0000       0.0000       0.0000    
 PS max      0.0000       0.0000     -0.99000E+22
 done :: set initial conditions
  
 call userchk
GFM max:  2.0593E-03  2.0593E-03  2.0593E-03  8.4591E-17  8.4591E-17  8.4591E-17
 
nelt =       1, np =         8, nx1 =      16, elements =         8
Solve Time =   0.9639E-08
 
nelt =       1, np =         8, nx1 =      16, elements =         8
Solve Time =   0.9502E-08
 
nelt =       1, np =         8, nx1 =      16, elements =         8
Solve Time =   0.9500E-08
 
nelt =       1, np =         8, nx1 =      16, elements =         8
Solve Time =   0.9535E-08
 
nelt =       1, np =         8, nx1 =      16, elements =         8
Solve Time =   0.9518E-08
 
nelt =       1, np =         8, nx1 =      16, elements =         8
Solve Time =   0.9536E-08
 
nelt =       1, np =         8, nx1 =      16, elements =         8
Solve Time =   0.9562E-08
 
nelt =       1, np =         8, nx1 =      16, elements =         8
Solve Time =   0.9518E-08
 
nelt =       1, np =         8, nx1 =      16, elements =         8
Solve Time =   0.9512E-08
 
nelt =       1, np =         8, nx1 =      16, elements =         8
Solve Time =   0.9501E-08
 
nelt =       1, np =         8, nx1 =      16, elements =         8
Solve Time =   0.8086E-08
 
nelt =       1, np =         8, nx1 =      16, elements =         8
Solve Time =   0.8070E-08
 
nelt =       1, np =         8, nx1 =      16, elements =         8
Solve Time =   0.8071E-08
 
nelt =       1, np =         8, nx1 =      16, elements =         8
Solve Time =   0.8048E-08
 
nelt =       1, np =         8, nx1 =      16, elements =         8
Solve Time =   0.8056E-08
 
nelt =       1, np =         8, nx1 =      16, elements =         8
Solve Time =   0.8067E-08
 
nelt =       1, np =         8, nx1 =      16, elements =         8
Solve Time =   0.8081E-08
 
nelt =       1, np =         8, nx1 =      16, elements =         8
Solve Time =   0.8072E-08
 
nelt =       1, np =         8, nx1 =      16, elements =         8
Solve Time =   0.8066E-08
 
nelt =       1, np =         8, nx1 =      16, elements =         8
Solve Time =   0.8061E-08
 
nelt =       1, np =         8, nx1 =      16, elements =         8
Solve Time =   0.9034E-08
 
nelt =       1, np =         8, nx1 =      16, elements =         8
Solve Time =   0.9051E-08
 
nelt =       1, np =         8, nx1 =      16, elements =         8
Solve Time =   0.9037E-08
 
nelt =       1, np =         8, nx1 =      16, elements =         8
Solve Time =   0.9026E-08
 
nelt =       1, np =         8, nx1 =      16, elements =         8
Solve Time =   0.9061E-08
 
nelt =       1, np =         8, nx1 =      16, elements =         8
Solve Time =   0.9013E-08
 
nelt =       1, np =         8, nx1 =      16, elements =         8
Solve Time =   0.9011E-08
 
nelt =       1, np =         8, nx1 =      16, elements =         8
Solve Time =   0.9020E-08
 
nelt =       1, np =         8, nx1 =      16, elements =         8
Solve Time =   0.9062E-08
 
nelt =       1, np =         8, nx1 =      16, elements =         8
Solve Time =   0.9052E-08
 
nelt =       1, np =         8, nx1 =      16, elements =         8
Solve Time =   0.9419E-08
 
nelt =       1, np =         8, nx1 =      16, elements =         8
Solve Time =   0.9376E-08
 
nelt =       1, np =         8, nx1 =      16, elements =         8
Solve Time =   0.9411E-08
 
nelt =       1, np =         8, nx1 =      16, elements =         8
Solve Time =   0.9382E-08
 
nelt =       1, np =         8, nx1 =      16, elements =         8
Solve Time =   0.9402E-08
 
nelt =       1, np =         8, nx1 =      16, elements =         8
Solve Time =   0.9377E-08
 
nelt =       1, np =         8, nx1 =      16, elements =         8
Solve Time =   0.9383E-08
 
nelt =       1, np =         8, nx1 =      16, elements =         8
Solve Time =   0.9375E-08
 
nelt =       1, np =         8, nx1 =      16, elements =         8
Solve Time =   0.9401E-08
 
nelt =       1, np =         8, nx1 =      16, elements =         8
Solve Time =   0.9403E-08
 
nelt =       1, np =         8, nx1 =      16, elements =         8
Solve Time =   0.9765E-08
 
nelt =       1, np =         8, nx1 =      16, elements =         8
Solve Time =   0.9708E-08
 
nelt =       1, np =         8, nx1 =      16, elements =         8
Solve Time =   0.9717E-08
 
nelt =       1, np =         8, nx1 =      16, elements =         8
Solve Time =   0.9713E-08
 
nelt =       1, np =         8, nx1 =      16, elements =         8
Solve Time =   0.9699E-08
 
nelt =       1, np =         8, nx1 =      16, elements =         8
Solve Time =   0.9722E-08
 
nelt =       1, np =         8, nx1 =      16, elements =         8
Solve Time =   0.9701E-08
 
nelt =       1, np =         8, nx1 =      16, elements =         8
Solve Time =   0.9702E-08
 
nelt =       1, np =         8, nx1 =      16, elements =         8
Solve Time =   0.9715E-08
 
nelt =       1, np =         8, nx1 =      16, elements =         8
Solve Time =   0.9720E-08
 schfile:
 /gpfs/theta-fs1/home/thilina/env/lx16/b3.sch                                   
                                                      
 16        8  1.0000E+00  1.0000E+00  1.0000E+00  error v
 16        8  1.0000E+00  1.0000E+00  1.0000E+00  error v
 16        8  1.0000E+00  1.0000E+00  1.0000E+00  error v
 16        8  1.0000E+00  1.0000E+00  1.0000E+00  error v
 16        8  1.0000E+00  1.0000E+00  1.0000E+00  error v
 16        8  1.0000E+00  1.0000E+00  1.0000E+00  error v
 16        8  1.0000E+00  1.0000E+00  1.0000E+00  error v
 16        8  1.0000E+00  1.0000E+00  1.0000E+00  error v
 
nelt =       1, np =         8, nx1 =      16, elements =         8
Solve Time =   0.1157E-07
 
nelt =       1, np =         8, nx1 =      16, elements =         8
Solve Time =   0.1153E-07
 
nelt =       1, np =         8, nx1 =      16, elements =         8
Solve Time =   0.1156E-07
 
nelt =       1, np =         8, nx1 =      16, elements =         8
Solve Time =   0.1154E-07
 
nelt =       1, np =         8, nx1 =      16, elements =         8
Solve Time =   0.1153E-07
 
nelt =       1, np =         8, nx1 =      16, elements =         8
Solve Time =   0.1154E-07
 
nelt =       1, np =         8, nx1 =      16, elements =         8
Solve Time =   0.1157E-07
 
nelt =       1, np =         8, nx1 =      16, elements =         8
Solve Time =   0.1154E-07
 
nelt =       1, np =         8, nx1 =      16, elements =         8
Solve Time =   0.1155E-07
 
nelt =       1, np =         8, nx1 =      16, elements =         8
Solve Time =   0.1154E-07
 16        8  5.8801E-07  5.8801E-07  5.8801E-07  error s
 16        8  5.8801E-07  5.8801E-07  5.8801E-07  error s
 16        8  5.8801E-07  5.8801E-07  5.8801E-07  error s
 16        8  5.8801E-07  5.8801E-07  5.8801E-07  error s
 16        8  5.8801E-07  5.8801E-07  5.8801E-07  error s
 16        8  5.8801E-07  5.8801E-07  5.8801E-07  error s
 16        8  5.8801E-07  5.8801E-07  5.8801E-07  error s
 16        8  5.8801E-07  5.8801E-07  5.8801E-07  error s
 
nelt =       1, np =         8, nx1 =      16, elements =         8
Solve Time =   0.1322E-07
 
nelt =       1, np =         8, nx1 =      16, elements =         8
Solve Time =   0.1310E-07
 
nelt =       1, np =         8, nx1 =      16, elements =         8
Solve Time =   0.1311E-07
 
nelt =       1, np =         8, nx1 =      16, elements =         8
Solve Time =   0.1315E-07
 
nelt =       1, np =         8, nx1 =      16, elements =         8
Solve Time =   0.1313E-07
 
nelt =       1, np =         8, nx1 =      16, elements =         8
Solve Time =   0.1314E-07
 
nelt =       1, np =         8, nx1 =      16, elements =         8
Solve Time =   0.1314E-07
 
nelt =       1, np =         8, nx1 =      16, elements =         8
Solve Time =   0.1311E-07
 
nelt =       1, np =         8, nx1 =      16, elements =         8
Solve Time =   0.1313E-07
 
nelt =       1, np =         8, nx1 =      16, elements =         8
Solve Time =   0.1313E-07
 16        8  5.8777E-07  5.8777E-07  5.8777E-07  error n
 16        8  5.8777E-07  5.8777E-07  5.8777E-07  error n
 16        8  5.8777E-07  5.8777E-07  5.8777E-07  error n
 16        8  5.8777E-07  5.8777E-07  5.8777E-07  error n
 16        8  5.8777E-07  5.8777E-07  5.8777E-07  error n
 16        8  5.8777E-07  5.8777E-07  5.8777E-07  error n
 16        8  5.8777E-07  5.8777E-07  5.8777E-07  error n
 16        8  5.8777E-07  5.8777E-07  5.8777E-07  error n
  15        8  100  0.0000E+00  0.0000E+00  0.0000E+00 time for 3 hmholtz
EXIT: quit after cggov         15
  
call exitt: dying ...
  
backtrace(): obtained 8 stack frames.
./nek5000() [0x7818a5]
./nek5000() [0x9647a9]
./nek5000() [0x40df9c]
./nek5000() [0x4267a6]
./nek5000() [0x424d5e]
./nek5000() [0x4054fe]
/lib64/libc.so.6(__libc_start_main+0xf5) [0x2aaab1ca3b25]
./nek5000() [0x405409]
  
total elapsed time             :   1.45194E+01 sec
total solver time incl. I/O    :   0.00000E+00 sec
time/timestep                  :   0.00000E+00 sec
CPU seconds/timestep/gridpt    :   0.00000E+00 sec

Application 2258796 resources: utime ~111s, stime ~5s, Rss ~51420, inblocks ~0, outblocks ~0
