/----------------------------------------------------------\\
|      _   __ ______ __ __  ______  ____   ____   ____     |
|     / | / // ____// //_/ / ____/ / __ \\/ __ \\/ __ \\   |
|    /  |/ // __/  / ,<   /___ \\ / / / // / / // / / /    |
|   / /|  // /___ / /| | ____/ / / /_/ // /_/ // /_/ /     |
|  /_/ |_//_____//_/ |_|/_____/  \\___/ \\___/ \\___/      |
|                                                          |
|----------------------------------------------------------|
|                                                          |
| NEK5000:  Open Source Spectral Element Solver            |
| COPYRIGHT (c) 2008-2016 UCHICAGO ARGONNE, LLC            |
| Version:  16.0.0                                         |
| Web:      http://nek5000.mcs.anl.gov                     |
|                                                          |
\\----------------------------------------------------------/
                                                              

 Number of processors:          16
 REAL    wdsize      :           8
 INTEGER wdsize      :           4
 Timer accuracy      : 5.01E-07
 Reading /gpfs/theta-fs1/home/thilina/env/lx16/b4.rea                                                                                        

 mapping elements to processors
 Reading /gpfs/theta-fs1/home/thilina/env/lx16/b4.map                                                                                        
           0           1           1          16          16  NELV
           7           1           1          16          16  NELV
           6           1           1          16          16  NELV
          15           1           1          16          16  NELV
           3           1           1          16          16  NELV
          10           1           1          16          16  NELV
           5           1           1          16          16  NELV
           1           1           1          16          16  NELV
           2           1           1          16          16  NELV
          13           1           1          16          16  NELV
           9           1           1          16          16  NELV
          14           1           1          16          16  NELV
          12           1           1          16          16  NELV
           4           1           1          16          16  NELV
           8           1           1          16          16  NELV
          11           1           1          16          16  NELV
 RANK     0 IEG      15
 element load imbalance:            0           1           1
 done :: mapping elements to processors
  
           0  objects found
 118   Parameters from file:
   1      1.00000     p001 DENSITY
   2     -100.000     p002 VISCOS
   7      1.00000     p007 RHOCP
   8      1.00000     p008 CONDUCT
  11      1.00        p011 NSTEPS
  12    -0.500000E-02 p012 DT
  21     0.100000E-05 p021 DIVERGENCE
  22     0.100000E-07 p022 HELMHOLTZ
  24     0.100000E-09 p024 TOLREL
  25     0.100000E-09 p025 TOLABS
  26     0.250000     p026 COURANT/NTAU
  27      2.00000     p027 TORDER
  66      6.00000     p066 output : <0=ascii, else binary
  67      6.00000     p067 restart: <0=ascii, else binary
  99      3.00000     p099 dealiasing: <0--> off/3--> old/4--> new
 103     0.500000E-01 p103 weight of stabilizing filter (.01)
  
 nelgt/nelgv/lelt:          16          16         100
 lx1  /lx2  /lx3 :          16          16          16
 done :: read .rea file   0.39048E-01 sec

 setup mesh topology
   Right-handed check complete for      16 elements. OK.
   setvert3d:  16       14717       58621       14717       14717
 call usrsetvert
 done :: usrsetvert

gs_setup: 6421 unique labels shared
   pairwise times (avg, min, max): 3.52412e-05 3.20911e-05 3.72887e-05
   crystal router                : 4.03851e-05 3.98159e-05 4.07934e-05
   all reduce                    : 0.000196379 0.000195098 0.000197601
   used all_to_all method: pairwise
   handle bytes (avg, min, max): 21440 18436 24444
   buffer bytes (avg, min, max): 15384 13072 17696
   setupds time 2.1639E-02 seconds   0 16       14717          16
           8  max multiplicity
 done :: setup mesh topology
  
 call usrdat
 done :: usrdat

 generate geometry data
 done :: generate geometry data
  
 call usrdat2
 done :: usrdat2

 regenerate geometry data           1
 NOTE: All elements deformed , param(59) ^=0
 done :: regenerate geometry data           1
  
 verify mesh topology
  0.000000000000000E+000   1.00000000000000       Xrange
  0.000000000000000E+000   1.00000000000000       Yrange
  0.000000000000000E+000   1.00000000000000       Zrange
 done :: verify mesh topology
  
 IFTRAN   = T
 IFFLOW   = T
 IFHEAT   = F
 IFSPLIT  = T
 IFLOMACH = F
 IFUSERVP = F
 IFUSERMV = F
 IFSTRS   = F
 IFCHAR   = F
 IFCYCLIC = F
 IFAXIS   = F
 IFMVBD   = F
 IFMELT   = F
 IFMODEL  = F
 IFKEPS   = F
 IFMOAB   = F
 IFNEKNEK = F
 IFSYNC   = T
   
 IFVCOR   = T
 IFINTQ   = F
 IFCWUZ   = F
 IFSWALL  = F
 IFGEOM   = F
 IFSURT   = F
 IFWCNO   = F
   
 IFTMSH for field           1    =  F
 IFADVC for field           1    =  T
 IFNONL for field           1    =  F
   
 Dealiasing enabled, lxd=          24
  
 Estimated eigenvalues
 EIGAA =    9.86960440108936     
 EIGGA =    376618.389736157     
 EIGAE =    9.86960440108936     
 EIGAS =   8.333333333333333E-002
 EIGGE =    376618.389736157     
 EIGGS =    2.00000000000000     
  
 verify mesh topology
  0.000000000000000E+000   1.00000000000000       Xrange
  0.000000000000000E+000   1.00000000000000       Yrange
  0.000000000000000E+000   1.00000000000000       Zrange
 done :: verify mesh topology
  
  E-solver strategy:  0 itr
 mg_nx:           1           9          15
 mg_ny:           1           9          15
 mg_nz:           1           9          15
 call usrsetvert
 done :: usrsetvert

gs_setup: 37 unique labels shared
   pairwise times (avg, min, max): 2.88814e-05 2.7895e-05 3.10898e-05
   crystal router                : 7.96616e-06 7.79629e-06 8.10623e-06
   all reduce                    : 3.06398e-05 3.05891e-05 3.07083e-05
   used all_to_all method: crystal router
   handle bytes (avg, min, max): 2228 2036 2420
   buffer bytes (avg, min, max): 328 272 384
   setupds time 3.3529E-03 seconds   1  2          45          16
   setvert3d:   4         509         637         509         509
 call usrsetvert
 done :: usrsetvert

gs_setup: 277 unique labels shared
   pairwise times (avg, min, max): 2.47151e-05 2.31981e-05 2.70128e-05
   crystal router                : 1.01268e-05 9.89437e-06 1.06096e-05
   all reduce                    : 5.31018e-05 5.28812e-05 5.32866e-05
   used all_to_all method: crystal router
   handle bytes (avg, min, max): 8204 7076 9332
   buffer bytes (avg, min, max): 1640 1328 1952
   setupds time 4.8020E-03 seconds   2  4         509          16
   setvert3d:  10        5165       13357        5165        5165
 call usrsetvert
 done :: usrsetvert

gs_setup: 2341 unique labels shared
   pairwise times (avg, min, max): 3.16426e-05 3.05891e-05 3.59058e-05
   crystal router                : 2.31415e-05 2.28882e-05 2.34127e-05
   all reduce                    : 8.95813e-05 8.88109e-05 9.01937e-05
   used all_to_all method: crystal router
   handle bytes (avg, min, max): 53780 45236 62324
   buffer bytes (avg, min, max): 11336 9104 13568
   setupds time 9.3081E-03 seconds   3 10        5165          16
   setvert3d:  12        7805       23805        7805        7805
 call usrsetvert
 done :: usrsetvert

gs_setup: 3477 unique labels shared
   pairwise times (avg, min, max): 3.13655e-05 2.98023e-05 3.43084e-05
   crystal router                : 2.87712e-05 2.83957e-05 2.92063e-05
   all reduce                    : 0.000120194 0.000119305 0.000120807
   used all_to_all method: crystal router
   handle bytes (avg, min, max): 78188 65636 90740
   buffer bytes (avg, min, max): 16488 13232 19744
   setupds time 1.1793E-02 seconds   4 12        7805          16
 regenerate geometry data           1
 NOTE: All elements deformed , param(59) ^=0
 done :: regenerate geometry data           1
  
 h1_mg_nx:           1           3          15
 h1_mg_ny:           1           3          15
 h1_mg_nz:           1           3          15
 call usrsetvert
 done :: usrsetvert

gs_setup: 37 unique labels shared
   pairwise times (avg, min, max): 2.70024e-05 2.66075e-05 2.83003e-05
   crystal router                : 8.14945e-06 8.08239e-06 8.29697e-06
   all reduce                    : 3.34308e-05 3.32832e-05 3.37124e-05
   used all_to_all method: crystal router
   handle bytes (avg, min, max): 2228 2036 2420
   buffer bytes (avg, min, max): 328 272 384
   setupds time 3.5710E-03 seconds   5  2          45          16
   setvert3d:   4         509         637         509         509
 call usrsetvert
 done :: usrsetvert

gs_setup: 277 unique labels shared
   pairwise times (avg, min, max): 2.60741e-05 2.47002e-05 2.73943e-05
   crystal router                : 9.2268e-06 9.01222e-06 9.29832e-06
   all reduce                    : 5.42402e-05 5.40018e-05 5.45025e-05
   used all_to_all method: crystal router
   handle bytes (avg, min, max): 8204 7076 9332
   buffer bytes (avg, min, max): 1640 1328 1952
   setupds time 5.0142E-03 seconds   6  4         509          16
   setvert3d:   4         509         637         509         509
 call usrsetvert
 done :: usrsetvert

gs_setup: 277 unique labels shared
   pairwise times (avg, min, max): 2.48104e-05 2.32935e-05 2.70844e-05
   crystal router                : 1.03489e-05 1.01089e-05 1.05858e-05
   all reduce                    : 5.81041e-05 5.77927e-05 5.8198e-05
   used all_to_all method: crystal router
   handle bytes (avg, min, max): 8204 7076 9332
   buffer bytes (avg, min, max): 1640 1328 1952
   setupds time 4.3740E-03 seconds   7  4         509          16
   setvert3d:   6        1517        2541        1517        1517
 call usrsetvert
 done :: usrsetvert

gs_setup: 741 unique labels shared
   pairwise times (avg, min, max): 2.88412e-05 2.79903e-05 3.07083e-05
   crystal router                : 1.42336e-05 1.38998e-05 1.47104e-05
   all reduce                    : 5.27918e-05 5.22852e-05 5.30005e-05
   used all_to_all method: crystal router
   handle bytes (avg, min, max): 18788 15956 21620
   buffer bytes (avg, min, max): 3912 3152 4672
   setupds time 5.2710E-03 seconds   8  6        1517          16
   setvert3d:  16       14717       58621       14717       14717
 call usrsetvert
 done :: usrsetvert

gs_setup: 6421 unique labels shared
   pairwise times (avg, min, max): 3.89487e-05 3.81947e-05 4.22001e-05
   crystal router                : 4.94495e-05 4.88043e-05 4.99964e-05
   all reduce                    : 0.000194737 0.00019331 0.000195909
   used all_to_all method: pairwise
   handle bytes (avg, min, max): 21440 18436 24444
   buffer bytes (avg, min, max): 15384 13072 17696
   setupds time 1.8115E-02 seconds   9 16       14717          16
   setvert3d:  18       18989       84525       18989       18989
 call usrsetvert
 done :: usrsetvert

gs_setup: 8229 unique labels shared
   pairwise times (avg, min, max): 3.26186e-05 3.10898e-05 3.39985e-05
   crystal router                : 4.96149e-05 4.8995e-05 5.0211e-05
   all reduce                    : 0.000248408 0.000246906 0.000250602
   used all_to_all method: pairwise
   handle bytes (avg, min, max): 27088 23284 30892
   buffer bytes (avg, min, max): 19320 16432 22208
   setupds time 2.2705E-02 seconds  10 18       18989          16
 setup h1 coarse grid, nx_crs=           2
 call usrsetvert
 done :: usrsetvert

gs_setup: 37 unique labels shared
   pairwise times (avg, min, max): 2.41816e-05 2.23875e-05 2.57969e-05
   crystal router                : 8.05408e-06 7.9155e-06 8.32081e-06
   all reduce                    : 3.49596e-05 3.47853e-05 3.49998e-05
   used all_to_all method: crystal router
   handle bytes (avg, min, max): 2228 2036 2420
   buffer bytes (avg, min, max): 328 272 384
 done :: setup h1 coarse grid   8.935928344726562E-003  sec
  
 call usrdat3
 done :: usrdat3

 set initial conditions
 nekuic (1) for ifld            1
 call nekuic for vel  
 xyz min     0.0000       0.0000       0.0000    
 uvwpt min   0.0000       0.0000       0.0000       0.0000       0.0000    
 PS min      0.0000       0.0000      0.99000E+22
 xyz max     1.0000       1.0000       1.0000    
 uvwpt max   0.0000       0.0000       0.0000       0.0000       0.0000    
 PS max      0.0000       0.0000     -0.99000E+22
 done :: set initial conditions
  
 call userchk
GFM max:  1.0297E-03  1.0297E-03  4.1187E-03  4.2296E-17  1.5944E-16  1.5944E-16
 
nelt =       1, np =        16, nx1 =      16, elements =        16
Solve Time =   0.5131E-08
 
nelt =       1, np =        16, nx1 =      16, elements =        16
Solve Time =   0.5078E-08
 
nelt =       1, np =        16, nx1 =      16, elements =        16
Solve Time =   0.5066E-08
 
nelt =       1, np =        16, nx1 =      16, elements =        16
Solve Time =   0.5048E-08
 
nelt =       1, np =        16, nx1 =      16, elements =        16
Solve Time =   0.5044E-08
 
nelt =       1, np =        16, nx1 =      16, elements =        16
Solve Time =   0.5057E-08
 
nelt =       1, np =        16, nx1 =      16, elements =        16
Solve Time =   0.5054E-08
 
nelt =       1, np =        16, nx1 =      16, elements =        16
Solve Time =   0.5041E-08
 
nelt =       1, np =        16, nx1 =      16, elements =        16
Solve Time =   0.5072E-08
 
nelt =       1, np =        16, nx1 =      16, elements =        16
Solve Time =   0.5051E-08
 
nelt =       1, np =        16, nx1 =      16, elements =        16
Solve Time =   0.4188E-08
 
nelt =       1, np =        16, nx1 =      16, elements =        16
Solve Time =   0.4140E-08
 
nelt =       1, np =        16, nx1 =      16, elements =        16
Solve Time =   0.4161E-08
 
nelt =       1, np =        16, nx1 =      16, elements =        16
Solve Time =   0.4138E-08
 
nelt =       1, np =        16, nx1 =      16, elements =        16
Solve Time =   0.4142E-08
 
nelt =       1, np =        16, nx1 =      16, elements =        16
Solve Time =   0.4148E-08
 
nelt =       1, np =        16, nx1 =      16, elements =        16
Solve Time =   0.4146E-08
 
nelt =       1, np =        16, nx1 =      16, elements =        16
Solve Time =   0.4151E-08
 
nelt =       1, np =        16, nx1 =      16, elements =        16
Solve Time =   0.4138E-08
 
nelt =       1, np =        16, nx1 =      16, elements =        16
Solve Time =   0.4151E-08
 
nelt =       1, np =        16, nx1 =      16, elements =        16
Solve Time =   0.4733E-08
 
nelt =       1, np =        16, nx1 =      16, elements =        16
Solve Time =   0.4720E-08
 
nelt =       1, np =        16, nx1 =      16, elements =        16
Solve Time =   0.4714E-08
 
nelt =       1, np =        16, nx1 =      16, elements =        16
Solve Time =   0.4722E-08
 
nelt =       1, np =        16, nx1 =      16, elements =        16
Solve Time =   0.4738E-08
 
nelt =       1, np =        16, nx1 =      16, elements =        16
Solve Time =   0.4715E-08
 
nelt =       1, np =        16, nx1 =      16, elements =        16
Solve Time =   0.4744E-08
 
nelt =       1, np =        16, nx1 =      16, elements =        16
Solve Time =   0.4725E-08
 
nelt =       1, np =        16, nx1 =      16, elements =        16
Solve Time =   0.4718E-08
 
nelt =       1, np =        16, nx1 =      16, elements =        16
Solve Time =   0.4708E-08
 
nelt =       1, np =        16, nx1 =      16, elements =        16
Solve Time =   0.4989E-08
 
nelt =       1, np =        16, nx1 =      16, elements =        16
Solve Time =   0.4963E-08
 
nelt =       1, np =        16, nx1 =      16, elements =        16
Solve Time =   0.4971E-08
 
nelt =       1, np =        16, nx1 =      16, elements =        16
Solve Time =   0.4966E-08
 
nelt =       1, np =        16, nx1 =      16, elements =        16
Solve Time =   0.4980E-08
 
nelt =       1, np =        16, nx1 =      16, elements =        16
Solve Time =   0.4961E-08
 
nelt =       1, np =        16, nx1 =      16, elements =        16
Solve Time =   0.4970E-08
 
nelt =       1, np =        16, nx1 =      16, elements =        16
Solve Time =   0.4972E-08
 
nelt =       1, np =        16, nx1 =      16, elements =        16
Solve Time =   0.4973E-08
 
nelt =       1, np =        16, nx1 =      16, elements =        16
Solve Time =   0.4961E-08
 
nelt =       1, np =        16, nx1 =      16, elements =        16
Solve Time =   0.5214E-08
 
nelt =       1, np =        16, nx1 =      16, elements =        16
Solve Time =   0.5181E-08
 
nelt =       1, np =        16, nx1 =      16, elements =        16
Solve Time =   0.5182E-08
 
nelt =       1, np =        16, nx1 =      16, elements =        16
Solve Time =   0.5183E-08
 
nelt =       1, np =        16, nx1 =      16, elements =        16
Solve Time =   0.5202E-08
 
nelt =       1, np =        16, nx1 =      16, elements =        16
Solve Time =   0.5181E-08
 
nelt =       1, np =        16, nx1 =      16, elements =        16
Solve Time =   0.5184E-08
 
nelt =       1, np =        16, nx1 =      16, elements =        16
Solve Time =   0.5182E-08
 
nelt =       1, np =        16, nx1 =      16, elements =        16
Solve Time =   0.5185E-08
 
nelt =       1, np =        16, nx1 =      16, elements =        16
Solve Time =   0.5181E-08
 schfile:
 /gpfs/theta-fs1/home/thilina/env/lx16/b4.sch                                   
                                                      
 16       16  1.0000E+00  1.0000E+00  1.0000E+00  error v
 16       16  1.0000E+00  1.0000E+00  1.0000E+00  error v
 16       16  1.0000E+00  1.0000E+00  1.0000E+00  error v
 16       16  1.0000E+00  1.0000E+00  1.0000E+00  error v
 16       16  1.0000E+00  1.0000E+00  1.0000E+00  error v
 16       16  1.0000E+00  1.0000E+00  1.0000E+00  error v
 16       16  1.0000E+00  1.0000E+00  1.0000E+00  error v
 16       16  1.0000E+00  1.0000E+00  1.0000E+00  error v
 16       16  1.0000E+00  1.0000E+00  1.0000E+00  error v
 16       16  1.0000E+00  1.0000E+00  1.0000E+00  error v
 16       16  1.0000E+00  1.0000E+00  1.0000E+00  error v
 16       16  1.0000E+00  1.0000E+00  1.0000E+00  error v
 16       16  1.0000E+00  1.0000E+00  1.0000E+00  error v
 16       16  1.0000E+00  1.0000E+00  1.0000E+00  error v
 16       16  1.0000E+00  1.0000E+00  1.0000E+00  error v
 16       16  1.0000E+00  1.0000E+00  1.0000E+00  error v
 
nelt =       1, np =        16, nx1 =      16, elements =        16
Solve Time =   0.6304E-08
 
nelt =       1, np =        16, nx1 =      16, elements =        16
Solve Time =   0.6255E-08
 
nelt =       1, np =        16, nx1 =      16, elements =        16
Solve Time =   0.6243E-08
 
nelt =       1, np =        16, nx1 =      16, elements =        16
Solve Time =   0.6275E-08
 
nelt =       1, np =        16, nx1 =      16, elements =        16
Solve Time =   0.6246E-08
 
nelt =       1, np =        16, nx1 =      16, elements =        16
Solve Time =   0.6251E-08
 
nelt =       1, np =        16, nx1 =      16, elements =        16
Solve Time =   0.6256E-08
 
nelt =       1, np =        16, nx1 =      16, elements =        16
Solve Time =   0.6248E-08
 
nelt =       1, np =        16, nx1 =      16, elements =        16
Solve Time =   0.6243E-08
 
nelt =       1, np =        16, nx1 =      16, elements =        16
Solve Time =   0.6254E-08
 16       16  1.3864E-04  1.3864E-04  1.3864E-04  error s
 16       16  1.3864E-04  1.3864E-04  1.3864E-04  error s
 16       16  1.3864E-04  1.3864E-04  1.3864E-04  error s
 16       16  1.3864E-04  1.3864E-04  1.3864E-04  error s
 16       16  1.3864E-04  1.3864E-04  1.3864E-04  error s
 16       16  1.3864E-04  1.3864E-04  1.3864E-04  error s
 16       16  1.3864E-04  1.3864E-04  1.3864E-04  error s
 16       16  1.3864E-04  1.3864E-04  1.3864E-04  error s
 16       16  1.3864E-04  1.3864E-04  1.3864E-04  error s
 16       16  1.3864E-04  1.3864E-04  1.3864E-04  error s
 16       16  1.3864E-04  1.3864E-04  1.3864E-04  error s
 16       16  1.3864E-04  1.3864E-04  1.3864E-04  error s
 16       16  1.3864E-04  1.3864E-04  1.3864E-04  error s
 16       16  1.3864E-04  1.3864E-04  1.3864E-04  error s
 16       16  1.3864E-04  1.3864E-04  1.3864E-04  error s
 16       16  1.3864E-04  1.3864E-04  1.3864E-04  error s
 
nelt =       1, np =        16, nx1 =      16, elements =        16
Solve Time =   0.7069E-08
 
nelt =       1, np =        16, nx1 =      16, elements =        16
Solve Time =   0.6988E-08
 
nelt =       1, np =        16, nx1 =      16, elements =        16
Solve Time =   0.6989E-08
 
nelt =       1, np =        16, nx1 =      16, elements =        16
Solve Time =   0.7048E-08
 
nelt =       1, np =        16, nx1 =      16, elements =        16
Solve Time =   0.7000E-08
 
nelt =       1, np =        16, nx1 =      16, elements =        16
Solve Time =   0.7023E-08
 
nelt =       1, np =        16, nx1 =      16, elements =        16
Solve Time =   0.7006E-08
 
nelt =       1, np =        16, nx1 =      16, elements =        16
Solve Time =   0.7006E-08
 
nelt =       1, np =        16, nx1 =      16, elements =        16
Solve Time =   0.7001E-08
 
nelt =       1, np =        16, nx1 =      16, elements =        16
Solve Time =   0.7010E-08
 16       16  1.3897E-04  1.3897E-04  1.3897E-04  error n
 16       16  1.3897E-04  1.3897E-04  1.3897E-04  error n
 16       16  1.3897E-04  1.3897E-04  1.3897E-04  error n
 16       16  1.3897E-04  1.3897E-04  1.3897E-04  error n
 16       16  1.3897E-04  1.3897E-04  1.3897E-04  error n
 16       16  1.3897E-04  1.3897E-04  1.3897E-04  error n
 16       16  1.3897E-04  1.3897E-04  1.3897E-04  error n
 16       16  1.3897E-04  1.3897E-04  1.3897E-04  error n
 16       16  1.3897E-04  1.3897E-04  1.3897E-04  error n
 16       16  1.3897E-04  1.3897E-04  1.3897E-04  error n
 16       16  1.3897E-04  1.3897E-04  1.3897E-04  error n
 16       16  1.3897E-04  1.3897E-04  1.3897E-04  error n
 16       16  1.3897E-04  1.3897E-04  1.3897E-04  error n
 16       16  1.3897E-04  1.3897E-04  1.3897E-04  error n
 16       16  1.3897E-04  1.3897E-04  1.3897E-04  error n
 16       16  1.3897E-04  1.3897E-04  1.3897E-04  error n
  15       16  100  0.0000E+00  0.0000E+00  0.0000E+00 time for 3 hmholtz
EXIT: quit after cggov         15
  
call exitt: dying ...
  
backtrace(): obtained 8 stack frames.
./nek5000() [0x7818a5]
./nek5000() [0x9647a9]
./nek5000() [0x40df9c]
./nek5000() [0x4267a6]
./nek5000() [0x424d5e]
./nek5000() [0x4054fe]
/lib64/libc.so.6(__libc_start_main+0xf5) [0x2aaab1ca3b25]
./nek5000() [0x405409]
  
total elapsed time             :   2.21614E+01 sec
total solver time incl. I/O    :   0.00000E+00 sec
time/timestep                  :   0.00000E+00 sec
CPU seconds/timestep/gridpt    :   0.00000E+00 sec

Application 2258678 resources: utime ~343s, stime ~11s, Rss ~52092, inblocks ~0, outblocks ~0
