/----------------------------------------------------------\\
|      _   __ ______ __ __  ______  ____   ____   ____     |
|     / | / // ____// //_/ / ____/ / __ \\/ __ \\/ __ \\   |
|    /  |/ // __/  / ,<   /___ \\ / / / // / / // / / /    |
|   / /|  // /___ / /| | ____/ / / /_/ // /_/ // /_/ /     |
|  /_/ |_//_____//_/ |_|/_____/  \\___/ \\___/ \\___/      |
|                                                          |
|----------------------------------------------------------|
|                                                          |
| NEK5000:  Open Source Spectral Element Solver            |
| COPYRIGHT (c) 2008-2016 UCHICAGO ARGONNE, LLC            |
| Version:  16.0.0                                         |
| Web:      http://nek5000.mcs.anl.gov                     |
|                                                          |
\\----------------------------------------------------------/
                                                              

 Number of processors:           8
 REAL    wdsize      :           8
 INTEGER wdsize      :           4
 Timer accuracy      : 5.96E-07
 Reading /gpfs/theta-fs1/home/thilina/env/lx16/b7.rea                                                                                        

 mapping elements to processors
 Reading /gpfs/theta-fs1/home/thilina/env/lx16/b7.map                                                                                        
           0          16          16         128         128  NELV
           6          16          16         128         128  NELV
           7          16          16         128         128  NELV
           3          16          16         128         128  NELV
           5          16          16         128         128  NELV
           4          16          16         128         128  NELV
           2          16          16         128         128  NELV
           1          16          16         128         128  NELV
 RANK     0 IEG      97      98      99     100     101     102     103     104
                    113     114     115     116     117     118     119     120
 element load imbalance:            0          16          16
 done :: mapping elements to processors
  
           0  objects found
 118   Parameters from file:
   1      1.00000     p001 DENSITY
   2     -100.000     p002 VISCOS
   7      1.00000     p007 RHOCP
   8      1.00000     p008 CONDUCT
  11      1.00        p011 NSTEPS
  12    -0.500000E-02 p012 DT
  21     0.100000E-05 p021 DIVERGENCE
  22     0.100000E-07 p022 HELMHOLTZ
  24     0.100000E-09 p024 TOLREL
  25     0.100000E-09 p025 TOLABS
  26     0.250000     p026 COURANT/NTAU
  27      2.00000     p027 TORDER
  66      6.00000     p066 output : <0=ascii, else binary
  67      6.00000     p067 restart: <0=ascii, else binary
  99      3.00000     p099 dealiasing: <0--> off/3--> old/4--> new
 103     0.500000E-01 p103 weight of stabilizing filter (.01)
  
 nelgt/nelgv/lelt:         128         128         100
 lx1  /lx2  /lx3 :          16          16          16
 done :: read .rea file   0.43146E-01 sec

 setup mesh topology
   Right-handed check complete for     128 elements. OK.
   setvert3d:  16       99009      450241       99009       99009
 call usrsetvert
 done :: usrsetvert

gs_setup: 18361 unique labels shared
   pairwise times (avg, min, max): 4.5985e-05 4.39882e-05 4.78029e-05
   crystal router                : 0.000172919 0.000170684 0.000174809
   all reduce                    : 0.00040167 0.000400496 0.000404406
   used all_to_all method: pairwise
   handle bytes (avg, min, max): 271076 248604 293548
   buffer bytes (avg, min, max): 77104 61488 92720
   setupds time 8.6865E-02 seconds   0 16       99009         128
           8  max multiplicity
 done :: setup mesh topology
  
 call usrdat
 done :: usrdat

 generate geometry data
 done :: generate geometry data
  
 call usrdat2
 done :: usrdat2

 regenerate geometry data           1
 NOTE: All elements deformed , param(59) ^=0
 done :: regenerate geometry data           1
  
 verify mesh topology
  0.000000000000000E+000   1.00000000000000       Xrange
  0.000000000000000E+000   1.00000000000000       Yrange
  0.000000000000000E+000   1.00000000000000       Zrange
 done :: verify mesh topology
  
 IFTRAN   = T
 IFFLOW   = T
 IFHEAT   = F
 IFSPLIT  = T
 IFLOMACH = F
 IFUSERVP = F
 IFUSERMV = F
 IFSTRS   = F
 IFCHAR   = F
 IFCYCLIC = F
 IFAXIS   = F
 IFMVBD   = F
 IFMELT   = F
 IFMODEL  = F
 IFKEPS   = F
 IFMOAB   = F
 IFNEKNEK = F
 IFSYNC   = T
   
 IFVCOR   = T
 IFINTQ   = F
 IFCWUZ   = F
 IFSWALL  = F
 IFGEOM   = F
 IFSURT   = F
 IFWCNO   = F
   
 IFTMSH for field           1    =  F
 IFADVC for field           1    =  T
 IFNONL for field           1    =  F
   
 Dealiasing enabled, lxd=          24
  
 Estimated eigenvalues
 EIGAA =    9.86960440108936     
 EIGGA =    1507183.72243605     
 EIGAE =    9.86960440108936     
 EIGAS =   8.333333333333333E-002
 EIGGE =    1507183.72243605     
 EIGGS =    2.00000000000000     
  
 verify mesh topology
  0.000000000000000E+000   1.00000000000000       Xrange
  0.000000000000000E+000   1.00000000000000       Yrange
  0.000000000000000E+000   1.00000000000000       Zrange
 done :: verify mesh topology
  
  E-solver strategy:  0 itr
 mg_nx:           1           9          15
 mg_ny:           1           9          15
 mg_nz:           1           9          15
 call usrsetvert
 done :: usrsetvert

gs_setup: 105 unique labels shared
   pairwise times (avg, min, max): 1.01805e-05 9.799e-06 1.05858e-05
   crystal router                : 6.48499e-06 6.41346e-06 6.60419e-06
   all reduce                    : 2.94268e-05 2.93016e-05 2.96116e-05
   used all_to_all method: crystal router
   handle bytes (avg, min, max): 6152 5252 7052
   buffer bytes (avg, min, max): 1200 960 1440
   setupds time 2.8698E-03 seconds   1  2         225         128
   setvert3d:   4        3201        4225        3201        3201
 call usrsetvert
 done :: usrsetvert

gs_setup: 793 unique labels shared
   pairwise times (avg, min, max): 1.66118e-05 1.59025e-05 1.74999e-05
   crystal router                : 1.15186e-05 1.1301e-05 1.17064e-05
   all reduce                    : 4.2367e-05 4.22001e-05 4.26054e-05
   used all_to_all method: crystal router
   handle bytes (avg, min, max): 37336 30628 44044
   buffer bytes (avg, min, max): 8528 6656 10400
   setupds time 6.5329E-03 seconds   2  4        3201         128
   setvert3d:  10       34401       99937       34401       34401
 call usrsetvert
 done :: usrsetvert

gs_setup: 6697 unique labels shared
   pairwise times (avg, min, max): 2.30134e-05 2.19107e-05 2.41041e-05
   crystal router                : 5.57393e-05 5.52177e-05 5.61953e-05
   all reduce                    : 0.000137791 0.000137115 0.000138187
   used all_to_all method: pairwise
   handle bytes (avg, min, max): 100628 92316 108940
   buffer bytes (avg, min, max): 29008 23088 34928
   setupds time 2.7387E-02 seconds   3 10       34401         128
   setvert3d:  12       52225      180225       52225       52225
 call usrsetvert
 done :: usrsetvert

gs_setup: 9945 unique labels shared
   pairwise times (avg, min, max): 3.04013e-05 2.91109e-05 3.15189e-05
   crystal router                : 8.92669e-05 8.83818e-05 9.0003e-05
   all reduce                    : 0.000210607 0.000210094 0.000211883
   used all_to_all method: pairwise
   handle bytes (avg, min, max): 148228 135964 160492
   buffer bytes (avg, min, max): 42480 33840 51120
   setupds time 3.9190E-02 seconds   4 12       52225         128
 regenerate geometry data           1
 NOTE: All elements deformed , param(59) ^=0
 done :: regenerate geometry data           1
  
 h1_mg_nx:           1           3          15
 h1_mg_ny:           1           3          15
 h1_mg_nz:           1           3          15
 call usrsetvert
 done :: usrsetvert

gs_setup: 105 unique labels shared
   pairwise times (avg, min, max): 1.05739e-05 1.03951e-05 1.08957e-05
   crystal router                : 6.77705e-06 6.60419e-06 6.91414e-06
   all reduce                    : 3.14832e-05 3.13997e-05 3.15905e-05
   used all_to_all method: crystal router
   handle bytes (avg, min, max): 6152 5252 7052
   buffer bytes (avg, min, max): 1200 960 1440
   setupds time 3.1109E-03 seconds   5  2         225         128
   setvert3d:   4        3201        4225        3201        3201
 call usrsetvert
 done :: usrsetvert

gs_setup: 793 unique labels shared
   pairwise times (avg, min, max): 1.91748e-05 1.7786e-05 2.00987e-05
   crystal router                : 1.11789e-05 1.08957e-05 1.1301e-05
   all reduce                    : 6.21021e-05 6.17981e-05 6.22988e-05
   used all_to_all method: crystal router
   handle bytes (avg, min, max): 37336 30628 44044
   buffer bytes (avg, min, max): 8528 6656 10400
   setupds time 7.0181E-03 seconds   6  4        3201         128
   setvert3d:   4        3201        4225        3201        3201
 call usrsetvert
 done :: usrsetvert

gs_setup: 793 unique labels shared
   pairwise times (avg, min, max): 1.55419e-05 1.52826e-05 1.59025e-05
   crystal router                : 1.13249e-05 1.12057e-05 1.14918e-05
   all reduce                    : 7.33107e-05 7.30991e-05 7.35998e-05
   used all_to_all method: crystal router
   handle bytes (avg, min, max): 37336 30628 44044
   buffer bytes (avg, min, max): 8528 6656 10400
   setupds time 6.5889E-03 seconds   7  4        3201         128
   setvert3d:   6        9889       18081        9889        9889
 call usrsetvert
 done :: usrsetvert

gs_setup: 2121 unique labels shared
   pairwise times (avg, min, max): 1.8388e-05 1.80006e-05 1.88112e-05
   crystal router                : 2.065e-05 2.03848e-05 2.10047e-05
   all reduce                    : 6.46472e-05 6.43969e-05 6.48975e-05
   used all_to_all method: pairwise
   handle bytes (avg, min, max): 33076 30364 35788
   buffer bytes (avg, min, max): 9744 7728 11760
   setupds time 1.0820E-02 seconds   8  6        9889         128
   setvert3d:  16       99009      450241       99009       99009
 call usrsetvert
 done :: usrsetvert

gs_setup: 18361 unique labels shared
   pairwise times (avg, min, max): 3.15279e-05 3.0303e-05 3.23057e-05
   crystal router                : 0.000159112 0.000157309 0.000160885
   all reduce                    : 0.000389665 0.000388503 0.000392103
   used all_to_all method: pairwise
   handle bytes (avg, min, max): 271076 248604 293548
   buffer bytes (avg, min, max): 77104 61488 92720
   setupds time 8.1020E-02 seconds   9 16       99009         128
   setvert3d:  18      127969      652257      127969      127969
 call usrsetvert
 done :: usrsetvert

gs_setup: 23529 unique labels shared
   pairwise times (avg, min, max): 3.18348e-05 3.04937e-05 3.31879e-05
   crystal router                : 0.000203365 0.000200391 0.000206304
   all reduce                    : 0.000470379 0.000469184 0.000473499
   used all_to_all method: pairwise
   handle bytes (avg, min, max): 346324 317596 375052
   buffer bytes (avg, min, max): 98256 78384 118128
   setupds time 1.1551E-01 seconds  10 18      127969         128
 setup h1 coarse grid, nx_crs=           2
 call usrsetvert
 done :: usrsetvert

gs_setup: 105 unique labels shared
   pairwise times (avg, min, max): 8.81553e-06 8.51154e-06 9.10759e-06
   crystal router                : 6.53267e-06 6.41346e-06 6.60419e-06
   all reduce                    : 2.71648e-05 2.68936e-05 2.72989e-05
   used all_to_all method: crystal router
   handle bytes (avg, min, max): 6152 5252 7052
   buffer bytes (avg, min, max): 1200 960 1440
 done :: setup h1 coarse grid   4.017686843872070E-002  sec
  
 call usrdat3
 done :: usrdat3

 set initial conditions
 nekuic (1) for ifld            1
 call nekuic for vel  
 xyz min     0.0000       0.0000       0.0000    
 uvwpt min   0.0000       0.0000       0.0000       0.0000       0.0000    
 PS min      0.0000       0.0000      0.99000E+22
 xyz max     1.0000       1.0000       1.0000    
 uvwpt max   0.0000       0.0000       0.0000       0.0000       0.0000    
 PS max      0.0000       0.0000     -0.99000E+22
 done :: set initial conditions
  
 call userchk
GFM max:  5.1483E-04  5.1483E-04  2.0593E-03  4.5692E-17  1.8007E-16  1.8007E-16
 
nelt =      16, np =         8, nx1 =      16, elements =       128
Solve Time =   0.8839E-08
 
nelt =      16, np =         8, nx1 =      16, elements =       128
Solve Time =   0.8814E-08
 
nelt =      16, np =         8, nx1 =      16, elements =       128
Solve Time =   0.8811E-08
 
nelt =      16, np =         8, nx1 =      16, elements =       128
Solve Time =   0.8804E-08
 
nelt =      16, np =         8, nx1 =      16, elements =       128
Solve Time =   0.8807E-08
 
nelt =      16, np =         8, nx1 =      16, elements =       128
Solve Time =   0.8805E-08
 
nelt =      16, np =         8, nx1 =      16, elements =       128
Solve Time =   0.8810E-08
 
nelt =      16, np =         8, nx1 =      16, elements =       128
Solve Time =   0.8805E-08
 
nelt =      16, np =         8, nx1 =      16, elements =       128
Solve Time =   0.8809E-08
 
nelt =      16, np =         8, nx1 =      16, elements =       128
Solve Time =   0.8809E-08
 
nelt =      16, np =         8, nx1 =      16, elements =       128
Solve Time =   0.8008E-08
 
nelt =      16, np =         8, nx1 =      16, elements =       128
Solve Time =   0.8006E-08
 
nelt =      16, np =         8, nx1 =      16, elements =       128
Solve Time =   0.8007E-08
 
nelt =      16, np =         8, nx1 =      16, elements =       128
Solve Time =   0.8010E-08
 
nelt =      16, np =         8, nx1 =      16, elements =       128
Solve Time =   0.8005E-08
 
nelt =      16, np =         8, nx1 =      16, elements =       128
Solve Time =   0.8007E-08
 
nelt =      16, np =         8, nx1 =      16, elements =       128
Solve Time =   0.8005E-08
 
nelt =      16, np =         8, nx1 =      16, elements =       128
Solve Time =   0.8008E-08
 
nelt =      16, np =         8, nx1 =      16, elements =       128
Solve Time =   0.8006E-08
 
nelt =      16, np =         8, nx1 =      16, elements =       128
Solve Time =   0.8004E-08
 
nelt =      16, np =         8, nx1 =      16, elements =       128
Solve Time =   0.8276E-08
 
nelt =      16, np =         8, nx1 =      16, elements =       128
Solve Time =   0.8272E-08
 
nelt =      16, np =         8, nx1 =      16, elements =       128
Solve Time =   0.8272E-08
 
nelt =      16, np =         8, nx1 =      16, elements =       128
Solve Time =   0.8269E-08
 
nelt =      16, np =         8, nx1 =      16, elements =       128
Solve Time =   0.8270E-08
 
nelt =      16, np =         8, nx1 =      16, elements =       128
Solve Time =   0.8271E-08
 
nelt =      16, np =         8, nx1 =      16, elements =       128
Solve Time =   0.8271E-08
 
nelt =      16, np =         8, nx1 =      16, elements =       128
Solve Time =   0.8269E-08
 
nelt =      16, np =         8, nx1 =      16, elements =       128
Solve Time =   0.8269E-08
 
nelt =      16, np =         8, nx1 =      16, elements =       128
Solve Time =   0.8274E-08
 
nelt =      16, np =         8, nx1 =      16, elements =       128
Solve Time =   0.8538E-08
 
nelt =      16, np =         8, nx1 =      16, elements =       128
Solve Time =   0.8531E-08
 
nelt =      16, np =         8, nx1 =      16, elements =       128
Solve Time =   0.8536E-08
 
nelt =      16, np =         8, nx1 =      16, elements =       128
Solve Time =   0.8533E-08
 
nelt =      16, np =         8, nx1 =      16, elements =       128
Solve Time =   0.8536E-08
 
nelt =      16, np =         8, nx1 =      16, elements =       128
Solve Time =   0.8531E-08
 
nelt =      16, np =         8, nx1 =      16, elements =       128
Solve Time =   0.8535E-08
 
nelt =      16, np =         8, nx1 =      16, elements =       128
Solve Time =   0.8534E-08
 
nelt =      16, np =         8, nx1 =      16, elements =       128
Solve Time =   0.8532E-08
 
nelt =      16, np =         8, nx1 =      16, elements =       128
Solve Time =   0.8534E-08
 
nelt =      16, np =         8, nx1 =      16, elements =       128
Solve Time =   0.8808E-08
 
nelt =      16, np =         8, nx1 =      16, elements =       128
Solve Time =   0.8803E-08
 
nelt =      16, np =         8, nx1 =      16, elements =       128
Solve Time =   0.8807E-08
 
nelt =      16, np =         8, nx1 =      16, elements =       128
Solve Time =   0.8803E-08
 
nelt =      16, np =         8, nx1 =      16, elements =       128
Solve Time =   0.8803E-08
 
nelt =      16, np =         8, nx1 =      16, elements =       128
Solve Time =   0.8804E-08
 
nelt =      16, np =         8, nx1 =      16, elements =       128
Solve Time =   0.8803E-08
 
nelt =      16, np =         8, nx1 =      16, elements =       128
Solve Time =   0.8804E-08
 
nelt =      16, np =         8, nx1 =      16, elements =       128
Solve Time =   0.8801E-08
 
nelt =      16, np =         8, nx1 =      16, elements =       128
Solve Time =   0.8803E-08
 schfile:
 /gpfs/theta-fs1/home/thilina/env/lx16/b7.sch                                   
                                                      
 16      128  1.0000E+00  1.0000E+00  1.0000E+00  error v
 16      128  1.0000E+00  1.0000E+00  1.0000E+00  error v
 16      128  1.0000E+00  1.0000E+00  1.0000E+00  error v
 16      128  1.0000E+00  1.0000E+00  1.0000E+00  error v
 16      128  1.0000E+00  1.0000E+00  1.0000E+00  error v
 16      128  1.0000E+00  1.0000E+00  1.0000E+00  error v
 16      128  1.0000E+00  1.0000E+00  1.0000E+00  error v
 16      128  1.0000E+00  1.0000E+00  1.0000E+00  error v
 
nelt =      16, np =         8, nx1 =      16, elements =       128
Solve Time =   0.9330E-08
 
nelt =      16, np =         8, nx1 =      16, elements =       128
Solve Time =   0.9329E-08
 
nelt =      16, np =         8, nx1 =      16, elements =       128
Solve Time =   0.9325E-08
 
nelt =      16, np =         8, nx1 =      16, elements =       128
Solve Time =   0.9332E-08
 
nelt =      16, np =         8, nx1 =      16, elements =       128
Solve Time =   0.9325E-08
 
nelt =      16, np =         8, nx1 =      16, elements =       128
Solve Time =   0.9328E-08
 
nelt =      16, np =         8, nx1 =      16, elements =       128
Solve Time =   0.9330E-08
 
nelt =      16, np =         8, nx1 =      16, elements =       128
Solve Time =   0.9327E-08
 
nelt =      16, np =         8, nx1 =      16, elements =       128
Solve Time =   0.9331E-08
 
nelt =      16, np =         8, nx1 =      16, elements =       128
Solve Time =   0.9329E-08
 16      128  8.9442E-05  8.9442E-05  8.9442E-05  error s
 16      128  8.9442E-05  8.9442E-05  8.9442E-05  error s
 16      128  8.9442E-05  8.9442E-05  8.9442E-05  error s
 16      128  8.9442E-05  8.9442E-05  8.9442E-05  error s
 16      128  8.9442E-05  8.9442E-05  8.9442E-05  error s
 16      128  8.9442E-05  8.9442E-05  8.9442E-05  error s
 16      128  8.9442E-05  8.9442E-05  8.9442E-05  error s
 16      128  8.9442E-05  8.9442E-05  8.9442E-05  error s
 
nelt =      16, np =         8, nx1 =      16, elements =       128
Solve Time =   0.1104E-07
 
nelt =      16, np =         8, nx1 =      16, elements =       128
Solve Time =   0.1104E-07
 
nelt =      16, np =         8, nx1 =      16, elements =       128
Solve Time =   0.1103E-07
 
nelt =      16, np =         8, nx1 =      16, elements =       128
Solve Time =   0.1104E-07
 
nelt =      16, np =         8, nx1 =      16, elements =       128
Solve Time =   0.1103E-07
 
nelt =      16, np =         8, nx1 =      16, elements =       128
Solve Time =   0.1103E-07
 
nelt =      16, np =         8, nx1 =      16, elements =       128
Solve Time =   0.1104E-07
 
nelt =      16, np =         8, nx1 =      16, elements =       128
Solve Time =   0.1103E-07
 
nelt =      16, np =         8, nx1 =      16, elements =       128
Solve Time =   0.1103E-07
 
nelt =      16, np =         8, nx1 =      16, elements =       128
Solve Time =   0.1103E-07
 16      128  8.9686E-05  8.9686E-05  8.9686E-05  error n
 16      128  8.9686E-05  8.9686E-05  8.9686E-05  error n
 16      128  8.9686E-05  8.9686E-05  8.9686E-05  error n
 16      128  8.9686E-05  8.9686E-05  8.9686E-05  error n
 16      128  8.9686E-05  8.9686E-05  8.9686E-05  error n
  15      128  100  0.0000E+00  0.0000E+00  0.0000E+00 time for 3 hmholtz
 16      128  8.9686E-05  8.9686E-05  8.9686E-05  error n
 16      128  8.9686E-05  8.9686E-05  8.9686E-05  error n
 16      128  8.9686E-05  8.9686E-05  8.9686E-05  error n
EXIT: quit after cggov         15
  
call exitt: dying ...
  
backtrace(): obtained 8 stack frames.
./nek5000() [0x7818a5]
./nek5000() [0x9647a9]
./nek5000() [0x40df9c]
./nek5000() [0x4267a6]
./nek5000() [0x424d5e]
./nek5000() [0x4054fe]
/lib64/libc.so.6(__libc_start_main+0xf5) [0x2aaab1ca3b25]
./nek5000() [0x405409]
  
total elapsed time             :   2.15412E+02 sec
total solver time incl. I/O    :   0.00000E+00 sec
time/timestep                  :   0.00000E+00 sec
CPU seconds/timestep/gridpt    :   0.00000E+00 sec

Application 2258888 resources: utime ~1635s, stime ~56s, Rss ~118656, inblocks ~0, outblocks ~0
