/----------------------------------------------------------\\
|      _   __ ______ __ __  ______  ____   ____   ____     |
|     / | / // ____// //_/ / ____/ / __ \\/ __ \\/ __ \\   |
|    /  |/ // __/  / ,<   /___ \\ / / / // / / // / / /    |
|   / /|  // /___ / /| | ____/ / / /_/ // /_/ // /_/ /     |
|  /_/ |_//_____//_/ |_|/_____/  \\___/ \\___/ \\___/      |
|                                                          |
|----------------------------------------------------------|
|                                                          |
| NEK5000:  Open Source Spectral Element Solver            |
| COPYRIGHT (c) 2008-2016 UCHICAGO ARGONNE, LLC            |
| Version:  16.0.0                                         |
| Web:      http://nek5000.mcs.anl.gov                     |
|                                                          |
\\----------------------------------------------------------/
                                                              

 Number of processors:           4
 REAL    wdsize      :           8
 INTEGER wdsize      :           4
 Timer accuracy      : 3.10E-07
 Reading /gpfs/theta-fs1/home/thilina/env/lx16/b4.rea                                                                                        

 mapping elements to processors
 Reading /gpfs/theta-fs1/home/thilina/env/lx16/b4.map                                                                                        
           0           4           4          16          16  NELV
           3           4           4          16          16  NELV
           1           4           4          16          16  NELV
           2           4           4          16          16  NELV
 RANK     0 IEG      13      14      15      16
 element load imbalance:            0           4           4
 done :: mapping elements to processors
  
           0  objects found
 118   Parameters from file:
   1      1.00000     p001 DENSITY
   2     -100.000     p002 VISCOS
   7      1.00000     p007 RHOCP
   8      1.00000     p008 CONDUCT
  11      1.00        p011 NSTEPS
  12    -0.500000E-02 p012 DT
  21     0.100000E-05 p021 DIVERGENCE
  22     0.100000E-07 p022 HELMHOLTZ
  24     0.100000E-09 p024 TOLREL
  25     0.100000E-09 p025 TOLABS
  26     0.250000     p026 COURANT/NTAU
  27      2.00000     p027 TORDER
  66      6.00000     p066 output : <0=ascii, else binary
  67      6.00000     p067 restart: <0=ascii, else binary
  99      3.00000     p099 dealiasing: <0--> off/3--> old/4--> new
 103     0.500000E-01 p103 weight of stabilizing filter (.01)
  
 nelgt/nelgv/lelt:          16          16         100
 lx1  /lx2  /lx3 :          16          16          16
 done :: read .rea file   0.33160E-01 sec

 setup mesh topology
   Right-handed check complete for      16 elements. OK.
   setvert3d:  16       14717       58621       14717       14717
 call usrsetvert
 done :: usrsetvert

gs_setup: 2883 unique labels shared
   pairwise times (avg, min, max): 1.62005e-05 1.58072e-05 1.64986e-05
   crystal router                : 2.47777e-05 2.47002e-05 2.49147e-05
   all reduce                    : 7.28548e-05 7.25031e-05 7.30991e-05
   used all_to_all method: pairwise
   handle bytes (avg, min, max): 58508 46964 70052
   buffer bytes (avg, min, max): 23064 15376 30752
   setupds time 2.0513E-02 seconds   0 16       14717          16
           8  max multiplicity
 done :: setup mesh topology
  
 call usrdat
 done :: usrdat

 generate geometry data
 done :: generate geometry data
  
 call usrdat2
 done :: usrdat2

 regenerate geometry data           1
 NOTE: All elements deformed , param(59) ^=0
 done :: regenerate geometry data           1
  
 verify mesh topology
  0.000000000000000E+000   1.00000000000000       Xrange
  0.000000000000000E+000   1.00000000000000       Yrange
  0.000000000000000E+000   1.00000000000000       Zrange
 done :: verify mesh topology
  
 IFTRAN   = T
 IFFLOW   = T
 IFHEAT   = F
 IFSPLIT  = T
 IFLOMACH = F
 IFUSERVP = F
 IFUSERMV = F
 IFSTRS   = F
 IFCHAR   = F
 IFCYCLIC = F
 IFAXIS   = F
 IFMVBD   = F
 IFMELT   = F
 IFMODEL  = F
 IFKEPS   = F
 IFMOAB   = F
 IFNEKNEK = F
 IFSYNC   = T
   
 IFVCOR   = T
 IFINTQ   = F
 IFCWUZ   = F
 IFSWALL  = F
 IFGEOM   = F
 IFSURT   = F
 IFWCNO   = F
   
 IFTMSH for field           1    =  F
 IFADVC for field           1    =  T
 IFNONL for field           1    =  F
   
 Dealiasing enabled, lxd=          24
  
 Estimated eigenvalues
 EIGAA =    9.86960440108936     
 EIGGA =    376617.506153964     
 EIGAE =    9.86960440108936     
 EIGAS =   8.333333333333333E-002
 EIGGE =    376617.506153964     
 EIGGS =    2.00000000000000     
  
 verify mesh topology
  0.000000000000000E+000   1.00000000000000       Xrange
  0.000000000000000E+000   1.00000000000000       Yrange
  0.000000000000000E+000   1.00000000000000       Zrange
 done :: verify mesh topology
  
  E-solver strategy:  0 itr
 mg_nx:           1           9          15
 mg_ny:           1           9          15
 mg_nz:           1           9          15
 call usrsetvert
 done :: usrsetvert

gs_setup: 27 unique labels shared
   pairwise times (avg, min, max): 6.31809e-06 6.19888e-06 6.38962e-06
   crystal router                : 5.77569e-06 5.57899e-06 5.91278e-06
   all reduce                    : 3.0756e-06 3.00407e-06 3.09944e-06
   used all_to_all method: allreduce
   handle bytes (avg, min, max): 1068 852 1284
   buffer bytes (avg, min, max): 432 432 432
   setupds time 1.5421E-03 seconds   1  2          45          16
   setvert3d:   4         509         637         509         509
 call usrsetvert
 done :: usrsetvert

gs_setup: 147 unique labels shared
   pairwise times (avg, min, max): 8.08835e-06 7.9155e-06 8.51154e-06
   crystal router                : 4.81606e-06 4.69685e-06 4.88758e-06
   all reduce                    : 2.13861e-05 2.13146e-05 2.15054e-05
   used all_to_all method: crystal router
   handle bytes (avg, min, max): 8876 6524 11228
   buffer bytes (avg, min, max): 1960 1568 2352
   setupds time 2.7940E-03 seconds   2  4         509          16
   setvert3d:  10        5165       13357        5165        5165
 call usrsetvert
 done :: usrsetvert

gs_setup: 1083 unique labels shared
   pairwise times (avg, min, max): 8.82149e-06 8.58307e-06 9.41753e-06
   crystal router                : 1.15395e-05 1.13964e-05 1.16825e-05
   all reduce                    : 3.98934e-05 3.96013e-05 4.02927e-05
   used all_to_all method: pairwise
   handle bytes (avg, min, max): 22268 17924 26612
   buffer bytes (avg, min, max): 8664 5776 11552
   setupds time 7.8530E-03 seconds   3 10        5165          16
   setvert3d:  12        7805       23805        7805        7805
 call usrsetvert
 done :: usrsetvert

gs_setup: 1587 unique labels shared
   pairwise times (avg, min, max): 1.37985e-05 1.33038e-05 1.44005e-05
   crystal router                : 1.53542e-05 1.52111e-05 1.54972e-05
   all reduce                    : 4.30107e-05 4.28915e-05 4.30822e-05
   used all_to_all method: pairwise
   handle bytes (avg, min, max): 32428 26068 38788
   buffer bytes (avg, min, max): 12696 8464 16928
   setupds time 1.0636E-02 seconds   4 12        7805          16
 regenerate geometry data           1
 NOTE: All elements deformed , param(59) ^=0
 done :: regenerate geometry data           1
  
 h1_mg_nx:           1           3          15
 h1_mg_ny:           1           3          15
 h1_mg_nz:           1           3          15
 call usrsetvert
 done :: usrsetvert

gs_setup: 27 unique labels shared
   pairwise times (avg, min, max): 6.16312e-06 4.79221e-06 6.69956e-06
   crystal router                : 6.34789e-06 6.19888e-06 6.50883e-06
   all reduce                    : 2.83718e-06 2.81334e-06 2.90871e-06
   used all_to_all method: allreduce
   handle bytes (avg, min, max): 1068 852 1284
   buffer bytes (avg, min, max): 432 432 432
   setupds time 2.3851E-03 seconds   5  2          45          16
   setvert3d:   4         509         637         509         509
 call usrsetvert
 done :: usrsetvert

gs_setup: 147 unique labels shared
   pairwise times (avg, min, max): 7.1764e-06 6.69956e-06 7.89165e-06
   crystal router                : 4.79221e-06 4.79221e-06 4.79221e-06
   all reduce                    : 3.59297e-05 3.59058e-05 3.60012e-05
   used all_to_all method: crystal router
   handle bytes (avg, min, max): 8876 6524 11228
   buffer bytes (avg, min, max): 1960 1568 2352
   setupds time 3.4511E-03 seconds   6  4         509          16
   setvert3d:   4         509         637         509         509
 call usrsetvert
 done :: usrsetvert

gs_setup: 147 unique labels shared
   pairwise times (avg, min, max): 1.24574e-05 1.23978e-05 1.2517e-05
   crystal router                : 4.72665e-06 4.60148e-06 4.91142e-06
   all reduce                    : 2.46525e-05 2.45094e-05 2.47002e-05
   used all_to_all method: crystal router
   handle bytes (avg, min, max): 8876 6524 11228
   buffer bytes (avg, min, max): 1960 1568 2352
   setupds time 3.2201E-03 seconds   7  4         509          16
   setvert3d:   6        1517        2541        1517        1517
 call usrsetvert
 done :: usrsetvert

gs_setup: 363 unique labels shared
   pairwise times (avg, min, max): 7.19428e-06 6.79493e-06 7.79629e-06
   crystal router                : 6.38366e-06 6.19888e-06 6.50883e-06
   all reduce                    : 3.9506e-05 3.94106e-05 3.96013e-05
   used all_to_all method: crystal router
   handle bytes (avg, min, max): 21052 15244 26860
   buffer bytes (avg, min, max): 4840 3872 5808
   setupds time 4.0829E-03 seconds   8  6        1517          16
   setvert3d:  16       14717       58621       14717       14717
 call usrsetvert
 done :: usrsetvert

gs_setup: 2883 unique labels shared
   pairwise times (avg, min, max): 2.11e-05 2.05994e-05 2.141e-05
   crystal router                : 2.46108e-05 2.4581e-05 2.47002e-05
   all reduce                    : 6.40571e-05 6.37054e-05 6.43015e-05
   used all_to_all method: pairwise
   handle bytes (avg, min, max): 58508 46964 70052
   buffer bytes (avg, min, max): 23064 15376 30752
   setupds time 1.8980E-02 seconds   9 16       14717          16
   setvert3d:  18       18989       84525       18989       18989
 call usrsetvert
 done :: usrsetvert

gs_setup: 3675 unique labels shared
   pairwise times (avg, min, max): 1.97291e-05 1.84059e-05 2.05994e-05
   crystal router                : 4.05669e-05 4.02927e-05 4.08888e-05
   all reduce                    : 6.88493e-05 6.84977e-05 6.89983e-05
   used all_to_all method: pairwise
   handle bytes (avg, min, max): 74428 59716 89140
   buffer bytes (avg, min, max): 29400 19600 39200
   setupds time 2.3583E-02 seconds  10 18       18989          16
 setup h1 coarse grid, nx_crs=           2
 call usrsetvert
 done :: usrsetvert

gs_setup: 27 unique labels shared
   pairwise times (avg, min, max): 3.67165e-06 3.40939e-06 3.79086e-06
   crystal router                : 5.14984e-06 5.10216e-06 5.19753e-06
   all reduce                    : 2.05219e-05 2.04802e-05 2.05994e-05
   used all_to_all method: pairwise
   handle bytes (avg, min, max): 828 708 948
   buffer bytes (avg, min, max): 216 144 288
 done :: setup h1 coarse grid   1.256799697875977E-002  sec
  
 call usrdat3
 done :: usrdat3

 set initial conditions
 nekuic (1) for ifld            1
 call nekuic for vel  
 xyz min     0.0000       0.0000       0.0000    
 uvwpt min   0.0000       0.0000       0.0000       0.0000       0.0000    
 PS min      0.0000       0.0000      0.99000E+22
 xyz max     1.0000       1.0000       1.0000    
 uvwpt max   0.0000       0.0000       0.0000       0.0000       0.0000    
 PS max      0.0000       0.0000     -0.99000E+22
 done :: set initial conditions
  
 call userchk
GFM max:  1.0297E-03  1.0297E-03  4.1187E-03  4.2296E-17  1.5944E-16  1.5944E-16
 
nelt =       4, np =         4, nx1 =      16, elements =        16
Solve Time =   0.1747E-07
 
nelt =       4, np =         4, nx1 =      16, elements =        16
Solve Time =   0.1737E-07
 
nelt =       4, np =         4, nx1 =      16, elements =        16
Solve Time =   0.1734E-07
 
nelt =       4, np =         4, nx1 =      16, elements =        16
Solve Time =   0.1732E-07
 
nelt =       4, np =         4, nx1 =      16, elements =        16
Solve Time =   0.1732E-07
 
nelt =       4, np =         4, nx1 =      16, elements =        16
Solve Time =   0.1733E-07
 
nelt =       4, np =         4, nx1 =      16, elements =        16
Solve Time =   0.1733E-07
 
nelt =       4, np =         4, nx1 =      16, elements =        16
Solve Time =   0.1733E-07
 
nelt =       4, np =         4, nx1 =      16, elements =        16
Solve Time =   0.1735E-07
 
nelt =       4, np =         4, nx1 =      16, elements =        16
Solve Time =   0.1735E-07
 
nelt =       4, np =         4, nx1 =      16, elements =        16
Solve Time =   0.1585E-07
 
nelt =       4, np =         4, nx1 =      16, elements =        16
Solve Time =   0.1585E-07
 
nelt =       4, np =         4, nx1 =      16, elements =        16
Solve Time =   0.1584E-07
 
nelt =       4, np =         4, nx1 =      16, elements =        16
Solve Time =   0.1584E-07
 
nelt =       4, np =         4, nx1 =      16, elements =        16
Solve Time =   0.1585E-07
 
nelt =       4, np =         4, nx1 =      16, elements =        16
Solve Time =   0.1584E-07
 
nelt =       4, np =         4, nx1 =      16, elements =        16
Solve Time =   0.1584E-07
 
nelt =       4, np =         4, nx1 =      16, elements =        16
Solve Time =   0.1585E-07
 
nelt =       4, np =         4, nx1 =      16, elements =        16
Solve Time =   0.1583E-07
 
nelt =       4, np =         4, nx1 =      16, elements =        16
Solve Time =   0.1583E-07
 
nelt =       4, np =         4, nx1 =      16, elements =        16
Solve Time =   0.1643E-07
 
nelt =       4, np =         4, nx1 =      16, elements =        16
Solve Time =   0.1641E-07
 
nelt =       4, np =         4, nx1 =      16, elements =        16
Solve Time =   0.1640E-07
 
nelt =       4, np =         4, nx1 =      16, elements =        16
Solve Time =   0.1641E-07
 
nelt =       4, np =         4, nx1 =      16, elements =        16
Solve Time =   0.1641E-07
 
nelt =       4, np =         4, nx1 =      16, elements =        16
Solve Time =   0.1641E-07
 
nelt =       4, np =         4, nx1 =      16, elements =        16
Solve Time =   0.1642E-07
 
nelt =       4, np =         4, nx1 =      16, elements =        16
Solve Time =   0.1639E-07
 
nelt =       4, np =         4, nx1 =      16, elements =        16
Solve Time =   0.1639E-07
 
nelt =       4, np =         4, nx1 =      16, elements =        16
Solve Time =   0.1642E-07
 
nelt =       4, np =         4, nx1 =      16, elements =        16
Solve Time =   0.1678E-07
 
nelt =       4, np =         4, nx1 =      16, elements =        16
Solve Time =   0.1676E-07
 
nelt =       4, np =         4, nx1 =      16, elements =        16
Solve Time =   0.1678E-07
 
nelt =       4, np =         4, nx1 =      16, elements =        16
Solve Time =   0.1678E-07
 
nelt =       4, np =         4, nx1 =      16, elements =        16
Solve Time =   0.1678E-07
 
nelt =       4, np =         4, nx1 =      16, elements =        16
Solve Time =   0.1676E-07
 
nelt =       4, np =         4, nx1 =      16, elements =        16
Solve Time =   0.1677E-07
 
nelt =       4, np =         4, nx1 =      16, elements =        16
Solve Time =   0.1676E-07
 
nelt =       4, np =         4, nx1 =      16, elements =        16
Solve Time =   0.1677E-07
 
nelt =       4, np =         4, nx1 =      16, elements =        16
Solve Time =   0.1678E-07
 
nelt =       4, np =         4, nx1 =      16, elements =        16
Solve Time =   0.1717E-07
 
nelt =       4, np =         4, nx1 =      16, elements =        16
Solve Time =   0.1712E-07
 
nelt =       4, np =         4, nx1 =      16, elements =        16
Solve Time =   0.1713E-07
 
nelt =       4, np =         4, nx1 =      16, elements =        16
Solve Time =   0.1712E-07
 
nelt =       4, np =         4, nx1 =      16, elements =        16
Solve Time =   0.1712E-07
 
nelt =       4, np =         4, nx1 =      16, elements =        16
Solve Time =   0.1714E-07
 
nelt =       4, np =         4, nx1 =      16, elements =        16
Solve Time =   0.1711E-07
 
nelt =       4, np =         4, nx1 =      16, elements =        16
Solve Time =   0.1712E-07
 
nelt =       4, np =         4, nx1 =      16, elements =        16
Solve Time =   0.1713E-07
 
nelt =       4, np =         4, nx1 =      16, elements =        16
Solve Time =   0.1711E-07
 schfile:
 /gpfs/theta-fs1/home/thilina/env/lx16/b4.sch                                   
                                                      
 16       16  1.0000E+00  1.0000E+00  1.0000E+00  error v
 16       16  1.0000E+00  1.0000E+00  1.0000E+00  error v
 16       16  1.0000E+00  1.0000E+00  1.0000E+00  error v
 16       16  1.0000E+00  1.0000E+00  1.0000E+00  error v
 
nelt =       4, np =         4, nx1 =      16, elements =        16
Solve Time =   0.1855E-07
 
nelt =       4, np =         4, nx1 =      16, elements =        16
Solve Time =   0.1857E-07
 
nelt =       4, np =         4, nx1 =      16, elements =        16
Solve Time =   0.1853E-07
 
nelt =       4, np =         4, nx1 =      16, elements =        16
Solve Time =   0.1849E-07
 
nelt =       4, np =         4, nx1 =      16, elements =        16
Solve Time =   0.1850E-07
 
nelt =       4, np =         4, nx1 =      16, elements =        16
Solve Time =   0.1850E-07
 
nelt =       4, np =         4, nx1 =      16, elements =        16
Solve Time =   0.1849E-07
 
nelt =       4, np =         4, nx1 =      16, elements =        16
Solve Time =   0.1851E-07
 
nelt =       4, np =         4, nx1 =      16, elements =        16
Solve Time =   0.1848E-07
 
nelt =       4, np =         4, nx1 =      16, elements =        16
Solve Time =   0.1850E-07
 16       16  1.3861E-04  1.3861E-04  1.3861E-04  error s
 16       16  1.3861E-04  1.3861E-04  1.3861E-04  error s
 16       16  1.3861E-04  1.3861E-04  1.3861E-04  error s
 16       16  1.3861E-04  1.3861E-04  1.3861E-04  error s
 
nelt =       4, np =         4, nx1 =      16, elements =        16
Solve Time =   0.2123E-07
 
nelt =       4, np =         4, nx1 =      16, elements =        16
Solve Time =   0.2117E-07
 
nelt =       4, np =         4, nx1 =      16, elements =        16
Solve Time =   0.2118E-07
 
nelt =       4, np =         4, nx1 =      16, elements =        16
Solve Time =   0.2119E-07
 
nelt =       4, np =         4, nx1 =      16, elements =        16
Solve Time =   0.2118E-07
 
nelt =       4, np =         4, nx1 =      16, elements =        16
Solve Time =   0.2117E-07
 
nelt =       4, np =         4, nx1 =      16, elements =        16
Solve Time =   0.2119E-07
 
nelt =       4, np =         4, nx1 =      16, elements =        16
Solve Time =   0.2117E-07
 
nelt =       4, np =         4, nx1 =      16, elements =        16
Solve Time =   0.2117E-07
 
nelt =       4, np =         4, nx1 =      16, elements =        16
Solve Time =   0.2118E-07
 16       16  1.3895E-04  1.3895E-04  1.3895E-04  error n
 16       16  1.3895E-04  1.3895E-04  1.3895E-04  error n
 16       16  1.3895E-04  1.3895E-04  1.3895E-04  error n
 16       16  1.3895E-04  1.3895E-04  1.3895E-04  error n
  15       16  100  0.0000E+00  0.0000E+00  0.0000E+00 time for 3 hmholtz
EXIT: quit after cggov         15
  
call exitt: dying ...
  
backtrace(): obtained 8 stack frames.
./nek5000() [0x7818a5]
./nek5000() [0x9647a9]
./nek5000() [0x40df9c]
./nek5000() [0x4267a6]
./nek5000() [0x424d5e]
./nek5000() [0x4054fe]
/lib64/libc.so.6(__libc_start_main+0xf5) [0x2aaab1ca3b25]
./nek5000() [0x405409]
  
total elapsed time             :   3.84664E+01 sec
total solver time incl. I/O    :   0.00000E+00 sec
time/timestep                  :   0.00000E+00 sec
CPU seconds/timestep/gridpt    :   0.00000E+00 sec

Application 2258660 resources: utime ~144s, stime ~8s, Rss ~62776, inblocks ~0, outblocks ~0
