/----------------------------------------------------------\\
|      _   __ ______ __ __  ______  ____   ____   ____     |
|     / | / // ____// //_/ / ____/ / __ \\/ __ \\/ __ \\   |
|    /  |/ // __/  / ,<   /___ \\ / / / // / / // / / /    |
|   / /|  // /___ / /| | ____/ / / /_/ // /_/ // /_/ /     |
|  /_/ |_//_____//_/ |_|/_____/  \\___/ \\___/ \\___/      |
|                                                          |
|----------------------------------------------------------|
|                                                          |
| NEK5000:  Open Source Spectral Element Solver            |
| COPYRIGHT (c) 2008-2016 UCHICAGO ARGONNE, LLC            |
| Version:  16.0.0                                         |
| Web:      http://nek5000.mcs.anl.gov                     |
|                                                          |
\\----------------------------------------------------------/
                                                              

 Number of processors:           8
 REAL    wdsize      :           8
 INTEGER wdsize      :           4
 Timer accuracy      : 3.81E-07
 Reading /gpfs/theta-fs1/home/thilina/env/lx16/b6.rea                                                                                        

 mapping elements to processors
 Reading /gpfs/theta-fs1/home/thilina/env/lx16/b6.map                                                                                        
           0           8           8          64          64  NELV
           5           8           8          64          64  NELV
           2           8           8          64          64  NELV
           6           8           8          64          64  NELV
           7           8           8          64          64  NELV
           1           8           8          64          64  NELV
           4           8           8          64          64  NELV
           3           8           8          64          64  NELV
 RANK     0 IEG      33      34      37      38      49      50      53      54
 element load imbalance:            0           8           8
 done :: mapping elements to processors
  
           0  objects found
 118   Parameters from file:
   1      1.00000     p001 DENSITY
   2     -100.000     p002 VISCOS
   7      1.00000     p007 RHOCP
   8      1.00000     p008 CONDUCT
  11      1.00        p011 NSTEPS
  12    -0.500000E-02 p012 DT
  21     0.100000E-05 p021 DIVERGENCE
  22     0.100000E-07 p022 HELMHOLTZ
  24     0.100000E-09 p024 TOLREL
  25     0.100000E-09 p025 TOLABS
  26     0.250000     p026 COURANT/NTAU
  27      2.00000     p027 TORDER
  66      6.00000     p066 output : <0=ascii, else binary
  67      6.00000     p067 restart: <0=ascii, else binary
  99      3.00000     p099 dealiasing: <0--> off/3--> old/4--> new
 103     0.500000E-01 p103 weight of stabilizing filter (.01)
  
 nelgt/nelgv/lelt:          64          64         100
 lx1  /lx2  /lx3 :          16          16          16
 done :: read .rea file   0.36299E-01 sec

 setup mesh topology
   Right-handed check complete for      64 elements. OK.
   setvert3d:  16       51365      226981       51365       51365
 call usrsetvert
 done :: usrsetvert

gs_setup: 10981 unique labels shared
   pairwise times (avg, min, max): 2.15471e-05 2.12908e-05 2.21968e-05
   crystal router                : 0.000100106 9.99212e-05 0.000100398
   all reduce                    : 0.000258428 0.000257802 0.000259709
   used all_to_all method: pairwise
   handle bytes (avg, min, max): 137308 137308 137308
   buffer bytes (avg, min, max): 47632 47632 47632
   setupds time 4.3798E-02 seconds   0 16       51365          64
           8  max multiplicity
 done :: setup mesh topology
  
 call usrdat
 done :: usrdat

 generate geometry data
 done :: generate geometry data
  
 call usrdat2
 done :: usrdat2

 regenerate geometry data           1
 NOTE: All elements deformed , param(59) ^=0
 done :: regenerate geometry data           1
  
 verify mesh topology
  0.000000000000000E+000   1.00000000000000       Xrange
  0.000000000000000E+000   1.00000000000000       Yrange
  0.000000000000000E+000   1.00000000000000       Zrange
 done :: verify mesh topology
  
 IFTRAN   = T
 IFFLOW   = T
 IFHEAT   = F
 IFSPLIT  = T
 IFLOMACH = F
 IFUSERVP = F
 IFUSERMV = F
 IFSTRS   = F
 IFCHAR   = F
 IFCYCLIC = F
 IFAXIS   = F
 IFMVBD   = F
 IFMELT   = F
 IFMODEL  = F
 IFKEPS   = F
 IFMOAB   = F
 IFNEKNEK = F
 IFSYNC   = T
   
 IFVCOR   = T
 IFINTQ   = F
 IFCWUZ   = F
 IFSWALL  = F
 IFGEOM   = F
 IFSURT   = F
 IFWCNO   = F
   
 IFTMSH for field           1    =  F
 IFADVC for field           1    =  T
 IFNONL for field           1    =  F
   
 Dealiasing enabled, lxd=          24
  
 Estimated eigenvalues
 EIGAA =    9.86960440108936     
 EIGGA =    1128049.04401018     
 EIGAE =    9.86960440108936     
 EIGAS =   8.333333333333333E-002
 EIGGE =    1128049.04401018     
 EIGGS =    2.00000000000000     
  
 verify mesh topology
  0.000000000000000E+000   1.00000000000000       Xrange
  0.000000000000000E+000   1.00000000000000       Yrange
  0.000000000000000E+000   1.00000000000000       Zrange
 done :: verify mesh topology
  
  E-solver strategy:  0 itr
 mg_nx:           1           9          15
 mg_ny:           1           9          15
 mg_nz:           1           9          15
 call usrsetvert
 done :: usrsetvert

gs_setup: 61 unique labels shared
   pairwise times (avg, min, max): 1.22666e-05 1.21117e-05 1.25885e-05
   crystal router                : 6.2108e-06 6.10352e-06 6.29425e-06
   all reduce                    : 2.94715e-05 2.91109e-05 3.01123e-05
   used all_to_all method: crystal router
   handle bytes (avg, min, max): 4092 4092 4092
   buffer bytes (avg, min, max): 704 704 704
   setupds time 2.6171E-03 seconds   1  2         125          64
   setvert3d:   4        1685        2197        1685        1685
 call usrsetvert
 done :: usrsetvert

gs_setup: 469 unique labels shared
   pairwise times (avg, min, max): 1.70529e-05 1.69039e-05 1.74999e-05
   crystal router                : 8.6993e-06 8.58307e-06 8.82149e-06
   all reduce                    : 4.50462e-05 4.48942e-05 4.52042e-05
   used all_to_all method: crystal router
   handle bytes (avg, min, max): 22044 22044 22044
   buffer bytes (avg, min, max): 4352 4352 4352
   setupds time 4.9942E-03 seconds   2  4        1685          64
   setvert3d:  10       17885       50653       17885       17885
 call usrsetvert
 done :: usrsetvert

gs_setup: 3997 unique labels shared
   pairwise times (avg, min, max): 1.56611e-05 1.53065e-05 1.61886e-05
   crystal router                : 2.97815e-05 2.95162e-05 3.00169e-05
   all reduce                    : 8.91119e-05 8.8501e-05 8.93116e-05
   used all_to_all method: pairwise
   handle bytes (avg, min, max): 51484 51484 51484
   buffer bytes (avg, min, max): 18256 18256 18256
   setupds time 1.5961E-02 seconds   3 10       17885          64
   setvert3d:  12       27125       91125       27125       27125
 call usrsetvert
 done :: usrsetvert

gs_setup: 5941 unique labels shared
   pairwise times (avg, min, max): 1.71393e-05 1.69039e-05 1.74046e-05
   crystal router                : 6.20365e-05 6.13213e-05 6.29187e-05
   all reduce                    : 0.000128865 0.000128222 0.000129414
   used all_to_all method: pairwise
   handle bytes (avg, min, max): 75484 75484 75484
   buffer bytes (avg, min, max): 26512 26512 26512
   setupds time 2.2534E-02 seconds   4 12       27125          64
 regenerate geometry data           1
 NOTE: All elements deformed , param(59) ^=0
 done :: regenerate geometry data           1
  
 h1_mg_nx:           1           3          15
 h1_mg_ny:           1           3          15
 h1_mg_nz:           1           3          15
 call usrsetvert
 done :: usrsetvert

gs_setup: 61 unique labels shared
   pairwise times (avg, min, max): 1.30981e-05 1.29938e-05 1.33991e-05
   crystal router                : 6.44624e-06 6.38962e-06 6.50883e-06
   all reduce                    : 2.65539e-05 2.64883e-05 2.67029e-05
   used all_to_all method: crystal router
   handle bytes (avg, min, max): 4092 4092 4092
   buffer bytes (avg, min, max): 704 704 704
   setupds time 3.0210E-03 seconds   5  2         125          64
   setvert3d:   4        1685        2197        1685        1685
 call usrsetvert
 done :: usrsetvert

gs_setup: 469 unique labels shared
   pairwise times (avg, min, max): 1.33753e-05 1.32084e-05 1.35899e-05
   crystal router                : 8.63671e-06 8.4877e-06 8.70228e-06
   all reduce                    : 4.4632e-05 4.43935e-05 4.48942e-05
   used all_to_all method: crystal router
   handle bytes (avg, min, max): 22044 22044 22044
   buffer bytes (avg, min, max): 4352 4352 4352
   setupds time 5.1689E-03 seconds   6  4        1685          64
   setvert3d:   4        1685        2197        1685        1685
 call usrsetvert
 done :: usrsetvert

gs_setup: 469 unique labels shared
   pairwise times (avg, min, max): 2.52485e-05 2.48909e-05 2.62976e-05
   crystal router                : 8.9258e-06 8.79765e-06 9.10759e-06
   all reduce                    : 5.03659e-05 5.0211e-05 5.04971e-05
   used all_to_all method: crystal router
   handle bytes (avg, min, max): 22044 22044 22044
   buffer bytes (avg, min, max): 4352 4352 4352
   setupds time 4.9219E-03 seconds   7  4        1685          64
   setvert3d:   6        5165        9261        5165        5165
 call usrsetvert
 done :: usrsetvert

gs_setup: 1261 unique labels shared
   pairwise times (avg, min, max): 1.28269e-05 1.2517e-05 1.31845e-05
   crystal router                : 1.34677e-05 1.33038e-05 1.36137e-05
   all reduce                    : 5.55426e-05 5.52893e-05 5.58853e-05
   used all_to_all method: pairwise
   handle bytes (avg, min, max): 17308 17308 17308
   buffer bytes (avg, min, max): 6352 6352 6352
   setupds time 7.1630E-03 seconds   8  6        5165          64
   setvert3d:  16       51365      226981       51365       51365
 call usrsetvert
 done :: usrsetvert

gs_setup: 10981 unique labels shared
   pairwise times (avg, min, max): 1.92225e-05 1.9002e-05 1.97887e-05
   crystal router                : 8.63701e-05 8.49962e-05 8.7595e-05
   all reduce                    : 0.000238127 0.000237703 0.000239301
   used all_to_all method: pairwise
   handle bytes (avg, min, max): 137308 137308 137308
   buffer bytes (avg, min, max): 47632 47632 47632
   setupds time 3.8408E-02 seconds   9 16       51365          64
   setvert3d:  18       66365      328509       66365       66365
 call usrsetvert
 done :: usrsetvert

gs_setup: 14077 unique labels shared
   pairwise times (avg, min, max): 4.20153e-05 4.11034e-05 4.32014e-05
   crystal router                : 0.000108862 0.00010829 0.000109696
   all reduce                    : 0.000290293 0.000289202 0.000292397
   used all_to_all method: pairwise
   handle bytes (avg, min, max): 175132 175132 175132
   buffer bytes (avg, min, max): 60496 60496 60496
   setupds time 4.9877E-02 seconds  10 18       66365          64
 setup h1 coarse grid, nx_crs=           2
 call usrsetvert
 done :: usrsetvert

gs_setup: 61 unique labels shared
   pairwise times (avg, min, max): 2.19077e-05 2.14815e-05 2.26021e-05
   crystal router                : 6.36578e-06 6.19888e-06 6.48499e-06
   all reduce                    : 2.34365e-05 2.31981e-05 2.36034e-05
   used all_to_all method: crystal router
   handle bytes (avg, min, max): 4092 4092 4092
   buffer bytes (avg, min, max): 704 704 704
 done :: setup h1 coarse grid   2.287507057189941E-002  sec
  
 call usrdat3
 done :: usrdat3

 set initial conditions
 nekuic (1) for ifld            1
 call nekuic for vel  
 xyz min     0.0000       0.0000       0.0000    
 uvwpt min   0.0000       0.0000       0.0000       0.0000       0.0000    
 PS min      0.0000       0.0000      0.99000E+22
 xyz max     1.0000       1.0000       1.0000    
 uvwpt max   0.0000       0.0000       0.0000       0.0000       0.0000    
 PS max      0.0000       0.0000     -0.99000E+22
 done :: set initial conditions
  
 call userchk
GFM max:  1.0297E-03  1.0297E-03  1.0297E-03  9.1383E-17  9.1383E-17  9.1383E-17
 
nelt =       8, np =         8, nx1 =      16, elements =        64
Solve Time =   0.8928E-08
 
nelt =       8, np =         8, nx1 =      16, elements =        64
Solve Time =   0.8878E-08
 
nelt =       8, np =         8, nx1 =      16, elements =        64
Solve Time =   0.8873E-08
 
nelt =       8, np =         8, nx1 =      16, elements =        64
Solve Time =   0.8871E-08
 
nelt =       8, np =         8, nx1 =      16, elements =        64
Solve Time =   0.8869E-08
 
nelt =       8, np =         8, nx1 =      16, elements =        64
Solve Time =   0.8869E-08
 
nelt =       8, np =         8, nx1 =      16, elements =        64
Solve Time =   0.8867E-08
 
nelt =       8, np =         8, nx1 =      16, elements =        64
Solve Time =   0.8864E-08
 
nelt =       8, np =         8, nx1 =      16, elements =        64
Solve Time =   0.8865E-08
 
nelt =       8, np =         8, nx1 =      16, elements =        64
Solve Time =   0.8858E-08
 
nelt =       8, np =         8, nx1 =      16, elements =        64
Solve Time =   0.7988E-08
 
nelt =       8, np =         8, nx1 =      16, elements =        64
Solve Time =   0.7985E-08
 
nelt =       8, np =         8, nx1 =      16, elements =        64
Solve Time =   0.7984E-08
 
nelt =       8, np =         8, nx1 =      16, elements =        64
Solve Time =   0.7983E-08
 
nelt =       8, np =         8, nx1 =      16, elements =        64
Solve Time =   0.7983E-08
 
nelt =       8, np =         8, nx1 =      16, elements =        64
Solve Time =   0.7985E-08
 
nelt =       8, np =         8, nx1 =      16, elements =        64
Solve Time =   0.7983E-08
 
nelt =       8, np =         8, nx1 =      16, elements =        64
Solve Time =   0.7984E-08
 
nelt =       8, np =         8, nx1 =      16, elements =        64
Solve Time =   0.7980E-08
 
nelt =       8, np =         8, nx1 =      16, elements =        64
Solve Time =   0.7986E-08
 
nelt =       8, np =         8, nx1 =      16, elements =        64
Solve Time =   0.8286E-08
 
nelt =       8, np =         8, nx1 =      16, elements =        64
Solve Time =   0.8287E-08
 
nelt =       8, np =         8, nx1 =      16, elements =        64
Solve Time =   0.8291E-08
 
nelt =       8, np =         8, nx1 =      16, elements =        64
Solve Time =   0.8288E-08
 
nelt =       8, np =         8, nx1 =      16, elements =        64
Solve Time =   0.8289E-08
 
nelt =       8, np =         8, nx1 =      16, elements =        64
Solve Time =   0.8286E-08
 
nelt =       8, np =         8, nx1 =      16, elements =        64
Solve Time =   0.8286E-08
 
nelt =       8, np =         8, nx1 =      16, elements =        64
Solve Time =   0.8286E-08
 
nelt =       8, np =         8, nx1 =      16, elements =        64
Solve Time =   0.8290E-08
 
nelt =       8, np =         8, nx1 =      16, elements =        64
Solve Time =   0.8288E-08
 
nelt =       8, np =         8, nx1 =      16, elements =        64
Solve Time =   0.8543E-08
 
nelt =       8, np =         8, nx1 =      16, elements =        64
Solve Time =   0.8543E-08
 
nelt =       8, np =         8, nx1 =      16, elements =        64
Solve Time =   0.8541E-08
 
nelt =       8, np =         8, nx1 =      16, elements =        64
Solve Time =   0.8543E-08
 
nelt =       8, np =         8, nx1 =      16, elements =        64
Solve Time =   0.8544E-08
 
nelt =       8, np =         8, nx1 =      16, elements =        64
Solve Time =   0.8540E-08
 
nelt =       8, np =         8, nx1 =      16, elements =        64
Solve Time =   0.8546E-08
 
nelt =       8, np =         8, nx1 =      16, elements =        64
Solve Time =   0.8539E-08
 
nelt =       8, np =         8, nx1 =      16, elements =        64
Solve Time =   0.8539E-08
 
nelt =       8, np =         8, nx1 =      16, elements =        64
Solve Time =   0.8540E-08
 
nelt =       8, np =         8, nx1 =      16, elements =        64
Solve Time =   0.8799E-08
 
nelt =       8, np =         8, nx1 =      16, elements =        64
Solve Time =   0.8792E-08
 
nelt =       8, np =         8, nx1 =      16, elements =        64
Solve Time =   0.8796E-08
 
nelt =       8, np =         8, nx1 =      16, elements =        64
Solve Time =   0.8793E-08
 
nelt =       8, np =         8, nx1 =      16, elements =        64
Solve Time =   0.8789E-08
 
nelt =       8, np =         8, nx1 =      16, elements =        64
Solve Time =   0.8792E-08
 
nelt =       8, np =         8, nx1 =      16, elements =        64
Solve Time =   0.8795E-08
 
nelt =       8, np =         8, nx1 =      16, elements =        64
Solve Time =   0.8792E-08
 
nelt =       8, np =         8, nx1 =      16, elements =        64
Solve Time =   0.8792E-08
 
nelt =       8, np =         8, nx1 =      16, elements =        64
Solve Time =   0.8790E-08
 schfile:
 /gpfs/theta-fs1/home/thilina/env/lx16/b6.sch                                   
                                                      
 16       64  1.0000E+00  1.0000E+00  1.0000E+00  error v
 16       64  1.0000E+00  1.0000E+00  1.0000E+00  error v
 16       64  1.0000E+00  1.0000E+00  1.0000E+00  error v
 16       64  1.0000E+00  1.0000E+00  1.0000E+00  error v
 16       64  1.0000E+00  1.0000E+00  1.0000E+00  error v
 16       64  1.0000E+00  1.0000E+00  1.0000E+00  error v
 16       64  1.0000E+00  1.0000E+00  1.0000E+00  error v
 16       64  1.0000E+00  1.0000E+00  1.0000E+00  error v
 
nelt =       8, np =         8, nx1 =      16, elements =        64
Solve Time =   0.9445E-08
 
nelt =       8, np =         8, nx1 =      16, elements =        64
Solve Time =   0.9415E-08
 
nelt =       8, np =         8, nx1 =      16, elements =        64
Solve Time =   0.9417E-08
 
nelt =       8, np =         8, nx1 =      16, elements =        64
Solve Time =   0.9410E-08
 
nelt =       8, np =         8, nx1 =      16, elements =        64
Solve Time =   0.9418E-08
 
nelt =       8, np =         8, nx1 =      16, elements =        64
Solve Time =   0.9407E-08
 
nelt =       8, np =         8, nx1 =      16, elements =        64
Solve Time =   0.9421E-08
 
nelt =       8, np =         8, nx1 =      16, elements =        64
Solve Time =   0.9406E-08
 
nelt =       8, np =         8, nx1 =      16, elements =        64
Solve Time =   0.9416E-08
 
nelt =       8, np =         8, nx1 =      16, elements =        64
Solve Time =   0.9417E-08
 16       64  2.4160E-07  2.4160E-07  2.4160E-07  error s
 16       64  2.4160E-07  2.4160E-07  2.4160E-07  error s
 16       64  2.4160E-07  2.4160E-07  2.4160E-07  error s
 16       64  2.4160E-07  2.4160E-07  2.4160E-07  error s
 16       64  2.4160E-07  2.4160E-07  2.4160E-07  error s
 16       64  2.4160E-07  2.4160E-07  2.4160E-07  error s
 16       64  2.4160E-07  2.4160E-07  2.4160E-07  error s
 16       64  2.4160E-07  2.4160E-07  2.4160E-07  error s
 
nelt =       8, np =         8, nx1 =      16, elements =        64
Solve Time =   0.1106E-07
 
nelt =       8, np =         8, nx1 =      16, elements =        64
Solve Time =   0.1106E-07
 
nelt =       8, np =         8, nx1 =      16, elements =        64
Solve Time =   0.1106E-07
 
nelt =       8, np =         8, nx1 =      16, elements =        64
Solve Time =   0.1106E-07
 
nelt =       8, np =         8, nx1 =      16, elements =        64
Solve Time =   0.1106E-07
 
nelt =       8, np =         8, nx1 =      16, elements =        64
Solve Time =   0.1106E-07
 
nelt =       8, np =         8, nx1 =      16, elements =        64
Solve Time =   0.1105E-07
 
nelt =       8, np =         8, nx1 =      16, elements =        64
Solve Time =   0.1105E-07
 
nelt =       8, np =         8, nx1 =      16, elements =        64
Solve Time =   0.1106E-07
 
nelt =       8, np =         8, nx1 =      16, elements =        64
Solve Time =   0.1105E-07
 16       64  2.4258E-07  2.4258E-07  2.4258E-07  error n
 16       64  2.4258E-07  2.4258E-07  2.4258E-07  error n
 16       64  2.4258E-07  2.4258E-07  2.4258E-07  error n
 16       64  2.4258E-07  2.4258E-07  2.4258E-07  error n
  15       64  100  0.0000E+00  0.0000E+00  0.0000E+00 time for 3 hmholtz
 16       64  2.4258E-07  2.4258E-07  2.4258E-07  error n
 16       64  2.4258E-07  2.4258E-07  2.4258E-07  error n
EXIT: quit after cggov         15
 16       64  2.4258E-07  2.4258E-07  2.4258E-07  error n
 16       64  2.4258E-07  2.4258E-07  2.4258E-07  error n
  
call exitt: dying ...
  
backtrace(): obtained 8 stack frames.
./nek5000() [0x7818a5]
./nek5000() [0x9647a9]
./nek5000() [0x40df9c]
./nek5000() [0x4267a6]
./nek5000() [0x424d5e]
./nek5000() [0x4054fe]
/lib64/libc.so.6(__libc_start_main+0xf5) [0x2aaab1ca3b25]
./nek5000() [0x405409]
  
total elapsed time             :   1.14753E+02 sec
total solver time incl. I/O    :   0.00000E+00 sec
time/timestep                  :   0.00000E+00 sec
CPU seconds/timestep/gridpt    :   0.00000E+00 sec

Application 2259022 resources: utime ~864s, stime ~28s, Rss ~83056, inblocks ~0, outblocks ~0
