/----------------------------------------------------------\\
|      _   __ ______ __ __  ______  ____   ____   ____     |
|     / | / // ____// //_/ / ____/ / __ \\/ __ \\/ __ \\   |
|    /  |/ // __/  / ,<   /___ \\ / / / // / / // / / /    |
|   / /|  // /___ / /| | ____/ / / /_/ // /_/ // /_/ /     |
|  /_/ |_//_____//_/ |_|/_____/  \\___/ \\___/ \\___/      |
|                                                          |
|----------------------------------------------------------|
|                                                          |
| NEK5000:  Open Source Spectral Element Solver            |
| COPYRIGHT (c) 2008-2016 UCHICAGO ARGONNE, LLC            |
| Version:  16.0.0                                         |
| Web:      http://nek5000.mcs.anl.gov                     |
|                                                          |
\\----------------------------------------------------------/
                                                              

 Number of processors:          16
 REAL    wdsize      :           8
 INTEGER wdsize      :           4
 Timer accuracy      : 2.86E-07
 Reading /gpfs/theta-fs1/home/thilina/env/lx16/b7.rea                                                                                        

 mapping elements to processors
 Reading /gpfs/theta-fs1/home/thilina/env/lx16/b7.map                                                                                        
           0           8           8         128         128  NELV
          12           8           8         128         128  NELV
           8           8           8         128         128  NELV
          15           8           8         128         128  NELV
          11           8           8         128         128  NELV
           2           8           8         128         128  NELV
           3           8           8         128         128  NELV
          14           8           8         128         128  NELV
           7           8           8         128         128  NELV
           4           8           8         128         128  NELV
           5           8           8         128         128  NELV
           6           8           8         128         128  NELV
          10           8           8         128         128  NELV
           9           8           8         128         128  NELV
          13           8           8         128         128  NELV
           1           8           8         128         128  NELV
 RANK     0 IEG      97      98     101     102     113     114     117     118
 element load imbalance:            0           8           8
 done :: mapping elements to processors
  
           0  objects found
 118   Parameters from file:
   1      1.00000     p001 DENSITY
   2     -100.000     p002 VISCOS
   7      1.00000     p007 RHOCP
   8      1.00000     p008 CONDUCT
  11      1.00        p011 NSTEPS
  12    -0.500000E-02 p012 DT
  21     0.100000E-05 p021 DIVERGENCE
  22     0.100000E-07 p022 HELMHOLTZ
  24     0.100000E-09 p024 TOLREL
  25     0.100000E-09 p025 TOLABS
  26     0.250000     p026 COURANT/NTAU
  27      2.00000     p027 TORDER
  66      6.00000     p066 output : <0=ascii, else binary
  67      6.00000     p067 restart: <0=ascii, else binary
  99      3.00000     p099 dealiasing: <0--> off/3--> old/4--> new
 103     0.500000E-01 p103 weight of stabilizing filter (.01)
  
 nelgt/nelgv/lelt:         128         128         100
 lx1  /lx2  /lx3 :          16          16          16
 done :: read .rea file   0.58685E-01 sec

 setup mesh topology
   Right-handed check complete for     128 elements. OK.
   setvert3d:  16       99009      450241       99009       99009
 call usrsetvert
 done :: usrsetvert

gs_setup: 25441 unique labels shared
   pairwise times (avg, min, max): 4.98891e-05 4.63009e-05 5.40972e-05
   crystal router                : 0.000180334 0.000178504 0.000182104
   all reduce                    : 0.00149247 0.00148749 0.00149801
   used all_to_all method: pairwise
   handle bytes (avg, min, max): 148652 137308 159996
   buffer bytes (avg, min, max): 55824 47632 64016
   setupds time 7.9179E-02 seconds   0 16       99009         128
           8  max multiplicity
 done :: setup mesh topology
  
 call usrdat
 done :: usrdat

 generate geometry data
 done :: generate geometry data
  
 call usrdat2
 done :: usrdat2

 regenerate geometry data           1
 NOTE: All elements deformed , param(59) ^=0
 done :: regenerate geometry data           1
  
 verify mesh topology
  0.000000000000000E+000   1.00000000000000       Xrange
  0.000000000000000E+000   1.00000000000000       Yrange
  0.000000000000000E+000   1.00000000000000       Zrange
 done :: verify mesh topology
  
 IFTRAN   = T
 IFFLOW   = T
 IFHEAT   = F
 IFSPLIT  = T
 IFLOMACH = F
 IFUSERVP = F
 IFUSERMV = F
 IFSTRS   = F
 IFCHAR   = F
 IFCYCLIC = F
 IFAXIS   = F
 IFMVBD   = F
 IFMELT   = F
 IFMODEL  = F
 IFKEPS   = F
 IFMOAB   = F
 IFNEKNEK = F
 IFSYNC   = T
   
 IFVCOR   = T
 IFINTQ   = F
 IFCWUZ   = F
 IFSWALL  = F
 IFGEOM   = F
 IFSURT   = F
 IFWCNO   = F
   
 IFTMSH for field           1    =  F
 IFADVC for field           1    =  T
 IFNONL for field           1    =  F
   
 Dealiasing enabled, lxd=          24
  
 Estimated eigenvalues
 EIGAA =    9.86960440108936     
 EIGGA =    1507177.51609229     
 EIGAE =    9.86960440108936     
 EIGAS =   8.333333333333333E-002
 EIGGE =    1507177.51609229     
 EIGGS =    2.00000000000000     
  
 verify mesh topology
  0.000000000000000E+000   1.00000000000000       Xrange
  0.000000000000000E+000   1.00000000000000       Yrange
  0.000000000000000E+000   1.00000000000000       Zrange
 done :: verify mesh topology
  
  E-solver strategy:  0 itr
 mg_nx:           1           9          15
 mg_ny:           1           9          15
 mg_nz:           1           9          15
 call usrsetvert
 done :: usrsetvert

gs_setup: 129 unique labels shared
   pairwise times (avg, min, max): 3.21716e-05 3.0899e-05 3.41177e-05
   crystal router                : 8.34465e-06 8.2016e-06 8.4877e-06
   all reduce                    : 3.00512e-05 2.98977e-05 3.02076e-05
   used all_to_all method: crystal router
   handle bytes (avg, min, max): 5240 4676 5804
   buffer bytes (avg, min, max): 864 704 1024
   setupds time 3.3579E-03 seconds   1  2         225         128
   setvert3d:   4        3201        4225        3201        3201
 call usrsetvert
 done :: usrsetvert

gs_setup: 1057 unique labels shared
   pairwise times (avg, min, max): 2.98575e-05 2.87771e-05 3.19004e-05
   crystal router                : 1.39654e-05 1.38044e-05 1.40905e-05
   all reduce                    : 6.41346e-05 6.37054e-05 6.48975e-05
   used all_to_all method: crystal router
   handle bytes (avg, min, max): 29192 25220 33164
   buffer bytes (avg, min, max): 5408 4352 6464
   setupds time 6.4650E-03 seconds   2  4        3201         128
   setvert3d:  10       34401       99937       34401       34401
 call usrsetvert
 done :: usrsetvert

gs_setup: 9217 unique labels shared
   pairwise times (avg, min, max): 3.56123e-05 3.40939e-05 3.87907e-05
   crystal router                : 6.25685e-05 6.14882e-05 6.49929e-05
   all reduce                    : 0.000285821 0.000283885 0.000288081
   used all_to_all method: pairwise
   handle bytes (avg, min, max): 55724 51484 59964
   buffer bytes (avg, min, max): 21456 18256 24656
   setupds time 2.5616E-02 seconds   3 10       34401         128
   setvert3d:  12       52225      180225       52225       52225
 call usrsetvert
 done :: usrsetvert

gs_setup: 13729 unique labels shared
   pairwise times (avg, min, max): 3.8214e-05 3.73125e-05 3.96967e-05
   crystal router                : 0.000113912 0.000112796 0.000115418
   all reduce                    : 0.000376433 0.000373602 0.000379705
   used all_to_all method: pairwise
   handle bytes (avg, min, max): 81708 75484 87932
   buffer bytes (avg, min, max): 31120 26512 35728
   setupds time 3.5197E-02 seconds   4 12       52225         128
 regenerate geometry data           1
 NOTE: All elements deformed , param(59) ^=0
 done :: regenerate geometry data           1
  
 h1_mg_nx:           1           3          15
 h1_mg_ny:           1           3          15
 h1_mg_nz:           1           3          15
 call usrsetvert
 done :: usrsetvert

gs_setup: 129 unique labels shared
   pairwise times (avg, min, max): 3.36736e-05 3.32832e-05 3.55959e-05
   crystal router                : 8.56519e-06 8.51154e-06 8.70228e-06
   all reduce                    : 3.37392e-05 3.34978e-05 3.39031e-05
   used all_to_all method: crystal router
   handle bytes (avg, min, max): 5240 4676 5804
   buffer bytes (avg, min, max): 864 704 1024
   setupds time 3.7172E-03 seconds   5  2         225         128
   setvert3d:   4        3201        4225        3201        3201
 call usrsetvert
 done :: usrsetvert

gs_setup: 1057 unique labels shared
   pairwise times (avg, min, max): 3.26797e-05 3.13997e-05 3.52144e-05
   crystal router                : 1.36554e-05 1.35899e-05 1.38044e-05
   all reduce                    : 7.52583e-05 7.47919e-05 7.60078e-05
   used all_to_all method: crystal router
   handle bytes (avg, min, max): 29192 25220 33164
   buffer bytes (avg, min, max): 5408 4352 6464
   setupds time 6.8231E-03 seconds   6  4        3201         128
   setvert3d:   4        3201        4225        3201        3201
 call usrsetvert
 done :: usrsetvert

gs_setup: 1057 unique labels shared
   pairwise times (avg, min, max): 3.14683e-05 3.02076e-05 3.38078e-05
   crystal router                : 1.35347e-05 1.33038e-05 1.37806e-05
   all reduce                    : 7.04899e-05 6.50167e-05 7.22885e-05
   used all_to_all method: crystal router
   handle bytes (avg, min, max): 29192 25220 33164
   buffer bytes (avg, min, max): 5408 4352 6464
   setupds time 6.1040E-03 seconds   7  4        3201         128
   setvert3d:   6        9889       18081        9889        9889
 call usrsetvert
 done :: usrsetvert

gs_setup: 2881 unique labels shared
   pairwise times (avg, min, max): 3.3617e-05 3.28064e-05 3.60966e-05
   crystal router                : 2.25365e-05 2.21014e-05 2.28167e-05
   all reduce                    : 0.000118931 0.000118303 0.000119686
   used all_to_all method: crystal router
   handle bytes (avg, min, max): 73880 63428 84332
   buffer bytes (avg, min, max): 13792 11072 16512
   setupds time 1.0269E-02 seconds   8  6        9889         128
   setvert3d:  16       99009      450241       99009       99009
 call usrsetvert
 done :: usrsetvert

gs_setup: 25441 unique labels shared
   pairwise times (avg, min, max): 3.77685e-05 3.60012e-05 4.13179e-05
   crystal router                : 0.000161794 0.000159693 0.000163889
   all reduce                    : 0.000638327 0.000633001 0.000644588
   used all_to_all method: pairwise
   handle bytes (avg, min, max): 148652 137308 159996
   buffer bytes (avg, min, max): 55824 47632 64016
   setupds time 6.4213E-02 seconds   9 16       99009         128
   setvert3d:  18      127969      652257      127969      127969
 call usrsetvert
 done :: usrsetvert

gs_setup: 32641 unique labels shared
   pairwise times (avg, min, max): 5.39869e-05 5.10931e-05 5.66006e-05
   crystal router                : 0.000218531 0.000215602 0.000221682
   all reduce                    : 0.000772305 0.000766397 0.000779319
   used all_to_all method: pairwise
   handle bytes (avg, min, max): 189612 175132 204092
   buffer bytes (avg, min, max): 70864 60496 81232
   setupds time 8.3355E-02 seconds  10 18      127969         128
 setup h1 coarse grid, nx_crs=           2
 call usrsetvert
 done :: usrsetvert

gs_setup: 129 unique labels shared
   pairwise times (avg, min, max): 2.62156e-05 2.56062e-05 2.77996e-05
   crystal router                : 8.54582e-06 8.39233e-06 8.79765e-06
   all reduce                    : 3.62322e-05 3.60966e-05 3.63111e-05
   used all_to_all method: crystal router
   handle bytes (avg, min, max): 5240 4676 5804
   buffer bytes (avg, min, max): 864 704 1024
 done :: setup h1 coarse grid   2.510118484497070E-002  sec
  
 call usrdat3
 done :: usrdat3

 set initial conditions
 nekuic (1) for ifld            1
 call nekuic for vel  
 xyz min     0.0000       0.0000       0.0000    
 uvwpt min   0.0000       0.0000       0.0000       0.0000       0.0000    
 PS min      0.0000       0.0000      0.99000E+22
 xyz max     1.0000       1.0000       1.0000    
 uvwpt max   0.0000       0.0000       0.0000       0.0000       0.0000    
 PS max      0.0000       0.0000     -0.99000E+22
 done :: set initial conditions
  
 call userchk
GFM max:  5.1483E-04  5.1483E-04  2.0593E-03  4.5692E-17  1.8007E-16  1.8007E-16
 
nelt =       8, np =        16, nx1 =      16, elements =       128
Solve Time =   0.4569E-08
 
nelt =       8, np =        16, nx1 =      16, elements =       128
Solve Time =   0.4541E-08
 
nelt =       8, np =        16, nx1 =      16, elements =       128
Solve Time =   0.4538E-08
 
nelt =       8, np =        16, nx1 =      16, elements =       128
Solve Time =   0.4536E-08
 
nelt =       8, np =        16, nx1 =      16, elements =       128
Solve Time =   0.4535E-08
 
nelt =       8, np =        16, nx1 =      16, elements =       128
Solve Time =   0.4534E-08
 
nelt =       8, np =        16, nx1 =      16, elements =       128
Solve Time =   0.4535E-08
 
nelt =       8, np =        16, nx1 =      16, elements =       128
Solve Time =   0.4534E-08
 
nelt =       8, np =        16, nx1 =      16, elements =       128
Solve Time =   0.4534E-08
 
nelt =       8, np =        16, nx1 =      16, elements =       128
Solve Time =   0.4536E-08
 
nelt =       8, np =        16, nx1 =      16, elements =       128
Solve Time =   0.4025E-08
 
nelt =       8, np =        16, nx1 =      16, elements =       128
Solve Time =   0.4019E-08
 
nelt =       8, np =        16, nx1 =      16, elements =       128
Solve Time =   0.4022E-08
 
nelt =       8, np =        16, nx1 =      16, elements =       128
Solve Time =   0.4019E-08
 
nelt =       8, np =        16, nx1 =      16, elements =       128
Solve Time =   0.4020E-08
 
nelt =       8, np =        16, nx1 =      16, elements =       128
Solve Time =   0.4020E-08
 
nelt =       8, np =        16, nx1 =      16, elements =       128
Solve Time =   0.4020E-08
 
nelt =       8, np =        16, nx1 =      16, elements =       128
Solve Time =   0.4023E-08
 
nelt =       8, np =        16, nx1 =      16, elements =       128
Solve Time =   0.4021E-08
 
nelt =       8, np =        16, nx1 =      16, elements =       128
Solve Time =   0.4018E-08
 
nelt =       8, np =        16, nx1 =      16, elements =       128
Solve Time =   0.4209E-08
 
nelt =       8, np =        16, nx1 =      16, elements =       128
Solve Time =   0.4202E-08
 
nelt =       8, np =        16, nx1 =      16, elements =       128
Solve Time =   0.4204E-08
 
nelt =       8, np =        16, nx1 =      16, elements =       128
Solve Time =   0.4205E-08
 
nelt =       8, np =        16, nx1 =      16, elements =       128
Solve Time =   0.4204E-08
 
nelt =       8, np =        16, nx1 =      16, elements =       128
Solve Time =   0.4201E-08
 
nelt =       8, np =        16, nx1 =      16, elements =       128
Solve Time =   0.4204E-08
 
nelt =       8, np =        16, nx1 =      16, elements =       128
Solve Time =   0.4204E-08
 
nelt =       8, np =        16, nx1 =      16, elements =       128
Solve Time =   0.4202E-08
 
nelt =       8, np =        16, nx1 =      16, elements =       128
Solve Time =   0.4207E-08
 
nelt =       8, np =        16, nx1 =      16, elements =       128
Solve Time =   0.4357E-08
 
nelt =       8, np =        16, nx1 =      16, elements =       128
Solve Time =   0.4353E-08
 
nelt =       8, np =        16, nx1 =      16, elements =       128
Solve Time =   0.4356E-08
 
nelt =       8, np =        16, nx1 =      16, elements =       128
Solve Time =   0.4353E-08
 
nelt =       8, np =        16, nx1 =      16, elements =       128
Solve Time =   0.4352E-08
 
nelt =       8, np =        16, nx1 =      16, elements =       128
Solve Time =   0.4354E-08
 
nelt =       8, np =        16, nx1 =      16, elements =       128
Solve Time =   0.4354E-08
 
nelt =       8, np =        16, nx1 =      16, elements =       128
Solve Time =   0.4354E-08
 
nelt =       8, np =        16, nx1 =      16, elements =       128
Solve Time =   0.4355E-08
 
nelt =       8, np =        16, nx1 =      16, elements =       128
Solve Time =   0.4356E-08
 
nelt =       8, np =        16, nx1 =      16, elements =       128
Solve Time =   0.4507E-08
 
nelt =       8, np =        16, nx1 =      16, elements =       128
Solve Time =   0.4501E-08
 
nelt =       8, np =        16, nx1 =      16, elements =       128
Solve Time =   0.4506E-08
 
nelt =       8, np =        16, nx1 =      16, elements =       128
Solve Time =   0.4502E-08
 
nelt =       8, np =        16, nx1 =      16, elements =       128
Solve Time =   0.4502E-08
 
nelt =       8, np =        16, nx1 =      16, elements =       128
Solve Time =   0.4504E-08
 
nelt =       8, np =        16, nx1 =      16, elements =       128
Solve Time =   0.4503E-08
 
nelt =       8, np =        16, nx1 =      16, elements =       128
Solve Time =   0.4503E-08
 
nelt =       8, np =        16, nx1 =      16, elements =       128
Solve Time =   0.4502E-08
 
nelt =       8, np =        16, nx1 =      16, elements =       128
Solve Time =   0.4504E-08
 schfile:
 /gpfs/theta-fs1/home/thilina/env/lx16/b7.sch                                   
                                                      
 16      128  1.0000E+00  1.0000E+00  1.0000E+00  error v
 16      128  1.0000E+00  1.0000E+00  1.0000E+00  error v
 16      128  1.0000E+00  1.0000E+00  1.0000E+00  error v
 16      128  1.0000E+00  1.0000E+00  1.0000E+00  error v
 16      128  1.0000E+00  1.0000E+00  1.0000E+00  error v
 16      128  1.0000E+00  1.0000E+00  1.0000E+00  error v
 16      128  1.0000E+00  1.0000E+00  1.0000E+00  error v
 16      128  1.0000E+00  1.0000E+00  1.0000E+00  error v
 16      128  1.0000E+00  1.0000E+00  1.0000E+00  error v
 16      128  1.0000E+00  1.0000E+00  1.0000E+00  error v
 16      128  1.0000E+00  1.0000E+00  1.0000E+00  error v
 16      128  1.0000E+00  1.0000E+00  1.0000E+00  error v
 16      128  1.0000E+00  1.0000E+00  1.0000E+00  error v
 16      128  1.0000E+00  1.0000E+00  1.0000E+00  error v
 16      128  1.0000E+00  1.0000E+00  1.0000E+00  error v
 16      128  1.0000E+00  1.0000E+00  1.0000E+00  error v
 
nelt =       8, np =        16, nx1 =      16, elements =       128
Solve Time =   0.4852E-08
 
nelt =       8, np =        16, nx1 =      16, elements =       128
Solve Time =   0.4856E-08
 
nelt =       8, np =        16, nx1 =      16, elements =       128
Solve Time =   0.4845E-08
 
nelt =       8, np =        16, nx1 =      16, elements =       128
Solve Time =   0.4856E-08
 
nelt =       8, np =        16, nx1 =      16, elements =       128
Solve Time =   0.4849E-08
 
nelt =       8, np =        16, nx1 =      16, elements =       128
Solve Time =   0.4851E-08
 
nelt =       8, np =        16, nx1 =      16, elements =       128
Solve Time =   0.4850E-08
 
nelt =       8, np =        16, nx1 =      16, elements =       128
Solve Time =   0.4848E-08
 
nelt =       8, np =        16, nx1 =      16, elements =       128
Solve Time =   0.4855E-08
 
nelt =       8, np =        16, nx1 =      16, elements =       128
Solve Time =   0.4847E-08
 16      128  8.9454E-05  8.9454E-05  8.9454E-05  error s
 16      128  8.9454E-05  8.9454E-05  8.9454E-05  error s
 16      128  8.9454E-05  8.9454E-05  8.9454E-05  error s
 16      128  8.9454E-05  8.9454E-05  8.9454E-05  error s
 16      128  8.9454E-05  8.9454E-05  8.9454E-05  error s
 16      128  8.9454E-05  8.9454E-05  8.9454E-05  error s
 16      128  8.9454E-05  8.9454E-05  8.9454E-05  error s
 16      128  8.9454E-05  8.9454E-05  8.9454E-05  error s
 16      128  8.9454E-05  8.9454E-05  8.9454E-05  error s
 16      128  8.9454E-05  8.9454E-05  8.9454E-05  error s
 16      128  8.9454E-05  8.9454E-05  8.9454E-05  error s
 16      128  8.9454E-05  8.9454E-05  8.9454E-05  error s
 16      128  8.9454E-05  8.9454E-05  8.9454E-05  error s
 16      128  8.9454E-05  8.9454E-05  8.9454E-05  error s
 16      128  8.9454E-05  8.9454E-05  8.9454E-05  error s
 16      128  8.9454E-05  8.9454E-05  8.9454E-05  error s
 
nelt =       8, np =        16, nx1 =      16, elements =       128
Solve Time =   0.5698E-08
 
nelt =       8, np =        16, nx1 =      16, elements =       128
Solve Time =   0.5691E-08
 
nelt =       8, np =        16, nx1 =      16, elements =       128
Solve Time =   0.5688E-08
 
nelt =       8, np =        16, nx1 =      16, elements =       128
Solve Time =   0.5690E-08
 
nelt =       8, np =        16, nx1 =      16, elements =       128
Solve Time =   0.5689E-08
 
nelt =       8, np =        16, nx1 =      16, elements =       128
Solve Time =   0.5689E-08
 
nelt =       8, np =        16, nx1 =      16, elements =       128
Solve Time =   0.5694E-08
 
nelt =       8, np =        16, nx1 =      16, elements =       128
Solve Time =   0.5691E-08
 
nelt =       8, np =        16, nx1 =      16, elements =       128
Solve Time =   0.5689E-08
 
nelt =       8, np =        16, nx1 =      16, elements =       128
Solve Time =   0.5691E-08
 16      128  8.9684E-05  8.9684E-05  8.9684E-05  error n
 16      128  8.9684E-05  8.9684E-05  8.9684E-05  error n
 16      128  8.9684E-05  8.9684E-05  8.9684E-05  error n
 16      128  8.9684E-05  8.9684E-05  8.9684E-05  error n
 16      128  8.9684E-05  8.9684E-05  8.9684E-05  error n
 16      128  8.9684E-05  8.9684E-05  8.9684E-05  error n
 16      128  8.9684E-05  8.9684E-05  8.9684E-05  error n
 16      128  8.9684E-05  8.9684E-05  8.9684E-05  error n
 16      128  8.9684E-05  8.9684E-05  8.9684E-05  error n
 16      128  8.9684E-05  8.9684E-05  8.9684E-05  error n
 16      128  8.9684E-05  8.9684E-05  8.9684E-05  error n
 16      128  8.9684E-05  8.9684E-05  8.9684E-05  error n
 16      128  8.9684E-05  8.9684E-05  8.9684E-05  error n
  15      128  100  0.0000E+00  0.0000E+00  0.0000E+00 time for 3 hmholtz
 16      128  8.9684E-05  8.9684E-05  8.9684E-05  error n
 16      128  8.9684E-05  8.9684E-05  8.9684E-05  error n
 16      128  8.9684E-05  8.9684E-05  8.9684E-05  error n
EXIT: quit after cggov         15
  
call exitt: dying ...
  
backtrace(): obtained 8 stack frames.
./nek5000() [0x7818a5]
./nek5000() [0x9647a9]
./nek5000() [0x40df9c]
./nek5000() [0x4267a6]
./nek5000() [0x424d5e]
./nek5000() [0x4054fe]
/lib64/libc.so.6(__libc_start_main+0xf5) [0x2aaab1ca3b25]
./nek5000() [0x405409]
  
total elapsed time             :   1.69471E+02 sec
total solver time incl. I/O    :   0.00000E+00 sec
time/timestep                  :   0.00000E+00 sec
CPU seconds/timestep/gridpt    :   0.00000E+00 sec

Application 2258655 resources: utime ~2617s, stime ~62s, Rss ~83916, inblocks ~0, outblocks ~0
