/----------------------------------------------------------\\
|      _   __ ______ __ __  ______  ____   ____   ____     |
|     / | / // ____// //_/ / ____/ / __ \\/ __ \\/ __ \\   |
|    /  |/ // __/  / ,<   /___ \\ / / / // / / // / / /    |
|   / /|  // /___ / /| | ____/ / / /_/ // /_/ // /_/ /     |
|  /_/ |_//_____//_/ |_|/_____/  \\___/ \\___/ \\___/      |
|                                                          |
|----------------------------------------------------------|
|                                                          |
| NEK5000:  Open Source Spectral Element Solver            |
| COPYRIGHT (c) 2008-2016 UCHICAGO ARGONNE, LLC            |
| Version:  16.0.0                                         |
| Web:      http://nek5000.mcs.anl.gov                     |
|                                                          |
\\----------------------------------------------------------/
                                                              

 Number of processors:          32
 REAL    wdsize      :           8
 INTEGER wdsize      :           4
 Timer accuracy      : 4.05E-07
 Reading /gpfs/theta-fs1/home/thilina/env/lx16/b8.rea                                                                                        

 mapping elements to processors
 Reading /gpfs/theta-fs1/home/thilina/env/lx16/b8.map                                                                                        
           0           8           8         256         256  NELV
           4           8           8         256         256  NELV
           5           8           8         256         256  NELV
          14           8           8         256         256  NELV
           6           8           8         256         256  NELV
          23           8           8         256         256  NELV
          26           8           8         256         256  NELV
           8           8           8         256         256  NELV
          11           8           8         256         256  NELV
          10           8           8         256         256  NELV
           1           8           8         256         256  NELV
          16           8           8         256         256  NELV
          17           8           8         256         256  NELV
          27           8           8         256         256  NELV
          15           8           8         256         256  NELV
           7           8           8         256         256  NELV
          19           8           8         256         256  NELV
          18           8           8         256         256  NELV
          29           8           8         256         256  NELV
          22           8           8         256         256  NELV
          13           8           8         256         256  NELV
          12           8           8         256         256  NELV
          28           8           8         256         256  NELV
           3           8           8         256         256  NELV
          24           8           8         256         256  NELV
          25           8           8         256         256  NELV
          21           8           8         256         256  NELV
          20           8           8         256         256  NELV
           2           8           8         256         256  NELV
           9           8           8         256         256  NELV
          31           8           8         256         256  NELV
          30           8           8         256         256  NELV
 RANK     0 IEG     209     210     213     214     241     242     245     246
 element load imbalance:            0           8           8
 done :: mapping elements to processors
  
           0  objects found
 118   Parameters from file:
   1      1.00000     p001 DENSITY
   2     -100.000     p002 VISCOS
   7      1.00000     p007 RHOCP
   8      1.00000     p008 CONDUCT
  11      1.00        p011 NSTEPS
  12    -0.500000E-02 p012 DT
  21     0.100000E-05 p021 DIVERGENCE
  22     0.100000E-07 p022 HELMHOLTZ
  24     0.100000E-09 p024 TOLREL
  25     0.100000E-09 p025 TOLABS
  26     0.250000     p026 COURANT/NTAU
  27      2.00000     p027 TORDER
  66      6.00000     p066 output : <0=ascii, else binary
  67      6.00000     p067 restart: <0=ascii, else binary
  99      3.00000     p099 dealiasing: <0--> off/3--> old/4--> new
 103     0.500000E-01 p103 weight of stabilizing filter (.01)
  
 nelgt/nelgv/lelt:         256         256         100
 lx1  /lx2  /lx3 :          16          16          16
 done :: read .rea file   0.12978     sec

 setup mesh topology
   Right-handed check complete for     256 elements. OK.
   setvert3d:  16      190637      893101      190637      190637
 call usrsetvert
 done :: usrsetvert

gs_setup: 57661 unique labels shared
   pairwise times (avg, min, max): 7.2699e-05 6.69003e-05 7.74145e-05
   crystal router                : 0.000293135 0.000289488 0.000296688
   all reduce                    : 0.00115303 0.00114419 0.0011574
   used all_to_all method: pairwise
   handle bytes (avg, min, max): 159952 137308 182508
   buffer bytes (avg, min, max): 64144 47632 80912
   setupds time 1.0784E-01 seconds   0 16      190637         256
           8  max multiplicity
 done :: setup mesh topology
  
 call usrdat
 done :: usrdat

 generate geometry data
 done :: generate geometry data
  
 call usrdat2
 done :: usrdat2

 regenerate geometry data           1
 NOTE: All elements deformed , param(59) ^=0
 done :: regenerate geometry data           1
  
 verify mesh topology
  0.000000000000000E+000   1.00000000000000       Xrange
  0.000000000000000E+000   1.00000000000000       Yrange
  0.000000000000000E+000   1.00000000000000       Zrange
 done :: verify mesh topology
  
 IFTRAN   = T
 IFFLOW   = T
 IFHEAT   = F
 IFSPLIT  = T
 IFLOMACH = F
 IFUSERVP = F
 IFUSERMV = F
 IFSTRS   = F
 IFCHAR   = F
 IFCYCLIC = F
 IFAXIS   = F
 IFMVBD   = F
 IFMELT   = F
 IFMODEL  = F
 IFKEPS   = F
 IFMOAB   = F
 IFNEKNEK = F
 IFSYNC   = T
   
 IFVCOR   = T
 IFINTQ   = F
 IFCWUZ   = F
 IFSWALL  = F
 IFGEOM   = F
 IFSURT   = F
 IFWCNO   = F
   
 IFTMSH for field           1    =  F
 IFADVC for field           1    =  T
 IFNONL for field           1    =  F
   
 Dealiasing enabled, lxd=          24
  
 Estimated eigenvalues
 EIGAA =    9.86960440108936     
 EIGGA =    3010962.11249242     
 EIGAE =    9.86960440108936     
 EIGAS =   8.333333333333333E-002
 EIGGE =    3010962.11249242     
 EIGGS =    2.00000000000000     
  
 verify mesh topology
  0.000000000000000E+000   1.00000000000000       Xrange
  0.000000000000000E+000   1.00000000000000       Yrange
  0.000000000000000E+000   1.00000000000000       Zrange
 done :: verify mesh topology
  
  E-solver strategy:  0 itr
 mg_nx:           1           9          15
 mg_ny:           1           9          15
 mg_nz:           1           9          15
 call usrsetvert
 done :: usrsetvert

gs_setup: 261 unique labels shared
   pairwise times (avg, min, max): 4.289e-05 4.09842e-05 4.64916e-05
   crystal router                : 1.08354e-05 1.06812e-05 1.09911e-05
   all reduce                    : 5.62191e-05 5.59092e-05 5.66006e-05
   used all_to_all method: crystal router
   handle bytes (avg, min, max): 6646 5668 7564
   buffer bytes (avg, min, max): 1032 832 1232
   setupds time 5.2369E-03 seconds   1  2         405         256
   setvert3d:   4        6077        8125        6077        6077
 call usrsetvert
 done :: usrsetvert

gs_setup: 2317 unique labels shared
   pairwise times (avg, min, max): 4.26389e-05 3.98874e-05 4.64916e-05
   crystal router                : 2.28949e-05 2.25782e-05 2.31981e-05
   all reduce                    : 0.000102056 0.000100994 0.000103211
   used all_to_all method: crystal router
   handle bytes (avg, min, max): 38254 30724 45580
   buffer bytes (avg, min, max): 6576 5120 7888
   setupds time 9.5990E-03 seconds   2  4        6077         256
   setvert3d:  10       66101      197173       66101       66101
 call usrsetvert
 done :: usrsetvert

gs_setup: 20773 unique labels shared
   pairwise times (avg, min, max): 5.89192e-05 5.53846e-05 6.23941e-05
   crystal router                : 0.000114931 0.000113487 0.000116801
   all reduce                    : 0.000655469 0.000652409 0.000662589
   used all_to_all method: pairwise
   handle bytes (avg, min, max): 59944 51484 68364
   buffer bytes (avg, min, max): 24736 18256 31376
   setupds time 4.0831E-02 seconds   3 10       66101         256
   setvert3d:  12      100445      356445      100445      100445
 call usrsetvert
 done :: usrsetvert

gs_setup: 31021 unique labels shared
   pairwise times (avg, min, max): 5.80281e-05 5.63145e-05 6.37054e-05
   crystal router                : 0.000157318 0.000155091 0.000160003
   all reduce                    : 0.00089407 0.000889587 0.000904393
   used all_to_all method: pairwise
   handle bytes (avg, min, max): 87904 75484 100268
   buffer bytes (avg, min, max): 35824 26512 45328
   setupds time 5.5668E-02 seconds   4 12      100445         256
 regenerate geometry data           1
 NOTE: All elements deformed , param(59) ^=0
 done :: regenerate geometry data           1
  
 h1_mg_nx:           1           3          15
 h1_mg_ny:           1           3          15
 h1_mg_nz:           1           3          15
 call usrsetvert
 done :: usrsetvert

gs_setup: 261 unique labels shared
   pairwise times (avg, min, max): 4.03687e-05 3.94106e-05 4.59194e-05
   crystal router                : 1.09673e-05 1.0705e-05 1.11103e-05
   all reduce                    : 6.25238e-05 6.22034e-05 6.27995e-05
   used all_to_all method: crystal router
   handle bytes (avg, min, max): 6646 5668 7564
   buffer bytes (avg, min, max): 1032 832 1232
   setupds time 5.6250E-03 seconds   5  2         405         256
   setvert3d:   4        6077        8125        6077        6077
 call usrsetvert
 done :: usrsetvert

gs_setup: 2317 unique labels shared
   pairwise times (avg, min, max): 4.29168e-05 4.09842e-05 4.68969e-05
   crystal router                : 2.52381e-05 2.50101e-05 2.56062e-05
   all reduce                    : 0.000105324 0.000104403 0.000106287
   used all_to_all method: crystal router
   handle bytes (avg, min, max): 38254 30724 45580
   buffer bytes (avg, min, max): 6576 5120 7888
   setupds time 9.9542E-03 seconds   6  4        6077         256
   setvert3d:   4        6077        8125        6077        6077
 call usrsetvert
 done :: usrsetvert

gs_setup: 2317 unique labels shared
   pairwise times (avg, min, max): 4.02227e-05 3.89814e-05 4.32968e-05
   crystal router                : 2.40274e-05 2.36034e-05 2.45094e-05
   all reduce                    : 0.000115239 0.000114202 0.00011611
   used all_to_all method: crystal router
   handle bytes (avg, min, max): 38254 30724 45580
   buffer bytes (avg, min, max): 6576 5120 7888
   setupds time 8.5731E-03 seconds   7  4        6077         256
   setvert3d:   6       18917       35301       18917       18917
 call usrsetvert
 done :: usrsetvert

gs_setup: 6421 unique labels shared
   pairwise times (avg, min, max): 4.46282e-05 4.21047e-05 4.79221e-05
   crystal router                : 3.90217e-05 3.84808e-05 4.00066e-05
   all reduce                    : 0.000208946 0.000206685 0.000209999
   used all_to_all method: crystal router
   handle bytes (avg, min, max): 97510 77284 117388
   buffer bytes (avg, min, max): 16864 12992 20176
   setupds time 1.4856E-02 seconds   8  6       18917         256
   setvert3d:  16      190637      893101      190637      190637
 call usrsetvert
 done :: usrsetvert

gs_setup: 57661 unique labels shared
   pairwise times (avg, min, max): 7.66501e-05 7.43866e-05 8.44002e-05
   crystal router                : 0.000264754 0.000261402 0.000270104
   all reduce                    : 0.00109952 0.0010951 0.00110521
   used all_to_all method: pairwise
   handle bytes (avg, min, max): 159952 137308 182508
   buffer bytes (avg, min, max): 64144 47632 80912
   setupds time 9.6254E-02 seconds   9 16      190637         256
   setvert3d:  18      246485     1295061      246485      246485
 call usrsetvert
 done :: usrsetvert

gs_setup: 74053 unique labels shared
   pairwise times (avg, min, max): 7.51033e-05 7.19786e-05 7.97987e-05
   crystal router                : 0.00035042 0.000346899 0.0003546
   all reduce                    : 0.0013349 0.00132861 0.00133991
   used all_to_all method: pairwise
   handle bytes (avg, min, max): 204040 175132 232844
   buffer bytes (avg, min, max): 81376 60496 102544
   setupds time 1.3047E-01 seconds  10 18      246485         256
 setup h1 coarse grid, nx_crs=           2
 call usrsetvert
 done :: usrsetvert

gs_setup: 261 unique labels shared
   pairwise times (avg, min, max): 3.62217e-05 3.48091e-05 3.99828e-05
   crystal router                : 1.22041e-05 1.20163e-05 1.24931e-05
   all reduce                    : 5.40823e-05 5.37872e-05 5.45025e-05
   used all_to_all method: crystal router
   handle bytes (avg, min, max): 6646 5668 7564
   buffer bytes (avg, min, max): 1032 832 1232
 done :: setup h1 coarse grid   3.402495384216309E-002  sec
  
 call usrdat3
 done :: usrdat3

 set initial conditions
 nekuic (1) for ifld            1
 call nekuic for vel  
 xyz min     0.0000       0.0000       0.0000    
 uvwpt min   0.0000       0.0000       0.0000       0.0000       0.0000    
 PS min      0.0000       0.0000      0.99000E+22
 xyz max     1.0000       1.0000       1.0000    
 uvwpt max   0.0000       0.0000       0.0000       0.0000       0.0000    
 PS max      0.0000       0.0000     -0.99000E+22
 done :: set initial conditions
  
 call userchk
GFM max:  2.5742E-04  1.0297E-03  1.0297E-03  9.0034E-17  9.0034E-17  2.0078E-16
 
nelt =       8, np =        32, nx1 =      16, elements =       256
Solve Time =   0.2384E-08
 
nelt =       8, np =        32, nx1 =      16, elements =       256
Solve Time =   0.2358E-08
 
nelt =       8, np =        32, nx1 =      16, elements =       256
Solve Time =   0.2354E-08
 
nelt =       8, np =        32, nx1 =      16, elements =       256
Solve Time =   0.2356E-08
 
nelt =       8, np =        32, nx1 =      16, elements =       256
Solve Time =   0.2353E-08
 
nelt =       8, np =        32, nx1 =      16, elements =       256
Solve Time =   0.2353E-08
 
nelt =       8, np =        32, nx1 =      16, elements =       256
Solve Time =   0.2351E-08
 
nelt =       8, np =        32, nx1 =      16, elements =       256
Solve Time =   0.2353E-08
 
nelt =       8, np =        32, nx1 =      16, elements =       256
Solve Time =   0.2352E-08
 
nelt =       8, np =        32, nx1 =      16, elements =       256
Solve Time =   0.2352E-08
 
nelt =       8, np =        32, nx1 =      16, elements =       256
Solve Time =   0.2054E-08
 
nelt =       8, np =        32, nx1 =      16, elements =       256
Solve Time =   0.2049E-08
 
nelt =       8, np =        32, nx1 =      16, elements =       256
Solve Time =   0.2048E-08
 
nelt =       8, np =        32, nx1 =      16, elements =       256
Solve Time =   0.2048E-08
 
nelt =       8, np =        32, nx1 =      16, elements =       256
Solve Time =   0.2049E-08
 
nelt =       8, np =        32, nx1 =      16, elements =       256
Solve Time =   0.2048E-08
 
nelt =       8, np =        32, nx1 =      16, elements =       256
Solve Time =   0.2049E-08
 
nelt =       8, np =        32, nx1 =      16, elements =       256
Solve Time =   0.2049E-08
 
nelt =       8, np =        32, nx1 =      16, elements =       256
Solve Time =   0.2048E-08
 
nelt =       8, np =        32, nx1 =      16, elements =       256
Solve Time =   0.2050E-08
 
nelt =       8, np =        32, nx1 =      16, elements =       256
Solve Time =   0.2165E-08
 
nelt =       8, np =        32, nx1 =      16, elements =       256
Solve Time =   0.2160E-08
 
nelt =       8, np =        32, nx1 =      16, elements =       256
Solve Time =   0.2159E-08
 
nelt =       8, np =        32, nx1 =      16, elements =       256
Solve Time =   0.2160E-08
 
nelt =       8, np =        32, nx1 =      16, elements =       256
Solve Time =   0.2158E-08
 
nelt =       8, np =        32, nx1 =      16, elements =       256
Solve Time =   0.2161E-08
 
nelt =       8, np =        32, nx1 =      16, elements =       256
Solve Time =   0.2159E-08
 
nelt =       8, np =        32, nx1 =      16, elements =       256
Solve Time =   0.2159E-08
 
nelt =       8, np =        32, nx1 =      16, elements =       256
Solve Time =   0.2161E-08
 
nelt =       8, np =        32, nx1 =      16, elements =       256
Solve Time =   0.2159E-08
 
nelt =       8, np =        32, nx1 =      16, elements =       256
Solve Time =   0.2257E-08
 
nelt =       8, np =        32, nx1 =      16, elements =       256
Solve Time =   0.2255E-08
 
nelt =       8, np =        32, nx1 =      16, elements =       256
Solve Time =   0.2256E-08
 
nelt =       8, np =        32, nx1 =      16, elements =       256
Solve Time =   0.2255E-08
 
nelt =       8, np =        32, nx1 =      16, elements =       256
Solve Time =   0.2255E-08
 
nelt =       8, np =        32, nx1 =      16, elements =       256
Solve Time =   0.2256E-08
 
nelt =       8, np =        32, nx1 =      16, elements =       256
Solve Time =   0.2255E-08
 
nelt =       8, np =        32, nx1 =      16, elements =       256
Solve Time =   0.2256E-08
 
nelt =       8, np =        32, nx1 =      16, elements =       256
Solve Time =   0.2255E-08
 
nelt =       8, np =        32, nx1 =      16, elements =       256
Solve Time =   0.2256E-08
 
nelt =       8, np =        32, nx1 =      16, elements =       256
Solve Time =   0.2354E-08
 
nelt =       8, np =        32, nx1 =      16, elements =       256
Solve Time =   0.2347E-08
 
nelt =       8, np =        32, nx1 =      16, elements =       256
Solve Time =   0.2348E-08
 
nelt =       8, np =        32, nx1 =      16, elements =       256
Solve Time =   0.2348E-08
 
nelt =       8, np =        32, nx1 =      16, elements =       256
Solve Time =   0.2348E-08
 
nelt =       8, np =        32, nx1 =      16, elements =       256
Solve Time =   0.2348E-08
 
nelt =       8, np =        32, nx1 =      16, elements =       256
Solve Time =   0.2349E-08
 
nelt =       8, np =        32, nx1 =      16, elements =       256
Solve Time =   0.2348E-08
 
nelt =       8, np =        32, nx1 =      16, elements =       256
Solve Time =   0.2350E-08
 
nelt =       8, np =        32, nx1 =      16, elements =       256
Solve Time =   0.2349E-08
 schfile:
 /gpfs/theta-fs1/home/thilina/env/lx16/b8.sch                                   
                                                      
 16      256  1.0000E+00  1.0000E+00  1.0000E+00  error v
 16      256  1.0000E+00  1.0000E+00  1.0000E+00  error v
 16      256  1.0000E+00  1.0000E+00  1.0000E+00  error v
 16      256  1.0000E+00  1.0000E+00  1.0000E+00  error v
 16      256  1.0000E+00  1.0000E+00  1.0000E+00  error v
 16      256  1.0000E+00  1.0000E+00  1.0000E+00  error v
 16      256  1.0000E+00  1.0000E+00  1.0000E+00  error v
 16      256  1.0000E+00  1.0000E+00  1.0000E+00  error v
 16      256  1.0000E+00  1.0000E+00  1.0000E+00  error v
 16      256  1.0000E+00  1.0000E+00  1.0000E+00  error v
 16      256  1.0000E+00  1.0000E+00  1.0000E+00  error v
 16      256  1.0000E+00  1.0000E+00  1.0000E+00  error v
 16      256  1.0000E+00  1.0000E+00  1.0000E+00  error v
 16      256  1.0000E+00  1.0000E+00  1.0000E+00  error v
 16      256  1.0000E+00  1.0000E+00  1.0000E+00  error v
 16      256  1.0000E+00  1.0000E+00  1.0000E+00  error v
 16      256  1.0000E+00  1.0000E+00  1.0000E+00  error v
 16      256  1.0000E+00  1.0000E+00  1.0000E+00  error v
 16      256  1.0000E+00  1.0000E+00  1.0000E+00  error v
 16      256  1.0000E+00  1.0000E+00  1.0000E+00  error v
 16      256  1.0000E+00  1.0000E+00  1.0000E+00  error v
 16      256  1.0000E+00  1.0000E+00  1.0000E+00  error v
 16      256  1.0000E+00  1.0000E+00  1.0000E+00  error v
 16      256  1.0000E+00  1.0000E+00  1.0000E+00  error v
 16      256  1.0000E+00  1.0000E+00  1.0000E+00  error v
 16      256  1.0000E+00  1.0000E+00  1.0000E+00  error v
 16      256  1.0000E+00  1.0000E+00  1.0000E+00  error v
 16      256  1.0000E+00  1.0000E+00  1.0000E+00  error v
 16      256  1.0000E+00  1.0000E+00  1.0000E+00  error v
 16      256  1.0000E+00  1.0000E+00  1.0000E+00  error v
 16      256  1.0000E+00  1.0000E+00  1.0000E+00  error v
 16      256  1.0000E+00  1.0000E+00  1.0000E+00  error v
 
nelt =       8, np =        32, nx1 =      16, elements =       256
Solve Time =   0.2550E-08
 
nelt =       8, np =        32, nx1 =      16, elements =       256
Solve Time =   0.2544E-08
 
nelt =       8, np =        32, nx1 =      16, elements =       256
Solve Time =   0.2543E-08
 
nelt =       8, np =        32, nx1 =      16, elements =       256
Solve Time =   0.2547E-08
 
nelt =       8, np =        32, nx1 =      16, elements =       256
Solve Time =   0.2544E-08
 
nelt =       8, np =        32, nx1 =      16, elements =       256
Solve Time =   0.2546E-08
 
nelt =       8, np =        32, nx1 =      16, elements =       256
Solve Time =   0.2544E-08
 
nelt =       8, np =        32, nx1 =      16, elements =       256
Solve Time =   0.2543E-08
 
nelt =       8, np =        32, nx1 =      16, elements =       256
Solve Time =   0.2545E-08
 
nelt =       8, np =        32, nx1 =      16, elements =       256
Solve Time =   0.2544E-08
 16      256  1.4671E-04  1.4671E-04  1.4671E-04  error s
 16      256  1.4671E-04  1.4671E-04  1.4671E-04  error s
 16      256  1.4671E-04  1.4671E-04  1.4671E-04  error s
 16      256  1.4671E-04  1.4671E-04  1.4671E-04  error s
 16      256  1.4671E-04  1.4671E-04  1.4671E-04  error s
 16      256  1.4671E-04  1.4671E-04  1.4671E-04  error s
 16      256  1.4671E-04  1.4671E-04  1.4671E-04  error s
 16      256  1.4671E-04  1.4671E-04  1.4671E-04  error s
 16      256  1.4671E-04  1.4671E-04  1.4671E-04  error s
 16      256  1.4671E-04  1.4671E-04  1.4671E-04  error s
 16      256  1.4671E-04  1.4671E-04  1.4671E-04  error s
 16      256  1.4671E-04  1.4671E-04  1.4671E-04  error s
 16      256  1.4671E-04  1.4671E-04  1.4671E-04  error s
 16      256  1.4671E-04  1.4671E-04  1.4671E-04  error s
 16      256  1.4671E-04  1.4671E-04  1.4671E-04  error s
 16      256  1.4671E-04  1.4671E-04  1.4671E-04  error s
 16      256  1.4671E-04  1.4671E-04  1.4671E-04  error s
 16      256  1.4671E-04  1.4671E-04  1.4671E-04  error s
 16      256  1.4671E-04  1.4671E-04  1.4671E-04  error s
 16      256  1.4671E-04  1.4671E-04  1.4671E-04  error s
 16      256  1.4671E-04  1.4671E-04  1.4671E-04  error s
 16      256  1.4671E-04  1.4671E-04  1.4671E-04  error s
 16      256  1.4671E-04  1.4671E-04  1.4671E-04  error s
 16      256  1.4671E-04  1.4671E-04  1.4671E-04  error s
 16      256  1.4671E-04  1.4671E-04  1.4671E-04  error s
 16      256  1.4671E-04  1.4671E-04  1.4671E-04  error s
 16      256  1.4671E-04  1.4671E-04  1.4671E-04  error s
 16      256  1.4671E-04  1.4671E-04  1.4671E-04  error s
 16      256  1.4671E-04  1.4671E-04  1.4671E-04  error s
 16      256  1.4671E-04  1.4671E-04  1.4671E-04  error s
 16      256  1.4671E-04  1.4671E-04  1.4671E-04  error s
 16      256  1.4671E-04  1.4671E-04  1.4671E-04  error s
 
nelt =       8, np =        32, nx1 =      16, elements =       256
Solve Time =   0.2983E-08
 
nelt =       8, np =        32, nx1 =      16, elements =       256
Solve Time =   0.2972E-08
 
nelt =       8, np =        32, nx1 =      16, elements =       256
Solve Time =   0.2972E-08
 
nelt =       8, np =        32, nx1 =      16, elements =       256
Solve Time =   0.2973E-08
 
nelt =       8, np =        32, nx1 =      16, elements =       256
Solve Time =   0.2973E-08
 
nelt =       8, np =        32, nx1 =      16, elements =       256
Solve Time =   0.2973E-08
 
nelt =       8, np =        32, nx1 =      16, elements =       256
Solve Time =   0.2972E-08
 
nelt =       8, np =        32, nx1 =      16, elements =       256
Solve Time =   0.2975E-08
 
nelt =       8, np =        32, nx1 =      16, elements =       256
Solve Time =   0.2972E-08
 
nelt =       8, np =        32, nx1 =      16, elements =       256
Solve Time =   0.2973E-08
 16      256  1.4679E-04  1.4679E-04  1.4679E-04  error n
 16      256  1.4679E-04  1.4679E-04  1.4679E-04  error n
 16      256  1.4679E-04  1.4679E-04  1.4679E-04  error n
 16      256  1.4679E-04  1.4679E-04  1.4679E-04  error n
 16      256  1.4679E-04  1.4679E-04  1.4679E-04  error n
 16      256  1.4679E-04  1.4679E-04  1.4679E-04  error n
 16      256  1.4679E-04  1.4679E-04  1.4679E-04  error n
 16      256  1.4679E-04  1.4679E-04  1.4679E-04  error n
 16      256  1.4679E-04  1.4679E-04  1.4679E-04  error n
 16      256  1.4679E-04  1.4679E-04  1.4679E-04  error n
 16      256  1.4679E-04  1.4679E-04  1.4679E-04  error n
 16      256  1.4679E-04  1.4679E-04  1.4679E-04  error n
 16      256  1.4679E-04  1.4679E-04  1.4679E-04  error n
 16      256  1.4679E-04  1.4679E-04  1.4679E-04  error n
 16      256  1.4679E-04  1.4679E-04  1.4679E-04  error n
 16      256  1.4679E-04  1.4679E-04  1.4679E-04  error n
 16      256  1.4679E-04  1.4679E-04  1.4679E-04  error n
 16      256  1.4679E-04  1.4679E-04  1.4679E-04  error n
 16      256  1.4679E-04  1.4679E-04  1.4679E-04  error n
 16      256  1.4679E-04  1.4679E-04  1.4679E-04  error n
 16      256  1.4679E-04  1.4679E-04  1.4679E-04  error n
 16      256  1.4679E-04  1.4679E-04  1.4679E-04  error n
 16      256  1.4679E-04  1.4679E-04  1.4679E-04  error n
 16      256  1.4679E-04  1.4679E-04  1.4679E-04  error n
 16      256  1.4679E-04  1.4679E-04  1.4679E-04  error n
 16      256  1.4679E-04  1.4679E-04  1.4679E-04  error n
 16      256  1.4679E-04  1.4679E-04  1.4679E-04  error n
 16      256  1.4679E-04  1.4679E-04  1.4679E-04  error n
 16      256  1.4679E-04  1.4679E-04  1.4679E-04  error n
 16      256  1.4679E-04  1.4679E-04  1.4679E-04  error n
 16      256  1.4679E-04  1.4679E-04  1.4679E-04  error n
 16      256  1.4679E-04  1.4679E-04  1.4679E-04  error n
  15      256  100  0.0000E+00  0.0000E+00  0.0000E+00 time for 3 hmholtz
EXIT: quit after cggov         15
  
call exitt: dying ...
  
backtrace(): obtained 8 stack frames.
./nek5000() [0x7818a5]
./nek5000() [0x9647a9]
./nek5000() [0x40df9c]
./nek5000() [0x4267a6]
./nek5000() [0x424d5e]
./nek5000() [0x4054fe]
/lib64/libc.so.6(__libc_start_main+0xf5) [0x2aaab1ca3b25]
./nek5000() [0x405409]
  
total elapsed time             :   2.85448E+02 sec
total solver time incl. I/O    :   0.00000E+00 sec
time/timestep                  :   0.00000E+00 sec
CPU seconds/timestep/gridpt    :   0.00000E+00 sec

Application 2258698 resources: utime ~8926s, stime ~151s, Rss ~86232, inblocks ~0, outblocks ~0
