/----------------------------------------------------------\\
|      _   __ ______ __ __  ______  ____   ____   ____     |
|     / | / // ____// //_/ / ____/ / __ \\/ __ \\/ __ \\   |
|    /  |/ // __/  / ,<   /___ \\ / / / // / / // / / /    |
|   / /|  // /___ / /| | ____/ / / /_/ // /_/ // /_/ /     |
|  /_/ |_//_____//_/ |_|/_____/  \\___/ \\___/ \\___/      |
|                                                          |
|----------------------------------------------------------|
|                                                          |
| NEK5000:  Open Source Spectral Element Solver            |
| COPYRIGHT (c) 2008-2016 UCHICAGO ARGONNE, LLC            |
| Version:  16.0.0                                         |
| Web:      http://nek5000.mcs.anl.gov                     |
|                                                          |
\\----------------------------------------------------------/
                                                              

 Number of processors:         256
 REAL    wdsize      :           8
 INTEGER wdsize      :           4
 Timer accuracy      : 3.81E-07
 Reading /gpfs/theta-fs1/home/thilina/env/lx16/b8.rea                                                                                        

 mapping elements to processors
 Reading /gpfs/theta-fs1/home/thilina/env/lx16/b8.map                                                                                        
 RANK     0 IEG     245
 element load imbalance:            0           1           1
 done :: mapping elements to processors
  
           0  objects found
 118   Parameters from file:
   1      1.00000     p001 DENSITY
   2     -100.000     p002 VISCOS
   7      1.00000     p007 RHOCP
   8      1.00000     p008 CONDUCT
  11      1.00        p011 NSTEPS
  12    -0.500000E-02 p012 DT
  21     0.100000E-05 p021 DIVERGENCE
  22     0.100000E-07 p022 HELMHOLTZ
  24     0.100000E-09 p024 TOLREL
  25     0.100000E-09 p025 TOLABS
  26     0.250000     p026 COURANT/NTAU
  27      2.00000     p027 TORDER
  66      6.00000     p066 output : <0=ascii, else binary
  67      6.00000     p067 restart: <0=ascii, else binary
  99      3.00000     p099 dealiasing: <0--> off/3--> old/4--> new
 103     0.500000E-01 p103 weight of stabilizing filter (.01)
  
 nelgt/nelgv/lelt:         256         256         100
 lx1  /lx2  /lx3 :          16          16          16
 done :: read .rea file   0.49759     sec

 setup mesh topology
   Right-handed check complete for     256 elements. OK.
   setvert3d:  16      196545      899009      196545      196545
 call usrsetvert
 done :: usrsetvert

gs_setup: 139333 unique labels shared
   pairwise times (avg, min, max): 0.000137906 0.000121689 0.000163102
   crystal router                : 0.000291358 0.000286317 0.000299001
   used all_to_all method: pairwise
   handle bytes (avg, min, max): 30392 18436 36340
   buffer bytes (avg, min, max): 22681.5 13072 27776
   setupds time 1.0544E-01 seconds   0 16      196545         256
           8  max multiplicity
 done :: setup mesh topology
  
 call usrdat
 done :: usrdat

 generate geometry data
 done :: generate geometry data
  
 call usrdat2
 done :: usrdat2

 regenerate geometry data           1
 NOTE: All elements deformed , param(59) ^=0
 done :: regenerate geometry data           1
  
 verify mesh topology
  0.000000000000000E+000   1.00000000000000       Xrange
  0.000000000000000E+000   1.00000000000000       Yrange
  0.000000000000000E+000   1.00000000000000       Zrange
 done :: verify mesh topology
  
 IFTRAN   = T
 IFFLOW   = T
 IFHEAT   = F
 IFSPLIT  = T
 IFLOMACH = F
 IFUSERVP = F
 IFUSERMV = F
 IFSTRS   = F
 IFCHAR   = F
 IFCYCLIC = F
 IFAXIS   = F
 IFMVBD   = F
 IFMELT   = F
 IFMODEL  = F
 IFKEPS   = F
 IFMOAB   = F
 IFNEKNEK = F
 IFSYNC   = T
   
 IFVCOR   = T
 IFINTQ   = F
 IFCWUZ   = F
 IFSWALL  = F
 IFGEOM   = F
 IFSURT   = F
 IFWCNO   = F
   
 IFTMSH for field           1    =  F
 IFADVC for field           1    =  T
 IFNONL for field           1    =  F
   
 Dealiasing enabled, lxd=          24
  
 Estimated eigenvalues
 EIGAA =    9.86960440108936     
 EIGGA =    3010598.96812473     
 EIGAE =    9.86960440108936     
 EIGAS =   8.333333333333333E-002
 EIGGE =    3010598.96812473     
 EIGGS =    2.00000000000000     
  
 verify mesh topology
  0.000000000000000E+000   1.00000000000000       Xrange
  0.000000000000000E+000   1.00000000000000       Yrange
  0.000000000000000E+000   1.00000000000000       Zrange
 done :: verify mesh topology
  
  E-solver strategy:  0 itr
 mg_nx:           1           9          15
 mg_ny:           1           9          15
 mg_nz:           1           9          15
 call usrsetvert
 done :: usrsetvert

gs_setup: 397 unique labels shared
   pairwise times (avg, min, max): 0.000112567 9.0003e-05 0.000131297
   crystal router                : 5.3935e-05 5.33819e-05 5.45979e-05
   all reduce                    : 0.000142642 0.000141597 0.000145197
   used all_to_all method: crystal router
   handle bytes (avg, min, max): 4411 4036 4828
   buffer bytes (avg, min, max): 454 352 480
   setupds time 1.0771E-02 seconds   1  2         405         256
   setvert3d:   4        6201        8249        6201        6201
 call usrsetvert
 done :: usrsetvert

gs_setup: 4885 unique labels shared
   pairwise times (avg, min, max): 0.000109328 8.88824e-05 0.0001266
   crystal router                : 6.60364e-05 6.53982e-05 6.69956e-05
   all reduce                    : 0.000442075 0.000440192 0.000445104
   used all_to_all method: crystal router
   handle bytes (avg, min, max): 18574 14404 21220
   buffer bytes (avg, min, max): 2534 1792 2880
   setupds time 2.5119E-02 seconds   2  4        6201         256
   setvert3d:  10       68037      199109       68037       68037
 call usrsetvert
 done :: usrsetvert

gs_setup: 49069 unique labels shared
   pairwise times (avg, min, max): 0.000115517 0.000100803 0.000133395
   crystal router                : 0.000109269 0.000108099 0.000110507
   all reduce                    : 0.00133301 0.00132658 0.00134041
   used all_to_all method: crystal router
   handle bytes (avg, min, max): 130759 91588 154564
   buffer bytes (avg, min, max): 17682.5 12256 20064
   setupds time 6.7749E-02 seconds   3 10       68037         256
   setvert3d:  12      103465      359465      103465      103465
 call usrsetvert
 done :: usrsetvert

gs_setup: 74037 unique labels shared
   pairwise times (avg, min, max): 0.000115522 0.000101805 0.000133681
   crystal router                : 0.000123307 0.000121903 0.000124788
   all reduce                    : 0.00181858 0.001809 0.0018312
   used all_to_all method: crystal router
   handle bytes (avg, min, max): 191386 132676 227044
   buffer bytes (avg, min, max): 25722.5 17792 29120
   setupds time 1.0316E-01 seconds   4 12      103465         256
 regenerate geometry data           1
 NOTE: All elements deformed , param(59) ^=0
 done :: regenerate geometry data           1
  
 h1_mg_nx:           1           3          15
 h1_mg_ny:           1           3          15
 h1_mg_nz:           1           3          15
 call usrsetvert
 done :: usrsetvert

gs_setup: 397 unique labels shared
   pairwise times (avg, min, max): 0.000105945 8.9097e-05 0.000122404
   crystal router                : 7.83617e-05 7.7796e-05 7.9298e-05
   all reduce                    : 0.000145883 0.000145078 0.000146914
   used all_to_all method: crystal router
   handle bytes (avg, min, max): 4411 4036 4828
   buffer bytes (avg, min, max): 454 352 480
   setupds time 1.0705E-02 seconds   5  2         405         256
   setvert3d:   4        6201        8249        6201        6201
 call usrsetvert
 done :: usrsetvert

gs_setup: 4885 unique labels shared
   pairwise times (avg, min, max): 0.000104935 9.15051e-05 0.000121999
   crystal router                : 6.26205e-05 6.18935e-05 6.33955e-05
   all reduce                    : 0.000463093 0.000461197 0.000466299
   used all_to_all method: crystal router
   handle bytes (avg, min, max): 18574 14404 21220
   buffer bytes (avg, min, max): 2534 1792 2880
   setupds time 2.2015E-02 seconds   6  4        6201         256
   setvert3d:   4        6201        8249        6201        6201
 call usrsetvert
 done :: usrsetvert

gs_setup: 4885 unique labels shared
   pairwise times (avg, min, max): 9.9764e-05 8.53062e-05 0.000112104
   crystal router                : 6.35536e-05 6.20127e-05 6.53028e-05
   all reduce                    : 0.000445547 0.000441289 0.000449204
   used all_to_all method: crystal router
   handle bytes (avg, min, max): 18574 14404 21220
   buffer bytes (avg, min, max): 2534 1792 2880
   setupds time 1.9908E-02 seconds   7  4        6201         256
   setvert3d:   6       19405       35789       19405       19405
 call usrsetvert
 done :: usrsetvert

gs_setup: 14493 unique labels shared
   pairwise times (avg, min, max): 0.00010159 9.00984e-05 0.000119185
   crystal router                : 8.69701e-05 8.60929e-05 8.80957e-05
   all reduce                    : 0.000918759 0.000915504 0.000925112
   used all_to_all method: crystal router
   handle bytes (avg, min, max): 44353 32452 51652
   buffer bytes (avg, min, max): 6095.5 4256 6944
   setupds time 2.9232E-02 seconds   8  6       19405         256
   setvert3d:  16      196545      899009      196545      196545
 call usrsetvert
 done :: usrsetvert

gs_setup: 139333 unique labels shared
   pairwise times (avg, min, max): 0.000117432 0.000105 0.000130796
   crystal router                : 0.000218068 0.000214195 0.00022409
   used all_to_all method: pairwise
   handle bytes (avg, min, max): 30392 18436 36340
   buffer bytes (avg, min, max): 22681.5 13072 27776
   setupds time 6.7381E-02 seconds   9 16      196545         256
   setvert3d:  18      254197     1302773      254197      254197
 call usrsetvert
 done :: usrsetvert

gs_setup: 179661 unique labels shared
   pairwise times (avg, min, max): 0.000116848 9.93967e-05 0.000130296
   crystal router                : 0.000267208 0.000262594 0.000271583
   used all_to_all method: pairwise
   handle bytes (avg, min, max): 38419 23284 45940
   buffer bytes (avg, min, max): 28387.5 16432 34688
   setupds time 7.6216E-02 seconds  10 18      254197         256
 setup h1 coarse grid, nx_crs=           2
 call usrsetvert
 done :: usrsetvert

gs_setup: 397 unique labels shared
   pairwise times (avg, min, max): 9.76911e-05 8.61883e-05 0.000111294
   crystal router                : 6.15245e-05 6.0606e-05 6.79016e-05
   all reduce                    : 0.000136516 0.000135803 0.000137377
   used all_to_all method: crystal router
   handle bytes (avg, min, max): 4411 4036 4828
   buffer bytes (avg, min, max): 454 352 480
 done :: setup h1 coarse grid   2.803206443786621E-002  sec
  
 call usrdat3
 done :: usrdat3

 set initial conditions
 nekuic (1) for ifld            1
 call nekuic for vel  
 xyz min     0.0000       0.0000       0.0000    
 uvwpt min   0.0000       0.0000       0.0000       0.0000       0.0000    
 PS min      0.0000       0.0000      0.99000E+22
 xyz max     1.0000       1.0000       1.0000    
 uvwpt max   0.0000       0.0000       0.0000       0.0000       0.0000    
 PS max      0.0000       0.0000     -0.99000E+22
 done :: set initial conditions
  
 call userchk
GFM max:  2.5742E-04  1.0297E-03  1.0297E-03  9.0034E-17  9.0034E-17  2.0078E-16
 
nelt =       1, np =       256, nx1 =      16, elements =       256
Solve Time =   0.5836E-09
 
nelt =       1, np =       256, nx1 =      16, elements =       256
Solve Time =   0.5688E-09
 
nelt =       1, np =       256, nx1 =      16, elements =       256
Solve Time =   0.5700E-09
 
nelt =       1, np =       256, nx1 =      16, elements =       256
Solve Time =   0.5709E-09
 
nelt =       1, np =       256, nx1 =      16, elements =       256
Solve Time =   0.5695E-09
 
nelt =       1, np =       256, nx1 =      16, elements =       256
Solve Time =   0.5706E-09
 
nelt =       1, np =       256, nx1 =      16, elements =       256
Solve Time =   0.5700E-09
 
nelt =       1, np =       256, nx1 =      16, elements =       256
Solve Time =   0.5698E-09
 
nelt =       1, np =       256, nx1 =      16, elements =       256
Solve Time =   0.5695E-09
 
nelt =       1, np =       256, nx1 =      16, elements =       256
Solve Time =   0.5699E-09
 
nelt =       1, np =       256, nx1 =      16, elements =       256
Solve Time =   0.4336E-09
 
nelt =       1, np =       256, nx1 =      16, elements =       256
Solve Time =   0.4277E-09
 
nelt =       1, np =       256, nx1 =      16, elements =       256
Solve Time =   0.4285E-09
 
nelt =       1, np =       256, nx1 =      16, elements =       256
Solve Time =   0.4254E-09
 
nelt =       1, np =       256, nx1 =      16, elements =       256
Solve Time =   0.4253E-09
 
nelt =       1, np =       256, nx1 =      16, elements =       256
Solve Time =   0.4266E-09
 
nelt =       1, np =       256, nx1 =      16, elements =       256
Solve Time =   0.4270E-09
 
nelt =       1, np =       256, nx1 =      16, elements =       256
Solve Time =   0.4280E-09
 
nelt =       1, np =       256, nx1 =      16, elements =       256
Solve Time =   0.4269E-09
 
nelt =       1, np =       256, nx1 =      16, elements =       256
Solve Time =   0.4254E-09
 
nelt =       1, np =       256, nx1 =      16, elements =       256
Solve Time =   0.5286E-09
 
nelt =       1, np =       256, nx1 =      16, elements =       256
Solve Time =   0.5275E-09
 
nelt =       1, np =       256, nx1 =      16, elements =       256
Solve Time =   0.5306E-09
 
nelt =       1, np =       256, nx1 =      16, elements =       256
Solve Time =   0.5263E-09
 
nelt =       1, np =       256, nx1 =      16, elements =       256
Solve Time =   0.5251E-09
 
nelt =       1, np =       256, nx1 =      16, elements =       256
Solve Time =   0.5276E-09
 
nelt =       1, np =       256, nx1 =      16, elements =       256
Solve Time =   0.5272E-09
 
nelt =       1, np =       256, nx1 =      16, elements =       256
Solve Time =   0.5239E-09
 
nelt =       1, np =       256, nx1 =      16, elements =       256
Solve Time =   0.5304E-09
 
nelt =       1, np =       256, nx1 =      16, elements =       256
Solve Time =   0.5272E-09
 
nelt =       1, np =       256, nx1 =      16, elements =       256
Solve Time =   0.5969E-09
 
nelt =       1, np =       256, nx1 =      16, elements =       256
Solve Time =   0.5950E-09
 
nelt =       1, np =       256, nx1 =      16, elements =       256
Solve Time =   0.5913E-09
 
nelt =       1, np =       256, nx1 =      16, elements =       256
Solve Time =   0.5916E-09
 
nelt =       1, np =       256, nx1 =      16, elements =       256
Solve Time =   0.5928E-09
 
nelt =       1, np =       256, nx1 =      16, elements =       256
Solve Time =   0.5948E-09
 
nelt =       1, np =       256, nx1 =      16, elements =       256
Solve Time =   0.5957E-09
 
nelt =       1, np =       256, nx1 =      16, elements =       256
Solve Time =   0.5919E-09
 
nelt =       1, np =       256, nx1 =      16, elements =       256
Solve Time =   0.5903E-09
 
nelt =       1, np =       256, nx1 =      16, elements =       256
Solve Time =   0.5941E-09
 
nelt =       1, np =       256, nx1 =      16, elements =       256
Solve Time =   0.6468E-09
 
nelt =       1, np =       256, nx1 =      16, elements =       256
Solve Time =   0.6431E-09
 
nelt =       1, np =       256, nx1 =      16, elements =       256
Solve Time =   0.6421E-09
 
nelt =       1, np =       256, nx1 =      16, elements =       256
Solve Time =   0.6396E-09
 
nelt =       1, np =       256, nx1 =      16, elements =       256
Solve Time =   0.6487E-09
 
nelt =       1, np =       256, nx1 =      16, elements =       256
Solve Time =   0.6412E-09
 
nelt =       1, np =       256, nx1 =      16, elements =       256
Solve Time =   0.6406E-09
 
nelt =       1, np =       256, nx1 =      16, elements =       256
Solve Time =   0.6485E-09
 
nelt =       1, np =       256, nx1 =      16, elements =       256
Solve Time =   0.6475E-09
 
nelt =       1, np =       256, nx1 =      16, elements =       256
Solve Time =   0.6486E-09
 schfile:
 /gpfs/theta-fs1/home/thilina/env/lx16/b8.sch                                   
                                                      
 16      256  1.0000E+00  1.0000E+00  1.0000E+00  error v
 16      256  1.0000E+00  1.0000E+00  1.0000E+00  error v
 16      256  1.0000E+00  1.0000E+00  1.0000E+00  error v
 16      256  1.0000E+00  1.0000E+00  1.0000E+00  error v
 16      256  1.0000E+00  1.0000E+00  1.0000E+00  error v
 16      256  1.0000E+00  1.0000E+00  1.0000E+00  error v
 16      256  1.0000E+00  1.0000E+00  1.0000E+00  error v
 16      256  1.0000E+00  1.0000E+00  1.0000E+00  error v
 16      256  1.0000E+00  1.0000E+00  1.0000E+00  error v
 16      256  1.0000E+00  1.0000E+00  1.0000E+00  error v
 16      256  1.0000E+00  1.0000E+00  1.0000E+00  error v
 16      256  1.0000E+00  1.0000E+00  1.0000E+00  error v
 16      256  1.0000E+00  1.0000E+00  1.0000E+00  error v
 16      256  1.0000E+00  1.0000E+00  1.0000E+00  error v
 16      256  1.0000E+00  1.0000E+00  1.0000E+00  error v
 16      256  1.0000E+00  1.0000E+00  1.0000E+00  error v
 16      256  1.0000E+00  1.0000E+00  1.0000E+00  error v
 16      256  1.0000E+00  1.0000E+00  1.0000E+00  error v
 16      256  1.0000E+00  1.0000E+00  1.0000E+00  error v
 16      256  1.0000E+00  1.0000E+00  1.0000E+00  error v
 16      256  1.0000E+00  1.0000E+00  1.0000E+00  error v
 16      256  1.0000E+00  1.0000E+00  1.0000E+00  error v
 16      256  1.0000E+00  1.0000E+00  1.0000E+00  error v
 16      256  1.0000E+00  1.0000E+00  1.0000E+00  error v
 16      256  1.0000E+00  1.0000E+00  1.0000E+00  error v
 16      256  1.0000E+00  1.0000E+00  1.0000E+00  error v
 16      256  1.0000E+00  1.0000E+00  1.0000E+00  error v
 16      256  1.0000E+00  1.0000E+00  1.0000E+00  error v
 16      256  1.0000E+00  1.0000E+00  1.0000E+00  error v
 16      256  1.0000E+00  1.0000E+00  1.0000E+00  error v
 16      256  1.0000E+00  1.0000E+00  1.0000E+00  error v
 16      256  1.0000E+00  1.0000E+00  1.0000E+00  error v
 16      256  1.0000E+00  1.0000E+00  1.0000E+00  error v
 16      256  1.0000E+00  1.0000E+00  1.0000E+00  error v
 16      256  1.0000E+00  1.0000E+00  1.0000E+00  error v
 16      256  1.0000E+00  1.0000E+00  1.0000E+00  error v
 16      256  1.0000E+00  1.0000E+00  1.0000E+00  error v
 16      256  1.0000E+00  1.0000E+00  1.0000E+00  error v
 16      256  1.0000E+00  1.0000E+00  1.0000E+00  error v
 16      256  1.0000E+00  1.0000E+00  1.0000E+00  error v
 16      256  1.0000E+00  1.0000E+00  1.0000E+00  error v
 16      256  1.0000E+00  1.0000E+00  1.0000E+00  error v
 16      256  1.0000E+00  1.0000E+00  1.0000E+00  error v
 16      256  1.0000E+00  1.0000E+00  1.0000E+00  error v
 16      256  1.0000E+00  1.0000E+00  1.0000E+00  error v
 16      256  1.0000E+00  1.0000E+00  1.0000E+00  error v
 16      256  1.0000E+00  1.0000E+00  1.0000E+00  error v
 16      256  1.0000E+00  1.0000E+00  1.0000E+00  error v
 16      256  1.0000E+00  1.0000E+00  1.0000E+00  error v
 16      256  1.0000E+00  1.0000E+00  1.0000E+00  error v
 16      256  1.0000E+00  1.0000E+00  1.0000E+00  error v
 16      256  1.0000E+00  1.0000E+00  1.0000E+00  error v
 16      256  1.0000E+00  1.0000E+00  1.0000E+00  error v
 16      256  1.0000E+00  1.0000E+00  1.0000E+00  error v
 16      256  1.0000E+00  1.0000E+00  1.0000E+00  error v
 16      256  1.0000E+00  1.0000E+00  1.0000E+00  error v
 16      256  1.0000E+00  1.0000E+00  1.0000E+00  error v
 16      256  1.0000E+00  1.0000E+00  1.0000E+00  error v
 16      256  1.0000E+00  1.0000E+00  1.0000E+00  error v
 16      256  1.0000E+00  1.0000E+00  1.0000E+00  error v
 16      256  1.0000E+00  1.0000E+00  1.0000E+00  error v
 16      256  1.0000E+00  1.0000E+00  1.0000E+00  error v
 16      256  1.0000E+00  1.0000E+00  1.0000E+00  error v
 16      256  1.0000E+00  1.0000E+00  1.0000E+00  error v
 16      256  1.0000E+00  1.0000E+00  1.0000E+00  error v
 16      256  1.0000E+00  1.0000E+00  1.0000E+00  error v
 16      256  1.0000E+00  1.0000E+00  1.0000E+00  error v
 16      256  1.0000E+00  1.0000E+00  1.0000E+00  error v
 16      256  1.0000E+00  1.0000E+00  1.0000E+00  error v
 16      256  1.0000E+00  1.0000E+00  1.0000E+00  error v
 16      256  1.0000E+00  1.0000E+00  1.0000E+00  error v
 16      256  1.0000E+00  1.0000E+00  1.0000E+00  error v
 16      256  1.0000E+00  1.0000E+00  1.0000E+00  error v
 16      256  1.0000E+00  1.0000E+00  1.0000E+00  error v
 16      256  1.0000E+00  1.0000E+00  1.0000E+00  error v
 16      256  1.0000E+00  1.0000E+00  1.0000E+00  error v
 16      256  1.0000E+00  1.0000E+00  1.0000E+00  error v
 16      256  1.0000E+00  1.0000E+00  1.0000E+00  error v
 16      256  1.0000E+00  1.0000E+00  1.0000E+00  error v
 16      256  1.0000E+00  1.0000E+00  1.0000E+00  error v
 16      256  1.0000E+00  1.0000E+00  1.0000E+00  error v
 16      256  1.0000E+00  1.0000E+00  1.0000E+00  error v
 16      256  1.0000E+00  1.0000E+00  1.0000E+00  error v
 16      256  1.0000E+00  1.0000E+00  1.0000E+00  error v
 16      256  1.0000E+00  1.0000E+00  1.0000E+00  error v
 16      256  1.0000E+00  1.0000E+00  1.0000E+00  error v
 16      256  1.0000E+00  1.0000E+00  1.0000E+00  error v
 16      256  1.0000E+00  1.0000E+00  1.0000E+00  error v
 16      256  1.0000E+00  1.0000E+00  1.0000E+00  error v
 16      256  1.0000E+00  1.0000E+00  1.0000E+00  error v
 16      256  1.0000E+00  1.0000E+00  1.0000E+00  error v
 16      256  1.0000E+00  1.0000E+00  1.0000E+00  error v
 16      256  1.0000E+00  1.0000E+00  1.0000E+00  error v
 16      256  1.0000E+00  1.0000E+00  1.0000E+00  error v
 16      256  1.0000E+00  1.0000E+00  1.0000E+00  error v
 16      256  1.0000E+00  1.0000E+00  1.0000E+00  error v
 16      256  1.0000E+00  1.0000E+00  1.0000E+00  error v
 16      256  1.0000E+00  1.0000E+00  1.0000E+00  error v
 16      256  1.0000E+00  1.0000E+00  1.0000E+00  error v
 16      256  1.0000E+00  1.0000E+00  1.0000E+00  error v
 16      256  1.0000E+00  1.0000E+00  1.0000E+00  error v
 16      256  1.0000E+00  1.0000E+00  1.0000E+00  error v
 16      256  1.0000E+00  1.0000E+00  1.0000E+00  error v
 16      256  1.0000E+00  1.0000E+00  1.0000E+00  error v
 16      256  1.0000E+00  1.0000E+00  1.0000E+00  error v
 16      256  1.0000E+00  1.0000E+00  1.0000E+00  error v
 16      256  1.0000E+00  1.0000E+00  1.0000E+00  error v
 16      256  1.0000E+00  1.0000E+00  1.0000E+00  error v
 16      256  1.0000E+00  1.0000E+00  1.0000E+00  error v
 16      256  1.0000E+00  1.0000E+00  1.0000E+00  error v
 16      256  1.0000E+00  1.0000E+00  1.0000E+00  error v
 16      256  1.0000E+00  1.0000E+00  1.0000E+00  error v
 16      256  1.0000E+00  1.0000E+00  1.0000E+00  error v
 16      256  1.0000E+00  1.0000E+00  1.0000E+00  error v
 16      256  1.0000E+00  1.0000E+00  1.0000E+00  error v
 16      256  1.0000E+00  1.0000E+00  1.0000E+00  error v
 16      256  1.0000E+00  1.0000E+00  1.0000E+00  error v
 16      256  1.0000E+00  1.0000E+00  1.0000E+00  error v
 16      256  1.0000E+00  1.0000E+00  1.0000E+00  error v
 16      256  1.0000E+00  1.0000E+00  1.0000E+00  error v
 16      256  1.0000E+00  1.0000E+00  1.0000E+00  error v
 16      256  1.0000E+00  1.0000E+00  1.0000E+00  error v
 16      256  1.0000E+00  1.0000E+00  1.0000E+00  error v
 16      256  1.0000E+00  1.0000E+00  1.0000E+00  error v
 16      256  1.0000E+00  1.0000E+00  1.0000E+00  error v
 16      256  1.0000E+00  1.0000E+00  1.0000E+00  error v
 16      256  1.0000E+00  1.0000E+00  1.0000E+00  error v
 16      256  1.0000E+00  1.0000E+00  1.0000E+00  error v
 16      256  1.0000E+00  1.0000E+00  1.0000E+00  error v
 16      256  1.0000E+00  1.0000E+00  1.0000E+00  error v
 16      256  1.0000E+00  1.0000E+00  1.0000E+00  error v
 16      256  1.0000E+00  1.0000E+00  1.0000E+00  error v
 16      256  1.0000E+00  1.0000E+00  1.0000E+00  error v
 16      256  1.0000E+00  1.0000E+00  1.0000E+00  error v
 16      256  1.0000E+00  1.0000E+00  1.0000E+00  error v
 16      256  1.0000E+00  1.0000E+00  1.0000E+00  error v
 16      256  1.0000E+00  1.0000E+00  1.0000E+00  error v
 16      256  1.0000E+00  1.0000E+00  1.0000E+00  error v
 16      256  1.0000E+00  1.0000E+00  1.0000E+00  error v
 16      256  1.0000E+00  1.0000E+00  1.0000E+00  error v
 16      256  1.0000E+00  1.0000E+00  1.0000E+00  error v
 16      256  1.0000E+00  1.0000E+00  1.0000E+00  error v
 16      256  1.0000E+00  1.0000E+00  1.0000E+00  error v
 16      256  1.0000E+00  1.0000E+00  1.0000E+00  error v
 16      256  1.0000E+00  1.0000E+00  1.0000E+00  error v
 16      256  1.0000E+00  1.0000E+00  1.0000E+00  error v
 16      256  1.0000E+00  1.0000E+00  1.0000E+00  error v
 16      256  1.0000E+00  1.0000E+00  1.0000E+00  error v
 16      256  1.0000E+00  1.0000E+00  1.0000E+00  error v
 16      256  1.0000E+00  1.0000E+00  1.0000E+00  error v
 16      256  1.0000E+00  1.0000E+00  1.0000E+00  error v
 16      256  1.0000E+00  1.0000E+00  1.0000E+00  error v
 16      256  1.0000E+00  1.0000E+00  1.0000E+00  error v
 16      256  1.0000E+00  1.0000E+00  1.0000E+00  error v
 16      256  1.0000E+00  1.0000E+00  1.0000E+00  error v
 16      256  1.0000E+00  1.0000E+00  1.0000E+00  error v
 16      256  1.0000E+00  1.0000E+00  1.0000E+00  error v
 16      256  1.0000E+00  1.0000E+00  1.0000E+00  error v
 16      256  1.0000E+00  1.0000E+00  1.0000E+00  error v
 16      256  1.0000E+00  1.0000E+00  1.0000E+00  error v
 16      256  1.0000E+00  1.0000E+00  1.0000E+00  error v
 16      256  1.0000E+00  1.0000E+00  1.0000E+00  error v
 16      256  1.0000E+00  1.0000E+00  1.0000E+00  error v
 16      256  1.0000E+00  1.0000E+00  1.0000E+00  error v
 16      256  1.0000E+00  1.0000E+00  1.0000E+00  error v
 16      256  1.0000E+00  1.0000E+00  1.0000E+00  error v
 16      256  1.0000E+00  1.0000E+00  1.0000E+00  error v
 16      256  1.0000E+00  1.0000E+00  1.0000E+00  error v
 16      256  1.0000E+00  1.0000E+00  1.0000E+00  error v
 16      256  1.0000E+00  1.0000E+00  1.0000E+00  error v
 16      256  1.0000E+00  1.0000E+00  1.0000E+00  error v
 16      256  1.0000E+00  1.0000E+00  1.0000E+00  error v
 16      256  1.0000E+00  1.0000E+00  1.0000E+00  error v
 16      256  1.0000E+00  1.0000E+00  1.0000E+00  error v
 16      256  1.0000E+00  1.0000E+00  1.0000E+00  error v
 16      256  1.0000E+00  1.0000E+00  1.0000E+00  error v
 16      256  1.0000E+00  1.0000E+00  1.0000E+00  error v
 16      256  1.0000E+00  1.0000E+00  1.0000E+00  error v
 16      256  1.0000E+00  1.0000E+00  1.0000E+00  error v
 16      256  1.0000E+00  1.0000E+00  1.0000E+00  error v
 16      256  1.0000E+00  1.0000E+00  1.0000E+00  error v
 16      256  1.0000E+00  1.0000E+00  1.0000E+00  error v
 16      256  1.0000E+00  1.0000E+00  1.0000E+00  error v
 16      256  1.0000E+00  1.0000E+00  1.0000E+00  error v
 16      256  1.0000E+00  1.0000E+00  1.0000E+00  error v
 16      256  1.0000E+00  1.0000E+00  1.0000E+00  error v
 16      256  1.0000E+00  1.0000E+00  1.0000E+00  error v
 16      256  1.0000E+00  1.0000E+00  1.0000E+00  error v
 16      256  1.0000E+00  1.0000E+00  1.0000E+00  error v
 16      256  1.0000E+00  1.0000E+00  1.0000E+00  error v
 16      256  1.0000E+00  1.0000E+00  1.0000E+00  error v
 16      256  1.0000E+00  1.0000E+00  1.0000E+00  error v
 16      256  1.0000E+00  1.0000E+00  1.0000E+00  error v
 16      256  1.0000E+00  1.0000E+00  1.0000E+00  error v
 16      256  1.0000E+00  1.0000E+00  1.0000E+00  error v
 16      256  1.0000E+00  1.0000E+00  1.0000E+00  error v
 16      256  1.0000E+00  1.0000E+00  1.0000E+00  error v
 16      256  1.0000E+00  1.0000E+00  1.0000E+00  error v
 16      256  1.0000E+00  1.0000E+00  1.0000E+00  error v
 16      256  1.0000E+00  1.0000E+00  1.0000E+00  error v
 16      256  1.0000E+00  1.0000E+00  1.0000E+00  error v
 16      256  1.0000E+00  1.0000E+00  1.0000E+00  error v
 16      256  1.0000E+00  1.0000E+00  1.0000E+00  error v
 16      256  1.0000E+00  1.0000E+00  1.0000E+00  error v
 16      256  1.0000E+00  1.0000E+00  1.0000E+00  error v
 16      256  1.0000E+00  1.0000E+00  1.0000E+00  error v
 16      256  1.0000E+00  1.0000E+00  1.0000E+00  error v
 16      256  1.0000E+00  1.0000E+00  1.0000E+00  error v
 16      256  1.0000E+00  1.0000E+00  1.0000E+00  error v
 16      256  1.0000E+00  1.0000E+00  1.0000E+00  error v
 16      256  1.0000E+00  1.0000E+00  1.0000E+00  error v
 16      256  1.0000E+00  1.0000E+00  1.0000E+00  error v
 16      256  1.0000E+00  1.0000E+00  1.0000E+00  error v
 16      256  1.0000E+00  1.0000E+00  1.0000E+00  error v
 16      256  1.0000E+00  1.0000E+00  1.0000E+00  error v
 16      256  1.0000E+00  1.0000E+00  1.0000E+00  error v
 16      256  1.0000E+00  1.0000E+00  1.0000E+00  error v
 16      256  1.0000E+00  1.0000E+00  1.0000E+00  error v
 16      256  1.0000E+00  1.0000E+00  1.0000E+00  error v
 16      256  1.0000E+00  1.0000E+00  1.0000E+00  error v
 16      256  1.0000E+00  1.0000E+00  1.0000E+00  error v
 16      256  1.0000E+00  1.0000E+00  1.0000E+00  error v
 16      256  1.0000E+00  1.0000E+00  1.0000E+00  error v
 16      256  1.0000E+00  1.0000E+00  1.0000E+00  error v
 16      256  1.0000E+00  1.0000E+00  1.0000E+00  error v
 16      256  1.0000E+00  1.0000E+00  1.0000E+00  error v
 16      256  1.0000E+00  1.0000E+00  1.0000E+00  error v
 16      256  1.0000E+00  1.0000E+00  1.0000E+00  error v
 16      256  1.0000E+00  1.0000E+00  1.0000E+00  error v
 16      256  1.0000E+00  1.0000E+00  1.0000E+00  error v
 16      256  1.0000E+00  1.0000E+00  1.0000E+00  error v
 16      256  1.0000E+00  1.0000E+00  1.0000E+00  error v
 16      256  1.0000E+00  1.0000E+00  1.0000E+00  error v
 16      256  1.0000E+00  1.0000E+00  1.0000E+00  error v
 16      256  1.0000E+00  1.0000E+00  1.0000E+00  error v
 16      256  1.0000E+00  1.0000E+00  1.0000E+00  error v
 16      256  1.0000E+00  1.0000E+00  1.0000E+00  error v
 16      256  1.0000E+00  1.0000E+00  1.0000E+00  error v
 16      256  1.0000E+00  1.0000E+00  1.0000E+00  error v
 16      256  1.0000E+00  1.0000E+00  1.0000E+00  error v
 16      256  1.0000E+00  1.0000E+00  1.0000E+00  error v
 16      256  1.0000E+00  1.0000E+00  1.0000E+00  error v
 16      256  1.0000E+00  1.0000E+00  1.0000E+00  error v
 16      256  1.0000E+00  1.0000E+00  1.0000E+00  error v
 16      256  1.0000E+00  1.0000E+00  1.0000E+00  error v
 16      256  1.0000E+00  1.0000E+00  1.0000E+00  error v
 16      256  1.0000E+00  1.0000E+00  1.0000E+00  error v
 16      256  1.0000E+00  1.0000E+00  1.0000E+00  error v
 16      256  1.0000E+00  1.0000E+00  1.0000E+00  error v
 16      256  1.0000E+00  1.0000E+00  1.0000E+00  error v
 16      256  1.0000E+00  1.0000E+00  1.0000E+00  error v
 16      256  1.0000E+00  1.0000E+00  1.0000E+00  error v
 16      256  1.0000E+00  1.0000E+00  1.0000E+00  error v
 16      256  1.0000E+00  1.0000E+00  1.0000E+00  error v
 16      256  1.0000E+00  1.0000E+00  1.0000E+00  error v
 16      256  1.0000E+00  1.0000E+00  1.0000E+00  error v
 
nelt =       1, np =       256, nx1 =      16, elements =       256
Solve Time =   0.1004E-08
 
nelt =       1, np =       256, nx1 =      16, elements =       256
Solve Time =   0.9849E-09
 
nelt =       1, np =       256, nx1 =      16, elements =       256
Solve Time =   0.9834E-09
 
nelt =       1, np =       256, nx1 =      16, elements =       256
Solve Time =   0.9931E-09
 
nelt =       1, np =       256, nx1 =      16, elements =       256
Solve Time =   0.9856E-09
 
nelt =       1, np =       256, nx1 =      16, elements =       256
Solve Time =   0.9914E-09
 
nelt =       1, np =       256, nx1 =      16, elements =       256
Solve Time =   0.9911E-09
 
nelt =       1, np =       256, nx1 =      16, elements =       256
Solve Time =   0.9821E-09
 
nelt =       1, np =       256, nx1 =      16, elements =       256
Solve Time =   0.9895E-09
 
nelt =       1, np =       256, nx1 =      16, elements =       256
Solve Time =   0.9934E-09
 16      256  1.4671E-04  1.4671E-04  1.4671E-04  error s
 16      256  1.4671E-04  1.4671E-04  1.4671E-04  error s
 16      256  1.4671E-04  1.4671E-04  1.4671E-04  error s
 16      256  1.4671E-04  1.4671E-04  1.4671E-04  error s
 16      256  1.4671E-04  1.4671E-04  1.4671E-04  error s
 16      256  1.4671E-04  1.4671E-04  1.4671E-04  error s
 16      256  1.4671E-04  1.4671E-04  1.4671E-04  error s
 16      256  1.4671E-04  1.4671E-04  1.4671E-04  error s
 16      256  1.4671E-04  1.4671E-04  1.4671E-04  error s
 16      256  1.4671E-04  1.4671E-04  1.4671E-04  error s
 16      256  1.4671E-04  1.4671E-04  1.4671E-04  error s
 16      256  1.4671E-04  1.4671E-04  1.4671E-04  error s
 16      256  1.4671E-04  1.4671E-04  1.4671E-04  error s
 16      256  1.4671E-04  1.4671E-04  1.4671E-04  error s
 16      256  1.4671E-04  1.4671E-04  1.4671E-04  error s
 16      256  1.4671E-04  1.4671E-04  1.4671E-04  error s
 16      256  1.4671E-04  1.4671E-04  1.4671E-04  error s
 16      256  1.4671E-04  1.4671E-04  1.4671E-04  error s
 16      256  1.4671E-04  1.4671E-04  1.4671E-04  error s
 16      256  1.4671E-04  1.4671E-04  1.4671E-04  error s
 16      256  1.4671E-04  1.4671E-04  1.4671E-04  error s
 16      256  1.4671E-04  1.4671E-04  1.4671E-04  error s
 16      256  1.4671E-04  1.4671E-04  1.4671E-04  error s
 16      256  1.4671E-04  1.4671E-04  1.4671E-04  error s
 16      256  1.4671E-04  1.4671E-04  1.4671E-04  error s
 16      256  1.4671E-04  1.4671E-04  1.4671E-04  error s
 16      256  1.4671E-04  1.4671E-04  1.4671E-04  error s
 16      256  1.4671E-04  1.4671E-04  1.4671E-04  error s
 16      256  1.4671E-04  1.4671E-04  1.4671E-04  error s
 16      256  1.4671E-04  1.4671E-04  1.4671E-04  error s
 16      256  1.4671E-04  1.4671E-04  1.4671E-04  error s
 16      256  1.4671E-04  1.4671E-04  1.4671E-04  error s
 16      256  1.4671E-04  1.4671E-04  1.4671E-04  error s
 16      256  1.4671E-04  1.4671E-04  1.4671E-04  error s
 16      256  1.4671E-04  1.4671E-04  1.4671E-04  error s
 16      256  1.4671E-04  1.4671E-04  1.4671E-04  error s
 16      256  1.4671E-04  1.4671E-04  1.4671E-04  error s
 16      256  1.4671E-04  1.4671E-04  1.4671E-04  error s
 16      256  1.4671E-04  1.4671E-04  1.4671E-04  error s
 16      256  1.4671E-04  1.4671E-04  1.4671E-04  error s
 16      256  1.4671E-04  1.4671E-04  1.4671E-04  error s
 16      256  1.4671E-04  1.4671E-04  1.4671E-04  error s
 16      256  1.4671E-04  1.4671E-04  1.4671E-04  error s
 16      256  1.4671E-04  1.4671E-04  1.4671E-04  error s
 16      256  1.4671E-04  1.4671E-04  1.4671E-04  error s
 16      256  1.4671E-04  1.4671E-04  1.4671E-04  error s
 16      256  1.4671E-04  1.4671E-04  1.4671E-04  error s
 16      256  1.4671E-04  1.4671E-04  1.4671E-04  error s
 16      256  1.4671E-04  1.4671E-04  1.4671E-04  error s
 16      256  1.4671E-04  1.4671E-04  1.4671E-04  error s
 16      256  1.4671E-04  1.4671E-04  1.4671E-04  error s
 16      256  1.4671E-04  1.4671E-04  1.4671E-04  error s
 16      256  1.4671E-04  1.4671E-04  1.4671E-04  error s
 16      256  1.4671E-04  1.4671E-04  1.4671E-04  error s
 16      256  1.4671E-04  1.4671E-04  1.4671E-04  error s
 16      256  1.4671E-04  1.4671E-04  1.4671E-04  error s
 16      256  1.4671E-04  1.4671E-04  1.4671E-04  error s
 16      256  1.4671E-04  1.4671E-04  1.4671E-04  error s
 16      256  1.4671E-04  1.4671E-04  1.4671E-04  error s
 16      256  1.4671E-04  1.4671E-04  1.4671E-04  error s
 16      256  1.4671E-04  1.4671E-04  1.4671E-04  error s
 16      256  1.4671E-04  1.4671E-04  1.4671E-04  error s
 16      256  1.4671E-04  1.4671E-04  1.4671E-04  error s
 16      256  1.4671E-04  1.4671E-04  1.4671E-04  error s
 16      256  1.4671E-04  1.4671E-04  1.4671E-04  error s
 16      256  1.4671E-04  1.4671E-04  1.4671E-04  error s
 16      256  1.4671E-04  1.4671E-04  1.4671E-04  error s
 16      256  1.4671E-04  1.4671E-04  1.4671E-04  error s
 16      256  1.4671E-04  1.4671E-04  1.4671E-04  error s
 16      256  1.4671E-04  1.4671E-04  1.4671E-04  error s
 16      256  1.4671E-04  1.4671E-04  1.4671E-04  error s
 16      256  1.4671E-04  1.4671E-04  1.4671E-04  error s
 16      256  1.4671E-04  1.4671E-04  1.4671E-04  error s
 16      256  1.4671E-04  1.4671E-04  1.4671E-04  error s
 16      256  1.4671E-04  1.4671E-04  1.4671E-04  error s
 16      256  1.4671E-04  1.4671E-04  1.4671E-04  error s
 16      256  1.4671E-04  1.4671E-04  1.4671E-04  error s
 16      256  1.4671E-04  1.4671E-04  1.4671E-04  error s
 16      256  1.4671E-04  1.4671E-04  1.4671E-04  error s
 16      256  1.4671E-04  1.4671E-04  1.4671E-04  error s
 16      256  1.4671E-04  1.4671E-04  1.4671E-04  error s
 16      256  1.4671E-04  1.4671E-04  1.4671E-04  error s
 16      256  1.4671E-04  1.4671E-04  1.4671E-04  error s
 16      256  1.4671E-04  1.4671E-04  1.4671E-04  error s
 16      256  1.4671E-04  1.4671E-04  1.4671E-04  error s
 16      256  1.4671E-04  1.4671E-04  1.4671E-04  error s
 16      256  1.4671E-04  1.4671E-04  1.4671E-04  error s
 16      256  1.4671E-04  1.4671E-04  1.4671E-04  error s
 16      256  1.4671E-04  1.4671E-04  1.4671E-04  error s
 16      256  1.4671E-04  1.4671E-04  1.4671E-04  error s
 16      256  1.4671E-04  1.4671E-04  1.4671E-04  error s
 16      256  1.4671E-04  1.4671E-04  1.4671E-04  error s
 16      256  1.4671E-04  1.4671E-04  1.4671E-04  error s
 16      256  1.4671E-04  1.4671E-04  1.4671E-04  error s
 16      256  1.4671E-04  1.4671E-04  1.4671E-04  error s
 16      256  1.4671E-04  1.4671E-04  1.4671E-04  error s
 16      256  1.4671E-04  1.4671E-04  1.4671E-04  error s
 16      256  1.4671E-04  1.4671E-04  1.4671E-04  error s
 16      256  1.4671E-04  1.4671E-04  1.4671E-04  error s
 16      256  1.4671E-04  1.4671E-04  1.4671E-04  error s
 16      256  1.4671E-04  1.4671E-04  1.4671E-04  error s
 16      256  1.4671E-04  1.4671E-04  1.4671E-04  error s
 16      256  1.4671E-04  1.4671E-04  1.4671E-04  error s
 16      256  1.4671E-04  1.4671E-04  1.4671E-04  error s
 16      256  1.4671E-04  1.4671E-04  1.4671E-04  error s
 16      256  1.4671E-04  1.4671E-04  1.4671E-04  error s
 16      256  1.4671E-04  1.4671E-04  1.4671E-04  error s
 16      256  1.4671E-04  1.4671E-04  1.4671E-04  error s
 16      256  1.4671E-04  1.4671E-04  1.4671E-04  error s
 16      256  1.4671E-04  1.4671E-04  1.4671E-04  error s
 16      256  1.4671E-04  1.4671E-04  1.4671E-04  error s
 16      256  1.4671E-04  1.4671E-04  1.4671E-04  error s
 16      256  1.4671E-04  1.4671E-04  1.4671E-04  error s
 16      256  1.4671E-04  1.4671E-04  1.4671E-04  error s
 16      256  1.4671E-04  1.4671E-04  1.4671E-04  error s
 16      256  1.4671E-04  1.4671E-04  1.4671E-04  error s
 16      256  1.4671E-04  1.4671E-04  1.4671E-04  error s
 16      256  1.4671E-04  1.4671E-04  1.4671E-04  error s
 16      256  1.4671E-04  1.4671E-04  1.4671E-04  error s
 16      256  1.4671E-04  1.4671E-04  1.4671E-04  error s
 16      256  1.4671E-04  1.4671E-04  1.4671E-04  error s
 16      256  1.4671E-04  1.4671E-04  1.4671E-04  error s
 16      256  1.4671E-04  1.4671E-04  1.4671E-04  error s
 16      256  1.4671E-04  1.4671E-04  1.4671E-04  error s
 16      256  1.4671E-04  1.4671E-04  1.4671E-04  error s
 16      256  1.4671E-04  1.4671E-04  1.4671E-04  error s
 16      256  1.4671E-04  1.4671E-04  1.4671E-04  error s
 16      256  1.4671E-04  1.4671E-04  1.4671E-04  error s
 16      256  1.4671E-04  1.4671E-04  1.4671E-04  error s
 16      256  1.4671E-04  1.4671E-04  1.4671E-04  error s
 16      256  1.4671E-04  1.4671E-04  1.4671E-04  error s
 16      256  1.4671E-04  1.4671E-04  1.4671E-04  error s
 16      256  1.4671E-04  1.4671E-04  1.4671E-04  error s
 16      256  1.4671E-04  1.4671E-04  1.4671E-04  error s
 16      256  1.4671E-04  1.4671E-04  1.4671E-04  error s
 16      256  1.4671E-04  1.4671E-04  1.4671E-04  error s
 16      256  1.4671E-04  1.4671E-04  1.4671E-04  error s
 16      256  1.4671E-04  1.4671E-04  1.4671E-04  error s
 16      256  1.4671E-04  1.4671E-04  1.4671E-04  error s
 16      256  1.4671E-04  1.4671E-04  1.4671E-04  error s
 16      256  1.4671E-04  1.4671E-04  1.4671E-04  error s
 16      256  1.4671E-04  1.4671E-04  1.4671E-04  error s
 16      256  1.4671E-04  1.4671E-04  1.4671E-04  error s
 16      256  1.4671E-04  1.4671E-04  1.4671E-04  error s
 16      256  1.4671E-04  1.4671E-04  1.4671E-04  error s
 16      256  1.4671E-04  1.4671E-04  1.4671E-04  error s
 16      256  1.4671E-04  1.4671E-04  1.4671E-04  error s
 16      256  1.4671E-04  1.4671E-04  1.4671E-04  error s
 16      256  1.4671E-04  1.4671E-04  1.4671E-04  error s
 16      256  1.4671E-04  1.4671E-04  1.4671E-04  error s
 16      256  1.4671E-04  1.4671E-04  1.4671E-04  error s
 16      256  1.4671E-04  1.4671E-04  1.4671E-04  error s
 16      256  1.4671E-04  1.4671E-04  1.4671E-04  error s
 16      256  1.4671E-04  1.4671E-04  1.4671E-04  error s
 16      256  1.4671E-04  1.4671E-04  1.4671E-04  error s
 16      256  1.4671E-04  1.4671E-04  1.4671E-04  error s
 16      256  1.4671E-04  1.4671E-04  1.4671E-04  error s
 16      256  1.4671E-04  1.4671E-04  1.4671E-04  error s
 16      256  1.4671E-04  1.4671E-04  1.4671E-04  error s
 16      256  1.4671E-04  1.4671E-04  1.4671E-04  error s
 16      256  1.4671E-04  1.4671E-04  1.4671E-04  error s
 16      256  1.4671E-04  1.4671E-04  1.4671E-04  error s
 16      256  1.4671E-04  1.4671E-04  1.4671E-04  error s
 16      256  1.4671E-04  1.4671E-04  1.4671E-04  error s
 16      256  1.4671E-04  1.4671E-04  1.4671E-04  error s
 16      256  1.4671E-04  1.4671E-04  1.4671E-04  error s
 16      256  1.4671E-04  1.4671E-04  1.4671E-04  error s
 16      256  1.4671E-04  1.4671E-04  1.4671E-04  error s
 16      256  1.4671E-04  1.4671E-04  1.4671E-04  error s
 16      256  1.4671E-04  1.4671E-04  1.4671E-04  error s
 16      256  1.4671E-04  1.4671E-04  1.4671E-04  error s
 16      256  1.4671E-04  1.4671E-04  1.4671E-04  error s
 16      256  1.4671E-04  1.4671E-04  1.4671E-04  error s
 16      256  1.4671E-04  1.4671E-04  1.4671E-04  error s
 16      256  1.4671E-04  1.4671E-04  1.4671E-04  error s
 16      256  1.4671E-04  1.4671E-04  1.4671E-04  error s
 16      256  1.4671E-04  1.4671E-04  1.4671E-04  error s
 16      256  1.4671E-04  1.4671E-04  1.4671E-04  error s
 16      256  1.4671E-04  1.4671E-04  1.4671E-04  error s
 16      256  1.4671E-04  1.4671E-04  1.4671E-04  error s
 16      256  1.4671E-04  1.4671E-04  1.4671E-04  error s
 16      256  1.4671E-04  1.4671E-04  1.4671E-04  error s
 16      256  1.4671E-04  1.4671E-04  1.4671E-04  error s
 16      256  1.4671E-04  1.4671E-04  1.4671E-04  error s
 16      256  1.4671E-04  1.4671E-04  1.4671E-04  error s
 16      256  1.4671E-04  1.4671E-04  1.4671E-04  error s
 16      256  1.4671E-04  1.4671E-04  1.4671E-04  error s
 16      256  1.4671E-04  1.4671E-04  1.4671E-04  error s
 16      256  1.4671E-04  1.4671E-04  1.4671E-04  error s
 16      256  1.4671E-04  1.4671E-04  1.4671E-04  error s
 16      256  1.4671E-04  1.4671E-04  1.4671E-04  error s
 16      256  1.4671E-04  1.4671E-04  1.4671E-04  error s
 16      256  1.4671E-04  1.4671E-04  1.4671E-04  error s
 16      256  1.4671E-04  1.4671E-04  1.4671E-04  error s
 16      256  1.4671E-04  1.4671E-04  1.4671E-04  error s
 16      256  1.4671E-04  1.4671E-04  1.4671E-04  error s
 16      256  1.4671E-04  1.4671E-04  1.4671E-04  error s
 16      256  1.4671E-04  1.4671E-04  1.4671E-04  error s
 16      256  1.4671E-04  1.4671E-04  1.4671E-04  error s
 16      256  1.4671E-04  1.4671E-04  1.4671E-04  error s
 16      256  1.4671E-04  1.4671E-04  1.4671E-04  error s
 16      256  1.4671E-04  1.4671E-04  1.4671E-04  error s
 16      256  1.4671E-04  1.4671E-04  1.4671E-04  error s
 16      256  1.4671E-04  1.4671E-04  1.4671E-04  error s
 16      256  1.4671E-04  1.4671E-04  1.4671E-04  error s
 16      256  1.4671E-04  1.4671E-04  1.4671E-04  error s
 16      256  1.4671E-04  1.4671E-04  1.4671E-04  error s
 16      256  1.4671E-04  1.4671E-04  1.4671E-04  error s
 16      256  1.4671E-04  1.4671E-04  1.4671E-04  error s
 16      256  1.4671E-04  1.4671E-04  1.4671E-04  error s
 16      256  1.4671E-04  1.4671E-04  1.4671E-04  error s
 16      256  1.4671E-04  1.4671E-04  1.4671E-04  error s
 16      256  1.4671E-04  1.4671E-04  1.4671E-04  error s
 16      256  1.4671E-04  1.4671E-04  1.4671E-04  error s
 16      256  1.4671E-04  1.4671E-04  1.4671E-04  error s
 16      256  1.4671E-04  1.4671E-04  1.4671E-04  error s
 16      256  1.4671E-04  1.4671E-04  1.4671E-04  error s
 16      256  1.4671E-04  1.4671E-04  1.4671E-04  error s
 16      256  1.4671E-04  1.4671E-04  1.4671E-04  error s
 16      256  1.4671E-04  1.4671E-04  1.4671E-04  error s
 16      256  1.4671E-04  1.4671E-04  1.4671E-04  error s
 16      256  1.4671E-04  1.4671E-04  1.4671E-04  error s
 16      256  1.4671E-04  1.4671E-04  1.4671E-04  error s
 16      256  1.4671E-04  1.4671E-04  1.4671E-04  error s
 16      256  1.4671E-04  1.4671E-04  1.4671E-04  error s
 16      256  1.4671E-04  1.4671E-04  1.4671E-04  error s
 16      256  1.4671E-04  1.4671E-04  1.4671E-04  error s
 16      256  1.4671E-04  1.4671E-04  1.4671E-04  error s
 16      256  1.4671E-04  1.4671E-04  1.4671E-04  error s
 16      256  1.4671E-04  1.4671E-04  1.4671E-04  error s
 16      256  1.4671E-04  1.4671E-04  1.4671E-04  error s
 16      256  1.4671E-04  1.4671E-04  1.4671E-04  error s
 16      256  1.4671E-04  1.4671E-04  1.4671E-04  error s
 16      256  1.4671E-04  1.4671E-04  1.4671E-04  error s
 16      256  1.4671E-04  1.4671E-04  1.4671E-04  error s
 16      256  1.4671E-04  1.4671E-04  1.4671E-04  error s
 16      256  1.4671E-04  1.4671E-04  1.4671E-04  error s
 16      256  1.4671E-04  1.4671E-04  1.4671E-04  error s
 16      256  1.4671E-04  1.4671E-04  1.4671E-04  error s
 16      256  1.4671E-04  1.4671E-04  1.4671E-04  error s
 16      256  1.4671E-04  1.4671E-04  1.4671E-04  error s
 16      256  1.4671E-04  1.4671E-04  1.4671E-04  error s
 16      256  1.4671E-04  1.4671E-04  1.4671E-04  error s
 16      256  1.4671E-04  1.4671E-04  1.4671E-04  error s
 16      256  1.4671E-04  1.4671E-04  1.4671E-04  error s
 16      256  1.4671E-04  1.4671E-04  1.4671E-04  error s
 16      256  1.4671E-04  1.4671E-04  1.4671E-04  error s
 16      256  1.4671E-04  1.4671E-04  1.4671E-04  error s
 16      256  1.4671E-04  1.4671E-04  1.4671E-04  error s
 16      256  1.4671E-04  1.4671E-04  1.4671E-04  error s
 16      256  1.4671E-04  1.4671E-04  1.4671E-04  error s
 16      256  1.4671E-04  1.4671E-04  1.4671E-04  error s
 16      256  1.4671E-04  1.4671E-04  1.4671E-04  error s
 16      256  1.4671E-04  1.4671E-04  1.4671E-04  error s
 16      256  1.4671E-04  1.4671E-04  1.4671E-04  error s
 16      256  1.4671E-04  1.4671E-04  1.4671E-04  error s
 
nelt =       1, np =       256, nx1 =      16, elements =       256
Solve Time =   0.9683E-09
 
nelt =       1, np =       256, nx1 =      16, elements =       256
Solve Time =   0.9618E-09
 
nelt =       1, np =       256, nx1 =      16, elements =       256
Solve Time =   0.9570E-09
 
nelt =       1, np =       256, nx1 =      16, elements =       256
Solve Time =   0.9586E-09
 
nelt =       1, np =       256, nx1 =      16, elements =       256
Solve Time =   0.9600E-09
 
nelt =       1, np =       256, nx1 =      16, elements =       256
Solve Time =   0.9619E-09
 
nelt =       1, np =       256, nx1 =      16, elements =       256
Solve Time =   0.9575E-09
 
nelt =       1, np =       256, nx1 =      16, elements =       256
Solve Time =   0.9549E-09
 
nelt =       1, np =       256, nx1 =      16, elements =       256
Solve Time =   0.9619E-09
 
nelt =       1, np =       256, nx1 =      16, elements =       256
Solve Time =   0.9565E-09
 16      256  1.4679E-04  1.4679E-04  1.4679E-04  error n
 16      256  1.4679E-04  1.4679E-04  1.4679E-04  error n
 16      256  1.4679E-04  1.4679E-04  1.4679E-04  error n
 16      256  1.4679E-04  1.4679E-04  1.4679E-04  error n
 16      256  1.4679E-04  1.4679E-04  1.4679E-04  error n
 16      256  1.4679E-04  1.4679E-04  1.4679E-04  error n
 16      256  1.4679E-04  1.4679E-04  1.4679E-04  error n
 16      256  1.4679E-04  1.4679E-04  1.4679E-04  error n
 16      256  1.4679E-04  1.4679E-04  1.4679E-04  error n
 16      256  1.4679E-04  1.4679E-04  1.4679E-04  error n
 16      256  1.4679E-04  1.4679E-04  1.4679E-04  error n
 16      256  1.4679E-04  1.4679E-04  1.4679E-04  error n
 16      256  1.4679E-04  1.4679E-04  1.4679E-04  error n
 16      256  1.4679E-04  1.4679E-04  1.4679E-04  error n
 16      256  1.4679E-04  1.4679E-04  1.4679E-04  error n
 16      256  1.4679E-04  1.4679E-04  1.4679E-04  error n
 16      256  1.4679E-04  1.4679E-04  1.4679E-04  error n
 16      256  1.4679E-04  1.4679E-04  1.4679E-04  error n
 16      256  1.4679E-04  1.4679E-04  1.4679E-04  error n
 16      256  1.4679E-04  1.4679E-04  1.4679E-04  error n
 16      256  1.4679E-04  1.4679E-04  1.4679E-04  error n
 16      256  1.4679E-04  1.4679E-04  1.4679E-04  error n
 16      256  1.4679E-04  1.4679E-04  1.4679E-04  error n
 16      256  1.4679E-04  1.4679E-04  1.4679E-04  error n
 16      256  1.4679E-04  1.4679E-04  1.4679E-04  error n
 16      256  1.4679E-04  1.4679E-04  1.4679E-04  error n
 16      256  1.4679E-04  1.4679E-04  1.4679E-04  error n
 16      256  1.4679E-04  1.4679E-04  1.4679E-04  error n
 16      256  1.4679E-04  1.4679E-04  1.4679E-04  error n
  15      256  100  0.0000E+00  0.0000E+00  0.0000E+00 time for 3 hmholtz
 16      256  1.4679E-04  1.4679E-04  1.4679E-04  error n
 16      256  1.4679E-04  1.4679E-04  1.4679E-04  error n
 16      256  1.4679E-04  1.4679E-04  1.4679E-04  error n
 16      256  1.4679E-04  1.4679E-04  1.4679E-04  error n
 16      256  1.4679E-04  1.4679E-04  1.4679E-04  error n
 16      256  1.4679E-04  1.4679E-04  1.4679E-04  error n
 16      256  1.4679E-04  1.4679E-04  1.4679E-04  error n
 16      256  1.4679E-04  1.4679E-04  1.4679E-04  error n
 16      256  1.4679E-04  1.4679E-04  1.4679E-04  error n
 16      256  1.4679E-04  1.4679E-04  1.4679E-04  error n
 16      256  1.4679E-04  1.4679E-04  1.4679E-04  error n
 16      256  1.4679E-04  1.4679E-04  1.4679E-04  error n
 16      256  1.4679E-04  1.4679E-04  1.4679E-04  error n
 16      256  1.4679E-04  1.4679E-04  1.4679E-04  error n
 16      256  1.4679E-04  1.4679E-04  1.4679E-04  error n
 16      256  1.4679E-04  1.4679E-04  1.4679E-04  error n
 16      256  1.4679E-04  1.4679E-04  1.4679E-04  error n
 16      256  1.4679E-04  1.4679E-04  1.4679E-04  error n
 16      256  1.4679E-04  1.4679E-04  1.4679E-04  error n
EXIT: quit after cggov         15
 16      256  1.4679E-04  1.4679E-04  1.4679E-04  error n
 16      256  1.4679E-04  1.4679E-04  1.4679E-04  error n
 16      256  1.4679E-04  1.4679E-04  1.4679E-04  error n
 16      256  1.4679E-04  1.4679E-04  1.4679E-04  error n
 16      256  1.4679E-04  1.4679E-04  1.4679E-04  error n
 16      256  1.4679E-04  1.4679E-04  1.4679E-04  error n
 16      256  1.4679E-04  1.4679E-04  1.4679E-04  error n
 16      256  1.4679E-04  1.4679E-04  1.4679E-04  error n
 16      256  1.4679E-04  1.4679E-04  1.4679E-04  error n
 16      256  1.4679E-04  1.4679E-04  1.4679E-04  error n
 16      256  1.4679E-04  1.4679E-04  1.4679E-04  error n
 16      256  1.4679E-04  1.4679E-04  1.4679E-04  error n
 16      256  1.4679E-04  1.4679E-04  1.4679E-04  error n
 16      256  1.4679E-04  1.4679E-04  1.4679E-04  error n
 16      256  1.4679E-04  1.4679E-04  1.4679E-04  error n
 16      256  1.4679E-04  1.4679E-04  1.4679E-04  error n
 16      256  1.4679E-04  1.4679E-04  1.4679E-04  error n
 16      256  1.4679E-04  1.4679E-04  1.4679E-04  error n
 16      256  1.4679E-04  1.4679E-04  1.4679E-04  error n
 16      256  1.4679E-04  1.4679E-04  1.4679E-04  error n
 16      256  1.4679E-04  1.4679E-04  1.4679E-04  error n
 16      256  1.4679E-04  1.4679E-04  1.4679E-04  error n
 16      256  1.4679E-04  1.4679E-04  1.4679E-04  error n
 16      256  1.4679E-04  1.4679E-04  1.4679E-04  error n
 16      256  1.4679E-04  1.4679E-04  1.4679E-04  error n
 16      256  1.4679E-04  1.4679E-04  1.4679E-04  error n
 16      256  1.4679E-04  1.4679E-04  1.4679E-04  error n
 16      256  1.4679E-04  1.4679E-04  1.4679E-04  error n
 16      256  1.4679E-04  1.4679E-04  1.4679E-04  error n
 16      256  1.4679E-04  1.4679E-04  1.4679E-04  error n
 16      256  1.4679E-04  1.4679E-04  1.4679E-04  error n
 16      256  1.4679E-04  1.4679E-04  1.4679E-04  error n
 16      256  1.4679E-04  1.4679E-04  1.4679E-04  error n
 16      256  1.4679E-04  1.4679E-04  1.4679E-04  error n
 16      256  1.4679E-04  1.4679E-04  1.4679E-04  error n
 16      256  1.4679E-04  1.4679E-04  1.4679E-04  error n
 16      256  1.4679E-04  1.4679E-04  1.4679E-04  error n
 16      256  1.4679E-04  1.4679E-04  1.4679E-04  error n
 16      256  1.4679E-04  1.4679E-04  1.4679E-04  error n
 16      256  1.4679E-04  1.4679E-04  1.4679E-04  error n
 16      256  1.4679E-04  1.4679E-04  1.4679E-04  error n
 16      256  1.4679E-04  1.4679E-04  1.4679E-04  error n
 16      256  1.4679E-04  1.4679E-04  1.4679E-04  error n
 16      256  1.4679E-04  1.4679E-04  1.4679E-04  error n
 16      256  1.4679E-04  1.4679E-04  1.4679E-04  error n
 16      256  1.4679E-04  1.4679E-04  1.4679E-04  error n
 16      256  1.4679E-04  1.4679E-04  1.4679E-04  error n
 16      256  1.4679E-04  1.4679E-04  1.4679E-04  error n
 16      256  1.4679E-04  1.4679E-04  1.4679E-04  error n
 16      256  1.4679E-04  1.4679E-04  1.4679E-04  error n
 16      256  1.4679E-04  1.4679E-04  1.4679E-04  error n
 16      256  1.4679E-04  1.4679E-04  1.4679E-04  error n
 16      256  1.4679E-04  1.4679E-04  1.4679E-04  error n
 16      256  1.4679E-04  1.4679E-04  1.4679E-04  error n
 16      256  1.4679E-04  1.4679E-04  1.4679E-04  error n
 16      256  1.4679E-04  1.4679E-04  1.4679E-04  error n
 16      256  1.4679E-04  1.4679E-04  1.4679E-04  error n
 16      256  1.4679E-04  1.4679E-04  1.4679E-04  error n
 16      256  1.4679E-04  1.4679E-04  1.4679E-04  error n
 16      256  1.4679E-04  1.4679E-04  1.4679E-04  error n
 16      256  1.4679E-04  1.4679E-04  1.4679E-04  error n
 16      256  1.4679E-04  1.4679E-04  1.4679E-04  error n
 16      256  1.4679E-04  1.4679E-04  1.4679E-04  error n
 16      256  1.4679E-04  1.4679E-04  1.4679E-04  error n
 16      256  1.4679E-04  1.4679E-04  1.4679E-04  error n
 16      256  1.4679E-04  1.4679E-04  1.4679E-04  error n
 16      256  1.4679E-04  1.4679E-04  1.4679E-04  error n
 16      256  1.4679E-04  1.4679E-04  1.4679E-04  error n
 16      256  1.4679E-04  1.4679E-04  1.4679E-04  error n
 16      256  1.4679E-04  1.4679E-04  1.4679E-04  error n
 16      256  1.4679E-04  1.4679E-04  1.4679E-04  error n
 16      256  1.4679E-04  1.4679E-04  1.4679E-04  error n
 16      256  1.4679E-04  1.4679E-04  1.4679E-04  error n
 16      256  1.4679E-04  1.4679E-04  1.4679E-04  error n
 16      256  1.4679E-04  1.4679E-04  1.4679E-04  error n
 16      256  1.4679E-04  1.4679E-04  1.4679E-04  error n
 16      256  1.4679E-04  1.4679E-04  1.4679E-04  error n
 16      256  1.4679E-04  1.4679E-04  1.4679E-04  error n
 16      256  1.4679E-04  1.4679E-04  1.4679E-04  error n
 16      256  1.4679E-04  1.4679E-04  1.4679E-04  error n
 16      256  1.4679E-04  1.4679E-04  1.4679E-04  error n
 16      256  1.4679E-04  1.4679E-04  1.4679E-04  error n
 16      256  1.4679E-04  1.4679E-04  1.4679E-04  error n
 16      256  1.4679E-04  1.4679E-04  1.4679E-04  error n
 16      256  1.4679E-04  1.4679E-04  1.4679E-04  error n
 16      256  1.4679E-04  1.4679E-04  1.4679E-04  error n
 16      256  1.4679E-04  1.4679E-04  1.4679E-04  error n
 16      256  1.4679E-04  1.4679E-04  1.4679E-04  error n
 16      256  1.4679E-04  1.4679E-04  1.4679E-04  error n
 16      256  1.4679E-04  1.4679E-04  1.4679E-04  error n
 16      256  1.4679E-04  1.4679E-04  1.4679E-04  error n
 16      256  1.4679E-04  1.4679E-04  1.4679E-04  error n
 16      256  1.4679E-04  1.4679E-04  1.4679E-04  error n
 16      256  1.4679E-04  1.4679E-04  1.4679E-04  error n
 16      256  1.4679E-04  1.4679E-04  1.4679E-04  error n
 16      256  1.4679E-04  1.4679E-04  1.4679E-04  error n
 16      256  1.4679E-04  1.4679E-04  1.4679E-04  error n
 16      256  1.4679E-04  1.4679E-04  1.4679E-04  error n
 16      256  1.4679E-04  1.4679E-04  1.4679E-04  error n
 16      256  1.4679E-04  1.4679E-04  1.4679E-04  error n
 16      256  1.4679E-04  1.4679E-04  1.4679E-04  error n
 16      256  1.4679E-04  1.4679E-04  1.4679E-04  error n
 16      256  1.4679E-04  1.4679E-04  1.4679E-04  error n
 16      256  1.4679E-04  1.4679E-04  1.4679E-04  error n
 16      256  1.4679E-04  1.4679E-04  1.4679E-04  error n
 16      256  1.4679E-04  1.4679E-04  1.4679E-04  error n
 16      256  1.4679E-04  1.4679E-04  1.4679E-04  error n
 16      256  1.4679E-04  1.4679E-04  1.4679E-04  error n
 16      256  1.4679E-04  1.4679E-04  1.4679E-04  error n
 16      256  1.4679E-04  1.4679E-04  1.4679E-04  error n
 16      256  1.4679E-04  1.4679E-04  1.4679E-04  error n
 16      256  1.4679E-04  1.4679E-04  1.4679E-04  error n
 16      256  1.4679E-04  1.4679E-04  1.4679E-04  error n
 16      256  1.4679E-04  1.4679E-04  1.4679E-04  error n
 16      256  1.4679E-04  1.4679E-04  1.4679E-04  error n
 16      256  1.4679E-04  1.4679E-04  1.4679E-04  error n
 16      256  1.4679E-04  1.4679E-04  1.4679E-04  error n
 16      256  1.4679E-04  1.4679E-04  1.4679E-04  error n
 16      256  1.4679E-04  1.4679E-04  1.4679E-04  error n
 16      256  1.4679E-04  1.4679E-04  1.4679E-04  error n
 16      256  1.4679E-04  1.4679E-04  1.4679E-04  error n
 16      256  1.4679E-04  1.4679E-04  1.4679E-04  error n
 16      256  1.4679E-04  1.4679E-04  1.4679E-04  error n
 16      256  1.4679E-04  1.4679E-04  1.4679E-04  error n
 16      256  1.4679E-04  1.4679E-04  1.4679E-04  error n
 16      256  1.4679E-04  1.4679E-04  1.4679E-04  error n
 16      256  1.4679E-04  1.4679E-04  1.4679E-04  error n
 16      256  1.4679E-04  1.4679E-04  1.4679E-04  error n
 16      256  1.4679E-04  1.4679E-04  1.4679E-04  error n
 16      256  1.4679E-04  1.4679E-04  1.4679E-04  error n
 16      256  1.4679E-04  1.4679E-04  1.4679E-04  error n
 16      256  1.4679E-04  1.4679E-04  1.4679E-04  error n
 16      256  1.4679E-04  1.4679E-04  1.4679E-04  error n
 16      256  1.4679E-04  1.4679E-04  1.4679E-04  error n
 16      256  1.4679E-04  1.4679E-04  1.4679E-04  error n
 16      256  1.4679E-04  1.4679E-04  1.4679E-04  error n
 16      256  1.4679E-04  1.4679E-04  1.4679E-04  error n
 16      256  1.4679E-04  1.4679E-04  1.4679E-04  error n
 16      256  1.4679E-04  1.4679E-04  1.4679E-04  error n
 16      256  1.4679E-04  1.4679E-04  1.4679E-04  error n
 16      256  1.4679E-04  1.4679E-04  1.4679E-04  error n
 16      256  1.4679E-04  1.4679E-04  1.4679E-04  error n
 16      256  1.4679E-04  1.4679E-04  1.4679E-04  error n
 16      256  1.4679E-04  1.4679E-04  1.4679E-04  error n
 16      256  1.4679E-04  1.4679E-04  1.4679E-04  error n
 16      256  1.4679E-04  1.4679E-04  1.4679E-04  error n
  
call exitt: dying ...
  
backtrace(): obtained 8 stack frames.
./nek5000() [0x7818a5]
./nek5000() [0x9647a9]
./nek5000() [0x40df9c]
./nek5000() [0x4267a6]
./nek5000() [0x424d5e]
./nek5000() [0x4054fe]
 16      256  1.4679E-04  1.4679E-04  1.4679E-04  error n
 16      256  1.4679E-04  1.4679E-04  1.4679E-04  error n
 16      256  1.4679E-04  1.4679E-04  1.4679E-04  error n
 16      256  1.4679E-04  1.4679E-04  1.4679E-04  error n
 16      256  1.4679E-04  1.4679E-04  1.4679E-04  error n
 16      256  1.4679E-04  1.4679E-04  1.4679E-04  error n
 16      256  1.4679E-04  1.4679E-04  1.4679E-04  error n
 16      256  1.4679E-04  1.4679E-04  1.4679E-04  error n
 16      256  1.4679E-04  1.4679E-04  1.4679E-04  error n
 16      256  1.4679E-04  1.4679E-04  1.4679E-04  error n
 16      256  1.4679E-04  1.4679E-04  1.4679E-04  error n
 16      256  1.4679E-04  1.4679E-04  1.4679E-04  error n
 16      256  1.4679E-04  1.4679E-04  1.4679E-04  error n
 16      256  1.4679E-04  1.4679E-04  1.4679E-04  error n
 16      256  1.4679E-04  1.4679E-04  1.4679E-04  error n
 16      256  1.4679E-04  1.4679E-04  1.4679E-04  error n
 16      256  1.4679E-04  1.4679E-04  1.4679E-04  error n
 16      256  1.4679E-04  1.4679E-04  1.4679E-04  error n
 16      256  1.4679E-04  1.4679E-04  1.4679E-04  error n
 16      256  1.4679E-04  1.4679E-04  1.4679E-04  error n
 16      256  1.4679E-04  1.4679E-04  1.4679E-04  error n
 16      256  1.4679E-04  1.4679E-04  1.4679E-04  error n
 16      256  1.4679E-04  1.4679E-04  1.4679E-04  error n
 16      256  1.4679E-04  1.4679E-04  1.4679E-04  error n
 16      256  1.4679E-04  1.4679E-04  1.4679E-04  error n
 16      256  1.4679E-04  1.4679E-04  1.4679E-04  error n
 16      256  1.4679E-04  1.4679E-04  1.4679E-04  error n
 16      256  1.4679E-04  1.4679E-04  1.4679E-04  error n
 16      256  1.4679E-04  1.4679E-04  1.4679E-04  error n
 16      256  1.4679E-04  1.4679E-04  1.4679E-04  error n
 16      256  1.4679E-04  1.4679E-04  1.4679E-04  error n
 16      256  1.4679E-04  1.4679E-04  1.4679E-04  error n
 16      256  1.4679E-04  1.4679E-04  1.4679E-04  error n
 16      256  1.4679E-04  1.4679E-04  1.4679E-04  error n
 16      256  1.4679E-04  1.4679E-04  1.4679E-04  error n
 16      256  1.4679E-04  1.4679E-04  1.4679E-04  error n
 16      256  1.4679E-04  1.4679E-04  1.4679E-04  error n
 16      256  1.4679E-04  1.4679E-04  1.4679E-04  error n
 16      256  1.4679E-04  1.4679E-04  1.4679E-04  error n
 16      256  1.4679E-04  1.4679E-04  1.4679E-04  error n
 16      256  1.4679E-04  1.4679E-04  1.4679E-04  error n
 16      256  1.4679E-04  1.4679E-04  1.4679E-04  error n
 16      256  1.4679E-04  1.4679E-04  1.4679E-04  error n
 16      256  1.4679E-04  1.4679E-04  1.4679E-04  error n
 16      256  1.4679E-04  1.4679E-04  1.4679E-04  error n
 16      256  1.4679E-04  1.4679E-04  1.4679E-04  error n
 16      256  1.4679E-04  1.4679E-04  1.4679E-04  error n
 16      256  1.4679E-04  1.4679E-04  1.4679E-04  error n
 16      256  1.4679E-04  1.4679E-04  1.4679E-04  error n
 16      256  1.4679E-04  1.4679E-04  1.4679E-04  error n
 16      256  1.4679E-04  1.4679E-04  1.4679E-04  error n
 16      256  1.4679E-04  1.4679E-04  1.4679E-04  error n
 16      256  1.4679E-04  1.4679E-04  1.4679E-04  error n
 16      256  1.4679E-04  1.4679E-04  1.4679E-04  error n
 16      256  1.4679E-04  1.4679E-04  1.4679E-04  error n
 16      256  1.4679E-04  1.4679E-04  1.4679E-04  error n
 16      256  1.4679E-04  1.4679E-04  1.4679E-04  error n
 16      256  1.4679E-04  1.4679E-04  1.4679E-04  error n
 16      256  1.4679E-04  1.4679E-04  1.4679E-04  error n
 16      256  1.4679E-04  1.4679E-04  1.4679E-04  error n
 16      256  1.4679E-04  1.4679E-04  1.4679E-04  error n
 16      256  1.4679E-04  1.4679E-04  1.4679E-04  error n
/lib64/libc.so.6(__libc_start_main+0xf5) [0x2aaab1ca3b25]
./nek5000() [0x405409]
  
total elapsed time             :   2.40595E+02 sec
total solver time incl. I/O    :   0.00000E+00 sec
time/timestep                  :   0.00000E+00 sec
CPU seconds/timestep/gridpt    :   0.00000E+00 sec

Application 2259212 resources: utime ~61367s, stime ~319s, Rss ~60792, inblocks ~0, outblocks ~0
