/----------------------------------------------------------\\
|      _   __ ______ __ __  ______  ____   ____   ____     |
|     / | / // ____// //_/ / ____/ / __ \\/ __ \\/ __ \\   |
|    /  |/ // __/  / ,<   /___ \\ / / / // / / // / / /    |
|   / /|  // /___ / /| | ____/ / / /_/ // /_/ // /_/ /     |
|  /_/ |_//_____//_/ |_|/_____/  \\___/ \\___/ \\___/      |
|                                                          |
|----------------------------------------------------------|
|                                                          |
| NEK5000:  Open Source Spectral Element Solver            |
| COPYRIGHT (c) 2008-2016 UCHICAGO ARGONNE, LLC            |
| Version:  16.0.0                                         |
| Web:      http://nek5000.mcs.anl.gov                     |
|                                                          |
\\----------------------------------------------------------/
                                                              

 Number of processors:         256
 REAL    wdsize      :           8
 INTEGER wdsize      :           4
 Timer accuracy      : 4.05E-07
 Reading /gpfs/theta-fs1/home/thilina/env/lx16/b12.rea                                                                                       

 mapping elements to processors
 Reading /gpfs/theta-fs1/home/thilina/env/lx16/b12.map                                                                                       
 RANK     0 IEG    3585    3586    3587    3588    3601    3602    3603    3604
                   3841    3842    3843    3844    3857    3858    3859    3860
 element load imbalance:            0          16          16
 done :: mapping elements to processors
  
           0  objects found
 118   Parameters from file:
   1      1.00000     p001 DENSITY
   2     -100.000     p002 VISCOS
   7      1.00000     p007 RHOCP
   8      1.00000     p008 CONDUCT
  11      1.00        p011 NSTEPS
  12    -0.500000E-02 p012 DT
  21     0.100000E-05 p021 DIVERGENCE
  22     0.100000E-07 p022 HELMHOLTZ
  24     0.100000E-09 p024 TOLREL
  25     0.100000E-09 p025 TOLABS
  26     0.250000     p026 COURANT/NTAU
  27      2.00000     p027 TORDER
  66      6.00000     p066 output : <0=ascii, else binary
  67      6.00000     p067 restart: <0=ascii, else binary
  99      3.00000     p099 dealiasing: <0--> off/3--> old/4--> new
 103     0.500000E-01 p103 weight of stabilizing filter (.01)
  
 nelgt/nelgv/lelt:        4096        4096         100
 lx1  /lx2  /lx3 :          16          16          16
 done :: read .rea file    6.2601     sec

 setup mesh topology
   Right-handed check complete for    4096 elements. OK.
   setvert3d:  16     2758097    13997521     2758097     2758097
 call usrsetvert
 done :: usrsetvert

gs_setup: 965593 unique labels shared
   pairwise times (avg, min, max): 0.00021875 0.000191903 0.000245619
   crystal router                : 0.00124019 0.00122039 0.00125771
   used all_to_all method: pairwise
   handle bytes (avg, min, max): 349436 271292 382796
   buffer bytes (avg, min, max): 134626 77872 159776
   setupds time 3.7094E-01 seconds   0 16     2758097        4096
           8  max multiplicity
 done :: setup mesh topology
  
 call usrdat
 done :: usrdat

 generate geometry data
 done :: generate geometry data
  
 call usrdat2
 done :: usrdat2

 regenerate geometry data           1
 NOTE: All elements deformed , param(59) ^=0
 done :: regenerate geometry data           1
  
 verify mesh topology
  0.000000000000000E+000   1.00000000000000       Xrange
  0.000000000000000E+000   1.00000000000000       Yrange
  0.000000000000000E+000   1.00000000000000       Zrange
 done :: verify mesh topology
  
 IFTRAN   = T
 IFFLOW   = T
 IFHEAT   = F
 IFSPLIT  = T
 IFLOMACH = F
 IFUSERVP = F
 IFUSERMV = F
 IFSTRS   = F
 IFCHAR   = F
 IFCYCLIC = F
 IFAXIS   = F
 IFMVBD   = F
 IFMELT   = F
 IFMODEL  = F
 IFKEPS   = F
 IFMOAB   = F
 IFNEKNEK = F
 IFSYNC   = T
   
 IFVCOR   = T
 IFINTQ   = F
 IFCWUZ   = F
 IFSWALL  = F
 IFGEOM   = F
 IFSURT   = F
 IFWCNO   = F
   
 IFTMSH for field           1    =  F
 IFADVC for field           1    =  T
 IFNONL for field           1    =  F
   
 Dealiasing enabled, lxd=          24
  
 Estimated eigenvalues
 EIGAA =    9.86960440108936     
 EIGGA =    18046838.7306940     
 EIGAE =    9.86960440108936     
 EIGAS =   8.333333333333333E-002
 EIGGE =    18046838.7306940     
 EIGGS =    2.00000000000000     
  
 verify mesh topology
  0.000000000000000E+000   1.00000000000000       Xrange
  0.000000000000000E+000   1.00000000000000       Yrange
  0.000000000000000E+000   1.00000000000000       Zrange
 done :: verify mesh topology
  
  E-solver strategy:  0 itr
 mg_nx:           1           9          15
 mg_ny:           1           9          15
 mg_nz:           1           9          15
 call usrsetvert
 done :: usrsetvert

gs_setup: 3513 unique labels shared
   pairwise times (avg, min, max): 0.000119813 0.000101209 0.000132799
   crystal router                : 6.84306e-05 6.78062e-05 6.93083e-05
   all reduce                    : 0.00037464 0.000371408 0.000379992
   used all_to_all method: crystal router
   handle bytes (avg, min, max): 16221.8 13596 18420
   buffer bytes (avg, min, max): 1916.5 1392 2288
   setupds time 2.0009E-02 seconds   1  2        4913        4096
   setvert3d:   4       84881      117649       84881       84881
 call usrsetvert
 done :: usrsetvert

gs_setup: 36505 unique labels shared
   pairwise times (avg, min, max): 0.000120389 0.00010829 0.000133586
   crystal router                : 0.000115056 0.000114107 0.00011611
   all reduce                    : 0.0010789 0.00107479 0.00109279
   used all_to_all method: crystal router
   handle bytes (avg, min, max): 109014 81308 127604
   buffer bytes (avg, min, max): 13155.5 9440 15600
   setupds time 5.7030E-02 seconds   2  4       84881        4096
   setvert3d:  10      951473     3048625      951473      951473
 call usrsetvert
 done :: usrsetvert

gs_setup: 344377 unique labels shared
   pairwise times (avg, min, max): 0.00014954 0.000132895 0.000171614
   crystal router                : 0.000538087 0.000531793 0.000544691
   used all_to_all method: pairwise
   handle bytes (avg, min, max): 129680 100796 142028
   buffer bytes (avg, min, max): 51514.5 29488 61472
   setupds time 1.5810E-01 seconds   3 10      951473        4096
   setvert3d:  12     1449233     5545233     1449233     1449233
 call usrsetvert
 done :: usrsetvert

gs_setup: 516633 unique labels shared
   pairwise times (avg, min, max): 0.00018216 0.000161409 0.000202513
   crystal router                : 0.000734157 0.000723004 0.000745296
   used all_to_all method: pairwise
   handle bytes (avg, min, max): 191028 148412 209228
   buffer bytes (avg, min, max): 74866.5 43056 89120
   setupds time 1.8325E-01 seconds   4 12     1449233        4096
 regenerate geometry data           1
 NOTE: All elements deformed , param(59) ^=0
 done :: regenerate geometry data           1
  
 h1_mg_nx:           1           3          15
 h1_mg_ny:           1           3          15
 h1_mg_nz:           1           3          15
 call usrsetvert
 done :: usrsetvert

gs_setup: 3513 unique labels shared
   pairwise times (avg, min, max): 0.000119102 0.000102377 0.00013392
   crystal router                : 6.77973e-05 6.70195e-05 6.8903e-05
   all reduce                    : 0.000419185 0.000416398 0.000422812
   used all_to_all method: crystal router
   handle bytes (avg, min, max): 16221.8 13596 18420
   buffer bytes (avg, min, max): 1916.5 1392 2288
   setupds time 2.5208E-02 seconds   5  2        4913        4096
   setvert3d:   4       84881      117649       84881       84881
 call usrsetvert
 done :: usrsetvert

gs_setup: 36505 unique labels shared
   pairwise times (avg, min, max): 0.000119617 0.000103498 0.000137806
   crystal router                : 0.00010855 0.000107408 0.000109696
   all reduce                    : 0.00102356 0.0010191 0.00102849
   used all_to_all method: crystal router
   handle bytes (avg, min, max): 109014 81308 127604
   buffer bytes (avg, min, max): 13155.5 9440 15600
   setupds time 5.3832E-02 seconds   6  4       84881        4096
   setvert3d:   4       84881      117649       84881       84881
 call usrsetvert
 done :: usrsetvert

gs_setup: 36505 unique labels shared
   pairwise times (avg, min, max): 0.000108844 9.15051e-05 0.000123906
   crystal router                : 9.95282e-05 9.799e-05 0.000100708
   all reduce                    : 0.00100417 0.000999904 0.00100942
   used all_to_all method: crystal router
   handle bytes (avg, min, max): 109014 81308 127604
   buffer bytes (avg, min, max): 13155.5 9440 15600
   setupds time 4.8752E-02 seconds   7  4       84881        4096
   setvert3d:   6      269297      531441      269297      269297
 call usrsetvert
 done :: usrsetvert

gs_setup: 104313 unique labels shared
   pairwise times (avg, min, max): 0.00011448 0.000100088 0.000135207
   crystal router                : 0.00017405 0.000171804 0.000176191
   used all_to_all method: pairwise
   handle bytes (avg, min, max): 42695.5 33212 46796
   buffer bytes (avg, min, max): 17866.5 10032 21536
   setupds time 4.9733E-02 seconds   8  6      269297        4096
   setvert3d:  16     2758097    13997521     2758097     2758097
 call usrsetvert
 done :: usrsetvert

gs_setup: 965593 unique labels shared
   pairwise times (avg, min, max): 0.000192754 0.000166512 0.000216317
   crystal router                : 0.00118857 0.00117311 0.00120239
   used all_to_all method: pairwise
   handle bytes (avg, min, max): 349436 271292 382796
   buffer bytes (avg, min, max): 134626 77872 159776
   setupds time 3.4284E-01 seconds   9 16     2758097        4096
   setvert3d:  18     3569201    20346417     3569201     3569201
 call usrsetvert
 done :: usrsetvert

gs_setup: 1242297 unique labels shared
   pairwise times (avg, min, max): 0.000216888 0.000182796 0.000245619
   crystal router                : 0.00145585 0.0014338 0.00147519
   used all_to_all method: pairwise
   handle bytes (avg, min, max): 446496 346556 489164
   buffer bytes (avg, min, max): 171034 99120 202784
   setupds time 4.9992E-01 seconds  10 18     3569201        4096
 setup h1 coarse grid, nx_crs=           2
 call usrsetvert
 done :: usrsetvert

gs_setup: 3513 unique labels shared
   pairwise times (avg, min, max): 9.12571e-05 8.05855e-05 0.000103211
   crystal router                : 6.74114e-05 6.59943e-05 6.8903e-05
   all reduce                    : 0.000340023 0.000334597 0.00034411
   used all_to_all method: crystal router
   handle bytes (avg, min, max): 16221.8 13596 18420
   buffer bytes (avg, min, max): 1916.5 1392 2288
 done :: setup h1 coarse grid   0.173919916152954       sec
  
 call usrdat3
 done :: usrdat3

 set initial conditions
 nekuic (1) for ifld            1
 call nekuic for vel  
 xyz min     0.0000       0.0000       0.0000    
 uvwpt min   0.0000       0.0000       0.0000       0.0000       0.0000    
 PS min      0.0000       0.0000      0.99000E+22
 xyz max     1.0000       1.0000       1.0000    
 uvwpt max   0.0000       0.0000       0.0000       0.0000       0.0000    
 PS max      0.0000       0.0000     -0.99000E+22
 done :: set initial conditions
  
 call userchk
GFM max:  2.5742E-04  2.5742E-04  2.5742E-04  1.0178E-16  1.0178E-16  1.0178E-16
 
nelt =      16, np =       256, nx1 =      16, elements =      4096
Solve Time =   0.3227E-09
 
nelt =      16, np =       256, nx1 =      16, elements =      4096
Solve Time =   0.3187E-09
 
nelt =      16, np =       256, nx1 =      16, elements =      4096
Solve Time =   0.3201E-09
 
nelt =      16, np =       256, nx1 =      16, elements =      4096
Solve Time =   0.3193E-09
 
nelt =      16, np =       256, nx1 =      16, elements =      4096
Solve Time =   0.3194E-09
 
nelt =      16, np =       256, nx1 =      16, elements =      4096
Solve Time =   0.3194E-09
 
nelt =      16, np =       256, nx1 =      16, elements =      4096
Solve Time =   0.3194E-09
 
nelt =      16, np =       256, nx1 =      16, elements =      4096
Solve Time =   0.3186E-09
 
nelt =      16, np =       256, nx1 =      16, elements =      4096
Solve Time =   0.3194E-09
 
nelt =      16, np =       256, nx1 =      16, elements =      4096
Solve Time =   0.3201E-09
 
nelt =      16, np =       256, nx1 =      16, elements =      4096
Solve Time =   0.2673E-09
 
nelt =      16, np =       256, nx1 =      16, elements =      4096
Solve Time =   0.2666E-09
 
nelt =      16, np =       256, nx1 =      16, elements =      4096
Solve Time =   0.2666E-09
 
nelt =      16, np =       256, nx1 =      16, elements =      4096
Solve Time =   0.2664E-09
 
nelt =      16, np =       256, nx1 =      16, elements =      4096
Solve Time =   0.2666E-09
 
nelt =      16, np =       256, nx1 =      16, elements =      4096
Solve Time =   0.2666E-09
 
nelt =      16, np =       256, nx1 =      16, elements =      4096
Solve Time =   0.2682E-09
 
nelt =      16, np =       256, nx1 =      16, elements =      4096
Solve Time =   0.2668E-09
 
nelt =      16, np =       256, nx1 =      16, elements =      4096
Solve Time =   0.2667E-09
 
nelt =      16, np =       256, nx1 =      16, elements =      4096
Solve Time =   0.2668E-09
 
nelt =      16, np =       256, nx1 =      16, elements =      4096
Solve Time =   0.2875E-09
 
nelt =      16, np =       256, nx1 =      16, elements =      4096
Solve Time =   0.2875E-09
 
nelt =      16, np =       256, nx1 =      16, elements =      4096
Solve Time =   0.2873E-09
 
nelt =      16, np =       256, nx1 =      16, elements =      4096
Solve Time =   0.2889E-09
 
nelt =      16, np =       256, nx1 =      16, elements =      4096
Solve Time =   0.2873E-09
 
nelt =      16, np =       256, nx1 =      16, elements =      4096
Solve Time =   0.2873E-09
 
nelt =      16, np =       256, nx1 =      16, elements =      4096
Solve Time =   0.2872E-09
 
nelt =      16, np =       256, nx1 =      16, elements =      4096
Solve Time =   0.2870E-09
 
nelt =      16, np =       256, nx1 =      16, elements =      4096
Solve Time =   0.2874E-09
 
nelt =      16, np =       256, nx1 =      16, elements =      4096
Solve Time =   0.2871E-09
 
nelt =      16, np =       256, nx1 =      16, elements =      4096
Solve Time =   0.3088E-09
 
nelt =      16, np =       256, nx1 =      16, elements =      4096
Solve Time =   0.3073E-09
 
nelt =      16, np =       256, nx1 =      16, elements =      4096
Solve Time =   0.3073E-09
 
nelt =      16, np =       256, nx1 =      16, elements =      4096
Solve Time =   0.3072E-09
 
nelt =      16, np =       256, nx1 =      16, elements =      4096
Solve Time =   0.3071E-09
 
nelt =      16, np =       256, nx1 =      16, elements =      4096
Solve Time =   0.3074E-09
 
nelt =      16, np =       256, nx1 =      16, elements =      4096
Solve Time =   0.3088E-09
 
nelt =      16, np =       256, nx1 =      16, elements =      4096
Solve Time =   0.3074E-09
 
nelt =      16, np =       256, nx1 =      16, elements =      4096
Solve Time =   0.3073E-09
 
nelt =      16, np =       256, nx1 =      16, elements =      4096
Solve Time =   0.3073E-09
 
nelt =      16, np =       256, nx1 =      16, elements =      4096
Solve Time =   0.3277E-09
 
nelt =      16, np =       256, nx1 =      16, elements =      4096
Solve Time =   0.3278E-09
 
nelt =      16, np =       256, nx1 =      16, elements =      4096
Solve Time =   0.3279E-09
 
nelt =      16, np =       256, nx1 =      16, elements =      4096
Solve Time =   0.3289E-09
 
nelt =      16, np =       256, nx1 =      16, elements =      4096
Solve Time =   0.3281E-09
 
nelt =      16, np =       256, nx1 =      16, elements =      4096
Solve Time =   0.3274E-09
 
nelt =      16, np =       256, nx1 =      16, elements =      4096
Solve Time =   0.3275E-09
 
nelt =      16, np =       256, nx1 =      16, elements =      4096
Solve Time =   0.3274E-09
 
nelt =      16, np =       256, nx1 =      16, elements =      4096
Solve Time =   0.3276E-09
 
nelt =      16, np =       256, nx1 =      16, elements =      4096
Solve Time =   0.3290E-09
 schfile:
 /gpfs/theta-fs1/home/thilina/env/lx16/b12.sch                                  
                                                      
 16     4096  1.0000E+00  1.0000E+00  1.0000E+00  error v
 16     4096  1.0000E+00  1.0000E+00  1.0000E+00  error v
 16     4096  1.0000E+00  1.0000E+00  1.0000E+00  error v
 16     4096  1.0000E+00  1.0000E+00  1.0000E+00  error v
 16     4096  1.0000E+00  1.0000E+00  1.0000E+00  error v
 16     4096  1.0000E+00  1.0000E+00  1.0000E+00  error v
 16     4096  1.0000E+00  1.0000E+00  1.0000E+00  error v
 16     4096  1.0000E+00  1.0000E+00  1.0000E+00  error v
 16     4096  1.0000E+00  1.0000E+00  1.0000E+00  error v
 16     4096  1.0000E+00  1.0000E+00  1.0000E+00  error v
 16     4096  1.0000E+00  1.0000E+00  1.0000E+00  error v
 16     4096  1.0000E+00  1.0000E+00  1.0000E+00  error v
 16     4096  1.0000E+00  1.0000E+00  1.0000E+00  error v
 16     4096  1.0000E+00  1.0000E+00  1.0000E+00  error v
 16     4096  1.0000E+00  1.0000E+00  1.0000E+00  error v
 16     4096  1.0000E+00  1.0000E+00  1.0000E+00  error v
 16     4096  1.0000E+00  1.0000E+00  1.0000E+00  error v
 16     4096  1.0000E+00  1.0000E+00  1.0000E+00  error v
 16     4096  1.0000E+00  1.0000E+00  1.0000E+00  error v
 16     4096  1.0000E+00  1.0000E+00  1.0000E+00  error v
 16     4096  1.0000E+00  1.0000E+00  1.0000E+00  error v
 16     4096  1.0000E+00  1.0000E+00  1.0000E+00  error v
 16     4096  1.0000E+00  1.0000E+00  1.0000E+00  error v
 16     4096  1.0000E+00  1.0000E+00  1.0000E+00  error v
 16     4096  1.0000E+00  1.0000E+00  1.0000E+00  error v
 16     4096  1.0000E+00  1.0000E+00  1.0000E+00  error v
 16     4096  1.0000E+00  1.0000E+00  1.0000E+00  error v
 16     4096  1.0000E+00  1.0000E+00  1.0000E+00  error v
 16     4096  1.0000E+00  1.0000E+00  1.0000E+00  error v
 16     4096  1.0000E+00  1.0000E+00  1.0000E+00  error v
 16     4096  1.0000E+00  1.0000E+00  1.0000E+00  error v
 16     4096  1.0000E+00  1.0000E+00  1.0000E+00  error v
 16     4096  1.0000E+00  1.0000E+00  1.0000E+00  error v
 16     4096  1.0000E+00  1.0000E+00  1.0000E+00  error v
 16     4096  1.0000E+00  1.0000E+00  1.0000E+00  error v
 16     4096  1.0000E+00  1.0000E+00  1.0000E+00  error v
 16     4096  1.0000E+00  1.0000E+00  1.0000E+00  error v
 16     4096  1.0000E+00  1.0000E+00  1.0000E+00  error v
 16     4096  1.0000E+00  1.0000E+00  1.0000E+00  error v
 16     4096  1.0000E+00  1.0000E+00  1.0000E+00  error v
 16     4096  1.0000E+00  1.0000E+00  1.0000E+00  error v
 16     4096  1.0000E+00  1.0000E+00  1.0000E+00  error v
 16     4096  1.0000E+00  1.0000E+00  1.0000E+00  error v
 16     4096  1.0000E+00  1.0000E+00  1.0000E+00  error v
 16     4096  1.0000E+00  1.0000E+00  1.0000E+00  error v
 16     4096  1.0000E+00  1.0000E+00  1.0000E+00  error v
 16     4096  1.0000E+00  1.0000E+00  1.0000E+00  error v
 16     4096  1.0000E+00  1.0000E+00  1.0000E+00  error v
 16     4096  1.0000E+00  1.0000E+00  1.0000E+00  error v
 16     4096  1.0000E+00  1.0000E+00  1.0000E+00  error v
 16     4096  1.0000E+00  1.0000E+00  1.0000E+00  error v
 16     4096  1.0000E+00  1.0000E+00  1.0000E+00  error v
 16     4096  1.0000E+00  1.0000E+00  1.0000E+00  error v
 16     4096  1.0000E+00  1.0000E+00  1.0000E+00  error v
 16     4096  1.0000E+00  1.0000E+00  1.0000E+00  error v
 16     4096  1.0000E+00  1.0000E+00  1.0000E+00  error v
 16     4096  1.0000E+00  1.0000E+00  1.0000E+00  error v
 16     4096  1.0000E+00  1.0000E+00  1.0000E+00  error v
 16     4096  1.0000E+00  1.0000E+00  1.0000E+00  error v
 16     4096  1.0000E+00  1.0000E+00  1.0000E+00  error v
 16     4096  1.0000E+00  1.0000E+00  1.0000E+00  error v
 16     4096  1.0000E+00  1.0000E+00  1.0000E+00  error v
 16     4096  1.0000E+00  1.0000E+00  1.0000E+00  error v
 16     4096  1.0000E+00  1.0000E+00  1.0000E+00  error v
 16     4096  1.0000E+00  1.0000E+00  1.0000E+00  error v
 16     4096  1.0000E+00  1.0000E+00  1.0000E+00  error v
 16     4096  1.0000E+00  1.0000E+00  1.0000E+00  error v
 16     4096  1.0000E+00  1.0000E+00  1.0000E+00  error v
 16     4096  1.0000E+00  1.0000E+00  1.0000E+00  error v
 16     4096  1.0000E+00  1.0000E+00  1.0000E+00  error v
 16     4096  1.0000E+00  1.0000E+00  1.0000E+00  error v
 16     4096  1.0000E+00  1.0000E+00  1.0000E+00  error v
 16     4096  1.0000E+00  1.0000E+00  1.0000E+00  error v
 16     4096  1.0000E+00  1.0000E+00  1.0000E+00  error v
 16     4096  1.0000E+00  1.0000E+00  1.0000E+00  error v
 16     4096  1.0000E+00  1.0000E+00  1.0000E+00  error v
 16     4096  1.0000E+00  1.0000E+00  1.0000E+00  error v
 16     4096  1.0000E+00  1.0000E+00  1.0000E+00  error v
 16     4096  1.0000E+00  1.0000E+00  1.0000E+00  error v
 16     4096  1.0000E+00  1.0000E+00  1.0000E+00  error v
 16     4096  1.0000E+00  1.0000E+00  1.0000E+00  error v
 16     4096  1.0000E+00  1.0000E+00  1.0000E+00  error v
 16     4096  1.0000E+00  1.0000E+00  1.0000E+00  error v
 16     4096  1.0000E+00  1.0000E+00  1.0000E+00  error v
 16     4096  1.0000E+00  1.0000E+00  1.0000E+00  error v
 16     4096  1.0000E+00  1.0000E+00  1.0000E+00  error v
 16     4096  1.0000E+00  1.0000E+00  1.0000E+00  error v
 16     4096  1.0000E+00  1.0000E+00  1.0000E+00  error v
 16     4096  1.0000E+00  1.0000E+00  1.0000E+00  error v
 16     4096  1.0000E+00  1.0000E+00  1.0000E+00  error v
 16     4096  1.0000E+00  1.0000E+00  1.0000E+00  error v
 16     4096  1.0000E+00  1.0000E+00  1.0000E+00  error v
 16     4096  1.0000E+00  1.0000E+00  1.0000E+00  error v
 16     4096  1.0000E+00  1.0000E+00  1.0000E+00  error v
 16     4096  1.0000E+00  1.0000E+00  1.0000E+00  error v
 16     4096  1.0000E+00  1.0000E+00  1.0000E+00  error v
 16     4096  1.0000E+00  1.0000E+00  1.0000E+00  error v
 16     4096  1.0000E+00  1.0000E+00  1.0000E+00  error v
 16     4096  1.0000E+00  1.0000E+00  1.0000E+00  error v
 16     4096  1.0000E+00  1.0000E+00  1.0000E+00  error v
 16     4096  1.0000E+00  1.0000E+00  1.0000E+00  error v
 16     4096  1.0000E+00  1.0000E+00  1.0000E+00  error v
 16     4096  1.0000E+00  1.0000E+00  1.0000E+00  error v
 16     4096  1.0000E+00  1.0000E+00  1.0000E+00  error v
 16     4096  1.0000E+00  1.0000E+00  1.0000E+00  error v
 16     4096  1.0000E+00  1.0000E+00  1.0000E+00  error v
 16     4096  1.0000E+00  1.0000E+00  1.0000E+00  error v
 16     4096  1.0000E+00  1.0000E+00  1.0000E+00  error v
 16     4096  1.0000E+00  1.0000E+00  1.0000E+00  error v
 16     4096  1.0000E+00  1.0000E+00  1.0000E+00  error v
 16     4096  1.0000E+00  1.0000E+00  1.0000E+00  error v
 16     4096  1.0000E+00  1.0000E+00  1.0000E+00  error v
 16     4096  1.0000E+00  1.0000E+00  1.0000E+00  error v
 16     4096  1.0000E+00  1.0000E+00  1.0000E+00  error v
 16     4096  1.0000E+00  1.0000E+00  1.0000E+00  error v
 16     4096  1.0000E+00  1.0000E+00  1.0000E+00  error v
 16     4096  1.0000E+00  1.0000E+00  1.0000E+00  error v
 16     4096  1.0000E+00  1.0000E+00  1.0000E+00  error v
 16     4096  1.0000E+00  1.0000E+00  1.0000E+00  error v
 16     4096  1.0000E+00  1.0000E+00  1.0000E+00  error v
 16     4096  1.0000E+00  1.0000E+00  1.0000E+00  error v
 16     4096  1.0000E+00  1.0000E+00  1.0000E+00  error v
 16     4096  1.0000E+00  1.0000E+00  1.0000E+00  error v
 16     4096  1.0000E+00  1.0000E+00  1.0000E+00  error v
 16     4096  1.0000E+00  1.0000E+00  1.0000E+00  error v
 16     4096  1.0000E+00  1.0000E+00  1.0000E+00  error v
 16     4096  1.0000E+00  1.0000E+00  1.0000E+00  error v
 16     4096  1.0000E+00  1.0000E+00  1.0000E+00  error v
 16     4096  1.0000E+00  1.0000E+00  1.0000E+00  error v
 16     4096  1.0000E+00  1.0000E+00  1.0000E+00  error v
 16     4096  1.0000E+00  1.0000E+00  1.0000E+00  error v
 16     4096  1.0000E+00  1.0000E+00  1.0000E+00  error v
 16     4096  1.0000E+00  1.0000E+00  1.0000E+00  error v
 16     4096  1.0000E+00  1.0000E+00  1.0000E+00  error v
 16     4096  1.0000E+00  1.0000E+00  1.0000E+00  error v
 16     4096  1.0000E+00  1.0000E+00  1.0000E+00  error v
 16     4096  1.0000E+00  1.0000E+00  1.0000E+00  error v
 16     4096  1.0000E+00  1.0000E+00  1.0000E+00  error v
 16     4096  1.0000E+00  1.0000E+00  1.0000E+00  error v
 16     4096  1.0000E+00  1.0000E+00  1.0000E+00  error v
 16     4096  1.0000E+00  1.0000E+00  1.0000E+00  error v
 16     4096  1.0000E+00  1.0000E+00  1.0000E+00  error v
 16     4096  1.0000E+00  1.0000E+00  1.0000E+00  error v
 16     4096  1.0000E+00  1.0000E+00  1.0000E+00  error v
 16     4096  1.0000E+00  1.0000E+00  1.0000E+00  error v
 16     4096  1.0000E+00  1.0000E+00  1.0000E+00  error v
 16     4096  1.0000E+00  1.0000E+00  1.0000E+00  error v
 16     4096  1.0000E+00  1.0000E+00  1.0000E+00  error v
 16     4096  1.0000E+00  1.0000E+00  1.0000E+00  error v
 16     4096  1.0000E+00  1.0000E+00  1.0000E+00  error v
 16     4096  1.0000E+00  1.0000E+00  1.0000E+00  error v
 16     4096  1.0000E+00  1.0000E+00  1.0000E+00  error v
 16     4096  1.0000E+00  1.0000E+00  1.0000E+00  error v
 16     4096  1.0000E+00  1.0000E+00  1.0000E+00  error v
 16     4096  1.0000E+00  1.0000E+00  1.0000E+00  error v
 16     4096  1.0000E+00  1.0000E+00  1.0000E+00  error v
 16     4096  1.0000E+00  1.0000E+00  1.0000E+00  error v
 16     4096  1.0000E+00  1.0000E+00  1.0000E+00  error v
 16     4096  1.0000E+00  1.0000E+00  1.0000E+00  error v
 16     4096  1.0000E+00  1.0000E+00  1.0000E+00  error v
 16     4096  1.0000E+00  1.0000E+00  1.0000E+00  error v
 16     4096  1.0000E+00  1.0000E+00  1.0000E+00  error v
 16     4096  1.0000E+00  1.0000E+00  1.0000E+00  error v
 16     4096  1.0000E+00  1.0000E+00  1.0000E+00  error v
 16     4096  1.0000E+00  1.0000E+00  1.0000E+00  error v
 16     4096  1.0000E+00  1.0000E+00  1.0000E+00  error v
 16     4096  1.0000E+00  1.0000E+00  1.0000E+00  error v
 16     4096  1.0000E+00  1.0000E+00  1.0000E+00  error v
 16     4096  1.0000E+00  1.0000E+00  1.0000E+00  error v
 16     4096  1.0000E+00  1.0000E+00  1.0000E+00  error v
 16     4096  1.0000E+00  1.0000E+00  1.0000E+00  error v
 16     4096  1.0000E+00  1.0000E+00  1.0000E+00  error v
 16     4096  1.0000E+00  1.0000E+00  1.0000E+00  error v
 16     4096  1.0000E+00  1.0000E+00  1.0000E+00  error v
 16     4096  1.0000E+00  1.0000E+00  1.0000E+00  error v
 16     4096  1.0000E+00  1.0000E+00  1.0000E+00  error v
 16     4096  1.0000E+00  1.0000E+00  1.0000E+00  error v
 16     4096  1.0000E+00  1.0000E+00  1.0000E+00  error v
 16     4096  1.0000E+00  1.0000E+00  1.0000E+00  error v
 16     4096  1.0000E+00  1.0000E+00  1.0000E+00  error v
 16     4096  1.0000E+00  1.0000E+00  1.0000E+00  error v
 16     4096  1.0000E+00  1.0000E+00  1.0000E+00  error v
 16     4096  1.0000E+00  1.0000E+00  1.0000E+00  error v
 16     4096  1.0000E+00  1.0000E+00  1.0000E+00  error v
 16     4096  1.0000E+00  1.0000E+00  1.0000E+00  error v
 16     4096  1.0000E+00  1.0000E+00  1.0000E+00  error v
 16     4096  1.0000E+00  1.0000E+00  1.0000E+00  error v
 16     4096  1.0000E+00  1.0000E+00  1.0000E+00  error v
 16     4096  1.0000E+00  1.0000E+00  1.0000E+00  error v
 16     4096  1.0000E+00  1.0000E+00  1.0000E+00  error v
 16     4096  1.0000E+00  1.0000E+00  1.0000E+00  error v
 16     4096  1.0000E+00  1.0000E+00  1.0000E+00  error v
 16     4096  1.0000E+00  1.0000E+00  1.0000E+00  error v
 16     4096  1.0000E+00  1.0000E+00  1.0000E+00  error v
 16     4096  1.0000E+00  1.0000E+00  1.0000E+00  error v
 16     4096  1.0000E+00  1.0000E+00  1.0000E+00  error v
 16     4096  1.0000E+00  1.0000E+00  1.0000E+00  error v
 16     4096  1.0000E+00  1.0000E+00  1.0000E+00  error v
 16     4096  1.0000E+00  1.0000E+00  1.0000E+00  error v
 16     4096  1.0000E+00  1.0000E+00  1.0000E+00  error v
 16     4096  1.0000E+00  1.0000E+00  1.0000E+00  error v
 16     4096  1.0000E+00  1.0000E+00  1.0000E+00  error v
 16     4096  1.0000E+00  1.0000E+00  1.0000E+00  error v
 16     4096  1.0000E+00  1.0000E+00  1.0000E+00  error v
 16     4096  1.0000E+00  1.0000E+00  1.0000E+00  error v
 16     4096  1.0000E+00  1.0000E+00  1.0000E+00  error v
 16     4096  1.0000E+00  1.0000E+00  1.0000E+00  error v
 16     4096  1.0000E+00  1.0000E+00  1.0000E+00  error v
 16     4096  1.0000E+00  1.0000E+00  1.0000E+00  error v
 16     4096  1.0000E+00  1.0000E+00  1.0000E+00  error v
 16     4096  1.0000E+00  1.0000E+00  1.0000E+00  error v
 16     4096  1.0000E+00  1.0000E+00  1.0000E+00  error v
 16     4096  1.0000E+00  1.0000E+00  1.0000E+00  error v
 16     4096  1.0000E+00  1.0000E+00  1.0000E+00  error v
 16     4096  1.0000E+00  1.0000E+00  1.0000E+00  error v
 16     4096  1.0000E+00  1.0000E+00  1.0000E+00  error v
 16     4096  1.0000E+00  1.0000E+00  1.0000E+00  error v
 16     4096  1.0000E+00  1.0000E+00  1.0000E+00  error v
 16     4096  1.0000E+00  1.0000E+00  1.0000E+00  error v
 16     4096  1.0000E+00  1.0000E+00  1.0000E+00  error v
 16     4096  1.0000E+00  1.0000E+00  1.0000E+00  error v
 16     4096  1.0000E+00  1.0000E+00  1.0000E+00  error v
 16     4096  1.0000E+00  1.0000E+00  1.0000E+00  error v
 16     4096  1.0000E+00  1.0000E+00  1.0000E+00  error v
 16     4096  1.0000E+00  1.0000E+00  1.0000E+00  error v
 16     4096  1.0000E+00  1.0000E+00  1.0000E+00  error v
 16     4096  1.0000E+00  1.0000E+00  1.0000E+00  error v
 16     4096  1.0000E+00  1.0000E+00  1.0000E+00  error v
 16     4096  1.0000E+00  1.0000E+00  1.0000E+00  error v
 16     4096  1.0000E+00  1.0000E+00  1.0000E+00  error v
 16     4096  1.0000E+00  1.0000E+00  1.0000E+00  error v
 16     4096  1.0000E+00  1.0000E+00  1.0000E+00  error v
 16     4096  1.0000E+00  1.0000E+00  1.0000E+00  error v
 16     4096  1.0000E+00  1.0000E+00  1.0000E+00  error v
 16     4096  1.0000E+00  1.0000E+00  1.0000E+00  error v
 16     4096  1.0000E+00  1.0000E+00  1.0000E+00  error v
 16     4096  1.0000E+00  1.0000E+00  1.0000E+00  error v
 16     4096  1.0000E+00  1.0000E+00  1.0000E+00  error v
 16     4096  1.0000E+00  1.0000E+00  1.0000E+00  error v
 16     4096  1.0000E+00  1.0000E+00  1.0000E+00  error v
 16     4096  1.0000E+00  1.0000E+00  1.0000E+00  error v
 16     4096  1.0000E+00  1.0000E+00  1.0000E+00  error v
 16     4096  1.0000E+00  1.0000E+00  1.0000E+00  error v
 16     4096  1.0000E+00  1.0000E+00  1.0000E+00  error v
 16     4096  1.0000E+00  1.0000E+00  1.0000E+00  error v
 16     4096  1.0000E+00  1.0000E+00  1.0000E+00  error v
 16     4096  1.0000E+00  1.0000E+00  1.0000E+00  error v
 16     4096  1.0000E+00  1.0000E+00  1.0000E+00  error v
 16     4096  1.0000E+00  1.0000E+00  1.0000E+00  error v
 16     4096  1.0000E+00  1.0000E+00  1.0000E+00  error v
 16     4096  1.0000E+00  1.0000E+00  1.0000E+00  error v
 16     4096  1.0000E+00  1.0000E+00  1.0000E+00  error v
 16     4096  1.0000E+00  1.0000E+00  1.0000E+00  error v
 16     4096  1.0000E+00  1.0000E+00  1.0000E+00  error v
 16     4096  1.0000E+00  1.0000E+00  1.0000E+00  error v
 16     4096  1.0000E+00  1.0000E+00  1.0000E+00  error v
 
nelt =      16, np =       256, nx1 =      16, elements =      4096
Solve Time =   0.3712E-09
 
nelt =      16, np =       256, nx1 =      16, elements =      4096
Solve Time =   0.3696E-09
 
nelt =      16, np =       256, nx1 =      16, elements =      4096
Solve Time =   0.3696E-09
 
nelt =      16, np =       256, nx1 =      16, elements =      4096
Solve Time =   0.3700E-09
 
nelt =      16, np =       256, nx1 =      16, elements =      4096
Solve Time =   0.3715E-09
 
nelt =      16, np =       256, nx1 =      16, elements =      4096
Solve Time =   0.3696E-09
 
nelt =      16, np =       256, nx1 =      16, elements =      4096
Solve Time =   0.3704E-09
 
nelt =      16, np =       256, nx1 =      16, elements =      4096
Solve Time =   0.3694E-09
 
nelt =      16, np =       256, nx1 =      16, elements =      4096
Solve Time =   0.3700E-09
 
nelt =      16, np =       256, nx1 =      16, elements =      4096
Solve Time =   0.3696E-09
Application 2259120 exit codes: 1
Application 2259120 resources: utime ~28684s, stime ~58s, Rss ~127744, inblocks ~0, outblocks ~0
