/----------------------------------------------------------\\
|      _   __ ______ __ __  ______  ____   ____   ____     |
|     / | / // ____// //_/ / ____/ / __ \\/ __ \\/ __ \\   |
|    /  |/ // __/  / ,<   /___ \\ / / / // / / // / / /    |
|   / /|  // /___ / /| | ____/ / / /_/ // /_/ // /_/ /     |
|  /_/ |_//_____//_/ |_|/_____/  \\___/ \\___/ \\___/      |
|                                                          |
|----------------------------------------------------------|
|                                                          |
| NEK5000:  Open Source Spectral Element Solver            |
| COPYRIGHT (c) 2008-2016 UCHICAGO ARGONNE, LLC            |
| Version:  16.0.0                                         |
| Web:      http://nek5000.mcs.anl.gov                     |
|                                                          |
\\----------------------------------------------------------/
                                                              

 Number of processors:        1024
 REAL    wdsize      :           8
 INTEGER wdsize      :           4
 Timer accuracy      : 4.77E-07
 Reading /gpfs/theta-fs1/home/thilina/env/lx16/b11.rea                                                                                       

 mapping elements to processors
 Reading /gpfs/theta-fs1/home/thilina/env/lx16/b11.map                                                                                       
 RANK     0 IEG    1929    1930
 element load imbalance:            0           2           2
 done :: mapping elements to processors
  
           0  objects found
 118   Parameters from file:
   1      1.00000     p001 DENSITY
   2     -100.000     p002 VISCOS
   7      1.00000     p007 RHOCP
   8      1.00000     p008 CONDUCT
  11      1.00        p011 NSTEPS
  12    -0.500000E-02 p012 DT
  21     0.100000E-05 p021 DIVERGENCE
  22     0.100000E-07 p022 HELMHOLTZ
  24     0.100000E-09 p024 TOLREL
  25     0.100000E-09 p025 TOLABS
  26     0.250000     p026 COURANT/NTAU
  27      2.00000     p027 TORDER
  66      6.00000     p066 output : <0=ascii, else binary
  67      6.00000     p067 restart: <0=ascii, else binary
  99      3.00000     p099 dealiasing: <0--> off/3--> old/4--> new
 103     0.500000E-01 p103 weight of stabilizing filter (.01)
  
 nelgt/nelgv/lelt:        2048        2048         100
 lx1  /lx2  /lx3 :          16          16          16
 done :: read .rea file    11.805     sec

 setup mesh topology
   Right-handed check complete for    2048 elements. OK.
   setvert3d:  16     1409461     7029173     1409461     1409461
 call usrsetvert
 done :: usrsetvert

gs_setup: 1000833 unique labels shared
   pairwise times (avg, min, max): 0.000198124 0.000156593 0.000233006
   crystal router                : 0.000623829 0.000613809 0.000632501
   used all_to_all method: pairwise
   handle bytes (avg, min, max): 59202.6 35980 65044
   buffer bytes (avg, min, max): 39172.1 20992 44096
   setupds time 1.5893E-01 seconds   0 16     1409461        2048
           8  max multiplicity
 done :: setup mesh topology
  
 call usrdat
 done :: usrdat

 generate geometry data
 done :: generate geometry data
  
 call usrdat2
 done :: usrdat2

 regenerate geometry data           1
 NOTE: All elements deformed , param(59) ^=0
 done :: regenerate geometry data           1
  
 verify mesh topology
  0.000000000000000E+000   1.00000000000000       Xrange
  0.000000000000000E+000   1.00000000000000       Yrange
  0.000000000000000E+000   1.00000000000000       Zrange
 done :: verify mesh topology
  
 IFTRAN   = T
 IFFLOW   = T
 IFHEAT   = F
 IFSPLIT  = T
 IFLOMACH = F
 IFUSERVP = F
 IFUSERMV = F
 IFSTRS   = F
 IFCHAR   = F
 IFCYCLIC = F
 IFAXIS   = F
 IFMVBD   = F
 IFMELT   = F
 IFMODEL  = F
 IFKEPS   = F
 IFMOAB   = F
 IFNEKNEK = F
 IFSYNC   = T
   
 IFVCOR   = T
 IFINTQ   = F
 IFCWUZ   = F
 IFSWALL  = F
 IFGEOM   = F
 IFSURT   = F
 IFWCNO   = F
   
 IFTMSH for field           1    =  F
 IFADVC for field           1    =  T
 IFNONL for field           1    =  F
   
 Dealiasing enabled, lxd=          24
  
 Estimated eigenvalues
 EIGAA =    9.86960440108936     
 EIGGA =    12044447.0326401     
 EIGAE =    9.86960440108936     
 EIGAS =   8.333333333333333E-002
 EIGGE =    12044447.0326401     
 EIGGS =    2.00000000000000     
  
 verify mesh topology
  0.000000000000000E+000   1.00000000000000       Xrange
  0.000000000000000E+000   1.00000000000000       Yrange
  0.000000000000000E+000   1.00000000000000       Zrange
 done :: verify mesh topology
  
  E-solver strategy:  0 itr
 mg_nx:           1           9          15
 mg_ny:           1           9          15
 mg_nz:           1           9          15
 call usrsetvert
 done :: usrsetvert

gs_setup: 2577 unique labels shared
   pairwise times (avg, min, max): 0.000119408 0.00010159 0.000146794
   crystal router                : 0.000102758 0.000101709 0.000106287
   all reduce                    : 0.000502884 0.000499988 0.000511003
   used all_to_all method: crystal router
   handle bytes (avg, min, max): 7062.5 6212 8252
   buffer bytes (avg, min, max): 686.25 496 720
   setupds time 2.9900E-02 seconds   1  2        2601        2048
   setvert3d:   4       43669       60053       43669       43669
 call usrsetvert
 done :: usrsetvert

gs_setup: 34593 unique labels shared
   pairwise times (avg, min, max): 0.000117834 9.96828e-05 0.000135493
   crystal router                : 0.000141001 0.000139809 0.000144482
   all reduce                    : 0.00131221 0.00130658 0.00131841
   used all_to_all method: pairwise
   handle bytes (avg, min, max): 3897.62 2380 4372
   buffer bytes (avg, min, max): 2902.12 1408 3392
   setupds time 5.1675E-02 seconds   2  4       43669        2048
   setvert3d:  10      486697     1535273      486697      486697
 call usrsetvert
 done :: usrsetvert

gs_setup: 351825 unique labels shared
   pairwise times (avg, min, max): 0.000128741 0.000106287 0.000151396
   crystal router                : 0.000280836 0.000274682 0.000290585
   used all_to_all method: pairwise
   handle bytes (avg, min, max): 22910.1 13996 25204
   buffer bytes (avg, min, max): 15853.1 8320 17984
   setupds time 9.2077E-02 seconds   3 10      486697        2048
   setvert3d:  12      740981     2788981      740981      740981
 call usrsetvert
 done :: usrsetvert

gs_setup: 531297 unique labels shared
   pairwise times (avg, min, max): 0.00016251 0.000134277 0.000182199
   crystal router                : 0.000413159 0.000407314 0.000429296
   used all_to_all method: pairwise
   handle bytes (avg, min, max): 33087.6 20172 36372
   buffer bytes (avg, min, max): 22474.1 11904 25408
   setupds time 1.0317E-01 seconds   4 12      740981        2048
 regenerate geometry data           1
 NOTE: All elements deformed , param(59) ^=0
 done :: regenerate geometry data           1
  
 h1_mg_nx:           1           3          15
 h1_mg_ny:           1           3          15
 h1_mg_nz:           1           3          15
 call usrsetvert
 done :: usrsetvert

gs_setup: 2577 unique labels shared
   pairwise times (avg, min, max): 0.000116363 9.5892e-05 0.000133896
   crystal router                : 9.08606e-05 8.97169e-05 9.22203e-05
   all reduce                    : 0.000530318 0.000527596 0.000537801
   used all_to_all method: crystal router
   handle bytes (avg, min, max): 7062.5 6212 8252
   buffer bytes (avg, min, max): 686.25 496 720
   setupds time 3.0527E-02 seconds   5  2        2601        2048
   setvert3d:   4       43669       60053       43669       43669
 call usrsetvert
 done :: usrsetvert

gs_setup: 34593 unique labels shared
   pairwise times (avg, min, max): 0.00011711 9.67979e-05 0.000131893
   crystal router                : 0.00012849 0.00012722 0.00013001
   all reduce                    : 0.00130179 0.00129111 0.0013129
   used all_to_all method: crystal router
   handle bytes (avg, min, max): 36135.5 27908 42764
   buffer bytes (avg, min, max): 4032.12 2704 4560
   setupds time 4.2346E-02 seconds   6  4       43669        2048
   setvert3d:   4       43669       60053       43669       43669
 call usrsetvert
 done :: usrsetvert

gs_setup: 34593 unique labels shared
   pairwise times (avg, min, max): 0.000110369 9.21011e-05 0.000131011
   crystal router                : 0.000129371 0.000126791 0.000132084
   all reduce                    : 0.00129565 0.00128901 0.00130599
   used all_to_all method: pairwise
   handle bytes (avg, min, max): 3897.62 2380 4372
   buffer bytes (avg, min, max): 2902.12 1408 3392
   setupds time 3.5571E-02 seconds   7  4       43669        2048
   setvert3d:   6      138041      269113      138041      138041
 call usrsetvert
 done :: usrsetvert

gs_setup: 103473 unique labels shared
   pairwise times (avg, min, max): 0.000112426 9.69172e-05 0.000123501
   crystal router                : 0.000141427 0.000139689 0.000143194
   used all_to_all method: pairwise
   handle bytes (avg, min, max): 8315.12 5100 9204
   buffer bytes (avg, min, max): 6067.12 3072 6976
   setupds time 4.2989E-02 seconds   8  6      138041        2048
   setvert3d:  16     1409461     7029173     1409461     1409461
 call usrsetvert
 done :: usrsetvert

gs_setup: 1000833 unique labels shared
   pairwise times (avg, min, max): 0.000179351 0.00015099 0.000201702
   crystal router                : 0.000578511 0.000568795 0.000592184
   used all_to_all method: pairwise
   handle bytes (avg, min, max): 59202.6 35980 65044
   buffer bytes (avg, min, max): 39172.1 20992 44096
   setupds time 1.3764E-01 seconds   9 16     1409461        2048
   setvert3d:  18     1823657    10212265     1823657     1823657
 call usrsetvert
 done :: usrsetvert

gs_setup: 1290897 unique labels shared
   pairwise times (avg, min, max): 0.000186686 0.000150704 0.000218797
   crystal router                : 0.000839334 0.000826907 0.000853896
   used all_to_all method: pairwise
   handle bytes (avg, min, max): 75140.1 45612 82548
   buffer bytes (avg, min, max): 49249.1 26496 55360
   setupds time 1.9486E-01 seconds  10 18     1823657        2048
 setup h1 coarse grid, nx_crs=           2
 call usrsetvert
 done :: usrsetvert

gs_setup: 2577 unique labels shared
   pairwise times (avg, min, max): 0.000107052 9.02891e-05 0.000121903
   crystal router                : 9.20553e-05 9.10044e-05 9.36031e-05
   all reduce                    : 0.000486306 0.000483012 0.000496006
   used all_to_all method: crystal router
   handle bytes (avg, min, max): 7062.5 6212 8252
   buffer bytes (avg, min, max): 686.25 496 720
 done :: setup h1 coarse grid   0.112798929214478       sec
  
 call usrdat3
 done :: usrdat3

 set initial conditions
 nekuic (1) for ifld            1
 call nekuic for vel  
 xyz min     0.0000       0.0000       0.0000    
 uvwpt min   0.0000       0.0000       0.0000       0.0000       0.0000    
 PS min      0.0000       0.0000      0.99000E+22
 xyz max     1.0000       1.0000       1.0000    
 uvwpt max   0.0000       0.0000       0.0000       0.0000       0.0000    
 PS max      0.0000       0.0000     -0.99000E+22
 done :: set initial conditions
  
 call userchk
GFM max:  1.2871E-04  5.1483E-04  5.1483E-04  9.6342E-17  9.6342E-17  2.0355E-16
 
nelt =       2, np =      1024, nx1 =      16, elements =      2048
Solve Time =   0.1367E-09
 
nelt =       2, np =      1024, nx1 =      16, elements =      2048
Solve Time =   0.1336E-09
 
nelt =       2, np =      1024, nx1 =      16, elements =      2048
Solve Time =   0.1347E-09
 
nelt =       2, np =      1024, nx1 =      16, elements =      2048
Solve Time =   0.1360E-09
 
nelt =       2, np =      1024, nx1 =      16, elements =      2048
Solve Time =   0.1340E-09
 
nelt =       2, np =      1024, nx1 =      16, elements =      2048
Solve Time =   0.1341E-09
 
nelt =       2, np =      1024, nx1 =      16, elements =      2048
Solve Time =   0.1343E-09
 
nelt =       2, np =      1024, nx1 =      16, elements =      2048
Solve Time =   0.1331E-09
 
nelt =       2, np =      1024, nx1 =      16, elements =      2048
Solve Time =   0.1348E-09
 
nelt =       2, np =      1024, nx1 =      16, elements =      2048
Solve Time =   0.1350E-09
 
nelt =       2, np =      1024, nx1 =      16, elements =      2048
Solve Time =   0.1009E-09
 
nelt =       2, np =      1024, nx1 =      16, elements =      2048
Solve Time =   0.9983E-10
 
nelt =       2, np =      1024, nx1 =      16, elements =      2048
Solve Time =   0.1009E-09
 
nelt =       2, np =      1024, nx1 =      16, elements =      2048
Solve Time =   0.1011E-09
 
nelt =       2, np =      1024, nx1 =      16, elements =      2048
Solve Time =   0.9936E-10
 
nelt =       2, np =      1024, nx1 =      16, elements =      2048
Solve Time =   0.9990E-10
 
nelt =       2, np =      1024, nx1 =      16, elements =      2048
Solve Time =   0.1008E-09
 
nelt =       2, np =      1024, nx1 =      16, elements =      2048
Solve Time =   0.1004E-09
 
nelt =       2, np =      1024, nx1 =      16, elements =      2048
Solve Time =   0.1005E-09
 
nelt =       2, np =      1024, nx1 =      16, elements =      2048
Solve Time =   0.1005E-09
 
nelt =       2, np =      1024, nx1 =      16, elements =      2048
Solve Time =   0.1231E-09
 
nelt =       2, np =      1024, nx1 =      16, elements =      2048
Solve Time =   0.1218E-09
 
nelt =       2, np =      1024, nx1 =      16, elements =      2048
Solve Time =   0.1218E-09
 
nelt =       2, np =      1024, nx1 =      16, elements =      2048
Solve Time =   0.1228E-09
 
nelt =       2, np =      1024, nx1 =      16, elements =      2048
Solve Time =   0.1228E-09
 
nelt =       2, np =      1024, nx1 =      16, elements =      2048
Solve Time =   0.1221E-09
 
nelt =       2, np =      1024, nx1 =      16, elements =      2048
Solve Time =   0.1229E-09
 
nelt =       2, np =      1024, nx1 =      16, elements =      2048
Solve Time =   0.1226E-09
 
nelt =       2, np =      1024, nx1 =      16, elements =      2048
Solve Time =   0.1215E-09
 
nelt =       2, np =      1024, nx1 =      16, elements =      2048
Solve Time =   0.1217E-09
 
nelt =       2, np =      1024, nx1 =      16, elements =      2048
Solve Time =   0.1389E-09
 
nelt =       2, np =      1024, nx1 =      16, elements =      2048
Solve Time =   0.1381E-09
 
nelt =       2, np =      1024, nx1 =      16, elements =      2048
Solve Time =   0.1388E-09
 
nelt =       2, np =      1024, nx1 =      16, elements =      2048
Solve Time =   0.1381E-09
 
nelt =       2, np =      1024, nx1 =      16, elements =      2048
Solve Time =   0.1377E-09
 
nelt =       2, np =      1024, nx1 =      16, elements =      2048
Solve Time =   0.1396E-09
 
nelt =       2, np =      1024, nx1 =      16, elements =      2048
Solve Time =   0.1397E-09
 
nelt =       2, np =      1024, nx1 =      16, elements =      2048
Solve Time =   0.1393E-09
 
nelt =       2, np =      1024, nx1 =      16, elements =      2048
Solve Time =   0.1380E-09
 
nelt =       2, np =      1024, nx1 =      16, elements =      2048
Solve Time =   0.1370E-09
 
nelt =       2, np =      1024, nx1 =      16, elements =      2048
Solve Time =   0.1541E-09
 
nelt =       2, np =      1024, nx1 =      16, elements =      2048
Solve Time =   0.1556E-09
 
nelt =       2, np =      1024, nx1 =      16, elements =      2048
Solve Time =   0.1534E-09
 
nelt =       2, np =      1024, nx1 =      16, elements =      2048
Solve Time =   0.1550E-09
 
nelt =       2, np =      1024, nx1 =      16, elements =      2048
Solve Time =   0.1542E-09
 
nelt =       2, np =      1024, nx1 =      16, elements =      2048
Solve Time =   0.1533E-09
 
nelt =       2, np =      1024, nx1 =      16, elements =      2048
Solve Time =   0.1537E-09
 
nelt =       2, np =      1024, nx1 =      16, elements =      2048
Solve Time =   0.1536E-09
 
nelt =       2, np =      1024, nx1 =      16, elements =      2048
Solve Time =   0.1549E-09
 
nelt =       2, np =      1024, nx1 =      16, elements =      2048
Solve Time =   0.1541E-09
 schfile:
 /gpfs/theta-fs1/home/thilina/env/lx16/b11.sch                                  
                                                      
ERROR: .sch file already exists. Use IFSCHCLOB=F todisable this check BUT BEWARE!!!!!!  ierr=  1 
  
call exitt: dying ...
  
backtrace(): obtained 9 stack frames.
./nek5000() [0x7818a5]
./nek5000() [0x963cd9]
./nek5000() [0x51184f]
./nek5000() [0x409db1]
./nek5000() [0x4267a6]
./nek5000() [0x424d5e]
./nek5000() [0x4054fe]
/lib64/libc.so.6(__libc_start_main+0xf5) [0x2aaab1ca3b25]
./nek5000() [0x405409]
  
total elapsed time             :   2.96323E+01 sec
total solver time incl. I/O    :   0.00000E+00 sec
time/timestep                  :   0.00000E+00 sec
CPU seconds/timestep/gridpt    :   0.00000E+00 sec

Application 2260668 resources: utime ~29918s, stime ~704s, Rss ~65812, inblocks ~0, outblocks ~0
