/----------------------------------------------------------\\
|      _   __ ______ __ __  ______  ____   ____   ____     |
|     / | / // ____// //_/ / ____/ / __ \\/ __ \\/ __ \\   |
|    /  |/ // __/  / ,<   /___ \\ / / / // / / // / / /    |
|   / /|  // /___ / /| | ____/ / / /_/ // /_/ // /_/ /     |
|  /_/ |_//_____//_/ |_|/_____/  \\___/ \\___/ \\___/      |
|                                                          |
|----------------------------------------------------------|
|                                                          |
| NEK5000:  Open Source Spectral Element Solver            |
| COPYRIGHT (c) 2008-2016 UCHICAGO ARGONNE, LLC            |
| Version:  16.0.0                                         |
| Web:      http://nek5000.mcs.anl.gov                     |
|                                                          |
\\----------------------------------------------------------/
                                                              

 Number of processors:       16384
 REAL    wdsize      :           8
 INTEGER wdsize      :           4
 Timer accuracy      : 3.10E-07
 Reading /gpfs/theta-fs1/home/thilina/env/lx16/b14.rea                                                                                       

 mapping elements to processors
 Reading /gpfs/theta-fs1/home/thilina/env/lx16/b14.map                                                                                       
 element load imbalance:            0           1           1
 done :: mapping elements to processors
  
           0  objects found
 118   Parameters from file:
   1      1.00000     p001 DENSITY
   2     -100.000     p002 VISCOS
   7      1.00000     p007 RHOCP
   8      1.00000     p008 CONDUCT
  11      1.00        p011 NSTEPS
  12    -0.500000E-02 p012 DT
  21     0.100000E-05 p021 DIVERGENCE
  22     0.100000E-07 p022 HELMHOLTZ
  24     0.100000E-09 p024 TOLREL
  25     0.100000E-09 p025 TOLABS
  26     0.250000     p026 COURANT/NTAU
  27      2.00000     p027 TORDER
  66      6.00000     p066 output : <0=ascii, else binary
  67      6.00000     p067 restart: <0=ascii, else binary
  99      3.00000     p099 dealiasing: <0--> off/3--> old/4--> new
 103     0.500000E-01 p103 weight of stabilizing filter (.01)
  
 nelgt/nelgv/lelt:       16384       16384         100
 lx1  /lx2  /lx3 :          16          16          16
 done :: read .rea file    1926.9     sec

 setup mesh topology
   Right-handed check complete for   16384 elements. OK.
   setvert3d:  16    11034749    55992445    11034749    11034749
 call usrsetvert
 done :: usrsetvert

gs_setup: 9993001 unique labels shared
   pairwise times (avg, min, max): 0.000195627 0.000145721 0.000236297
   crystal router                : 0.00075752 0.000741196 0.000779009
   used all_to_all method: pairwise
   handle bytes (avg, min, max): 34853.8 18436 36340
   buffer bytes (avg, min, max): 26485.6 13072 27776
   setupds time 2.9271E-01 seconds   0 16    11034749       16384
           8  max multiplicity
 done :: setup mesh topology
  
 call usrdat
 done :: usrdat

 generate geometry data
 done :: generate geometry data
  
 call usrdat2
 done :: usrdat2

 regenerate geometry data           1
 NOTE: All elements deformed , param(59) ^=0
 done :: regenerate geometry data           1
  
 verify mesh topology
  0.000000000000000E+000   1.00000000000000       Xrange
  0.000000000000000E+000   1.00000000000000       Yrange
  0.000000000000000E+000   1.00000000000000       Zrange
 done :: verify mesh topology
  
 IFTRAN   = T
 IFFLOW   = T
 IFHEAT   = F
 IFSPLIT  = T
 IFLOMACH = F
 IFUSERVP = F
 IFUSERMV = F
 IFSTRS   = F
 IFCHAR   = F
 IFCYCLIC = F
 IFAXIS   = F
 IFMVBD   = F
 IFMELT   = F
 IFMODEL  = F
 IFKEPS   = F
 IFMOAB   = F
 IFNEKNEK = F
 IFSYNC   = T
   
 IFVCOR   = T
 IFINTQ   = F
 IFCWUZ   = F
 IFSWALL  = F
 IFGEOM   = F
 IFSURT   = F
 IFWCNO   = F
   
 IFTMSH for field           1    =  F
 IFADVC for field           1    =  T
 IFNONL for field           1    =  F
   
 Dealiasing enabled, lxd=          24
  
 Estimated eigenvalues
 EIGAA =    9.86960440108936     
 EIGGA =    48176558.3061453     
 EIGAE =    9.86960440108936     
 EIGAS =   8.333333333333333E-002
 EIGGE =    48176558.3061453     
 EIGGS =    2.00000000000000     
  
 verify mesh topology
  0.000000000000000E+000   1.00000000000000       Xrange
  0.000000000000000E+000   1.00000000000000       Yrange
  0.000000000000000E+000   1.00000000000000       Zrange
 done :: verify mesh topology
  
  E-solver strategy:  0 itr
 mg_nx:           1           9          15
 mg_ny:           1           9          15
 mg_nz:           1           9          15
 call usrsetvert
 done :: usrsetvert

gs_setup: 18505 unique labels shared
   pairwise times (avg, min, max): 0.000122302 9.36031e-05 0.000160217
   crystal router                : 0.0002188 0.000207019 0.000237608
   all reduce                    : 0.00168082 0.00165889 0.00169821
   used all_to_all method: pairwise
   handle bytes (avg, min, max): 1312.01 628 1396
   buffer bytes (avg, min, max): 833.242 304 896
   setupds time 5.4628E-02 seconds   1  2       18513       16384
   setvert3d:   4      334805      465877      334805      334805
 call usrsetvert
 done :: usrsetvert

gs_setup: 312937 unique labels shared
   pairwise times (avg, min, max): 0.000117095 9.34124e-05 0.000154591
   crystal router                : 0.000324388 0.000310993 0.000344396
   used all_to_all method: pairwise
   handle bytes (avg, min, max): 2791.7 1444 2932
   buffer bytes (avg, min, max): 2289.87 976 2432
   setupds time 2.8975E-02 seconds   2  4      334805       16384
   setvert3d:  10     3798593    12187201     3798593     3798593
 call usrsetvert
 done :: usrsetvert

gs_setup: 3457225 unique labels shared
   pairwise times (avg, min, max): 0.000172284 0.000141716 0.00020082
   crystal router                : 0.000479524 0.000470591 0.000493908
   used all_to_all method: pairwise
   handle bytes (avg, min, max): 13854.8 7348 14452
   buffer bytes (avg, min, max): 11075.7 5296 11648
   setupds time 1.1030E-01 seconds   3 10     3798593       16384
   setvert3d:  12     5791493    22175493     5791493     5791493
 call usrsetvert
 done :: usrsetvert

gs_setup: 5258985 unique labels shared
   pairwise times (avg, min, max): 0.0001738 0.000137687 0.000236297
   crystal router                : 0.000515817 0.0004951 0.000527096
   used all_to_all method: pairwise
   handle bytes (avg, min, max): 19750.4 10468 20596
   buffer bytes (avg, min, max): 15476.4 7504 16256
   setupds time 1.0522E-01 seconds   4 12     5791493       16384
 regenerate geometry data           1
 NOTE: All elements deformed , param(59) ^=0
 done :: regenerate geometry data           1
  
 h1_mg_nx:           1           3          15
 h1_mg_ny:           1           3          15
 h1_mg_nz:           1           3          15
 call usrsetvert
 done :: usrsetvert

gs_setup: 18505 unique labels shared
   pairwise times (avg, min, max): 0.000118989 9.70125e-05 0.000156999
   crystal router                : 0.000242089 0.000233293 0.000252986
   all reduce                    : 0.00172643 0.00170979 0.00174859
   used all_to_all method: pairwise
   handle bytes (avg, min, max): 1312.01 628 1396
   buffer bytes (avg, min, max): 833.242 304 896
   setupds time 4.9983E-02 seconds   5  2       18513       16384
   setvert3d:   4      334805      465877      334805      334805
 call usrsetvert
 done :: usrsetvert

gs_setup: 312937 unique labels shared
   pairwise times (avg, min, max): 0.000116735 9.36031e-05 0.000155616
   crystal router                : 0.000285943 0.000273609 0.000303006
   used all_to_all method: pairwise
   handle bytes (avg, min, max): 2791.7 1444 2932
   buffer bytes (avg, min, max): 2289.87 976 2432
   setupds time 2.5477E-02 seconds   6  4      334805       16384
   setvert3d:   4      334805      465877      334805      334805
 call usrsetvert
 done :: usrsetvert

gs_setup: 312937 unique labels shared
   pairwise times (avg, min, max): 0.000116225 9.11951e-05 0.000149393
   crystal router                : 0.000259125 0.000253892 0.000265288
   used all_to_all method: pairwise
   handle bytes (avg, min, max): 2791.7 1444 2932
   buffer bytes (avg, min, max): 2289.87 976 2432
   setupds time 2.2653E-02 seconds   7  4      334805       16384
   setvert3d:   6     1070249     2118825     1070249     1070249
 call usrsetvert
 done :: usrsetvert

gs_setup: 984201 unique labels shared
   pairwise times (avg, min, max): 0.000118323 9.65118e-05 0.000146103
   crystal router                : 0.000343386 0.000332594 0.000365615
   used all_to_all method: pairwise
   handle bytes (avg, min, max): 5375.38 2836 5620
   buffer bytes (avg, min, max): 4482.49 2032 4736
   setupds time 3.8574E-02 seconds   8  6     1070249       16384
   setvert3d:  16    11034749    55992445    11034749    11034749
 call usrsetvert
 done :: usrsetvert

gs_setup: 9993001 unique labels shared
   pairwise times (avg, min, max): 0.000178994 0.0001441 0.000210714
   crystal router                : 0.000785092 0.000773191 0.000813794
   used all_to_all method: pairwise
   handle bytes (avg, min, max): 34853.8 18436 36340
   buffer bytes (avg, min, max): 26485.6 13072 27776
   setupds time 1.9404E-01 seconds   9 16    11034749       16384
   setvert3d:  18    14285105    81393969    14285105    14285105
 call usrsetvert
 done :: usrsetvert

gs_setup: 12925257 unique labels shared
   pairwise times (avg, min, max): 0.000179769 0.000147486 0.000213909
   crystal router                : 0.000784567 0.000773311 0.000803399
   used all_to_all method: pairwise
   handle bytes (avg, min, max): 44061.5 23284 45940
   buffer bytes (avg, min, max): 33094.2 16432 34688
   setupds time 1.6180E-01 seconds  10 18    14285105       16384
 setup h1 coarse grid, nx_crs=           2
 call usrsetvert
 done :: usrsetvert

gs_setup: 18505 unique labels shared
   pairwise times (avg, min, max): 0.000112349 9.10997e-05 0.000146198
   crystal router                : 0.000234418 0.000221992 0.000248098
   all reduce                    : 0.00167654 0.0016639 0.00169189
   used all_to_all method: pairwise
   handle bytes (avg, min, max): 1312.01 628 1396
   buffer bytes (avg, min, max): 833.242 304 896
 done :: setup h1 coarse grid   0.927794933319092       sec
  
 call usrdat3
 done :: usrdat3

 set initial conditions
 nekuic (1) for ifld            1
 call nekuic for vel  
 xyz min     0.0000       0.0000       0.0000    
 uvwpt min   0.0000       0.0000       0.0000       0.0000       0.0000    
 PS min      0.0000       0.0000      0.99000E+22
 xyz max     1.0000       1.0000       1.0000    
 uvwpt max   0.0000       0.0000       0.0000       0.0000       0.0000    
 PS max      0.0000       0.0000     -0.99000E+22
 done :: set initial conditions
  
 call userchk
GFM max:  6.4354E-05  2.5742E-04  2.5742E-04  1.0040E-16  1.0040E-16  2.0263E-16
 
nelt =       1, np =     16384, nx1 =      16, elements =     16384
Solve Time =   0.1643E-10
 
nelt =       1, np =     16384, nx1 =      16, elements =     16384
Solve Time =   0.1567E-10
 
nelt =       1, np =     16384, nx1 =      16, elements =     16384
Solve Time =   0.1580E-10
 
nelt =       1, np =     16384, nx1 =      16, elements =     16384
Solve Time =   0.1603E-10
 
nelt =       1, np =     16384, nx1 =      16, elements =     16384
Solve Time =   0.1571E-10
 
nelt =       1, np =     16384, nx1 =      16, elements =     16384
Solve Time =   0.1564E-10
 
nelt =       1, np =     16384, nx1 =      16, elements =     16384
Solve Time =   0.1609E-10
 
nelt =       1, np =     16384, nx1 =      16, elements =     16384
Solve Time =   0.1579E-10
 
nelt =       1, np =     16384, nx1 =      16, elements =     16384
Solve Time =   0.1568E-10
 
nelt =       1, np =     16384, nx1 =      16, elements =     16384
Solve Time =   0.1605E-10
 
nelt =       1, np =     16384, nx1 =      16, elements =     16384
Solve Time =   0.1217E-10
 
nelt =       1, np =     16384, nx1 =      16, elements =     16384
Solve Time =   0.1183E-10
 
nelt =       1, np =     16384, nx1 =      16, elements =     16384
Solve Time =   0.1186E-10
 
nelt =       1, np =     16384, nx1 =      16, elements =     16384
Solve Time =   0.1203E-10
 
nelt =       1, np =     16384, nx1 =      16, elements =     16384
Solve Time =   0.1195E-10
 
nelt =       1, np =     16384, nx1 =      16, elements =     16384
Solve Time =   0.1168E-10
 
nelt =       1, np =     16384, nx1 =      16, elements =     16384
Solve Time =   0.1176E-10
 
nelt =       1, np =     16384, nx1 =      16, elements =     16384
Solve Time =   0.1209E-10
 
nelt =       1, np =     16384, nx1 =      16, elements =     16384
Solve Time =   0.1209E-10
 
nelt =       1, np =     16384, nx1 =      16, elements =     16384
Solve Time =   0.1177E-10
 
nelt =       1, np =     16384, nx1 =      16, elements =     16384
Solve Time =   0.1482E-10
 
nelt =       1, np =     16384, nx1 =      16, elements =     16384
Solve Time =   0.1513E-10
 
nelt =       1, np =     16384, nx1 =      16, elements =     16384
Solve Time =   0.1495E-10
 
nelt =       1, np =     16384, nx1 =      16, elements =     16384
Solve Time =   0.1472E-10
 
nelt =       1, np =     16384, nx1 =      16, elements =     16384
Solve Time =   0.1505E-10
 
nelt =       1, np =     16384, nx1 =      16, elements =     16384
Solve Time =   0.1513E-10
 
nelt =       1, np =     16384, nx1 =      16, elements =     16384
Solve Time =   0.1482E-10
 
nelt =       1, np =     16384, nx1 =      16, elements =     16384
Solve Time =   0.1518E-10
 
nelt =       1, np =     16384, nx1 =      16, elements =     16384
Solve Time =   0.1528E-10
 
nelt =       1, np =     16384, nx1 =      16, elements =     16384
Solve Time =   0.1478E-10
 
nelt =       1, np =     16384, nx1 =      16, elements =     16384
Solve Time =   0.1735E-10
 
nelt =       1, np =     16384, nx1 =      16, elements =     16384
Solve Time =   0.1775E-10
 
nelt =       1, np =     16384, nx1 =      16, elements =     16384
Solve Time =   0.1727E-10
 
nelt =       1, np =     16384, nx1 =      16, elements =     16384
Solve Time =   0.1762E-10
 
nelt =       1, np =     16384, nx1 =      16, elements =     16384
Solve Time =   0.1792E-10
 
nelt =       1, np =     16384, nx1 =      16, elements =     16384
Solve Time =   0.1717E-10
 
nelt =       1, np =     16384, nx1 =      16, elements =     16384
Solve Time =   0.1803E-10
 
nelt =       1, np =     16384, nx1 =      16, elements =     16384
Solve Time =   0.1763E-10
 
nelt =       1, np =     16384, nx1 =      16, elements =     16384
Solve Time =   0.1741E-10
 
nelt =       1, np =     16384, nx1 =      16, elements =     16384
Solve Time =   0.1776E-10
 
nelt =       1, np =     16384, nx1 =      16, elements =     16384
Solve Time =   0.1996E-10
 
nelt =       1, np =     16384, nx1 =      16, elements =     16384
Solve Time =   0.1980E-10
 
nelt =       1, np =     16384, nx1 =      16, elements =     16384
Solve Time =   0.1993E-10
 
nelt =       1, np =     16384, nx1 =      16, elements =     16384
Solve Time =   0.1965E-10
 
nelt =       1, np =     16384, nx1 =      16, elements =     16384
Solve Time =   0.2006E-10
 
nelt =       1, np =     16384, nx1 =      16, elements =     16384
Solve Time =   0.1965E-10
 
nelt =       1, np =     16384, nx1 =      16, elements =     16384
Solve Time =   0.1957E-10
 
nelt =       1, np =     16384, nx1 =      16, elements =     16384
Solve Time =   0.1978E-10
 
nelt =       1, np =     16384, nx1 =      16, elements =     16384
Solve Time =   0.1925E-10
 
nelt =       1, np =     16384, nx1 =      16, elements =     16384
Solve Time =   0.1970E-10
 schfile:
 /gpfs/theta-fs1/home/thilina/env/lx16/b14.sch                                  
                                                      
ERROR: .sch file already exists. Use IFSCHCLOB=F todisable this check BUT BEWARE!!!!!!  ierr=  1 
  
call exitt: dying ...
  
backtrace(): obtained 9 stack frames.
./nek5000() [0x7818a5]
./nek5000() [0x963cd9]
./nek5000() [0x51184f]
./nek5000() [0x409db1]
./nek5000() [0x4267a6]
./nek5000() [0x424d5e]
./nek5000() [0x4054fe]
/lib64/libc.so.6(__libc_start_main+0xf5) [0x2aaab1ca3b25]
./nek5000() [0x405409]
  
total elapsed time             :   1.94560E+03 sec
total solver time incl. I/O    :   0.00000E+00 sec
time/timestep                  :   0.00000E+00 sec
CPU seconds/timestep/gridpt    :   0.00000E+00 sec

Application 2260709 resources: utime ~31833907s, stime ~13032s, Rss ~82584, inblocks ~0, outblocks ~0
