/----------------------------------------------------------\\
|      _   __ ______ __ __  ______  ____   ____   ____     |
|     / | / // ____// //_/ / ____/ / __ \\/ __ \\/ __ \\   |
|    /  |/ // __/  / ,<   /___ \\ / / / // / / // / / /    |
|   / /|  // /___ / /| | ____/ / / /_/ // /_/ // /_/ /     |
|  /_/ |_//_____//_/ |_|/_____/  \\___/ \\___/ \\___/      |
|                                                          |
|----------------------------------------------------------|
|                                                          |
| NEK5000:  Open Source Spectral Element Solver            |
| COPYRIGHT (c) 2008-2016 UCHICAGO ARGONNE, LLC            |
| Version:  16.0.0                                         |
| Web:      http://nek5000.mcs.anl.gov                     |
|                                                          |
\\----------------------------------------------------------/
                                                              

 Number of processors:       16384
 REAL    wdsize      :           8
 INTEGER wdsize      :           4
 Timer accuracy      : 2.86E-07
 Reading /gpfs/theta-fs1/home/thilina/env/lx16/b15.rea                                                                                       

 mapping elements to processors
 Reading /gpfs/theta-fs1/home/thilina/env/lx16/b15.map                                                                                       
 element load imbalance:            0           2           2
 done :: mapping elements to processors
  
           0  objects found
 118   Parameters from file:
   1      1.00000     p001 DENSITY
   2     -100.000     p002 VISCOS
   7      1.00000     p007 RHOCP
   8      1.00000     p008 CONDUCT
  11      1.00        p011 NSTEPS
  12    -0.500000E-02 p012 DT
  21     0.100000E-05 p021 DIVERGENCE
  22     0.100000E-07 p022 HELMHOLTZ
  24     0.100000E-09 p024 TOLREL
  25     0.100000E-09 p025 TOLABS
  26     0.250000     p026 COURANT/NTAU
  27      2.00000     p027 TORDER
  66      6.00000     p066 output : <0=ascii, else binary
  67      6.00000     p067 restart: <0=ascii, else binary
  99      3.00000     p099 dealiasing: <0--> off/3--> old/4--> new
 103     0.500000E-01 p103 weight of stabilizing filter (.01)
  
 nelgt/nelgv/lelt:       32768       32768         100
 lx1  /lx2  /lx3 :          16          16          16
 done :: read .rea file    2839.9     sec

 setup mesh topology
   Right-handed check complete for   32768 elements. OK.
   setvert3d:  16    21391985   111307377    21391985    21391985
 call usrsetvert
 done :: usrsetvert

gs_setup: 17480955 unique labels shared
   pairwise times (avg, min, max): 0.000261181 0.000187206 0.000346112
   crystal router                : 0.00105209 0.00103521 0.0010725
   used all_to_all method: pairwise
   handle bytes (avg, min, max): 63613.4 35676 70972
   buffer bytes (avg, min, max): 43400.8 20480 53472
   setupds time 3.9780E-01 seconds   0 16    21391985       32768
           8  max multiplicity
 done :: setup mesh topology
  
 call usrdat
 done :: usrdat

 generate geometry data
 done :: generate geometry data
  
 call usrdat2
 done :: usrdat2

 regenerate geometry data           1
 NOTE: All elements deformed , param(59) ^=0
 done :: regenerate geometry data           1
  
 verify mesh topology
  0.000000000000000E+000   1.00000000000000       Xrange
  0.000000000000000E+000   1.00000000000000       Yrange
  0.000000000000000E+000   1.00000000000000       Zrange
 done :: verify mesh topology
  
 IFTRAN   = T
 IFFLOW   = T
 IFHEAT   = F
 IFSPLIT  = T
 IFLOMACH = F
 IFUSERVP = F
 IFUSERMV = F
 IFSTRS   = F
 IFCHAR   = F
 IFCYCLIC = F
 IFAXIS   = F
 IFMVBD   = F
 IFMELT   = F
 IFMODEL  = F
 IFKEPS   = F
 IFMOAB   = F
 IFNEKNEK = F
 IFSYNC   = T
   
 IFVCOR   = T
 IFINTQ   = F
 IFCWUZ   = F
 IFSWALL  = F
 IFGEOM   = F
 IFSURT   = F
 IFWCNO   = F
   
 IFTMSH for field           1    =  F
 IFADVC for field           1    =  T
 IFNONL for field           1    =  F
   
 Dealiasing enabled, lxd=          24
  
 Estimated eigenvalues
 EIGAA =    9.86960440108936     
 EIGGA =    72186826.2928166     
 EIGAE =    9.86960440108936     
 EIGAS =   8.333333333333333E-002
 EIGGE =    72186826.2928166     
 EIGGS =    2.00000000000000     
  
 verify mesh topology
  0.000000000000000E+000   1.00000000000000       Xrange
  0.000000000000000E+000   1.00000000000000       Yrange
  0.000000000000000E+000   1.00000000000000       Zrange
 done :: verify mesh topology
  
  E-solver strategy:  0 itr
 mg_nx:           1           9          15
 mg_ny:           1           9          15
 mg_nz:           1           9          15
 call usrsetvert
 done :: usrsetvert

gs_setup: 35863 unique labels shared
   pairwise times (avg, min, max): 0.000131701 0.00010221 0.000201511
   crystal router                : 0.00022275 0.0002177 0.000242591
   all reduce                    : 0.00228426 0.00226829 0.00231819
   used all_to_all method: pairwise
   handle bytes (avg, min, max): 1513.73 732 1892
   buffer bytes (avg, min, max): 993.23 320 1312
   setupds time 9.4003E-02 seconds   1  2       35937       32768
   setvert3d:   4      650993      913137      650993      650993
 call usrsetvert
 done :: usrsetvert

gs_setup: 567315 unique labels shared
   pairwise times (avg, min, max): 0.000130333 9.39131e-05 0.000161481
   crystal router                : 0.00030358 0.000297809 0.000320697
   used all_to_all method: pairwise
   handle bytes (avg, min, max): 4164.98 2268 4820
   buffer bytes (avg, min, max): 3221.96 1280 4128
   setupds time 3.8872E-02 seconds   2  4      650993       32768
   setvert3d:  10     7367777    24144993     7367777     7367777
 call usrsetvert
 done :: usrsetvert

gs_setup: 6083079 unique labels shared
   pairwise times (avg, min, max): 0.000224227 0.000179005 0.000289106
   crystal router                : 0.000543402 0.000533104 0.000566578
   used all_to_all method: pairwise
   handle bytes (avg, min, max): 24559 13788 27508
   buffer bytes (avg, min, max): 17567.1 8000 21888
   setupds time 1.5218E-01 seconds   3 10     7367777       32768
   setvert3d:  12    11230577    43998577    11230577    11230577
 call usrsetvert
 done :: usrsetvert

gs_setup: 9228803 unique labels shared
   pairwise times (avg, min, max): 0.000221477 0.000171208 0.000272322
   crystal router                : 0.000654807 0.000641584 0.000680304
   used all_to_all method: pairwise
   handle bytes (avg, min, max): 35503.7 19932 39684
   buffer bytes (avg, min, max): 24901.9 11520 30880
   setupds time 1.4026E-01 seconds   4 12    11230577       32768
 regenerate geometry data           1
 NOTE: All elements deformed , param(59) ^=0
 done :: regenerate geometry data           1
  
 h1_mg_nx:           1           3          15
 h1_mg_ny:           1           3          15
 h1_mg_nz:           1           3          15
 call usrsetvert
 done :: usrsetvert

gs_setup: 35863 unique labels shared
   pairwise times (avg, min, max): 0.000133991 0.000100493 0.0001863
   crystal router                : 0.000297429 0.000290418 0.00031209
   all reduce                    : 0.00228764 0.0022706 0.0023113
   used all_to_all method: pairwise
   handle bytes (avg, min, max): 1513.73 732 1892
   buffer bytes (avg, min, max): 993.23 320 1312
   setupds time 6.0459E-02 seconds   5  2       35937       32768
   setvert3d:   4      650993      913137      650993      650993
 call usrsetvert
 done :: usrsetvert

gs_setup: 567315 unique labels shared
   pairwise times (avg, min, max): 0.000126592 0.000101304 0.000159001
   crystal router                : 0.000282899 0.000271916 0.000299501
   used all_to_all method: pairwise
   handle bytes (avg, min, max): 4164.98 2268 4820
   buffer bytes (avg, min, max): 3221.96 1280 4128
   setupds time 3.9463E-02 seconds   6  4      650993       32768
   setvert3d:   4      650993      913137      650993      650993
 call usrsetvert
 done :: usrsetvert

gs_setup: 567315 unique labels shared
   pairwise times (avg, min, max): 0.000125868 0.000100088 0.000152588
   crystal router                : 0.000293182 0.000287008 0.000299001
   used all_to_all method: pairwise
   handle bytes (avg, min, max): 4164.98 2268 4820
   buffer bytes (avg, min, max): 3221.96 1280 4128
   setupds time 2.9483E-02 seconds   7  4      650993       32768
   setvert3d:   6     2077985     4175137     2077985     2077985
 call usrsetvert
 done :: usrsetvert

gs_setup: 1752335 unique labels shared
   pairwise times (avg, min, max): 0.000153403 0.000111985 0.000199699
   crystal router                : 0.000377951 0.000368309 0.000393009
   used all_to_all method: pairwise
   handle bytes (avg, min, max): 8889.61 4956 10068
   buffer bytes (avg, min, max): 6727.18 2880 8512
   setupds time 1.0164E-01 seconds   8  6     2077985       32768
   setvert3d:  16    21391985   111307377    21391985    21391985
 call usrsetvert
 done :: usrsetvert

gs_setup: 17480955 unique labels shared
   pairwise times (avg, min, max): 0.000237131 0.000183105 0.000297594
   crystal router                : 0.00104765 0.0010247 0.00107079
   used all_to_all method: pairwise
   handle bytes (avg, min, max): 63613.4 35676 70972
   buffer bytes (avg, min, max): 43400.8 20480 53472
   setupds time 2.7777E-01 seconds   9 16    21391985       32768
   setvert3d:  18    27690593   161908321    27690593    27690593
 call usrsetvert
 done :: usrsetvert

gs_setup: 22587383 unique labels shared
   pairwise times (avg, min, max): 0.00024336 0.000181413 0.000307584
   crystal router                : 0.00117543 0.00115139 0.00119839
   used all_to_all method: pairwise
   handle bytes (avg, min, max): 80778.2 45276 90076
   buffer bytes (avg, min, max): 54565 25920 67072
   setupds time 2.9746E-01 seconds  10 18    27690593       32768
 setup h1 coarse grid, nx_crs=           2
 call usrsetvert
 done :: usrsetvert

gs_setup: 35863 unique labels shared
   pairwise times (avg, min, max): 0.000120377 9.51052e-05 0.000145388
   crystal router                : 0.000225047 0.000210094 0.000231314
   all reduce                    : 0.00225902 0.0022469 0.0022881
   used all_to_all method: pairwise
   handle bytes (avg, min, max): 1513.73 732 1892
   buffer bytes (avg, min, max): 993.23 320 1312
 done :: setup h1 coarse grid    2.20753002166748       sec
  
 call usrdat3
 done :: usrdat3

 set initial conditions
 nekuic (1) for ifld            1
 call nekuic for vel  
 xyz min     0.0000       0.0000       0.0000    
 uvwpt min   0.0000       0.0000       0.0000       0.0000       0.0000    
 PS min      0.0000       0.0000      0.99000E+22
 xyz max     1.0000       1.0000       1.0000    
 uvwpt max   0.0000       0.0000       0.0000       0.0000       0.0000    
 PS max      0.0000       0.0000     -0.99000E+22
 done :: set initial conditions
  
 call userchk
GFM max:  1.2871E-04  1.2871E-04  1.2871E-04  1.0282E-16  1.0282E-16  1.0132E-16
 
nelt =       2, np =     16384, nx1 =      16, elements =     32768
Solve Time =   0.1095E-10
 
nelt =       2, np =     16384, nx1 =      16, elements =     32768
Solve Time =   0.1078E-10
 
nelt =       2, np =     16384, nx1 =      16, elements =     32768
Solve Time =   0.1093E-10
 
nelt =       2, np =     16384, nx1 =      16, elements =     32768
Solve Time =   0.1067E-10
 
nelt =       2, np =     16384, nx1 =      16, elements =     32768
Solve Time =   0.1096E-10
 
nelt =       2, np =     16384, nx1 =      16, elements =     32768
Solve Time =   0.1079E-10
 
nelt =       2, np =     16384, nx1 =      16, elements =     32768
Solve Time =   0.1096E-10
 
nelt =       2, np =     16384, nx1 =      16, elements =     32768
Solve Time =   0.1079E-10
 
nelt =       2, np =     16384, nx1 =      16, elements =     32768
Solve Time =   0.1077E-10
 
nelt =       2, np =     16384, nx1 =      16, elements =     32768
Solve Time =   0.1090E-10
 
nelt =       2, np =     16384, nx1 =      16, elements =     32768
Solve Time =   0.8016E-11
 
nelt =       2, np =     16384, nx1 =      16, elements =     32768
Solve Time =   0.8178E-11
 
nelt =       2, np =     16384, nx1 =      16, elements =     32768
Solve Time =   0.8154E-11
 
nelt =       2, np =     16384, nx1 =      16, elements =     32768
Solve Time =   0.7943E-11
 
nelt =       2, np =     16384, nx1 =      16, elements =     32768
Solve Time =   0.8236E-11
 
nelt =       2, np =     16384, nx1 =      16, elements =     32768
Solve Time =   0.8210E-11
 
nelt =       2, np =     16384, nx1 =      16, elements =     32768
Solve Time =   0.8030E-11
 
nelt =       2, np =     16384, nx1 =      16, elements =     32768
Solve Time =   0.8292E-11
 
nelt =       2, np =     16384, nx1 =      16, elements =     32768
Solve Time =   0.8207E-11
 
nelt =       2, np =     16384, nx1 =      16, elements =     32768
Solve Time =   0.7996E-11
 
nelt =       2, np =     16384, nx1 =      16, elements =     32768
Solve Time =   0.1019E-10
 
nelt =       2, np =     16384, nx1 =      16, elements =     32768
Solve Time =   0.9983E-11
 
nelt =       2, np =     16384, nx1 =      16, elements =     32768
Solve Time =   0.9986E-11
 
nelt =       2, np =     16384, nx1 =      16, elements =     32768
Solve Time =   0.1009E-10
 
nelt =       2, np =     16384, nx1 =      16, elements =     32768
Solve Time =   0.9941E-11
 
nelt =       2, np =     16384, nx1 =      16, elements =     32768
Solve Time =   0.1013E-10
 
nelt =       2, np =     16384, nx1 =      16, elements =     32768
Solve Time =   0.9984E-11
 
nelt =       2, np =     16384, nx1 =      16, elements =     32768
Solve Time =   0.9930E-11
 
nelt =       2, np =     16384, nx1 =      16, elements =     32768
Solve Time =   0.1016E-10
 
nelt =       2, np =     16384, nx1 =      16, elements =     32768
Solve Time =   0.9880E-11
 
nelt =       2, np =     16384, nx1 =      16, elements =     32768
Solve Time =   0.1164E-10
 
nelt =       2, np =     16384, nx1 =      16, elements =     32768
Solve Time =   0.1133E-10
 
nelt =       2, np =     16384, nx1 =      16, elements =     32768
Solve Time =   0.1162E-10
 
nelt =       2, np =     16384, nx1 =      16, elements =     32768
Solve Time =   0.1136E-10
 
nelt =       2, np =     16384, nx1 =      16, elements =     32768
Solve Time =   0.1151E-10
 
nelt =       2, np =     16384, nx1 =      16, elements =     32768
Solve Time =   0.1145E-10
 
nelt =       2, np =     16384, nx1 =      16, elements =     32768
Solve Time =   0.1145E-10
 
nelt =       2, np =     16384, nx1 =      16, elements =     32768
Solve Time =   0.1146E-10
 
nelt =       2, np =     16384, nx1 =      16, elements =     32768
Solve Time =   0.1132E-10
 
nelt =       2, np =     16384, nx1 =      16, elements =     32768
Solve Time =   0.1166E-10
 
nelt =       2, np =     16384, nx1 =      16, elements =     32768
Solve Time =   0.1296E-10
 
nelt =       2, np =     16384, nx1 =      16, elements =     32768
Solve Time =   0.1300E-10
 
nelt =       2, np =     16384, nx1 =      16, elements =     32768
Solve Time =   0.1282E-10
 
nelt =       2, np =     16384, nx1 =      16, elements =     32768
Solve Time =   0.1301E-10
 
nelt =       2, np =     16384, nx1 =      16, elements =     32768
Solve Time =   0.1284E-10
 
nelt =       2, np =     16384, nx1 =      16, elements =     32768
Solve Time =   0.1301E-10
 
nelt =       2, np =     16384, nx1 =      16, elements =     32768
Solve Time =   0.1285E-10
 
nelt =       2, np =     16384, nx1 =      16, elements =     32768
Solve Time =   0.1284E-10
 
nelt =       2, np =     16384, nx1 =      16, elements =     32768
Solve Time =   0.1285E-10
 
nelt =       2, np =     16384, nx1 =      16, elements =     32768
Solve Time =   0.1285E-10
 schfile:
 /gpfs/theta-fs1/home/thilina/env/lx16/b15.sch                                  
                                                      
Application 2260711 exit codes: 1
Application 2260711 resources: utime ~1841169s, stime ~2227s, Rss ~87928, inblocks ~0, outblocks ~0
