/----------------------------------------------------------\\
|      _   __ ______ __ __  ______  ____   ____   ____     |
|     / | / // ____// //_/ / ____/ / __ \\/ __ \\/ __ \\   |
|    /  |/ // __/  / ,<   /___ \\ / / / // / / // / / /    |
|   / /|  // /___ / /| | ____/ / / /_/ // /_/ // /_/ /     |
|  /_/ |_//_____//_/ |_|/_____/  \\___/ \\___/ \\___/      |
|                                                          |
|----------------------------------------------------------|
|                                                          |
| NEK5000:  Open Source Spectral Element Solver            |
| COPYRIGHT (c) 2008-2016 UCHICAGO ARGONNE, LLC            |
| Version:  16.0.0                                         |
| Web:      http://nek5000.mcs.anl.gov                     |
|                                                          |
\\----------------------------------------------------------/
                                                              

 Number of processors:           1
 REAL    wdsize      :           8
 INTEGER wdsize      :           4
 Timer accuracy      : 3.10E-07
 Reading /gpfs/theta-fs1/home/thilina/env/lx17/b3.rea                                                                                        

 mapping elements to processors
 Reading /gpfs/theta-fs1/home/thilina/env/lx17/b3.map                                                                                        
           0           8           8           8           8  NELV
 RANK     0 IEG       1       2       3       4       5       6       7       8
 element load imbalance:            0           8           8
 done :: mapping elements to processors
  
           0  objects found
 118   Parameters from file:
   1      1.00000     p001 DENSITY
   2     -100.000     p002 VISCOS
   7      1.00000     p007 RHOCP
   8      1.00000     p008 CONDUCT
  11      1.00        p011 NSTEPS
  12    -0.500000E-02 p012 DT
  21     0.100000E-05 p021 DIVERGENCE
  22     0.100000E-07 p022 HELMHOLTZ
  24     0.100000E-09 p024 TOLREL
  25     0.100000E-09 p025 TOLABS
  26     0.250000     p026 COURANT/NTAU
  27      2.00000     p027 TORDER
  66      6.00000     p066 output : <0=ascii, else binary
  67      6.00000     p067 restart: <0=ascii, else binary
  99      3.00000     p099 dealiasing: <0--> off/3--> old/4--> new
 103     0.500000E-01 p103 weight of stabilizing filter (.01)
  
 nelgt/nelgv/lelt:           8           8         100
 lx1  /lx2  /lx3 :          17          17          17
 done :: read .rea file   0.24102E-01 sec

 setup mesh topology
   Right-handed check complete for       8 elements. OK.
   setvert3d:  17        8937       35937        8937        8937
 call usrsetvert
 done :: usrsetvert

gs_setup: 0 unique labels shared
   handle bytes (avg, min, max): 77836 77836 77836
   buffer bytes (avg, min, max): 0 0 0
   setupds time 9.9640E-03 seconds   0 17        8937           8
           8  max multiplicity
 done :: setup mesh topology
  
 call usrdat
 done :: usrdat

 generate geometry data
 done :: generate geometry data
  
 call usrdat2
 done :: usrdat2

 regenerate geometry data           1
 NOTE: All elements deformed , param(59) ^=0
 done :: regenerate geometry data           1
  
 verify mesh topology
  0.000000000000000E+000   1.00000000000000       Xrange
  0.000000000000000E+000   1.00000000000000       Yrange
  0.000000000000000E+000   1.00000000000000       Zrange
 done :: verify mesh topology
  
 IFTRAN   = T
 IFFLOW   = T
 IFHEAT   = F
 IFSPLIT  = T
 IFLOMACH = F
 IFUSERVP = F
 IFUSERMV = F
 IFSTRS   = F
 IFCHAR   = F
 IFCYCLIC = F
 IFAXIS   = F
 IFMVBD   = F
 IFMELT   = F
 IFMODEL  = F
 IFKEPS   = F
 IFMOAB   = F
 IFNEKNEK = F
 IFSYNC   = T
   
 IFVCOR   = T
 IFINTQ   = F
 IFCWUZ   = F
 IFSWALL  = F
 IFGEOM   = F
 IFSURT   = F
 IFWCNO   = F
   
 IFTMSH for field           1    =  F
 IFADVC for field           1    =  T
 IFNONL for field           1    =  F
   
 Dealiasing enabled, lxd=          25
  
 Estimated eigenvalues
 EIGAA =    9.86960440108936     
 EIGGA =    361954.387757263     
 EIGAE =    9.86960440108936     
 EIGAS =   8.333333333333333E-002
 EIGGE =    361954.387757263     
 EIGGS =    2.00000000000000     
  
 verify mesh topology
  0.000000000000000E+000   1.00000000000000       Xrange
  0.000000000000000E+000   1.00000000000000       Yrange
  0.000000000000000E+000   1.00000000000000       Zrange
 done :: verify mesh topology
  
  E-solver strategy:  0 itr
 mg_nx:           1           9          16
 mg_ny:           1           9          16
 mg_nz:           1           9          16
 call usrsetvert
 done :: usrsetvert

gs_setup: 0 unique labels shared
   handle bytes (avg, min, max): 796 796 796
   buffer bytes (avg, min, max): 0 0 0
   setupds time 3.7599E-04 seconds   1  2          27           8
   setvert3d:   4         279         343         279         279
 call usrsetvert
 done :: usrsetvert

gs_setup: 0 unique labels shared
   handle bytes (avg, min, max): 3580 3580 3580
   buffer bytes (avg, min, max): 0 0 0
   setupds time 9.5606E-04 seconds   2  4         279           8
   setvert3d:  10        2763        6859        2763        2763
 call usrsetvert
 done :: usrsetvert

gs_setup: 0 unique labels shared
   handle bytes (avg, min, max): 25756 25756 25756
   buffer bytes (avg, min, max): 0 0 0
   setupds time 3.0310E-03 seconds   3 10        2763           8
   setvert3d:  12        4167       12167        4167        4167
 call usrsetvert
 done :: usrsetvert

gs_setup: 0 unique labels shared
   handle bytes (avg, min, max): 37756 37756 37756
   buffer bytes (avg, min, max): 0 0 0
   setupds time 4.2031E-03 seconds   4 12        4167           8
 regenerate geometry data           1
 NOTE: All elements deformed , param(59) ^=0
 done :: regenerate geometry data           1
  
 h1_mg_nx:           1           3          16
 h1_mg_ny:           1           3          16
 h1_mg_nz:           1           3          16
 call usrsetvert
 done :: usrsetvert

gs_setup: 0 unique labels shared
   handle bytes (avg, min, max): 796 796 796
   buffer bytes (avg, min, max): 0 0 0
   setupds time 8.8906E-04 seconds   5  2          27           8
   setvert3d:   4         279         343         279         279
 call usrsetvert
 done :: usrsetvert

gs_setup: 0 unique labels shared
   handle bytes (avg, min, max): 3580 3580 3580
   buffer bytes (avg, min, max): 0 0 0
   setupds time 1.0159E-03 seconds   6  4         279           8
   setvert3d:   4         279         343         279         279
 call usrsetvert
 done :: usrsetvert

gs_setup: 0 unique labels shared
   handle bytes (avg, min, max): 3580 3580 3580
   buffer bytes (avg, min, max): 0 0 0
   setupds time 9.3603E-04 seconds   7  4         279           8
   setvert3d:   6         819        1331         819         819
 call usrsetvert
 done :: usrsetvert

gs_setup: 0 unique labels shared
   handle bytes (avg, min, max): 8668 8668 8668
   buffer bytes (avg, min, max): 0 0 0
   setupds time 1.3061E-03 seconds   8  6         819           8
   setvert3d:  17        8937       35937        8937        8937
 call usrsetvert
 done :: usrsetvert

gs_setup: 0 unique labels shared
   handle bytes (avg, min, max): 77836 77836 77836
   buffer bytes (avg, min, max): 0 0 0
   setupds time 8.8670E-03 seconds   9 17        8937           8
   setvert3d:  19       11349       50653       11349       11349
 call usrsetvert
 done :: usrsetvert

gs_setup: 0 unique labels shared
   handle bytes (avg, min, max): 97900 97900 97900
   buffer bytes (avg, min, max): 0 0 0
   setupds time 1.1777E-02 seconds  10 19       11349           8
 setup h1 coarse grid, nx_crs=           2
 call usrsetvert
 done :: usrsetvert

gs_setup: 0 unique labels shared
   handle bytes (avg, min, max): 796 796 796
   buffer bytes (avg, min, max): 0 0 0
 done :: setup h1 coarse grid   2.495002746582031E-002  sec
  
 call usrdat3
 done :: usrdat3

 set initial conditions
 nekuic (1) for ifld            1
 call nekuic for vel  
 xyz min     0.0000       0.0000       0.0000    
 uvwpt min   0.0000       0.0000       0.0000       0.0000       0.0000    
 PS min      0.0000       0.0000      0.99000E+22
 xyz max     1.0000       1.0000       1.0000    
 uvwpt max   0.0000       0.0000       0.0000       0.0000       0.0000    
 PS max      0.0000       0.0000     -0.99000E+22
 done :: set initial conditions
  
 call userchk
GFM max:  1.7327E-03  1.7327E-03  1.7327E-03  9.2274E-17  9.2274E-17  9.2274E-17
 
nelt =       8, np =         1, nx1 =      17, elements =         8
Solve Time =   0.6745E-07
 
nelt =       8, np =         1, nx1 =      17, elements =         8
Solve Time =   0.6723E-07
 
nelt =       8, np =         1, nx1 =      17, elements =         8
Solve Time =   0.6723E-07
 
nelt =       8, np =         1, nx1 =      17, elements =         8
Solve Time =   0.6723E-07
 
nelt =       8, np =         1, nx1 =      17, elements =         8
Solve Time =   0.6727E-07
 
nelt =       8, np =         1, nx1 =      17, elements =         8
Solve Time =   0.6724E-07
 
nelt =       8, np =         1, nx1 =      17, elements =         8
Solve Time =   0.6724E-07
 
nelt =       8, np =         1, nx1 =      17, elements =         8
Solve Time =   0.6722E-07
 
nelt =       8, np =         1, nx1 =      17, elements =         8
Solve Time =   0.6732E-07
 
nelt =       8, np =         1, nx1 =      17, elements =         8
Solve Time =   0.6726E-07
 
nelt =       8, np =         1, nx1 =      17, elements =         8
Solve Time =   0.6483E-07
 
nelt =       8, np =         1, nx1 =      17, elements =         8
Solve Time =   0.6485E-07
 
nelt =       8, np =         1, nx1 =      17, elements =         8
Solve Time =   0.6484E-07
 
nelt =       8, np =         1, nx1 =      17, elements =         8
Solve Time =   0.6484E-07
 
nelt =       8, np =         1, nx1 =      17, elements =         8
Solve Time =   0.6482E-07
 
nelt =       8, np =         1, nx1 =      17, elements =         8
Solve Time =   0.6487E-07
 
nelt =       8, np =         1, nx1 =      17, elements =         8
Solve Time =   0.6485E-07
 
nelt =       8, np =         1, nx1 =      17, elements =         8
Solve Time =   0.6574E-07
 
nelt =       8, np =         1, nx1 =      17, elements =         8
Solve Time =   0.8070E-07
 
nelt =       8, np =         1, nx1 =      17, elements =         8
Solve Time =   0.8155E-07
 
nelt =       8, np =         1, nx1 =      17, elements =         8
Solve Time =   0.8192E-07
 
nelt =       8, np =         1, nx1 =      17, elements =         8
Solve Time =   0.8220E-07
 
nelt =       8, np =         1, nx1 =      17, elements =         8
Solve Time =   0.8161E-07
 
nelt =       8, np =         1, nx1 =      17, elements =         8
Solve Time =   0.8237E-07
 
nelt =       8, np =         1, nx1 =      17, elements =         8
Solve Time =   0.8154E-07
 
nelt =       8, np =         1, nx1 =      17, elements =         8
Solve Time =   0.8232E-07
 
nelt =       8, np =         1, nx1 =      17, elements =         8
Solve Time =   0.8178E-07
 
nelt =       8, np =         1, nx1 =      17, elements =         8
Solve Time =   0.8202E-07
 
nelt =       8, np =         1, nx1 =      17, elements =         8
Solve Time =   0.8150E-07
 
nelt =       8, np =         1, nx1 =      17, elements =         8
Solve Time =   0.8212E-07
 
nelt =       8, np =         1, nx1 =      17, elements =         8
Solve Time =   0.8265E-07
 
nelt =       8, np =         1, nx1 =      17, elements =         8
Solve Time =   0.8271E-07
 
nelt =       8, np =         1, nx1 =      17, elements =         8
Solve Time =   0.8217E-07
 
nelt =       8, np =         1, nx1 =      17, elements =         8
Solve Time =   0.8265E-07
 
nelt =       8, np =         1, nx1 =      17, elements =         8
Solve Time =   0.8214E-07
 
nelt =       8, np =         1, nx1 =      17, elements =         8
Solve Time =   0.8274E-07
 
nelt =       8, np =         1, nx1 =      17, elements =         8
Solve Time =   0.8227E-07
 
nelt =       8, np =         1, nx1 =      17, elements =         8
Solve Time =   0.8260E-07
 
nelt =       8, np =         1, nx1 =      17, elements =         8
Solve Time =   0.8208E-07
 
nelt =       8, np =         1, nx1 =      17, elements =         8
Solve Time =   0.8267E-07
 
nelt =       8, np =         1, nx1 =      17, elements =         8
Solve Time =   0.8327E-07
 
nelt =       8, np =         1, nx1 =      17, elements =         8
Solve Time =   0.8325E-07
 
nelt =       8, np =         1, nx1 =      17, elements =         8
Solve Time =   0.8273E-07
 
nelt =       8, np =         1, nx1 =      17, elements =         8
Solve Time =   0.8485E-07
 
nelt =       8, np =         1, nx1 =      17, elements =         8
Solve Time =   0.8305E-07
 
nelt =       8, np =         1, nx1 =      17, elements =         8
Solve Time =   0.8369E-07
 
nelt =       8, np =         1, nx1 =      17, elements =         8
Solve Time =   0.8293E-07
 
nelt =       8, np =         1, nx1 =      17, elements =         8
Solve Time =   0.8328E-07
 
nelt =       8, np =         1, nx1 =      17, elements =         8
Solve Time =   0.8285E-07
 
nelt =       8, np =         1, nx1 =      17, elements =         8
Solve Time =   0.8322E-07
 schfile:
 /gpfs/theta-fs1/home/thilina/env/lx17/b3.sch                                   
                                                      
 17        8  1.0000E+00  1.0000E+00  1.0000E+00  error v
 
nelt =       8, np =         1, nx1 =      17, elements =         8
Solve Time =   0.7239E-07
 
nelt =       8, np =         1, nx1 =      17, elements =         8
Solve Time =   0.7235E-07
 
nelt =       8, np =         1, nx1 =      17, elements =         8
Solve Time =   0.7234E-07
 
nelt =       8, np =         1, nx1 =      17, elements =         8
Solve Time =   0.7234E-07
 
nelt =       8, np =         1, nx1 =      17, elements =         8
Solve Time =   0.7234E-07
 
nelt =       8, np =         1, nx1 =      17, elements =         8
Solve Time =   0.7234E-07
 
nelt =       8, np =         1, nx1 =      17, elements =         8
Solve Time =   0.7233E-07
 
nelt =       8, np =         1, nx1 =      17, elements =         8
Solve Time =   0.7238E-07
 
nelt =       8, np =         1, nx1 =      17, elements =         8
Solve Time =   0.7233E-07
 
nelt =       8, np =         1, nx1 =      17, elements =         8
Solve Time =   0.7241E-07
 17        8  2.8582E-06  2.8582E-06  2.8582E-06  error s
 
nelt =       8, np =         1, nx1 =      17, elements =         8
Solve Time =   0.7823E-07
 
nelt =       8, np =         1, nx1 =      17, elements =         8
Solve Time =   0.7814E-07
 
nelt =       8, np =         1, nx1 =      17, elements =         8
Solve Time =   0.7813E-07
 
nelt =       8, np =         1, nx1 =      17, elements =         8
Solve Time =   0.7816E-07
 
nelt =       8, np =         1, nx1 =      17, elements =         8
Solve Time =   0.7813E-07
 
nelt =       8, np =         1, nx1 =      17, elements =         8
Solve Time =   0.7816E-07
 
nelt =       8, np =         1, nx1 =      17, elements =         8
Solve Time =   0.7813E-07
 
nelt =       8, np =         1, nx1 =      17, elements =         8
Solve Time =   0.7811E-07
 
nelt =       8, np =         1, nx1 =      17, elements =         8
Solve Time =   0.7815E-07
 
nelt =       8, np =         1, nx1 =      17, elements =         8
Solve Time =   0.7812E-07
 17        8  2.8507E-06  2.8507E-06  2.8507E-06  error n
  16        8  100  0.0000E+00  0.0000E+00  0.0000E+00 time for 3 hmholtz
EXIT: quit after cggov         16
  
call exitt: dying ...
  
backtrace(): obtained 8 stack frames.
./nek5000() [0x7836f5]
./nek5000() [0x967469]
./nek5000() [0x40e0fc]
./nek5000() [0x4276f6]
./nek5000() [0x425cae]
./nek5000() [0x4054fe]
/lib64/libc.so.6(__libc_start_main+0xf5) [0x2aaab1ca3b25]
./nek5000() [0x405409]
  
total elapsed time             :   3.93626E+01 sec
total solver time incl. I/O    :   0.00000E+00 sec
time/timestep                  :   0.00000E+00 sec
CPU seconds/timestep/gridpt    :   0.00000E+00 sec

Application 2259338 resources: utime ~33s, stime ~4s, Rss ~91372, inblocks ~0, outblocks ~0
