/----------------------------------------------------------\\
|      _   __ ______ __ __  ______  ____   ____   ____     |
|     / | / // ____// //_/ / ____/ / __ \\/ __ \\/ __ \\   |
|    /  |/ // __/  / ,<   /___ \\ / / / // / / // / / /    |
|   / /|  // /___ / /| | ____/ / / /_/ // /_/ // /_/ /     |
|  /_/ |_//_____//_/ |_|/_____/  \\___/ \\___/ \\___/      |
|                                                          |
|----------------------------------------------------------|
|                                                          |
| NEK5000:  Open Source Spectral Element Solver            |
| COPYRIGHT (c) 2008-2016 UCHICAGO ARGONNE, LLC            |
| Version:  16.0.0                                         |
| Web:      http://nek5000.mcs.anl.gov                     |
|                                                          |
\\----------------------------------------------------------/
                                                              

 Number of processors:          32
 REAL    wdsize      :           8
 INTEGER wdsize      :           4
 Timer accuracy      : 4.05E-07
 Reading /gpfs/theta-fs1/home/thilina/env/lx17/b5.rea                                                                                        

 mapping elements to processors
 Reading /gpfs/theta-fs1/home/thilina/env/lx17/b5.map                                                                                        
           0           1           1          32          32  NELV
          22           1           1          32          32  NELV
           2           1           1          32          32  NELV
           6           1           1          32          32  NELV
           7           1           1          32          32  NELV
           4           1           1          32          32  NELV
          16           1           1          32          32  NELV
          19           1           1          32          32  NELV
          23           1           1          32          32  NELV
          28           1           1          32          32  NELV
          29           1           1          32          32  NELV
          15           1           1          32          32  NELV
          12           1           1          32          32  NELV
          14           1           1          32          32  NELV
           3           1           1          32          32  NELV
          21           1           1          32          32  NELV
          13           1           1          32          32  NELV
          31           1           1          32          32  NELV
           5           1           1          32          32  NELV
          30           1           1          32          32  NELV
          26           1           1          32          32  NELV
          24           1           1          32          32  NELV
          25           1           1          32          32  NELV
          27           1           1          32          32  NELV
          20           1           1          32          32  NELV
          17           1           1          32          32  NELV
          11           1           1          32          32  NELV
           9           1           1          32          32  NELV
           8           1           1          32          32  NELV
          18           1           1          32          32  NELV
          10           1           1          32          32  NELV
           1           1           1          32          32  NELV
 RANK     0 IEG      27
 element load imbalance:            0           1           1
 done :: mapping elements to processors
  
           0  objects found
 118   Parameters from file:
   1      1.00000     p001 DENSITY
   2     -100.000     p002 VISCOS
   7      1.00000     p007 RHOCP
   8      1.00000     p008 CONDUCT
  11      1.00        p011 NSTEPS
  12    -0.500000E-02 p012 DT
  21     0.100000E-05 p021 DIVERGENCE
  22     0.100000E-07 p022 HELMHOLTZ
  24     0.100000E-09 p024 TOLREL
  25     0.100000E-09 p025 TOLABS
  26     0.250000     p026 COURANT/NTAU
  27      2.00000     p027 TORDER
  66      6.00000     p066 output : <0=ascii, else binary
  67      6.00000     p067 restart: <0=ascii, else binary
  99      3.00000     p099 dealiasing: <0--> off/3--> old/4--> new
 103     0.500000E-01 p103 weight of stabilizing filter (.01)
  
 nelgt/nelgv/lelt:          32          32         100
 lx1  /lx2  /lx3 :          17          17          17
 done :: read .rea file   0.52303E-01 sec

 setup mesh topology
   Right-handed check complete for      32 elements. OK.
   setvert3d:  17       31425      139425       31425       31425
 call usrsetvert
 done :: usrsetvert

gs_setup: 16417 unique labels shared
   pairwise times (avg, min, max): 5.899e-05 5.33819e-05 6.38962e-05
   crystal router                : 7.93748e-05 7.82967e-05 8.13007e-05
   all reduce                    : 0.00107087 0.00106781 0.0010762
   used all_to_all method: pairwise
   handle bytes (avg, min, max): 27556 20788 34292
   buffer bytes (avg, min, max): 19960 14704 25360
   setupds time 4.8787E-02 seconds   0 17       31425          32
           8  max multiplicity
 done :: setup mesh topology
  
 call usrdat
 done :: usrdat

 generate geometry data
 done :: generate geometry data
  
 call usrdat2
 done :: usrdat2

 regenerate geometry data           1
 NOTE: All elements deformed , param(59) ^=0
 done :: regenerate geometry data           1
  
 verify mesh topology
  0.000000000000000E+000   1.00000000000000       Xrange
  0.000000000000000E+000   1.00000000000000       Yrange
  0.000000000000000E+000   1.00000000000000       Zrange
 done :: verify mesh topology
  
 IFTRAN   = T
 IFFLOW   = T
 IFHEAT   = F
 IFSPLIT  = T
 IFLOMACH = F
 IFUSERVP = F
 IFUSERMV = F
 IFSTRS   = F
 IFCHAR   = F
 IFCYCLIC = F
 IFAXIS   = F
 IFMVBD   = F
 IFMELT   = F
 IFMODEL  = F
 IFKEPS   = F
 IFMOAB   = F
 IFNEKNEK = F
 IFSYNC   = T
   
 IFVCOR   = T
 IFINTQ   = F
 IFCWUZ   = F
 IFSWALL  = F
 IFGEOM   = F
 IFSURT   = F
 IFWCNO   = F
   
 IFTMSH for field           1    =  F
 IFADVC for field           1    =  T
 IFNONL for field           1    =  F
   
 Dealiasing enabled, lxd=          25
  
 Estimated eigenvalues
 EIGAA =    9.86960440108936     
 EIGGA =    966170.149044625     
 EIGAE =    9.86960440108936     
 EIGAS =   8.333333333333333E-002
 EIGGE =    966170.149044625     
 EIGGS =    2.00000000000000     
  
 verify mesh topology
  0.000000000000000E+000   1.00000000000000       Xrange
  0.000000000000000E+000   1.00000000000000       Yrange
  0.000000000000000E+000   1.00000000000000       Zrange
 done :: verify mesh topology
  
  E-solver strategy:  0 itr
 mg_nx:           1           9          16
 mg_ny:           1           9          16
 mg_nz:           1           9          16
 call usrsetvert
 done :: usrsetvert

gs_setup: 67 unique labels shared
   pairwise times (avg, min, max): 5.913e-05 5.79834e-05 6.12974e-05
   crystal router                : 1.00732e-05 9.89437e-06 1.02043e-05
   all reduce                    : 3.49075e-05 3.47137e-05 3.51191e-05
   used all_to_all method: crystal router
   handle bytes (avg, min, max): 2800 2500 3076
   buffer bytes (avg, min, max): 384 320 448
   setupds time 4.4620E-03 seconds   1  2          75          32
   setvert3d:   4         927        1183         927         927
 call usrsetvert
 done :: usrsetvert

gs_setup: 583 unique labels shared
   pairwise times (avg, min, max): 4.45999e-05 4.33922e-05 5.10931e-05
   crystal router                : 1.24514e-05 1.23024e-05 1.26839e-05
   all reduce                    : 6.52187e-05 6.48022e-05 6.55174e-05
   used all_to_all method: crystal router
   handle bytes (avg, min, max): 10876 8836 12820
   buffer bytes (avg, min, max): 1968 1568 2368
   setupds time 6.7611E-03 seconds   2  4         927          32
   setvert3d:  10        9627       26011        9627        9627
 call usrsetvert
 done :: usrsetvert

gs_setup: 5203 unique labels shared
   pairwise times (avg, min, max): 4.81337e-05 4.54903e-05 5.26905e-05
   crystal router                : 3.28861e-05 3.24965e-05 3.32117e-05
   all reduce                    : 0.00016579 0.000164104 0.000167799
   used all_to_all method: crystal router
   handle bytes (avg, min, max): 73120 56644 89284
   buffer bytes (avg, min, max): 13848 10688 16576
   setupds time 1.3763E-02 seconds   3 10        9627          32
   setvert3d:  12       14575       46575       14575       14575
 call usrsetvert
 done :: usrsetvert

gs_setup: 7767 unique labels shared
   pairwise times (avg, min, max): 4.64834e-05 4.42028e-05 5.03063e-05
   crystal router                : 4.18723e-05 4.13179e-05 4.26054e-05
   all reduce                    : 0.000230351 0.000228095 0.000231099
   used all_to_all method: crystal router
   handle bytes (avg, min, max): 106540 82180 130516
   buffer bytes (avg, min, max): 20176 15520 24128
   setupds time 1.7407E-02 seconds   4 12       14575          32
 regenerate geometry data           1
 NOTE: All elements deformed , param(59) ^=0
 done :: regenerate geometry data           1
  
 h1_mg_nx:           1           3          16
 h1_mg_ny:           1           3          16
 h1_mg_nz:           1           3          16
 call usrsetvert
 done :: usrsetvert

gs_setup: 67 unique labels shared
   pairwise times (avg, min, max): 4.19624e-05 3.90053e-05 4.51088e-05
   crystal router                : 1.08048e-05 1.04904e-05 1.10149e-05
   all reduce                    : 3.7618e-05 3.7384e-05 3.77893e-05
   used all_to_all method: crystal router
   handle bytes (avg, min, max): 2800 2500 3076
   buffer bytes (avg, min, max): 384 320 448
   setupds time 4.4332E-03 seconds   5  2          75          32
   setvert3d:   4         927        1183         927         927
 call usrsetvert
 done :: usrsetvert

gs_setup: 583 unique labels shared
   pairwise times (avg, min, max): 4.27529e-05 4.02927e-05 4.57048e-05
   crystal router                : 1.2143e-05 1.18971e-05 1.27077e-05
   all reduce                    : 7.09571e-05 7.05957e-05 7.11918e-05
   used all_to_all method: crystal router
   handle bytes (avg, min, max): 10876 8836 12820
   buffer bytes (avg, min, max): 1968 1568 2368
   setupds time 6.7811E-03 seconds   6  4         927          32
   setvert3d:   4         927        1183         927         927
 call usrsetvert
 done :: usrsetvert

gs_setup: 583 unique labels shared
   pairwise times (avg, min, max): 4.3036e-05 4.02927e-05 4.58002e-05
   crystal router                : 1.20126e-05 1.18017e-05 1.23024e-05
   all reduce                    : 6.12706e-05 5.71012e-05 6.2108e-05
   used all_to_all method: crystal router
   handle bytes (avg, min, max): 10876 8836 12820
   buffer bytes (avg, min, max): 1968 1568 2368
   setupds time 5.7690E-03 seconds   7  4         927          32
   setvert3d:   6        2803        4851        2803        2803
 call usrsetvert
 done :: usrsetvert

gs_setup: 1611 unique labels shared
   pairwise times (avg, min, max): 4.46767e-05 4.16994e-05 4.82082e-05
   crystal router                : 1.86592e-05 1.83105e-05 1.92881e-05
   all reduce                    : 8.44218e-05 8.34942e-05 8.49962e-05
   used all_to_all method: crystal router
   handle bytes (avg, min, max): 25288 19972 30436
   buffer bytes (avg, min, max): 4744 3712 5696
   setupds time 6.7680E-03 seconds   8  6        2803          32
   setvert3d:  17       31425      139425       31425       31425
 call usrsetvert
 done :: usrsetvert

gs_setup: 16417 unique labels shared
   pairwise times (avg, min, max): 4.84407e-05 4.52995e-05 5.52893e-05
   crystal router                : 7.71083e-05 7.61032e-05 7.84874e-05
   all reduce                    : 0.000969381 0.00096159 0.000978398
   used all_to_all method: pairwise
   handle bytes (avg, min, max): 27556 20788 34292
   buffer bytes (avg, min, max): 19960 14704 25360
   setupds time 3.6501E-02 seconds   9 17       31425          32
   setvert3d:  19       39957      197173       39957       39957
 call usrsetvert
 done :: usrsetvert

gs_setup: 20773 unique labels shared
   pairwise times (avg, min, max): 5.05358e-05 4.73976e-05 5.48124e-05
   crystal router                : 0.000106817 0.000105 0.000108981
   all reduce                    : 0.00121124 0.0012073 0.0012187
   used all_to_all method: pairwise
   handle bytes (avg, min, max): 34384 25924 42804
   buffer bytes (avg, min, max): 24736 18256 31376
   setupds time 4.5687E-02 seconds  10 19       39957          32
 setup h1 coarse grid, nx_crs=           2
 call usrsetvert
 done :: usrsetvert

gs_setup: 67 unique labels shared
   pairwise times (avg, min, max): 3.67358e-05 3.49998e-05 3.9196e-05
   crystal router                : 1.01194e-05 9.98974e-06 1.02997e-05
   all reduce                    : 4.026e-05 4.00066e-05 4.03881e-05
   used all_to_all method: crystal router
   handle bytes (avg, min, max): 2800 2500 3076
   buffer bytes (avg, min, max): 384 320 448
 done :: setup h1 coarse grid   1.356983184814453E-002  sec
  
 call usrdat3
 done :: usrdat3

 set initial conditions
 nekuic (1) for ifld            1
 call nekuic for vel  
 xyz min     0.0000       0.0000       0.0000    
 uvwpt min   0.0000       0.0000       0.0000       0.0000       0.0000    
 PS min      0.0000       0.0000      0.99000E+22
 xyz max     1.0000       1.0000       1.0000    
 uvwpt max   0.0000       0.0000       0.0000       0.0000       0.0000    
 PS max      0.0000       0.0000     -0.99000E+22
 done :: set initial conditions
  
 call userchk
GFM max:  4.3318E-04  1.7327E-03  1.7327E-03  9.1359E-17  9.1359E-17  2.0922E-16
 
nelt =       1, np =        32, nx1 =      17, elements =        32
Solve Time =   0.3248E-08
 
nelt =       1, np =        32, nx1 =      17, elements =        32
Solve Time =   0.3170E-08
 
nelt =       1, np =        32, nx1 =      17, elements =        32
Solve Time =   0.3181E-08
 
nelt =       1, np =        32, nx1 =      17, elements =        32
Solve Time =   0.3176E-08
 
nelt =       1, np =        32, nx1 =      17, elements =        32
Solve Time =   0.3177E-08
 
nelt =       1, np =        32, nx1 =      17, elements =        32
Solve Time =   0.3172E-08
 
nelt =       1, np =        32, nx1 =      17, elements =        32
Solve Time =   0.3194E-08
 
nelt =       1, np =        32, nx1 =      17, elements =        32
Solve Time =   0.3175E-08
 
nelt =       1, np =        32, nx1 =      17, elements =        32
Solve Time =   0.3174E-08
 
nelt =       1, np =        32, nx1 =      17, elements =        32
Solve Time =   0.3177E-08
 
nelt =       1, np =        32, nx1 =      17, elements =        32
Solve Time =   0.2723E-08
 
nelt =       1, np =        32, nx1 =      17, elements =        32
Solve Time =   0.2689E-08
 
nelt =       1, np =        32, nx1 =      17, elements =        32
Solve Time =   0.2684E-08
 
nelt =       1, np =        32, nx1 =      17, elements =        32
Solve Time =   0.2685E-08
 
nelt =       1, np =        32, nx1 =      17, elements =        32
Solve Time =   0.2691E-08
 
nelt =       1, np =        32, nx1 =      17, elements =        32
Solve Time =   0.2684E-08
 
nelt =       1, np =        32, nx1 =      17, elements =        32
Solve Time =   0.2689E-08
 
nelt =       1, np =        32, nx1 =      17, elements =        32
Solve Time =   0.2691E-08
 
nelt =       1, np =        32, nx1 =      17, elements =        32
Solve Time =   0.2687E-08
 
nelt =       1, np =        32, nx1 =      17, elements =        32
Solve Time =   0.2693E-08
 
nelt =       1, np =        32, nx1 =      17, elements =        32
Solve Time =   0.3004E-08
 
nelt =       1, np =        32, nx1 =      17, elements =        32
Solve Time =   0.2982E-08
 
nelt =       1, np =        32, nx1 =      17, elements =        32
Solve Time =   0.2986E-08
 
nelt =       1, np =        32, nx1 =      17, elements =        32
Solve Time =   0.2980E-08
 
nelt =       1, np =        32, nx1 =      17, elements =        32
Solve Time =   0.2991E-08
 
nelt =       1, np =        32, nx1 =      17, elements =        32
Solve Time =   0.2979E-08
 
nelt =       1, np =        32, nx1 =      17, elements =        32
Solve Time =   0.2980E-08
 
nelt =       1, np =        32, nx1 =      17, elements =        32
Solve Time =   0.2984E-08
 
nelt =       1, np =        32, nx1 =      17, elements =        32
Solve Time =   0.2985E-08
 
nelt =       1, np =        32, nx1 =      17, elements =        32
Solve Time =   0.2984E-08
 
nelt =       1, np =        32, nx1 =      17, elements =        32
Solve Time =   0.3145E-08
 
nelt =       1, np =        32, nx1 =      17, elements =        32
Solve Time =   0.3120E-08
 
nelt =       1, np =        32, nx1 =      17, elements =        32
Solve Time =   0.3122E-08
 
nelt =       1, np =        32, nx1 =      17, elements =        32
Solve Time =   0.3123E-08
 
nelt =       1, np =        32, nx1 =      17, elements =        32
Solve Time =   0.3126E-08
 
nelt =       1, np =        32, nx1 =      17, elements =        32
Solve Time =   0.3122E-08
 
nelt =       1, np =        32, nx1 =      17, elements =        32
Solve Time =   0.3122E-08
 
nelt =       1, np =        32, nx1 =      17, elements =        32
Solve Time =   0.3122E-08
 
nelt =       1, np =        32, nx1 =      17, elements =        32
Solve Time =   0.3125E-08
 
nelt =       1, np =        32, nx1 =      17, elements =        32
Solve Time =   0.3122E-08
 
nelt =       1, np =        32, nx1 =      17, elements =        32
Solve Time =   0.3279E-08
 
nelt =       1, np =        32, nx1 =      17, elements =        32
Solve Time =   0.3258E-08
 
nelt =       1, np =        32, nx1 =      17, elements =        32
Solve Time =   0.3256E-08
 
nelt =       1, np =        32, nx1 =      17, elements =        32
Solve Time =   0.3249E-08
 
nelt =       1, np =        32, nx1 =      17, elements =        32
Solve Time =   0.3253E-08
 
nelt =       1, np =        32, nx1 =      17, elements =        32
Solve Time =   0.3256E-08
 
nelt =       1, np =        32, nx1 =      17, elements =        32
Solve Time =   0.3253E-08
 
nelt =       1, np =        32, nx1 =      17, elements =        32
Solve Time =   0.3256E-08
 
nelt =       1, np =        32, nx1 =      17, elements =        32
Solve Time =   0.3256E-08
 
nelt =       1, np =        32, nx1 =      17, elements =        32
Solve Time =   0.3250E-08
 schfile:
 /gpfs/theta-fs1/home/thilina/env/lx17/b5.sch                                   
                                                      
ERROR: .sch file already exists. Use IFSCHCLOB=F todisable this check BUT BEWARE!!!!!!  ierr=  1 
  
call exitt: dying ...
  
backtrace(): obtained 9 stack frames.
./nek5000() [0x7836f5]
./nek5000() [0x966999]
./nek5000() [0x51481d]
./nek5000() [0x409f0f]
./nek5000() [0x4276f6]
./nek5000() [0x425cae]
./nek5000() [0x4054fe]
/lib64/libc.so.6(__libc_start_main+0xf5) [0x2aaab1ca3b25]
./nek5000() [0x405409]
  
total elapsed time             :   7.82604E+00 sec
total solver time incl. I/O    :   0.00000E+00 sec
time/timestep                  :   0.00000E+00 sec
CPU seconds/timestep/gridpt    :   0.00000E+00 sec

Application 2259432 resources: utime ~242s, stime ~21s, Rss ~61076, inblocks ~0, outblocks ~0
