/----------------------------------------------------------\\
|      _   __ ______ __ __  ______  ____   ____   ____     |
|     / | / // ____// //_/ / ____/ / __ \\/ __ \\/ __ \\   |
|    /  |/ // __/  / ,<   /___ \\ / / / // / / // / / /    |
|   / /|  // /___ / /| | ____/ / / /_/ // /_/ // /_/ /     |
|  /_/ |_//_____//_/ |_|/_____/  \\___/ \\___/ \\___/      |
|                                                          |
|----------------------------------------------------------|
|                                                          |
| NEK5000:  Open Source Spectral Element Solver            |
| COPYRIGHT (c) 2008-2016 UCHICAGO ARGONNE, LLC            |
| Version:  16.0.0                                         |
| Web:      http://nek5000.mcs.anl.gov                     |
|                                                          |
\\----------------------------------------------------------/
                                                              

 Number of processors:          16
 REAL    wdsize      :           8
 INTEGER wdsize      :           4
 Timer accuracy      : 3.10E-07
 Reading /gpfs/theta-fs1/home/thilina/env/lx17/b7.rea                                                                                        

 mapping elements to processors
 Reading /gpfs/theta-fs1/home/thilina/env/lx17/b7.map                                                                                        
           0           8           8         128         128  NELV
           5           8           8         128         128  NELV
           4           8           8         128         128  NELV
           7           8           8         128         128  NELV
           8           8           8         128         128  NELV
           6           8           8         128         128  NELV
          13           8           8         128         128  NELV
          10           8           8         128         128  NELV
           3           8           8         128         128  NELV
           2           8           8         128         128  NELV
           1           8           8         128         128  NELV
           9           8           8         128         128  NELV
          11           8           8         128         128  NELV
          12           8           8         128         128  NELV
          14           8           8         128         128  NELV
          15           8           8         128         128  NELV
 RANK     0 IEG      97      98     101     102     113     114     117     118
 element load imbalance:            0           8           8
 done :: mapping elements to processors
  
           0  objects found
 118   Parameters from file:
   1      1.00000     p001 DENSITY
   2     -100.000     p002 VISCOS
   7      1.00000     p007 RHOCP
   8      1.00000     p008 CONDUCT
  11      1.00        p011 NSTEPS
  12    -0.500000E-02 p012 DT
  21     0.100000E-05 p021 DIVERGENCE
  22     0.100000E-07 p022 HELMHOLTZ
  24     0.100000E-09 p024 TOLREL
  25     0.100000E-09 p025 TOLABS
  26     0.250000     p026 COURANT/NTAU
  27      2.00000     p027 TORDER
  66      6.00000     p066 output : <0=ascii, else binary
  67      6.00000     p067 restart: <0=ascii, else binary
  99      3.00000     p099 dealiasing: <0--> off/3--> old/4--> new
 103     0.500000E-01 p103 weight of stabilizing filter (.01)
  
 nelgt/nelgv/lelt:         128         128         100
 lx1  /lx2  /lx3 :          17          17          17
 done :: read .rea file   0.53514E-01 sec

 setup mesh topology
   Right-handed check complete for     128 elements. OK.
   setvert3d:  17      113025      545025      113025      113025
 call usrsetvert
 done :: usrsetvert

gs_setup: 28929 unique labels shared
   pairwise times (avg, min, max): 6.96033e-05 6.60896e-05 7.1907e-05
   crystal router                : 0.000203584 0.000200605 0.000206995
   all reduce                    : 0.000696529 0.000691581 0.00070281
   used all_to_all method: pairwise
   handle bytes (avg, min, max): 168508 155644 181372
   buffer bytes (avg, min, max): 63120 53872 72368
   setupds time 7.8754E-02 seconds   0 17      113025         128
           8  max multiplicity
 done :: setup mesh topology
  
 call usrdat
 done :: usrdat

 generate geometry data
 done :: generate geometry data
  
 call usrdat2
 done :: usrdat2

 regenerate geometry data           1
 NOTE: All elements deformed , param(59) ^=0
 done :: regenerate geometry data           1
  
 verify mesh topology
  0.000000000000000E+000   1.00000000000000       Xrange
  0.000000000000000E+000   1.00000000000000       Yrange
  0.000000000000000E+000   1.00000000000000       Zrange
 done :: verify mesh topology
  
 IFTRAN   = T
 IFFLOW   = T
 IFHEAT   = F
 IFSPLIT  = T
 IFLOMACH = F
 IFUSERVP = F
 IFUSERMV = F
 IFSTRS   = F
 IFCHAR   = F
 IFCYCLIC = F
 IFAXIS   = F
 IFMVBD   = F
 IFMELT   = F
 IFMODEL  = F
 IFKEPS   = F
 IFMOAB   = F
 IFNEKNEK = F
 IFSYNC   = T
   
 IFVCOR   = T
 IFINTQ   = F
 IFCWUZ   = F
 IFSWALL  = F
 IFGEOM   = F
 IFSURT   = F
 IFWCNO   = F
   
 IFTMSH for field           1    =  F
 IFADVC for field           1    =  T
 IFNONL for field           1    =  F
   
 Dealiasing enabled, lxd=          25
  
 Estimated eigenvalues
 EIGAA =    9.86960440108936     
 EIGGA =    1933998.51965727     
 EIGAE =    9.86960440108936     
 EIGAS =   8.333333333333333E-002
 EIGGE =    1933998.51965727     
 EIGGS =    2.00000000000000     
  
 verify mesh topology
  0.000000000000000E+000   1.00000000000000       Xrange
  0.000000000000000E+000   1.00000000000000       Yrange
  0.000000000000000E+000   1.00000000000000       Zrange
 done :: verify mesh topology
  
  E-solver strategy:  0 itr
 mg_nx:           1           9          16
 mg_ny:           1           9          16
 mg_nz:           1           9          16
 call usrsetvert
 done :: usrsetvert

gs_setup: 129 unique labels shared
   pairwise times (avg, min, max): 2.63736e-05 2.55108e-05 2.89202e-05
   crystal router                : 9.20296e-06 9.10759e-06 9.29832e-06
   all reduce                    : 3.26723e-05 3.24965e-05 3.28064e-05
   used all_to_all method: crystal router
   handle bytes (avg, min, max): 5240 4676 5804
   buffer bytes (avg, min, max): 864 704 1024
   setupds time 3.5951E-03 seconds   1  2         225         128
   setvert3d:   4        3201        4225        3201        3201
 call usrsetvert
 done :: usrsetvert

gs_setup: 1057 unique labels shared
   pairwise times (avg, min, max): 2.72959e-05 2.66075e-05 2.91109e-05
   crystal router                : 1.32501e-05 1.3113e-05 1.33991e-05
   all reduce                    : 6.49601e-05 6.43969e-05 6.5589e-05
   used all_to_all method: crystal router
   handle bytes (avg, min, max): 29192 25220 33164
   buffer bytes (avg, min, max): 5408 4352 6464
   setupds time 6.6960E-03 seconds   2  4        3201         128
   setvert3d:  10       34401       99937       34401       34401
 call usrsetvert
 done :: usrsetvert

gs_setup: 9217 unique labels shared
   pairwise times (avg, min, max): 3.26037e-05 3.1805e-05 3.45945e-05
   crystal router                : 7.31379e-05 7.20024e-05 7.44104e-05
   all reduce                    : 0.000282539 0.00028069 0.000285101
   used all_to_all method: pairwise
   handle bytes (avg, min, max): 55724 51484 59964
   buffer bytes (avg, min, max): 21456 18256 24656
   setupds time 2.5479E-02 seconds   3 10       34401         128
   setvert3d:  12       52225      180225       52225       52225
 call usrsetvert
 done :: usrsetvert

gs_setup: 13729 unique labels shared
   pairwise times (avg, min, max): 3.45647e-05 3.19958e-05 3.74794e-05
   crystal router                : 9.56491e-05 9.43184e-05 9.69172e-05
   all reduce                    : 0.00036763 0.000364399 0.000374794
   used all_to_all method: pairwise
   handle bytes (avg, min, max): 81708 75484 87932
   buffer bytes (avg, min, max): 31120 26512 35728
   setupds time 3.4638E-02 seconds   4 12       52225         128
 regenerate geometry data           1
 NOTE: All elements deformed , param(59) ^=0
 done :: regenerate geometry data           1
  
 h1_mg_nx:           1           3          16
 h1_mg_ny:           1           3          16
 h1_mg_nz:           1           3          16
 call usrsetvert
 done :: usrsetvert

gs_setup: 129 unique labels shared
   pairwise times (avg, min, max): 2.48656e-05 2.28167e-05 2.61784e-05
   crystal router                : 8.45343e-06 8.39233e-06 8.60691e-06
   all reduce                    : 3.55706e-05 3.53813e-05 3.58105e-05
   used all_to_all method: crystal router
   handle bytes (avg, min, max): 5240 4676 5804
   buffer bytes (avg, min, max): 864 704 1024
   setupds time 3.7930E-03 seconds   5  2         225         128
   setvert3d:   4        3201        4225        3201        3201
 call usrsetvert
 done :: usrsetvert

gs_setup: 1057 unique labels shared
   pairwise times (avg, min, max): 2.99007e-05 2.85864e-05 3.11136e-05
   crystal router                : 1.31994e-05 1.29938e-05 1.33038e-05
   all reduce                    : 6.6492e-05 6.58989e-05 6.72102e-05
   used all_to_all method: crystal router
   handle bytes (avg, min, max): 29192 25220 33164
   buffer bytes (avg, min, max): 5408 4352 6464
   setupds time 6.8941E-03 seconds   6  4        3201         128
   setvert3d:   4        3201        4225        3201        3201
 call usrsetvert
 done :: usrsetvert

gs_setup: 1057 unique labels shared
   pairwise times (avg, min, max): 2.6536e-05 2.58923e-05 2.83003e-05
   crystal router                : 1.6503e-05 1.61886e-05 1.67131e-05
   all reduce                    : 6.39752e-05 6.33955e-05 6.44922e-05
   used all_to_all method: crystal router
   handle bytes (avg, min, max): 29192 25220 33164
   buffer bytes (avg, min, max): 5408 4352 6464
   setupds time 6.2962E-03 seconds   7  4        3201         128
   setvert3d:   6        9889       18081        9889        9889
 call usrsetvert
 done :: usrsetvert

gs_setup: 2881 unique labels shared
   pairwise times (avg, min, max): 3.0458e-05 2.8801e-05 3.25918e-05
   crystal router                : 2.25529e-05 2.22921e-05 2.2912e-05
   all reduce                    : 0.000109939 0.000109291 0.000110602
   used all_to_all method: crystal router
   handle bytes (avg, min, max): 73880 63428 84332
   buffer bytes (avg, min, max): 13792 11072 16512
   setupds time 1.0009E-02 seconds   8  6        9889         128
   setvert3d:  17      113025      545025      113025      113025
 call usrsetvert
 done :: usrsetvert

gs_setup: 28929 unique labels shared
   pairwise times (avg, min, max): 5.17443e-05 4.9305e-05 5.40972e-05
   crystal router                : 0.00019123 0.000188208 0.000194216
   all reduce                    : 0.000698023 0.000692797 0.000705004
   used all_to_all method: pairwise
   handle bytes (avg, min, max): 168508 155644 181372
   buffer bytes (avg, min, max): 63120 53872 72368
   setupds time 7.2916E-02 seconds   9 17      113025         128
   setvert3d:  19      143841      772705      143841      143841
 call usrsetvert
 done :: usrsetvert

gs_setup: 36577 unique labels shared
   pairwise times (avg, min, max): 4.9451e-05 4.66824e-05 5.24998e-05
   crystal router                : 0.000242101 0.000238609 0.000246
   all reduce                    : 0.000621729 0.000620985 0.000622892
   used all_to_all method: pairwise
   handle bytes (avg, min, max): 211964 195772 228156
   buffer bytes (avg, min, max): 79056 67504 90608
   setupds time 8.9787E-02 seconds  10 19      143841         128
 setup h1 coarse grid, nx_crs=           2
 call usrsetvert
 done :: usrsetvert

gs_setup: 129 unique labels shared
   pairwise times (avg, min, max): 2.28122e-05 2.11954e-05 2.41041e-05
   crystal router                : 8.36998e-06 8.2016e-06 8.60691e-06
   all reduce                    : 3.10346e-05 3.0899e-05 3.11852e-05
   used all_to_all method: crystal router
   handle bytes (avg, min, max): 5240 4676 5804
   buffer bytes (avg, min, max): 864 704 1024
 done :: setup h1 coarse grid   3.440713882446289E-002  sec
  
 call usrdat3
 done :: usrdat3

 set initial conditions
 nekuic (1) for ifld            1
 call nekuic for vel  
 xyz min     0.0000       0.0000       0.0000    
 uvwpt min   0.0000       0.0000       0.0000       0.0000       0.0000    
 PS min      0.0000       0.0000      0.99000E+22
 xyz max     1.0000       1.0000       1.0000    
 uvwpt max   0.0000       0.0000       0.0000       0.0000       0.0000    
 PS max      0.0000       0.0000     -0.99000E+22
 done :: set initial conditions
  
 call userchk
GFM max:  4.3318E-04  4.3318E-04  1.7327E-03  5.2305E-17  2.0940E-16  2.0940E-16
 
nelt =       8, np =        16, nx1 =      17, elements =       128
Solve Time =   0.5398E-08
 
nelt =       8, np =        16, nx1 =      17, elements =       128
Solve Time =   0.5374E-08
 
nelt =       8, np =        16, nx1 =      17, elements =       128
Solve Time =   0.5371E-08
 
nelt =       8, np =        16, nx1 =      17, elements =       128
Solve Time =   0.5371E-08
 
nelt =       8, np =        16, nx1 =      17, elements =       128
Solve Time =   0.5371E-08
 
nelt =       8, np =        16, nx1 =      17, elements =       128
Solve Time =   0.5370E-08
 
nelt =       8, np =        16, nx1 =      17, elements =       128
Solve Time =   0.5369E-08
 
nelt =       8, np =        16, nx1 =      17, elements =       128
Solve Time =   0.5369E-08
 
nelt =       8, np =        16, nx1 =      17, elements =       128
Solve Time =   0.5370E-08
 
nelt =       8, np =        16, nx1 =      17, elements =       128
Solve Time =   0.5369E-08
 
nelt =       8, np =        16, nx1 =      17, elements =       128
Solve Time =   0.4898E-08
 
nelt =       8, np =        16, nx1 =      17, elements =       128
Solve Time =   0.4894E-08
 
nelt =       8, np =        16, nx1 =      17, elements =       128
Solve Time =   0.4893E-08
 
nelt =       8, np =        16, nx1 =      17, elements =       128
Solve Time =   0.4895E-08
 
nelt =       8, np =        16, nx1 =      17, elements =       128
Solve Time =   0.4893E-08
 
nelt =       8, np =        16, nx1 =      17, elements =       128
Solve Time =   0.4895E-08
 
nelt =       8, np =        16, nx1 =      17, elements =       128
Solve Time =   0.4893E-08
 
nelt =       8, np =        16, nx1 =      17, elements =       128
Solve Time =   0.4896E-08
 
nelt =       8, np =        16, nx1 =      17, elements =       128
Solve Time =   0.4895E-08
 
nelt =       8, np =        16, nx1 =      17, elements =       128
Solve Time =   0.4893E-08
 
nelt =       8, np =        16, nx1 =      17, elements =       128
Solve Time =   0.5080E-08
 
nelt =       8, np =        16, nx1 =      17, elements =       128
Solve Time =   0.5074E-08
 
nelt =       8, np =        16, nx1 =      17, elements =       128
Solve Time =   0.5073E-08
 
nelt =       8, np =        16, nx1 =      17, elements =       128
Solve Time =   0.5072E-08
 
nelt =       8, np =        16, nx1 =      17, elements =       128
Solve Time =   0.5070E-08
 
nelt =       8, np =        16, nx1 =      17, elements =       128
Solve Time =   0.5071E-08
 
nelt =       8, np =        16, nx1 =      17, elements =       128
Solve Time =   0.5072E-08
 
nelt =       8, np =        16, nx1 =      17, elements =       128
Solve Time =   0.5071E-08
 
nelt =       8, np =        16, nx1 =      17, elements =       128
Solve Time =   0.5070E-08
 
nelt =       8, np =        16, nx1 =      17, elements =       128
Solve Time =   0.5076E-08
 
nelt =       8, np =        16, nx1 =      17, elements =       128
Solve Time =   0.5233E-08
 
nelt =       8, np =        16, nx1 =      17, elements =       128
Solve Time =   0.5232E-08
 
nelt =       8, np =        16, nx1 =      17, elements =       128
Solve Time =   0.5230E-08
 
nelt =       8, np =        16, nx1 =      17, elements =       128
Solve Time =   0.5231E-08
 
nelt =       8, np =        16, nx1 =      17, elements =       128
Solve Time =   0.5232E-08
 
nelt =       8, np =        16, nx1 =      17, elements =       128
Solve Time =   0.5231E-08
 
nelt =       8, np =        16, nx1 =      17, elements =       128
Solve Time =   0.5231E-08
 
nelt =       8, np =        16, nx1 =      17, elements =       128
Solve Time =   0.5230E-08
 
nelt =       8, np =        16, nx1 =      17, elements =       128
Solve Time =   0.5231E-08
 
nelt =       8, np =        16, nx1 =      17, elements =       128
Solve Time =   0.5234E-08
 
nelt =       8, np =        16, nx1 =      17, elements =       128
Solve Time =   0.5399E-08
 
nelt =       8, np =        16, nx1 =      17, elements =       128
Solve Time =   0.5392E-08
 
nelt =       8, np =        16, nx1 =      17, elements =       128
Solve Time =   0.5392E-08
 
nelt =       8, np =        16, nx1 =      17, elements =       128
Solve Time =   0.5392E-08
 
nelt =       8, np =        16, nx1 =      17, elements =       128
Solve Time =   0.5392E-08
 
nelt =       8, np =        16, nx1 =      17, elements =       128
Solve Time =   0.5391E-08
 
nelt =       8, np =        16, nx1 =      17, elements =       128
Solve Time =   0.5391E-08
 
nelt =       8, np =        16, nx1 =      17, elements =       128
Solve Time =   0.5392E-08
 
nelt =       8, np =        16, nx1 =      17, elements =       128
Solve Time =   0.5391E-08
 
nelt =       8, np =        16, nx1 =      17, elements =       128
Solve Time =   0.5393E-08
 schfile:
 /gpfs/theta-fs1/home/thilina/env/lx17/b7.sch                                   
                                                      
 17      128  1.0000E+00  1.0000E+00  1.0000E+00  error v
 17      128  1.0000E+00  1.0000E+00  1.0000E+00  error v
 17      128  1.0000E+00  1.0000E+00  1.0000E+00  error v
 17      128  1.0000E+00  1.0000E+00  1.0000E+00  error v
 17      128  1.0000E+00  1.0000E+00  1.0000E+00  error v
 17      128  1.0000E+00  1.0000E+00  1.0000E+00  error v
 17      128  1.0000E+00  1.0000E+00  1.0000E+00  error v
 17      128  1.0000E+00  1.0000E+00  1.0000E+00  error v
 17      128  1.0000E+00  1.0000E+00  1.0000E+00  error v
 17      128  1.0000E+00  1.0000E+00  1.0000E+00  error v
 17      128  1.0000E+00  1.0000E+00  1.0000E+00  error v
 17      128  1.0000E+00  1.0000E+00  1.0000E+00  error v
 17      128  1.0000E+00  1.0000E+00  1.0000E+00  error v
 17      128  1.0000E+00  1.0000E+00  1.0000E+00  error v
 17      128  1.0000E+00  1.0000E+00  1.0000E+00  error v
 17      128  1.0000E+00  1.0000E+00  1.0000E+00  error v
 
nelt =       8, np =        16, nx1 =      17, elements =       128
Solve Time =   0.5762E-08
 
nelt =       8, np =        16, nx1 =      17, elements =       128
Solve Time =   0.5761E-08
 
nelt =       8, np =        16, nx1 =      17, elements =       128
Solve Time =   0.5761E-08
 
nelt =       8, np =        16, nx1 =      17, elements =       128
Solve Time =   0.5762E-08
 
nelt =       8, np =        16, nx1 =      17, elements =       128
Solve Time =   0.5757E-08
 
nelt =       8, np =        16, nx1 =      17, elements =       128
Solve Time =   0.5761E-08
 
nelt =       8, np =        16, nx1 =      17, elements =       128
Solve Time =   0.5765E-08
 
nelt =       8, np =        16, nx1 =      17, elements =       128
Solve Time =   0.5757E-08
 
nelt =       8, np =        16, nx1 =      17, elements =       128
Solve Time =   0.5760E-08
 
nelt =       8, np =        16, nx1 =      17, elements =       128
Solve Time =   0.5756E-08
 17      128  2.1970E-04  2.1970E-04  2.1970E-04  error s
 17      128  2.1970E-04  2.1970E-04  2.1970E-04  error s
 17      128  2.1970E-04  2.1970E-04  2.1970E-04  error s
 17      128  2.1970E-04  2.1970E-04  2.1970E-04  error s
 17      128  2.1970E-04  2.1970E-04  2.1970E-04  error s
 17      128  2.1970E-04  2.1970E-04  2.1970E-04  error s
 17      128  2.1970E-04  2.1970E-04  2.1970E-04  error s
 17      128  2.1970E-04  2.1970E-04  2.1970E-04  error s
 17      128  2.1970E-04  2.1970E-04  2.1970E-04  error s
 17      128  2.1970E-04  2.1970E-04  2.1970E-04  error s
 17      128  2.1970E-04  2.1970E-04  2.1970E-04  error s
 17      128  2.1970E-04  2.1970E-04  2.1970E-04  error s
 17      128  2.1970E-04  2.1970E-04  2.1970E-04  error s
 17      128  2.1970E-04  2.1970E-04  2.1970E-04  error s
 17      128  2.1970E-04  2.1970E-04  2.1970E-04  error s
 17      128  2.1970E-04  2.1970E-04  2.1970E-04  error s
 
nelt =       8, np =        16, nx1 =      17, elements =       128
Solve Time =   0.6558E-08
 
nelt =       8, np =        16, nx1 =      17, elements =       128
Solve Time =   0.6555E-08
 
nelt =       8, np =        16, nx1 =      17, elements =       128
Solve Time =   0.6552E-08
 
nelt =       8, np =        16, nx1 =      17, elements =       128
Solve Time =   0.6555E-08
 
nelt =       8, np =        16, nx1 =      17, elements =       128
Solve Time =   0.6556E-08
 
nelt =       8, np =        16, nx1 =      17, elements =       128
Solve Time =   0.6551E-08
 
nelt =       8, np =        16, nx1 =      17, elements =       128
Solve Time =   0.6551E-08
 
nelt =       8, np =        16, nx1 =      17, elements =       128
Solve Time =   0.6552E-08
 
nelt =       8, np =        16, nx1 =      17, elements =       128
Solve Time =   0.6555E-08
 
nelt =       8, np =        16, nx1 =      17, elements =       128
Solve Time =   0.6554E-08
 17      128  2.1987E-04  2.1987E-04  2.1987E-04  error n
 17      128  2.1987E-04  2.1987E-04  2.1987E-04  error n
 17      128  2.1987E-04  2.1987E-04  2.1987E-04  error n
 17      128  2.1987E-04  2.1987E-04  2.1987E-04  error n
 17      128  2.1987E-04  2.1987E-04  2.1987E-04  error n
 17      128  2.1987E-04  2.1987E-04  2.1987E-04  error n
  16      128  100  0.0000E+00  0.0000E+00  0.0000E+00 time for 3 hmholtz
 17      128  2.1987E-04  2.1987E-04  2.1987E-04  error n
 17      128  2.1987E-04  2.1987E-04  2.1987E-04  error n
EXIT: quit after cggov         16
 17      128  2.1987E-04  2.1987E-04  2.1987E-04  error n
 17      128  2.1987E-04  2.1987E-04  2.1987E-04  error n
 17      128  2.1987E-04  2.1987E-04  2.1987E-04  error n
 17      128  2.1987E-04  2.1987E-04  2.1987E-04  error n
 17      128  2.1987E-04  2.1987E-04  2.1987E-04  error n
 17      128  2.1987E-04  2.1987E-04  2.1987E-04  error n
 17      128  2.1987E-04  2.1987E-04  2.1987E-04  error n
 17      128  2.1987E-04  2.1987E-04  2.1987E-04  error n
  
call exitt: dying ...
  
backtrace(): obtained 8 stack frames.
./nek5000() [0x7836f5]
./nek5000() [0x967469]
./nek5000() [0x40e0fc]
./nek5000() [0x4276f6]
./nek5000() [0x425cae]
./nek5000() [0x4054fe]
/lib64/libc.so.6(__libc_start_main+0xf5) [0x2aaab1ca3b25]
./nek5000() [0x405409]
  
total elapsed time             :   2.06633E+02 sec
total solver time incl. I/O    :   0.00000E+00 sec
time/timestep                  :   0.00000E+00 sec
CPU seconds/timestep/gridpt    :   0.00000E+00 sec

Application 2259351 resources: utime ~3203s, stime ~72s, Rss ~97704, inblocks ~0, outblocks ~0
