/----------------------------------------------------------\\
|      _   __ ______ __ __  ______  ____   ____   ____     |
|     / | / // ____// //_/ / ____/ / __ \\/ __ \\/ __ \\   |
|    /  |/ // __/  / ,<   /___ \\ / / / // / / // / / /    |
|   / /|  // /___ / /| | ____/ / / /_/ // /_/ // /_/ /     |
|  /_/ |_//_____//_/ |_|/_____/  \\___/ \\___/ \\___/      |
|                                                          |
|----------------------------------------------------------|
|                                                          |
| NEK5000:  Open Source Spectral Element Solver            |
| COPYRIGHT (c) 2008-2016 UCHICAGO ARGONNE, LLC            |
| Version:  16.0.0                                         |
| Web:      http://nek5000.mcs.anl.gov                     |
|                                                          |
\\----------------------------------------------------------/
                                                              

 Number of processors:         128
 REAL    wdsize      :           8
 INTEGER wdsize      :           4
 Timer accuracy      : 3.10E-07
 Reading /gpfs/theta-fs1/home/thilina/env/lx17/b8.rea                                                                                        

 mapping elements to processors
 Reading /gpfs/theta-fs1/home/thilina/env/lx17/b8.map                                                                                        
 RANK     0 IEG     245     246
 element load imbalance:            0           2           2
 done :: mapping elements to processors
  
           0  objects found
 118   Parameters from file:
   1      1.00000     p001 DENSITY
   2     -100.000     p002 VISCOS
   7      1.00000     p007 RHOCP
   8      1.00000     p008 CONDUCT
  11      1.00        p011 NSTEPS
  12    -0.500000E-02 p012 DT
  21     0.100000E-05 p021 DIVERGENCE
  22     0.100000E-07 p022 HELMHOLTZ
  24     0.100000E-09 p024 TOLREL
  25     0.100000E-09 p025 TOLABS
  26     0.250000     p026 COURANT/NTAU
  27      2.00000     p027 TORDER
  66      6.00000     p066 output : <0=ascii, else binary
  67      6.00000     p067 restart: <0=ascii, else binary
  99      3.00000     p099 dealiasing: <0--> off/3--> old/4--> new
 103     0.500000E-01 p103 weight of stabilizing filter (.01)
  
 nelgt/nelgv/lelt:         256         256         100
 lx1  /lx2  /lx3 :          17          17          17
 done :: read .rea file   0.21762     sec

 setup mesh topology
   Right-handed check complete for     256 elements. OK.
   setvert3d:  17      218790     1082790      218790      218790
 call usrsetvert
 done :: usrsetvert

gs_setup: 129089 unique labels shared
   pairwise times (avg, min, max): 0.000102664 8.49962e-05 0.000118899
   crystal router                : 0.000335801 0.000331402 0.000339413
   used all_to_all method: pairwise
   handle bytes (avg, min, max): 60320 40652 66828
   buffer bytes (avg, min, max): 38658 23664 43792
   setupds time 1.0162E-01 seconds   0 17      218790         256
           8  max multiplicity
 done :: setup mesh topology
  
 call usrdat
 done :: usrdat

 generate geometry data
 done :: generate geometry data
  
 call usrdat2
 done :: usrdat2

 regenerate geometry data           1
 NOTE: All elements deformed , param(59) ^=0
 done :: regenerate geometry data           1
  
 verify mesh topology
  0.000000000000000E+000   1.00000000000000       Xrange
  0.000000000000000E+000   1.00000000000000       Yrange
  0.000000000000000E+000   1.00000000000000       Zrange
 done :: verify mesh topology
  
 IFTRAN   = T
 IFFLOW   = T
 IFHEAT   = F
 IFSPLIT  = T
 IFLOMACH = F
 IFUSERVP = F
 IFUSERMV = F
 IFSTRS   = F
 IFCHAR   = F
 IFCYCLIC = F
 IFAXIS   = F
 IFMVBD   = F
 IFMELT   = F
 IFMODEL  = F
 IFKEPS   = F
 IFMOAB   = F
 IFNEKNEK = F
 IFSYNC   = T
   
 IFVCOR   = T
 IFINTQ   = F
 IFCWUZ   = F
 IFSWALL  = F
 IFGEOM   = F
 IFSURT   = F
 IFWCNO   = F
   
 IFTMSH for field           1    =  F
 IFADVC for field           1    =  T
 IFNONL for field           1    =  F
   
 Dealiasing enabled, lxd=          25
  
 Estimated eigenvalues
 EIGAA =    9.86960440108936     
 EIGGA =    3864728.98434941     
 EIGAE =    9.86960440108936     
 EIGAS =   8.333333333333333E-002
 EIGGE =    3864728.98434941     
 EIGGS =    2.00000000000000     
  
 verify mesh topology
  0.000000000000000E+000   1.00000000000000       Xrange
  0.000000000000000E+000   1.00000000000000       Yrange
  0.000000000000000E+000   1.00000000000000       Zrange
 done :: verify mesh topology
  
  E-solver strategy:  0 itr
 mg_nx:           1           9          16
 mg_ny:           1           9          16
 mg_nz:           1           9          16
 call usrsetvert
 done :: usrsetvert

gs_setup: 389 unique labels shared
   pairwise times (avg, min, max): 8.47187e-05 7.14064e-05 0.000101089
   crystal router                : 3.89664e-05 3.83854e-05 3.99828e-05
   all reduce                    : 0.000119098 0.000118494 0.000119615
   used all_to_all method: crystal router
   handle bytes (avg, min, max): 5135 4604 5684
   buffer bytes (avg, min, max): 631 496 720
   setupds time 7.9238E-03 seconds   1  2         405         256
   setvert3d:   4        6097        8145        6097        6097
 call usrsetvert
 done :: usrsetvert

gs_setup: 4237 unique labels shared
   pairwise times (avg, min, max): 7.70688e-05 6.69003e-05 8.83102e-05
   crystal router                : 4.91712e-05 4.8089e-05 4.9901e-05
   all reduce                    : 0.000380212 0.000378394 0.000383711
   used all_to_all method: crystal router
   handle bytes (avg, min, max): 25223 19532 28964
   buffer bytes (avg, min, max): 3518 2704 4016
   setupds time 1.8482E-02 seconds   2  4        6097         256
   setvert3d:  10       66421      197493       66421       66421
 call usrsetvert
 done :: usrsetvert

gs_setup: 40357 unique labels shared
   pairwise times (avg, min, max): 8.14214e-05 6.81877e-05 9.35078e-05
   crystal router                : 0.000104783 0.000102901 0.000106502
   all reduce                    : 0.00106086 0.0010565 0.00106521
   used all_to_all method: pairwise
   handle bytes (avg, min, max): 20623 13996 22812
   buffer bytes (avg, min, max): 13780 8320 15680
   setupds time 6.8831E-02 seconds   3 10       66421         256
   setvert3d:  12      100945      356945      100945      100945
 call usrsetvert
 done :: usrsetvert

gs_setup: 60589 unique labels shared
   pairwise times (avg, min, max): 8.68827e-05 7.51972e-05 0.000102186
   crystal router                : 0.000135546 0.00013361 0.000137115
   all reduce                    : 0.00144752 0.0014432 0.00145481
   used all_to_all method: pairwise
   handle bytes (avg, min, max): 29805 20172 32988
   buffer bytes (avg, min, max): 19608 11904 22272
   setupds time 9.7139E-02 seconds   4 12      100945         256
 regenerate geometry data           1
 NOTE: All elements deformed , param(59) ^=0
 done :: regenerate geometry data           1
  
 h1_mg_nx:           1           3          16
 h1_mg_ny:           1           3          16
 h1_mg_nz:           1           3          16
 call usrsetvert
 done :: usrsetvert

gs_setup: 389 unique labels shared
   pairwise times (avg, min, max): 7.16401e-05 6.33001e-05 8.18968e-05
   crystal router                : 4.0262e-05 3.94106e-05 4.14133e-05
   all reduce                    : 0.000114396 0.000113678 0.000115085
   used all_to_all method: crystal router
   handle bytes (avg, min, max): 5135 4604 5684
   buffer bytes (avg, min, max): 631 496 720
   setupds time 8.0450E-03 seconds   5  2         405         256
   setvert3d:   4        6097        8145        6097        6097
 call usrsetvert
 done :: usrsetvert

gs_setup: 4237 unique labels shared
   pairwise times (avg, min, max): 7.12601e-05 5.99146e-05 8.38041e-05
   crystal router                : 5.1732e-05 5.11169e-05 5.2309e-05
   all reduce                    : 0.000366656 0.000362992 0.000374198
   used all_to_all method: crystal router
   handle bytes (avg, min, max): 25223 19532 28964
   buffer bytes (avg, min, max): 3518 2704 4016
   setupds time 1.8998E-02 seconds   6  4        6097         256
   setvert3d:   4        6097        8145        6097        6097
 call usrsetvert
 done :: usrsetvert

gs_setup: 4237 unique labels shared
   pairwise times (avg, min, max): 7.21077e-05 6.43015e-05 8.18968e-05
   crystal router                : 5.00575e-05 4.66824e-05 5.1713e-05
   all reduce                    : 0.000359466 0.000357485 0.000362802
   used all_to_all method: crystal router
   handle bytes (avg, min, max): 25223 19532 28964
   buffer bytes (avg, min, max): 3518 2704 4016
   setupds time 1.7270E-02 seconds   7  4        6097         256
   setvert3d:   6       18997       35381       18997       18997
 call usrsetvert
 done :: usrsetvert

gs_setup: 12181 unique labels shared
   pairwise times (avg, min, max): 6.6741e-05 5.66006e-05 7.67946e-05
   crystal router                : 6.81374e-05 6.43969e-05 7.05957e-05
   all reduce                    : 0.000722461 0.000719595 0.000730705
   used all_to_all method: crystal router
   handle bytes (avg, min, max): 62303 46172 72020
   buffer bytes (avg, min, max): 8810 6832 9760
   setupds time 3.4582E-02 seconds   8  6       18997         256
   setvert3d:  17      218790     1082790      218790      218790
 call usrsetvert
 done :: usrsetvert

gs_setup: 129089 unique labels shared
   pairwise times (avg, min, max): 0.000111882 9.56059e-05 0.000124907
   crystal router                : 0.000338826 0.000334716 0.000344896
   used all_to_all method: pairwise
   handle bytes (avg, min, max): 60320 40652 66828
   buffer bytes (avg, min, max): 38658 23664 43792
   setupds time 1.0080E-01 seconds   9 17      218790         256
   setvert3d:  19      278542     1536270      278542      278542
 call usrsetvert
 done :: usrsetvert

gs_setup: 163657 unique labels shared
   pairwise times (avg, min, max): 9.28491e-05 7.63893e-05 0.000104189
   crystal router                : 0.000398692 0.000393391 0.000402117
   used all_to_all method: pairwise
   handle bytes (avg, min, max): 75550 50860 83724
   buffer bytes (avg, min, max): 48070 29488 54416
   setupds time 9.9061E-02 seconds  10 19      278542         256
 setup h1 coarse grid, nx_crs=           2
 call usrsetvert
 done :: usrsetvert

gs_setup: 389 unique labels shared
   pairwise times (avg, min, max): 6.21265e-05 5.26905e-05 7.09057e-05
   crystal router                : 4.44822e-05 4.36068e-05 4.51088e-05
   all reduce                    : 0.000118693 0.000117397 0.000119805
   used all_to_all method: crystal router
   handle bytes (avg, min, max): 5135 4604 5684
   buffer bytes (avg, min, max): 631 496 720
 done :: setup h1 coarse grid   2.779603004455566E-002  sec
  
 call usrdat3
 done :: usrdat3

 set initial conditions
 nekuic (1) for ifld            1
 call nekuic for vel  
 xyz min     0.0000       0.0000       0.0000    
 uvwpt min   0.0000       0.0000       0.0000       0.0000       0.0000    
 PS min      0.0000       0.0000      0.99000E+22
 xyz max     1.0000       1.0000       1.0000    
 uvwpt max   0.0000       0.0000       0.0000       0.0000       0.0000    
 PS max      0.0000       0.0000     -0.99000E+22
 done :: set initial conditions
  
 call userchk
GFM max:  2.1659E-04  8.6637E-04  8.6637E-04  1.0470E-16  1.0470E-16  2.2680E-16
 
nelt =       2, np =       128, nx1 =      17, elements =       256
Solve Time =   0.9343E-09
 
nelt =       2, np =       128, nx1 =      17, elements =       256
Solve Time =   0.9174E-09
 
nelt =       2, np =       128, nx1 =      17, elements =       256
Solve Time =   0.9147E-09
 
nelt =       2, np =       128, nx1 =      17, elements =       256
Solve Time =   0.9187E-09
 
nelt =       2, np =       128, nx1 =      17, elements =       256
Solve Time =   0.9146E-09
 
nelt =       2, np =       128, nx1 =      17, elements =       256
Solve Time =   0.9172E-09
 
nelt =       2, np =       128, nx1 =      17, elements =       256
Solve Time =   0.9176E-09
 
nelt =       2, np =       128, nx1 =      17, elements =       256
Solve Time =   0.9319E-09
 
nelt =       2, np =       128, nx1 =      17, elements =       256
Solve Time =   0.9170E-09
 
nelt =       2, np =       128, nx1 =      17, elements =       256
Solve Time =   0.9143E-09
 
nelt =       2, np =       128, nx1 =      17, elements =       256
Solve Time =   0.7551E-09
 
nelt =       2, np =       128, nx1 =      17, elements =       256
Solve Time =   0.7515E-09
 
nelt =       2, np =       128, nx1 =      17, elements =       256
Solve Time =   0.7531E-09
 
nelt =       2, np =       128, nx1 =      17, elements =       256
Solve Time =   0.7509E-09
 
nelt =       2, np =       128, nx1 =      17, elements =       256
Solve Time =   0.7521E-09
 
nelt =       2, np =       128, nx1 =      17, elements =       256
Solve Time =   0.7518E-09
 
nelt =       2, np =       128, nx1 =      17, elements =       256
Solve Time =   0.7537E-09
 
nelt =       2, np =       128, nx1 =      17, elements =       256
Solve Time =   0.7505E-09
 
nelt =       2, np =       128, nx1 =      17, elements =       256
Solve Time =   0.7504E-09
 
nelt =       2, np =       128, nx1 =      17, elements =       256
Solve Time =   0.7526E-09
 
nelt =       2, np =       128, nx1 =      17, elements =       256
Solve Time =   0.8375E-09
 
nelt =       2, np =       128, nx1 =      17, elements =       256
Solve Time =   0.8331E-09
 
nelt =       2, np =       128, nx1 =      17, elements =       256
Solve Time =   0.8339E-09
 
nelt =       2, np =       128, nx1 =      17, elements =       256
Solve Time =   0.8338E-09
 
nelt =       2, np =       128, nx1 =      17, elements =       256
Solve Time =   0.8347E-09
 
nelt =       2, np =       128, nx1 =      17, elements =       256
Solve Time =   0.8345E-09
 
nelt =       2, np =       128, nx1 =      17, elements =       256
Solve Time =   0.8331E-09
 
nelt =       2, np =       128, nx1 =      17, elements =       256
Solve Time =   0.8327E-09
 
nelt =       2, np =       128, nx1 =      17, elements =       256
Solve Time =   0.8362E-09
 
nelt =       2, np =       128, nx1 =      17, elements =       256
Solve Time =   0.8332E-09
 
nelt =       2, np =       128, nx1 =      17, elements =       256
Solve Time =   0.8900E-09
 
nelt =       2, np =       128, nx1 =      17, elements =       256
Solve Time =   0.8890E-09
 
nelt =       2, np =       128, nx1 =      17, elements =       256
Solve Time =   0.8904E-09
 
nelt =       2, np =       128, nx1 =      17, elements =       256
Solve Time =   0.8902E-09
 
nelt =       2, np =       128, nx1 =      17, elements =       256
Solve Time =   0.8901E-09
 
nelt =       2, np =       128, nx1 =      17, elements =       256
Solve Time =   0.8892E-09
 
nelt =       2, np =       128, nx1 =      17, elements =       256
Solve Time =   0.8880E-09
 
nelt =       2, np =       128, nx1 =      17, elements =       256
Solve Time =   0.8884E-09
 
nelt =       2, np =       128, nx1 =      17, elements =       256
Solve Time =   0.8893E-09
 
nelt =       2, np =       128, nx1 =      17, elements =       256
Solve Time =   0.9022E-09
 
nelt =       2, np =       128, nx1 =      17, elements =       256
Solve Time =   0.9482E-09
 
nelt =       2, np =       128, nx1 =      17, elements =       256
Solve Time =   0.9420E-09
 
nelt =       2, np =       128, nx1 =      17, elements =       256
Solve Time =   0.9408E-09
 
nelt =       2, np =       128, nx1 =      17, elements =       256
Solve Time =   0.9426E-09
 
nelt =       2, np =       128, nx1 =      17, elements =       256
Solve Time =   0.9407E-09
 
nelt =       2, np =       128, nx1 =      17, elements =       256
Solve Time =   0.9407E-09
 
nelt =       2, np =       128, nx1 =      17, elements =       256
Solve Time =   0.9415E-09
 
nelt =       2, np =       128, nx1 =      17, elements =       256
Solve Time =   0.9454E-09
 
nelt =       2, np =       128, nx1 =      17, elements =       256
Solve Time =   0.9409E-09
 
nelt =       2, np =       128, nx1 =      17, elements =       256
Solve Time =   0.9446E-09
 schfile:
 /gpfs/theta-fs1/home/thilina/env/lx17/b8.sch                                   
                                                      
 17      256  1.0000E+00  1.0000E+00  1.0000E+00  error v
 17      256  1.0000E+00  1.0000E+00  1.0000E+00  error v
 17      256  1.0000E+00  1.0000E+00  1.0000E+00  error v
 17      256  1.0000E+00  1.0000E+00  1.0000E+00  error v
 17      256  1.0000E+00  1.0000E+00  1.0000E+00  error v
 17      256  1.0000E+00  1.0000E+00  1.0000E+00  error v
 17      256  1.0000E+00  1.0000E+00  1.0000E+00  error v
 17      256  1.0000E+00  1.0000E+00  1.0000E+00  error v
 17      256  1.0000E+00  1.0000E+00  1.0000E+00  error v
 17      256  1.0000E+00  1.0000E+00  1.0000E+00  error v
 17      256  1.0000E+00  1.0000E+00  1.0000E+00  error v
 17      256  1.0000E+00  1.0000E+00  1.0000E+00  error v
 17      256  1.0000E+00  1.0000E+00  1.0000E+00  error v
 17      256  1.0000E+00  1.0000E+00  1.0000E+00  error v
 17      256  1.0000E+00  1.0000E+00  1.0000E+00  error v
 17      256  1.0000E+00  1.0000E+00  1.0000E+00  error v
 17      256  1.0000E+00  1.0000E+00  1.0000E+00  error v
 17      256  1.0000E+00  1.0000E+00  1.0000E+00  error v
 17      256  1.0000E+00  1.0000E+00  1.0000E+00  error v
 17      256  1.0000E+00  1.0000E+00  1.0000E+00  error v
 17      256  1.0000E+00  1.0000E+00  1.0000E+00  error v
 17      256  1.0000E+00  1.0000E+00  1.0000E+00  error v
 17      256  1.0000E+00  1.0000E+00  1.0000E+00  error v
 17      256  1.0000E+00  1.0000E+00  1.0000E+00  error v
 17      256  1.0000E+00  1.0000E+00  1.0000E+00  error v
 17      256  1.0000E+00  1.0000E+00  1.0000E+00  error v
 17      256  1.0000E+00  1.0000E+00  1.0000E+00  error v
 17      256  1.0000E+00  1.0000E+00  1.0000E+00  error v
 17      256  1.0000E+00  1.0000E+00  1.0000E+00  error v
 17      256  1.0000E+00  1.0000E+00  1.0000E+00  error v
 17      256  1.0000E+00  1.0000E+00  1.0000E+00  error v
 17      256  1.0000E+00  1.0000E+00  1.0000E+00  error v
 17      256  1.0000E+00  1.0000E+00  1.0000E+00  error v
 17      256  1.0000E+00  1.0000E+00  1.0000E+00  error v
 17      256  1.0000E+00  1.0000E+00  1.0000E+00  error v
 17      256  1.0000E+00  1.0000E+00  1.0000E+00  error v
 17      256  1.0000E+00  1.0000E+00  1.0000E+00  error v
 17      256  1.0000E+00  1.0000E+00  1.0000E+00  error v
 17      256  1.0000E+00  1.0000E+00  1.0000E+00  error v
 17      256  1.0000E+00  1.0000E+00  1.0000E+00  error v
 17      256  1.0000E+00  1.0000E+00  1.0000E+00  error v
 17      256  1.0000E+00  1.0000E+00  1.0000E+00  error v
 17      256  1.0000E+00  1.0000E+00  1.0000E+00  error v
 17      256  1.0000E+00  1.0000E+00  1.0000E+00  error v
 17      256  1.0000E+00  1.0000E+00  1.0000E+00  error v
 17      256  1.0000E+00  1.0000E+00  1.0000E+00  error v
 17      256  1.0000E+00  1.0000E+00  1.0000E+00  error v
 17      256  1.0000E+00  1.0000E+00  1.0000E+00  error v
 17      256  1.0000E+00  1.0000E+00  1.0000E+00  error v
 17      256  1.0000E+00  1.0000E+00  1.0000E+00  error v
 17      256  1.0000E+00  1.0000E+00  1.0000E+00  error v
 17      256  1.0000E+00  1.0000E+00  1.0000E+00  error v
 17      256  1.0000E+00  1.0000E+00  1.0000E+00  error v
 17      256  1.0000E+00  1.0000E+00  1.0000E+00  error v
 17      256  1.0000E+00  1.0000E+00  1.0000E+00  error v
 17      256  1.0000E+00  1.0000E+00  1.0000E+00  error v
 17      256  1.0000E+00  1.0000E+00  1.0000E+00  error v
 17      256  1.0000E+00  1.0000E+00  1.0000E+00  error v
 17      256  1.0000E+00  1.0000E+00  1.0000E+00  error v
 17      256  1.0000E+00  1.0000E+00  1.0000E+00  error v
 17      256  1.0000E+00  1.0000E+00  1.0000E+00  error v
 17      256  1.0000E+00  1.0000E+00  1.0000E+00  error v
 17      256  1.0000E+00  1.0000E+00  1.0000E+00  error v
 17      256  1.0000E+00  1.0000E+00  1.0000E+00  error v
 17      256  1.0000E+00  1.0000E+00  1.0000E+00  error v
 17      256  1.0000E+00  1.0000E+00  1.0000E+00  error v
 17      256  1.0000E+00  1.0000E+00  1.0000E+00  error v
 17      256  1.0000E+00  1.0000E+00  1.0000E+00  error v
 17      256  1.0000E+00  1.0000E+00  1.0000E+00  error v
 17      256  1.0000E+00  1.0000E+00  1.0000E+00  error v
 17      256  1.0000E+00  1.0000E+00  1.0000E+00  error v
 17      256  1.0000E+00  1.0000E+00  1.0000E+00  error v
 17      256  1.0000E+00  1.0000E+00  1.0000E+00  error v
 17      256  1.0000E+00  1.0000E+00  1.0000E+00  error v
 17      256  1.0000E+00  1.0000E+00  1.0000E+00  error v
 17      256  1.0000E+00  1.0000E+00  1.0000E+00  error v
 17      256  1.0000E+00  1.0000E+00  1.0000E+00  error v
 17      256  1.0000E+00  1.0000E+00  1.0000E+00  error v
 17      256  1.0000E+00  1.0000E+00  1.0000E+00  error v
 17      256  1.0000E+00  1.0000E+00  1.0000E+00  error v
 17      256  1.0000E+00  1.0000E+00  1.0000E+00  error v
 17      256  1.0000E+00  1.0000E+00  1.0000E+00  error v
 17      256  1.0000E+00  1.0000E+00  1.0000E+00  error v
 17      256  1.0000E+00  1.0000E+00  1.0000E+00  error v
 17      256  1.0000E+00  1.0000E+00  1.0000E+00  error v
 17      256  1.0000E+00  1.0000E+00  1.0000E+00  error v
 17      256  1.0000E+00  1.0000E+00  1.0000E+00  error v
 17      256  1.0000E+00  1.0000E+00  1.0000E+00  error v
 17      256  1.0000E+00  1.0000E+00  1.0000E+00  error v
 17      256  1.0000E+00  1.0000E+00  1.0000E+00  error v
 17      256  1.0000E+00  1.0000E+00  1.0000E+00  error v
 17      256  1.0000E+00  1.0000E+00  1.0000E+00  error v
 17      256  1.0000E+00  1.0000E+00  1.0000E+00  error v
 17      256  1.0000E+00  1.0000E+00  1.0000E+00  error v
 17      256  1.0000E+00  1.0000E+00  1.0000E+00  error v
 17      256  1.0000E+00  1.0000E+00  1.0000E+00  error v
 17      256  1.0000E+00  1.0000E+00  1.0000E+00  error v
 17      256  1.0000E+00  1.0000E+00  1.0000E+00  error v
 17      256  1.0000E+00  1.0000E+00  1.0000E+00  error v
 17      256  1.0000E+00  1.0000E+00  1.0000E+00  error v
 17      256  1.0000E+00  1.0000E+00  1.0000E+00  error v
 17      256  1.0000E+00  1.0000E+00  1.0000E+00  error v
 17      256  1.0000E+00  1.0000E+00  1.0000E+00  error v
 17      256  1.0000E+00  1.0000E+00  1.0000E+00  error v
 17      256  1.0000E+00  1.0000E+00  1.0000E+00  error v
 17      256  1.0000E+00  1.0000E+00  1.0000E+00  error v
 17      256  1.0000E+00  1.0000E+00  1.0000E+00  error v
 17      256  1.0000E+00  1.0000E+00  1.0000E+00  error v
 17      256  1.0000E+00  1.0000E+00  1.0000E+00  error v
 17      256  1.0000E+00  1.0000E+00  1.0000E+00  error v
 17      256  1.0000E+00  1.0000E+00  1.0000E+00  error v
 17      256  1.0000E+00  1.0000E+00  1.0000E+00  error v
 17      256  1.0000E+00  1.0000E+00  1.0000E+00  error v
 17      256  1.0000E+00  1.0000E+00  1.0000E+00  error v
 17      256  1.0000E+00  1.0000E+00  1.0000E+00  error v
 17      256  1.0000E+00  1.0000E+00  1.0000E+00  error v
 17      256  1.0000E+00  1.0000E+00  1.0000E+00  error v
 17      256  1.0000E+00  1.0000E+00  1.0000E+00  error v
 17      256  1.0000E+00  1.0000E+00  1.0000E+00  error v
 17      256  1.0000E+00  1.0000E+00  1.0000E+00  error v
 17      256  1.0000E+00  1.0000E+00  1.0000E+00  error v
 17      256  1.0000E+00  1.0000E+00  1.0000E+00  error v
 17      256  1.0000E+00  1.0000E+00  1.0000E+00  error v
 17      256  1.0000E+00  1.0000E+00  1.0000E+00  error v
 17      256  1.0000E+00  1.0000E+00  1.0000E+00  error v
 17      256  1.0000E+00  1.0000E+00  1.0000E+00  error v
 17      256  1.0000E+00  1.0000E+00  1.0000E+00  error v
 17      256  1.0000E+00  1.0000E+00  1.0000E+00  error v
 
nelt =       2, np =       128, nx1 =      17, elements =       256
Solve Time =   0.1231E-08
 
nelt =       2, np =       128, nx1 =      17, elements =       256
Solve Time =   0.1219E-08
 
nelt =       2, np =       128, nx1 =      17, elements =       256
Solve Time =   0.1219E-08
 
nelt =       2, np =       128, nx1 =      17, elements =       256
Solve Time =   0.1218E-08
 
nelt =       2, np =       128, nx1 =      17, elements =       256
Solve Time =   0.1224E-08
 
nelt =       2, np =       128, nx1 =      17, elements =       256
Solve Time =   0.1218E-08
 
nelt =       2, np =       128, nx1 =      17, elements =       256
Solve Time =   0.1215E-08
 
nelt =       2, np =       128, nx1 =      17, elements =       256
Solve Time =   0.1217E-08
 
nelt =       2, np =       128, nx1 =      17, elements =       256
Solve Time =   0.1214E-08
 
nelt =       2, np =       128, nx1 =      17, elements =       256
Solve Time =   0.1221E-08
 17      256  3.7889E-04  3.7889E-04  3.7889E-04  error s
 17      256  3.7889E-04  3.7889E-04  3.7889E-04  error s
 17      256  3.7889E-04  3.7889E-04  3.7889E-04  error s
 17      256  3.7889E-04  3.7889E-04  3.7889E-04  error s
 17      256  3.7889E-04  3.7889E-04  3.7889E-04  error s
 17      256  3.7889E-04  3.7889E-04  3.7889E-04  error s
 17      256  3.7889E-04  3.7889E-04  3.7889E-04  error s
 17      256  3.7889E-04  3.7889E-04  3.7889E-04  error s
 17      256  3.7889E-04  3.7889E-04  3.7889E-04  error s
 17      256  3.7889E-04  3.7889E-04  3.7889E-04  error s
 17      256  3.7889E-04  3.7889E-04  3.7889E-04  error s
 17      256  3.7889E-04  3.7889E-04  3.7889E-04  error s
 17      256  3.7889E-04  3.7889E-04  3.7889E-04  error s
 17      256  3.7889E-04  3.7889E-04  3.7889E-04  error s
 17      256  3.7889E-04  3.7889E-04  3.7889E-04  error s
 17      256  3.7889E-04  3.7889E-04  3.7889E-04  error s
 17      256  3.7889E-04  3.7889E-04  3.7889E-04  error s
 17      256  3.7889E-04  3.7889E-04  3.7889E-04  error s
 17      256  3.7889E-04  3.7889E-04  3.7889E-04  error s
 17      256  3.7889E-04  3.7889E-04  3.7889E-04  error s
 17      256  3.7889E-04  3.7889E-04  3.7889E-04  error s
 17      256  3.7889E-04  3.7889E-04  3.7889E-04  error s
 17      256  3.7889E-04  3.7889E-04  3.7889E-04  error s
 17      256  3.7889E-04  3.7889E-04  3.7889E-04  error s
 17      256  3.7889E-04  3.7889E-04  3.7889E-04  error s
 17      256  3.7889E-04  3.7889E-04  3.7889E-04  error s
 17      256  3.7889E-04  3.7889E-04  3.7889E-04  error s
 17      256  3.7889E-04  3.7889E-04  3.7889E-04  error s
 17      256  3.7889E-04  3.7889E-04  3.7889E-04  error s
 17      256  3.7889E-04  3.7889E-04  3.7889E-04  error s
 17      256  3.7889E-04  3.7889E-04  3.7889E-04  error s
 17      256  3.7889E-04  3.7889E-04  3.7889E-04  error s
 17      256  3.7889E-04  3.7889E-04  3.7889E-04  error s
 17      256  3.7889E-04  3.7889E-04  3.7889E-04  error s
 17      256  3.7889E-04  3.7889E-04  3.7889E-04  error s
 17      256  3.7889E-04  3.7889E-04  3.7889E-04  error s
 17      256  3.7889E-04  3.7889E-04  3.7889E-04  error s
 17      256  3.7889E-04  3.7889E-04  3.7889E-04  error s
 17      256  3.7889E-04  3.7889E-04  3.7889E-04  error s
 17      256  3.7889E-04  3.7889E-04  3.7889E-04  error s
 17      256  3.7889E-04  3.7889E-04  3.7889E-04  error s
 17      256  3.7889E-04  3.7889E-04  3.7889E-04  error s
 17      256  3.7889E-04  3.7889E-04  3.7889E-04  error s
 17      256  3.7889E-04  3.7889E-04  3.7889E-04  error s
 17      256  3.7889E-04  3.7889E-04  3.7889E-04  error s
 17      256  3.7889E-04  3.7889E-04  3.7889E-04  error s
 17      256  3.7889E-04  3.7889E-04  3.7889E-04  error s
 17      256  3.7889E-04  3.7889E-04  3.7889E-04  error s
 17      256  3.7889E-04  3.7889E-04  3.7889E-04  error s
 17      256  3.7889E-04  3.7889E-04  3.7889E-04  error s
 17      256  3.7889E-04  3.7889E-04  3.7889E-04  error s
 17      256  3.7889E-04  3.7889E-04  3.7889E-04  error s
 17      256  3.7889E-04  3.7889E-04  3.7889E-04  error s
 17      256  3.7889E-04  3.7889E-04  3.7889E-04  error s
 17      256  3.7889E-04  3.7889E-04  3.7889E-04  error s
 17      256  3.7889E-04  3.7889E-04  3.7889E-04  error s
 17      256  3.7889E-04  3.7889E-04  3.7889E-04  error s
 17      256  3.7889E-04  3.7889E-04  3.7889E-04  error s
 17      256  3.7889E-04  3.7889E-04  3.7889E-04  error s
 17      256  3.7889E-04  3.7889E-04  3.7889E-04  error s
 17      256  3.7889E-04  3.7889E-04  3.7889E-04  error s
 17      256  3.7889E-04  3.7889E-04  3.7889E-04  error s
 17      256  3.7889E-04  3.7889E-04  3.7889E-04  error s
 17      256  3.7889E-04  3.7889E-04  3.7889E-04  error s
 17      256  3.7889E-04  3.7889E-04  3.7889E-04  error s
 17      256  3.7889E-04  3.7889E-04  3.7889E-04  error s
 17      256  3.7889E-04  3.7889E-04  3.7889E-04  error s
 17      256  3.7889E-04  3.7889E-04  3.7889E-04  error s
 17      256  3.7889E-04  3.7889E-04  3.7889E-04  error s
 17      256  3.7889E-04  3.7889E-04  3.7889E-04  error s
 17      256  3.7889E-04  3.7889E-04  3.7889E-04  error s
 17      256  3.7889E-04  3.7889E-04  3.7889E-04  error s
 17      256  3.7889E-04  3.7889E-04  3.7889E-04  error s
 17      256  3.7889E-04  3.7889E-04  3.7889E-04  error s
 17      256  3.7889E-04  3.7889E-04  3.7889E-04  error s
 17      256  3.7889E-04  3.7889E-04  3.7889E-04  error s
 17      256  3.7889E-04  3.7889E-04  3.7889E-04  error s
 17      256  3.7889E-04  3.7889E-04  3.7889E-04  error s
 17      256  3.7889E-04  3.7889E-04  3.7889E-04  error s
 17      256  3.7889E-04  3.7889E-04  3.7889E-04  error s
 17      256  3.7889E-04  3.7889E-04  3.7889E-04  error s
 17      256  3.7889E-04  3.7889E-04  3.7889E-04  error s
 17      256  3.7889E-04  3.7889E-04  3.7889E-04  error s
 17      256  3.7889E-04  3.7889E-04  3.7889E-04  error s
 17      256  3.7889E-04  3.7889E-04  3.7889E-04  error s
 17      256  3.7889E-04  3.7889E-04  3.7889E-04  error s
 17      256  3.7889E-04  3.7889E-04  3.7889E-04  error s
 17      256  3.7889E-04  3.7889E-04  3.7889E-04  error s
 17      256  3.7889E-04  3.7889E-04  3.7889E-04  error s
 17      256  3.7889E-04  3.7889E-04  3.7889E-04  error s
 17      256  3.7889E-04  3.7889E-04  3.7889E-04  error s
 17      256  3.7889E-04  3.7889E-04  3.7889E-04  error s
 17      256  3.7889E-04  3.7889E-04  3.7889E-04  error s
 17      256  3.7889E-04  3.7889E-04  3.7889E-04  error s
 17      256  3.7889E-04  3.7889E-04  3.7889E-04  error s
 17      256  3.7889E-04  3.7889E-04  3.7889E-04  error s
 17      256  3.7889E-04  3.7889E-04  3.7889E-04  error s
 17      256  3.7889E-04  3.7889E-04  3.7889E-04  error s
 17      256  3.7889E-04  3.7889E-04  3.7889E-04  error s
 17      256  3.7889E-04  3.7889E-04  3.7889E-04  error s
 17      256  3.7889E-04  3.7889E-04  3.7889E-04  error s
 17      256  3.7889E-04  3.7889E-04  3.7889E-04  error s
 17      256  3.7889E-04  3.7889E-04  3.7889E-04  error s
 17      256  3.7889E-04  3.7889E-04  3.7889E-04  error s
 17      256  3.7889E-04  3.7889E-04  3.7889E-04  error s
 17      256  3.7889E-04  3.7889E-04  3.7889E-04  error s
 17      256  3.7889E-04  3.7889E-04  3.7889E-04  error s
 17      256  3.7889E-04  3.7889E-04  3.7889E-04  error s
 17      256  3.7889E-04  3.7889E-04  3.7889E-04  error s
 17      256  3.7889E-04  3.7889E-04  3.7889E-04  error s
 17      256  3.7889E-04  3.7889E-04  3.7889E-04  error s
 17      256  3.7889E-04  3.7889E-04  3.7889E-04  error s
 17      256  3.7889E-04  3.7889E-04  3.7889E-04  error s
 17      256  3.7889E-04  3.7889E-04  3.7889E-04  error s
 17      256  3.7889E-04  3.7889E-04  3.7889E-04  error s
 17      256  3.7889E-04  3.7889E-04  3.7889E-04  error s
 17      256  3.7889E-04  3.7889E-04  3.7889E-04  error s
 17      256  3.7889E-04  3.7889E-04  3.7889E-04  error s
 17      256  3.7889E-04  3.7889E-04  3.7889E-04  error s
 17      256  3.7889E-04  3.7889E-04  3.7889E-04  error s
 17      256  3.7889E-04  3.7889E-04  3.7889E-04  error s
 17      256  3.7889E-04  3.7889E-04  3.7889E-04  error s
 17      256  3.7889E-04  3.7889E-04  3.7889E-04  error s
 17      256  3.7889E-04  3.7889E-04  3.7889E-04  error s
 17      256  3.7889E-04  3.7889E-04  3.7889E-04  error s
 17      256  3.7889E-04  3.7889E-04  3.7889E-04  error s
 17      256  3.7889E-04  3.7889E-04  3.7889E-04  error s
 17      256  3.7889E-04  3.7889E-04  3.7889E-04  error s
 
nelt =       2, np =       128, nx1 =      17, elements =       256
Solve Time =   0.1250E-08
 
nelt =       2, np =       128, nx1 =      17, elements =       256
Solve Time =   0.1247E-08
 
nelt =       2, np =       128, nx1 =      17, elements =       256
Solve Time =   0.1248E-08
 
nelt =       2, np =       128, nx1 =      17, elements =       256
Solve Time =   0.1246E-08
 
nelt =       2, np =       128, nx1 =      17, elements =       256
Solve Time =   0.1250E-08
 
nelt =       2, np =       128, nx1 =      17, elements =       256
Solve Time =   0.1246E-08
 
nelt =       2, np =       128, nx1 =      17, elements =       256
Solve Time =   0.1249E-08
 
nelt =       2, np =       128, nx1 =      17, elements =       256
Solve Time =   0.1248E-08
 
nelt =       2, np =       128, nx1 =      17, elements =       256
Solve Time =   0.1248E-08
 
nelt =       2, np =       128, nx1 =      17, elements =       256
Solve Time =   0.1254E-08
 17      256  3.7887E-04  3.7887E-04  3.7887E-04  error n
 17      256  3.7887E-04  3.7887E-04  3.7887E-04  error n
 17      256  3.7887E-04  3.7887E-04  3.7887E-04  error n
 17      256  3.7887E-04  3.7887E-04  3.7887E-04  error n
 17      256  3.7887E-04  3.7887E-04  3.7887E-04  error n
 17      256  3.7887E-04  3.7887E-04  3.7887E-04  error n
 17      256  3.7887E-04  3.7887E-04  3.7887E-04  error n
 17      256  3.7887E-04  3.7887E-04  3.7887E-04  error n
 17      256  3.7887E-04  3.7887E-04  3.7887E-04  error n
 17      256  3.7887E-04  3.7887E-04  3.7887E-04  error n
 17      256  3.7887E-04  3.7887E-04  3.7887E-04  error n
 17      256  3.7887E-04  3.7887E-04  3.7887E-04  error n
 17      256  3.7887E-04  3.7887E-04  3.7887E-04  error n
 17      256  3.7887E-04  3.7887E-04  3.7887E-04  error n
 17      256  3.7887E-04  3.7887E-04  3.7887E-04  error n
 17      256  3.7887E-04  3.7887E-04  3.7887E-04  error n
 17      256  3.7887E-04  3.7887E-04  3.7887E-04  error n
 17      256  3.7887E-04  3.7887E-04  3.7887E-04  error n
 17      256  3.7887E-04  3.7887E-04  3.7887E-04  error n
 17      256  3.7887E-04  3.7887E-04  3.7887E-04  error n
 17      256  3.7887E-04  3.7887E-04  3.7887E-04  error n
 17      256  3.7887E-04  3.7887E-04  3.7887E-04  error n
 17      256  3.7887E-04  3.7887E-04  3.7887E-04  error n
 17      256  3.7887E-04  3.7887E-04  3.7887E-04  error n
 17      256  3.7887E-04  3.7887E-04  3.7887E-04  error n
 17      256  3.7887E-04  3.7887E-04  3.7887E-04  error n
 17      256  3.7887E-04  3.7887E-04  3.7887E-04  error n
 17      256  3.7887E-04  3.7887E-04  3.7887E-04  error n
 17      256  3.7887E-04  3.7887E-04  3.7887E-04  error n
 17      256  3.7887E-04  3.7887E-04  3.7887E-04  error n
 17      256  3.7887E-04  3.7887E-04  3.7887E-04  error n
  16      256  100  0.0000E+00  0.0000E+00  0.0000E+00 time for 3 hmholtz
 17      256  3.7887E-04  3.7887E-04  3.7887E-04  error n
 17      256  3.7887E-04  3.7887E-04  3.7887E-04  error n
 17      256  3.7887E-04  3.7887E-04  3.7887E-04  error n
 17      256  3.7887E-04  3.7887E-04  3.7887E-04  error n
 17      256  3.7887E-04  3.7887E-04  3.7887E-04  error n
EXIT: quit after cggov         16
 17      256  3.7887E-04  3.7887E-04  3.7887E-04  error n
 17      256  3.7887E-04  3.7887E-04  3.7887E-04  error n
 17      256  3.7887E-04  3.7887E-04  3.7887E-04  error n
 17      256  3.7887E-04  3.7887E-04  3.7887E-04  error n
 17      256  3.7887E-04  3.7887E-04  3.7887E-04  error n
 17      256  3.7887E-04  3.7887E-04  3.7887E-04  error n
 17      256  3.7887E-04  3.7887E-04  3.7887E-04  error n
 17      256  3.7887E-04  3.7887E-04  3.7887E-04  error n
 17      256  3.7887E-04  3.7887E-04  3.7887E-04  error n
 17      256  3.7887E-04  3.7887E-04  3.7887E-04  error n
 17      256  3.7887E-04  3.7887E-04  3.7887E-04  error n
 17      256  3.7887E-04  3.7887E-04  3.7887E-04  error n
 17      256  3.7887E-04  3.7887E-04  3.7887E-04  error n
 17      256  3.7887E-04  3.7887E-04  3.7887E-04  error n
 17      256  3.7887E-04  3.7887E-04  3.7887E-04  error n
 17      256  3.7887E-04  3.7887E-04  3.7887E-04  error n
 17      256  3.7887E-04  3.7887E-04  3.7887E-04  error n
 17      256  3.7887E-04  3.7887E-04  3.7887E-04  error n
 17      256  3.7887E-04  3.7887E-04  3.7887E-04  error n
 17      256  3.7887E-04  3.7887E-04  3.7887E-04  error n
 17      256  3.7887E-04  3.7887E-04  3.7887E-04  error n
 17      256  3.7887E-04  3.7887E-04  3.7887E-04  error n
 17      256  3.7887E-04  3.7887E-04  3.7887E-04  error n
 17      256  3.7887E-04  3.7887E-04  3.7887E-04  error n
 17      256  3.7887E-04  3.7887E-04  3.7887E-04  error n
 17      256  3.7887E-04  3.7887E-04  3.7887E-04  error n
 17      256  3.7887E-04  3.7887E-04  3.7887E-04  error n
 17      256  3.7887E-04  3.7887E-04  3.7887E-04  error n
 17      256  3.7887E-04  3.7887E-04  3.7887E-04  error n
 17      256  3.7887E-04  3.7887E-04  3.7887E-04  error n
 17      256  3.7887E-04  3.7887E-04  3.7887E-04  error n
 17      256  3.7887E-04  3.7887E-04  3.7887E-04  error n
 17      256  3.7887E-04  3.7887E-04  3.7887E-04  error n
 17      256  3.7887E-04  3.7887E-04  3.7887E-04  error n
 17      256  3.7887E-04  3.7887E-04  3.7887E-04  error n
 17      256  3.7887E-04  3.7887E-04  3.7887E-04  error n
 17      256  3.7887E-04  3.7887E-04  3.7887E-04  error n
 17      256  3.7887E-04  3.7887E-04  3.7887E-04  error n
 17      256  3.7887E-04  3.7887E-04  3.7887E-04  error n
 17      256  3.7887E-04  3.7887E-04  3.7887E-04  error n
 17      256  3.7887E-04  3.7887E-04  3.7887E-04  error n
 17      256  3.7887E-04  3.7887E-04  3.7887E-04  error n
 17      256  3.7887E-04  3.7887E-04  3.7887E-04  error n
 17      256  3.7887E-04  3.7887E-04  3.7887E-04  error n
 17      256  3.7887E-04  3.7887E-04  3.7887E-04  error n
 17      256  3.7887E-04  3.7887E-04  3.7887E-04  error n
 17      256  3.7887E-04  3.7887E-04  3.7887E-04  error n
 17      256  3.7887E-04  3.7887E-04  3.7887E-04  error n
 17      256  3.7887E-04  3.7887E-04  3.7887E-04  error n
 17      256  3.7887E-04  3.7887E-04  3.7887E-04  error n
 17      256  3.7887E-04  3.7887E-04  3.7887E-04  error n
 17      256  3.7887E-04  3.7887E-04  3.7887E-04  error n
 17      256  3.7887E-04  3.7887E-04  3.7887E-04  error n
 17      256  3.7887E-04  3.7887E-04  3.7887E-04  error n
 17      256  3.7887E-04  3.7887E-04  3.7887E-04  error n
 17      256  3.7887E-04  3.7887E-04  3.7887E-04  error n
 17      256  3.7887E-04  3.7887E-04  3.7887E-04  error n
 17      256  3.7887E-04  3.7887E-04  3.7887E-04  error n
 17      256  3.7887E-04  3.7887E-04  3.7887E-04  error n
 17      256  3.7887E-04  3.7887E-04  3.7887E-04  error n
 17      256  3.7887E-04  3.7887E-04  3.7887E-04  error n
 17      256  3.7887E-04  3.7887E-04  3.7887E-04  error n
 17      256  3.7887E-04  3.7887E-04  3.7887E-04  error n
 17      256  3.7887E-04  3.7887E-04  3.7887E-04  error n
 17      256  3.7887E-04  3.7887E-04  3.7887E-04  error n
 17      256  3.7887E-04  3.7887E-04  3.7887E-04  error n
 17      256  3.7887E-04  3.7887E-04  3.7887E-04  error n
 17      256  3.7887E-04  3.7887E-04  3.7887E-04  error n
 17      256  3.7887E-04  3.7887E-04  3.7887E-04  error n
 17      256  3.7887E-04  3.7887E-04  3.7887E-04  error n
 17      256  3.7887E-04  3.7887E-04  3.7887E-04  error n
 17      256  3.7887E-04  3.7887E-04  3.7887E-04  error n
 17      256  3.7887E-04  3.7887E-04  3.7887E-04  error n
 17      256  3.7887E-04  3.7887E-04  3.7887E-04  error n
 17      256  3.7887E-04  3.7887E-04  3.7887E-04  error n
 17      256  3.7887E-04  3.7887E-04  3.7887E-04  error n
 17      256  3.7887E-04  3.7887E-04  3.7887E-04  error n
 17      256  3.7887E-04  3.7887E-04  3.7887E-04  error n
 17      256  3.7887E-04  3.7887E-04  3.7887E-04  error n
 17      256  3.7887E-04  3.7887E-04  3.7887E-04  error n
 17      256  3.7887E-04  3.7887E-04  3.7887E-04  error n
 17      256  3.7887E-04  3.7887E-04  3.7887E-04  error n
 17      256  3.7887E-04  3.7887E-04  3.7887E-04  error n
 17      256  3.7887E-04  3.7887E-04  3.7887E-04  error n
 17      256  3.7887E-04  3.7887E-04  3.7887E-04  error n
 17      256  3.7887E-04  3.7887E-04  3.7887E-04  error n
 17      256  3.7887E-04  3.7887E-04  3.7887E-04  error n
 17      256  3.7887E-04  3.7887E-04  3.7887E-04  error n
 17      256  3.7887E-04  3.7887E-04  3.7887E-04  error n
 17      256  3.7887E-04  3.7887E-04  3.7887E-04  error n
 17      256  3.7887E-04  3.7887E-04  3.7887E-04  error n
 17      256  3.7887E-04  3.7887E-04  3.7887E-04  error n
  
call exitt: dying ...
  
backtrace(): obtained 8 stack frames.
./nek5000() [0x7836f5]
./nek5000() [0x967469]
./nek5000() [0x40e0fc]
./nek5000() [0x4276f6]
./nek5000() [0x425cae]
./nek5000() [0x4054fe]
/lib64/libc.so.6(__libc_start_main+0xf5) [0x2aaab1ca3b25]
./nek5000() [0x405409]
  
total elapsed time             :   2.94049E+02 sec
total solver time incl. I/O    :   0.00000E+00 sec
time/timestep                  :   0.00000E+00 sec
CPU seconds/timestep/gridpt    :   0.00000E+00 sec

Application 2259260 resources: utime ~37402s, stime ~252s, Rss ~73484, inblocks ~0, outblocks ~0
