/----------------------------------------------------------\\
|      _   __ ______ __ __  ______  ____   ____   ____     |
|     / | / // ____// //_/ / ____/ / __ \\/ __ \\/ __ \\   |
|    /  |/ // __/  / ,<   /___ \\ / / / // / / // / / /    |
|   / /|  // /___ / /| | ____/ / / /_/ // /_/ // /_/ /     |
|  /_/ |_//_____//_/ |_|/_____/  \\___/ \\___/ \\___/      |
|                                                          |
|----------------------------------------------------------|
|                                                          |
| NEK5000:  Open Source Spectral Element Solver            |
| COPYRIGHT (c) 2008-2016 UCHICAGO ARGONNE, LLC            |
| Version:  16.0.0                                         |
| Web:      http://nek5000.mcs.anl.gov                     |
|                                                          |
\\----------------------------------------------------------/
                                                              

 Number of processors:        4096
 REAL    wdsize      :           8
 INTEGER wdsize      :           4
 Timer accuracy      : 4.77E-07
 Reading /gpfs/theta-fs1/home/thilina/env/lx17/b13.rea                                                                                       

 mapping elements to processors
 Reading /gpfs/theta-fs1/home/thilina/env/lx17/b13.map                                                                                       
 element load imbalance:            0           2           2
 done :: mapping elements to processors
  
           0  objects found
 118   Parameters from file:
   1      1.00000     p001 DENSITY
   2     -100.000     p002 VISCOS
   7      1.00000     p007 RHOCP
   8      1.00000     p008 CONDUCT
  11      1.00        p011 NSTEPS
  12    -0.500000E-02 p012 DT
  21     0.100000E-05 p021 DIVERGENCE
  22     0.100000E-07 p022 HELMHOLTZ
  24     0.100000E-09 p024 TOLREL
  25     0.100000E-09 p025 TOLABS
  26     0.250000     p026 COURANT/NTAU
  27      2.00000     p027 TORDER
  66      6.00000     p066 output : <0=ascii, else binary
  67      6.00000     p067 restart: <0=ascii, else binary
  99      3.00000     p099 dealiasing: <0--> off/3--> old/4--> new
 103     0.500000E-01 p103 weight of stabilizing filter (.01)
  
 nelgt/nelgv/lelt:        8192        8192         100
 lx1  /lx2  /lx3 :          17          17          17
 done :: read .rea file    191.36     sec

 setup mesh topology
   Right-handed check complete for    8192 elements. OK.
   setvert3d:  17     6239412    33887412     6239412     6239412
 call usrsetvert
 done :: usrsetvert

gs_setup: 4722137 unique labels shared
   pairwise times (avg, min, max): 0.000209167 0.000165796 0.000244498
   crystal router                : 0.000875482 0.000859714 0.000891519
   used all_to_all method: pairwise
   handle bytes (avg, min, max): 69421 40652 73532
   buffer bytes (avg, min, max): 46147.6 23664 49568
   setupds time 2.4057E-01 seconds   0 17     6239412        8192
           8  max multiplicity
 done :: setup mesh topology
  
 call usrdat
 done :: usrdat

 generate geometry data
 done :: generate geometry data
  
 call usrdat2
 done :: usrdat2

 regenerate geometry data           1
 NOTE: All elements deformed , param(59) ^=0
 done :: regenerate geometry data           1
  
 verify mesh topology
  0.000000000000000E+000   1.00000000000000       Xrange
  0.000000000000000E+000   1.00000000000000       Yrange
  0.000000000000000E+000   1.00000000000000       Zrange
 done :: verify mesh topology
  
 IFTRAN   = T
 IFFLOW   = T
 IFHEAT   = F
 IFSPLIT  = T
 IFLOMACH = F
 IFUSERVP = F
 IFUSERMV = F
 IFSTRS   = F
 IFCHAR   = F
 IFCYCLIC = F
 IFAXIS   = F
 IFMVBD   = F
 IFMELT   = F
 IFMODEL  = F
 IFKEPS   = F
 IFMOAB   = F
 IFNEKNEK = F
 IFSYNC   = T
   
 IFVCOR   = T
 IFINTQ   = F
 IFCWUZ   = F
 IFSWALL  = F
 IFGEOM   = F
 IFSURT   = F
 IFWCNO   = F
   
 IFTMSH for field           1    =  F
 IFADVC for field           1    =  T
 IFNONL for field           1    =  F
   
 Dealiasing enabled, lxd=          25
  
 Estimated eigenvalues
 EIGAA =    9.86960440108936     
 EIGGA =    30953722.1720346     
 EIGAE =    9.86960440108936     
 EIGAS =   8.333333333333333E-002
 EIGGE =    30953722.1720346     
 EIGGS =    2.00000000000000     
  
 verify mesh topology
  0.000000000000000E+000   1.00000000000000       Xrange
  0.000000000000000E+000   1.00000000000000       Yrange
  0.000000000000000E+000   1.00000000000000       Zrange
 done :: verify mesh topology
  
  E-solver strategy:  0 itr
 mg_nx:           1           9          16
 mg_ny:           1           9          16
 mg_nz:           1           9          16
 call usrsetvert
 done :: usrsetvert

gs_setup: 9497 unique labels shared
   pairwise times (avg, min, max): 0.000117461 9.81092e-05 0.000138998
   crystal router                : 0.000171497 0.000163889 0.000174403
   all reduce                    : 0.00114096 0.0011312 0.0011502
   used all_to_all method: pairwise
   handle bytes (avg, min, max): 1501.03 812 1652
   buffer bytes (avg, min, max): 967.594 384 1088
   setupds time 4.2641E-02 seconds   1  2        9537        8192
   setvert3d:   4      167437      232973      167437      167437
 call usrsetvert
 done :: usrsetvert

gs_setup: 138649 unique labels shared
   pairwise times (avg, min, max): 0.000125947 9.83e-05 0.000180316
   crystal router                : 0.000258723 0.000247812 0.000262904
   used all_to_all method: pairwise
   handle bytes (avg, min, max): 4083.03 2380 4372
   buffer bytes (avg, min, max): 3091.59 1408 3392
   setupds time 2.1283E-02 seconds   2  4      167437        8192
   setvert3d:  10     1883137     6077441     1883137     1883137
 call usrsetvert
 done :: usrsetvert

gs_setup: 1447705 unique labels shared
   pairwise times (avg, min, max): 0.000174095 0.000143099 0.000198913
   crystal router                : 0.000444104 0.000437188 0.000458384
   used all_to_all method: pairwise
   handle bytes (avg, min, max): 23781 13996 25204
   buffer bytes (avg, min, max): 16663.6 8320 17984
   setupds time 1.2731E-01 seconds   3 10     1883137        8192
   setvert3d:  12     2869037    11061037     2869037     2869037
 call usrsetvert
 done :: usrsetvert

gs_setup: 2191257 unique labels shared
   pairwise times (avg, min, max): 0.000174895 0.000139594 0.000200105
   crystal router                : 0.000575456 0.000563884 0.00059731
   used all_to_all method: pairwise
   handle bytes (avg, min, max): 34331 20172 36372
   buffer bytes (avg, min, max): 23587.6 11904 25408
   setupds time 1.5638E-01 seconds   4 12     2869037        8192
 regenerate geometry data           1
 NOTE: All elements deformed , param(59) ^=0
 done :: regenerate geometry data           1
  
 h1_mg_nx:           1           3          16
 h1_mg_ny:           1           3          16
 h1_mg_nz:           1           3          16
 call usrsetvert
 done :: usrsetvert

gs_setup: 9497 unique labels shared
   pairwise times (avg, min, max): 0.000118444 9.57966e-05 0.000143218
   crystal router                : 0.000201637 0.000193787 0.000207806
   all reduce                    : 0.00113179 0.00112412 0.0011451
   used all_to_all method: pairwise
   handle bytes (avg, min, max): 1501.03 812 1652
   buffer bytes (avg, min, max): 967.594 384 1088
   setupds time 4.7238E-02 seconds   5  2        9537        8192
   setvert3d:   4      167437      232973      167437      167437
 call usrsetvert
 done :: usrsetvert

gs_setup: 138649 unique labels shared
   pairwise times (avg, min, max): 0.00011921 9.49144e-05 0.000153208
   crystal router                : 0.000202904 0.000198102 0.000213289
   used all_to_all method: pairwise
   handle bytes (avg, min, max): 4083.03 2380 4372
   buffer bytes (avg, min, max): 3091.59 1408 3392
   setupds time 2.0951E-02 seconds   6  4      167437        8192
   setvert3d:   4      167437      232973      167437      167437
 call usrsetvert
 done :: usrsetvert

gs_setup: 138649 unique labels shared
   pairwise times (avg, min, max): 0.000117977 9.93013e-05 0.000137091
   crystal router                : 0.000193172 0.000187683 0.000208902
   used all_to_all method: pairwise
   handle bytes (avg, min, max): 4083.03 2380 4372
   buffer bytes (avg, min, max): 3091.59 1408 3392
   setupds time 1.8571E-02 seconds   7  4      167437        8192
   setvert3d:   6      532337     1056625      532337      532337
 call usrsetvert
 done :: usrsetvert

gs_setup: 421401 unique labels shared
   pairwise times (avg, min, max): 0.000156661 0.000128293 0.000180387
   crystal router                : 0.000307712 0.00030129 0.000318503
   used all_to_all method: pairwise
   handle bytes (avg, min, max): 8657.03 5100 9204
   buffer bytes (avg, min, max): 6415.59 3072 6976
   setupds time 6.5627E-02 seconds   8  6      532337        8192
   setvert3d:  17     6239412    33887412     6239412     6239412
 call usrsetvert
 done :: usrsetvert

gs_setup: 4722137 unique labels shared
   pairwise times (avg, min, max): 0.000191945 0.000158095 0.000218701
   crystal router                : 0.000941462 0.000925398 0.000956106
   used all_to_all method: pairwise
   handle bytes (avg, min, max): 69421 40652 73532
   buffer bytes (avg, min, max): 46147.6 23664 49568
   setupds time 2.0622E-01 seconds   9 17     6239412        8192
   setvert3d:  19     7949812    48197108     7949812     7949812
 call usrsetvert
 done :: usrsetvert

gs_setup: 6003289 unique labels shared
   pairwise times (avg, min, max): 0.000193252 0.000159097 0.0002244
   crystal router                : 0.00100747 0.000975299 0.0010313
   used all_to_all method: pairwise
   handle bytes (avg, min, max): 86943 50860 92092
   buffer bytes (avg, min, max): 57271.6 29488 61472
   setupds time 2.2855E-01 seconds  10 19     7949812        8192
 setup h1 coarse grid, nx_crs=           2
 call usrsetvert
 done :: usrsetvert

gs_setup: 9497 unique labels shared
   pairwise times (avg, min, max): 0.000113224 9.16958e-05 0.000134611
   crystal router                : 0.000165836 0.000163603 0.000170088
   all reduce                    : 0.00110939 0.0011008 0.00111918
   used all_to_all method: pairwise
   handle bytes (avg, min, max): 1501.03 812 1652
   buffer bytes (avg, min, max): 967.594 384 1088
 done :: setup h1 coarse grid   0.442022085189819       sec
  
 call usrdat3
 done :: usrdat3

 set initial conditions
 nekuic (1) for ifld            1
 call nekuic for vel  
 xyz min     0.0000       0.0000       0.0000    
 uvwpt min   0.0000       0.0000       0.0000       0.0000       0.0000    
 PS min      0.0000       0.0000      0.99000E+22
 xyz max     1.0000       1.0000       1.0000    
 uvwpt max   0.0000       0.0000       0.0000       0.0000       0.0000    
 PS max      0.0000       0.0000     -0.99000E+22
 done :: set initial conditions
  
 call userchk
GFM max:  1.0830E-04  1.0830E-04  4.3318E-04  6.0172E-17  2.3641E-16  2.3641E-16
 
nelt =       2, np =      4096, nx1 =      17, elements =      8192
Solve Time =   0.3903E-10
 
nelt =       2, np =      4096, nx1 =      17, elements =      8192
Solve Time =   0.3910E-10
 
nelt =       2, np =      4096, nx1 =      17, elements =      8192
Solve Time =   0.3879E-10
 
nelt =       2, np =      4096, nx1 =      17, elements =      8192
Solve Time =   0.3907E-10
 
nelt =       2, np =      4096, nx1 =      17, elements =      8192
Solve Time =   0.3836E-10
 
nelt =       2, np =      4096, nx1 =      17, elements =      8192
Solve Time =   0.3911E-10
 
nelt =       2, np =      4096, nx1 =      17, elements =      8192
Solve Time =   0.3898E-10
 
nelt =       2, np =      4096, nx1 =      17, elements =      8192
Solve Time =   0.3895E-10
 
nelt =       2, np =      4096, nx1 =      17, elements =      8192
Solve Time =   0.3924E-10
 
nelt =       2, np =      4096, nx1 =      17, elements =      8192
Solve Time =   0.3892E-10
 
nelt =       2, np =      4096, nx1 =      17, elements =      8192
Solve Time =   0.3144E-10
 
nelt =       2, np =      4096, nx1 =      17, elements =      8192
Solve Time =   0.3071E-10
 
nelt =       2, np =      4096, nx1 =      17, elements =      8192
Solve Time =   0.3111E-10
 
nelt =       2, np =      4096, nx1 =      17, elements =      8192
Solve Time =   0.3105E-10
 
nelt =       2, np =      4096, nx1 =      17, elements =      8192
Solve Time =   0.3066E-10
 
nelt =       2, np =      4096, nx1 =      17, elements =      8192
Solve Time =   0.3094E-10
 
nelt =       2, np =      4096, nx1 =      17, elements =      8192
Solve Time =   0.3089E-10
 
nelt =       2, np =      4096, nx1 =      17, elements =      8192
Solve Time =   0.3079E-10
 
nelt =       2, np =      4096, nx1 =      17, elements =      8192
Solve Time =   0.3114E-10
 
nelt =       2, np =      4096, nx1 =      17, elements =      8192
Solve Time =   0.3062E-10
 
nelt =       2, np =      4096, nx1 =      17, elements =      8192
Solve Time =   0.3590E-10
 
nelt =       2, np =      4096, nx1 =      17, elements =      8192
Solve Time =   0.3541E-10
 
nelt =       2, np =      4096, nx1 =      17, elements =      8192
Solve Time =   0.3557E-10
 
nelt =       2, np =      4096, nx1 =      17, elements =      8192
Solve Time =   0.3566E-10
 
nelt =       2, np =      4096, nx1 =      17, elements =      8192
Solve Time =   0.3533E-10
 
nelt =       2, np =      4096, nx1 =      17, elements =      8192
Solve Time =   0.3592E-10
 
nelt =       2, np =      4096, nx1 =      17, elements =      8192
Solve Time =   0.3567E-10
 
nelt =       2, np =      4096, nx1 =      17, elements =      8192
Solve Time =   0.3612E-10
 
nelt =       2, np =      4096, nx1 =      17, elements =      8192
Solve Time =   0.3514E-10
 
nelt =       2, np =      4096, nx1 =      17, elements =      8192
Solve Time =   0.3590E-10
 
nelt =       2, np =      4096, nx1 =      17, elements =      8192
Solve Time =   0.4001E-10
 
nelt =       2, np =      4096, nx1 =      17, elements =      8192
Solve Time =   0.3991E-10
 
nelt =       2, np =      4096, nx1 =      17, elements =      8192
Solve Time =   0.4000E-10
 
nelt =       2, np =      4096, nx1 =      17, elements =      8192
Solve Time =   0.3977E-10
 
nelt =       2, np =      4096, nx1 =      17, elements =      8192
Solve Time =   0.4035E-10
 
nelt =       2, np =      4096, nx1 =      17, elements =      8192
Solve Time =   0.3980E-10
 
nelt =       2, np =      4096, nx1 =      17, elements =      8192
Solve Time =   0.4029E-10
 
nelt =       2, np =      4096, nx1 =      17, elements =      8192
Solve Time =   0.3950E-10
 
nelt =       2, np =      4096, nx1 =      17, elements =      8192
Solve Time =   0.4024E-10
 
nelt =       2, np =      4096, nx1 =      17, elements =      8192
Solve Time =   0.3917E-10
 
nelt =       2, np =      4096, nx1 =      17, elements =      8192
Solve Time =   0.4421E-10
 
nelt =       2, np =      4096, nx1 =      17, elements =      8192
Solve Time =   0.4319E-10
 
nelt =       2, np =      4096, nx1 =      17, elements =      8192
Solve Time =   0.4382E-10
 
nelt =       2, np =      4096, nx1 =      17, elements =      8192
Solve Time =   0.4319E-10
 
nelt =       2, np =      4096, nx1 =      17, elements =      8192
Solve Time =   0.4373E-10
 
nelt =       2, np =      4096, nx1 =      17, elements =      8192
Solve Time =   0.4347E-10
 
nelt =       2, np =      4096, nx1 =      17, elements =      8192
Solve Time =   0.4385E-10
 
nelt =       2, np =      4096, nx1 =      17, elements =      8192
Solve Time =   0.4392E-10
 
nelt =       2, np =      4096, nx1 =      17, elements =      8192
Solve Time =   0.4311E-10
 
nelt =       2, np =      4096, nx1 =      17, elements =      8192
Solve Time =   0.4402E-10
 schfile:
 /gpfs/theta-fs1/home/thilina/env/lx17/b13.sch                                  
                                                      
Application 2260844 exit codes: 1
Application 2260844 resources: utime ~459117s, stime ~972s, Rss ~77740, inblocks ~0, outblocks ~0
