/----------------------------------------------------------\\
|      _   __ ______ __ __  ______  ____   ____   ____     |
|     / | / // ____// //_/ / ____/ / __ \\/ __ \\/ __ \\   |
|    /  |/ // __/  / ,<   /___ \\ / / / // / / // / / /    |
|   / /|  // /___ / /| | ____/ / / /_/ // /_/ // /_/ /     |
|  /_/ |_//_____//_/ |_|/_____/  \\___/ \\___/ \\___/      |
|                                                          |
|----------------------------------------------------------|
|                                                          |
| NEK5000:  Open Source Spectral Element Solver            |
| COPYRIGHT (c) 2008-2016 UCHICAGO ARGONNE, LLC            |
| Version:  16.0.0                                         |
| Web:      http://nek5000.mcs.anl.gov                     |
|                                                          |
\\----------------------------------------------------------/
                                                              

 Number of processors:       16384
 REAL    wdsize      :           8
 INTEGER wdsize      :           4
 Timer accuracy      : 2.15E-07
 Reading /gpfs/theta-fs1/home/thilina/env/lx17/b15.rea                                                                                       

 mapping elements to processors
 Reading /gpfs/theta-fs1/home/thilina/env/lx17/b15.map                                                                                       
 element load imbalance:            0           2           2
 done :: mapping elements to processors
  
           0  objects found
 118   Parameters from file:
   1      1.00000     p001 DENSITY
   2     -100.000     p002 VISCOS
   7      1.00000     p007 RHOCP
   8      1.00000     p008 CONDUCT
  11      1.00        p011 NSTEPS
  12    -0.500000E-02 p012 DT
  21     0.100000E-05 p021 DIVERGENCE
  22     0.100000E-07 p022 HELMHOLTZ
  24     0.100000E-09 p024 TOLREL
  25     0.100000E-09 p025 TOLABS
  26     0.250000     p026 COURANT/NTAU
  27      2.00000     p027 TORDER
  66      6.00000     p066 output : <0=ascii, else binary
  67      6.00000     p067 restart: <0=ascii, else binary
  99      3.00000     p099 dealiasing: <0--> off/3--> old/4--> new
 103     0.500000E-01 p103 weight of stabilizing filter (.01)
  
 nelgt/nelgv/lelt:       32768       32768         100
 lx1  /lx2  /lx3 :          17          17          17
 done :: read .rea file    2583.2     sec

 setup mesh topology
   Right-handed check complete for   32768 elements. OK.
   setvert3d:  17    24439797   135031797    24439797    24439797
 call usrsetvert
 done :: usrsetvert

gs_setup: 19952473 unique labels shared
   pairwise times (avg, min, max): 0.00027225 0.000201917 0.000352192
   crystal router                : 0.00113719 0.0011198 0.00116999
   used all_to_all method: pairwise
   handle bytes (avg, min, max): 71936.6 40332 80236
   buffer bytes (avg, min, max): 48823.4 23120 60080
   setupds time 4.1573E-01 seconds   0 17    24439797       32768
           8  max multiplicity
 done :: setup mesh topology
  
 call usrdat
 done :: usrdat

 generate geometry data
 done :: generate geometry data
  
 call usrdat2
 done :: usrdat2

 regenerate geometry data           1
 NOTE: All elements deformed , param(59) ^=0
 done :: regenerate geometry data           1
  
 verify mesh topology
  0.000000000000000E+000   1.00000000000000       Xrange
  0.000000000000000E+000   1.00000000000000       Yrange
  0.000000000000000E+000   1.00000000000000       Zrange
 done :: verify mesh topology
  
 IFTRAN   = T
 IFFLOW   = T
 IFHEAT   = F
 IFSPLIT  = T
 IFLOMACH = F
 IFUSERVP = F
 IFUSERMV = F
 IFSTRS   = F
 IFCHAR   = F
 IFCYCLIC = F
 IFAXIS   = F
 IFMVBD   = F
 IFMELT   = F
 IFMODEL  = F
 IFKEPS   = F
 IFMOAB   = F
 IFNEKNEK = F
 IFSYNC   = T
   
 IFVCOR   = T
 IFINTQ   = F
 IFCWUZ   = F
 IFSWALL  = F
 IFGEOM   = F
 IFSURT   = F
 IFWCNO   = F
   
 IFTMSH for field           1    =  F
 IFADVC for field           1    =  T
 IFNONL for field           1    =  F
   
 Dealiasing enabled, lxd=          25
  
 Estimated eigenvalues
 EIGAA =    9.86960440108936     
 EIGGA =    92671626.1566433     
 EIGAE =    9.86960440108936     
 EIGAS =   8.333333333333333E-002
 EIGGE =    92671626.1566433     
 EIGGS =    2.00000000000000     
  
 verify mesh topology
  0.000000000000000E+000   1.00000000000000       Xrange
  0.000000000000000E+000   1.00000000000000       Yrange
  0.000000000000000E+000   1.00000000000000       Zrange
 done :: verify mesh topology
  
  E-solver strategy:  0 itr
 mg_nx:           1           9          16
 mg_ny:           1           9          16
 mg_nz:           1           9          16
 call usrsetvert
 done :: usrsetvert

gs_setup: 35863 unique labels shared
   pairwise times (avg, min, max): 0.000130399 9.77039e-05 0.000162888
   crystal router                : 0.000272037 0.00026691 0.000292802
   all reduce                    : 0.00231221 0.00230129 0.00232849
   used all_to_all method: pairwise
   handle bytes (avg, min, max): 1513.73 732 1892
   buffer bytes (avg, min, max): 993.23 320 1312
   setupds time 9.1414E-02 seconds   1  2       35937       32768
   setvert3d:   4      650993      913137      650993      650993
 call usrsetvert
 done :: usrsetvert

gs_setup: 567315 unique labels shared
   pairwise times (avg, min, max): 0.000129709 9.7394e-05 0.000164199
   crystal router                : 0.000296848 0.00028801 0.000317597
   used all_to_all method: pairwise
   handle bytes (avg, min, max): 4164.98 2268 4820
   buffer bytes (avg, min, max): 3221.96 1280 4128
   setupds time 3.5360E-02 seconds   2  4      650993       32768
   setvert3d:  10     7367777    24144993     7367777     7367777
 call usrsetvert
 done :: usrsetvert

gs_setup: 6083079 unique labels shared
   pairwise times (avg, min, max): 0.000222043 0.000170994 0.000286698
   crystal router                : 0.000544262 0.000532913 0.000564885
   used all_to_all method: pairwise
   handle bytes (avg, min, max): 24559 13788 27508
   buffer bytes (avg, min, max): 17567.1 8000 21888
   setupds time 1.3621E-01 seconds   3 10     7367777       32768
   setvert3d:  12    11230577    43998577    11230577    11230577
 call usrsetvert
 done :: usrsetvert

gs_setup: 9228803 unique labels shared
   pairwise times (avg, min, max): 0.000223143 0.000174904 0.000279021
   crystal router                : 0.000655338 0.000644898 0.000674295
   used all_to_all method: pairwise
   handle bytes (avg, min, max): 35503.7 19932 39684
   buffer bytes (avg, min, max): 24901.9 11520 30880
   setupds time 1.4535E-01 seconds   4 12    11230577       32768
 regenerate geometry data           1
 NOTE: All elements deformed , param(59) ^=0
 done :: regenerate geometry data           1
  
 h1_mg_nx:           1           3          16
 h1_mg_ny:           1           3          16
 h1_mg_nz:           1           3          16
 call usrsetvert
 done :: usrsetvert

gs_setup: 35863 unique labels shared
   pairwise times (avg, min, max): 0.000129697 9.67026e-05 0.000159502
   crystal router                : 0.000239492 0.0002249 0.000249815
   all reduce                    : 0.00227644 0.0022558 0.0022929
   used all_to_all method: pairwise
   handle bytes (avg, min, max): 1513.73 732 1892
   buffer bytes (avg, min, max): 993.23 320 1312
   setupds time 5.8129E-02 seconds   5  2       35937       32768
   setvert3d:   4      650993      913137      650993      650993
 call usrsetvert
 done :: usrsetvert

gs_setup: 567315 unique labels shared
   pairwise times (avg, min, max): 0.000125429 9.83e-05 0.000155282
   crystal router                : 0.000291849 0.000279188 0.000308919
   used all_to_all method: pairwise
   handle bytes (avg, min, max): 4164.98 2268 4820
   buffer bytes (avg, min, max): 3221.96 1280 4128
   setupds time 3.5243E-02 seconds   6  4      650993       32768
   setvert3d:   4      650993      913137      650993      650993
 call usrsetvert
 done :: usrsetvert

gs_setup: 567315 unique labels shared
   pairwise times (avg, min, max): 0.000127091 9.21011e-05 0.000162411
   crystal router                : 0.000299448 0.000288296 0.0003124
   used all_to_all method: pairwise
   handle bytes (avg, min, max): 4164.98 2268 4820
   buffer bytes (avg, min, max): 3221.96 1280 4128
   setupds time 2.9339E-02 seconds   7  4      650993       32768
   setvert3d:   6     2077985     4175137     2077985     2077985
 call usrsetvert
 done :: usrsetvert

gs_setup: 1752335 unique labels shared
   pairwise times (avg, min, max): 0.000153639 0.000115585 0.000188589
   crystal router                : 0.00038811 0.000375199 0.000397992
   used all_to_all method: pairwise
   handle bytes (avg, min, max): 8889.61 4956 10068
   buffer bytes (avg, min, max): 6727.18 2880 8512
   setupds time 1.0106E-01 seconds   8  6     2077985       32768
   setvert3d:  17    24439797   135031797    24439797    24439797
 call usrsetvert
 done :: usrsetvert

gs_setup: 19952473 unique labels shared
   pairwise times (avg, min, max): 0.000244473 0.000187993 0.000348401
   crystal router                : 0.00124009 0.0012177 0.0012722
   used all_to_all method: pairwise
   handle bytes (avg, min, max): 71936.6 40332 80236
   buffer bytes (avg, min, max): 48823.4 23120 60080
   setupds time 3.0584E-01 seconds   9 17    24439797       32768
   setvert3d:  19    31144373   192133557    31144373    31144373
 call usrsetvert
 done :: usrsetvert

gs_setup: 25385685 unique labels shared
   pairwise times (avg, min, max): 0.000252832 0.000187612 0.000399494
   crystal router                : 0.00133906 0.0013186 0.00136561
   used all_to_all method: pairwise
   handle bytes (avg, min, max): 90138.2 50508 100492
   buffer bytes (avg, min, max): 60625.8 28880 74448
   setupds time 3.2834E-01 seconds  10 19    31144373       32768
 setup h1 coarse grid, nx_crs=           2
 call usrsetvert
 done :: usrsetvert

gs_setup: 35863 unique labels shared
   pairwise times (avg, min, max): 0.00012067 9.04083e-05 0.000151014
   crystal router                : 0.000224781 0.000202584 0.0002316
   all reduce                    : 0.00237859 0.0023658 0.00240419
   used all_to_all method: pairwise
   handle bytes (avg, min, max): 1513.73 732 1892
   buffer bytes (avg, min, max): 993.23 320 1312
 done :: setup h1 coarse grid    2.13650083541870       sec
  
 call usrdat3
 done :: usrdat3

 set initial conditions
 nekuic (1) for ifld            1
 call nekuic for vel  
 xyz min     0.0000       0.0000       0.0000    
 uvwpt min   0.0000       0.0000       0.0000       0.0000       0.0000    
 PS min      0.0000       0.0000      0.99000E+22
 xyz max     1.0000       1.0000       1.0000    
 uvwpt max   0.0000       0.0000       0.0000       0.0000       0.0000    
 PS max      0.0000       0.0000     -0.99000E+22
 done :: set initial conditions
  
 call userchk
GFM max:  1.0830E-04  1.0830E-04  1.0830E-04  1.1856E-16  1.1856E-16  1.1856E-16
 
nelt =       2, np =     16384, nx1 =      17, elements =     32768
Solve Time =   0.1179E-10
 
nelt =       2, np =     16384, nx1 =      17, elements =     32768
Solve Time =   0.1175E-10
 
nelt =       2, np =     16384, nx1 =      17, elements =     32768
Solve Time =   0.1152E-10
 
nelt =       2, np =     16384, nx1 =      17, elements =     32768
Solve Time =   0.1173E-10
 
nelt =       2, np =     16384, nx1 =      17, elements =     32768
Solve Time =   0.1166E-10
 
nelt =       2, np =     16384, nx1 =      17, elements =     32768
Solve Time =   0.1165E-10
 
nelt =       2, np =     16384, nx1 =      17, elements =     32768
Solve Time =   0.1151E-10
 
nelt =       2, np =     16384, nx1 =      17, elements =     32768
Solve Time =   0.1171E-10
 
nelt =       2, np =     16384, nx1 =      17, elements =     32768
Solve Time =   0.1155E-10
 
nelt =       2, np =     16384, nx1 =      17, elements =     32768
Solve Time =   0.1156E-10
 
nelt =       2, np =     16384, nx1 =      17, elements =     32768
Solve Time =   0.8525E-11
 
nelt =       2, np =     16384, nx1 =      17, elements =     32768
Solve Time =   0.8680E-11
 
nelt =       2, np =     16384, nx1 =      17, elements =     32768
Solve Time =   0.8524E-11
 
nelt =       2, np =     16384, nx1 =      17, elements =     32768
Solve Time =   0.8596E-11
 
nelt =       2, np =     16384, nx1 =      17, elements =     32768
Solve Time =   0.8546E-11
 
nelt =       2, np =     16384, nx1 =      17, elements =     32768
Solve Time =   0.8645E-11
 
nelt =       2, np =     16384, nx1 =      17, elements =     32768
Solve Time =   0.8530E-11
 
nelt =       2, np =     16384, nx1 =      17, elements =     32768
Solve Time =   0.8537E-11
 
nelt =       2, np =     16384, nx1 =      17, elements =     32768
Solve Time =   0.8621E-11
 
nelt =       2, np =     16384, nx1 =      17, elements =     32768
Solve Time =   0.8519E-11
 
nelt =       2, np =     16384, nx1 =      17, elements =     32768
Solve Time =   0.1007E-10
 
nelt =       2, np =     16384, nx1 =      17, elements =     32768
Solve Time =   0.1009E-10
 
nelt =       2, np =     16384, nx1 =      17, elements =     32768
Solve Time =   0.1012E-10
 
nelt =       2, np =     16384, nx1 =      17, elements =     32768
Solve Time =   0.1009E-10
 
nelt =       2, np =     16384, nx1 =      17, elements =     32768
Solve Time =   0.1031E-10
 
nelt =       2, np =     16384, nx1 =      17, elements =     32768
Solve Time =   0.1015E-10
 
nelt =       2, np =     16384, nx1 =      17, elements =     32768
Solve Time =   0.1012E-10
 
nelt =       2, np =     16384, nx1 =      17, elements =     32768
Solve Time =   0.9921E-11
 
nelt =       2, np =     16384, nx1 =      17, elements =     32768
Solve Time =   0.1009E-10
 
nelt =       2, np =     16384, nx1 =      17, elements =     32768
Solve Time =   0.1003E-10
 
nelt =       2, np =     16384, nx1 =      17, elements =     32768
Solve Time =   0.1130E-10
 
nelt =       2, np =     16384, nx1 =      17, elements =     32768
Solve Time =   0.1128E-10
 
nelt =       2, np =     16384, nx1 =      17, elements =     32768
Solve Time =   0.1149E-10
 
nelt =       2, np =     16384, nx1 =      17, elements =     32768
Solve Time =   0.1153E-10
 
nelt =       2, np =     16384, nx1 =      17, elements =     32768
Solve Time =   0.1156E-10
 
nelt =       2, np =     16384, nx1 =      17, elements =     32768
Solve Time =   0.1133E-10
 
nelt =       2, np =     16384, nx1 =      17, elements =     32768
Solve Time =   0.1140E-10
 
nelt =       2, np =     16384, nx1 =      17, elements =     32768
Solve Time =   0.1134E-10
 
nelt =       2, np =     16384, nx1 =      17, elements =     32768
Solve Time =   0.1138E-10
 
nelt =       2, np =     16384, nx1 =      17, elements =     32768
Solve Time =   0.1133E-10
 
nelt =       2, np =     16384, nx1 =      17, elements =     32768
Solve Time =   0.1265E-10
 
nelt =       2, np =     16384, nx1 =      17, elements =     32768
Solve Time =   0.1268E-10
 
nelt =       2, np =     16384, nx1 =      17, elements =     32768
Solve Time =   0.1279E-10
 
nelt =       2, np =     16384, nx1 =      17, elements =     32768
Solve Time =   0.1270E-10
 
nelt =       2, np =     16384, nx1 =      17, elements =     32768
Solve Time =   0.1261E-10
 
nelt =       2, np =     16384, nx1 =      17, elements =     32768
Solve Time =   0.1250E-10
 
nelt =       2, np =     16384, nx1 =      17, elements =     32768
Solve Time =   0.1260E-10
 
nelt =       2, np =     16384, nx1 =      17, elements =     32768
Solve Time =   0.1251E-10
 
nelt =       2, np =     16384, nx1 =      17, elements =     32768
Solve Time =   0.1252E-10
 
nelt =       2, np =     16384, nx1 =      17, elements =     32768
Solve Time =   0.1281E-10
 schfile:
 /gpfs/theta-fs1/home/thilina/env/lx17/b15.sch                                  
                                                      
Application 2261194 exit codes: 1
Application 2261194 resources: utime ~1839201s, stime ~2414s, Rss ~95808, inblocks ~0, outblocks ~0
