/----------------------------------------------------------\\
|      _   __ ______ __ __  ______  ____   ____   ____     |
|     / | / // ____// //_/ / ____/ / __ \\/ __ \\/ __ \\   |
|    /  |/ // __/  / ,<   /___ \\ / / / // / / // / / /    |
|   / /|  // /___ / /| | ____/ / / /_/ // /_/ // /_/ /     |
|  /_/ |_//_____//_/ |_|/_____/  \\___/ \\___/ \\___/      |
|                                                          |
|----------------------------------------------------------|
|                                                          |
| NEK5000:  Open Source Spectral Element Solver            |
| COPYRIGHT (c) 2008-2016 UCHICAGO ARGONNE, LLC            |
| Version:  16.0.0                                         |
| Web:      http://nek5000.mcs.anl.gov                     |
|                                                          |
\\----------------------------------------------------------/
                                                              

 Number of processors:           2
 REAL    wdsize      :           8
 INTEGER wdsize      :           4
 Timer accuracy      : 2.86E-07
 Reading /gpfs/theta-fs1/home/thilina/env/lx5/b5.rea                                                                                         

 mapping elements to processors
 Reading /gpfs/theta-fs1/home/thilina/env/lx5/b5.map                                                                                         
           0          16          16          32          32  NELV
           1          16          16          32          32  NELV
 RANK     0 IEG      17      18      19      20      21      22      23      24
                     25      26      27      28      29      30      31      32
 element load imbalance:            0          16          16
 done :: mapping elements to processors
  
           0  objects found
 118   Parameters from file:
   1      1.00000     p001 DENSITY
   2     -100.000     p002 VISCOS
   7      1.00000     p007 RHOCP
   8      1.00000     p008 CONDUCT
  11      1.00        p011 NSTEPS
  12    -0.500000E-02 p012 DT
  21     0.100000E-05 p021 DIVERGENCE
  22     0.100000E-07 p022 HELMHOLTZ
  24     0.100000E-09 p024 TOLREL
  25     0.100000E-09 p025 TOLABS
  26     0.250000     p026 COURANT/NTAU
  27      2.00000     p027 TORDER
  66      6.00000     p066 output : <0=ascii, else binary
  67      6.00000     p067 restart: <0=ascii, else binary
  99      3.00000     p099 dealiasing: <0--> off/3--> old/4--> new
 103     0.500000E-01 p103 weight of stabilizing filter (.01)
  
 nelgt/nelgv/lelt:          32          32         100
 lx1  /lx2  /lx3 :           5           5           5
 done :: read .rea file   0.29905E-01 sec

 setup mesh topology
   Right-handed check complete for      32 elements. OK.
   setvert3d:   5        1737        2601        1737        1737
 call usrsetvert
 done :: usrsetvert

gs_setup: 153 unique labels shared
   pairwise times (avg, min, max): 3.40939e-06 3.40939e-06 3.40939e-06
   crystal router                : 2.09808e-06 2.09808e-06 2.09808e-06
   all reduce                    : 1.15395e-05 1.14918e-05 1.15871e-05
   used all_to_all method: crystal router
   handle bytes (avg, min, max): 24076 24076 24076
   buffer bytes (avg, min, max): 4896 4896 4896
   setupds time 4.8809E-03 seconds   0  5        1737          32
           8  max multiplicity
 done :: setup mesh topology
  
 call usrdat
 done :: usrdat

 generate geometry data
 done :: generate geometry data
  
 call usrdat2
 done :: usrdat2

 regenerate geometry data           1
 NOTE: All elements deformed , param(59) ^=0
 done :: regenerate geometry data           1
  
 verify mesh topology
  0.000000000000000E+000   1.00000000000000       Xrange
  0.000000000000000E+000   1.00000000000000       Yrange
  0.000000000000000E+000   1.00000000000000       Zrange
 done :: verify mesh topology
  
 IFTRAN   = T
 IFFLOW   = T
 IFHEAT   = F
 IFSPLIT  = T
 IFLOMACH = F
 IFUSERVP = F
 IFUSERMV = F
 IFSTRS   = F
 IFCHAR   = F
 IFCYCLIC = F
 IFAXIS   = F
 IFMVBD   = F
 IFMELT   = F
 IFMODEL  = F
 IFKEPS   = F
 IFMOAB   = F
 IFNEKNEK = F
 IFSYNC   = T
   
 IFVCOR   = T
 IFINTQ   = F
 IFCWUZ   = F
 IFSWALL  = F
 IFGEOM   = F
 IFSURT   = F
 IFWCNO   = F
   
 IFTMSH for field           1    =  F
 IFADVC for field           1    =  T
 IFNONL for field           1    =  F
   
 Dealiasing enabled, lxd=           7
  
 Estimated eigenvalues
 EIGAA =    9.86960440108936     
 EIGGA =    6499.72213366091     
 EIGAE =    9.86960440108936     
 EIGAS =   8.333333333333333E-002
 EIGGE =    6499.72213366091     
 EIGGS =    2.00000000000000     
  
 verify mesh topology
  0.000000000000000E+000   1.00000000000000       Xrange
  0.000000000000000E+000   1.00000000000000       Yrange
  0.000000000000000E+000   1.00000000000000       Zrange
 done :: verify mesh topology
  
  E-solver strategy:  0 itr
 mg_nx:           1           2           4
 mg_ny:           1           2           4
 mg_nz:           1           2           4
 call usrsetvert
 done :: usrsetvert

gs_setup: 15 unique labels shared
   pairwise times (avg, min, max): 3.00407e-06 3.00407e-06 3.00407e-06
   crystal router                : 1.88351e-06 1.88351e-06 1.88351e-06
   all reduce                    : 1.14441e-06 1.09673e-06 1.19209e-06
   used all_to_all method: allreduce
   handle bytes (avg, min, max): 2124 2124 2124
   buffer bytes (avg, min, max): 240 240 240
   setupds time 1.2710E-03 seconds   1  2          75          32
   setvert3d:   4         927        1183         927         927
 call usrsetvert
 done :: usrsetvert

gs_setup: 91 unique labels shared
   pairwise times (avg, min, max): 3.19481e-06 3.19481e-06 3.19481e-06
   crystal router                : 4.1008e-06 4.1008e-06 4.1008e-06
   all reduce                    : 1.16348e-05 1.15871e-05 1.16825e-05
   used all_to_all method: pairwise
   handle bytes (avg, min, max): 9932 9932 9932
   buffer bytes (avg, min, max): 1456 1456 1456
   setupds time 2.9991E-03 seconds   2  4         927          32
   setvert3d:   3         373         405         373         373
 call usrsetvert
 done :: usrsetvert

gs_setup: 45 unique labels shared
   pairwise times (avg, min, max): 3.05176e-06 3.00407e-06 3.09944e-06
   crystal router                : 1.88351e-06 1.88351e-06 1.88351e-06
   all reduce                    : 1.26839e-05 1.26839e-05 1.26839e-05
   used all_to_all method: crystal router
   handle bytes (avg, min, max): 7340 7340 7340
   buffer bytes (avg, min, max): 1440 1440 1440
   setupds time 2.5082E-03 seconds   3  3         373          32
   setvert3d:   5        1737        2601        1737        1737
 call usrsetvert
 done :: usrsetvert

gs_setup: 153 unique labels shared
   pairwise times (avg, min, max): 3.19481e-06 3.19481e-06 3.19481e-06
   crystal router                : 2.14577e-06 2.09808e-06 2.19345e-06
   all reduce                    : 1.15037e-05 1.1301e-05 1.17064e-05
   used all_to_all method: crystal router
   handle bytes (avg, min, max): 24076 24076 24076
   buffer bytes (avg, min, max): 4896 4896 4896
   setupds time 3.9229E-03 seconds   4  5        1737          32
 regenerate geometry data           1
 NOTE: All elements deformed , param(59) ^=0
 done :: regenerate geometry data           1
  
 h1_mg_nx:           1           2           4
 h1_mg_ny:           1           2           4
 h1_mg_nz:           1           2           4
 call usrsetvert
 done :: usrsetvert

gs_setup: 15 unique labels shared
   pairwise times (avg, min, max): 3.31402e-06 3.31402e-06 3.31402e-06
   crystal router                : 7.00951e-06 6.91414e-06 7.10487e-06
   all reduce                    : 1.26362e-06 1.21593e-06 1.3113e-06
   used all_to_all method: allreduce
   handle bytes (avg, min, max): 2124 2124 2124
   buffer bytes (avg, min, max): 240 240 240
   setupds time 2.1770E-03 seconds   5  2          75          32
   setvert3d:   4         927        1183         927         927
 call usrsetvert
 done :: usrsetvert

gs_setup: 91 unique labels shared
   pairwise times (avg, min, max): 3.3617e-06 3.31402e-06 3.40939e-06
   crystal router                : 3.91006e-06 3.91006e-06 3.91006e-06
   all reduce                    : 1.1301e-05 1.1301e-05 1.1301e-05
   used all_to_all method: pairwise
   handle bytes (avg, min, max): 9932 9932 9932
   buffer bytes (avg, min, max): 1456 1456 1456
   setupds time 3.2451E-03 seconds   6  4         927          32
   setvert3d:   3         373         405         373         373
 call usrsetvert
 done :: usrsetvert

gs_setup: 45 unique labels shared
   pairwise times (avg, min, max): 2.03848e-06 1.97887e-06 2.09808e-06
   crystal router                : 1.95503e-06 1.90735e-06 2.00272e-06
   all reduce                    : 2.16007e-05 2.16007e-05 2.16007e-05
   used all_to_all method: crystal router
   handle bytes (avg, min, max): 7340 7340 7340
   buffer bytes (avg, min, max): 1440 1440 1440
   setupds time 2.5282E-03 seconds   7  3         373          32
   setvert3d:   5        1737        2601        1737        1737
 call usrsetvert
 done :: usrsetvert

gs_setup: 153 unique labels shared
   pairwise times (avg, min, max): 2.19345e-06 2.19345e-06 2.19345e-06
   crystal router                : 2.09808e-06 2.09808e-06 2.09808e-06
   all reduce                    : 1.15156e-05 1.15156e-05 1.15156e-05
   used all_to_all method: crystal router
   handle bytes (avg, min, max): 24076 24076 24076
   buffer bytes (avg, min, max): 4896 4896 4896
   setupds time 3.8669E-03 seconds   8  5        1737          32
   setvert3d:   5        1737        2601        1737        1737
 call usrsetvert
 done :: usrsetvert

gs_setup: 153 unique labels shared
   pairwise times (avg, min, max): 2.28882e-06 2.28882e-06 2.28882e-06
   crystal router                : 2.09808e-06 2.09808e-06 2.09808e-06
   all reduce                    : 1.6582e-05 1.63794e-05 1.67847e-05
   used all_to_all method: crystal router
   handle bytes (avg, min, max): 24076 24076 24076
   buffer bytes (avg, min, max): 4896 4896 4896
   setupds time 3.7670E-03 seconds   9  5        1737          32
   setvert3d:   7        4125        8125        4125        4125
 call usrsetvert
 done :: usrsetvert

gs_setup: 325 unique labels shared
   pairwise times (avg, min, max): 2.69413e-06 2.69413e-06 2.69413e-06
   crystal router                : 2.28882e-06 2.28882e-06 2.28882e-06
   all reduce                    : 2.54869e-05 2.54869e-05 2.54869e-05
   used all_to_all method: crystal router
   handle bytes (avg, min, max): 50796 50796 50796
   buffer bytes (avg, min, max): 10400 10400 10400
   setupds time 6.0210E-03 seconds  10  7        4125          32
 setup h1 coarse grid, nx_crs=           2
 call usrsetvert
 done :: usrsetvert

gs_setup: 15 unique labels shared
   pairwise times (avg, min, max): 2.00272e-06 2.00272e-06 2.00272e-06
   crystal router                : 1.95503e-06 1.90735e-06 2.00272e-06
   all reduce                    : 1.33991e-05 1.33991e-05 1.33991e-05
   used all_to_all method: pairwise
   handle bytes (avg, min, max): 1836 1836 1836
   buffer bytes (avg, min, max): 240 240 240
 done :: setup h1 coarse grid   3.823041915893555E-003  sec
  
 call usrdat3
 done :: usrdat3

 set initial conditions
 nekuic (1) for ifld            1
 call nekuic for vel  
 xyz min     0.0000       0.0000       0.0000    
 uvwpt min   0.0000       0.0000       0.0000       0.0000       0.0000    
 PS min      0.0000       0.0000      0.99000E+22
 xyz max     1.0000       1.0000       1.0000    
 uvwpt max   0.0000       0.0000       0.0000       0.0000       0.0000    
 PS max      0.0000       0.0000     -0.99000E+22
 done :: set initial conditions
  
 call userchk
GFM max:  2.2475E-02  8.9898E-02  8.9898E-02  1.4175E-16  1.4175E-16  3.7658E-16
 
nelt =      16, np =         2, nx1 =       5, elements =        32
Solve Time =   0.3540E-07
 
nelt =      16, np =         2, nx1 =       5, elements =        32
Solve Time =   0.3405E-07
 
nelt =      16, np =         2, nx1 =       5, elements =        32
Solve Time =   0.3379E-07
 
nelt =      16, np =         2, nx1 =       5, elements =        32
Solve Time =   0.3521E-07
 
nelt =      16, np =         2, nx1 =       5, elements =        32
Solve Time =   0.5509E-07
 
nelt =      16, np =         2, nx1 =       5, elements =        32
Solve Time =   0.5200E-07
 
nelt =      16, np =         2, nx1 =       5, elements =        32
Solve Time =   0.5176E-07
 
nelt =      16, np =         2, nx1 =       5, elements =        32
Solve Time =   0.5184E-07
 
nelt =      16, np =         2, nx1 =       5, elements =        32
Solve Time =   0.5066E-07
 
nelt =      16, np =         2, nx1 =       5, elements =        32
Solve Time =   0.5351E-07
 
nelt =      16, np =         2, nx1 =       5, elements =        32
Solve Time =   0.4699E-07
 
nelt =      16, np =         2, nx1 =       5, elements =        32
Solve Time =   0.4518E-07
 
nelt =      16, np =         2, nx1 =       5, elements =        32
Solve Time =   0.4226E-07
 
nelt =      16, np =         2, nx1 =       5, elements =        32
Solve Time =   0.4208E-07
 
nelt =      16, np =         2, nx1 =       5, elements =        32
Solve Time =   0.4216E-07
 
nelt =      16, np =         2, nx1 =       5, elements =        32
Solve Time =   0.4266E-07
 
nelt =      16, np =         2, nx1 =       5, elements =        32
Solve Time =   0.4468E-07
 
nelt =      16, np =         2, nx1 =       5, elements =        32
Solve Time =   0.4490E-07
 
nelt =      16, np =         2, nx1 =       5, elements =        32
Solve Time =   0.4435E-07
 
nelt =      16, np =         2, nx1 =       5, elements =        32
Solve Time =   0.4443E-07
 
nelt =      16, np =         2, nx1 =       5, elements =        32
Solve Time =   0.5726E-07
 
nelt =      16, np =         2, nx1 =       5, elements =        32
Solve Time =   0.4774E-07
 
nelt =      16, np =         2, nx1 =       5, elements =        32
Solve Time =   0.4750E-07
 
nelt =      16, np =         2, nx1 =       5, elements =        32
Solve Time =   0.4790E-07
 
nelt =      16, np =         2, nx1 =       5, elements =        32
Solve Time =   0.4607E-07
 
nelt =      16, np =         2, nx1 =       5, elements =        32
Solve Time =   0.4884E-07
 
nelt =      16, np =         2, nx1 =       5, elements =        32
Solve Time =   0.4850E-07
 
nelt =      16, np =         2, nx1 =       5, elements =        32
Solve Time =   0.4792E-07
 
nelt =      16, np =         2, nx1 =       5, elements =        32
Solve Time =   0.4725E-07
 
nelt =      16, np =         2, nx1 =       5, elements =        32
Solve Time =   0.4884E-07
 
nelt =      16, np =         2, nx1 =       5, elements =        32
Solve Time =   0.6123E-07
 
nelt =      16, np =         2, nx1 =       5, elements =        32
Solve Time =   0.4975E-07
 
nelt =      16, np =         2, nx1 =       5, elements =        32
Solve Time =   0.4991E-07
 
nelt =      16, np =         2, nx1 =       5, elements =        32
Solve Time =   0.4884E-07
 
nelt =      16, np =         2, nx1 =       5, elements =        32
Solve Time =   0.4866E-07
 
nelt =      16, np =         2, nx1 =       5, elements =        32
Solve Time =   0.4985E-07
 
nelt =      16, np =         2, nx1 =       5, elements =        32
Solve Time =   0.5217E-07
 
nelt =      16, np =         2, nx1 =       5, elements =        32
Solve Time =   0.4915E-07
 
nelt =      16, np =         2, nx1 =       5, elements =        32
Solve Time =   0.4858E-07
 
nelt =      16, np =         2, nx1 =       5, elements =        32
Solve Time =   0.4917E-07
 
nelt =      16, np =         2, nx1 =       5, elements =        32
Solve Time =   0.5567E-07
 
nelt =      16, np =         2, nx1 =       5, elements =        32
Solve Time =   0.5126E-07
 
nelt =      16, np =         2, nx1 =       5, elements =        32
Solve Time =   0.5058E-07
 
nelt =      16, np =         2, nx1 =       5, elements =        32
Solve Time =   0.5142E-07
 
nelt =      16, np =         2, nx1 =       5, elements =        32
Solve Time =   0.5033E-07
 
nelt =      16, np =         2, nx1 =       5, elements =        32
Solve Time =   0.5184E-07
 
nelt =      16, np =         2, nx1 =       5, elements =        32
Solve Time =   0.4842E-07
 
nelt =      16, np =         2, nx1 =       5, elements =        32
Solve Time =   0.4892E-07
 
nelt =      16, np =         2, nx1 =       5, elements =        32
Solve Time =   0.5049E-07
 
nelt =      16, np =         2, nx1 =       5, elements =        32
Solve Time =   0.5033E-07
 schfile:
 /gpfs/theta-fs1/home/thilina/env/lx5/b5.sch                                    
                                                      
  5       32  1.0000E+00  1.0000E+00  1.0000E+00  error v
  5       32  1.0000E+00  1.0000E+00  1.0000E+00  error v
 
nelt =      16, np =         2, nx1 =       5, elements =        32
Solve Time =   0.3489E-07
 
nelt =      16, np =         2, nx1 =       5, elements =        32
Solve Time =   0.3449E-07
 
nelt =      16, np =         2, nx1 =       5, elements =        32
Solve Time =   0.3433E-07
 
nelt =      16, np =         2, nx1 =       5, elements =        32
Solve Time =   0.3443E-07
 
nelt =      16, np =         2, nx1 =       5, elements =        32
Solve Time =   0.3449E-07
 
nelt =      16, np =         2, nx1 =       5, elements =        32
Solve Time =   0.3432E-07
 
nelt =      16, np =         2, nx1 =       5, elements =        32
Solve Time =   0.3439E-07
 
nelt =      16, np =         2, nx1 =       5, elements =        32
Solve Time =   0.3446E-07
 
nelt =      16, np =         2, nx1 =       5, elements =        32
Solve Time =   0.3406E-07
 
nelt =      16, np =         2, nx1 =       5, elements =        32
Solve Time =   0.3405E-07
  5       32  1.4503E-05  1.4503E-05  1.4503E-05  error s
  5       32  1.4503E-05  1.4503E-05  1.4503E-05  error s
 
nelt =      16, np =         2, nx1 =       5, elements =        32
Solve Time =   0.3554E-07
 
nelt =      16, np =         2, nx1 =       5, elements =        32
Solve Time =   0.3485E-07
 
nelt =      16, np =         2, nx1 =       5, elements =        32
Solve Time =   0.3476E-07
 
nelt =      16, np =         2, nx1 =       5, elements =        32
Solve Time =   0.3505E-07
 
nelt =      16, np =         2, nx1 =       5, elements =        32
Solve Time =   0.3507E-07
 
nelt =      16, np =         2, nx1 =       5, elements =        32
Solve Time =   0.3504E-07
 
nelt =      16, np =         2, nx1 =       5, elements =        32
Solve Time =   0.3519E-07
 
nelt =      16, np =         2, nx1 =       5, elements =        32
Solve Time =   0.3501E-07
 
nelt =      16, np =         2, nx1 =       5, elements =        32
Solve Time =   0.3515E-07
 
nelt =      16, np =         2, nx1 =       5, elements =        32
Solve Time =   0.3515E-07
  5       32  1.4503E-05  1.4503E-05  1.4503E-05  error n
  5       32  1.4503E-05  1.4503E-05  1.4503E-05  error n
   4       32  100  0.0000E+00  0.0000E+00  0.0000E+00 time for 3 hmholtz
EXIT: quit after cggov          4
  
call exitt: dying ...
  
backtrace(): obtained 8 stack frames.
./nek5000() [0x76e245]
./nek5000() [0x951a99]
./nek5000() [0x40d33c]
./nek5000() [0x426a66]
./nek5000() [0x42501e]
./nek5000() [0x4054fe]
/lib64/libc.so.6(__libc_start_main+0xf5) [0x2aaab1ca3b25]
./nek5000() [0x405409]
  
total elapsed time             :   2.13273E+00 sec
total solver time incl. I/O    :   0.00000E+00 sec
time/timestep                  :   0.00000E+00 sec
CPU seconds/timestep/gridpt    :   0.00000E+00 sec

Application 2256099 resources: utime ~4s, stime ~1s, Rss ~15396, inblocks ~0, outblocks ~0
