/----------------------------------------------------------\\
|      _   __ ______ __ __  ______  ____   ____   ____     |
|     / | / // ____// //_/ / ____/ / __ \\/ __ \\/ __ \\   |
|    /  |/ // __/  / ,<   /___ \\ / / / // / / // / / /    |
|   / /|  // /___ / /| | ____/ / / /_/ // /_/ // /_/ /     |
|  /_/ |_//_____//_/ |_|/_____/  \\___/ \\___/ \\___/      |
|                                                          |
|----------------------------------------------------------|
|                                                          |
| NEK5000:  Open Source Spectral Element Solver            |
| COPYRIGHT (c) 2008-2016 UCHICAGO ARGONNE, LLC            |
| Version:  16.0.0                                         |
| Web:      http://nek5000.mcs.anl.gov                     |
|                                                          |
\\----------------------------------------------------------/
                                                              

 Number of processors:           8
 REAL    wdsize      :           8
 INTEGER wdsize      :           4
 Timer accuracy      : 3.10E-07
 Reading /gpfs/theta-fs1/home/thilina/env/lx5/b5.rea                                                                                         

 mapping elements to processors
 Reading /gpfs/theta-fs1/home/thilina/env/lx5/b5.map                                                                                         
           0           4           4          32          32  NELV
           7           4           4          32          32  NELV
           6           4           4          32          32  NELV
           3           4           4          32          32  NELV
           2           4           4          32          32  NELV
           5           4           4          32          32  NELV
           4           4           4          32          32  NELV
           1           4           4          32          32  NELV
 RANK     0 IEG      25      26      27      28
 element load imbalance:            0           4           4
 done :: mapping elements to processors
  
           0  objects found
 118   Parameters from file:
   1      1.00000     p001 DENSITY
   2     -100.000     p002 VISCOS
   7      1.00000     p007 RHOCP
   8      1.00000     p008 CONDUCT
  11      1.00        p011 NSTEPS
  12    -0.500000E-02 p012 DT
  21     0.100000E-05 p021 DIVERGENCE
  22     0.100000E-07 p022 HELMHOLTZ
  24     0.100000E-09 p024 TOLREL
  25     0.100000E-09 p025 TOLABS
  26     0.250000     p026 COURANT/NTAU
  27      2.00000     p027 TORDER
  66      6.00000     p066 output : <0=ascii, else binary
  67      6.00000     p067 restart: <0=ascii, else binary
  99      3.00000     p099 dealiasing: <0--> off/3--> old/4--> new
 103     0.500000E-01 p103 weight of stabilizing filter (.01)
  
 nelgt/nelgv/lelt:          32          32         100
 lx1  /lx2  /lx3 :           5           5           5
 done :: read .rea file   0.32764E-01 sec

 setup mesh topology
   Right-handed check complete for      32 elements. OK.
   setvert3d:   5        1737        2601        1737        1737
 call usrsetvert
 done :: usrsetvert

gs_setup: 585 unique labels shared
   pairwise times (avg, min, max): 2.1109e-05 1.97172e-05 2.24113e-05
   crystal router                : 1.15097e-05 1.13964e-05 1.17064e-05
   all reduce                    : 6.39409e-05 6.37054e-05 6.42061e-05
   used all_to_all method: crystal router
   handle bytes (avg, min, max): 24032 19604 28460
   buffer bytes (avg, min, max): 6048 5472 6624
   setupds time 7.7000E-03 seconds   0  5        1737          32
           8  max multiplicity
 done :: setup mesh topology
  
 call usrdat
 done :: usrdat

 generate geometry data
 done :: generate geometry data
  
 call usrdat2
 done :: usrdat2

 regenerate geometry data           1
 NOTE: All elements deformed , param(59) ^=0
 done :: regenerate geometry data           1
  
 verify mesh topology
  0.000000000000000E+000   1.00000000000000       Xrange
  0.000000000000000E+000   1.00000000000000       Yrange
  0.000000000000000E+000   1.00000000000000       Zrange
 done :: verify mesh topology
  
 IFTRAN   = T
 IFFLOW   = T
 IFHEAT   = F
 IFSPLIT  = T
 IFLOMACH = F
 IFUSERVP = F
 IFUSERMV = F
 IFSTRS   = F
 IFCHAR   = F
 IFCYCLIC = F
 IFAXIS   = F
 IFMVBD   = F
 IFMELT   = F
 IFMODEL  = F
 IFKEPS   = F
 IFMOAB   = F
 IFNEKNEK = F
 IFSYNC   = T
   
 IFVCOR   = T
 IFINTQ   = F
 IFCWUZ   = F
 IFSWALL  = F
 IFGEOM   = F
 IFSURT   = F
 IFWCNO   = F
   
 IFTMSH for field           1    =  F
 IFADVC for field           1    =  T
 IFNONL for field           1    =  F
   
 Dealiasing enabled, lxd=           7
  
 Estimated eigenvalues
 EIGAA =    9.86960440108936     
 EIGGA =    6499.70642731093     
 EIGAE =    9.86960440108936     
 EIGAS =   8.333333333333333E-002
 EIGGE =    6499.70642731093     
 EIGGS =    2.00000000000000     
  
 verify mesh topology
  0.000000000000000E+000   1.00000000000000       Xrange
  0.000000000000000E+000   1.00000000000000       Yrange
  0.000000000000000E+000   1.00000000000000       Zrange
 done :: verify mesh topology
  
  E-solver strategy:  0 itr
 mg_nx:           1           2           4
 mg_ny:           1           2           4
 mg_nz:           1           2           4
 call usrsetvert
 done :: usrsetvert

gs_setup: 51 unique labels shared
   pairwise times (avg, min, max): 1.885e-05 1.74046e-05 2.08855e-05
   crystal router                : 6.09159e-06 6.00815e-06 6.19888e-06
   all reduce                    : 2.74479e-05 2.72989e-05 2.77042e-05
   used all_to_all method: crystal router
   handle bytes (avg, min, max): 3032 2636 3428
   buffer bytes (avg, min, max): 576 528 624
   setupds time 2.8329E-03 seconds   1  2          75          32
   setvert3d:   4         927        1183         927         927
 call usrsetvert
 done :: usrsetvert

gs_setup: 343 unique labels shared
   pairwise times (avg, min, max): 1.70141e-05 1.59979e-05 1.76907e-05
   crystal router                : 7.89165e-06 7.79629e-06 7.98702e-06
   all reduce                    : 4.3115e-05 4.29869e-05 4.32968e-05
   used all_to_all method: crystal router
   handle bytes (avg, min, max): 14632 12028 17236
   buffer bytes (avg, min, max): 3584 3248 3920
   setupds time 4.7891E-03 seconds   2  4         927          32
   setvert3d:   3         373         405         373         373
 call usrsetvert
 done :: usrsetvert

gs_setup: 165 unique labels shared
   pairwise times (avg, min, max): 1.49608e-05 1.45912e-05 1.59979e-05
   crystal router                : 6.74725e-06 6.69956e-06 6.79493e-06
   all reduce                    : 3.07292e-05 3.05891e-05 3.0899e-05
   used all_to_all method: crystal router
   handle bytes (avg, min, max): 7632 6372 8892
   buffer bytes (avg, min, max): 1760 1600 1920
   setupds time 3.8788E-03 seconds   3  3         373          32
   setvert3d:   5        1737        2601        1737        1737
 call usrsetvert
 done :: usrsetvert

gs_setup: 585 unique labels shared
   pairwise times (avg, min, max): 1.8394e-05 1.719e-05 1.91927e-05
   crystal router                : 9.48906e-06 9.39369e-06 9.58443e-06
   all reduce                    : 5.4723e-05 5.45979e-05 5.49078e-05
   used all_to_all method: crystal router
   handle bytes (avg, min, max): 24032 19604 28460
   buffer bytes (avg, min, max): 6048 5472 6624
   setupds time 5.2831E-03 seconds   4  5        1737          32
 regenerate geometry data           1
 NOTE: All elements deformed , param(59) ^=0
 done :: regenerate geometry data           1
  
 h1_mg_nx:           1           2           4
 h1_mg_ny:           1           2           4
 h1_mg_nz:           1           2           4
 call usrsetvert
 done :: usrsetvert

gs_setup: 51 unique labels shared
   pairwise times (avg, min, max): 1.41114e-05 1.34945e-05 1.53065e-05
   crystal router                : 7.63535e-06 7.48634e-06 7.79629e-06
   all reduce                    : 2.92361e-05 2.90871e-05 2.93016e-05
   used all_to_all method: crystal router
   handle bytes (avg, min, max): 3032 2636 3428
   buffer bytes (avg, min, max): 576 528 624
   setupds time 3.1810E-03 seconds   5  2          75          32
   setvert3d:   4         927        1183         927         927
 call usrsetvert
 done :: usrsetvert

gs_setup: 343 unique labels shared
   pairwise times (avg, min, max): 1.84685e-05 1.59979e-05 2.09093e-05
   crystal router                : 8.02279e-06 7.98702e-06 8.08239e-06
   all reduce                    : 4.64022e-05 4.63009e-05 4.66108e-05
   used all_to_all method: crystal router
   handle bytes (avg, min, max): 14632 12028 17236
   buffer bytes (avg, min, max): 3584 3248 3920
   setupds time 5.0011E-03 seconds   6  4         927          32
   setvert3d:   3         373         405         373         373
 call usrsetvert
 done :: usrsetvert

gs_setup: 165 unique labels shared
   pairwise times (avg, min, max): 1.4174e-05 1.33991e-05 1.51873e-05
   crystal router                : 7.03335e-06 6.91414e-06 7.20024e-06
   all reduce                    : 3.11494e-05 3.10898e-05 3.13044e-05
   used all_to_all method: crystal router
   handle bytes (avg, min, max): 7632 6372 8892
   buffer bytes (avg, min, max): 1760 1600 1920
   setupds time 3.7129E-03 seconds   7  3         373          32
   setvert3d:   5        1737        2601        1737        1737
 call usrsetvert
 done :: usrsetvert

gs_setup: 585 unique labels shared
   pairwise times (avg, min, max): 1.58131e-05 1.50919e-05 1.71185e-05
   crystal router                : 1.17511e-05 1.15871e-05 1.19209e-05
   all reduce                    : 4.74811e-05 4.73022e-05 4.76122e-05
   used all_to_all method: crystal router
   handle bytes (avg, min, max): 24032 19604 28460
   buffer bytes (avg, min, max): 6048 5472 6624
   setupds time 5.0700E-03 seconds   8  5        1737          32
   setvert3d:   5        1737        2601        1737        1737
 call usrsetvert
 done :: usrsetvert

gs_setup: 585 unique labels shared
   pairwise times (avg, min, max): 1.60992e-05 1.51873e-05 1.67131e-05
   crystal router                : 9.4533e-06 9.29832e-06 9.58443e-06
   all reduce                    : 4.80175e-05 4.78983e-05 4.8089e-05
   used all_to_all method: crystal router
   handle bytes (avg, min, max): 24032 19604 28460
   buffer bytes (avg, min, max): 6048 5472 6624
   setupds time 4.9970E-03 seconds   9  5        1737          32
   setvert3d:   7        4125        8125        4125        4125
 call usrsetvert
 done :: usrsetvert

gs_setup: 1261 unique labels shared
   pairwise times (avg, min, max): 2.54601e-05 2.47955e-05 2.61068e-05
   crystal router                : 1.49608e-05 1.4782e-05 1.50919e-05
   all reduce                    : 5.59628e-05 5.57184e-05 5.62906e-05
   used all_to_all method: crystal router
   handle bytes (avg, min, max): 50032 40516 59548
   buffer bytes (avg, min, max): 12896 11648 14144
   setupds time 7.1189E-03 seconds  10  7        4125          32
 setup h1 coarse grid, nx_crs=           2
 call usrsetvert
 done :: usrsetvert

gs_setup: 51 unique labels shared
   pairwise times (avg, min, max): 1.35779e-05 1.28031e-05 1.43051e-05
   crystal router                : 6.71744e-06 6.50883e-06 6.91414e-06
   all reduce                    : 2.83748e-05 2.83003e-05 2.85149e-05
   used all_to_all method: crystal router
   handle bytes (avg, min, max): 3032 2636 3428
   buffer bytes (avg, min, max): 576 528 624
 done :: setup h1 coarse grid   4.758119583129883E-003  sec
  
 call usrdat3
 done :: usrdat3

 set initial conditions
 nekuic (1) for ifld            1
 call nekuic for vel  
 xyz min     0.0000       0.0000       0.0000    
 uvwpt min   0.0000       0.0000       0.0000       0.0000       0.0000    
 PS min      0.0000       0.0000      0.99000E+22
 xyz max     1.0000       1.0000       1.0000    
 uvwpt max   0.0000       0.0000       0.0000       0.0000       0.0000    
 PS max      0.0000       0.0000     -0.99000E+22
 done :: set initial conditions
  
 call userchk
GFM max:  2.2475E-02  8.9898E-02  8.9898E-02  1.4175E-16  1.4175E-16  3.7658E-16
 
nelt =       4, np =         8, nx1 =       5, elements =        32
Solve Time =   0.1379E-07
 
nelt =       4, np =         8, nx1 =       5, elements =        32
Solve Time =   0.1272E-07
 
nelt =       4, np =         8, nx1 =       5, elements =        32
Solve Time =   0.1260E-07
 
nelt =       4, np =         8, nx1 =       5, elements =        32
Solve Time =   0.1413E-07
 
nelt =       4, np =         8, nx1 =       5, elements =        32
Solve Time =   0.3024E-07
 
nelt =       4, np =         8, nx1 =       5, elements =        32
Solve Time =   0.3241E-07
 
nelt =       4, np =         8, nx1 =       5, elements =        32
Solve Time =   0.3159E-07
 
nelt =       4, np =         8, nx1 =       5, elements =        32
Solve Time =   0.3276E-07
 
nelt =       4, np =         8, nx1 =       5, elements =        32
Solve Time =   0.3525E-07
 
nelt =       4, np =         8, nx1 =       5, elements =        32
Solve Time =   0.3225E-07
 
nelt =       4, np =         8, nx1 =       5, elements =        32
Solve Time =   0.3533E-07
 
nelt =       4, np =         8, nx1 =       5, elements =        32
Solve Time =   0.2625E-07
 
nelt =       4, np =         8, nx1 =       5, elements =        32
Solve Time =   0.2275E-07
 
nelt =       4, np =         8, nx1 =       5, elements =        32
Solve Time =   0.2275E-07
 
nelt =       4, np =         8, nx1 =       5, elements =        32
Solve Time =   0.2184E-07
 
nelt =       4, np =         8, nx1 =       5, elements =        32
Solve Time =   0.2450E-07
 
nelt =       4, np =         8, nx1 =       5, elements =        32
Solve Time =   0.2150E-07
 
nelt =       4, np =         8, nx1 =       5, elements =        32
Solve Time =   0.2517E-07
 
nelt =       4, np =         8, nx1 =       5, elements =        32
Solve Time =   0.2126E-07
 
nelt =       4, np =         8, nx1 =       5, elements =        32
Solve Time =   0.2191E-07
 
nelt =       4, np =         8, nx1 =       5, elements =        32
Solve Time =   0.3666E-07
 
nelt =       4, np =         8, nx1 =       5, elements =        32
Solve Time =   0.2708E-07
 
nelt =       4, np =         8, nx1 =       5, elements =        32
Solve Time =   0.2533E-07
 
nelt =       4, np =         8, nx1 =       5, elements =        32
Solve Time =   0.2468E-07
 
nelt =       4, np =         8, nx1 =       5, elements =        32
Solve Time =   0.2484E-07
 
nelt =       4, np =         8, nx1 =       5, elements =        32
Solve Time =   0.2466E-07
 
nelt =       4, np =         8, nx1 =       5, elements =        32
Solve Time =   0.3076E-07
 
nelt =       4, np =         8, nx1 =       5, elements =        32
Solve Time =   0.2700E-07
 
nelt =       4, np =         8, nx1 =       5, elements =        32
Solve Time =   0.2768E-07
 
nelt =       4, np =         8, nx1 =       5, elements =        32
Solve Time =   0.2499E-07
 
nelt =       4, np =         8, nx1 =       5, elements =        32
Solve Time =   0.3684E-07
 
nelt =       4, np =         8, nx1 =       5, elements =        32
Solve Time =   0.2726E-07
 
nelt =       4, np =         8, nx1 =       5, elements =        32
Solve Time =   0.2708E-07
 
nelt =       4, np =         8, nx1 =       5, elements =        32
Solve Time =   0.2549E-07
 
nelt =       4, np =         8, nx1 =       5, elements =        32
Solve Time =   0.2650E-07
 
nelt =       4, np =         8, nx1 =       5, elements =        32
Solve Time =   0.3084E-07
 
nelt =       4, np =         8, nx1 =       5, elements =        32
Solve Time =   0.2650E-07
 
nelt =       4, np =         8, nx1 =       5, elements =        32
Solve Time =   0.2726E-07
 
nelt =       4, np =         8, nx1 =       5, elements =        32
Solve Time =   0.2557E-07
 
nelt =       4, np =         8, nx1 =       5, elements =        32
Solve Time =   0.2541E-07
 
nelt =       4, np =         8, nx1 =       5, elements =        32
Solve Time =   0.3467E-07
 
nelt =       4, np =         8, nx1 =       5, elements =        32
Solve Time =   0.2925E-07
 
nelt =       4, np =         8, nx1 =       5, elements =        32
Solve Time =   0.3167E-07
 
nelt =       4, np =         8, nx1 =       5, elements =        32
Solve Time =   0.2925E-07
 
nelt =       4, np =         8, nx1 =       5, elements =        32
Solve Time =   0.2791E-07
 
nelt =       4, np =         8, nx1 =       5, elements =        32
Solve Time =   0.2909E-07
 
nelt =       4, np =         8, nx1 =       5, elements =        32
Solve Time =   0.2768E-07
 
nelt =       4, np =         8, nx1 =       5, elements =        32
Solve Time =   0.2825E-07
 
nelt =       4, np =         8, nx1 =       5, elements =        32
Solve Time =   0.2791E-07
 
nelt =       4, np =         8, nx1 =       5, elements =        32
Solve Time =   0.2758E-07
 schfile:
 /gpfs/theta-fs1/home/thilina/env/lx5/b5.sch                                    
                                                      
  5       32  1.0000E+00  1.0000E+00  1.0000E+00  error v
  5       32  1.0000E+00  1.0000E+00  1.0000E+00  error v
  5       32  1.0000E+00  1.0000E+00  1.0000E+00  error v
  5       32  1.0000E+00  1.0000E+00  1.0000E+00  error v
  5       32  1.0000E+00  1.0000E+00  1.0000E+00  error v
  5       32  1.0000E+00  1.0000E+00  1.0000E+00  error v
  5       32  1.0000E+00  1.0000E+00  1.0000E+00  error v
  5       32  1.0000E+00  1.0000E+00  1.0000E+00  error v
 
nelt =       4, np =         8, nx1 =       5, elements =        32
Solve Time =   0.1633E-07
 
nelt =       4, np =         8, nx1 =       5, elements =        32
Solve Time =   0.1610E-07
 
nelt =       4, np =         8, nx1 =       5, elements =        32
Solve Time =   0.1610E-07
 
nelt =       4, np =         8, nx1 =       5, elements =        32
Solve Time =   0.1601E-07
 
nelt =       4, np =         8, nx1 =       5, elements =        32
Solve Time =   0.1602E-07
 
nelt =       4, np =         8, nx1 =       5, elements =        32
Solve Time =   0.1612E-07
 
nelt =       4, np =         8, nx1 =       5, elements =        32
Solve Time =   0.1602E-07
 
nelt =       4, np =         8, nx1 =       5, elements =        32
Solve Time =   0.1603E-07
 
nelt =       4, np =         8, nx1 =       5, elements =        32
Solve Time =   0.1596E-07
 
nelt =       4, np =         8, nx1 =       5, elements =        32
Solve Time =   0.1603E-07
  5       32  1.4503E-05  1.4503E-05  1.4503E-05  error s
  5       32  1.4503E-05  1.4503E-05  1.4503E-05  error s
  5       32  1.4503E-05  1.4503E-05  1.4503E-05  error s
  5       32  1.4503E-05  1.4503E-05  1.4503E-05  error s
  5       32  1.4503E-05  1.4503E-05  1.4503E-05  error s
  5       32  1.4503E-05  1.4503E-05  1.4503E-05  error s
  5       32  1.4503E-05  1.4503E-05  1.4503E-05  error s
  5       32  1.4503E-05  1.4503E-05  1.4503E-05  error s
 
nelt =       4, np =         8, nx1 =       5, elements =        32
Solve Time =   0.1646E-07
 
nelt =       4, np =         8, nx1 =       5, elements =        32
Solve Time =   0.1610E-07
 
nelt =       4, np =         8, nx1 =       5, elements =        32
Solve Time =   0.1600E-07
 
nelt =       4, np =         8, nx1 =       5, elements =        32
Solve Time =   0.1594E-07
 
nelt =       4, np =         8, nx1 =       5, elements =        32
Solve Time =   0.1589E-07
 
nelt =       4, np =         8, nx1 =       5, elements =        32
Solve Time =   0.1590E-07
 
nelt =       4, np =         8, nx1 =       5, elements =        32
Solve Time =   0.1592E-07
 
nelt =       4, np =         8, nx1 =       5, elements =        32
Solve Time =   0.1595E-07
 
nelt =       4, np =         8, nx1 =       5, elements =        32
Solve Time =   0.1598E-07
 
nelt =       4, np =         8, nx1 =       5, elements =        32
Solve Time =   0.1598E-07
  5       32  1.4503E-05  1.4503E-05  1.4503E-05  error n
  5       32  1.4503E-05  1.4503E-05  1.4503E-05  error n
  5       32  1.4503E-05  1.4503E-05  1.4503E-05  error n
  5       32  1.4503E-05  1.4503E-05  1.4503E-05  error n
  5       32  1.4503E-05  1.4503E-05  1.4503E-05  error n
  5       32  1.4503E-05  1.4503E-05  1.4503E-05  error n
  5       32  1.4503E-05  1.4503E-05  1.4503E-05  error n
  5       32  1.4503E-05  1.4503E-05  1.4503E-05  error n
   4       32  100  0.0000E+00  0.0000E+00  0.0000E+00 time for 3 hmholtz
EXIT: quit after cggov          4
  
call exitt: dying ...
  
backtrace(): obtained 8 stack frames.
./nek5000() [0x76e245]
./nek5000() [0x951a99]
./nek5000() [0x40d33c]
./nek5000() [0x426a66]
./nek5000() [0x42501e]
./nek5000() [0x4054fe]
/lib64/libc.so.6(__libc_start_main+0xf5) [0x2aaab1ca3b25]
./nek5000() [0x405409]
  
total elapsed time             :   1.56614E+00 sec
total solver time incl. I/O    :   0.00000E+00 sec
time/timestep                  :   0.00000E+00 sec
CPU seconds/timestep/gridpt    :   0.00000E+00 sec

Application 2256035 resources: utime ~12s, stime ~2s, Rss ~15172, inblocks ~0, outblocks ~0
