/----------------------------------------------------------\\
|      _   __ ______ __ __  ______  ____   ____   ____     |
|     / | / // ____// //_/ / ____/ / __ \\/ __ \\/ __ \\   |
|    /  |/ // __/  / ,<   /___ \\ / / / // / / // / / /    |
|   / /|  // /___ / /| | ____/ / / /_/ // /_/ // /_/ /     |
|  /_/ |_//_____//_/ |_|/_____/  \\___/ \\___/ \\___/      |
|                                                          |
|----------------------------------------------------------|
|                                                          |
| NEK5000:  Open Source Spectral Element Solver            |
| COPYRIGHT (c) 2008-2016 UCHICAGO ARGONNE, LLC            |
| Version:  16.0.0                                         |
| Web:      http://nek5000.mcs.anl.gov                     |
|                                                          |
\\----------------------------------------------------------/
                                                              

 Number of processors:          64
 REAL    wdsize      :           8
 INTEGER wdsize      :           4
 Timer accuracy      : 4.05E-07
 Reading /gpfs/theta-fs1/home/thilina/env/lx5/b7.rea                                                                                         

 mapping elements to processors
 Reading /gpfs/theta-fs1/home/thilina/env/lx5/b7.map                                                                                         
          55           2           2         128         128  NELV
          39           2           2         128         128  NELV
          42           2           2         128         128  NELV
          60           2           2         128         128  NELV
          34           2           2         128         128  NELV
          47           2           2         128         128  NELV
          56           2           2         128         128  NELV
          46           2           2         128         128  NELV
          63           2           2         128         128  NELV
          49           2           2         128         128  NELV
          58           2           2         128         128  NELV
          54           2           2         128         128  NELV
          41           2           2         128         128  NELV
          33           2           2         128         128  NELV
          48           2           2         128         128  NELV
          53           2           2         128         128  NELV
          52           2           2         128         128  NELV
          38           2           2         128         128  NELV
          43           2           2         128         128  NELV
          44           2           2         128         128  NELV
          61           2           2         128         128  NELV
          13           2           2         128         128  NELV
          28           2           2         128         128  NELV
           4           2           2         128         128  NELV
           5           2           2         128         128  NELV
          22           2           2         128         128  NELV
          18           2           2         128         128  NELV
          19           2           2         128         128  NELV
           6           2           2         128         128  NELV
          17           2           2         128         128  NELV
           3           2           2         128         128  NELV
          26           2           2         128         128  NELV
          24           2           2         128         128  NELV
          25           2           2         128         128  NELV
          12           2           2         128         128  NELV
          21           2           2         128         128  NELV
          23           2           2         128         128  NELV
           8           2           2         128         128  NELV
          10           2           2         128         128  NELV
          11           2           2         128         128  NELV
           7           2           2         128         128  NELV
          29           2           2         128         128  NELV
          27           2           2         128         128  NELV
          31           2           2         128         128  NELV
          30           2           2         128         128  NELV
          14           2           2         128         128  NELV
          20           2           2         128         128  NELV
           9           2           2         128         128  NELV
          16           2           2         128         128  NELV
           2           2           2         128         128  NELV
          15           2           2         128         128  NELV
           1           2           2         128         128  NELV
           0           2           2         128         128  NELV
          51           2           2         128         128  NELV
          35           2           2         128         128  NELV
          40           2           2         128         128  NELV
          59           2           2         128         128  NELV
          36           2           2         128         128  NELV
          37           2           2         128         128  NELV
          45           2           2         128         128  NELV
          57           2           2         128         128  NELV
          62           2           2         128         128  NELV
          32           2           2         128         128  NELV
          50           2           2         128         128  NELV
 RANK     0 IEG     117     118
 element load imbalance:            0           2           2
 done :: mapping elements to processors
  
           0  objects found
 118   Parameters from file:
   1      1.00000     p001 DENSITY
   2     -100.000     p002 VISCOS
   7      1.00000     p007 RHOCP
   8      1.00000     p008 CONDUCT
  11      1.00        p011 NSTEPS
  12    -0.500000E-02 p012 DT
  21     0.100000E-05 p021 DIVERGENCE
  22     0.100000E-07 p022 HELMHOLTZ
  24     0.100000E-09 p024 TOLREL
  25     0.100000E-09 p025 TOLABS
  26     0.250000     p026 COURANT/NTAU
  27      2.00000     p027 TORDER
  66      6.00000     p066 output : <0=ascii, else binary
  67      6.00000     p067 restart: <0=ascii, else binary
  99      3.00000     p099 dealiasing: <0--> off/3--> old/4--> new
 103     0.500000E-01 p103 weight of stabilizing filter (.01)
  
 nelgt/nelgv/lelt:         128         128         100
 lx1  /lx2  /lx3 :           5           5           5
 done :: read .rea file   0.12858     sec

 setup mesh topology
   Right-handed check complete for     128 elements. OK.
   setvert3d:   5        6081        9537        6081        6081
 call usrsetvert
 done :: usrsetvert

gs_setup: 3713 unique labels shared
   pairwise times (avg, min, max): 8.32755e-05 7.39098e-05 9.5892e-05
   crystal router                : 4.52954e-05 4.47989e-05 4.58956e-05
   all reduce                    : 0.000289265 0.0002877 0.000292587
   used all_to_all method: crystal router
   handle bytes (avg, min, max): 35037 26772 40404
   buffer bytes (avg, min, max): 5520 4512 5904
   setupds time 3.1258E-02 seconds   0  5        6081         128
           8  max multiplicity
 done :: setup mesh topology
  
 call usrdat
 done :: usrdat

 generate geometry data
 done :: generate geometry data
  
 call usrdat2
 done :: usrdat2

 regenerate geometry data           1
 NOTE: All elements deformed , param(59) ^=0
 done :: regenerate geometry data           1
  
 verify mesh topology
  0.000000000000000E+000   1.00000000000000       Xrange
  0.000000000000000E+000   1.00000000000000       Yrange
  0.000000000000000E+000   1.00000000000000       Zrange
 done :: verify mesh topology
  
 IFTRAN   = T
 IFFLOW   = T
 IFHEAT   = F
 IFSPLIT  = T
 IFLOMACH = F
 IFUSERVP = F
 IFUSERMV = F
 IFSTRS   = F
 IFCHAR   = F
 IFCYCLIC = F
 IFAXIS   = F
 IFMVBD   = F
 IFMELT   = F
 IFMODEL  = F
 IFKEPS   = F
 IFMOAB   = F
 IFNEKNEK = F
 IFSYNC   = T
   
 IFVCOR   = T
 IFINTQ   = F
 IFCWUZ   = F
 IFSWALL  = F
 IFGEOM   = F
 IFSURT   = F
 IFWCNO   = F
   
 IFTMSH for field           1    =  F
 IFADVC for field           1    =  T
 IFNONL for field           1    =  F
   
 Dealiasing enabled, lxd=           7
  
 Estimated eigenvalues
 EIGAA =    9.86960440108936     
 EIGGA =    17477.6287763584     
 EIGAE =    9.86960440108936     
 EIGAS =   8.333333333333333E-002
 EIGGE =    17477.6287763584     
 EIGGS =    2.00000000000000     
  
 verify mesh topology
  0.000000000000000E+000   1.00000000000000       Xrange
  0.000000000000000E+000   1.00000000000000       Yrange
  0.000000000000000E+000   1.00000000000000       Zrange
 done :: verify mesh topology
  
  E-solver strategy:  0 itr
 mg_nx:           1           2           4
 mg_ny:           1           2           4
 mg_nz:           1           2           4
 call usrsetvert
 done :: usrsetvert

gs_setup: 209 unique labels shared
   pairwise times (avg, min, max): 7.12022e-05 6.04153e-05 8.33035e-05
   crystal router                : 2.84649e-05 2.79188e-05 2.90871e-05
   all reduce                    : 6.11383e-05 6.0606e-05 6.19888e-05
   used all_to_all method: crystal router
   handle bytes (avg, min, max): 4455 3948 4764
   buffer bytes (avg, min, max): 590 496 656
   setupds time 6.9001E-03 seconds   1  2         225         128
   setvert3d:   4        3201        4225        3201        3201
 call usrsetvert
 done :: usrsetvert

gs_setup: 2065 unique labels shared
   pairwise times (avg, min, max): 7.94984e-05 6.58989e-05 9.42945e-05
   crystal router                : 2.90468e-05 2.8801e-05 2.94924e-05
   all reduce                    : 0.000219282 0.000218296 0.0002213
   used all_to_all method: crystal router
   handle bytes (avg, min, max): 21315 16668 24300
   buffer bytes (avg, min, max): 3296 2704 3600
   setupds time 1.5383E-02 seconds   2  4        3201         128
   setvert3d:   3        1249        1377        1249        1249
 call usrsetvert
 done :: usrsetvert

gs_setup: 897 unique labels shared
   pairwise times (avg, min, max): 7.69246e-05 6.74009e-05 8.85963e-05
   crystal router                : 2.97327e-05 2.92063e-05 3.03984e-05
   all reduce                    : 0.000101936 0.000101209 0.000102806
   used all_to_all method: crystal router
   handle bytes (avg, min, max): 11121 9060 12420
   buffer bytes (avg, min, max): 1668 1392 1856
   setupds time 9.8450E-03 seconds   3  3        1249         128
   setvert3d:   5        6081        9537        6081        6081
 call usrsetvert
 done :: usrsetvert

gs_setup: 3713 unique labels shared
   pairwise times (avg, min, max): 8.02133e-05 6.95944e-05 9.25779e-05
   crystal router                : 3.64132e-05 3.59058e-05 3.6788e-05
   all reduce                    : 0.000257128 0.000254297 0.000264192
   used all_to_all method: crystal router
   handle bytes (avg, min, max): 35037 26772 40404
   buffer bytes (avg, min, max): 5520 4512 5904
   setupds time 2.1558E-02 seconds   4  5        6081         128
 regenerate geometry data           1
 NOTE: All elements deformed , param(59) ^=0
 done :: regenerate geometry data           1
  
 h1_mg_nx:           1           2           4
 h1_mg_ny:           1           2           4
 h1_mg_nz:           1           2           4
 call usrsetvert
 done :: usrsetvert

gs_setup: 209 unique labels shared
   pairwise times (avg, min, max): 7.11657e-05 6.17981e-05 8.28028e-05
   crystal router                : 2.76227e-05 2.72036e-05 2.83003e-05
   all reduce                    : 6.30721e-05 5.88894e-05 6.73056e-05
   used all_to_all method: crystal router
   handle bytes (avg, min, max): 4455 3948 4764
   buffer bytes (avg, min, max): 590 496 656
   setupds time 7.3771E-03 seconds   5  2         225         128
   setvert3d:   4        3201        4225        3201        3201
 call usrsetvert
 done :: usrsetvert

gs_setup: 2065 unique labels shared
   pairwise times (avg, min, max): 7.62321e-05 6.7997e-05 8.60929e-05
   crystal router                : 3.08085e-05 3.05176e-05 3.11136e-05
   all reduce                    : 0.000244598 0.000243306 0.000246906
   used all_to_all method: crystal router
   handle bytes (avg, min, max): 21315 16668 24300
   buffer bytes (avg, min, max): 3296 2704 3600
   setupds time 1.6274E-02 seconds   6  4        3201         128
   setvert3d:   3        1249        1377        1249        1249
 call usrsetvert
 done :: usrsetvert

gs_setup: 897 unique labels shared
   pairwise times (avg, min, max): 6.77433e-05 5.77927e-05 7.92027e-05
   crystal router                : 3.05802e-05 3.01123e-05 3.09944e-05
   all reduce                    : 0.000107638 0.000107002 0.000108099
   used all_to_all method: crystal router
   handle bytes (avg, min, max): 11121 9060 12420
   buffer bytes (avg, min, max): 1668 1392 1856
   setupds time 8.0919E-03 seconds   7  3        1249         128
   setvert3d:   5        6081        9537        6081        6081
 call usrsetvert
 done :: usrsetvert

gs_setup: 3713 unique labels shared
   pairwise times (avg, min, max): 7.18895e-05 6.17981e-05 8.30889e-05
   crystal router                : 3.47942e-05 3.44038e-05 3.51906e-05
   all reduce                    : 0.000263601 0.000262094 0.000266719
   used all_to_all method: crystal router
   handle bytes (avg, min, max): 35037 26772 40404
   buffer bytes (avg, min, max): 5520 4512 5904
   setupds time 2.0361E-02 seconds   8  5        6081         128
   setvert3d:   5        6081        9537        6081        6081
 call usrsetvert
 done :: usrsetvert

gs_setup: 3713 unique labels shared
   pairwise times (avg, min, max): 7.22166e-05 6.27041e-05 8.33035e-05
   crystal router                : 6.55964e-05 6.51121e-05 6.61135e-05
   all reduce                    : 0.000252047 0.000250697 0.000254488
   used all_to_all method: crystal router
   handle bytes (avg, min, max): 35037 26772 40404
   buffer bytes (avg, min, max): 5520 4512 5904
   setupds time 1.6294E-02 seconds   9  5        6081         128
   setvert3d:   7       14625       30625       14625       14625
 call usrsetvert
 done :: usrsetvert

gs_setup: 8449 unique labels shared
   pairwise times (avg, min, max): 6.46465e-05 5.60999e-05 7.51019e-05
   crystal router                : 4.67256e-05 4.58956e-05 4.73022e-05
   all reduce                    : 0.000616415 0.000613689 0.000619197
   used all_to_all method: crystal router
   handle bytes (avg, min, max): 73065 54468 85284
   buffer bytes (avg, min, max): 11728 9440 12880
   setupds time 3.3688E-02 seconds  10  7       14625         128
 setup h1 coarse grid, nx_crs=           2
 call usrsetvert
 done :: usrsetvert

gs_setup: 209 unique labels shared
   pairwise times (avg, min, max): 7.15513e-05 6.32048e-05 8.14915e-05
   crystal router                : 2.84601e-05 2.7585e-05 2.92778e-05
   all reduce                    : 6.52701e-05 6.32048e-05 6.72102e-05
   used all_to_all method: crystal router
   handle bytes (avg, min, max): 4455 3948 4764
   buffer bytes (avg, min, max): 590 496 656
 done :: setup h1 coarse grid   1.447486877441406E-002  sec
  
 call usrdat3
 done :: usrdat3

 set initial conditions
 nekuic (1) for ifld            1
 call nekuic for vel  
 xyz min     0.0000       0.0000       0.0000    
 uvwpt min   0.0000       0.0000       0.0000       0.0000       0.0000    
 PS min      0.0000       0.0000      0.99000E+22
 xyz max     1.0000       1.0000       1.0000    
 uvwpt max   0.0000       0.0000       0.0000       0.0000       0.0000    
 PS max      0.0000       0.0000     -0.99000E+22
 done :: set initial conditions
  
 call userchk
GFM max:  2.2475E-02  2.2475E-02  8.9898E-02  9.4144E-17  2.8520E-16  2.8520E-16
 
nelt =       2, np =        64, nx1 =       5, elements =       128
Solve Time =   0.6270E-08
 
nelt =       2, np =        64, nx1 =       5, elements =       128
Solve Time =   0.5844E-08
 
nelt =       2, np =        64, nx1 =       5, elements =       128
Solve Time =   0.5688E-08
 
nelt =       2, np =        64, nx1 =       5, elements =       128
Solve Time =   0.5748E-08
 
nelt =       2, np =        64, nx1 =       5, elements =       128
Solve Time =   0.5739E-08
 
nelt =       2, np =        64, nx1 =       5, elements =       128
Solve Time =   0.5767E-08
 
nelt =       2, np =        64, nx1 =       5, elements =       128
Solve Time =   0.1383E-07
 
nelt =       2, np =        64, nx1 =       5, elements =       128
Solve Time =   0.1346E-07
 
nelt =       2, np =        64, nx1 =       5, elements =       128
Solve Time =   0.1340E-07
 
nelt =       2, np =        64, nx1 =       5, elements =       128
Solve Time =   0.1510E-07
 
nelt =       2, np =        64, nx1 =       5, elements =       128
Solve Time =   0.3383E-07
 
nelt =       2, np =        64, nx1 =       5, elements =       128
Solve Time =   0.1169E-07
 
nelt =       2, np =        64, nx1 =       5, elements =       128
Solve Time =   0.1040E-07
 
nelt =       2, np =        64, nx1 =       5, elements =       128
Solve Time =   0.1115E-07
 
nelt =       2, np =        64, nx1 =       5, elements =       128
Solve Time =   0.1056E-07
 
nelt =       2, np =        64, nx1 =       5, elements =       128
Solve Time =   0.1029E-07
 
nelt =       2, np =        64, nx1 =       5, elements =       128
Solve Time =   0.1002E-07
 
nelt =       2, np =        64, nx1 =       5, elements =       128
Solve Time =   0.9502E-08
 
nelt =       2, np =        64, nx1 =       5, elements =       128
Solve Time =   0.9249E-08
 
nelt =       2, np =        64, nx1 =       5, elements =       128
Solve Time =   0.9894E-08
 
nelt =       2, np =        64, nx1 =       5, elements =       128
Solve Time =   0.2656E-07
 
nelt =       2, np =        64, nx1 =       5, elements =       128
Solve Time =   0.1152E-07
 
nelt =       2, np =        64, nx1 =       5, elements =       128
Solve Time =   0.1169E-07
 
nelt =       2, np =        64, nx1 =       5, elements =       128
Solve Time =   0.7813E-08
 
nelt =       2, np =        64, nx1 =       5, elements =       128
Solve Time =   0.1166E-07
 
nelt =       2, np =        64, nx1 =       5, elements =       128
Solve Time =   0.1196E-07
 
nelt =       2, np =        64, nx1 =       5, elements =       128
Solve Time =   0.1083E-07
 
nelt =       2, np =        64, nx1 =       5, elements =       128
Solve Time =   0.1108E-07
 
nelt =       2, np =        64, nx1 =       5, elements =       128
Solve Time =   0.1054E-07
 
nelt =       2, np =        64, nx1 =       5, elements =       128
Solve Time =   0.1054E-07
 
nelt =       2, np =        64, nx1 =       5, elements =       128
Solve Time =   0.2940E-07
 
nelt =       2, np =        64, nx1 =       5, elements =       128
Solve Time =   0.1219E-07
 
nelt =       2, np =        64, nx1 =       5, elements =       128
Solve Time =   0.1175E-07
 
nelt =       2, np =        64, nx1 =       5, elements =       128
Solve Time =   0.1165E-07
 
nelt =       2, np =        64, nx1 =       5, elements =       128
Solve Time =   0.1254E-07
 
nelt =       2, np =        64, nx1 =       5, elements =       128
Solve Time =   0.1150E-07
 
nelt =       2, np =        64, nx1 =       5, elements =       128
Solve Time =   0.1162E-07
 
nelt =       2, np =        64, nx1 =       5, elements =       128
Solve Time =   0.1121E-07
 
nelt =       2, np =        64, nx1 =       5, elements =       128
Solve Time =   0.1141E-07
 
nelt =       2, np =        64, nx1 =       5, elements =       128
Solve Time =   0.1160E-07
 
nelt =       2, np =        64, nx1 =       5, elements =       128
Solve Time =   0.3212E-07
 
nelt =       2, np =        64, nx1 =       5, elements =       128
Solve Time =   0.1488E-07
 
nelt =       2, np =        64, nx1 =       5, elements =       128
Solve Time =   0.1336E-07
 
nelt =       2, np =        64, nx1 =       5, elements =       128
Solve Time =   0.1541E-07
 
nelt =       2, np =        64, nx1 =       5, elements =       128
Solve Time =   0.1348E-07
 
nelt =       2, np =        64, nx1 =       5, elements =       128
Solve Time =   0.1329E-07
 
nelt =       2, np =        64, nx1 =       5, elements =       128
Solve Time =   0.1321E-07
 
nelt =       2, np =        64, nx1 =       5, elements =       128
Solve Time =   0.1283E-07
 
nelt =       2, np =        64, nx1 =       5, elements =       128
Solve Time =   0.1360E-07
 
nelt =       2, np =        64, nx1 =       5, elements =       128
Solve Time =   0.1298E-07
 schfile:
 /gpfs/theta-fs1/home/thilina/env/lx5/b7.sch                                    
                                                      
  5      128  1.0000E+00  1.0000E+00  1.0000E+00  error v
  5      128  1.0000E+00  1.0000E+00  1.0000E+00  error v
  5      128  1.0000E+00  1.0000E+00  1.0000E+00  error v
  5      128  1.0000E+00  1.0000E+00  1.0000E+00  error v
  5      128  1.0000E+00  1.0000E+00  1.0000E+00  error v
  5      128  1.0000E+00  1.0000E+00  1.0000E+00  error v
  5      128  1.0000E+00  1.0000E+00  1.0000E+00  error v
  5      128  1.0000E+00  1.0000E+00  1.0000E+00  error v
  5      128  1.0000E+00  1.0000E+00  1.0000E+00  error v
  5      128  1.0000E+00  1.0000E+00  1.0000E+00  error v
  5      128  1.0000E+00  1.0000E+00  1.0000E+00  error v
  5      128  1.0000E+00  1.0000E+00  1.0000E+00  error v
  5      128  1.0000E+00  1.0000E+00  1.0000E+00  error v
  5      128  1.0000E+00  1.0000E+00  1.0000E+00  error v
  5      128  1.0000E+00  1.0000E+00  1.0000E+00  error v
  5      128  1.0000E+00  1.0000E+00  1.0000E+00  error v
  5      128  1.0000E+00  1.0000E+00  1.0000E+00  error v
  5      128  1.0000E+00  1.0000E+00  1.0000E+00  error v
  5      128  1.0000E+00  1.0000E+00  1.0000E+00  error v
  5      128  1.0000E+00  1.0000E+00  1.0000E+00  error v
  5      128  1.0000E+00  1.0000E+00  1.0000E+00  error v
  5      128  1.0000E+00  1.0000E+00  1.0000E+00  error v
  5      128  1.0000E+00  1.0000E+00  1.0000E+00  error v
  5      128  1.0000E+00  1.0000E+00  1.0000E+00  error v
  5      128  1.0000E+00  1.0000E+00  1.0000E+00  error v
  5      128  1.0000E+00  1.0000E+00  1.0000E+00  error v
  5      128  1.0000E+00  1.0000E+00  1.0000E+00  error v
  5      128  1.0000E+00  1.0000E+00  1.0000E+00  error v
  5      128  1.0000E+00  1.0000E+00  1.0000E+00  error v
  5      128  1.0000E+00  1.0000E+00  1.0000E+00  error v
  5      128  1.0000E+00  1.0000E+00  1.0000E+00  error v
  5      128  1.0000E+00  1.0000E+00  1.0000E+00  error v
  5      128  1.0000E+00  1.0000E+00  1.0000E+00  error v
  5      128  1.0000E+00  1.0000E+00  1.0000E+00  error v
  5      128  1.0000E+00  1.0000E+00  1.0000E+00  error v
  5      128  1.0000E+00  1.0000E+00  1.0000E+00  error v
  5      128  1.0000E+00  1.0000E+00  1.0000E+00  error v
  5      128  1.0000E+00  1.0000E+00  1.0000E+00  error v
  5      128  1.0000E+00  1.0000E+00  1.0000E+00  error v
  5      128  1.0000E+00  1.0000E+00  1.0000E+00  error v
  5      128  1.0000E+00  1.0000E+00  1.0000E+00  error v
  5      128  1.0000E+00  1.0000E+00  1.0000E+00  error v
  5      128  1.0000E+00  1.0000E+00  1.0000E+00  error v
  5      128  1.0000E+00  1.0000E+00  1.0000E+00  error v
  5      128  1.0000E+00  1.0000E+00  1.0000E+00  error v
  5      128  1.0000E+00  1.0000E+00  1.0000E+00  error v
  5      128  1.0000E+00  1.0000E+00  1.0000E+00  error v
  5      128  1.0000E+00  1.0000E+00  1.0000E+00  error v
  5      128  1.0000E+00  1.0000E+00  1.0000E+00  error v
  5      128  1.0000E+00  1.0000E+00  1.0000E+00  error v
  5      128  1.0000E+00  1.0000E+00  1.0000E+00  error v
  5      128  1.0000E+00  1.0000E+00  1.0000E+00  error v
  5      128  1.0000E+00  1.0000E+00  1.0000E+00  error v
  5      128  1.0000E+00  1.0000E+00  1.0000E+00  error v
  5      128  1.0000E+00  1.0000E+00  1.0000E+00  error v
  5      128  1.0000E+00  1.0000E+00  1.0000E+00  error v
  5      128  1.0000E+00  1.0000E+00  1.0000E+00  error v
  5      128  1.0000E+00  1.0000E+00  1.0000E+00  error v
  5      128  1.0000E+00  1.0000E+00  1.0000E+00  error v
  5      128  1.0000E+00  1.0000E+00  1.0000E+00  error v
  5      128  1.0000E+00  1.0000E+00  1.0000E+00  error v
  5      128  1.0000E+00  1.0000E+00  1.0000E+00  error v
  5      128  1.0000E+00  1.0000E+00  1.0000E+00  error v
  5      128  1.0000E+00  1.0000E+00  1.0000E+00  error v
 
nelt =       2, np =        64, nx1 =       5, elements =       128
Solve Time =   0.1233E-07
 
nelt =       2, np =        64, nx1 =       5, elements =       128
Solve Time =   0.1186E-07
 
nelt =       2, np =        64, nx1 =       5, elements =       128
Solve Time =   0.1177E-07
 
nelt =       2, np =        64, nx1 =       5, elements =       128
Solve Time =   0.1191E-07
 
nelt =       2, np =        64, nx1 =       5, elements =       128
Solve Time =   0.1172E-07
 
nelt =       2, np =        64, nx1 =       5, elements =       128
Solve Time =   0.1183E-07
 
nelt =       2, np =        64, nx1 =       5, elements =       128
Solve Time =   0.1181E-07
 
nelt =       2, np =        64, nx1 =       5, elements =       128
Solve Time =   0.1172E-07
 
nelt =       2, np =        64, nx1 =       5, elements =       128
Solve Time =   0.1176E-07
 
nelt =       2, np =        64, nx1 =       5, elements =       128
Solve Time =   0.1175E-07
  5      128  6.0210E-07  6.0210E-07  6.0210E-07  error s
  5      128  6.0210E-07  6.0210E-07  6.0210E-07  error s
  5      128  6.0210E-07  6.0210E-07  6.0210E-07  error s
  5      128  6.0210E-07  6.0210E-07  6.0210E-07  error s
  5      128  6.0210E-07  6.0210E-07  6.0210E-07  error s
  5      128  6.0210E-07  6.0210E-07  6.0210E-07  error s
  5      128  6.0210E-07  6.0210E-07  6.0210E-07  error s
  5      128  6.0210E-07  6.0210E-07  6.0210E-07  error s
  5      128  6.0210E-07  6.0210E-07  6.0210E-07  error s
  5      128  6.0210E-07  6.0210E-07  6.0210E-07  error s
  5      128  6.0210E-07  6.0210E-07  6.0210E-07  error s
  5      128  6.0210E-07  6.0210E-07  6.0210E-07  error s
  5      128  6.0210E-07  6.0210E-07  6.0210E-07  error s
  5      128  6.0210E-07  6.0210E-07  6.0210E-07  error s
  5      128  6.0210E-07  6.0210E-07  6.0210E-07  error s
  5      128  6.0210E-07  6.0210E-07  6.0210E-07  error s
  5      128  6.0210E-07  6.0210E-07  6.0210E-07  error s
  5      128  6.0210E-07  6.0210E-07  6.0210E-07  error s
  5      128  6.0210E-07  6.0210E-07  6.0210E-07  error s
  5      128  6.0210E-07  6.0210E-07  6.0210E-07  error s
  5      128  6.0210E-07  6.0210E-07  6.0210E-07  error s
  5      128  6.0210E-07  6.0210E-07  6.0210E-07  error s
  5      128  6.0210E-07  6.0210E-07  6.0210E-07  error s
  5      128  6.0210E-07  6.0210E-07  6.0210E-07  error s
  5      128  6.0210E-07  6.0210E-07  6.0210E-07  error s
  5      128  6.0210E-07  6.0210E-07  6.0210E-07  error s
  5      128  6.0210E-07  6.0210E-07  6.0210E-07  error s
  5      128  6.0210E-07  6.0210E-07  6.0210E-07  error s
  5      128  6.0210E-07  6.0210E-07  6.0210E-07  error s
  5      128  6.0210E-07  6.0210E-07  6.0210E-07  error s
  5      128  6.0210E-07  6.0210E-07  6.0210E-07  error s
  5      128  6.0210E-07  6.0210E-07  6.0210E-07  error s
  5      128  6.0210E-07  6.0210E-07  6.0210E-07  error s
  5      128  6.0210E-07  6.0210E-07  6.0210E-07  error s
  5      128  6.0210E-07  6.0210E-07  6.0210E-07  error s
  5      128  6.0210E-07  6.0210E-07  6.0210E-07  error s
  5      128  6.0210E-07  6.0210E-07  6.0210E-07  error s
  5      128  6.0210E-07  6.0210E-07  6.0210E-07  error s
  5      128  6.0210E-07  6.0210E-07  6.0210E-07  error s
  5      128  6.0210E-07  6.0210E-07  6.0210E-07  error s
  5      128  6.0210E-07  6.0210E-07  6.0210E-07  error s
  5      128  6.0210E-07  6.0210E-07  6.0210E-07  error s
  5      128  6.0210E-07  6.0210E-07  6.0210E-07  error s
  5      128  6.0210E-07  6.0210E-07  6.0210E-07  error s
  5      128  6.0210E-07  6.0210E-07  6.0210E-07  error s
  5      128  6.0210E-07  6.0210E-07  6.0210E-07  error s
  5      128  6.0210E-07  6.0210E-07  6.0210E-07  error s
  5      128  6.0210E-07  6.0210E-07  6.0210E-07  error s
  5      128  6.0210E-07  6.0210E-07  6.0210E-07  error s
  5      128  6.0210E-07  6.0210E-07  6.0210E-07  error s
  5      128  6.0210E-07  6.0210E-07  6.0210E-07  error s
  5      128  6.0210E-07  6.0210E-07  6.0210E-07  error s
  5      128  6.0210E-07  6.0210E-07  6.0210E-07  error s
  5      128  6.0210E-07  6.0210E-07  6.0210E-07  error s
  5      128  6.0210E-07  6.0210E-07  6.0210E-07  error s
  5      128  6.0210E-07  6.0210E-07  6.0210E-07  error s
  5      128  6.0210E-07  6.0210E-07  6.0210E-07  error s
  5      128  6.0210E-07  6.0210E-07  6.0210E-07  error s
  5      128  6.0210E-07  6.0210E-07  6.0210E-07  error s
  5      128  6.0210E-07  6.0210E-07  6.0210E-07  error s
  5      128  6.0210E-07  6.0210E-07  6.0210E-07  error s
  5      128  6.0210E-07  6.0210E-07  6.0210E-07  error s
  5      128  6.0210E-07  6.0210E-07  6.0210E-07  error s
  5      128  6.0210E-07  6.0210E-07  6.0210E-07  error s
 
nelt =       2, np =        64, nx1 =       5, elements =       128
Solve Time =   0.1066E-07
 
nelt =       2, np =        64, nx1 =       5, elements =       128
Solve Time =   0.1002E-07
 
nelt =       2, np =        64, nx1 =       5, elements =       128
Solve Time =   0.9894E-08
 
nelt =       2, np =        64, nx1 =       5, elements =       128
Solve Time =   0.9934E-08
 
nelt =       2, np =        64, nx1 =       5, elements =       128
Solve Time =   0.9984E-08
 
nelt =       2, np =        64, nx1 =       5, elements =       128
Solve Time =   0.1005E-07
 
nelt =       2, np =        64, nx1 =       5, elements =       128
Solve Time =   0.9959E-08
 
nelt =       2, np =        64, nx1 =       5, elements =       128
Solve Time =   0.9832E-08
 
nelt =       2, np =        64, nx1 =       5, elements =       128
Solve Time =   0.9876E-08
 
nelt =       2, np =        64, nx1 =       5, elements =       128
Solve Time =   0.1001E-07
  5      128  6.0210E-07  6.0210E-07  6.0210E-07  error n
  5      128  6.0210E-07  6.0210E-07  6.0210E-07  error n
  5      128  6.0210E-07  6.0210E-07  6.0210E-07  error n
  5      128  6.0210E-07  6.0210E-07  6.0210E-07  error n
  5      128  6.0210E-07  6.0210E-07  6.0210E-07  error n
  5      128  6.0210E-07  6.0210E-07  6.0210E-07  error n
  5      128  6.0210E-07  6.0210E-07  6.0210E-07  error n
  5      128  6.0210E-07  6.0210E-07  6.0210E-07  error n
  5      128  6.0210E-07  6.0210E-07  6.0210E-07  error n
  5      128  6.0210E-07  6.0210E-07  6.0210E-07  error n
  5      128  6.0210E-07  6.0210E-07  6.0210E-07  error n
   4      128  100  0.0000E+00  0.0000E+00  0.0000E+00 time for 3 hmholtz
  5      128  6.0210E-07  6.0210E-07  6.0210E-07  error n
  5      128  6.0210E-07  6.0210E-07  6.0210E-07  error n
  5      128  6.0210E-07  6.0210E-07  6.0210E-07  error n
  5      128  6.0210E-07  6.0210E-07  6.0210E-07  error n
  5      128  6.0210E-07  6.0210E-07  6.0210E-07  error n
  5      128  6.0210E-07  6.0210E-07  6.0210E-07  error n
  5      128  6.0210E-07  6.0210E-07  6.0210E-07  error n
  5      128  6.0210E-07  6.0210E-07  6.0210E-07  error n
  5      128  6.0210E-07  6.0210E-07  6.0210E-07  error n
  5      128  6.0210E-07  6.0210E-07  6.0210E-07  error n
  5      128  6.0210E-07  6.0210E-07  6.0210E-07  error n
  5      128  6.0210E-07  6.0210E-07  6.0210E-07  error n
  5      128  6.0210E-07  6.0210E-07  6.0210E-07  error n
  5      128  6.0210E-07  6.0210E-07  6.0210E-07  error n
  5      128  6.0210E-07  6.0210E-07  6.0210E-07  error n
  5      128  6.0210E-07  6.0210E-07  6.0210E-07  error n
  5      128  6.0210E-07  6.0210E-07  6.0210E-07  error n
  5      128  6.0210E-07  6.0210E-07  6.0210E-07  error n
  5      128  6.0210E-07  6.0210E-07  6.0210E-07  error n
  5      128  6.0210E-07  6.0210E-07  6.0210E-07  error n
  5      128  6.0210E-07  6.0210E-07  6.0210E-07  error n
  5      128  6.0210E-07  6.0210E-07  6.0210E-07  error n
  5      128  6.0210E-07  6.0210E-07  6.0210E-07  error n
  5      128  6.0210E-07  6.0210E-07  6.0210E-07  error n
  5      128  6.0210E-07  6.0210E-07  6.0210E-07  error n
  5      128  6.0210E-07  6.0210E-07  6.0210E-07  error n
  5      128  6.0210E-07  6.0210E-07  6.0210E-07  error n
  5      128  6.0210E-07  6.0210E-07  6.0210E-07  error n
EXIT: quit after cggov          4
  5      128  6.0210E-07  6.0210E-07  6.0210E-07  error n
  5      128  6.0210E-07  6.0210E-07  6.0210E-07  error n
  5      128  6.0210E-07  6.0210E-07  6.0210E-07  error n
  5      128  6.0210E-07  6.0210E-07  6.0210E-07  error n
  5      128  6.0210E-07  6.0210E-07  6.0210E-07  error n
  5      128  6.0210E-07  6.0210E-07  6.0210E-07  error n
  5      128  6.0210E-07  6.0210E-07  6.0210E-07  error n
  5      128  6.0210E-07  6.0210E-07  6.0210E-07  error n
  5      128  6.0210E-07  6.0210E-07  6.0210E-07  error n
  5      128  6.0210E-07  6.0210E-07  6.0210E-07  error n
  5      128  6.0210E-07  6.0210E-07  6.0210E-07  error n
  5      128  6.0210E-07  6.0210E-07  6.0210E-07  error n
  5      128  6.0210E-07  6.0210E-07  6.0210E-07  error n
  5      128  6.0210E-07  6.0210E-07  6.0210E-07  error n
  5      128  6.0210E-07  6.0210E-07  6.0210E-07  error n
  5      128  6.0210E-07  6.0210E-07  6.0210E-07  error n
  5      128  6.0210E-07  6.0210E-07  6.0210E-07  error n
  5      128  6.0210E-07  6.0210E-07  6.0210E-07  error n
  5      128  6.0210E-07  6.0210E-07  6.0210E-07  error n
  5      128  6.0210E-07  6.0210E-07  6.0210E-07  error n
  5      128  6.0210E-07  6.0210E-07  6.0210E-07  error n
  5      128  6.0210E-07  6.0210E-07  6.0210E-07  error n
  5      128  6.0210E-07  6.0210E-07  6.0210E-07  error n
  5      128  6.0210E-07  6.0210E-07  6.0210E-07  error n
  5      128  6.0210E-07  6.0210E-07  6.0210E-07  error n
  
call exitt: dying ...
  
backtrace(): obtained 8 stack frames.
./nek5000() [0x76e245]
./nek5000() [0x951a99]
./nek5000() [0x40d33c]
./nek5000() [0x426a66]
./nek5000() [0x42501e]
./nek5000() [0x4054fe]
/lib64/libc.so.6(__libc_start_main+0xf5) [0x2aaab1ca3b25]
./nek5000() [0x405409]
  
total elapsed time             :   5.13874E+00 sec
total solver time incl. I/O    :   0.00000E+00 sec
time/timestep                  :   0.00000E+00 sec
CPU seconds/timestep/gridpt    :   0.00000E+00 sec

Application 2256073 resources: utime ~332s, stime ~18s, Rss ~22272, inblocks ~0, outblocks ~0
