/----------------------------------------------------------\\
|      _   __ ______ __ __  ______  ____   ____   ____     |
|     / | / // ____// //_/ / ____/ / __ \\/ __ \\/ __ \\   |
|    /  |/ // __/  / ,<   /___ \\ / / / // / / // / / /    |
|   / /|  // /___ / /| | ____/ / / /_/ // /_/ // /_/ /     |
|  /_/ |_//_____//_/ |_|/_____/  \\___/ \\___/ \\___/      |
|                                                          |
|----------------------------------------------------------|
|                                                          |
| NEK5000:  Open Source Spectral Element Solver            |
| COPYRIGHT (c) 2008-2016 UCHICAGO ARGONNE, LLC            |
| Version:  16.0.0                                         |
| Web:      http://nek5000.mcs.anl.gov                     |
|                                                          |
\\----------------------------------------------------------/
                                                              

 Number of processors:        8192
 REAL    wdsize      :           8
 INTEGER wdsize      :           4
 Timer accuracy      : 2.86E-07
 Reading /gpfs/theta-fs1/home/thilina/env/lx5/b14.rea                                                                                        

 mapping elements to processors
 Reading /gpfs/theta-fs1/home/thilina/env/lx5/b14.map                                                                                        
 element load imbalance:            0           2           2
 done :: mapping elements to processors
  
           0  objects found
 118   Parameters from file:
   1      1.00000     p001 DENSITY
   2     -100.000     p002 VISCOS
   7      1.00000     p007 RHOCP
   8      1.00000     p008 CONDUCT
  11      1.00        p011 NSTEPS
  12    -0.500000E-02 p012 DT
  21     0.100000E-05 p021 DIVERGENCE
  22     0.100000E-07 p022 HELMHOLTZ
  24     0.100000E-09 p024 TOLREL
  25     0.100000E-09 p025 TOLABS
  26     0.250000     p026 COURANT/NTAU
  27      2.00000     p027 TORDER
  66      6.00000     p066 output : <0=ascii, else binary
  67      6.00000     p067 restart: <0=ascii, else binary
  99      3.00000     p099 dealiasing: <0--> off/3--> old/4--> new
 103     0.500000E-01 p103 weight of stabilizing filter (.01)
  
 nelgt/nelgv/lelt:       16384       16384         100
 lx1  /lx2  /lx3 :           5           5           5
 done :: read .rea file    853.72     sec

 setup mesh topology
   Right-handed check complete for   16384 elements. OK.
   setvert3d:   5      639666     1082034      639666      639666
 call usrsetvert
 done :: usrsetvert

gs_setup: 524633 unique labels shared
   pairwise times (avg, min, max): 0.00013064 0.00010581 0.000170612
   crystal router                : 0.000328182 0.0003196 0.000338793
   used all_to_all method: pairwise
   handle bytes (avg, min, max): 6192.64 3596 6524
   buffer bytes (avg, min, max): 4678.17 2160 5024
   setupds time 9.5845E-02 seconds   0  5      639666       16384
           8  max multiplicity
 done :: setup mesh topology
  
 call usrdat
 done :: usrdat

 generate geometry data
 done :: generate geometry data
  
 call usrdat2
 done :: usrdat2

 regenerate geometry data           1
 NOTE: All elements deformed , param(59) ^=0
 done :: regenerate geometry data           1
  
 verify mesh topology
  0.000000000000000E+000   1.00000000000000       Xrange
  0.000000000000000E+000   1.00000000000000       Yrange
  0.000000000000000E+000   1.00000000000000       Zrange
 done :: verify mesh topology
  
 IFTRAN   = T
 IFFLOW   = T
 IFHEAT   = F
 IFSPLIT  = T
 IFLOMACH = F
 IFUSERVP = F
 IFUSERMV = F
 IFSTRS   = F
 IFCHAR   = F
 IFCYCLIC = F
 IFAXIS   = F
 IFMVBD   = F
 IFMELT   = F
 IFMODEL  = F
 IFKEPS   = F
 IFMOAB   = F
 IFNEKNEK = F
 IFSYNC   = T
   
 IFVCOR   = T
 IFINTQ   = F
 IFCWUZ   = F
 IFSWALL  = F
 IFGEOM   = F
 IFSURT   = F
 IFWCNO   = F
   
 IFTMSH for field           1    =  F
 IFADVC for field           1    =  T
 IFNONL for field           1    =  F
   
 Dealiasing enabled, lxd=           7
  
 Estimated eigenvalues
 EIGAA =    9.86960440108936     
 EIGGA =    421138.296660463     
 EIGAE =    9.86960440108936     
 EIGAS =   8.333333333333333E-002
 EIGGE =    421138.296660463     
 EIGGS =    2.00000000000000     
  
 verify mesh topology
  0.000000000000000E+000   1.00000000000000       Xrange
  0.000000000000000E+000   1.00000000000000       Yrange
  0.000000000000000E+000   1.00000000000000       Zrange
 done :: verify mesh topology
  
  E-solver strategy:  0 itr
 mg_nx:           1           2           4
 mg_ny:           1           2           4
 mg_nz:           1           2           4
 call usrsetvert
 done :: usrsetvert

gs_setup: 18473 unique labels shared
   pairwise times (avg, min, max): 0.000127765 9.19104e-05 0.000175595
   crystal router                : 0.000167783 0.000163698 0.000173092
   all reduce                    : 0.00161973 0.0016094 0.0016345
   used all_to_all method: crystal router
   handle bytes (avg, min, max): 8788.04 7556 10820
   buffer bytes (avg, min, max): 706 496 720
   setupds time 4.5293E-02 seconds   1  2       18513       16384
   setvert3d:   4      330133      461205      330133      330133
 call usrsetvert
 done :: usrsetvert

gs_setup: 278089 unique labels shared
   pairwise times (avg, min, max): 0.000121557 0.000101995 0.000141692
   crystal router                : 0.000277169 0.000273585 0.000291896
   used all_to_all method: pairwise
   handle bytes (avg, min, max): 4131.95 2380 4372
   buffer bytes (avg, min, max): 3143.55 1408 3392
   setupds time 3.1037E-02 seconds   2  4      330133       16384
   setvert3d:   3      123082      139466      123082      123082
 call usrsetvert
 done :: usrsetvert

gs_setup: 109369 unique labels shared
   pairwise times (avg, min, max): 0.000119439 9.72986e-05 0.000157285
   crystal router                : 0.00025013 0.000234604 0.000265598
   used all_to_all method: pairwise
   handle bytes (avg, min, max): 2575.27 1452 2748
   buffer bytes (avg, min, max): 1912.92 816 2080
   setupds time 2.2148E-02 seconds   3  3      123082       16384
   setvert3d:   5      639666     1082034      639666      639666
 call usrsetvert
 done :: usrsetvert

gs_setup: 524633 unique labels shared
   pairwise times (avg, min, max): 0.00012474 9.78947e-05 0.000149298
   crystal router                : 0.000297471 0.000284219 0.000305605
   used all_to_all method: pairwise
   handle bytes (avg, min, max): 6192.64 3596 6524
   buffer bytes (avg, min, max): 4678.17 2160 5024
   setupds time 5.3485E-02 seconds   4  5      639666       16384
 regenerate geometry data           1
 NOTE: All elements deformed , param(59) ^=0
 done :: regenerate geometry data           1
  
 h1_mg_nx:           1           2           4
 h1_mg_ny:           1           2           4
 h1_mg_nz:           1           2           4
 call usrsetvert
 done :: usrsetvert

gs_setup: 18473 unique labels shared
   pairwise times (avg, min, max): 0.00011996 9.63211e-05 0.000187898
   crystal router                : 0.000195527 0.000188994 0.000202298
   all reduce                    : 0.00164842 0.0016398 0.00166838
   used all_to_all method: pairwise
   handle bytes (avg, min, max): 1522.58 812 1652
   buffer bytes (avg, min, max): 986.297 384 1088
   setupds time 4.4878E-02 seconds   5  2       18513       16384
   setvert3d:   4      330133      461205      330133      330133
 call usrsetvert
 done :: usrsetvert

gs_setup: 278089 unique labels shared
   pairwise times (avg, min, max): 0.000119295 9.47952e-05 0.000141597
   crystal router                : 0.000283342 0.000265312 0.000293493
   used all_to_all method: pairwise
   handle bytes (avg, min, max): 4131.95 2380 4372
   buffer bytes (avg, min, max): 3143.55 1408 3392
   setupds time 3.1726E-02 seconds   6  4      330133       16384
   setvert3d:   3      123082      139466      123082      123082
 call usrsetvert
 done :: usrsetvert

gs_setup: 109369 unique labels shared
   pairwise times (avg, min, max): 0.000117527 9.63211e-05 0.000142598
   crystal router                : 0.000216849 0.00021162 0.000229597
   used all_to_all method: pairwise
   handle bytes (avg, min, max): 2575.27 1452 2748
   buffer bytes (avg, min, max): 1912.92 816 2080
   setupds time 1.9749E-02 seconds   7  3      123082       16384
   setvert3d:   5      639666     1082034      639666      639666
 call usrsetvert
 done :: usrsetvert

gs_setup: 524633 unique labels shared
   pairwise times (avg, min, max): 0.000125414 0.000102901 0.000172305
   crystal router                : 0.000339274 0.000331688 0.000360417
   used all_to_all method: pairwise
   handle bytes (avg, min, max): 6192.64 3596 6524
   buffer bytes (avg, min, max): 4678.17 2160 5024
   setupds time 5.2560E-02 seconds   8  5      639666       16384
   setvert3d:   5      639666     1082034      639666      639666
 call usrsetvert
 done :: usrsetvert

gs_setup: 524633 unique labels shared
   pairwise times (avg, min, max): 0.000122629 9.26971e-05 0.000158906
   crystal router                : 0.000322924 0.00031271 0.000333309
   used all_to_all method: pairwise
   handle bytes (avg, min, max): 6192.64 3596 6524
   buffer bytes (avg, min, max): 4678.17 2160 5024
   setupds time 3.6804E-02 seconds   9  5      639666       16384
   setvert3d:   7     1566178     3614178     1566178     1566178
 call usrsetvert
 done :: usrsetvert

gs_setup: 1251193 unique labels shared
   pairwise times (avg, min, max): 0.000165555 0.000137806 0.0002069
   crystal router                : 0.000407867 0.000397515 0.000414205
   used all_to_all method: pairwise
   handle bytes (avg, min, max): 11826 6892 12412
   buffer bytes (avg, min, max): 8659.42 4144 9248
   setupds time 7.8843E-02 seconds  10  7     1566178       16384
 setup h1 coarse grid, nx_crs=           2
 call usrsetvert
 done :: usrsetvert

gs_setup: 18473 unique labels shared
   pairwise times (avg, min, max): 0.000116023 9.25064e-05 0.000148797
   crystal router                : 0.000252567 0.000247192 0.000257611
   all reduce                    : 0.00162638 0.0016187 0.0016423
   used all_to_all method: pairwise
   handle bytes (avg, min, max): 1522.58 812 1652
   buffer bytes (avg, min, max): 986.297 384 1088
 done :: setup h1 coarse grid   0.821048021316528       sec
  
 call usrdat3
 done :: usrdat3

 set initial conditions
 nekuic (1) for ifld            1
 call nekuic for vel  
 xyz min     0.0000       0.0000       0.0000    
 uvwpt min   0.0000       0.0000       0.0000       0.0000       0.0000    
 PS min      0.0000       0.0000      0.99000E+22
 xyz max     1.0000       1.0000       1.0000    
 uvwpt max   0.0000       0.0000       0.0000       0.0000       0.0000    
 PS max      0.0000       0.0000     -0.99000E+22
 done :: set initial conditions
  
 call userchk
GFM max:  2.8093E-03  1.1237E-02  1.1237E-02  1.6005E-16  1.6005E-16  4.2390E-16
 
nelt =       2, np =      8192, nx1 =       5, elements =     16384
Solve Time =   0.2353E-09
 
nelt =       2, np =      8192, nx1 =       5, elements =     16384
Solve Time =   0.2297E-09
 
nelt =       2, np =      8192, nx1 =       5, elements =     16384
Solve Time =   0.2040E-09
 
nelt =       2, np =      8192, nx1 =       5, elements =     16384
Solve Time =   0.2019E-09
 
nelt =       2, np =      8192, nx1 =       5, elements =     16384
Solve Time =   0.1996E-09
 
nelt =       2, np =      8192, nx1 =       5, elements =     16384
Solve Time =   0.2023E-09
 
nelt =       2, np =      8192, nx1 =       5, elements =     16384
Solve Time =   0.1966E-09
 
nelt =       2, np =      8192, nx1 =       5, elements =     16384
Solve Time =   0.2070E-09
 
nelt =       2, np =      8192, nx1 =       5, elements =     16384
Solve Time =   0.2071E-09
 
nelt =       2, np =      8192, nx1 =       5, elements =     16384
Solve Time =   0.3700E-09
 
nelt =       2, np =      8192, nx1 =       5, elements =     16384
Solve Time =   0.1438E-09
 
nelt =       2, np =      8192, nx1 =       5, elements =     16384
Solve Time =   0.1274E-09
 
nelt =       2, np =      8192, nx1 =       5, elements =     16384
Solve Time =   0.1287E-09
 
nelt =       2, np =      8192, nx1 =       5, elements =     16384
Solve Time =   0.1272E-09
 
nelt =       2, np =      8192, nx1 =       5, elements =     16384
Solve Time =   0.1250E-09
 
nelt =       2, np =      8192, nx1 =       5, elements =     16384
Solve Time =   0.1282E-09
 
nelt =       2, np =      8192, nx1 =       5, elements =     16384
Solve Time =   0.1290E-09
 
nelt =       2, np =      8192, nx1 =       5, elements =     16384
Solve Time =   0.1339E-09
 
nelt =       2, np =      8192, nx1 =       5, elements =     16384
Solve Time =   0.1392E-09
 
nelt =       2, np =      8192, nx1 =       5, elements =     16384
Solve Time =   0.1371E-09
 
nelt =       2, np =      8192, nx1 =       5, elements =     16384
Solve Time =   0.1859E-09
 
nelt =       2, np =      8192, nx1 =       5, elements =     16384
Solve Time =   0.1758E-09
 
nelt =       2, np =      8192, nx1 =       5, elements =     16384
Solve Time =   0.1750E-09
 
nelt =       2, np =      8192, nx1 =       5, elements =     16384
Solve Time =   0.1733E-09
 
nelt =       2, np =      8192, nx1 =       5, elements =     16384
Solve Time =   0.1741E-09
 
nelt =       2, np =      8192, nx1 =       5, elements =     16384
Solve Time =   0.1739E-09
 
nelt =       2, np =      8192, nx1 =       5, elements =     16384
Solve Time =   0.1725E-09
 
nelt =       2, np =      8192, nx1 =       5, elements =     16384
Solve Time =   0.2307E-09
 
nelt =       2, np =      8192, nx1 =       5, elements =     16384
Solve Time =   0.2517E-09
 
nelt =       2, np =      8192, nx1 =       5, elements =     16384
Solve Time =   0.2341E-09
 
nelt =       2, np =      8192, nx1 =       5, elements =     16384
Solve Time =   0.2177E-09
 
nelt =       2, np =      8192, nx1 =       5, elements =     16384
Solve Time =   0.2240E-09
 
nelt =       2, np =      8192, nx1 =       5, elements =     16384
Solve Time =   0.2196E-09
 
nelt =       2, np =      8192, nx1 =       5, elements =     16384
Solve Time =   0.2211E-09
 
nelt =       2, np =      8192, nx1 =       5, elements =     16384
Solve Time =   0.2310E-09
 
nelt =       2, np =      8192, nx1 =       5, elements =     16384
Solve Time =   0.2327E-09
 
nelt =       2, np =      8192, nx1 =       5, elements =     16384
Solve Time =   0.2263E-09
 
nelt =       2, np =      8192, nx1 =       5, elements =     16384
Solve Time =   0.2128E-09
 
nelt =       2, np =      8192, nx1 =       5, elements =     16384
Solve Time =   0.2184E-09
 
nelt =       2, np =      8192, nx1 =       5, elements =     16384
Solve Time =   0.2138E-09
 
nelt =       2, np =      8192, nx1 =       5, elements =     16384
Solve Time =   0.2563E-09
 
nelt =       2, np =      8192, nx1 =       5, elements =     16384
Solve Time =   0.2661E-09
 
nelt =       2, np =      8192, nx1 =       5, elements =     16384
Solve Time =   0.2680E-09
 
nelt =       2, np =      8192, nx1 =       5, elements =     16384
Solve Time =   0.2623E-09
 
nelt =       2, np =      8192, nx1 =       5, elements =     16384
Solve Time =   0.2625E-09
 
nelt =       2, np =      8192, nx1 =       5, elements =     16384
Solve Time =   0.2628E-09
 
nelt =       2, np =      8192, nx1 =       5, elements =     16384
Solve Time =   0.2550E-09
 
nelt =       2, np =      8192, nx1 =       5, elements =     16384
Solve Time =   0.2656E-09
 
nelt =       2, np =      8192, nx1 =       5, elements =     16384
Solve Time =   0.2649E-09
 
nelt =       2, np =      8192, nx1 =       5, elements =     16384
Solve Time =   0.2667E-09
 schfile:
 /gpfs/theta-fs1/home/thilina/env/lx5/b14.sch                                   
                                                      
ERROR: .sch file already exists. Use IFSCHCLOB=F todisable this check BUT BEWARE!!!!!!  ierr=  1 
  
call exitt: dying ...
  
backtrace(): obtained 9 stack frames.
./nek5000() [0x76e245]
./nek5000() [0x950fc9]
./nek5000() [0x50dd87]
./nek5000() [0x409282]
./nek5000() [0x426a66]
./nek5000() [0x42501e]
./nek5000() [0x4054fe]
/lib64/libc.so.6(__libc_start_main+0xf5) [0x2aaab1ca3b25]
./nek5000() [0x405409]
  
total elapsed time             :   8.61643E+02 sec
total solver time incl. I/O    :   0.00000E+00 sec
time/timestep                  :   0.00000E+00 sec
CPU seconds/timestep/gridpt    :   0.00000E+00 sec

Application 2256799 resources: utime ~7038684s, stime ~3342s, Rss ~34284, inblocks ~0, outblocks ~0
