/----------------------------------------------------------\\
|      _   __ ______ __ __  ______  ____   ____   ____     |
|     / | / // ____// //_/ / ____/ / __ \\/ __ \\/ __ \\   |
|    /  |/ // __/  / ,<   /___ \\ / / / // / / // / / /    |
|   / /|  // /___ / /| | ____/ / / /_/ // /_/ // /_/ /     |
|  /_/ |_//_____//_/ |_|/_____/  \\___/ \\___/ \\___/      |
|                                                          |
|----------------------------------------------------------|
|                                                          |
| NEK5000:  Open Source Spectral Element Solver            |
| COPYRIGHT (c) 2008-2016 UCHICAGO ARGONNE, LLC            |
| Version:  16.0.0                                         |
| Web:      http://nek5000.mcs.anl.gov                     |
|                                                          |
\\----------------------------------------------------------/
                                                              

 Number of processors:           2
 REAL    wdsize      :           8
 INTEGER wdsize      :           4
 Timer accuracy      : 5.01E-07
 Reading /gpfs/theta-fs1/home/thilina/env/lx7/b4.rea                                                                                         

 mapping elements to processors
 Reading /gpfs/theta-fs1/home/thilina/env/lx7/b4.map                                                                                         
           0           8           8          16          16  NELV
           1           8           8          16          16  NELV
 RANK     0 IEG       9      10      11      12      13      14      15      16
 element load imbalance:            0           8           8
 done :: mapping elements to processors
  
           0  objects found
 118   Parameters from file:
   1      1.00000     p001 DENSITY
   2     -100.000     p002 VISCOS
   7      1.00000     p007 RHOCP
   8      1.00000     p008 CONDUCT
  11      1.00        p011 NSTEPS
  12    -0.500000E-02 p012 DT
  21     0.100000E-05 p021 DIVERGENCE
  22     0.100000E-07 p022 HELMHOLTZ
  24     0.100000E-09 p024 TOLREL
  25     0.100000E-09 p025 TOLABS
  26     0.250000     p026 COURANT/NTAU
  27      2.00000     p027 TORDER
  66      6.00000     p066 output : <0=ascii, else binary
  67      6.00000     p067 restart: <0=ascii, else binary
  99      3.00000     p099 dealiasing: <0--> off/3--> old/4--> new
 103     0.500000E-01 p103 weight of stabilizing filter (.01)
  
 nelgt/nelgv/lelt:          16          16         100
 lx1  /lx2  /lx3 :           7           7           7
 done :: read .rea file   0.30670E-01 sec

 setup mesh topology
   Right-handed check complete for      16 elements. OK.
   setvert3d:   7        2225        4225        2225        2225
 call usrsetvert
 done :: usrsetvert

gs_setup: 169 unique labels shared
   pairwise times (avg, min, max): 3.69549e-06 3.69549e-06 3.69549e-06
   crystal router                : 2.19345e-06 2.19345e-06 2.19345e-06
   all reduce                    : 2.34127e-05 2.34127e-05 2.34127e-05
   used all_to_all method: crystal router
   handle bytes (avg, min, max): 24428 24428 24428
   buffer bytes (avg, min, max): 5408 5408 5408
   setupds time 5.2102E-03 seconds   0  7        2225          16
           8  max multiplicity
 done :: setup mesh topology
  
 call usrdat
 done :: usrdat

 generate geometry data
 done :: generate geometry data
  
 call usrdat2
 done :: usrdat2

 regenerate geometry data           1
 NOTE: All elements deformed , param(59) ^=0
 done :: regenerate geometry data           1
  
 verify mesh topology
  0.000000000000000E+000   1.00000000000000       Xrange
  0.000000000000000E+000   1.00000000000000       Yrange
  0.000000000000000E+000   1.00000000000000       Zrange
 done :: verify mesh topology
  
 IFTRAN   = T
 IFFLOW   = T
 IFHEAT   = F
 IFSPLIT  = T
 IFLOMACH = F
 IFUSERVP = F
 IFUSERMV = F
 IFSTRS   = F
 IFCHAR   = F
 IFCYCLIC = F
 IFAXIS   = F
 IFMVBD   = F
 IFMELT   = F
 IFMODEL  = F
 IFKEPS   = F
 IFMOAB   = F
 IFNEKNEK = F
 IFSYNC   = T
   
 IFVCOR   = T
 IFINTQ   = F
 IFCWUZ   = F
 IFSWALL  = F
 IFGEOM   = F
 IFSURT   = F
 IFWCNO   = F
   
 IFTMSH for field           1    =  F
 IFADVC for field           1    =  T
 IFNONL for field           1    =  F
   
 Dealiasing enabled, lxd=          10
  
 Estimated eigenvalues
 EIGAA =    9.86960440108936     
 EIGGA =    17899.9326215432     
 EIGAE =    9.86960440108936     
 EIGAS =   8.333333333333333E-002
 EIGGE =    17899.9326215432     
 EIGGS =    2.00000000000000     
  
 verify mesh topology
  0.000000000000000E+000   1.00000000000000       Xrange
  0.000000000000000E+000   1.00000000000000       Yrange
  0.000000000000000E+000   1.00000000000000       Zrange
 done :: verify mesh topology
  
  E-solver strategy:  0 itr
 mg_nx:           1           3           6
 mg_ny:           1           3           6
 mg_nz:           1           3           6
 call usrsetvert
 done :: usrsetvert

gs_setup: 9 unique labels shared
   pairwise times (avg, min, max): 3.09944e-06 3.09944e-06 3.09944e-06
   crystal router                : 1.26004e-05 1.23024e-05 1.28984e-05
   all reduce                    : 1.62125e-06 1.62125e-06 1.62125e-06
   used all_to_all method: allreduce
   handle bytes (avg, min, max): 1180 1180 1180
   buffer bytes (avg, min, max): 144 144 144
   setupds time 1.5230E-03 seconds   1  2          45          16
   setvert3d:   4         509         637         509         509
 call usrsetvert
 done :: usrsetvert

gs_setup: 49 unique labels shared
   pairwise times (avg, min, max): 3.19481e-06 3.19481e-06 3.19481e-06
   crystal router                : 2.09808e-06 2.09808e-06 2.09808e-06
   all reduce                    : 1.79529e-05 1.79052e-05 1.80006e-05
   used all_to_all method: crystal router
   handle bytes (avg, min, max): 7292 7292 7292
   buffer bytes (avg, min, max): 1568 1568 1568
   setupds time 2.5601E-03 seconds   2  4         509          16
   setvert3d:   4         509         637         509         509
 call usrsetvert
 done :: usrsetvert

gs_setup: 49 unique labels shared
   pairwise times (avg, min, max): 3.19481e-06 3.19481e-06 3.19481e-06
   crystal router                : 1.85966e-06 1.81198e-06 1.90735e-06
   all reduce                    : 1.70946e-05 1.70946e-05 1.70946e-05
   used all_to_all method: crystal router
   handle bytes (avg, min, max): 7292 7292 7292
   buffer bytes (avg, min, max): 1568 1568 1568
   setupds time 2.4838E-03 seconds   3  4         509          16
   setvert3d:   6        1517        2541        1517        1517
 call usrsetvert
 done :: usrsetvert

gs_setup: 121 unique labels shared
   pairwise times (avg, min, max): 3.14713e-06 3.09944e-06 3.19481e-06
   crystal router                : 2.00272e-06 2.00272e-06 2.00272e-06
   all reduce                    : 1.93119e-05 1.93119e-05 1.93119e-05
   used all_to_all method: crystal router
   handle bytes (avg, min, max): 17564 17564 17564
   buffer bytes (avg, min, max): 3872 3872 3872
   setupds time 3.4680E-03 seconds   4  6        1517          16
 regenerate geometry data           1
 NOTE: All elements deformed , param(59) ^=0
 done :: regenerate geometry data           1
  
 h1_mg_nx:           1           3           6
 h1_mg_ny:           1           3           6
 h1_mg_nz:           1           3           6
 call usrsetvert
 done :: usrsetvert

gs_setup: 9 unique labels shared
   pairwise times (avg, min, max): 3.38554e-06 3.29018e-06 3.48091e-06
   crystal router                : 1.06931e-05 7.89165e-06 1.34945e-05
   all reduce                    : 1.5974e-06 1.5974e-06 1.5974e-06
   used all_to_all method: allreduce
   handle bytes (avg, min, max): 1180 1180 1180
   buffer bytes (avg, min, max): 144 144 144
   setupds time 2.0151E-03 seconds   5  2          45          16
   setvert3d:   4         509         637         509         509
 call usrsetvert
 done :: usrsetvert

gs_setup: 49 unique labels shared
   pairwise times (avg, min, max): 3.39746e-06 3.29018e-06 3.50475e-06
   crystal router                : 2.47955e-06 2.47955e-06 2.47955e-06
   all reduce                    : 1.9002e-05 1.9002e-05 1.9002e-05
   used all_to_all method: crystal router
   handle bytes (avg, min, max): 7292 7292 7292
   buffer bytes (avg, min, max): 1568 1568 1568
   setupds time 2.8489E-03 seconds   6  4         509          16
   setvert3d:   4         509         637         509         509
 call usrsetvert
 done :: usrsetvert

gs_setup: 49 unique labels shared
   pairwise times (avg, min, max): 1.15037e-05 1.08957e-05 1.21117e-05
   crystal router                : 2.00272e-06 2.00272e-06 2.00272e-06
   all reduce                    : 1.96576e-05 1.9598e-05 1.97172e-05
   used all_to_all method: crystal router
   handle bytes (avg, min, max): 7292 7292 7292
   buffer bytes (avg, min, max): 1568 1568 1568
   setupds time 2.4769E-03 seconds   7  4         509          16
   setvert3d:   6        1517        2541        1517        1517
 call usrsetvert
 done :: usrsetvert

gs_setup: 121 unique labels shared
   pairwise times (avg, min, max): 1.18017e-05 1.18017e-05 1.18017e-05
   crystal router                : 2.09808e-06 2.09808e-06 2.09808e-06
   all reduce                    : 2.04086e-05 2.03133e-05 2.0504e-05
   used all_to_all method: crystal router
   handle bytes (avg, min, max): 17564 17564 17564
   buffer bytes (avg, min, max): 3872 3872 3872
   setupds time 3.4871E-03 seconds   8  6        1517          16
   setvert3d:   7        2225        4225        2225        2225
 call usrsetvert
 done :: usrsetvert

gs_setup: 169 unique labels shared
   pairwise times (avg, min, max): 3.50475e-06 3.50475e-06 3.50475e-06
   crystal router                : 2.19345e-06 2.19345e-06 2.19345e-06
   all reduce                    : 2.01464e-05 2.00987e-05 2.01941e-05
   used all_to_all method: crystal router
   handle bytes (avg, min, max): 24428 24428 24428
   buffer bytes (avg, min, max): 5408 5408 5408
   setupds time 3.6891E-03 seconds   9  7        2225          16
   setvert3d:   9        4049        9537        4049        4049
 call usrsetvert
 done :: usrsetvert

gs_setup: 289 unique labels shared
   pairwise times (avg, min, max): 3.34978e-06 3.29018e-06 3.40939e-06
   crystal router                : 2.19345e-06 2.19345e-06 2.19345e-06
   all reduce                    : 3.03984e-05 3.03984e-05 3.03984e-05
   used all_to_all method: crystal router
   handle bytes (avg, min, max): 41612 41612 41612
   buffer bytes (avg, min, max): 9248 9248 9248
   setupds time 5.5969E-03 seconds  10  9        4049          16
 setup h1 coarse grid, nx_crs=           2
 call usrsetvert
 done :: usrsetvert

gs_setup: 9 unique labels shared
   pairwise times (avg, min, max): 1.13964e-05 1.13964e-05 1.13964e-05
   crystal router                : 1.0407e-05 1.02997e-05 1.05143e-05
   all reduce                    : 1.49488e-05 1.49012e-05 1.49965e-05
   used all_to_all method: crystal router
   handle bytes (avg, min, max): 1628 1628 1628
   buffer bytes (avg, min, max): 288 288 288
 done :: setup h1 coarse grid   3.827810287475586E-003  sec
  
 call usrdat3
 done :: usrdat3

 set initial conditions
 nekuic (1) for ifld            1
 call nekuic for vel  
 xyz min     0.0000       0.0000       0.0000    
 uvwpt min   0.0000       0.0000       0.0000       0.0000       0.0000    
 PS min      0.0000       0.0000      0.99000E+22
 xyz max     1.0000       1.0000       1.0000    
 uvwpt max   0.0000       0.0000       0.0000       0.0000       0.0000    
 PS max      0.0000       0.0000     -0.99000E+22
 done :: set initial conditions
  
 call userchk
GFM max:  1.4493E-02  1.4493E-02  5.7971E-02  2.0183E-17  6.8383E-17  6.8383E-17
 
nelt =       8, np =         2, nx1 =       7, elements =        16
Solve Time =   0.2997E-07
 
nelt =       8, np =         2, nx1 =       7, elements =        16
Solve Time =   0.2956E-07
 
nelt =       8, np =         2, nx1 =       7, elements =        16
Solve Time =   0.2959E-07
 
nelt =       8, np =         2, nx1 =       7, elements =        16
Solve Time =   0.2959E-07
 
nelt =       8, np =         2, nx1 =       7, elements =        16
Solve Time =   0.2972E-07
 
nelt =       8, np =         2, nx1 =       7, elements =        16
Solve Time =   0.5436E-07
 
nelt =       8, np =         2, nx1 =       7, elements =        16
Solve Time =   0.5636E-07
 
nelt =       8, np =         2, nx1 =       7, elements =        16
Solve Time =   0.5187E-07
 
nelt =       8, np =         2, nx1 =       7, elements =        16
Solve Time =   0.5231E-07
 
nelt =       8, np =         2, nx1 =       7, elements =        16
Solve Time =   0.5200E-07
 
nelt =       8, np =         2, nx1 =       7, elements =        16
Solve Time =   0.5406E-07
 
nelt =       8, np =         2, nx1 =       7, elements =        16
Solve Time =   0.4727E-07
 
nelt =       8, np =         2, nx1 =       7, elements =        16
Solve Time =   0.4744E-07
 
nelt =       8, np =         2, nx1 =       7, elements =        16
Solve Time =   0.4708E-07
 
nelt =       8, np =         2, nx1 =       7, elements =        16
Solve Time =   0.6024E-07
 
nelt =       8, np =         2, nx1 =       7, elements =        16
Solve Time =   0.4774E-07
 
nelt =       8, np =         2, nx1 =       7, elements =        16
Solve Time =   0.4780E-07
 
nelt =       8, np =         2, nx1 =       7, elements =        16
Solve Time =   0.4725E-07
 
nelt =       8, np =         2, nx1 =       7, elements =        16
Solve Time =   0.5005E-07
 
nelt =       8, np =         2, nx1 =       7, elements =        16
Solve Time =   0.5113E-07
 
nelt =       8, np =         2, nx1 =       7, elements =        16
Solve Time =   0.5661E-07
 
nelt =       8, np =         2, nx1 =       7, elements =        16
Solve Time =   0.5024E-07
 
nelt =       8, np =         2, nx1 =       7, elements =        16
Solve Time =   0.5229E-07
 
nelt =       8, np =         2, nx1 =       7, elements =        16
Solve Time =   0.5089E-07
 
nelt =       8, np =         2, nx1 =       7, elements =        16
Solve Time =   0.5060E-07
 
nelt =       8, np =         2, nx1 =       7, elements =        16
Solve Time =   0.5048E-07
 
nelt =       8, np =         2, nx1 =       7, elements =        16
Solve Time =   0.5210E-07
 
nelt =       8, np =         2, nx1 =       7, elements =        16
Solve Time =   0.5016E-07
 
nelt =       8, np =         2, nx1 =       7, elements =        16
Solve Time =   0.4896E-07
 
nelt =       8, np =         2, nx1 =       7, elements =        16
Solve Time =   0.4902E-07
 
nelt =       8, np =         2, nx1 =       7, elements =        16
Solve Time =   0.6178E-07
 
nelt =       8, np =         2, nx1 =       7, elements =        16
Solve Time =   0.5168E-07
 
nelt =       8, np =         2, nx1 =       7, elements =        16
Solve Time =   0.5180E-07
 
nelt =       8, np =         2, nx1 =       7, elements =        16
Solve Time =   0.5176E-07
 
nelt =       8, np =         2, nx1 =       7, elements =        16
Solve Time =   0.5472E-07
 
nelt =       8, np =         2, nx1 =       7, elements =        16
Solve Time =   0.5029E-07
 
nelt =       8, np =         2, nx1 =       7, elements =        16
Solve Time =   0.5024E-07
 
nelt =       8, np =         2, nx1 =       7, elements =        16
Solve Time =   0.5029E-07
 
nelt =       8, np =         2, nx1 =       7, elements =        16
Solve Time =   0.5242E-07
 
nelt =       8, np =         2, nx1 =       7, elements =        16
Solve Time =   0.5047E-07
 
nelt =       8, np =         2, nx1 =       7, elements =        16
Solve Time =   0.5843E-07
 
nelt =       8, np =         2, nx1 =       7, elements =        16
Solve Time =   0.5218E-07
 
nelt =       8, np =         2, nx1 =       7, elements =        16
Solve Time =   0.5273E-07
 
nelt =       8, np =         2, nx1 =       7, elements =        16
Solve Time =   0.5278E-07
 
nelt =       8, np =         2, nx1 =       7, elements =        16
Solve Time =   0.5273E-07
 
nelt =       8, np =         2, nx1 =       7, elements =        16
Solve Time =   0.5577E-07
 
nelt =       8, np =         2, nx1 =       7, elements =        16
Solve Time =   0.5235E-07
 
nelt =       8, np =         2, nx1 =       7, elements =        16
Solve Time =   0.5315E-07
 
nelt =       8, np =         2, nx1 =       7, elements =        16
Solve Time =   0.5271E-07
 
nelt =       8, np =         2, nx1 =       7, elements =        16
Solve Time =   0.5412E-07
 schfile:
 /gpfs/theta-fs1/home/thilina/env/lx7/b4.sch                                    
                                                      
  7       16  1.0000E+00  1.0000E+00  1.0000E+00  error v
  7       16  1.0000E+00  1.0000E+00  1.0000E+00  error v
 
nelt =       8, np =         2, nx1 =       7, elements =        16
Solve Time =   0.3135E-07
 
nelt =       8, np =         2, nx1 =       7, elements =        16
Solve Time =   0.3082E-07
 
nelt =       8, np =         2, nx1 =       7, elements =        16
Solve Time =   0.3087E-07
 
nelt =       8, np =         2, nx1 =       7, elements =        16
Solve Time =   0.3083E-07
 
nelt =       8, np =         2, nx1 =       7, elements =        16
Solve Time =   0.3090E-07
 
nelt =       8, np =         2, nx1 =       7, elements =        16
Solve Time =   0.3074E-07
 
nelt =       8, np =         2, nx1 =       7, elements =        16
Solve Time =   0.3106E-07
 
nelt =       8, np =         2, nx1 =       7, elements =        16
Solve Time =   0.3088E-07
 
nelt =       8, np =         2, nx1 =       7, elements =        16
Solve Time =   0.3086E-07
 
nelt =       8, np =         2, nx1 =       7, elements =        16
Solve Time =   0.3074E-07
  7       16  4.1390E-08  4.1390E-08  4.1390E-08  error s
  7       16  4.1390E-08  4.1390E-08  4.1390E-08  error s
 
nelt =       8, np =         2, nx1 =       7, elements =        16
Solve Time =   0.3385E-07
 
nelt =       8, np =         2, nx1 =       7, elements =        16
Solve Time =   0.3291E-07
 
nelt =       8, np =         2, nx1 =       7, elements =        16
Solve Time =   0.3279E-07
 
nelt =       8, np =         2, nx1 =       7, elements =        16
Solve Time =   0.3312E-07
 
nelt =       8, np =         2, nx1 =       7, elements =        16
Solve Time =   0.3279E-07
 
nelt =       8, np =         2, nx1 =       7, elements =        16
Solve Time =   0.3283E-07
 
nelt =       8, np =         2, nx1 =       7, elements =        16
Solve Time =   0.3292E-07
 
nelt =       8, np =         2, nx1 =       7, elements =        16
Solve Time =   0.3285E-07
 
nelt =       8, np =         2, nx1 =       7, elements =        16
Solve Time =   0.3286E-07
 
nelt =       8, np =         2, nx1 =       7, elements =        16
Solve Time =   0.3280E-07
  7       16  4.1390E-08  4.1390E-08  4.1390E-08  error n
  7       16  4.1390E-08  4.1390E-08  4.1390E-08  error n
   6       16  100  0.0000E+00  0.0000E+00  0.0000E+00 time for 3 hmholtz
EXIT: quit after cggov          6
  
call exitt: dying ...
  
backtrace(): obtained 8 stack frames.
./nek5000() [0x773f35]
./nek5000() [0x957849]
./nek5000() [0x40d4fc]
./nek5000() [0x426026]
./nek5000() [0x4245de]
./nek5000() [0x4054fe]
/lib64/libc.so.6(__libc_start_main+0xf5) [0x2aaab1ca3b25]
./nek5000() [0x405409]
  
total elapsed time             :   2.74035E+00 sec
total solver time incl. I/O    :   0.00000E+00 sec
time/timestep                  :   0.00000E+00 sec
CPU seconds/timestep/gridpt    :   0.00000E+00 sec

Application 2256432 resources: utime ~5s, stime ~1s, Rss ~17548, inblocks ~0, outblocks ~0
