/----------------------------------------------------------\\
|      _   __ ______ __ __  ______  ____   ____   ____     |
|     / | / // ____// //_/ / ____/ / __ \\/ __ \\/ __ \\   |
|    /  |/ // __/  / ,<   /___ \\ / / / // / / // / / /    |
|   / /|  // /___ / /| | ____/ / / /_/ // /_/ // /_/ /     |
|  /_/ |_//_____//_/ |_|/_____/  \\___/ \\___/ \\___/      |
|                                                          |
|----------------------------------------------------------|
|                                                          |
| NEK5000:  Open Source Spectral Element Solver            |
| COPYRIGHT (c) 2008-2016 UCHICAGO ARGONNE, LLC            |
| Version:  16.0.0                                         |
| Web:      http://nek5000.mcs.anl.gov                     |
|                                                          |
\\----------------------------------------------------------/
                                                              

 Number of processors:           4
 REAL    wdsize      :           8
 INTEGER wdsize      :           4
 Timer accuracy      : 5.96E-07
 Reading /gpfs/theta-fs1/home/thilina/env/lx7/b3.rea                                                                                         

 mapping elements to processors
 Reading /gpfs/theta-fs1/home/thilina/env/lx7/b3.map                                                                                         
           0           2           2           8           8  NELV
           2           2           2           8           8  NELV
           3           2           2           8           8  NELV
           1           2           2           8           8  NELV
 RANK     0 IEG       7       8
 element load imbalance:            0           2           2
 done :: mapping elements to processors
  
           0  objects found
 118   Parameters from file:
   1      1.00000     p001 DENSITY
   2     -100.000     p002 VISCOS
   7      1.00000     p007 RHOCP
   8      1.00000     p008 CONDUCT
  11      1.00        p011 NSTEPS
  12    -0.500000E-02 p012 DT
  21     0.100000E-05 p021 DIVERGENCE
  22     0.100000E-07 p022 HELMHOLTZ
  24     0.100000E-09 p024 TOLREL
  25     0.100000E-09 p025 TOLABS
  26     0.250000     p026 COURANT/NTAU
  27      2.00000     p027 TORDER
  66      6.00000     p066 output : <0=ascii, else binary
  67      6.00000     p067 restart: <0=ascii, else binary
  99      3.00000     p099 dealiasing: <0--> off/3--> old/4--> new
 103     0.500000E-01 p103 weight of stabilizing filter (.01)
  
 nelgt/nelgv/lelt:           8           8         100
 lx1  /lx2  /lx3 :           7           7           7
 done :: read .rea file   0.30524E-01 sec

 setup mesh topology
   Right-handed check complete for       8 elements. OK.
   setvert3d:   7        1197        2197        1197        1197
 call usrsetvert
 done :: usrsetvert

gs_setup: 325 unique labels shared
   pairwise times (avg, min, max): 8.46386e-06 8.41618e-06 8.60691e-06
   crystal router                : 6.10352e-06 6.00815e-06 6.19888e-06
   all reduce                    : 3.65019e-05 3.63827e-05 3.66211e-05
   used all_to_all method: crystal router
   handle bytes (avg, min, max): 20092 20092 20092
   buffer bytes (avg, min, max): 6656 6656 6656
   setupds time 5.4851E-03 seconds   0  7        1197           8
           8  max multiplicity
 done :: setup mesh topology
  
 call usrdat
 done :: usrdat

 generate geometry data
 done :: generate geometry data
  
 call usrdat2
 done :: usrdat2

 regenerate geometry data           1
 NOTE: All elements deformed , param(59) ^=0
 done :: regenerate geometry data           1
  
 verify mesh topology
  0.000000000000000E+000   1.00000000000000       Xrange
  0.000000000000000E+000   1.00000000000000       Yrange
  0.000000000000000E+000   1.00000000000000       Zrange
 done :: verify mesh topology
  
 IFTRAN   = T
 IFFLOW   = T
 IFHEAT   = F
 IFSPLIT  = T
 IFLOMACH = F
 IFUSERVP = F
 IFUSERMV = F
 IFSTRS   = F
 IFCHAR   = F
 IFCYCLIC = F
 IFAXIS   = F
 IFMVBD   = F
 IFMELT   = F
 IFMODEL  = F
 IFKEPS   = F
 IFMOAB   = F
 IFNEKNEK = F
 IFSYNC   = T
   
 IFVCOR   = T
 IFINTQ   = F
 IFCWUZ   = F
 IFSWALL  = F
 IFGEOM   = F
 IFSURT   = F
 IFWCNO   = F
   
 IFTMSH for field           1    =  F
 IFADVC for field           1    =  T
 IFNONL for field           1    =  F
   
 Dealiasing enabled, lxd=          10
  
 Estimated eigenvalues
 EIGAA =    9.86960440108936     
 EIGGA =    8929.73100693556     
 EIGAE =    9.86960440108936     
 EIGAS =   8.333333333333333E-002
 EIGGE =    8929.73100693556     
 EIGGS =    2.00000000000000     
  
 verify mesh topology
  0.000000000000000E+000   1.00000000000000       Xrange
  0.000000000000000E+000   1.00000000000000       Yrange
  0.000000000000000E+000   1.00000000000000       Zrange
 done :: verify mesh topology
  
  E-solver strategy:  0 itr
 mg_nx:           1           3           6
 mg_ny:           1           3           6
 mg_nz:           1           3           6
 call usrsetvert
 done :: usrsetvert

gs_setup: 15 unique labels shared
   pairwise times (avg, min, max): 7.83801e-06 7.70092e-06 8.01086e-06
   crystal router                : 5.32866e-06 5.19753e-06 5.4121e-06
   all reduce                    : 2.5332e-06 2.5034e-06 2.6226e-06
   used all_to_all method: allreduce
   handle bytes (avg, min, max): 676 676 676
   buffer bytes (avg, min, max): 240 240 240
   setupds time 1.9381E-03 seconds   1  2          27           8
   setvert3d:   4         279         343         279         279
 call usrsetvert
 done :: usrsetvert

gs_setup: 91 unique labels shared
   pairwise times (avg, min, max): 7.93934e-06 7.89165e-06 8.08239e-06
   crystal router                : 4.55379e-06 4.50611e-06 4.60148e-06
   all reduce                    : 2.28167e-05 2.27928e-05 2.28882e-05
   used all_to_all method: crystal router
   handle bytes (avg, min, max): 6268 6268 6268
   buffer bytes (avg, min, max): 1904 1904 1904
   setupds time 3.0091E-03 seconds   2  4         279           8
   setvert3d:   4         279         343         279         279
 call usrsetvert
 done :: usrsetvert

gs_setup: 91 unique labels shared
   pairwise times (avg, min, max): 8.53539e-06 8.51154e-06 8.60691e-06
   crystal router                : 4.67896e-06 4.60148e-06 4.81606e-06
   all reduce                    : 2.35558e-05 2.35081e-05 2.36034e-05
   used all_to_all method: crystal router
   handle bytes (avg, min, max): 6268 6268 6268
   buffer bytes (avg, min, max): 1904 1904 1904
   setupds time 2.9829E-03 seconds   3  4         279           8
   setvert3d:   6         819        1331         819         819
 call usrsetvert
 done :: usrsetvert

gs_setup: 231 unique labels shared
   pairwise times (avg, min, max): 6.77705e-06 6.69956e-06 6.91414e-06
   crystal router                : 5.60284e-06 5.60284e-06 5.60284e-06
   all reduce                    : 2.48432e-05 2.47955e-05 2.48909e-05
   used all_to_all method: crystal router
   handle bytes (avg, min, max): 14572 14572 14572
   buffer bytes (avg, min, max): 4752 4752 4752
   setupds time 3.5779E-03 seconds   4  6         819           8
 regenerate geometry data           1
 NOTE: All elements deformed , param(59) ^=0
 done :: regenerate geometry data           1
  
 h1_mg_nx:           1           3           6
 h1_mg_ny:           1           3           6
 h1_mg_nz:           1           3           6
 call usrsetvert
 done :: usrsetvert

gs_setup: 15 unique labels shared
   pairwise times (avg, min, max): 7.05719e-06 6.91414e-06 7.20024e-06
   crystal router                : 5.17368e-06 5.10216e-06 5.29289e-06
   all reduce                    : 2.5034e-06 2.5034e-06 2.5034e-06
   used all_to_all method: allreduce
   handle bytes (avg, min, max): 676 676 676
   buffer bytes (avg, min, max): 240 240 240
   setupds time 2.1629E-03 seconds   5  2          27           8
   setvert3d:   4         279         343         279         279
 call usrsetvert
 done :: usrsetvert

gs_setup: 91 unique labels shared
   pairwise times (avg, min, max): 6.87838e-06 6.79493e-06 7.00951e-06
   crystal router                : 4.78029e-06 4.69685e-06 4.91142e-06
   all reduce                    : 2.66552e-05 2.65121e-05 2.67982e-05
   used all_to_all method: crystal router
   handle bytes (avg, min, max): 6268 6268 6268
   buffer bytes (avg, min, max): 1904 1904 1904
   setupds time 3.3259E-03 seconds   6  4         279           8
   setvert3d:   4         279         343         279         279
 call usrsetvert
 done :: usrsetvert

gs_setup: 91 unique labels shared
   pairwise times (avg, min, max): 5.55515e-06 5.50747e-06 5.60284e-06
   crystal router                : 4.673e-06 4.60148e-06 4.69685e-06
   all reduce                    : 2.34544e-05 2.33889e-05 2.35081e-05
   used all_to_all method: crystal router
   handle bytes (avg, min, max): 6268 6268 6268
   buffer bytes (avg, min, max): 1904 1904 1904
   setupds time 2.9800E-03 seconds   7  4         279           8
   setvert3d:   6         819        1331         819         819
 call usrsetvert
 done :: usrsetvert

gs_setup: 231 unique labels shared
   pairwise times (avg, min, max): 5.74589e-06 5.60284e-06 5.88894e-06
   crystal router                : 5.54919e-06 5.48363e-06 5.60284e-06
   all reduce                    : 2.63691e-05 2.62976e-05 2.64883e-05
   used all_to_all method: crystal router
   handle bytes (avg, min, max): 14572 14572 14572
   buffer bytes (avg, min, max): 4752 4752 4752
   setupds time 3.5222E-03 seconds   8  6         819           8
   setvert3d:   7        1197        2197        1197        1197
 call usrsetvert
 done :: usrsetvert

gs_setup: 325 unique labels shared
   pairwise times (avg, min, max): 5.76973e-06 5.6982e-06 5.79357e-06
   crystal router                : 6.24657e-06 6.10352e-06 6.29425e-06
   all reduce                    : 3.42667e-05 3.41892e-05 3.44038e-05
   used all_to_all method: pairwise
   handle bytes (avg, min, max): 5708 5708 5708
   buffer bytes (avg, min, max): 3120 3120 3120
   setupds time 4.0650E-03 seconds   9  7        1197           8
   setvert3d:   9        2169        4913        2169        2169
 call usrsetvert
 done :: usrsetvert

gs_setup: 561 unique labels shared
   pairwise times (avg, min, max): 6.00815e-06 6.00815e-06 6.00815e-06
   crystal router                : 7.7486e-06 7.60555e-06 7.79629e-06
   all reduce                    : 3.45767e-05 3.44038e-05 3.46899e-05
   used all_to_all method: pairwise
   handle bytes (avg, min, max): 9420 9420 9420
   buffer bytes (avg, min, max): 5168 5168 5168
   setupds time 5.2998E-03 seconds  10  9        2169           8
 setup h1 coarse grid, nx_crs=           2
 call usrsetvert
 done :: usrsetvert

gs_setup: 15 unique labels shared
   pairwise times (avg, min, max): 1.20997e-05 1.19925e-05 1.21832e-05
   crystal router                : 5.60284e-06 5.38826e-06 5.81741e-06
   all reduce                    : 2.35975e-05 2.35796e-05 2.36034e-05
   used all_to_all method: crystal router
   handle bytes (avg, min, max): 1612 1612 1612
   buffer bytes (avg, min, max): 336 336 336
 done :: setup h1 coarse grid   3.726959228515625E-003  sec
  
 call usrdat3
 done :: usrdat3

 set initial conditions
 nekuic (1) for ifld            1
 call nekuic for vel  
 xyz min     0.0000       0.0000       0.0000    
 uvwpt min   0.0000       0.0000       0.0000       0.0000       0.0000    
 PS min      0.0000       0.0000      0.99000E+22
 xyz max     1.0000       1.0000       1.0000    
 uvwpt max   0.0000       0.0000       0.0000       0.0000       0.0000    
 PS max      0.0000       0.0000     -0.99000E+22
 done :: set initial conditions
  
 call userchk
GFM max:  2.8986E-02  2.8986E-02  2.8986E-02  4.0365E-17  4.0365E-17  4.0365E-17
 
nelt =       2, np =         4, nx1 =       7, elements =         8
Solve Time =   0.1844E-07
 
nelt =       2, np =         4, nx1 =       7, elements =         8
Solve Time =   0.1712E-07
 
nelt =       2, np =         4, nx1 =       7, elements =         8
Solve Time =   0.2320E-07
 
nelt =       2, np =         4, nx1 =       7, elements =         8
Solve Time =   0.5210E-07
 
nelt =       2, np =         4, nx1 =       7, elements =         8
Solve Time =   0.5092E-07
 
nelt =       2, np =         4, nx1 =       7, elements =         8
Solve Time =   0.5708E-07
 
nelt =       2, np =         4, nx1 =       7, elements =         8
Solve Time =   0.5077E-07
 
nelt =       2, np =         4, nx1 =       7, elements =         8
Solve Time =   0.4993E-07
 
nelt =       2, np =         4, nx1 =       7, elements =         8
Solve Time =   0.4932E-07
 
nelt =       2, np =         4, nx1 =       7, elements =         8
Solve Time =   0.5697E-07
 
nelt =       2, np =         4, nx1 =       7, elements =         8
Solve Time =   0.4434E-07
 
nelt =       2, np =         4, nx1 =       7, elements =         8
Solve Time =   0.3887E-07
 
nelt =       2, np =         4, nx1 =       7, elements =         8
Solve Time =   0.4324E-07
 
nelt =       2, np =         4, nx1 =       7, elements =         8
Solve Time =   0.3901E-07
 
nelt =       2, np =         4, nx1 =       7, elements =         8
Solve Time =   0.3780E-07
 
nelt =       2, np =         4, nx1 =       7, elements =         8
Solve Time =   0.3681E-07
 
nelt =       2, np =         4, nx1 =       7, elements =         8
Solve Time =   0.3742E-07
 
nelt =       2, np =         4, nx1 =       7, elements =         8
Solve Time =   0.3643E-07
 
nelt =       2, np =         4, nx1 =       7, elements =         8
Solve Time =   0.3609E-07
 
nelt =       2, np =         4, nx1 =       7, elements =         8
Solve Time =   0.3510E-07
 
nelt =       2, np =         4, nx1 =       7, elements =         8
Solve Time =   0.5054E-07
 
nelt =       2, np =         4, nx1 =       7, elements =         8
Solve Time =   0.4677E-07
 
nelt =       2, np =         4, nx1 =       7, elements =         8
Solve Time =   0.4142E-07
 
nelt =       2, np =         4, nx1 =       7, elements =         8
Solve Time =   0.3971E-07
 
nelt =       2, np =         4, nx1 =       7, elements =         8
Solve Time =   0.3948E-07
 
nelt =       2, np =         4, nx1 =       7, elements =         8
Solve Time =   0.4628E-07
 
nelt =       2, np =         4, nx1 =       7, elements =         8
Solve Time =   0.4107E-07
 
nelt =       2, np =         4, nx1 =       7, elements =         8
Solve Time =   0.3985E-07
 
nelt =       2, np =         4, nx1 =       7, elements =         8
Solve Time =   0.3962E-07
 
nelt =       2, np =         4, nx1 =       7, elements =         8
Solve Time =   0.4399E-07
 
nelt =       2, np =         4, nx1 =       7, elements =         8
Solve Time =   0.4703E-07
 
nelt =       2, np =         4, nx1 =       7, elements =         8
Solve Time =   0.4214E-07
 
nelt =       2, np =         4, nx1 =       7, elements =         8
Solve Time =   0.4069E-07
 
nelt =       2, np =         4, nx1 =       7, elements =         8
Solve Time =   0.4069E-07
 
nelt =       2, np =         4, nx1 =       7, elements =         8
Solve Time =   0.4130E-07
 
nelt =       2, np =         4, nx1 =       7, elements =         8
Solve Time =   0.4046E-07
 
nelt =       2, np =         4, nx1 =       7, elements =         8
Solve Time =   0.4034E-07
 
nelt =       2, np =         4, nx1 =       7, elements =         8
Solve Time =   0.4385E-07
 
nelt =       2, np =         4, nx1 =       7, elements =         8
Solve Time =   0.4104E-07
 
nelt =       2, np =         4, nx1 =       7, elements =         8
Solve Time =   0.4081E-07
 
nelt =       2, np =         4, nx1 =       7, elements =         8
Solve Time =   0.4605E-07
 
nelt =       2, np =         4, nx1 =       7, elements =         8
Solve Time =   0.5039E-07
 
nelt =       2, np =         4, nx1 =       7, elements =         8
Solve Time =   0.4446E-07
 
nelt =       2, np =         4, nx1 =       7, elements =         8
Solve Time =   0.4347E-07
 
nelt =       2, np =         4, nx1 =       7, elements =         8
Solve Time =   0.4313E-07
 
nelt =       2, np =         4, nx1 =       7, elements =         8
Solve Time =   0.4967E-07
 
nelt =       2, np =         4, nx1 =       7, elements =         8
Solve Time =   0.4495E-07
 
nelt =       2, np =         4, nx1 =       7, elements =         8
Solve Time =   0.4362E-07
 
nelt =       2, np =         4, nx1 =       7, elements =         8
Solve Time =   0.4301E-07
 
nelt =       2, np =         4, nx1 =       7, elements =         8
Solve Time =   0.4252E-07
 schfile:
 /gpfs/theta-fs1/home/thilina/env/lx7/b3.sch                                    
                                                      
  7        8  1.0000E+00  1.0000E+00  1.0000E+00  error v
  7        8  1.0000E+00  1.0000E+00  1.0000E+00  error v
  7        8  1.0000E+00  1.0000E+00  1.0000E+00  error v
  7        8  1.0000E+00  1.0000E+00  1.0000E+00  error v
 
nelt =       2, np =         4, nx1 =       7, elements =         8
Solve Time =   0.2195E-07
 
nelt =       2, np =         4, nx1 =       7, elements =         8
Solve Time =   0.2181E-07
 
nelt =       2, np =         4, nx1 =       7, elements =         8
Solve Time =   0.2166E-07
 
nelt =       2, np =         4, nx1 =       7, elements =         8
Solve Time =   0.2193E-07
 
nelt =       2, np =         4, nx1 =       7, elements =         8
Solve Time =   0.2179E-07
 
nelt =       2, np =         4, nx1 =       7, elements =         8
Solve Time =   0.2165E-07
 
nelt =       2, np =         4, nx1 =       7, elements =         8
Solve Time =   0.2188E-07
 
nelt =       2, np =         4, nx1 =       7, elements =         8
Solve Time =   0.2166E-07
 
nelt =       2, np =         4, nx1 =       7, elements =         8
Solve Time =   0.2160E-07
 
nelt =       2, np =         4, nx1 =       7, elements =         8
Solve Time =   0.2167E-07
  7        8  5.6761E-08  5.6761E-08  5.6761E-08  error s
  7        8  5.6761E-08  5.6761E-08  5.6761E-08  error s
  7        8  5.6761E-08  5.6761E-08  5.6761E-08  error s
  7        8  5.6761E-08  5.6761E-08  5.6761E-08  error s
 
nelt =       2, np =         4, nx1 =       7, elements =         8
Solve Time =   0.2256E-07
 
nelt =       2, np =         4, nx1 =       7, elements =         8
Solve Time =   0.2232E-07
 
nelt =       2, np =         4, nx1 =       7, elements =         8
Solve Time =   0.2216E-07
 
nelt =       2, np =         4, nx1 =       7, elements =         8
Solve Time =   0.2248E-07
 
nelt =       2, np =         4, nx1 =       7, elements =         8
Solve Time =   0.2212E-07
 
nelt =       2, np =         4, nx1 =       7, elements =         8
Solve Time =   0.2213E-07
 
nelt =       2, np =         4, nx1 =       7, elements =         8
Solve Time =   0.2218E-07
 
nelt =       2, np =         4, nx1 =       7, elements =         8
Solve Time =   0.2218E-07
 
nelt =       2, np =         4, nx1 =       7, elements =         8
Solve Time =   0.2216E-07
 
nelt =       2, np =         4, nx1 =       7, elements =         8
Solve Time =   0.2208E-07
  7        8  5.6761E-08  5.6761E-08  5.6761E-08  error n
  7        8  5.6761E-08  5.6761E-08  5.6761E-08  error n
  7        8  5.6761E-08  5.6761E-08  5.6761E-08  error n
  7        8  5.6761E-08  5.6761E-08  5.6761E-08  error n
   6        8  100  0.0000E+00  0.0000E+00  0.0000E+00 time for 3 hmholtz
EXIT: quit after cggov          6
  
call exitt: dying ...
  
backtrace(): obtained 8 stack frames.
./nek5000() [0x773f35]
./nek5000() [0x957849]
./nek5000() [0x40d4fc]
./nek5000() [0x426026]
./nek5000() [0x4245de]
./nek5000() [0x4054fe]
/lib64/libc.so.6(__libc_start_main+0xf5) [0x2aaab1ca3b25]
./nek5000() [0x405409]
  
total elapsed time             :   1.26677E+00 sec
total solver time incl. I/O    :   0.00000E+00 sec
time/timestep                  :   0.00000E+00 sec
CPU seconds/timestep/gridpt    :   0.00000E+00 sec

Application 2256444 resources: utime ~5s, stime ~1s, Rss ~15668, inblocks ~0, outblocks ~0
