/----------------------------------------------------------\\
|      _   __ ______ __ __  ______  ____   ____   ____     |
|     / | / // ____// //_/ / ____/ / __ \\/ __ \\/ __ \\   |
|    /  |/ // __/  / ,<   /___ \\ / / / // / / // / / /    |
|   / /|  // /___ / /| | ____/ / / /_/ // /_/ // /_/ /     |
|  /_/ |_//_____//_/ |_|/_____/  \\___/ \\___/ \\___/      |
|                                                          |
|----------------------------------------------------------|
|                                                          |
| NEK5000:  Open Source Spectral Element Solver            |
| COPYRIGHT (c) 2008-2016 UCHICAGO ARGONNE, LLC            |
| Version:  16.0.0                                         |
| Web:      http://nek5000.mcs.anl.gov                     |
|                                                          |
\\----------------------------------------------------------/
                                                              

 Number of processors:           4
 REAL    wdsize      :           8
 INTEGER wdsize      :           4
 Timer accuracy      : 3.81E-07
 Reading /gpfs/theta-fs1/home/thilina/env/lx7/b2.rea                                                                                         

 mapping elements to processors
 Reading /gpfs/theta-fs1/home/thilina/env/lx7/b2.map                                                                                         
           0           1           1           4           4  NELV
           3           1           1           4           4  NELV
           2           1           1           4           4  NELV
           1           1           1           4           4  NELV
 RANK     0 IEG       3
 element load imbalance:            0           1           1
 done :: mapping elements to processors
  
           0  objects found
 118   Parameters from file:
   1      1.00000     p001 DENSITY
   2     -100.000     p002 VISCOS
   7      1.00000     p007 RHOCP
   8      1.00000     p008 CONDUCT
  11      1.00        p011 NSTEPS
  12    -0.500000E-02 p012 DT
  21     0.100000E-05 p021 DIVERGENCE
  22     0.100000E-07 p022 HELMHOLTZ
  24     0.100000E-09 p024 TOLREL
  25     0.100000E-09 p025 TOLABS
  26     0.250000     p026 COURANT/NTAU
  27      2.00000     p027 TORDER
  66      6.00000     p066 output : <0=ascii, else binary
  67      6.00000     p067 restart: <0=ascii, else binary
  99      3.00000     p099 dealiasing: <0--> off/3--> old/4--> new
 103     0.500000E-01 p103 weight of stabilizing filter (.01)
  
 nelgt/nelgv/lelt:           4           4         100
 lx1  /lx2  /lx3 :           7           7           7
 done :: read .rea file   0.34274E-01 sec

 setup mesh topology
   Right-handed check complete for       4 elements. OK.
   setvert3d:   7         683        1183         683         683
 call usrsetvert
 done :: usrsetvert

gs_setup: 175 unique labels shared
   pairwise times (avg, min, max): 6.75917e-06 6.69956e-06 6.81877e-06
   crystal router                : 5.09024e-06 4.98295e-06 5.31673e-06
   all reduce                    : 2.18272e-05 2.17915e-05 2.19107e-05
   used all_to_all method: crystal router
   handle bytes (avg, min, max): 10420 10420 10420
   buffer bytes (avg, min, max): 3584 3584 3584
   setupds time 4.2989E-03 seconds   0  7         683           4
           4  max multiplicity
 done :: setup mesh topology
  
 call usrdat
 done :: usrdat

 generate geometry data
 done :: generate geometry data
  
 call usrdat2
 done :: usrdat2

 regenerate geometry data           1
 NOTE: All elements deformed , param(59) ^=0
 done :: regenerate geometry data           1
  
 verify mesh topology
  0.000000000000000E+000   1.00000000000000       Xrange
  0.000000000000000E+000   1.00000000000000       Yrange
  0.000000000000000E+000   1.00000000000000       Zrange
 done :: verify mesh topology
  
 IFTRAN   = T
 IFFLOW   = T
 IFHEAT   = F
 IFSPLIT  = T
 IFLOMACH = F
 IFUSERVP = F
 IFUSERMV = F
 IFSTRS   = F
 IFCHAR   = F
 IFCYCLIC = F
 IFAXIS   = F
 IFMVBD   = F
 IFMELT   = F
 IFMODEL  = F
 IFKEPS   = F
 IFMOAB   = F
 IFNEKNEK = F
 IFSYNC   = T
   
 IFVCOR   = T
 IFINTQ   = F
 IFCWUZ   = F
 IFSWALL  = F
 IFGEOM   = F
 IFSURT   = F
 IFWCNO   = F
   
 IFTMSH for field           1    =  F
 IFADVC for field           1    =  T
 IFNONL for field           1    =  F
   
 Dealiasing enabled, lxd=          10
  
 Estimated eigenvalues
 EIGAA =    9.86960440108936     
 EIGGA =    5972.99878925478     
 EIGAE =    9.86960440108936     
 EIGAS =   8.333333333333333E-002
 EIGGE =    5972.99878925478     
 EIGGS =    2.00000000000000     
  
 verify mesh topology
  0.000000000000000E+000   1.00000000000000       Xrange
  0.000000000000000E+000   1.00000000000000       Yrange
  0.000000000000000E+000   1.00000000000000       Zrange
 done :: verify mesh topology
  
  E-solver strategy:  0 itr
 mg_nx:           1           3           6
 mg_ny:           1           3           6
 mg_nz:           1           3           6
 call usrsetvert
 done :: usrsetvert

gs_setup: 10 unique labels shared
   pairwise times (avg, min, max): 6.4373e-06 6.41346e-06 6.50883e-06
   crystal router                : 4.14848e-06 4.1008e-06 4.19617e-06
   all reduce                    : 6.34193e-06 6.31809e-06 6.41346e-06
   used all_to_all method: crystal router
   handle bytes (avg, min, max): 1180 1180 1180
   buffer bytes (avg, min, max): 224 224 224
   setupds time 1.5600E-03 seconds   1  2          18           4
   setvert3d:   4         164         196         164         164
 call usrsetvert
 done :: usrsetvert

gs_setup: 52 unique labels shared
   pairwise times (avg, min, max): 6.44922e-06 6.38962e-06 6.50883e-06
   crystal router                : 4.36902e-06 4.29153e-06 4.50611e-06
   all reduce                    : 2.22445e-05 2.21014e-05 2.23875e-05
   used all_to_all method: crystal router
   handle bytes (avg, min, max): 3580 3580 3580
   buffer bytes (avg, min, max): 1088 1088 1088
   setupds time 2.4419E-03 seconds   2  4         164           4
   setvert3d:   4         164         196         164         164
 call usrsetvert
 done :: usrsetvert

gs_setup: 52 unique labels shared
   pairwise times (avg, min, max): 6.43134e-06 6.29425e-06 6.50883e-06
   crystal router                : 4.41074e-06 4.31538e-06 4.50611e-06
   all reduce                    : 1.77622e-05 1.77145e-05 1.78099e-05
   used all_to_all method: crystal router
   handle bytes (avg, min, max): 3580 3580 3580
   buffer bytes (avg, min, max): 1088 1088 1088
   setupds time 2.3220E-03 seconds   3  4         164           4
   setvert3d:   6         470         726         470         470
 call usrsetvert
 done :: usrsetvert

gs_setup: 126 unique labels shared
   pairwise times (avg, min, max): 6.34193e-06 6.29425e-06 6.38962e-06
   crystal router                : 4.8399e-06 4.79221e-06 4.88758e-06
   all reduce                    : 1.59264e-05 1.58072e-05 1.59979e-05
   used all_to_all method: crystal router
   handle bytes (avg, min, max): 7708 7708 7708
   buffer bytes (avg, min, max): 2592 2592 2592
   setupds time 2.9292E-03 seconds   4  6         470           4
 regenerate geometry data           1
 NOTE: All elements deformed , param(59) ^=0
 done :: regenerate geometry data           1
  
 h1_mg_nx:           1           3           6
 h1_mg_ny:           1           3           6
 h1_mg_nz:           1           3           6
 call usrsetvert
 done :: usrsetvert

gs_setup: 10 unique labels shared
   pairwise times (avg, min, max): 6.77705e-06 6.58035e-06 6.91414e-06
   crystal router                : 4.07696e-06 4.00543e-06 4.19617e-06
   all reduce                    : 1.97887e-06 1.90735e-06 2.00272e-06
   used all_to_all method: allreduce
   handle bytes (avg, min, max): 436 436 436
   buffer bytes (avg, min, max): 160 160 160
   setupds time 1.7760E-03 seconds   5  2          18           4
   setvert3d:   4         164         196         164         164
 call usrsetvert
 done :: usrsetvert

gs_setup: 52 unique labels shared
   pairwise times (avg, min, max): 6.56843e-06 6.38962e-06 6.69956e-06
   crystal router                : 4.43459e-06 4.3869e-06 4.48227e-06
   all reduce                    : 1.46389e-05 1.45912e-05 1.46866e-05
   used all_to_all method: crystal router
   handle bytes (avg, min, max): 3580 3580 3580
   buffer bytes (avg, min, max): 1088 1088 1088
   setupds time 2.4781E-03 seconds   6  4         164           4
   setvert3d:   4         164         196         164         164
 call usrsetvert
 done :: usrsetvert

gs_setup: 52 unique labels shared
   pairwise times (avg, min, max): 5.31673e-06 5.31673e-06 5.31673e-06
   crystal router                : 4.29749e-06 4.29153e-06 4.31538e-06
   all reduce                    : 1.7786e-05 1.76907e-05 1.78814e-05
   used all_to_all method: crystal router
   handle bytes (avg, min, max): 3580 3580 3580
   buffer bytes (avg, min, max): 1088 1088 1088
   setupds time 2.1729E-03 seconds   7  4         164           4
   setvert3d:   6         470         726         470         470
 call usrsetvert
 done :: usrsetvert

gs_setup: 126 unique labels shared
   pairwise times (avg, min, max): 5.45979e-06 5.4121e-06 5.50747e-06
   crystal router                : 4.79221e-06 4.60148e-06 4.88758e-06
   all reduce                    : 1.4472e-05 1.43051e-05 1.45912e-05
   used all_to_all method: crystal router
   handle bytes (avg, min, max): 7708 7708 7708
   buffer bytes (avg, min, max): 2592 2592 2592
   setupds time 2.5389E-03 seconds   8  6         470           4
   setvert3d:   7         683        1183         683         683
 call usrsetvert
 done :: usrsetvert

gs_setup: 175 unique labels shared
   pairwise times (avg, min, max): 1.21772e-05 1.18971e-05 1.27077e-05
   crystal router                : 5.126e-06 5.10216e-06 5.19753e-06
   all reduce                    : 1.61111e-05 1.60933e-05 1.61171e-05
   used all_to_all method: crystal router
   handle bytes (avg, min, max): 10420 10420 10420
   buffer bytes (avg, min, max): 3584 3584 3584
   setupds time 2.8868E-03 seconds   9  7         683           4
   setvert3d:   9        1229        2601        1229        1229
 call usrsetvert
 done :: usrsetvert

gs_setup: 297 unique labels shared
   pairwise times (avg, min, max): 5.65052e-06 5.60284e-06 5.6982e-06
   crystal router                : 6.07371e-06 5.98431e-06 6.19888e-06
   all reduce                    : 3.11077e-05 3.09944e-05 3.1209e-05
   used all_to_all method: pairwise
   handle bytes (avg, min, max): 4084 4084 4084
   buffer bytes (avg, min, max): 2736 2736 2736
   setupds time 3.4781E-03 seconds  10  9        1229           4
 setup h1 coarse grid, nx_crs=           2
 call usrsetvert
 done :: usrsetvert

gs_setup: 10 unique labels shared
   pairwise times (avg, min, max): 9.94205e-06 9.67979e-06 1.01089e-05
   crystal router                : 4.22001e-06 4.19617e-06 4.29153e-06
   all reduce                    : 1.06573e-05 1.06096e-05 1.0705e-05
   used all_to_all method: crystal router
   handle bytes (avg, min, max): 1180 1180 1180
   buffer bytes (avg, min, max): 224 224 224
 done :: setup h1 coarse grid   2.963066101074219E-003  sec
  
 call usrdat3
 done :: usrdat3

 set initial conditions
 nekuic (1) for ifld            1
 call nekuic for vel  
 xyz min     0.0000       0.0000       0.0000    
 uvwpt min   0.0000       0.0000       0.0000       0.0000       0.0000    
 PS min      0.0000       0.0000      0.99000E+22
 xyz max     1.0000       1.0000       1.0000    
 uvwpt max   0.0000       0.0000       0.0000       0.0000       0.0000    
 PS max      0.0000       0.0000     -0.99000E+22
 done :: set initial conditions
  
 call userchk
GFM max:  1.4493E-02  5.7971E-02  5.7971E-02  2.9116E-17  2.9116E-17  8.0730E-17
 
nelt =       1, np =         4, nx1 =       7, elements =         4
Solve Time =   0.2173E-07
 
nelt =       1, np =         4, nx1 =       7, elements =         4
Solve Time =   0.2033E-07
 
nelt =       1, np =         4, nx1 =       7, elements =         4
Solve Time =   0.2261E-07
 
nelt =       1, np =         4, nx1 =       7, elements =         4
Solve Time =   0.3400E-07
 
nelt =       1, np =         4, nx1 =       7, elements =         4
Solve Time =   0.4785E-07
 
nelt =       1, np =         4, nx1 =       7, elements =         4
Solve Time =   0.3325E-07
 
nelt =       1, np =         4, nx1 =       7, elements =         4
Solve Time =   0.4761E-07
 
nelt =       1, np =         4, nx1 =       7, elements =         4
Solve Time =   0.4153E-07
 
nelt =       1, np =         4, nx1 =       7, elements =         4
Solve Time =   0.3157E-07
 
nelt =       1, np =         4, nx1 =       7, elements =         4
Solve Time =   0.4495E-07
 
nelt =       1, np =         4, nx1 =       7, elements =         4
Solve Time =   0.5439E-07
 
nelt =       1, np =         4, nx1 =       7, elements =         4
Solve Time =   0.2746E-07
 
nelt =       1, np =         4, nx1 =       7, elements =         4
Solve Time =   0.3203E-07
 
nelt =       1, np =         4, nx1 =       7, elements =         4
Solve Time =   0.3788E-07
 
nelt =       1, np =         4, nx1 =       7, elements =         4
Solve Time =   0.4953E-07
 
nelt =       1, np =         4, nx1 =       7, elements =         4
Solve Time =   0.2624E-07
 
nelt =       1, np =         4, nx1 =       7, elements =         4
Solve Time =   0.3232E-07
 
nelt =       1, np =         4, nx1 =       7, elements =         4
Solve Time =   0.2427E-07
 
nelt =       1, np =         4, nx1 =       7, elements =         4
Solve Time =   0.3887E-07
 
nelt =       1, np =         4, nx1 =       7, elements =         4
Solve Time =   0.2329E-07
 
nelt =       1, np =         4, nx1 =       7, elements =         4
Solve Time =   0.6632E-07
 
nelt =       1, np =         4, nx1 =       7, elements =         4
Solve Time =   0.2989E-07
 
nelt =       1, np =         4, nx1 =       7, elements =         4
Solve Time =   0.3354E-07
 
nelt =       1, np =         4, nx1 =       7, elements =         4
Solve Time =   0.3910E-07
 
nelt =       1, np =         4, nx1 =       7, elements =         4
Solve Time =   0.3864E-07
 
nelt =       1, np =         4, nx1 =       7, elements =         4
Solve Time =   0.4275E-07
 
nelt =       1, np =         4, nx1 =       7, elements =         4
Solve Time =   0.3916E-07
 
nelt =       1, np =         4, nx1 =       7, elements =         4
Solve Time =   0.3864E-07
 
nelt =       1, np =         4, nx1 =       7, elements =         4
Solve Time =   0.4037E-07
 
nelt =       1, np =         4, nx1 =       7, elements =         4
Solve Time =   0.3765E-07
 
nelt =       1, np =         4, nx1 =       7, elements =         4
Solve Time =   0.6876E-07
 
nelt =       1, np =         4, nx1 =       7, elements =         4
Solve Time =   0.4350E-07
 
nelt =       1, np =         4, nx1 =       7, elements =         4
Solve Time =   0.4084E-07
 
nelt =       1, np =         4, nx1 =       7, elements =         4
Solve Time =   0.4153E-07
 
nelt =       1, np =         4, nx1 =       7, elements =         4
Solve Time =   0.5439E-07
 
nelt =       1, np =         4, nx1 =       7, elements =         4
Solve Time =   0.4229E-07
 
nelt =       1, np =         4, nx1 =       7, elements =         4
Solve Time =   0.4107E-07
 
nelt =       1, np =         4, nx1 =       7, elements =         4
Solve Time =   0.4130E-07
 
nelt =       1, np =         4, nx1 =       7, elements =         4
Solve Time =   0.4229E-07
 
nelt =       1, np =         4, nx1 =       7, elements =         4
Solve Time =   0.5567E-07
 
nelt =       1, np =         4, nx1 =       7, elements =         4
Solve Time =   0.7119E-07
 
nelt =       1, np =         4, nx1 =       7, elements =         4
Solve Time =   0.4547E-07
 
nelt =       1, np =         4, nx1 =       7, elements =         4
Solve Time =   0.4396E-07
 
nelt =       1, np =         4, nx1 =       7, elements =         4
Solve Time =   0.4350E-07
 
nelt =       1, np =         4, nx1 =       7, elements =         4
Solve Time =   0.4223E-07
 
nelt =       1, np =         4, nx1 =       7, elements =         4
Solve Time =   0.4252E-07
 
nelt =       1, np =         4, nx1 =       7, elements =         4
Solve Time =   0.4275E-07
 
nelt =       1, np =         4, nx1 =       7, elements =         4
Solve Time =   0.4443E-07
 
nelt =       1, np =         4, nx1 =       7, elements =         4
Solve Time =   0.4252E-07
 
nelt =       1, np =         4, nx1 =       7, elements =         4
Solve Time =   0.4281E-07
 schfile:
 /gpfs/theta-fs1/home/thilina/env/lx7/b2.sch                                    
                                                      
  7        4  1.0000E+00  1.0000E+00  1.0000E+00  error v
  7        4  1.0000E+00  1.0000E+00  1.0000E+00  error v
  7        4  1.0000E+00  1.0000E+00  1.0000E+00  error v
  7        4  1.0000E+00  1.0000E+00  1.0000E+00  error v
 
nelt =       1, np =         4, nx1 =       7, elements =         4
Solve Time =   0.3143E-07
 
nelt =       1, np =         4, nx1 =       7, elements =         4
Solve Time =   0.3100E-07
 
nelt =       1, np =         4, nx1 =       7, elements =         4
Solve Time =   0.3066E-07
 
nelt =       1, np =         4, nx1 =       7, elements =         4
Solve Time =   0.3059E-07
 
nelt =       1, np =         4, nx1 =       7, elements =         4
Solve Time =   0.3059E-07
 
nelt =       1, np =         4, nx1 =       7, elements =         4
Solve Time =   0.3051E-07
 
nelt =       1, np =         4, nx1 =       7, elements =         4
Solve Time =   0.3049E-07
 
nelt =       1, np =         4, nx1 =       7, elements =         4
Solve Time =   0.3062E-07
 
nelt =       1, np =         4, nx1 =       7, elements =         4
Solve Time =   0.3033E-07
 
nelt =       1, np =         4, nx1 =       7, elements =         4
Solve Time =   0.3060E-07
  7        4  7.4722E-06  7.4722E-06  7.4722E-06  error s
  7        4  7.4722E-06  7.4722E-06  7.4722E-06  error s
  7        4  7.4722E-06  7.4722E-06  7.4722E-06  error s
  7        4  7.4722E-06  7.4722E-06  7.4722E-06  error s
 
nelt =       1, np =         4, nx1 =       7, elements =         4
Solve Time =   0.3253E-07
 
nelt =       1, np =         4, nx1 =       7, elements =         4
Solve Time =   0.3131E-07
 
nelt =       1, np =         4, nx1 =       7, elements =         4
Solve Time =   0.3133E-07
 
nelt =       1, np =         4, nx1 =       7, elements =         4
Solve Time =   0.3114E-07
 
nelt =       1, np =         4, nx1 =       7, elements =         4
Solve Time =   0.3102E-07
 
nelt =       1, np =         4, nx1 =       7, elements =         4
Solve Time =   0.3108E-07
 
nelt =       1, np =         4, nx1 =       7, elements =         4
Solve Time =   0.3107E-07
 
nelt =       1, np =         4, nx1 =       7, elements =         4
Solve Time =   0.3113E-07
 
nelt =       1, np =         4, nx1 =       7, elements =         4
Solve Time =   0.3108E-07
 
nelt =       1, np =         4, nx1 =       7, elements =         4
Solve Time =   0.3102E-07
  7        4  7.4722E-06  7.4722E-06  7.4722E-06  error n
  7        4  7.4722E-06  7.4722E-06  7.4722E-06  error n
  7        4  7.4722E-06  7.4722E-06  7.4722E-06  error n
  7        4  7.4722E-06  7.4722E-06  7.4722E-06  error n
   6        4  100  0.0000E+00  0.0000E+00  0.0000E+00 time for 3 hmholtz
EXIT: quit after cggov          6
  
call exitt: dying ...
  
backtrace(): obtained 8 stack frames.
./nek5000() [0x773f35]
./nek5000() [0x957849]
./nek5000() [0x40d4fc]
./nek5000() [0x426026]
./nek5000() [0x4245de]
./nek5000() [0x4054fe]
/lib64/libc.so.6(__libc_start_main+0xf5) [0x2aaab1ca3b25]
./nek5000() [0x405409]
  
total elapsed time             :   8.33746E-01 sec
total solver time incl. I/O    :   0.00000E+00 sec
time/timestep                  :   0.00000E+00 sec
CPU seconds/timestep/gridpt    :   0.00000E+00 sec

Application 2256438 resources: utime ~3s, stime ~1s, Rss ~15020, inblocks ~0, outblocks ~0
