/----------------------------------------------------------\\
|      _   __ ______ __ __  ______  ____   ____   ____     |
|     / | / // ____// //_/ / ____/ / __ \\/ __ \\/ __ \\   |
|    /  |/ // __/  / ,<   /___ \\ / / / // / / // / / /    |
|   / /|  // /___ / /| | ____/ / / /_/ // /_/ // /_/ /     |
|  /_/ |_//_____//_/ |_|/_____/  \\___/ \\___/ \\___/      |
|                                                          |
|----------------------------------------------------------|
|                                                          |
| NEK5000:  Open Source Spectral Element Solver            |
| COPYRIGHT (c) 2008-2016 UCHICAGO ARGONNE, LLC            |
| Version:  16.0.0                                         |
| Web:      http://nek5000.mcs.anl.gov                     |
|                                                          |
\\----------------------------------------------------------/
                                                              

 Number of processors:           2
 REAL    wdsize      :           8
 INTEGER wdsize      :           4
 Timer accuracy      : 2.86E-07
 Reading /gpfs/theta-fs1/home/thilina/env/lx7/b5.rea                                                                                         

 mapping elements to processors
 Reading /gpfs/theta-fs1/home/thilina/env/lx7/b5.map                                                                                         
           0          16          16          32          32  NELV
           1          16          16          32          32  NELV
 RANK     0 IEG      17      18      19      20      21      22      23      24
                     25      26      27      28      29      30      31      32
 element load imbalance:            0          16          16
 done :: mapping elements to processors
  
           0  objects found
 118   Parameters from file:
   1      1.00000     p001 DENSITY
   2     -100.000     p002 VISCOS
   7      1.00000     p007 RHOCP
   8      1.00000     p008 CONDUCT
  11      1.00        p011 NSTEPS
  12    -0.500000E-02 p012 DT
  21     0.100000E-05 p021 DIVERGENCE
  22     0.100000E-07 p022 HELMHOLTZ
  24     0.100000E-09 p024 TOLREL
  25     0.100000E-09 p025 TOLABS
  26     0.250000     p026 COURANT/NTAU
  27      2.00000     p027 TORDER
  66      6.00000     p066 output : <0=ascii, else binary
  67      6.00000     p067 restart: <0=ascii, else binary
  99      3.00000     p099 dealiasing: <0--> off/3--> old/4--> new
 103     0.500000E-01 p103 weight of stabilizing filter (.01)
  
 nelgt/nelgv/lelt:          32          32         100
 lx1  /lx2  /lx3 :           7           7           7
 done :: read .rea file   0.29241E-01 sec

 setup mesh topology
   Right-handed check complete for      32 elements. OK.
   setvert3d:   7        4125        8125        4125        4125
 call usrsetvert
 done :: usrsetvert

gs_setup: 325 unique labels shared
   pairwise times (avg, min, max): 4.00543e-06 4.00543e-06 4.00543e-06
   crystal router                : 2.25306e-06 2.19345e-06 2.31266e-06
   all reduce                    : 3.0756e-05 3.07083e-05 3.08037e-05
   used all_to_all method: crystal router
   handle bytes (avg, min, max): 50796 50796 50796
   buffer bytes (avg, min, max): 10400 10400 10400
   setupds time 7.5519E-03 seconds   0  7        4125          32
           8  max multiplicity
 done :: setup mesh topology
  
 call usrdat
 done :: usrdat

 generate geometry data
 done :: generate geometry data
  
 call usrdat2
 done :: usrdat2

 regenerate geometry data           1
 NOTE: All elements deformed , param(59) ^=0
 done :: regenerate geometry data           1
  
 verify mesh topology
  0.000000000000000E+000   1.00000000000000       Xrange
  0.000000000000000E+000   1.00000000000000       Yrange
  0.000000000000000E+000   1.00000000000000       Zrange
 done :: verify mesh topology
  
 IFTRAN   = T
 IFFLOW   = T
 IFHEAT   = F
 IFSPLIT  = T
 IFLOMACH = F
 IFUSERVP = F
 IFUSERMV = F
 IFSTRS   = F
 IFCHAR   = F
 IFCYCLIC = F
 IFAXIS   = F
 IFMVBD   = F
 IFMELT   = F
 IFMODEL  = F
 IFKEPS   = F
 IFMOAB   = F
 IFNEKNEK = F
 IFSYNC   = T
   
 IFVCOR   = T
 IFINTQ   = F
 IFCWUZ   = F
 IFSWALL  = F
 IFGEOM   = F
 IFSURT   = F
 IFWCNO   = F
   
 IFTMSH for field           1    =  F
 IFADVC for field           1    =  T
 IFNONL for field           1    =  F
   
 Dealiasing enabled, lxd=          10
  
 Estimated eigenvalues
 EIGAA =    9.86960440108936     
 EIGGA =    26848.5609024971     
 EIGAE =    9.86960440108936     
 EIGAS =   8.333333333333333E-002
 EIGGE =    26848.5609024971     
 EIGGS =    2.00000000000000     
  
 verify mesh topology
  0.000000000000000E+000   1.00000000000000       Xrange
  0.000000000000000E+000   1.00000000000000       Yrange
  0.000000000000000E+000   1.00000000000000       Zrange
 done :: verify mesh topology
  
  E-solver strategy:  0 itr
 mg_nx:           1           3           6
 mg_ny:           1           3           6
 mg_nz:           1           3           6
 call usrsetvert
 done :: usrsetvert

gs_setup: 15 unique labels shared
   pairwise times (avg, min, max): 3.00407e-06 3.00407e-06 3.00407e-06
   crystal router                : 1.10388e-05 1.08957e-05 1.11818e-05
   all reduce                    : 1.69277e-06 1.69277e-06 1.69277e-06
   used all_to_all method: allreduce
   handle bytes (avg, min, max): 2124 2124 2124
   buffer bytes (avg, min, max): 240 240 240
   setupds time 1.7180E-03 seconds   1  2          75          32
   setvert3d:   4         927        1183         927         927
 call usrsetvert
 done :: usrsetvert

gs_setup: 91 unique labels shared
   pairwise times (avg, min, max): 3.29018e-06 3.29018e-06 3.29018e-06
   crystal router                : 1.93119e-06 1.88351e-06 1.97887e-06
   all reduce                    : 1.91569e-05 1.90973e-05 1.92165e-05
   used all_to_all method: crystal router
   handle bytes (avg, min, max): 14460 14460 14460
   buffer bytes (avg, min, max): 2912 2912 2912
   setupds time 3.3510E-03 seconds   2  4         927          32
   setvert3d:   4         927        1183         927         927
 call usrsetvert
 done :: usrsetvert

gs_setup: 91 unique labels shared
   pairwise times (avg, min, max): 3.09944e-06 3.09944e-06 3.09944e-06
   crystal router                : 1.88351e-06 1.88351e-06 1.88351e-06
   all reduce                    : 2.16961e-05 2.16961e-05 2.16961e-05
   used all_to_all method: crystal router
   handle bytes (avg, min, max): 14460 14460 14460
   buffer bytes (avg, min, max): 2912 2912 2912
   setupds time 3.1898E-03 seconds   3  4         927          32
   setvert3d:   6        2803        4851        2803        2803
 call usrsetvert
 done :: usrsetvert

gs_setup: 231 unique labels shared
   pairwise times (avg, min, max): 3.45707e-06 3.40939e-06 3.50475e-06
   crystal router                : 2.14577e-06 2.09808e-06 2.19345e-06
   all reduce                    : 2.14338e-05 2.13861e-05 2.14815e-05
   used all_to_all method: crystal router
   handle bytes (avg, min, max): 36188 36188 36188
   buffer bytes (avg, min, max): 7392 7392 7392
   setupds time 4.9989E-03 seconds   4  6        2803          32
 regenerate geometry data           1
 NOTE: All elements deformed , param(59) ^=0
 done :: regenerate geometry data           1
  
 h1_mg_nx:           1           3           6
 h1_mg_ny:           1           3           6
 h1_mg_nz:           1           3           6
 call usrsetvert
 done :: usrsetvert

gs_setup: 15 unique labels shared
   pairwise times (avg, min, max): 3.3021e-06 3.19481e-06 3.40939e-06
   crystal router                : 1.44482e-05 1.39952e-05 1.49012e-05
   all reduce                    : 1.71661e-06 1.71661e-06 1.71661e-06
   used all_to_all method: allreduce
   handle bytes (avg, min, max): 2124 2124 2124
   buffer bytes (avg, min, max): 240 240 240
   setupds time 2.0540E-03 seconds   5  2          75          32
   setvert3d:   4         927        1183         927         927
 call usrsetvert
 done :: usrsetvert

gs_setup: 91 unique labels shared
   pairwise times (avg, min, max): 3.83854e-06 3.79086e-06 3.88622e-06
   crystal router                : 2.14577e-06 2.09808e-06 2.19345e-06
   all reduce                    : 2.03133e-05 2.03133e-05 2.03133e-05
   used all_to_all method: crystal router
   handle bytes (avg, min, max): 14460 14460 14460
   buffer bytes (avg, min, max): 2912 2912 2912
   setupds time 3.5541E-03 seconds   6  4         927          32
   setvert3d:   4         927        1183         927         927
 call usrsetvert
 done :: usrsetvert

gs_setup: 91 unique labels shared
   pairwise times (avg, min, max): 1.1456e-05 1.12057e-05 1.17064e-05
   crystal router                : 1.90735e-06 1.90735e-06 1.90735e-06
   all reduce                    : 1.9598e-05 1.95026e-05 1.96934e-05
   used all_to_all method: crystal router
   handle bytes (avg, min, max): 14460 14460 14460
   buffer bytes (avg, min, max): 2912 2912 2912
   setupds time 3.2382E-03 seconds   7  4         927          32
   setvert3d:   6        2803        4851        2803        2803
 call usrsetvert
 done :: usrsetvert

gs_setup: 231 unique labels shared
   pairwise times (avg, min, max): 3.69549e-06 3.69549e-06 3.69549e-06
   crystal router                : 2.19345e-06 2.19345e-06 2.19345e-06
   all reduce                    : 2.12908e-05 2.12908e-05 2.12908e-05
   used all_to_all method: crystal router
   handle bytes (avg, min, max): 36188 36188 36188
   buffer bytes (avg, min, max): 7392 7392 7392
   setupds time 4.8618E-03 seconds   8  6        2803          32
   setvert3d:   7        4125        8125        4125        4125
 call usrsetvert
 done :: usrsetvert

gs_setup: 325 unique labels shared
   pairwise times (avg, min, max): 6.44922e-06 6.38962e-06 6.50883e-06
   crystal router                : 2.40803e-06 2.40803e-06 2.40803e-06
   all reduce                    : 3.29971e-05 3.29971e-05 3.29971e-05
   used all_to_all method: crystal router
   handle bytes (avg, min, max): 50796 50796 50796
   buffer bytes (avg, min, max): 10400 10400 10400
   setupds time 6.1278E-03 seconds   9  7        4125          32
   setvert3d:   9        7537       18513        7537        7537
 call usrsetvert
 done :: usrsetvert

gs_setup: 561 unique labels shared
   pairwise times (avg, min, max): 3.83854e-06 3.79086e-06 3.88622e-06
   crystal router                : 2.75373e-06 2.69413e-06 2.81334e-06
   all reduce                    : 3.41892e-05 3.40939e-05 3.42846e-05
   used all_to_all method: crystal router
   handle bytes (avg, min, max): 87500 87500 87500
   buffer bytes (avg, min, max): 17952 17952 17952
   setupds time 9.1050E-03 seconds  10  9        7537          32
 setup h1 coarse grid, nx_crs=           2
 call usrsetvert
 done :: usrsetvert

gs_setup: 15 unique labels shared
   pairwise times (avg, min, max): 7.4625e-06 7.41482e-06 7.51019e-06
   crystal router                : 7.89165e-06 7.89165e-06 7.89165e-06
   all reduce                    : 1.49012e-05 1.48058e-05 1.49965e-05
   used all_to_all method: pairwise
   handle bytes (avg, min, max): 1836 1836 1836
   buffer bytes (avg, min, max): 240 240 240
 done :: setup h1 coarse grid   5.307912826538086E-003  sec
  
 call usrdat3
 done :: usrdat3

 set initial conditions
 nekuic (1) for ifld            1
 call nekuic for vel  
 xyz min     0.0000       0.0000       0.0000    
 uvwpt min   0.0000       0.0000       0.0000       0.0000       0.0000    
 PS min      0.0000       0.0000      0.99000E+22
 xyz max     1.0000       1.0000       1.0000    
 uvwpt max   0.0000       0.0000       0.0000       0.0000       0.0000    
 PS max      0.0000       0.0000     -0.99000E+22
 done :: set initial conditions
  
 call userchk
GFM max:  7.2464E-03  2.8986E-02  2.8986E-02  3.4192E-17  3.4192E-17  8.0730E-17
 
nelt =      16, np =         2, nx1 =       7, elements =        32
Solve Time =   0.2958E-07
 
nelt =      16, np =         2, nx1 =       7, elements =        32
Solve Time =   0.2928E-07
 
nelt =      16, np =         2, nx1 =       7, elements =        32
Solve Time =   0.2929E-07
 
nelt =      16, np =         2, nx1 =       7, elements =        32
Solve Time =   0.2925E-07
 
nelt =      16, np =         2, nx1 =       7, elements =        32
Solve Time =   0.2924E-07
 
nelt =      16, np =         2, nx1 =       7, elements =        32
Solve Time =   0.2923E-07
 
nelt =      16, np =         2, nx1 =       7, elements =        32
Solve Time =   0.2960E-07
 
nelt =      16, np =         2, nx1 =       7, elements =        32
Solve Time =   0.4158E-07
 
nelt =      16, np =         2, nx1 =       7, elements =        32
Solve Time =   0.4310E-07
 
nelt =      16, np =         2, nx1 =       7, elements =        32
Solve Time =   0.4181E-07
 
nelt =      16, np =         2, nx1 =       7, elements =        32
Solve Time =   0.4282E-07
 
nelt =      16, np =         2, nx1 =       7, elements =        32
Solve Time =   0.3733E-07
 
nelt =      16, np =         2, nx1 =       7, elements =        32
Solve Time =   0.3735E-07
 
nelt =      16, np =         2, nx1 =       7, elements =        32
Solve Time =   0.3878E-07
 
nelt =      16, np =         2, nx1 =       7, elements =        32
Solve Time =   0.3766E-07
 
nelt =      16, np =         2, nx1 =       7, elements =        32
Solve Time =   0.3921E-07
 
nelt =      16, np =         2, nx1 =       7, elements =        32
Solve Time =   0.3845E-07
 
nelt =      16, np =         2, nx1 =       7, elements =        32
Solve Time =   0.3748E-07
 
nelt =      16, np =         2, nx1 =       7, elements =        32
Solve Time =   0.3754E-07
 
nelt =      16, np =         2, nx1 =       7, elements =        32
Solve Time =   0.3738E-07
 
nelt =      16, np =         2, nx1 =       7, elements =        32
Solve Time =   0.4310E-07
 
nelt =      16, np =         2, nx1 =       7, elements =        32
Solve Time =   0.4097E-07
 
nelt =      16, np =         2, nx1 =       7, elements =        32
Solve Time =   0.3987E-07
 
nelt =      16, np =         2, nx1 =       7, elements =        32
Solve Time =   0.3957E-07
 
nelt =      16, np =         2, nx1 =       7, elements =        32
Solve Time =   0.4158E-07
 
nelt =      16, np =         2, nx1 =       7, elements =        32
Solve Time =   0.3963E-07
 
nelt =      16, np =         2, nx1 =       7, elements =        32
Solve Time =   0.4124E-07
 
nelt =      16, np =         2, nx1 =       7, elements =        32
Solve Time =   0.3954E-07
 
nelt =      16, np =         2, nx1 =       7, elements =        32
Solve Time =   0.3975E-07
 
nelt =      16, np =         2, nx1 =       7, elements =        32
Solve Time =   0.4097E-07
 
nelt =      16, np =         2, nx1 =       7, elements =        32
Solve Time =   0.4437E-07
 
nelt =      16, np =         2, nx1 =       7, elements =        32
Solve Time =   0.4276E-07
 
nelt =      16, np =         2, nx1 =       7, elements =        32
Solve Time =   0.4072E-07
 
nelt =      16, np =         2, nx1 =       7, elements =        32
Solve Time =   0.4100E-07
 
nelt =      16, np =         2, nx1 =       7, elements =        32
Solve Time =   0.4389E-07
 
nelt =      16, np =         2, nx1 =       7, elements =        32
Solve Time =   0.4079E-07
 
nelt =      16, np =         2, nx1 =       7, elements =        32
Solve Time =   0.4097E-07
 
nelt =      16, np =         2, nx1 =       7, elements =        32
Solve Time =   0.4176E-07
 
nelt =      16, np =         2, nx1 =       7, elements =        32
Solve Time =   0.4079E-07
 
nelt =      16, np =         2, nx1 =       7, elements =        32
Solve Time =   0.4231E-07
 
nelt =      16, np =         2, nx1 =       7, elements =        32
Solve Time =   0.4577E-07
 
nelt =      16, np =         2, nx1 =       7, elements =        32
Solve Time =   0.4167E-07
 
nelt =      16, np =         2, nx1 =       7, elements =        32
Solve Time =   0.4160E-07
 
nelt =      16, np =         2, nx1 =       7, elements =        32
Solve Time =   0.4181E-07
 
nelt =      16, np =         2, nx1 =       7, elements =        32
Solve Time =   0.4303E-07
 
nelt =      16, np =         2, nx1 =       7, elements =        32
Solve Time =   0.4167E-07
 
nelt =      16, np =         2, nx1 =       7, elements =        32
Solve Time =   0.4346E-07
 
nelt =      16, np =         2, nx1 =       7, elements =        32
Solve Time =   0.4188E-07
 
nelt =      16, np =         2, nx1 =       7, elements =        32
Solve Time =   0.4173E-07
 
nelt =      16, np =         2, nx1 =       7, elements =        32
Solve Time =   0.4319E-07
 schfile:
 /gpfs/theta-fs1/home/thilina/env/lx7/b5.sch                                    
                                                      
  7       32  1.0000E+00  1.0000E+00  1.0000E+00  error v
  7       32  1.0000E+00  1.0000E+00  1.0000E+00  error v
 
nelt =      16, np =         2, nx1 =       7, elements =        32
Solve Time =   0.3474E-07
 
nelt =      16, np =         2, nx1 =       7, elements =        32
Solve Time =   0.3455E-07
 
nelt =      16, np =         2, nx1 =       7, elements =        32
Solve Time =   0.3443E-07
 
nelt =      16, np =         2, nx1 =       7, elements =        32
Solve Time =   0.3435E-07
 
nelt =      16, np =         2, nx1 =       7, elements =        32
Solve Time =   0.3432E-07
 
nelt =      16, np =         2, nx1 =       7, elements =        32
Solve Time =   0.3441E-07
 
nelt =      16, np =         2, nx1 =       7, elements =        32
Solve Time =   0.3439E-07
 
nelt =      16, np =         2, nx1 =       7, elements =        32
Solve Time =   0.3442E-07
 
nelt =      16, np =         2, nx1 =       7, elements =        32
Solve Time =   0.3438E-07
 
nelt =      16, np =         2, nx1 =       7, elements =        32
Solve Time =   0.3443E-07
  7       32  2.4161E-08  2.4161E-08  2.4161E-08  error s
  7       32  2.4161E-08  2.4161E-08  2.4161E-08  error s
 
nelt =      16, np =         2, nx1 =       7, elements =        32
Solve Time =   0.3652E-07
 
nelt =      16, np =         2, nx1 =       7, elements =        32
Solve Time =   0.3639E-07
 
nelt =      16, np =         2, nx1 =       7, elements =        32
Solve Time =   0.3635E-07
 
nelt =      16, np =         2, nx1 =       7, elements =        32
Solve Time =   0.3639E-07
 
nelt =      16, np =         2, nx1 =       7, elements =        32
Solve Time =   0.3644E-07
 
nelt =      16, np =         2, nx1 =       7, elements =        32
Solve Time =   0.3637E-07
 
nelt =      16, np =         2, nx1 =       7, elements =        32
Solve Time =   0.3639E-07
 
nelt =      16, np =         2, nx1 =       7, elements =        32
Solve Time =   0.3631E-07
 
nelt =      16, np =         2, nx1 =       7, elements =        32
Solve Time =   0.3614E-07
 
nelt =      16, np =         2, nx1 =       7, elements =        32
Solve Time =   0.3617E-07
  7       32  2.4161E-08  2.4161E-08  2.4161E-08  error n
  7       32  2.4161E-08  2.4161E-08  2.4161E-08  error n
   6       32  100  0.0000E+00  0.0000E+00  0.0000E+00 time for 3 hmholtz
EXIT: quit after cggov          6
  
call exitt: dying ...
  
backtrace(): obtained 8 stack frames.
./nek5000() [0x773f35]
./nek5000() [0x957849]
./nek5000() [0x40d4fc]
./nek5000() [0x426026]
./nek5000() [0x4245de]
./nek5000() [0x4054fe]
/lib64/libc.so.6(__libc_start_main+0xf5) [0x2aaab1ca3b25]
./nek5000() [0x405409]
  
total elapsed time             :   5.64384E+00 sec
total solver time incl. I/O    :   0.00000E+00 sec
time/timestep                  :   0.00000E+00 sec
CPU seconds/timestep/gridpt    :   0.00000E+00 sec

Application 2256455 resources: utime ~10s, stime ~2s, Rss ~21244, inblocks ~0, outblocks ~0
