/----------------------------------------------------------\\
|      _   __ ______ __ __  ______  ____   ____   ____     |
|     / | / // ____// //_/ / ____/ / __ \\/ __ \\/ __ \\   |
|    /  |/ // __/  / ,<   /___ \\ / / / // / / // / / /    |
|   / /|  // /___ / /| | ____/ / / /_/ // /_/ // /_/ /     |
|  /_/ |_//_____//_/ |_|/_____/  \\___/ \\___/ \\___/      |
|                                                          |
|----------------------------------------------------------|
|                                                          |
| NEK5000:  Open Source Spectral Element Solver            |
| COPYRIGHT (c) 2008-2016 UCHICAGO ARGONNE, LLC            |
| Version:  16.0.0                                         |
| Web:      http://nek5000.mcs.anl.gov                     |
|                                                          |
\\----------------------------------------------------------/
                                                              

 Number of processors:           8
 REAL    wdsize      :           8
 INTEGER wdsize      :           4
 Timer accuracy      : 3.81E-07
 Reading /gpfs/theta-fs1/home/thilina/env/lx7/b6.rea                                                                                         

 mapping elements to processors
 Reading /gpfs/theta-fs1/home/thilina/env/lx7/b6.map                                                                                         
           0           8           8          64          64  NELV
           3           8           8          64          64  NELV
           4           8           8          64          64  NELV
           5           8           8          64          64  NELV
           2           8           8          64          64  NELV
           7           8           8          64          64  NELV
           6           8           8          64          64  NELV
           1           8           8          64          64  NELV
 RANK     0 IEG      33      34      37      38      49      50      53      54
 element load imbalance:            0           8           8
 done :: mapping elements to processors
  
           0  objects found
 118   Parameters from file:
   1      1.00000     p001 DENSITY
   2     -100.000     p002 VISCOS
   7      1.00000     p007 RHOCP
   8      1.00000     p008 CONDUCT
  11      1.00        p011 NSTEPS
  12    -0.500000E-02 p012 DT
  21     0.100000E-05 p021 DIVERGENCE
  22     0.100000E-07 p022 HELMHOLTZ
  24     0.100000E-09 p024 TOLREL
  25     0.100000E-09 p025 TOLABS
  26     0.250000     p026 COURANT/NTAU
  27      2.00000     p027 TORDER
  66      6.00000     p066 output : <0=ascii, else binary
  67      6.00000     p067 restart: <0=ascii, else binary
  99      3.00000     p099 dealiasing: <0--> off/3--> old/4--> new
 103     0.500000E-01 p103 weight of stabilizing filter (.01)
  
 nelgt/nelgv/lelt:          64          64         100
 lx1  /lx2  /lx3 :           7           7           7
 done :: read .rea file   0.36131E-01 sec

 setup mesh topology
   Right-handed check complete for      64 elements. OK.
   setvert3d:   7        7625       15625        7625        7625
 call usrsetvert
 done :: usrsetvert

gs_setup: 1801 unique labels shared
   pairwise times (avg, min, max): 2.75552e-05 2.70844e-05 2.9397e-05
   crystal router                : 1.68949e-05 1.66893e-05 1.70946e-05
   all reduce                    : 6.35922e-05 6.32048e-05 6.38962e-05
   used all_to_all method: crystal router
   handle bytes (avg, min, max): 77772 77772 77772
   buffer bytes (avg, min, max): 15584 15584 15584
   setupds time 1.2097E-02 seconds   0  7        7625          64
           8  max multiplicity
 done :: setup mesh topology
  
 call usrdat
 done :: usrdat

 generate geometry data
 done :: generate geometry data
  
 call usrdat2
 done :: usrdat2

 regenerate geometry data           1
 NOTE: All elements deformed , param(59) ^=0
 done :: regenerate geometry data           1
  
 verify mesh topology
  0.000000000000000E+000   1.00000000000000       Xrange
  0.000000000000000E+000   1.00000000000000       Yrange
  0.000000000000000E+000   1.00000000000000       Zrange
 done :: verify mesh topology
  
 IFTRAN   = T
 IFFLOW   = T
 IFHEAT   = F
 IFSPLIT  = T
 IFLOMACH = F
 IFUSERVP = F
 IFUSERMV = F
 IFSTRS   = F
 IFCHAR   = F
 IFCYCLIC = F
 IFAXIS   = F
 IFMVBD   = F
 IFMELT   = F
 IFMODEL  = F
 IFKEPS   = F
 IFMOAB   = F
 IFNEKNEK = F
 IFSYNC   = T
   
 IFVCOR   = T
 IFINTQ   = F
 IFCWUZ   = F
 IFSWALL  = F
 IFGEOM   = F
 IFSURT   = F
 IFWCNO   = F
   
 IFTMSH for field           1    =  F
 IFADVC for field           1    =  T
 IFNONL for field           1    =  F
   
 Dealiasing enabled, lxd=          10
  
 Estimated eigenvalues
 EIGAA =    9.86960440108936     
 EIGGA =    35891.7269936179     
 EIGAE =    9.86960440108936     
 EIGAS =   8.333333333333333E-002
 EIGGE =    35891.7269936179     
 EIGGS =    2.00000000000000     
  
 verify mesh topology
  0.000000000000000E+000   1.00000000000000       Xrange
  0.000000000000000E+000   1.00000000000000       Yrange
  0.000000000000000E+000   1.00000000000000       Zrange
 done :: verify mesh topology
  
  E-solver strategy:  0 itr
 mg_nx:           1           3           6
 mg_ny:           1           3           6
 mg_nz:           1           3           6
 call usrsetvert
 done :: usrsetvert

gs_setup: 61 unique labels shared
   pairwise times (avg, min, max): 1.65075e-05 1.59025e-05 1.82867e-05
   crystal router                : 6.57141e-06 6.48499e-06 6.69956e-06
   all reduce                    : 2.78562e-05 2.77042e-05 2.81096e-05
   used all_to_all method: crystal router
   handle bytes (avg, min, max): 4092 4092 4092
   buffer bytes (avg, min, max): 704 704 704
   setupds time 2.9168E-03 seconds   1  2         125          64
   setvert3d:   4        1685        2197        1685        1685
 call usrsetvert
 done :: usrsetvert

gs_setup: 469 unique labels shared
   pairwise times (avg, min, max): 2.1705e-05 2.141e-05 2.21968e-05
   crystal router                : 8.89301e-06 8.79765e-06 8.98838e-06
   all reduce                    : 4.71473e-05 4.70161e-05 4.73022e-05
   used all_to_all method: crystal router
   handle bytes (avg, min, max): 22044 22044 22044
   buffer bytes (avg, min, max): 4352 4352 4352
   setupds time 5.2309E-03 seconds   2  4        1685          64
   setvert3d:   4        1685        2197        1685        1685
 call usrsetvert
 done :: usrsetvert

gs_setup: 469 unique labels shared
   pairwise times (avg, min, max): 1.26481e-05 1.24931e-05 1.28984e-05
   crystal router                : 8.88109e-06 8.79765e-06 8.98838e-06
   all reduce                    : 4.90546e-05 4.88043e-05 4.9305e-05
   used all_to_all method: crystal router
   handle bytes (avg, min, max): 22044 22044 22044
   buffer bytes (avg, min, max): 4352 4352 4352
   setupds time 5.0070E-03 seconds   3  4        1685          64
   setvert3d:   6        5165        9261        5165        5165
 call usrsetvert
 done :: usrsetvert

gs_setup: 1261 unique labels shared
   pairwise times (avg, min, max): 1.36167e-05 1.33991e-05 1.38044e-05
   crystal router                : 1.36554e-05 1.35899e-05 1.37091e-05
   all reduce                    : 5.51015e-05 5.49078e-05 5.55038e-05
   used all_to_all method: crystal router
   handle bytes (avg, min, max): 55356 55356 55356
   buffer bytes (avg, min, max): 11072 11072 11072
   setupds time 7.7212E-03 seconds   4  6        5165          64
 regenerate geometry data           1
 NOTE: All elements deformed , param(59) ^=0
 done :: regenerate geometry data           1
  
 h1_mg_nx:           1           3           6
 h1_mg_ny:           1           3           6
 h1_mg_nz:           1           3           6
 call usrsetvert
 done :: usrsetvert

gs_setup: 61 unique labels shared
   pairwise times (avg, min, max): 2.11209e-05 2.04086e-05 2.31028e-05
   crystal router                : 6.71148e-06 6.60419e-06 6.79493e-06
   all reduce                    : 3.03e-05 3.00884e-05 3.03984e-05
   used all_to_all method: crystal router
   handle bytes (avg, min, max): 4092 4092 4092
   buffer bytes (avg, min, max): 704 704 704
   setupds time 3.3929E-03 seconds   5  2         125          64
   setvert3d:   4        1685        2197        1685        1685
 call usrsetvert
 done :: usrsetvert

gs_setup: 469 unique labels shared
   pairwise times (avg, min, max): 2.06798e-05 2.01941e-05 2.12908e-05
   crystal router                : 8.96454e-06 8.89301e-06 9.08375e-06
   all reduce                    : 5.1856e-05 5.16176e-05 5.19991e-05
   used all_to_all method: crystal router
   handle bytes (avg, min, max): 22044 22044 22044
   buffer bytes (avg, min, max): 4352 4352 4352
   setupds time 5.4951E-03 seconds   6  4        1685          64
   setvert3d:   4        1685        2197        1685        1685
 call usrsetvert
 done :: usrsetvert

gs_setup: 469 unique labels shared
   pairwise times (avg, min, max): 2.56598e-05 2.5177e-05 2.69175e-05
   crystal router                : 9.03904e-06 8.89301e-06 9.29832e-06
   all reduce                    : 4.4021e-05 4.37975e-05 4.42028e-05
   used all_to_all method: crystal router
   handle bytes (avg, min, max): 22044 22044 22044
   buffer bytes (avg, min, max): 4352 4352 4352
   setupds time 4.9090E-03 seconds   7  4        1685          64
   setvert3d:   6        5165        9261        5165        5165
 call usrsetvert
 done :: usrsetvert

gs_setup: 1261 unique labels shared
   pairwise times (avg, min, max): 2.698e-05 2.63214e-05 2.83957e-05
   crystal router                : 1.39087e-05 1.37091e-05 1.41144e-05
   all reduce                    : 5.7739e-05 5.71966e-05 5.79834e-05
   used all_to_all method: crystal router
   handle bytes (avg, min, max): 55356 55356 55356
   buffer bytes (avg, min, max): 11072 11072 11072
   setupds time 7.5979E-03 seconds   8  6        5165          64
   setvert3d:   7        7625       15625        7625        7625
 call usrsetvert
 done :: usrsetvert

gs_setup: 1801 unique labels shared
   pairwise times (avg, min, max): 1.33276e-05 1.31845e-05 1.36137e-05
   crystal router                : 1.7032e-05 1.67847e-05 1.72853e-05
   all reduce                    : 5.50866e-05 5.47886e-05 5.55038e-05
   used all_to_all method: pairwise
   handle bytes (avg, min, max): 24124 24124 24124
   buffer bytes (avg, min, max): 8752 8752 8752
   setupds time 9.4059E-03 seconds   9  7        7625          64
   setvert3d:   9       13985       35937       13985       13985
 call usrsetvert
 done :: usrsetvert

gs_setup: 3169 unique labels shared
   pairwise times (avg, min, max): 1.40637e-05 1.38044e-05 1.42097e-05
   crystal router                : 2.54065e-05 2.51055e-05 2.56062e-05
   all reduce                    : 8.53002e-05 8.49962e-05 8.54969e-05
   used all_to_all method: pairwise
   handle bytes (avg, min, max): 41212 41212 41212
   buffer bytes (avg, min, max): 14704 14704 14704
   setupds time 1.4163E-02 seconds  10  9       13985          64
 setup h1 coarse grid, nx_crs=           2
 call usrsetvert
 done :: usrsetvert

gs_setup: 61 unique labels shared
   pairwise times (avg, min, max): 2.61366e-05 2.57015e-05 2.77996e-05
   crystal router                : 8.79765e-06 8.51154e-06 9.01222e-06
   all reduce                    : 2.46346e-05 2.43902e-05 2.47002e-05
   used all_to_all method: crystal router
   handle bytes (avg, min, max): 4092 4092 4092
   buffer bytes (avg, min, max): 704 704 704
 done :: setup h1 coarse grid   6.383895874023438E-003  sec
  
 call usrdat3
 done :: usrdat3

 set initial conditions
 nekuic (1) for ifld            1
 call nekuic for vel  
 xyz min     0.0000       0.0000       0.0000    
 uvwpt min   0.0000       0.0000       0.0000       0.0000       0.0000    
 PS min      0.0000       0.0000      0.99000E+22
 xyz max     1.0000       1.0000       1.0000    
 uvwpt max   0.0000       0.0000       0.0000       0.0000       0.0000    
 PS max      0.0000       0.0000     -0.99000E+22
 done :: set initial conditions
  
 call userchk
GFM max:  1.4493E-02  1.4493E-02  1.4493E-02  4.0365E-17  4.0365E-17  4.0365E-17
 
nelt =       8, np =         8, nx1 =       7, elements =        64
Solve Time =   0.9778E-08
 
nelt =       8, np =         8, nx1 =       7, elements =        64
Solve Time =   0.9573E-08
 
nelt =       8, np =         8, nx1 =       7, elements =        64
Solve Time =   0.9557E-08
 
nelt =       8, np =         8, nx1 =       7, elements =        64
Solve Time =   0.9627E-08
 
nelt =       8, np =         8, nx1 =       7, elements =        64
Solve Time =   0.9580E-08
 
nelt =       8, np =         8, nx1 =       7, elements =        64
Solve Time =   0.9565E-08
 
nelt =       8, np =         8, nx1 =       7, elements =        64
Solve Time =   0.9536E-08
 
nelt =       8, np =         8, nx1 =       7, elements =        64
Solve Time =   0.1699E-07
 
nelt =       8, np =         8, nx1 =       7, elements =        64
Solve Time =   0.1582E-07
 
nelt =       8, np =         8, nx1 =       7, elements =        64
Solve Time =   0.1594E-07
 
nelt =       8, np =         8, nx1 =       7, elements =        64
Solve Time =   0.1520E-07
 
nelt =       8, np =         8, nx1 =       7, elements =        64
Solve Time =   0.1289E-07
 
nelt =       8, np =         8, nx1 =       7, elements =        64
Solve Time =   0.1309E-07
 
nelt =       8, np =         8, nx1 =       7, elements =        64
Solve Time =   0.1294E-07
 
nelt =       8, np =         8, nx1 =       7, elements =        64
Solve Time =   0.1362E-07
 
nelt =       8, np =         8, nx1 =       7, elements =        64
Solve Time =   0.1294E-07
 
nelt =       8, np =         8, nx1 =       7, elements =        64
Solve Time =   0.1285E-07
 
nelt =       8, np =         8, nx1 =       7, elements =        64
Solve Time =   0.1288E-07
 
nelt =       8, np =         8, nx1 =       7, elements =        64
Solve Time =   0.1362E-07
 
nelt =       8, np =         8, nx1 =       7, elements =        64
Solve Time =   0.1292E-07
 
nelt =       8, np =         8, nx1 =       7, elements =        64
Solve Time =   0.1831E-07
 
nelt =       8, np =         8, nx1 =       7, elements =        64
Solve Time =   0.1505E-07
 
nelt =       8, np =         8, nx1 =       7, elements =        64
Solve Time =   0.1412E-07
 
nelt =       8, np =         8, nx1 =       7, elements =        64
Solve Time =   0.1441E-07
 
nelt =       8, np =         8, nx1 =       7, elements =        64
Solve Time =   0.1420E-07
 
nelt =       8, np =         8, nx1 =       7, elements =        64
Solve Time =   0.1497E-07
 
nelt =       8, np =         8, nx1 =       7, elements =        64
Solve Time =   0.1429E-07
 
nelt =       8, np =         8, nx1 =       7, elements =        64
Solve Time =   0.1413E-07
 
nelt =       8, np =         8, nx1 =       7, elements =        64
Solve Time =   0.1406E-07
 
nelt =       8, np =         8, nx1 =       7, elements =        64
Solve Time =   0.1411E-07
 
nelt =       8, np =         8, nx1 =       7, elements =        64
Solve Time =   0.1917E-07
 
nelt =       8, np =         8, nx1 =       7, elements =        64
Solve Time =   0.1552E-07
 
nelt =       8, np =         8, nx1 =       7, elements =        64
Solve Time =   0.1556E-07
 
nelt =       8, np =         8, nx1 =       7, elements =        64
Solve Time =   0.1488E-07
 
nelt =       8, np =         8, nx1 =       7, elements =        64
Solve Time =   0.1468E-07
 
nelt =       8, np =         8, nx1 =       7, elements =        64
Solve Time =   0.1540E-07
 
nelt =       8, np =         8, nx1 =       7, elements =        64
Solve Time =   0.1484E-07
 
nelt =       8, np =         8, nx1 =       7, elements =        64
Solve Time =   0.1470E-07
 
nelt =       8, np =         8, nx1 =       7, elements =        64
Solve Time =   0.1482E-07
 
nelt =       8, np =         8, nx1 =       7, elements =        64
Solve Time =   0.1511E-07
 
nelt =       8, np =         8, nx1 =       7, elements =        64
Solve Time =   0.1986E-07
 
nelt =       8, np =         8, nx1 =       7, elements =        64
Solve Time =   0.1536E-07
 
nelt =       8, np =         8, nx1 =       7, elements =        64
Solve Time =   0.1685E-07
 
nelt =       8, np =         8, nx1 =       7, elements =        64
Solve Time =   0.1549E-07
 
nelt =       8, np =         8, nx1 =       7, elements =        64
Solve Time =   0.1543E-07
 
nelt =       8, np =         8, nx1 =       7, elements =        64
Solve Time =   0.1611E-07
 
nelt =       8, np =         8, nx1 =       7, elements =        64
Solve Time =   0.1543E-07
 
nelt =       8, np =         8, nx1 =       7, elements =        64
Solve Time =   0.1559E-07
 
nelt =       8, np =         8, nx1 =       7, elements =        64
Solve Time =   0.1629E-07
 
nelt =       8, np =         8, nx1 =       7, elements =        64
Solve Time =   0.1552E-07
 schfile:
 /gpfs/theta-fs1/home/thilina/env/lx7/b6.sch                                    
                                                      
  7       64  1.0000E+00  1.0000E+00  1.0000E+00  error v
  7       64  1.0000E+00  1.0000E+00  1.0000E+00  error v
  7       64  1.0000E+00  1.0000E+00  1.0000E+00  error v
  7       64  1.0000E+00  1.0000E+00  1.0000E+00  error v
  7       64  1.0000E+00  1.0000E+00  1.0000E+00  error v
  7       64  1.0000E+00  1.0000E+00  1.0000E+00  error v
  7       64  1.0000E+00  1.0000E+00  1.0000E+00  error v
  7       64  1.0000E+00  1.0000E+00  1.0000E+00  error v
 
nelt =       8, np =         8, nx1 =       7, elements =        64
Solve Time =   0.1045E-07
 
nelt =       8, np =         8, nx1 =       7, elements =        64
Solve Time =   0.1033E-07
 
nelt =       8, np =         8, nx1 =       7, elements =        64
Solve Time =   0.1028E-07
 
nelt =       8, np =         8, nx1 =       7, elements =        64
Solve Time =   0.1032E-07
 
nelt =       8, np =         8, nx1 =       7, elements =        64
Solve Time =   0.1026E-07
 
nelt =       8, np =         8, nx1 =       7, elements =        64
Solve Time =   0.1028E-07
 
nelt =       8, np =         8, nx1 =       7, elements =        64
Solve Time =   0.1031E-07
 
nelt =       8, np =         8, nx1 =       7, elements =        64
Solve Time =   0.1029E-07
 
nelt =       8, np =         8, nx1 =       7, elements =        64
Solve Time =   0.1031E-07
 
nelt =       8, np =         8, nx1 =       7, elements =        64
Solve Time =   0.1026E-07
  7       64  3.3010E-10  3.3010E-10  3.3010E-10  error s
  7       64  3.3010E-10  3.3010E-10  3.3010E-10  error s
  7       64  3.3010E-10  3.3010E-10  3.3010E-10  error s
  7       64  3.3010E-10  3.3010E-10  3.3010E-10  error s
  7       64  3.3010E-10  3.3010E-10  3.3010E-10  error s
  7       64  3.3010E-10  3.3010E-10  3.3010E-10  error s
  7       64  3.3010E-10  3.3010E-10  3.3010E-10  error s
  7       64  3.3010E-10  3.3010E-10  3.3010E-10  error s
 
nelt =       8, np =         8, nx1 =       7, elements =        64
Solve Time =   0.1083E-07
 
nelt =       8, np =         8, nx1 =       7, elements =        64
Solve Time =   0.1060E-07
 
nelt =       8, np =         8, nx1 =       7, elements =        64
Solve Time =   0.1062E-07
 
nelt =       8, np =         8, nx1 =       7, elements =        64
Solve Time =   0.1062E-07
 
nelt =       8, np =         8, nx1 =       7, elements =        64
Solve Time =   0.1060E-07
 
nelt =       8, np =         8, nx1 =       7, elements =        64
Solve Time =   0.1060E-07
 
nelt =       8, np =         8, nx1 =       7, elements =        64
Solve Time =   0.1062E-07
 
nelt =       8, np =         8, nx1 =       7, elements =        64
Solve Time =   0.1060E-07
 
nelt =       8, np =         8, nx1 =       7, elements =        64
Solve Time =   0.1060E-07
 
nelt =       8, np =         8, nx1 =       7, elements =        64
Solve Time =   0.1061E-07
  7       64  3.3010E-10  3.3010E-10  3.3010E-10  error n
  7       64  3.3010E-10  3.3010E-10  3.3010E-10  error n
  7       64  3.3010E-10  3.3010E-10  3.3010E-10  error n
  7       64  3.3010E-10  3.3010E-10  3.3010E-10  error n
  7       64  3.3010E-10  3.3010E-10  3.3010E-10  error n
  7       64  3.3010E-10  3.3010E-10  3.3010E-10  error n
  7       64  3.3010E-10  3.3010E-10  3.3010E-10  error n
  7       64  3.3010E-10  3.3010E-10  3.3010E-10  error n
   6       64  100  0.0000E+00  0.0000E+00  0.0000E+00 time for 3 hmholtz
EXIT: quit after cggov          6
  
call exitt: dying ...
  
backtrace(): obtained 8 stack frames.
./nek5000() [0x773f35]
./nek5000() [0x957849]
./nek5000() [0x40d4fc]
./nek5000() [0x426026]
./nek5000() [0x4245de]
./nek5000() [0x4054fe]
/lib64/libc.so.6(__libc_start_main+0xf5) [0x2aaab1ca3b25]
./nek5000() [0x405409]
  
total elapsed time             :   7.39330E+00 sec
total solver time incl. I/O    :   0.00000E+00 sec
time/timestep                  :   0.00000E+00 sec
CPU seconds/timestep/gridpt    :   0.00000E+00 sec

Application 2256505 resources: utime ~55s, stime ~4s, Rss ~20836, inblocks ~0, outblocks ~0
