/----------------------------------------------------------\\
|      _   __ ______ __ __  ______  ____   ____   ____     |
|     / | / // ____// //_/ / ____/ / __ \\/ __ \\/ __ \\   |
|    /  |/ // __/  / ,<   /___ \\ / / / // / / // / / /    |
|   / /|  // /___ / /| | ____/ / / /_/ // /_/ // /_/ /     |
|  /_/ |_//_____//_/ |_|/_____/  \\___/ \\___/ \\___/      |
|                                                          |
|----------------------------------------------------------|
|                                                          |
| NEK5000:  Open Source Spectral Element Solver            |
| COPYRIGHT (c) 2008-2016 UCHICAGO ARGONNE, LLC            |
| Version:  16.0.0                                         |
| Web:      http://nek5000.mcs.anl.gov                     |
|                                                          |
\\----------------------------------------------------------/
                                                              

 Number of processors:          32
 REAL    wdsize      :           8
 INTEGER wdsize      :           4
 Timer accuracy      : 2.86E-07
 Reading /gpfs/theta-fs1/home/thilina/env/lx7/b7.rea                                                                                         

 mapping elements to processors
 Reading /gpfs/theta-fs1/home/thilina/env/lx7/b7.map                                                                                         
           0           4           4         128         128  NELV
          24           4           4         128         128  NELV
          25           4           4         128         128  NELV
          20           4           4         128         128  NELV
          21           4           4         128         128  NELV
           8           4           4         128         128  NELV
          11           4           4         128         128  NELV
           3           4           4         128         128  NELV
          27           4           4         128         128  NELV
           2           4           4         128         128  NELV
          30           4           4         128         128  NELV
          31           4           4         128         128  NELV
          12           4           4         128         128  NELV
           9           4           4         128         128  NELV
          13           4           4         128         128  NELV
          22           4           4         128         128  NELV
          16           4           4         128         128  NELV
          23           4           4         128         128  NELV
          19           4           4         128         128  NELV
          18           4           4         128         128  NELV
          17           4           4         128         128  NELV
           7           4           4         128         128  NELV
          28           4           4         128         128  NELV
          29           4           4         128         128  NELV
          10           4           4         128         128  NELV
           4           4           4         128         128  NELV
           6           4           4         128         128  NELV
           5           4           4         128         128  NELV
          26           4           4         128         128  NELV
           1           4           4         128         128  NELV
          14           4           4         128         128  NELV
          15           4           4         128         128  NELV
 RANK     0 IEG     113     114     117     118
 element load imbalance:            0           4           4
 done :: mapping elements to processors
  
           0  objects found
 118   Parameters from file:
   1      1.00000     p001 DENSITY
   2     -100.000     p002 VISCOS
   7      1.00000     p007 RHOCP
   8      1.00000     p008 CONDUCT
  11      1.00        p011 NSTEPS
  12    -0.500000E-02 p012 DT
  21     0.100000E-05 p021 DIVERGENCE
  22     0.100000E-07 p022 HELMHOLTZ
  24     0.100000E-09 p024 TOLREL
  25     0.100000E-09 p025 TOLABS
  26     0.250000     p026 COURANT/NTAU
  27      2.00000     p027 TORDER
  66      6.00000     p066 output : <0=ascii, else binary
  67      6.00000     p067 restart: <0=ascii, else binary
  99      3.00000     p099 dealiasing: <0--> off/3--> old/4--> new
 103     0.500000E-01 p103 weight of stabilizing filter (.01)
  
 nelgt/nelgv/lelt:         128         128         100
 lx1  /lx2  /lx3 :           7           7           7
 done :: read .rea file   0.82041E-01 sec

 setup mesh topology
   Right-handed check complete for     128 elements. OK.
   setvert3d:   7       14625       30625       14625       14625
 call usrsetvert
 done :: usrsetvert

gs_setup: 6433 unique labels shared
   pairwise times (avg, min, max): 3.56056e-05 3.20911e-05 4.14133e-05
   crystal router                : 3.23281e-05 3.19004e-05 3.2711e-05
   all reduce                    : 0.000197459 0.000195885 0.000198412
   used all_to_all method: crystal router
   handle bytes (avg, min, max): 92846 72092 105236
   buffer bytes (avg, min, max): 15776 12800 17600
   setupds time 2.5590E-02 seconds   0  7       14625         128
           8  max multiplicity
 done :: setup mesh topology
  
 call usrdat
 done :: usrdat

 generate geometry data
 done :: generate geometry data
  
 call usrdat2
 done :: usrdat2

 regenerate geometry data           1
 NOTE: All elements deformed , param(59) ^=0
 done :: regenerate geometry data           1
  
 verify mesh topology
  0.000000000000000E+000   1.00000000000000       Xrange
  0.000000000000000E+000   1.00000000000000       Yrange
  0.000000000000000E+000   1.00000000000000       Zrange
 done :: verify mesh topology
  
 IFTRAN   = T
 IFFLOW   = T
 IFHEAT   = F
 IFSPLIT  = T
 IFLOMACH = F
 IFUSERVP = F
 IFUSERMV = F
 IFSTRS   = F
 IFCHAR   = F
 IFCYCLIC = F
 IFAXIS   = F
 IFMVBD   = F
 IFMELT   = F
 IFMODEL  = F
 IFKEPS   = F
 IFMOAB   = F
 IFNEKNEK = F
 IFSYNC   = T
   
 IFVCOR   = T
 IFINTQ   = F
 IFCWUZ   = F
 IFSWALL  = F
 IFGEOM   = F
 IFSURT   = F
 IFWCNO   = F
   
 IFTMSH for field           1    =  F
 IFADVC for field           1    =  T
 IFNONL for field           1    =  F
   
 Dealiasing enabled, lxd=          10
  
 Estimated eigenvalues
 EIGAA =    9.86960440108936     
 EIGGA =    71786.5557424953     
 EIGAE =    9.86960440108936     
 EIGAS =   8.333333333333333E-002
 EIGGE =    71786.5557424953     
 EIGGS =    2.00000000000000     
  
 verify mesh topology
  0.000000000000000E+000   1.00000000000000       Xrange
  0.000000000000000E+000   1.00000000000000       Yrange
  0.000000000000000E+000   1.00000000000000       Zrange
 done :: verify mesh topology
  
  E-solver strategy:  0 itr
 mg_nx:           1           3           6
 mg_ny:           1           3           6
 mg_nz:           1           3           6
 call usrsetvert
 done :: usrsetvert

gs_setup: 193 unique labels shared
   pairwise times (avg, min, max): 3.15517e-05 2.72989e-05 3.81947e-05
   crystal router                : 1.30169e-05 1.28984e-05 1.33038e-05
   all reduce                    : 4.02488e-05 3.99828e-05 4.04835e-05
   used all_to_all method: crystal router
   handle bytes (avg, min, max): 5046 4332 5556
   buffer bytes (avg, min, max): 700 624 768
   setupds time 4.8041E-03 seconds   1  2         225         128
   setvert3d:   4        3201        4225        3201        3201
 call usrsetvert
 done :: usrsetvert

gs_setup: 1633 unique labels shared
   pairwise times (avg, min, max): 3.24741e-05 2.9707e-05 3.77893e-05
   crystal router                : 1.78032e-05 1.75953e-05 1.80006e-05
   all reduce                    : 7.95037e-05 7.86066e-05 8.0204e-05
   used all_to_all method: crystal router
   handle bytes (avg, min, max): 26486 21068 29876
   buffer bytes (avg, min, max): 4316 3584 4784
   setupds time 7.9582E-03 seconds   2  4        3201         128
   setvert3d:   4        3201        4225        3201        3201
 call usrsetvert
 done :: usrsetvert

gs_setup: 1633 unique labels shared
   pairwise times (avg, min, max): 2.83353e-05 2.62022e-05 3.22104e-05
   crystal router                : 2.07819e-05 2.05994e-05 2.09808e-05
   all reduce                    : 8.28393e-05 8.21114e-05 8.3518e-05
   used all_to_all method: crystal router
   handle bytes (avg, min, max): 26486 21068 29876
   buffer bytes (avg, min, max): 4316 3584 4784
   setupds time 8.0740E-03 seconds   3  4        3201         128
   setvert3d:   6        9889       18081        9889        9889
 call usrsetvert
 done :: usrsetvert

gs_setup: 4481 unique labels shared
   pairwise times (avg, min, max): 2.91578e-05 2.65837e-05 3.24011e-05
   crystal router                : 2.71842e-05 2.68936e-05 2.74897e-05
   all reduce                    : 0.000163257 0.000162196 0.000164199
   used all_to_all method: crystal router
   handle bytes (avg, min, max): 66166 51628 74932
   buffer bytes (avg, min, max): 11152 9072 12432
   setupds time 1.2702E-02 seconds   4  6        9889         128
 regenerate geometry data           1
 NOTE: All elements deformed , param(59) ^=0
 done :: regenerate geometry data           1
  
 h1_mg_nx:           1           3           6
 h1_mg_ny:           1           3           6
 h1_mg_nz:           1           3           6
 call usrsetvert
 done :: usrsetvert

gs_setup: 193 unique labels shared
   pairwise times (avg, min, max): 2.8336e-05 2.48909e-05 3.3021e-05
   crystal router                : 1.59405e-05 1.57833e-05 1.60933e-05
   all reduce                    : 4.25592e-05 4.23908e-05 4.27961e-05
   used all_to_all method: crystal router
   handle bytes (avg, min, max): 5046 4332 5556
   buffer bytes (avg, min, max): 700 624 768
   setupds time 5.0490E-03 seconds   5  2         225         128
   setvert3d:   4        3201        4225        3201        3201
 call usrsetvert
 done :: usrsetvert

gs_setup: 1633 unique labels shared
   pairwise times (avg, min, max): 2.7936e-05 2.53916e-05 3.0303e-05
   crystal router                : 1.88246e-05 1.84059e-05 1.94073e-05
   all reduce                    : 8.31716e-05 8.23975e-05 8.38995e-05
   used all_to_all method: crystal router
   handle bytes (avg, min, max): 26486 21068 29876
   buffer bytes (avg, min, max): 4316 3584 4784
   setupds time 7.9331E-03 seconds   6  4        3201         128
   setvert3d:   4        3201        4225        3201        3201
 call usrsetvert
 done :: usrsetvert

gs_setup: 1633 unique labels shared
   pairwise times (avg, min, max): 3.6943e-05 2.92063e-05 4.46081e-05
   crystal router                : 1.54957e-05 1.51873e-05 1.58072e-05
   all reduce                    : 8.6084e-05 8.51154e-05 8.68082e-05
   used all_to_all method: crystal router
   handle bytes (avg, min, max): 26486 21068 29876
   buffer bytes (avg, min, max): 4316 3584 4784
   setupds time 6.8030E-03 seconds   7  4        3201         128
   setvert3d:   6        9889       18081        9889        9889
 call usrsetvert
 done :: usrsetvert

gs_setup: 4481 unique labels shared
   pairwise times (avg, min, max): 2.69301e-05 2.56062e-05 2.89917e-05
   crystal router                : 2.50839e-05 2.46048e-05 2.54154e-05
   all reduce                    : 0.000168248 0.000166893 0.000169396
   used all_to_all method: crystal router
   handle bytes (avg, min, max): 66166 51628 74932
   buffer bytes (avg, min, max): 11152 9072 12432
   setupds time 1.1119E-02 seconds   8  6        9889         128
   setvert3d:   7       14625       30625       14625       14625
 call usrsetvert
 done :: usrsetvert

gs_setup: 6433 unique labels shared
   pairwise times (avg, min, max): 2.93128e-05 2.77996e-05 3.26157e-05
   crystal router                : 3.20122e-05 3.14951e-05 3.24965e-05
   all reduce                    : 0.000212212 0.000210381 0.000213289
   used all_to_all method: crystal router
   handle bytes (avg, min, max): 92846 72092 105236
   buffer bytes (avg, min, max): 15776 12800 17600
   setupds time 1.3932E-02 seconds   9  7       14625         128
   setvert3d:   9       26881       70785       26881       26881
 call usrsetvert
 done :: usrsetvert

gs_setup: 11393 unique labels shared
   pairwise times (avg, min, max): 2.81639e-05 2.66075e-05 3.01838e-05
   crystal router                : 6.44721e-05 6.39915e-05 6.53982e-05
   all reduce                    : 0.000753728 0.000751591 0.000756907
   used all_to_all method: pairwise
   handle bytes (avg, min, max): 26684 21596 28380
   buffer bytes (avg, min, max): 14112 10224 15408
   setupds time 2.6701E-02 seconds  10  9       26881         128
 setup h1 coarse grid, nx_crs=           2
 call usrsetvert
 done :: usrsetvert

gs_setup: 193 unique labels shared
   pairwise times (avg, min, max): 2.37525e-05 2.17915e-05 2.59876e-05
   crystal router                : 1.11207e-05 1.09911e-05 1.13964e-05
   all reduce                    : 4.109e-05 4.08173e-05 4.13895e-05
   used all_to_all method: crystal router
   handle bytes (avg, min, max): 5046 4332 5556
   buffer bytes (avg, min, max): 700 624 768
 done :: setup h1 coarse grid   1.098608970642090E-002  sec
  
 call usrdat3
 done :: usrdat3

 set initial conditions
 nekuic (1) for ifld            1
 call nekuic for vel  
 xyz min     0.0000       0.0000       0.0000    
 uvwpt min   0.0000       0.0000       0.0000       0.0000       0.0000    
 PS min      0.0000       0.0000      0.99000E+22
 xyz max     1.0000       1.0000       1.0000    
 uvwpt max   0.0000       0.0000       0.0000       0.0000       0.0000    
 PS max      0.0000       0.0000     -0.99000E+22
 done :: set initial conditions
  
 call userchk
GFM max:  7.2464E-03  7.2464E-03  2.8986E-02  2.0183E-17  6.8383E-17  6.8383E-17
 
nelt =       4, np =        32, nx1 =       7, elements =       128
Solve Time =   0.4043E-08
 
nelt =       4, np =        32, nx1 =       7, elements =       128
Solve Time =   0.3770E-08
 
nelt =       4, np =        32, nx1 =       7, elements =       128
Solve Time =   0.3722E-08
 
nelt =       4, np =        32, nx1 =       7, elements =       128
Solve Time =   0.3732E-08
 
nelt =       4, np =        32, nx1 =       7, elements =       128
Solve Time =   0.3701E-08
 
nelt =       4, np =        32, nx1 =       7, elements =       128
Solve Time =   0.3720E-08
 
nelt =       4, np =        32, nx1 =       7, elements =       128
Solve Time =   0.3719E-08
 
nelt =       4, np =        32, nx1 =       7, elements =       128
Solve Time =   0.3709E-08
 
nelt =       4, np =        32, nx1 =       7, elements =       128
Solve Time =   0.3714E-08
 
nelt =       4, np =        32, nx1 =       7, elements =       128
Solve Time =   0.3712E-08
 
nelt =       4, np =        32, nx1 =       7, elements =       128
Solve Time =   0.1579E-08
 
nelt =       4, np =        32, nx1 =       7, elements =       128
Solve Time =   0.1509E-08
 
nelt =       4, np =        32, nx1 =       7, elements =       128
Solve Time =   0.1507E-08
 
nelt =       4, np =        32, nx1 =       7, elements =       128
Solve Time =   0.1514E-08
 
nelt =       4, np =        32, nx1 =       7, elements =       128
Solve Time =   0.1528E-08
 
nelt =       4, np =        32, nx1 =       7, elements =       128
Solve Time =   0.1517E-08
 
nelt =       4, np =        32, nx1 =       7, elements =       128
Solve Time =   0.1518E-08
 
nelt =       4, np =        32, nx1 =       7, elements =       128
Solve Time =   0.1521E-08
 
nelt =       4, np =        32, nx1 =       7, elements =       128
Solve Time =   0.1509E-08
 
nelt =       4, np =        32, nx1 =       7, elements =       128
Solve Time =   0.1532E-08
 
nelt =       4, np =        32, nx1 =       7, elements =       128
Solve Time =   0.2471E-08
 
nelt =       4, np =        32, nx1 =       7, elements =       128
Solve Time =   0.2374E-08
 
nelt =       4, np =        32, nx1 =       7, elements =       128
Solve Time =   0.2393E-08
 
nelt =       4, np =        32, nx1 =       7, elements =       128
Solve Time =   0.2376E-08
 
nelt =       4, np =        32, nx1 =       7, elements =       128
Solve Time =   0.2381E-08
 
nelt =       4, np =        32, nx1 =       7, elements =       128
Solve Time =   0.2386E-08
 
nelt =       4, np =        32, nx1 =       7, elements =       128
Solve Time =   0.2381E-08
 
nelt =       4, np =        32, nx1 =       7, elements =       128
Solve Time =   0.2385E-08
 
nelt =       4, np =        32, nx1 =       7, elements =       128
Solve Time =   0.2362E-08
 
nelt =       4, np =        32, nx1 =       7, elements =       128
Solve Time =   0.2369E-08
 
nelt =       4, np =        32, nx1 =       7, elements =       128
Solve Time =   0.2880E-08
 
nelt =       4, np =        32, nx1 =       7, elements =       128
Solve Time =   0.2820E-08
 
nelt =       4, np =        32, nx1 =       7, elements =       128
Solve Time =   0.2796E-08
 
nelt =       4, np =        32, nx1 =       7, elements =       128
Solve Time =   0.2814E-08
 
nelt =       4, np =        32, nx1 =       7, elements =       128
Solve Time =   0.2811E-08
 
nelt =       4, np =        32, nx1 =       7, elements =       128
Solve Time =   0.2793E-08
 
nelt =       4, np =        32, nx1 =       7, elements =       128
Solve Time =   0.2803E-08
 
nelt =       4, np =        32, nx1 =       7, elements =       128
Solve Time =   0.2800E-08
 
nelt =       4, np =        32, nx1 =       7, elements =       128
Solve Time =   0.2797E-08
 
nelt =       4, np =        32, nx1 =       7, elements =       128
Solve Time =   0.2782E-08
 
nelt =       4, np =        32, nx1 =       7, elements =       128
Solve Time =   0.3319E-08
 
nelt =       4, np =        32, nx1 =       7, elements =       128
Solve Time =   0.3221E-08
 
nelt =       4, np =        32, nx1 =       7, elements =       128
Solve Time =   0.3202E-08
 
nelt =       4, np =        32, nx1 =       7, elements =       128
Solve Time =   0.3225E-08
 
nelt =       4, np =        32, nx1 =       7, elements =       128
Solve Time =   0.3198E-08
 
nelt =       4, np =        32, nx1 =       7, elements =       128
Solve Time =   0.3224E-08
 
nelt =       4, np =        32, nx1 =       7, elements =       128
Solve Time =   0.3254E-08
 
nelt =       4, np =        32, nx1 =       7, elements =       128
Solve Time =   0.3210E-08
 
nelt =       4, np =        32, nx1 =       7, elements =       128
Solve Time =   0.3196E-08
 
nelt =       4, np =        32, nx1 =       7, elements =       128
Solve Time =   0.3206E-08
 schfile:
 /gpfs/theta-fs1/home/thilina/env/lx7/b7.sch                                    
                                                      
  7      128  1.0000E+00  1.0000E+00  1.0000E+00  error v
  7      128  1.0000E+00  1.0000E+00  1.0000E+00  error v
  7      128  1.0000E+00  1.0000E+00  1.0000E+00  error v
  7      128  1.0000E+00  1.0000E+00  1.0000E+00  error v
  7      128  1.0000E+00  1.0000E+00  1.0000E+00  error v
  7      128  1.0000E+00  1.0000E+00  1.0000E+00  error v
  7      128  1.0000E+00  1.0000E+00  1.0000E+00  error v
  7      128  1.0000E+00  1.0000E+00  1.0000E+00  error v
  7      128  1.0000E+00  1.0000E+00  1.0000E+00  error v
  7      128  1.0000E+00  1.0000E+00  1.0000E+00  error v
  7      128  1.0000E+00  1.0000E+00  1.0000E+00  error v
  7      128  1.0000E+00  1.0000E+00  1.0000E+00  error v
  7      128  1.0000E+00  1.0000E+00  1.0000E+00  error v
  7      128  1.0000E+00  1.0000E+00  1.0000E+00  error v
  7      128  1.0000E+00  1.0000E+00  1.0000E+00  error v
  7      128  1.0000E+00  1.0000E+00  1.0000E+00  error v
  7      128  1.0000E+00  1.0000E+00  1.0000E+00  error v
  7      128  1.0000E+00  1.0000E+00  1.0000E+00  error v
  7      128  1.0000E+00  1.0000E+00  1.0000E+00  error v
  7      128  1.0000E+00  1.0000E+00  1.0000E+00  error v
  7      128  1.0000E+00  1.0000E+00  1.0000E+00  error v
  7      128  1.0000E+00  1.0000E+00  1.0000E+00  error v
  7      128  1.0000E+00  1.0000E+00  1.0000E+00  error v
  7      128  1.0000E+00  1.0000E+00  1.0000E+00  error v
  7      128  1.0000E+00  1.0000E+00  1.0000E+00  error v
  7      128  1.0000E+00  1.0000E+00  1.0000E+00  error v
  7      128  1.0000E+00  1.0000E+00  1.0000E+00  error v
  7      128  1.0000E+00  1.0000E+00  1.0000E+00  error v
  7      128  1.0000E+00  1.0000E+00  1.0000E+00  error v
  7      128  1.0000E+00  1.0000E+00  1.0000E+00  error v
  7      128  1.0000E+00  1.0000E+00  1.0000E+00  error v
  7      128  1.0000E+00  1.0000E+00  1.0000E+00  error v
 
nelt =       4, np =        32, nx1 =       7, elements =       128
Solve Time =   0.3563E-08
 
nelt =       4, np =        32, nx1 =       7, elements =       128
Solve Time =   0.3428E-08
 
nelt =       4, np =        32, nx1 =       7, elements =       128
Solve Time =   0.3406E-08
 
nelt =       4, np =        32, nx1 =       7, elements =       128
Solve Time =   0.3408E-08
 
nelt =       4, np =        32, nx1 =       7, elements =       128
Solve Time =   0.3405E-08
 
nelt =       4, np =        32, nx1 =       7, elements =       128
Solve Time =   0.3429E-08
 
nelt =       4, np =        32, nx1 =       7, elements =       128
Solve Time =   0.3395E-08
 
nelt =       4, np =        32, nx1 =       7, elements =       128
Solve Time =   0.3414E-08
 
nelt =       4, np =        32, nx1 =       7, elements =       128
Solve Time =   0.3403E-08
 
nelt =       4, np =        32, nx1 =       7, elements =       128
Solve Time =   0.3454E-08
  7      128  2.3826E-10  2.3826E-10  2.3826E-10  error s
  7      128  2.3826E-10  2.3826E-10  2.3826E-10  error s
  7      128  2.3826E-10  2.3826E-10  2.3826E-10  error s
  7      128  2.3826E-10  2.3826E-10  2.3826E-10  error s
  7      128  2.3826E-10  2.3826E-10  2.3826E-10  error s
  7      128  2.3826E-10  2.3826E-10  2.3826E-10  error s
  7      128  2.3826E-10  2.3826E-10  2.3826E-10  error s
  7      128  2.3826E-10  2.3826E-10  2.3826E-10  error s
  7      128  2.3826E-10  2.3826E-10  2.3826E-10  error s
  7      128  2.3826E-10  2.3826E-10  2.3826E-10  error s
  7      128  2.3826E-10  2.3826E-10  2.3826E-10  error s
  7      128  2.3826E-10  2.3826E-10  2.3826E-10  error s
  7      128  2.3826E-10  2.3826E-10  2.3826E-10  error s
  7      128  2.3826E-10  2.3826E-10  2.3826E-10  error s
  7      128  2.3826E-10  2.3826E-10  2.3826E-10  error s
  7      128  2.3826E-10  2.3826E-10  2.3826E-10  error s
  7      128  2.3826E-10  2.3826E-10  2.3826E-10  error s
  7      128  2.3826E-10  2.3826E-10  2.3826E-10  error s
  7      128  2.3826E-10  2.3826E-10  2.3826E-10  error s
  7      128  2.3826E-10  2.3826E-10  2.3826E-10  error s
  7      128  2.3826E-10  2.3826E-10  2.3826E-10  error s
  7      128  2.3826E-10  2.3826E-10  2.3826E-10  error s
  7      128  2.3826E-10  2.3826E-10  2.3826E-10  error s
  7      128  2.3826E-10  2.3826E-10  2.3826E-10  error s
  7      128  2.3826E-10  2.3826E-10  2.3826E-10  error s
  7      128  2.3826E-10  2.3826E-10  2.3826E-10  error s
  7      128  2.3826E-10  2.3826E-10  2.3826E-10  error s
  7      128  2.3826E-10  2.3826E-10  2.3826E-10  error s
  7      128  2.3826E-10  2.3826E-10  2.3826E-10  error s
  7      128  2.3826E-10  2.3826E-10  2.3826E-10  error s
  7      128  2.3826E-10  2.3826E-10  2.3826E-10  error s
  7      128  2.3826E-10  2.3826E-10  2.3826E-10  error s
 
nelt =       4, np =        32, nx1 =       7, elements =       128
Solve Time =   0.3602E-08
 
nelt =       4, np =        32, nx1 =       7, elements =       128
Solve Time =   0.3398E-08
 
nelt =       4, np =        32, nx1 =       7, elements =       128
Solve Time =   0.3409E-08
 
nelt =       4, np =        32, nx1 =       7, elements =       128
Solve Time =   0.3362E-08
 
nelt =       4, np =        32, nx1 =       7, elements =       128
Solve Time =   0.3383E-08
 
nelt =       4, np =        32, nx1 =       7, elements =       128
Solve Time =   0.3377E-08
 
nelt =       4, np =        32, nx1 =       7, elements =       128
Solve Time =   0.3361E-08
 
nelt =       4, np =        32, nx1 =       7, elements =       128
Solve Time =   0.3381E-08
 
nelt =       4, np =        32, nx1 =       7, elements =       128
Solve Time =   0.3383E-08
 
nelt =       4, np =        32, nx1 =       7, elements =       128
Solve Time =   0.3370E-08
  7      128  2.3826E-10  2.3826E-10  2.3826E-10  error n
  7      128  2.3826E-10  2.3826E-10  2.3826E-10  error n
  7      128  2.3826E-10  2.3826E-10  2.3826E-10  error n
  7      128  2.3826E-10  2.3826E-10  2.3826E-10  error n
  7      128  2.3826E-10  2.3826E-10  2.3826E-10  error n
  7      128  2.3826E-10  2.3826E-10  2.3826E-10  error n
  7      128  2.3826E-10  2.3826E-10  2.3826E-10  error n
  7      128  2.3826E-10  2.3826E-10  2.3826E-10  error n
  7      128  2.3826E-10  2.3826E-10  2.3826E-10  error n
  7      128  2.3826E-10  2.3826E-10  2.3826E-10  error n
  7      128  2.3826E-10  2.3826E-10  2.3826E-10  error n
  7      128  2.3826E-10  2.3826E-10  2.3826E-10  error n
  7      128  2.3826E-10  2.3826E-10  2.3826E-10  error n
  7      128  2.3826E-10  2.3826E-10  2.3826E-10  error n
  7      128  2.3826E-10  2.3826E-10  2.3826E-10  error n
  7      128  2.3826E-10  2.3826E-10  2.3826E-10  error n
  7      128  2.3826E-10  2.3826E-10  2.3826E-10  error n
  7      128  2.3826E-10  2.3826E-10  2.3826E-10  error n
  7      128  2.3826E-10  2.3826E-10  2.3826E-10  error n
  7      128  2.3826E-10  2.3826E-10  2.3826E-10  error n
  7      128  2.3826E-10  2.3826E-10  2.3826E-10  error n
  7      128  2.3826E-10  2.3826E-10  2.3826E-10  error n
  7      128  2.3826E-10  2.3826E-10  2.3826E-10  error n
  7      128  2.3826E-10  2.3826E-10  2.3826E-10  error n
  7      128  2.3826E-10  2.3826E-10  2.3826E-10  error n
  7      128  2.3826E-10  2.3826E-10  2.3826E-10  error n
  7      128  2.3826E-10  2.3826E-10  2.3826E-10  error n
  7      128  2.3826E-10  2.3826E-10  2.3826E-10  error n
  7      128  2.3826E-10  2.3826E-10  2.3826E-10  error n
  7      128  2.3826E-10  2.3826E-10  2.3826E-10  error n
  7      128  2.3826E-10  2.3826E-10  2.3826E-10  error n
  7      128  2.3826E-10  2.3826E-10  2.3826E-10  error n
   6      128  100  0.0000E+00  0.0000E+00  0.0000E+00 time for 3 hmholtz
EXIT: quit after cggov          6
  
call exitt: dying ...
  
backtrace(): obtained 8 stack frames.
./nek5000() [0x773f35]
./nek5000() [0x957849]
./nek5000() [0x40d4fc]
./nek5000() [0x426026]
./nek5000() [0x4245de]
./nek5000() [0x4054fe]
/lib64/libc.so.6(__libc_start_main+0xf5) [0x2aaab1ca3b25]
./nek5000() [0x405409]
  
total elapsed time             :   1.23287E+01 sec
total solver time incl. I/O    :   0.00000E+00 sec
time/timestep                  :   0.00000E+00 sec
CPU seconds/timestep/gridpt    :   0.00000E+00 sec

Application 2256573 resources: utime ~386s, stime ~12s, Rss ~20340, inblocks ~0, outblocks ~0
