/----------------------------------------------------------\\
|      _   __ ______ __ __  ______  ____   ____   ____     |
|     / | / // ____// //_/ / ____/ / __ \\/ __ \\/ __ \\   |
|    /  |/ // __/  / ,<   /___ \\ / / / // / / // / / /    |
|   / /|  // /___ / /| | ____/ / / /_/ // /_/ // /_/ /     |
|  /_/ |_//_____//_/ |_|/_____/  \\___/ \\___/ \\___/      |
|                                                          |
|----------------------------------------------------------|
|                                                          |
| NEK5000:  Open Source Spectral Element Solver            |
| COPYRIGHT (c) 2008-2016 UCHICAGO ARGONNE, LLC            |
| Version:  16.0.0                                         |
| Web:      http://nek5000.mcs.anl.gov                     |
|                                                          |
\\----------------------------------------------------------/
                                                              

 Number of processors:         256
 REAL    wdsize      :           8
 INTEGER wdsize      :           4
 Timer accuracy      : 4.05E-07
 Reading /gpfs/theta-fs1/home/thilina/env/lx7/b11.rea                                                                                        

 mapping elements to processors
 Reading /gpfs/theta-fs1/home/thilina/env/lx7/b11.map                                                                                        
 RANK     0 IEG    1793    1794    1801    1802    1921    1922    1929    1930
 element load imbalance:            0           8           8
 done :: mapping elements to processors
  
           0  objects found
 118   Parameters from file:
   1      1.00000     p001 DENSITY
   2     -100.000     p002 VISCOS
   7      1.00000     p007 RHOCP
   8      1.00000     p008 CONDUCT
  11      1.00        p011 NSTEPS
  12    -0.500000E-02 p012 DT
  21     0.100000E-05 p021 DIVERGENCE
  22     0.100000E-07 p022 HELMHOLTZ
  24     0.100000E-09 p024 TOLREL
  25     0.100000E-09 p025 TOLABS
  26     0.250000     p026 COURANT/NTAU
  27      2.00000     p027 TORDER
  66      6.00000     p066 output : <0=ascii, else binary
  67      6.00000     p067 restart: <0=ascii, else binary
  99      3.00000     p099 dealiasing: <0--> off/3--> old/4--> new
 103     0.500000E-01 p103 weight of stabilizing filter (.01)
  
 nelgt/nelgv/lelt:        2048        2048         100
 lx1  /lx2  /lx3 :           7           7           7
 done :: read .rea file    3.0206     sec

 setup mesh topology
   Right-handed check complete for    2048 elements. OK.
   setvert3d:   7      205041      461041      205041      205041
 call usrsetvert
 done :: usrsetvert

gs_setup: 88441 unique labels shared
   pairwise times (avg, min, max): 0.000138381 0.000116491 0.000163388
   crystal router                : 0.000209222 0.000206709 0.000211406
   all reduce                    : 0.00213869 0.00213041 0.00215139
   used all_to_all method: pairwise
   handle bytes (avg, min, max): 32031.5 24124 35980
   buffer bytes (avg, min, max): 15322.5 8752 18848
   setupds time 1.4651E-01 seconds   0  7      205041        2048
           8  max multiplicity
 done :: setup mesh topology
  
 call usrdat
 done :: usrdat

 generate geometry data
 done :: generate geometry data
  
 call usrdat2
 done :: usrdat2

 regenerate geometry data           1
 NOTE: All elements deformed , param(59) ^=0
 done :: regenerate geometry data           1
  
 verify mesh topology
  0.000000000000000E+000   1.00000000000000       Xrange
  0.000000000000000E+000   1.00000000000000       Yrange
  0.000000000000000E+000   1.00000000000000       Zrange
 done :: verify mesh topology
  
 IFTRAN   = T
 IFFLOW   = T
 IFHEAT   = F
 IFSPLIT  = T
 IFLOMACH = F
 IFUSERVP = F
 IFUSERMV = F
 IFSTRS   = F
 IFCHAR   = F
 IFCYCLIC = F
 IFAXIS   = F
 IFMVBD   = F
 IFMELT   = F
 IFMODEL  = F
 IFKEPS   = F
 IFMOAB   = F
 IFNEKNEK = F
 IFSYNC   = T
   
 IFVCOR   = T
 IFINTQ   = F
 IFCWUZ   = F
 IFSWALL  = F
 IFGEOM   = F
 IFSURT   = F
 IFWCNO   = F
   
 IFTMSH for field           1    =  F
 IFADVC for field           1    =  T
 IFNONL for field           1    =  F
   
 Dealiasing enabled, lxd=          10
  
 Estimated eigenvalues
 EIGAA =    9.86960440108936     
 EIGGA =    430520.675288024     
 EIGAE =    9.86960440108936     
 EIGAS =   8.333333333333333E-002
 EIGGE =    430520.675288024     
 EIGGS =    2.00000000000000     
  
 verify mesh topology
  0.000000000000000E+000   1.00000000000000       Xrange
  0.000000000000000E+000   1.00000000000000       Yrange
  0.000000000000000E+000   1.00000000000000       Zrange
 done :: verify mesh topology
  
  E-solver strategy:  0 itr
 mg_nx:           1           3           6
 mg_ny:           1           3           6
 mg_nz:           1           3           6
 call usrsetvert
 done :: usrsetvert

gs_setup: 2001 unique labels shared
   pairwise times (avg, min, max): 0.000104707 8.61883e-05 0.00012989
   crystal router                : 5.73092e-05 5.6386e-05 5.83887e-05
   all reduce                    : 0.000239142 0.000237298 0.000242209
   used all_to_all method: crystal router
   handle bytes (avg, min, max): 10640.5 8860 11860
   buffer bytes (avg, min, max): 1310 944 1472
   setupds time 1.2149E-02 seconds   1  2        2601        2048
   setvert3d:   4       43641       60025       43641       43641
 call usrsetvert
 done :: usrsetvert

gs_setup: 21217 unique labels shared
   pairwise times (avg, min, max): 0.000107639 9.11951e-05 0.000133801
   crystal router                : 8.37559e-05 8.25882e-05 8.80957e-05
   all reduce                    : 0.00114527 0.00114112 0.00115309
   used all_to_all method: crystal router
   handle bytes (avg, min, max): 64982.5 47740 75508
   buffer bytes (avg, min, max): 8432 5872 9600
   setupds time 4.0027E-02 seconds   2  4       43641        2048
   setvert3d:   4       43641       60025       43641       43641
 call usrsetvert
 done :: usrsetvert

gs_setup: 21217 unique labels shared
   pairwise times (avg, min, max): 0.000105286 9.16004e-05 0.000118303
   crystal router                : 8.95639e-05 8.83102e-05 9.0909e-05
   all reduce                    : 0.00111245 0.00110688 0.00112591
   used all_to_all method: crystal router
   handle bytes (avg, min, max): 64982.5 47740 75508
   buffer bytes (avg, min, max): 8432 5872 9600
   setupds time 3.8270E-02 seconds   3  4       43641        2048
   setvert3d:   6      137929      269001      137929      137929
 call usrsetvert
 done :: usrsetvert

gs_setup: 60913 unique labels shared
   pairwise times (avg, min, max): 0.000111349 9.74894e-05 0.000128412
   crystal router                : 0.000124683 0.000123191 0.0001261
   all reduce                    : 0.00154182 0.00153439 0.00154791
   used all_to_all method: crystal router
   handle bytes (avg, min, max): 168092 119644 197524
   buffer bytes (avg, min, max): 21516 14896 24384
   setupds time 8.2126E-02 seconds   4  6      137929        2048
 regenerate geometry data           1
 NOTE: All elements deformed , param(59) ^=0
 done :: regenerate geometry data           1
  
 h1_mg_nx:           1           3           6
 h1_mg_ny:           1           3           6
 h1_mg_nz:           1           3           6
 call usrsetvert
 done :: usrsetvert

gs_setup: 2001 unique labels shared
   pairwise times (avg, min, max): 0.000102213 9.0003e-05 0.000114083
   crystal router                : 5.81961e-05 5.75066e-05 5.90086e-05
   all reduce                    : 0.000266333 0.000264215 0.0002707
   used all_to_all method: crystal router
   handle bytes (avg, min, max): 10640.5 8860 11860
   buffer bytes (avg, min, max): 1310 944 1472
   setupds time 1.2620E-02 seconds   5  2        2601        2048
   setvert3d:   4       43641       60025       43641       43641
 call usrsetvert
 done :: usrsetvert

gs_setup: 21217 unique labels shared
   pairwise times (avg, min, max): 0.000106962 9.35078e-05 0.00012641
   crystal router                : 9.73552e-05 9.41992e-05 9.93013e-05
   all reduce                    : 0.0011402 0.0011354 0.00114851
   used all_to_all method: crystal router
   handle bytes (avg, min, max): 64982.5 47740 75508
   buffer bytes (avg, min, max): 8432 5872 9600
   setupds time 4.3730E-02 seconds   6  4       43641        2048
   setvert3d:   4       43641       60025       43641       43641
 call usrsetvert
 done :: usrsetvert

gs_setup: 21217 unique labels shared
   pairwise times (avg, min, max): 0.000102091 8.85963e-05 0.000117087
   crystal router                : 9.04995e-05 8.91924e-05 9.44138e-05
   all reduce                    : 0.001115 0.00111029 0.00112238
   used all_to_all method: crystal router
   handle bytes (avg, min, max): 64982.5 47740 75508
   buffer bytes (avg, min, max): 8432 5872 9600
   setupds time 3.2045E-02 seconds   7  4       43641        2048
   setvert3d:   6      137929      269001      137929      137929
 call usrsetvert
 done :: usrsetvert

gs_setup: 60913 unique labels shared
   pairwise times (avg, min, max): 0.000111585 9.2721e-05 0.000128579
   crystal router                : 0.000124804 0.000123 0.000126505
   all reduce                    : 0.00151678 0.00151188 0.0015259
   used all_to_all method: crystal router
   handle bytes (avg, min, max): 168092 119644 197524
   buffer bytes (avg, min, max): 21516 14896 24384
   setupds time 7.3769E-02 seconds   8  6      137929        2048
   setvert3d:   7      205041      461041      205041      205041
 call usrsetvert
 done :: usrsetvert

gs_setup: 88441 unique labels shared
   pairwise times (avg, min, max): 0.000112905 9.43899e-05 0.00013361
   crystal router                : 0.000158047 0.000153899 0.000161815
   all reduce                    : 0.00203778 0.00202639 0.00205181
   used all_to_all method: pairwise
   handle bytes (avg, min, max): 32031.5 24124 35980
   buffer bytes (avg, min, max): 15322.5 8752 18848
   setupds time 7.5275E-02 seconds   9  7      205041        2048
   setvert3d:   9      379201     1081665      379201      379201
 call usrsetvert
 done :: usrsetvert

gs_setup: 158857 unique labels shared
   pairwise times (avg, min, max): 0.000117877 9.46999e-05 0.000135112
   crystal router                : 0.00024721 0.000242305 0.000251794
   used all_to_all method: pairwise
   handle bytes (avg, min, max): 54709.5 41212 61420
   buffer bytes (avg, min, max): 25454.5 14704 31136
   setupds time 4.4957E-02 seconds  10  9      379201        2048
 setup h1 coarse grid, nx_crs=           2
 call usrsetvert
 done :: usrsetvert

gs_setup: 2001 unique labels shared
   pairwise times (avg, min, max): 9.09048e-05 7.97033e-05 0.000102782
   crystal router                : 6.15352e-05 6.07014e-05 6.27041e-05
   all reduce                    : 0.000238956 0.000237179 0.000243998
   used all_to_all method: crystal router
   handle bytes (avg, min, max): 10640.5 8860 11860
   buffer bytes (avg, min, max): 1310 944 1472
 done :: setup h1 coarse grid   6.046295166015625E-002  sec
  
 call usrdat3
 done :: usrdat3

 set initial conditions
 nekuic (1) for ifld            1
 call nekuic for vel  
 xyz min     0.0000       0.0000       0.0000    
 uvwpt min   0.0000       0.0000       0.0000       0.0000       0.0000    
 PS min      0.0000       0.0000      0.99000E+22
 xyz max     1.0000       1.0000       1.0000    
 uvwpt max   0.0000       0.0000       0.0000       0.0000       0.0000    
 PS max      0.0000       0.0000     -0.99000E+22
 done :: set initial conditions
  
 call userchk
GFM max:  1.8116E-03  7.2464E-03  7.2464E-03  5.8572E-17  5.8572E-17  1.6146E-16
 
nelt =       8, np =       256, nx1 =       7, elements =      2048
Solve Time =   0.6379E-09
 
nelt =       8, np =       256, nx1 =       7, elements =      2048
Solve Time =   0.6138E-09
 
nelt =       8, np =       256, nx1 =       7, elements =      2048
Solve Time =   0.6110E-09
 
nelt =       8, np =       256, nx1 =       7, elements =      2048
Solve Time =   0.6107E-09
 
nelt =       8, np =       256, nx1 =       7, elements =      2048
Solve Time =   0.6112E-09
 
nelt =       8, np =       256, nx1 =       7, elements =      2048
Solve Time =   0.6124E-09
 
nelt =       8, np =       256, nx1 =       7, elements =      2048
Solve Time =   0.6121E-09
 
nelt =       8, np =       256, nx1 =       7, elements =      2048
Solve Time =   0.6135E-09
 
nelt =       8, np =       256, nx1 =       7, elements =      2048
Solve Time =   0.6165E-09
 
nelt =       8, np =       256, nx1 =       7, elements =      2048
Solve Time =   0.6137E-09
 
nelt =       8, np =       256, nx1 =       7, elements =      2048
Solve Time =   0.4188E-09
 
nelt =       8, np =       256, nx1 =       7, elements =      2048
Solve Time =   0.4112E-09
 
nelt =       8, np =       256, nx1 =       7, elements =      2048
Solve Time =   0.4089E-09
 
nelt =       8, np =       256, nx1 =       7, elements =      2048
Solve Time =   0.4085E-09
 
nelt =       8, np =       256, nx1 =       7, elements =      2048
Solve Time =   0.4123E-09
 
nelt =       8, np =       256, nx1 =       7, elements =      2048
Solve Time =   0.4127E-09
 
nelt =       8, np =       256, nx1 =       7, elements =      2048
Solve Time =   0.4101E-09
 
nelt =       8, np =       256, nx1 =       7, elements =      2048
Solve Time =   0.4152E-09
 
nelt =       8, np =       256, nx1 =       7, elements =      2048
Solve Time =   0.4133E-09
 
nelt =       8, np =       256, nx1 =       7, elements =      2048
Solve Time =   0.4104E-09
 
nelt =       8, np =       256, nx1 =       7, elements =      2048
Solve Time =   0.5673E-09
 
nelt =       8, np =       256, nx1 =       7, elements =      2048
Solve Time =   0.5610E-09
 
nelt =       8, np =       256, nx1 =       7, elements =      2048
Solve Time =   0.5576E-09
 
nelt =       8, np =       256, nx1 =       7, elements =      2048
Solve Time =   0.5615E-09
 
nelt =       8, np =       256, nx1 =       7, elements =      2048
Solve Time =   0.5557E-09
 
nelt =       8, np =       256, nx1 =       7, elements =      2048
Solve Time =   0.5584E-09
 
nelt =       8, np =       256, nx1 =       7, elements =      2048
Solve Time =   0.5651E-09
 
nelt =       8, np =       256, nx1 =       7, elements =      2048
Solve Time =   0.5624E-09
 
nelt =       8, np =       256, nx1 =       7, elements =      2048
Solve Time =   0.5581E-09
 
nelt =       8, np =       256, nx1 =       7, elements =      2048
Solve Time =   0.5588E-09
 
nelt =       8, np =       256, nx1 =       7, elements =      2048
Solve Time =   0.6654E-09
 
nelt =       8, np =       256, nx1 =       7, elements =      2048
Solve Time =   0.6710E-09
 
nelt =       8, np =       256, nx1 =       7, elements =      2048
Solve Time =   0.6559E-09
 
nelt =       8, np =       256, nx1 =       7, elements =      2048
Solve Time =   0.6539E-09
 
nelt =       8, np =       256, nx1 =       7, elements =      2048
Solve Time =   0.6572E-09
 
nelt =       8, np =       256, nx1 =       7, elements =      2048
Solve Time =   0.6526E-09
 
nelt =       8, np =       256, nx1 =       7, elements =      2048
Solve Time =   0.6492E-09
 
nelt =       8, np =       256, nx1 =       7, elements =      2048
Solve Time =   0.6584E-09
 
nelt =       8, np =       256, nx1 =       7, elements =      2048
Solve Time =   0.6493E-09
 
nelt =       8, np =       256, nx1 =       7, elements =      2048
Solve Time =   0.6485E-09
 
nelt =       8, np =       256, nx1 =       7, elements =      2048
Solve Time =   0.7588E-09
 
nelt =       8, np =       256, nx1 =       7, elements =      2048
Solve Time =   0.7504E-09
 
nelt =       8, np =       256, nx1 =       7, elements =      2048
Solve Time =   0.7474E-09
 
nelt =       8, np =       256, nx1 =       7, elements =      2048
Solve Time =   0.7419E-09
 
nelt =       8, np =       256, nx1 =       7, elements =      2048
Solve Time =   0.7452E-09
 
nelt =       8, np =       256, nx1 =       7, elements =      2048
Solve Time =   0.7462E-09
 
nelt =       8, np =       256, nx1 =       7, elements =      2048
Solve Time =   0.7440E-09
 
nelt =       8, np =       256, nx1 =       7, elements =      2048
Solve Time =   0.7516E-09
 
nelt =       8, np =       256, nx1 =       7, elements =      2048
Solve Time =   0.7472E-09
 
nelt =       8, np =       256, nx1 =       7, elements =      2048
Solve Time =   0.7400E-09
 schfile:
 /gpfs/theta-fs1/home/thilina/env/lx7/b11.sch                                   
                                                      
  7     2048  1.0000E+00  1.0000E+00  1.0000E+00  error v
  7     2048  1.0000E+00  1.0000E+00  1.0000E+00  error v
  7     2048  1.0000E+00  1.0000E+00  1.0000E+00  error v
  7     2048  1.0000E+00  1.0000E+00  1.0000E+00  error v
  7     2048  1.0000E+00  1.0000E+00  1.0000E+00  error v
  7     2048  1.0000E+00  1.0000E+00  1.0000E+00  error v
  7     2048  1.0000E+00  1.0000E+00  1.0000E+00  error v
  7     2048  1.0000E+00  1.0000E+00  1.0000E+00  error v
  7     2048  1.0000E+00  1.0000E+00  1.0000E+00  error v
  7     2048  1.0000E+00  1.0000E+00  1.0000E+00  error v
  7     2048  1.0000E+00  1.0000E+00  1.0000E+00  error v
  7     2048  1.0000E+00  1.0000E+00  1.0000E+00  error v
  7     2048  1.0000E+00  1.0000E+00  1.0000E+00  error v
  7     2048  1.0000E+00  1.0000E+00  1.0000E+00  error v
  7     2048  1.0000E+00  1.0000E+00  1.0000E+00  error v
  7     2048  1.0000E+00  1.0000E+00  1.0000E+00  error v
  7     2048  1.0000E+00  1.0000E+00  1.0000E+00  error v
  7     2048  1.0000E+00  1.0000E+00  1.0000E+00  error v
  7     2048  1.0000E+00  1.0000E+00  1.0000E+00  error v
  7     2048  1.0000E+00  1.0000E+00  1.0000E+00  error v
  7     2048  1.0000E+00  1.0000E+00  1.0000E+00  error v
  7     2048  1.0000E+00  1.0000E+00  1.0000E+00  error v
  7     2048  1.0000E+00  1.0000E+00  1.0000E+00  error v
  7     2048  1.0000E+00  1.0000E+00  1.0000E+00  error v
  7     2048  1.0000E+00  1.0000E+00  1.0000E+00  error v
  7     2048  1.0000E+00  1.0000E+00  1.0000E+00  error v
  7     2048  1.0000E+00  1.0000E+00  1.0000E+00  error v
  7     2048  1.0000E+00  1.0000E+00  1.0000E+00  error v
  7     2048  1.0000E+00  1.0000E+00  1.0000E+00  error v
  7     2048  1.0000E+00  1.0000E+00  1.0000E+00  error v
  7     2048  1.0000E+00  1.0000E+00  1.0000E+00  error v
  7     2048  1.0000E+00  1.0000E+00  1.0000E+00  error v
  7     2048  1.0000E+00  1.0000E+00  1.0000E+00  error v
  7     2048  1.0000E+00  1.0000E+00  1.0000E+00  error v
  7     2048  1.0000E+00  1.0000E+00  1.0000E+00  error v
  7     2048  1.0000E+00  1.0000E+00  1.0000E+00  error v
  7     2048  1.0000E+00  1.0000E+00  1.0000E+00  error v
  7     2048  1.0000E+00  1.0000E+00  1.0000E+00  error v
  7     2048  1.0000E+00  1.0000E+00  1.0000E+00  error v
  7     2048  1.0000E+00  1.0000E+00  1.0000E+00  error v
  7     2048  1.0000E+00  1.0000E+00  1.0000E+00  error v
  7     2048  1.0000E+00  1.0000E+00  1.0000E+00  error v
  7     2048  1.0000E+00  1.0000E+00  1.0000E+00  error v
  7     2048  1.0000E+00  1.0000E+00  1.0000E+00  error v
  7     2048  1.0000E+00  1.0000E+00  1.0000E+00  error v
  7     2048  1.0000E+00  1.0000E+00  1.0000E+00  error v
  7     2048  1.0000E+00  1.0000E+00  1.0000E+00  error v
  7     2048  1.0000E+00  1.0000E+00  1.0000E+00  error v
  7     2048  1.0000E+00  1.0000E+00  1.0000E+00  error v
  7     2048  1.0000E+00  1.0000E+00  1.0000E+00  error v
  7     2048  1.0000E+00  1.0000E+00  1.0000E+00  error v
  7     2048  1.0000E+00  1.0000E+00  1.0000E+00  error v
  7     2048  1.0000E+00  1.0000E+00  1.0000E+00  error v
  7     2048  1.0000E+00  1.0000E+00  1.0000E+00  error v
  7     2048  1.0000E+00  1.0000E+00  1.0000E+00  error v
  7     2048  1.0000E+00  1.0000E+00  1.0000E+00  error v
  7     2048  1.0000E+00  1.0000E+00  1.0000E+00  error v
  7     2048  1.0000E+00  1.0000E+00  1.0000E+00  error v
  7     2048  1.0000E+00  1.0000E+00  1.0000E+00  error v
  7     2048  1.0000E+00  1.0000E+00  1.0000E+00  error v
  7     2048  1.0000E+00  1.0000E+00  1.0000E+00  error v
  7     2048  1.0000E+00  1.0000E+00  1.0000E+00  error v
  7     2048  1.0000E+00  1.0000E+00  1.0000E+00  error v
  7     2048  1.0000E+00  1.0000E+00  1.0000E+00  error v
  7     2048  1.0000E+00  1.0000E+00  1.0000E+00  error v
  7     2048  1.0000E+00  1.0000E+00  1.0000E+00  error v
  7     2048  1.0000E+00  1.0000E+00  1.0000E+00  error v
  7     2048  1.0000E+00  1.0000E+00  1.0000E+00  error v
  7     2048  1.0000E+00  1.0000E+00  1.0000E+00  error v
  7     2048  1.0000E+00  1.0000E+00  1.0000E+00  error v
  7     2048  1.0000E+00  1.0000E+00  1.0000E+00  error v
  7     2048  1.0000E+00  1.0000E+00  1.0000E+00  error v
  7     2048  1.0000E+00  1.0000E+00  1.0000E+00  error v
  7     2048  1.0000E+00  1.0000E+00  1.0000E+00  error v
  7     2048  1.0000E+00  1.0000E+00  1.0000E+00  error v
  7     2048  1.0000E+00  1.0000E+00  1.0000E+00  error v
  7     2048  1.0000E+00  1.0000E+00  1.0000E+00  error v
  7     2048  1.0000E+00  1.0000E+00  1.0000E+00  error v
  7     2048  1.0000E+00  1.0000E+00  1.0000E+00  error v
  7     2048  1.0000E+00  1.0000E+00  1.0000E+00  error v
  7     2048  1.0000E+00  1.0000E+00  1.0000E+00  error v
  7     2048  1.0000E+00  1.0000E+00  1.0000E+00  error v
  7     2048  1.0000E+00  1.0000E+00  1.0000E+00  error v
  7     2048  1.0000E+00  1.0000E+00  1.0000E+00  error v
  7     2048  1.0000E+00  1.0000E+00  1.0000E+00  error v
  7     2048  1.0000E+00  1.0000E+00  1.0000E+00  error v
  7     2048  1.0000E+00  1.0000E+00  1.0000E+00  error v
  7     2048  1.0000E+00  1.0000E+00  1.0000E+00  error v
  7     2048  1.0000E+00  1.0000E+00  1.0000E+00  error v
  7     2048  1.0000E+00  1.0000E+00  1.0000E+00  error v
  7     2048  1.0000E+00  1.0000E+00  1.0000E+00  error v
  7     2048  1.0000E+00  1.0000E+00  1.0000E+00  error v
  7     2048  1.0000E+00  1.0000E+00  1.0000E+00  error v
  7     2048  1.0000E+00  1.0000E+00  1.0000E+00  error v
  7     2048  1.0000E+00  1.0000E+00  1.0000E+00  error v
  7     2048  1.0000E+00  1.0000E+00  1.0000E+00  error v
  7     2048  1.0000E+00  1.0000E+00  1.0000E+00  error v
  7     2048  1.0000E+00  1.0000E+00  1.0000E+00  error v
  7     2048  1.0000E+00  1.0000E+00  1.0000E+00  error v
  7     2048  1.0000E+00  1.0000E+00  1.0000E+00  error v
  7     2048  1.0000E+00  1.0000E+00  1.0000E+00  error v
  7     2048  1.0000E+00  1.0000E+00  1.0000E+00  error v
  7     2048  1.0000E+00  1.0000E+00  1.0000E+00  error v
  7     2048  1.0000E+00  1.0000E+00  1.0000E+00  error v
  7     2048  1.0000E+00  1.0000E+00  1.0000E+00  error v
  7     2048  1.0000E+00  1.0000E+00  1.0000E+00  error v
  7     2048  1.0000E+00  1.0000E+00  1.0000E+00  error v
  7     2048  1.0000E+00  1.0000E+00  1.0000E+00  error v
  7     2048  1.0000E+00  1.0000E+00  1.0000E+00  error v
  7     2048  1.0000E+00  1.0000E+00  1.0000E+00  error v
  7     2048  1.0000E+00  1.0000E+00  1.0000E+00  error v
  7     2048  1.0000E+00  1.0000E+00  1.0000E+00  error v
  7     2048  1.0000E+00  1.0000E+00  1.0000E+00  error v
  7     2048  1.0000E+00  1.0000E+00  1.0000E+00  error v
  7     2048  1.0000E+00  1.0000E+00  1.0000E+00  error v
  7     2048  1.0000E+00  1.0000E+00  1.0000E+00  error v
  7     2048  1.0000E+00  1.0000E+00  1.0000E+00  error v
  7     2048  1.0000E+00  1.0000E+00  1.0000E+00  error v
  7     2048  1.0000E+00  1.0000E+00  1.0000E+00  error v
  7     2048  1.0000E+00  1.0000E+00  1.0000E+00  error v
  7     2048  1.0000E+00  1.0000E+00  1.0000E+00  error v
  7     2048  1.0000E+00  1.0000E+00  1.0000E+00  error v
  7     2048  1.0000E+00  1.0000E+00  1.0000E+00  error v
  7     2048  1.0000E+00  1.0000E+00  1.0000E+00  error v
  7     2048  1.0000E+00  1.0000E+00  1.0000E+00  error v
  7     2048  1.0000E+00  1.0000E+00  1.0000E+00  error v
  7     2048  1.0000E+00  1.0000E+00  1.0000E+00  error v
  7     2048  1.0000E+00  1.0000E+00  1.0000E+00  error v
  7     2048  1.0000E+00  1.0000E+00  1.0000E+00  error v
  7     2048  1.0000E+00  1.0000E+00  1.0000E+00  error v
  7     2048  1.0000E+00  1.0000E+00  1.0000E+00  error v
  7     2048  1.0000E+00  1.0000E+00  1.0000E+00  error v
  7     2048  1.0000E+00  1.0000E+00  1.0000E+00  error v
  7     2048  1.0000E+00  1.0000E+00  1.0000E+00  error v
  7     2048  1.0000E+00  1.0000E+00  1.0000E+00  error v
  7     2048  1.0000E+00  1.0000E+00  1.0000E+00  error v
  7     2048  1.0000E+00  1.0000E+00  1.0000E+00  error v
  7     2048  1.0000E+00  1.0000E+00  1.0000E+00  error v
  7     2048  1.0000E+00  1.0000E+00  1.0000E+00  error v
  7     2048  1.0000E+00  1.0000E+00  1.0000E+00  error v
  7     2048  1.0000E+00  1.0000E+00  1.0000E+00  error v
  7     2048  1.0000E+00  1.0000E+00  1.0000E+00  error v
  7     2048  1.0000E+00  1.0000E+00  1.0000E+00  error v
  7     2048  1.0000E+00  1.0000E+00  1.0000E+00  error v
  7     2048  1.0000E+00  1.0000E+00  1.0000E+00  error v
  7     2048  1.0000E+00  1.0000E+00  1.0000E+00  error v
  7     2048  1.0000E+00  1.0000E+00  1.0000E+00  error v
  7     2048  1.0000E+00  1.0000E+00  1.0000E+00  error v
  7     2048  1.0000E+00  1.0000E+00  1.0000E+00  error v
  7     2048  1.0000E+00  1.0000E+00  1.0000E+00  error v
  7     2048  1.0000E+00  1.0000E+00  1.0000E+00  error v
  7     2048  1.0000E+00  1.0000E+00  1.0000E+00  error v
  7     2048  1.0000E+00  1.0000E+00  1.0000E+00  error v
  7     2048  1.0000E+00  1.0000E+00  1.0000E+00  error v
  7     2048  1.0000E+00  1.0000E+00  1.0000E+00  error v
  7     2048  1.0000E+00  1.0000E+00  1.0000E+00  error v
  7     2048  1.0000E+00  1.0000E+00  1.0000E+00  error v
  7     2048  1.0000E+00  1.0000E+00  1.0000E+00  error v
  7     2048  1.0000E+00  1.0000E+00  1.0000E+00  error v
  7     2048  1.0000E+00  1.0000E+00  1.0000E+00  error v
  7     2048  1.0000E+00  1.0000E+00  1.0000E+00  error v
  7     2048  1.0000E+00  1.0000E+00  1.0000E+00  error v
  7     2048  1.0000E+00  1.0000E+00  1.0000E+00  error v
  7     2048  1.0000E+00  1.0000E+00  1.0000E+00  error v
  7     2048  1.0000E+00  1.0000E+00  1.0000E+00  error v
  7     2048  1.0000E+00  1.0000E+00  1.0000E+00  error v
  7     2048  1.0000E+00  1.0000E+00  1.0000E+00  error v
  7     2048  1.0000E+00  1.0000E+00  1.0000E+00  error v
  7     2048  1.0000E+00  1.0000E+00  1.0000E+00  error v
  7     2048  1.0000E+00  1.0000E+00  1.0000E+00  error v
  7     2048  1.0000E+00  1.0000E+00  1.0000E+00  error v
  7     2048  1.0000E+00  1.0000E+00  1.0000E+00  error v
  7     2048  1.0000E+00  1.0000E+00  1.0000E+00  error v
  7     2048  1.0000E+00  1.0000E+00  1.0000E+00  error v
  7     2048  1.0000E+00  1.0000E+00  1.0000E+00  error v
  7     2048  1.0000E+00  1.0000E+00  1.0000E+00  error v
  7     2048  1.0000E+00  1.0000E+00  1.0000E+00  error v
  7     2048  1.0000E+00  1.0000E+00  1.0000E+00  error v
  7     2048  1.0000E+00  1.0000E+00  1.0000E+00  error v
  7     2048  1.0000E+00  1.0000E+00  1.0000E+00  error v
  7     2048  1.0000E+00  1.0000E+00  1.0000E+00  error v
  7     2048  1.0000E+00  1.0000E+00  1.0000E+00  error v
  7     2048  1.0000E+00  1.0000E+00  1.0000E+00  error v
  7     2048  1.0000E+00  1.0000E+00  1.0000E+00  error v
  7     2048  1.0000E+00  1.0000E+00  1.0000E+00  error v
  7     2048  1.0000E+00  1.0000E+00  1.0000E+00  error v
  7     2048  1.0000E+00  1.0000E+00  1.0000E+00  error v
  7     2048  1.0000E+00  1.0000E+00  1.0000E+00  error v
  7     2048  1.0000E+00  1.0000E+00  1.0000E+00  error v
  7     2048  1.0000E+00  1.0000E+00  1.0000E+00  error v
  7     2048  1.0000E+00  1.0000E+00  1.0000E+00  error v
  7     2048  1.0000E+00  1.0000E+00  1.0000E+00  error v
  7     2048  1.0000E+00  1.0000E+00  1.0000E+00  error v
  7     2048  1.0000E+00  1.0000E+00  1.0000E+00  error v
  7     2048  1.0000E+00  1.0000E+00  1.0000E+00  error v
  7     2048  1.0000E+00  1.0000E+00  1.0000E+00  error v
  7     2048  1.0000E+00  1.0000E+00  1.0000E+00  error v
  7     2048  1.0000E+00  1.0000E+00  1.0000E+00  error v
  7     2048  1.0000E+00  1.0000E+00  1.0000E+00  error v
  7     2048  1.0000E+00  1.0000E+00  1.0000E+00  error v
  7     2048  1.0000E+00  1.0000E+00  1.0000E+00  error v
  7     2048  1.0000E+00  1.0000E+00  1.0000E+00  error v
  7     2048  1.0000E+00  1.0000E+00  1.0000E+00  error v
  7     2048  1.0000E+00  1.0000E+00  1.0000E+00  error v
  7     2048  1.0000E+00  1.0000E+00  1.0000E+00  error v
  7     2048  1.0000E+00  1.0000E+00  1.0000E+00  error v
  7     2048  1.0000E+00  1.0000E+00  1.0000E+00  error v
  7     2048  1.0000E+00  1.0000E+00  1.0000E+00  error v
  7     2048  1.0000E+00  1.0000E+00  1.0000E+00  error v
  7     2048  1.0000E+00  1.0000E+00  1.0000E+00  error v
  7     2048  1.0000E+00  1.0000E+00  1.0000E+00  error v
  7     2048  1.0000E+00  1.0000E+00  1.0000E+00  error v
  7     2048  1.0000E+00  1.0000E+00  1.0000E+00  error v
  7     2048  1.0000E+00  1.0000E+00  1.0000E+00  error v
  7     2048  1.0000E+00  1.0000E+00  1.0000E+00  error v
  7     2048  1.0000E+00  1.0000E+00  1.0000E+00  error v
  7     2048  1.0000E+00  1.0000E+00  1.0000E+00  error v
  7     2048  1.0000E+00  1.0000E+00  1.0000E+00  error v
  7     2048  1.0000E+00  1.0000E+00  1.0000E+00  error v
  7     2048  1.0000E+00  1.0000E+00  1.0000E+00  error v
  7     2048  1.0000E+00  1.0000E+00  1.0000E+00  error v
  7     2048  1.0000E+00  1.0000E+00  1.0000E+00  error v
  7     2048  1.0000E+00  1.0000E+00  1.0000E+00  error v
  7     2048  1.0000E+00  1.0000E+00  1.0000E+00  error v
  7     2048  1.0000E+00  1.0000E+00  1.0000E+00  error v
  7     2048  1.0000E+00  1.0000E+00  1.0000E+00  error v
  7     2048  1.0000E+00  1.0000E+00  1.0000E+00  error v
  7     2048  1.0000E+00  1.0000E+00  1.0000E+00  error v
  7     2048  1.0000E+00  1.0000E+00  1.0000E+00  error v
  7     2048  1.0000E+00  1.0000E+00  1.0000E+00  error v
  7     2048  1.0000E+00  1.0000E+00  1.0000E+00  error v
  7     2048  1.0000E+00  1.0000E+00  1.0000E+00  error v
  7     2048  1.0000E+00  1.0000E+00  1.0000E+00  error v
  7     2048  1.0000E+00  1.0000E+00  1.0000E+00  error v
  7     2048  1.0000E+00  1.0000E+00  1.0000E+00  error v
  7     2048  1.0000E+00  1.0000E+00  1.0000E+00  error v
  7     2048  1.0000E+00  1.0000E+00  1.0000E+00  error v
  7     2048  1.0000E+00  1.0000E+00  1.0000E+00  error v
  7     2048  1.0000E+00  1.0000E+00  1.0000E+00  error v
  7     2048  1.0000E+00  1.0000E+00  1.0000E+00  error v
  7     2048  1.0000E+00  1.0000E+00  1.0000E+00  error v
  7     2048  1.0000E+00  1.0000E+00  1.0000E+00  error v
  7     2048  1.0000E+00  1.0000E+00  1.0000E+00  error v
  7     2048  1.0000E+00  1.0000E+00  1.0000E+00  error v
  7     2048  1.0000E+00  1.0000E+00  1.0000E+00  error v
  7     2048  1.0000E+00  1.0000E+00  1.0000E+00  error v
  7     2048  1.0000E+00  1.0000E+00  1.0000E+00  error v
  7     2048  1.0000E+00  1.0000E+00  1.0000E+00  error v
  7     2048  1.0000E+00  1.0000E+00  1.0000E+00  error v
  7     2048  1.0000E+00  1.0000E+00  1.0000E+00  error v
  7     2048  1.0000E+00  1.0000E+00  1.0000E+00  error v
  7     2048  1.0000E+00  1.0000E+00  1.0000E+00  error v
  7     2048  1.0000E+00  1.0000E+00  1.0000E+00  error v
  7     2048  1.0000E+00  1.0000E+00  1.0000E+00  error v
  7     2048  1.0000E+00  1.0000E+00  1.0000E+00  error v
  7     2048  1.0000E+00  1.0000E+00  1.0000E+00  error v
 
nelt =       8, np =       256, nx1 =       7, elements =      2048
Solve Time =   0.1132E-08
 
nelt =       8, np =       256, nx1 =       7, elements =      2048
Solve Time =   0.1081E-08
 
nelt =       8, np =       256, nx1 =       7, elements =      2048
Solve Time =   0.1083E-08
 
nelt =       8, np =       256, nx1 =       7, elements =      2048
Solve Time =   0.1074E-08
 
nelt =       8, np =       256, nx1 =       7, elements =      2048
Solve Time =   0.1081E-08
 
nelt =       8, np =       256, nx1 =       7, elements =      2048
Solve Time =   0.1080E-08
 
nelt =       8, np =       256, nx1 =       7, elements =      2048
Solve Time =   0.1077E-08
 
nelt =       8, np =       256, nx1 =       7, elements =      2048
Solve Time =   0.1079E-08
 
nelt =       8, np =       256, nx1 =       7, elements =      2048
Solve Time =   0.1076E-08
 
nelt =       8, np =       256, nx1 =       7, elements =      2048
Solve Time =   0.1081E-08
  7     2048  5.4312E-13  5.4312E-13  5.4312E-13  error s
  7     2048  5.4312E-13  5.4312E-13  5.4312E-13  error s
  7     2048  5.4312E-13  5.4312E-13  5.4312E-13  error s
  7     2048  5.4312E-13  5.4312E-13  5.4312E-13  error s
  7     2048  5.4312E-13  5.4312E-13  5.4312E-13  error s
  7     2048  5.4312E-13  5.4312E-13  5.4312E-13  error s
  7     2048  5.4312E-13  5.4312E-13  5.4312E-13  error s
  7     2048  5.4312E-13  5.4312E-13  5.4312E-13  error s
  7     2048  5.4312E-13  5.4312E-13  5.4312E-13  error s
  7     2048  5.4312E-13  5.4312E-13  5.4312E-13  error s
  7     2048  5.4312E-13  5.4312E-13  5.4312E-13  error s
  7     2048  5.4312E-13  5.4312E-13  5.4312E-13  error s
  7     2048  5.4312E-13  5.4312E-13  5.4312E-13  error s
  7     2048  5.4312E-13  5.4312E-13  5.4312E-13  error s
  7     2048  5.4312E-13  5.4312E-13  5.4312E-13  error s
  7     2048  5.4312E-13  5.4312E-13  5.4312E-13  error s
  7     2048  5.4312E-13  5.4312E-13  5.4312E-13  error s
  7     2048  5.4312E-13  5.4312E-13  5.4312E-13  error s
  7     2048  5.4312E-13  5.4312E-13  5.4312E-13  error s
  7     2048  5.4312E-13  5.4312E-13  5.4312E-13  error s
  7     2048  5.4312E-13  5.4312E-13  5.4312E-13  error s
  7     2048  5.4312E-13  5.4312E-13  5.4312E-13  error s
  7     2048  5.4312E-13  5.4312E-13  5.4312E-13  error s
  7     2048  5.4312E-13  5.4312E-13  5.4312E-13  error s
  7     2048  5.4312E-13  5.4312E-13  5.4312E-13  error s
  7     2048  5.4312E-13  5.4312E-13  5.4312E-13  error s
  7     2048  5.4312E-13  5.4312E-13  5.4312E-13  error s
  7     2048  5.4312E-13  5.4312E-13  5.4312E-13  error s
  7     2048  5.4312E-13  5.4312E-13  5.4312E-13  error s
  7     2048  5.4312E-13  5.4312E-13  5.4312E-13  error s
  7     2048  5.4312E-13  5.4312E-13  5.4312E-13  error s
  7     2048  5.4312E-13  5.4312E-13  5.4312E-13  error s
  7     2048  5.4312E-13  5.4312E-13  5.4312E-13  error s
  7     2048  5.4312E-13  5.4312E-13  5.4312E-13  error s
  7     2048  5.4312E-13  5.4312E-13  5.4312E-13  error s
  7     2048  5.4312E-13  5.4312E-13  5.4312E-13  error s
  7     2048  5.4312E-13  5.4312E-13  5.4312E-13  error s
  7     2048  5.4312E-13  5.4312E-13  5.4312E-13  error s
  7     2048  5.4312E-13  5.4312E-13  5.4312E-13  error s
  7     2048  5.4312E-13  5.4312E-13  5.4312E-13  error s
  7     2048  5.4312E-13  5.4312E-13  5.4312E-13  error s
  7     2048  5.4312E-13  5.4312E-13  5.4312E-13  error s
  7     2048  5.4312E-13  5.4312E-13  5.4312E-13  error s
  7     2048  5.4312E-13  5.4312E-13  5.4312E-13  error s
  7     2048  5.4312E-13  5.4312E-13  5.4312E-13  error s
  7     2048  5.4312E-13  5.4312E-13  5.4312E-13  error s
  7     2048  5.4312E-13  5.4312E-13  5.4312E-13  error s
  7     2048  5.4312E-13  5.4312E-13  5.4312E-13  error s
  7     2048  5.4312E-13  5.4312E-13  5.4312E-13  error s
  7     2048  5.4312E-13  5.4312E-13  5.4312E-13  error s
  7     2048  5.4312E-13  5.4312E-13  5.4312E-13  error s
  7     2048  5.4312E-13  5.4312E-13  5.4312E-13  error s
  7     2048  5.4312E-13  5.4312E-13  5.4312E-13  error s
  7     2048  5.4312E-13  5.4312E-13  5.4312E-13  error s
  7     2048  5.4312E-13  5.4312E-13  5.4312E-13  error s
  7     2048  5.4312E-13  5.4312E-13  5.4312E-13  error s
  7     2048  5.4312E-13  5.4312E-13  5.4312E-13  error s
  7     2048  5.4312E-13  5.4312E-13  5.4312E-13  error s
  7     2048  5.4312E-13  5.4312E-13  5.4312E-13  error s
  7     2048  5.4312E-13  5.4312E-13  5.4312E-13  error s
  7     2048  5.4312E-13  5.4312E-13  5.4312E-13  error s
  7     2048  5.4312E-13  5.4312E-13  5.4312E-13  error s
  7     2048  5.4312E-13  5.4312E-13  5.4312E-13  error s
  7     2048  5.4312E-13  5.4312E-13  5.4312E-13  error s
  7     2048  5.4312E-13  5.4312E-13  5.4312E-13  error s
  7     2048  5.4312E-13  5.4312E-13  5.4312E-13  error s
  7     2048  5.4312E-13  5.4312E-13  5.4312E-13  error s
  7     2048  5.4312E-13  5.4312E-13  5.4312E-13  error s
  7     2048  5.4312E-13  5.4312E-13  5.4312E-13  error s
  7     2048  5.4312E-13  5.4312E-13  5.4312E-13  error s
  7     2048  5.4312E-13  5.4312E-13  5.4312E-13  error s
  7     2048  5.4312E-13  5.4312E-13  5.4312E-13  error s
  7     2048  5.4312E-13  5.4312E-13  5.4312E-13  error s
  7     2048  5.4312E-13  5.4312E-13  5.4312E-13  error s
  7     2048  5.4312E-13  5.4312E-13  5.4312E-13  error s
  7     2048  5.4312E-13  5.4312E-13  5.4312E-13  error s
  7     2048  5.4312E-13  5.4312E-13  5.4312E-13  error s
  7     2048  5.4312E-13  5.4312E-13  5.4312E-13  error s
  7     2048  5.4312E-13  5.4312E-13  5.4312E-13  error s
  7     2048  5.4312E-13  5.4312E-13  5.4312E-13  error s
  7     2048  5.4312E-13  5.4312E-13  5.4312E-13  error s
  7     2048  5.4312E-13  5.4312E-13  5.4312E-13  error s
  7     2048  5.4312E-13  5.4312E-13  5.4312E-13  error s
  7     2048  5.4312E-13  5.4312E-13  5.4312E-13  error s
  7     2048  5.4312E-13  5.4312E-13  5.4312E-13  error s
  7     2048  5.4312E-13  5.4312E-13  5.4312E-13  error s
  7     2048  5.4312E-13  5.4312E-13  5.4312E-13  error s
  7     2048  5.4312E-13  5.4312E-13  5.4312E-13  error s
  7     2048  5.4312E-13  5.4312E-13  5.4312E-13  error s
  7     2048  5.4312E-13  5.4312E-13  5.4312E-13  error s
  7     2048  5.4312E-13  5.4312E-13  5.4312E-13  error s
  7     2048  5.4312E-13  5.4312E-13  5.4312E-13  error s
  7     2048  5.4312E-13  5.4312E-13  5.4312E-13  error s
  7     2048  5.4312E-13  5.4312E-13  5.4312E-13  error s
  7     2048  5.4312E-13  5.4312E-13  5.4312E-13  error s
  7     2048  5.4312E-13  5.4312E-13  5.4312E-13  error s
  7     2048  5.4312E-13  5.4312E-13  5.4312E-13  error s
  7     2048  5.4312E-13  5.4312E-13  5.4312E-13  error s
  7     2048  5.4312E-13  5.4312E-13  5.4312E-13  error s
  7     2048  5.4312E-13  5.4312E-13  5.4312E-13  error s
  7     2048  5.4312E-13  5.4312E-13  5.4312E-13  error s
  7     2048  5.4312E-13  5.4312E-13  5.4312E-13  error s
  7     2048  5.4312E-13  5.4312E-13  5.4312E-13  error s
  7     2048  5.4312E-13  5.4312E-13  5.4312E-13  error s
  7     2048  5.4312E-13  5.4312E-13  5.4312E-13  error s
  7     2048  5.4312E-13  5.4312E-13  5.4312E-13  error s
  7     2048  5.4312E-13  5.4312E-13  5.4312E-13  error s
  7     2048  5.4312E-13  5.4312E-13  5.4312E-13  error s
  7     2048  5.4312E-13  5.4312E-13  5.4312E-13  error s
  7     2048  5.4312E-13  5.4312E-13  5.4312E-13  error s
  7     2048  5.4312E-13  5.4312E-13  5.4312E-13  error s
  7     2048  5.4312E-13  5.4312E-13  5.4312E-13  error s
  7     2048  5.4312E-13  5.4312E-13  5.4312E-13  error s
  7     2048  5.4312E-13  5.4312E-13  5.4312E-13  error s
  7     2048  5.4312E-13  5.4312E-13  5.4312E-13  error s
  7     2048  5.4312E-13  5.4312E-13  5.4312E-13  error s
  7     2048  5.4312E-13  5.4312E-13  5.4312E-13  error s
  7     2048  5.4312E-13  5.4312E-13  5.4312E-13  error s
  7     2048  5.4312E-13  5.4312E-13  5.4312E-13  error s
  7     2048  5.4312E-13  5.4312E-13  5.4312E-13  error s
  7     2048  5.4312E-13  5.4312E-13  5.4312E-13  error s
  7     2048  5.4312E-13  5.4312E-13  5.4312E-13  error s
  7     2048  5.4312E-13  5.4312E-13  5.4312E-13  error s
  7     2048  5.4312E-13  5.4312E-13  5.4312E-13  error s
  7     2048  5.4312E-13  5.4312E-13  5.4312E-13  error s
  7     2048  5.4312E-13  5.4312E-13  5.4312E-13  error s
  7     2048  5.4312E-13  5.4312E-13  5.4312E-13  error s
  7     2048  5.4312E-13  5.4312E-13  5.4312E-13  error s
  7     2048  5.4312E-13  5.4312E-13  5.4312E-13  error s
  7     2048  5.4312E-13  5.4312E-13  5.4312E-13  error s
  7     2048  5.4312E-13  5.4312E-13  5.4312E-13  error s
  7     2048  5.4312E-13  5.4312E-13  5.4312E-13  error s
  7     2048  5.4312E-13  5.4312E-13  5.4312E-13  error s
  7     2048  5.4312E-13  5.4312E-13  5.4312E-13  error s
  7     2048  5.4312E-13  5.4312E-13  5.4312E-13  error s
  7     2048  5.4312E-13  5.4312E-13  5.4312E-13  error s
  7     2048  5.4312E-13  5.4312E-13  5.4312E-13  error s
  7     2048  5.4312E-13  5.4312E-13  5.4312E-13  error s
  7     2048  5.4312E-13  5.4312E-13  5.4312E-13  error s
  7     2048  5.4312E-13  5.4312E-13  5.4312E-13  error s
  7     2048  5.4312E-13  5.4312E-13  5.4312E-13  error s
  7     2048  5.4312E-13  5.4312E-13  5.4312E-13  error s
  7     2048  5.4312E-13  5.4312E-13  5.4312E-13  error s
  7     2048  5.4312E-13  5.4312E-13  5.4312E-13  error s
  7     2048  5.4312E-13  5.4312E-13  5.4312E-13  error s
  7     2048  5.4312E-13  5.4312E-13  5.4312E-13  error s
  7     2048  5.4312E-13  5.4312E-13  5.4312E-13  error s
  7     2048  5.4312E-13  5.4312E-13  5.4312E-13  error s
  7     2048  5.4312E-13  5.4312E-13  5.4312E-13  error s
  7     2048  5.4312E-13  5.4312E-13  5.4312E-13  error s
  7     2048  5.4312E-13  5.4312E-13  5.4312E-13  error s
  7     2048  5.4312E-13  5.4312E-13  5.4312E-13  error s
  7     2048  5.4312E-13  5.4312E-13  5.4312E-13  error s
  7     2048  5.4312E-13  5.4312E-13  5.4312E-13  error s
  7     2048  5.4312E-13  5.4312E-13  5.4312E-13  error s
  7     2048  5.4312E-13  5.4312E-13  5.4312E-13  error s
  7     2048  5.4312E-13  5.4312E-13  5.4312E-13  error s
  7     2048  5.4312E-13  5.4312E-13  5.4312E-13  error s
  7     2048  5.4312E-13  5.4312E-13  5.4312E-13  error s
  7     2048  5.4312E-13  5.4312E-13  5.4312E-13  error s
  7     2048  5.4312E-13  5.4312E-13  5.4312E-13  error s
  7     2048  5.4312E-13  5.4312E-13  5.4312E-13  error s
  7     2048  5.4312E-13  5.4312E-13  5.4312E-13  error s
  7     2048  5.4312E-13  5.4312E-13  5.4312E-13  error s
  7     2048  5.4312E-13  5.4312E-13  5.4312E-13  error s
  7     2048  5.4312E-13  5.4312E-13  5.4312E-13  error s
  7     2048  5.4312E-13  5.4312E-13  5.4312E-13  error s
  7     2048  5.4312E-13  5.4312E-13  5.4312E-13  error s
  7     2048  5.4312E-13  5.4312E-13  5.4312E-13  error s
  7     2048  5.4312E-13  5.4312E-13  5.4312E-13  error s
  7     2048  5.4312E-13  5.4312E-13  5.4312E-13  error s
  7     2048  5.4312E-13  5.4312E-13  5.4312E-13  error s
  7     2048  5.4312E-13  5.4312E-13  5.4312E-13  error s
  7     2048  5.4312E-13  5.4312E-13  5.4312E-13  error s
  7     2048  5.4312E-13  5.4312E-13  5.4312E-13  error s
  7     2048  5.4312E-13  5.4312E-13  5.4312E-13  error s
  7     2048  5.4312E-13  5.4312E-13  5.4312E-13  error s
  7     2048  5.4312E-13  5.4312E-13  5.4312E-13  error s
  7     2048  5.4312E-13  5.4312E-13  5.4312E-13  error s
  7     2048  5.4312E-13  5.4312E-13  5.4312E-13  error s
  7     2048  5.4312E-13  5.4312E-13  5.4312E-13  error s
  7     2048  5.4312E-13  5.4312E-13  5.4312E-13  error s
  7     2048  5.4312E-13  5.4312E-13  5.4312E-13  error s
  7     2048  5.4312E-13  5.4312E-13  5.4312E-13  error s
  7     2048  5.4312E-13  5.4312E-13  5.4312E-13  error s
  7     2048  5.4312E-13  5.4312E-13  5.4312E-13  error s
  7     2048  5.4312E-13  5.4312E-13  5.4312E-13  error s
  7     2048  5.4312E-13  5.4312E-13  5.4312E-13  error s
  7     2048  5.4312E-13  5.4312E-13  5.4312E-13  error s
  7     2048  5.4312E-13  5.4312E-13  5.4312E-13  error s
  7     2048  5.4312E-13  5.4312E-13  5.4312E-13  error s
  7     2048  5.4312E-13  5.4312E-13  5.4312E-13  error s
  7     2048  5.4312E-13  5.4312E-13  5.4312E-13  error s
  7     2048  5.4312E-13  5.4312E-13  5.4312E-13  error s
  7     2048  5.4312E-13  5.4312E-13  5.4312E-13  error s
  7     2048  5.4312E-13  5.4312E-13  5.4312E-13  error s
  7     2048  5.4312E-13  5.4312E-13  5.4312E-13  error s
  7     2048  5.4312E-13  5.4312E-13  5.4312E-13  error s
  7     2048  5.4312E-13  5.4312E-13  5.4312E-13  error s
  7     2048  5.4312E-13  5.4312E-13  5.4312E-13  error s
  7     2048  5.4312E-13  5.4312E-13  5.4312E-13  error s
  7     2048  5.4312E-13  5.4312E-13  5.4312E-13  error s
  7     2048  5.4312E-13  5.4312E-13  5.4312E-13  error s
  7     2048  5.4312E-13  5.4312E-13  5.4312E-13  error s
  7     2048  5.4312E-13  5.4312E-13  5.4312E-13  error s
  7     2048  5.4312E-13  5.4312E-13  5.4312E-13  error s
  7     2048  5.4312E-13  5.4312E-13  5.4312E-13  error s
  7     2048  5.4312E-13  5.4312E-13  5.4312E-13  error s
  7     2048  5.4312E-13  5.4312E-13  5.4312E-13  error s
  7     2048  5.4312E-13  5.4312E-13  5.4312E-13  error s
  7     2048  5.4312E-13  5.4312E-13  5.4312E-13  error s
  7     2048  5.4312E-13  5.4312E-13  5.4312E-13  error s
  7     2048  5.4312E-13  5.4312E-13  5.4312E-13  error s
  7     2048  5.4312E-13  5.4312E-13  5.4312E-13  error s
  7     2048  5.4312E-13  5.4312E-13  5.4312E-13  error s
  7     2048  5.4312E-13  5.4312E-13  5.4312E-13  error s
  7     2048  5.4312E-13  5.4312E-13  5.4312E-13  error s
  7     2048  5.4312E-13  5.4312E-13  5.4312E-13  error s
  7     2048  5.4312E-13  5.4312E-13  5.4312E-13  error s
  7     2048  5.4312E-13  5.4312E-13  5.4312E-13  error s
  7     2048  5.4312E-13  5.4312E-13  5.4312E-13  error s
  7     2048  5.4312E-13  5.4312E-13  5.4312E-13  error s
  7     2048  5.4312E-13  5.4312E-13  5.4312E-13  error s
  7     2048  5.4312E-13  5.4312E-13  5.4312E-13  error s
  7     2048  5.4312E-13  5.4312E-13  5.4312E-13  error s
  7     2048  5.4312E-13  5.4312E-13  5.4312E-13  error s
  7     2048  5.4312E-13  5.4312E-13  5.4312E-13  error s
  7     2048  5.4312E-13  5.4312E-13  5.4312E-13  error s
  7     2048  5.4312E-13  5.4312E-13  5.4312E-13  error s
  7     2048  5.4312E-13  5.4312E-13  5.4312E-13  error s
  7     2048  5.4312E-13  5.4312E-13  5.4312E-13  error s
  7     2048  5.4312E-13  5.4312E-13  5.4312E-13  error s
  7     2048  5.4312E-13  5.4312E-13  5.4312E-13  error s
  7     2048  5.4312E-13  5.4312E-13  5.4312E-13  error s
  7     2048  5.4312E-13  5.4312E-13  5.4312E-13  error s
  7     2048  5.4312E-13  5.4312E-13  5.4312E-13  error s
  7     2048  5.4312E-13  5.4312E-13  5.4312E-13  error s
  7     2048  5.4312E-13  5.4312E-13  5.4312E-13  error s
  7     2048  5.4312E-13  5.4312E-13  5.4312E-13  error s
  7     2048  5.4312E-13  5.4312E-13  5.4312E-13  error s
  7     2048  5.4312E-13  5.4312E-13  5.4312E-13  error s
  7     2048  5.4312E-13  5.4312E-13  5.4312E-13  error s
  7     2048  5.4312E-13  5.4312E-13  5.4312E-13  error s
  7     2048  5.4312E-13  5.4312E-13  5.4312E-13  error s
  7     2048  5.4312E-13  5.4312E-13  5.4312E-13  error s
  7     2048  5.4312E-13  5.4312E-13  5.4312E-13  error s
  7     2048  5.4312E-13  5.4312E-13  5.4312E-13  error s
  7     2048  5.4312E-13  5.4312E-13  5.4312E-13  error s
  7     2048  5.4312E-13  5.4312E-13  5.4312E-13  error s
  7     2048  5.4312E-13  5.4312E-13  5.4312E-13  error s
  7     2048  5.4312E-13  5.4312E-13  5.4312E-13  error s
  7     2048  5.4312E-13  5.4312E-13  5.4312E-13  error s
  7     2048  5.4312E-13  5.4312E-13  5.4312E-13  error s
  7     2048  5.4312E-13  5.4312E-13  5.4312E-13  error s
  7     2048  5.4312E-13  5.4312E-13  5.4312E-13  error s
  7     2048  5.4312E-13  5.4312E-13  5.4312E-13  error s
 
nelt =       8, np =       256, nx1 =       7, elements =      2048
Solve Time =   0.9936E-09
 
nelt =       8, np =       256, nx1 =       7, elements =      2048
Solve Time =   0.9667E-09
 
nelt =       8, np =       256, nx1 =       7, elements =      2048
Solve Time =   0.9574E-09
 
nelt =       8, np =       256, nx1 =       7, elements =      2048
Solve Time =   0.9674E-09
 
nelt =       8, np =       256, nx1 =       7, elements =      2048
Solve Time =   0.9581E-09
 
nelt =       8, np =       256, nx1 =       7, elements =      2048
Solve Time =   0.9718E-09
 
nelt =       8, np =       256, nx1 =       7, elements =      2048
Solve Time =   0.9667E-09
 
nelt =       8, np =       256, nx1 =       7, elements =      2048
Solve Time =   0.9585E-09
 
nelt =       8, np =       256, nx1 =       7, elements =      2048
Solve Time =   0.9589E-09
 
nelt =       8, np =       256, nx1 =       7, elements =      2048
Solve Time =   0.9617E-09
  7     2048  5.4212E-13  5.4212E-13  5.4212E-13  error n
  7     2048  5.4212E-13  5.4212E-13  5.4212E-13  error n
  7     2048  5.4212E-13  5.4212E-13  5.4212E-13  error n
  7     2048  5.4212E-13  5.4212E-13  5.4212E-13  error n
  7     2048  5.4212E-13  5.4212E-13  5.4212E-13  error n
  7     2048  5.4212E-13  5.4212E-13  5.4212E-13  error n
  7     2048  5.4212E-13  5.4212E-13  5.4212E-13  error n
  7     2048  5.4212E-13  5.4212E-13  5.4212E-13  error n
  7     2048  5.4212E-13  5.4212E-13  5.4212E-13  error n
  7     2048  5.4212E-13  5.4212E-13  5.4212E-13  error n
  7     2048  5.4212E-13  5.4212E-13  5.4212E-13  error n
  7     2048  5.4212E-13  5.4212E-13  5.4212E-13  error n
  7     2048  5.4212E-13  5.4212E-13  5.4212E-13  error n
  7     2048  5.4212E-13  5.4212E-13  5.4212E-13  error n
  7     2048  5.4212E-13  5.4212E-13  5.4212E-13  error n
  7     2048  5.4212E-13  5.4212E-13  5.4212E-13  error n
  7     2048  5.4212E-13  5.4212E-13  5.4212E-13  error n
  7     2048  5.4212E-13  5.4212E-13  5.4212E-13  error n
  7     2048  5.4212E-13  5.4212E-13  5.4212E-13  error n
  7     2048  5.4212E-13  5.4212E-13  5.4212E-13  error n
  7     2048  5.4212E-13  5.4212E-13  5.4212E-13  error n
  7     2048  5.4212E-13  5.4212E-13  5.4212E-13  error n
  7     2048  5.4212E-13  5.4212E-13  5.4212E-13  error n
  7     2048  5.4212E-13  5.4212E-13  5.4212E-13  error n
  7     2048  5.4212E-13  5.4212E-13  5.4212E-13  error n
  7     2048  5.4212E-13  5.4212E-13  5.4212E-13  error n
  7     2048  5.4212E-13  5.4212E-13  5.4212E-13  error n
  7     2048  5.4212E-13  5.4212E-13  5.4212E-13  error n
  7     2048  5.4212E-13  5.4212E-13  5.4212E-13  error n
  7     2048  5.4212E-13  5.4212E-13  5.4212E-13  error n
  7     2048  5.4212E-13  5.4212E-13  5.4212E-13  error n
  7     2048  5.4212E-13  5.4212E-13  5.4212E-13  error n
  7     2048  5.4212E-13  5.4212E-13  5.4212E-13  error n
  7     2048  5.4212E-13  5.4212E-13  5.4212E-13  error n
  7     2048  5.4212E-13  5.4212E-13  5.4212E-13  error n
  7     2048  5.4212E-13  5.4212E-13  5.4212E-13  error n
  7     2048  5.4212E-13  5.4212E-13  5.4212E-13  error n
  7     2048  5.4212E-13  5.4212E-13  5.4212E-13  error n
  7     2048  5.4212E-13  5.4212E-13  5.4212E-13  error n
  7     2048  5.4212E-13  5.4212E-13  5.4212E-13  error n
  7     2048  5.4212E-13  5.4212E-13  5.4212E-13  error n
  7     2048  5.4212E-13  5.4212E-13  5.4212E-13  error n
  7     2048  5.4212E-13  5.4212E-13  5.4212E-13  error n
  7     2048  5.4212E-13  5.4212E-13  5.4212E-13  error n
  7     2048  5.4212E-13  5.4212E-13  5.4212E-13  error n
  7     2048  5.4212E-13  5.4212E-13  5.4212E-13  error n
  7     2048  5.4212E-13  5.4212E-13  5.4212E-13  error n
  7     2048  5.4212E-13  5.4212E-13  5.4212E-13  error n
  7     2048  5.4212E-13  5.4212E-13  5.4212E-13  error n
  7     2048  5.4212E-13  5.4212E-13  5.4212E-13  error n
  7     2048  5.4212E-13  5.4212E-13  5.4212E-13  error n
  7     2048  5.4212E-13  5.4212E-13  5.4212E-13  error n
  7     2048  5.4212E-13  5.4212E-13  5.4212E-13  error n
  7     2048  5.4212E-13  5.4212E-13  5.4212E-13  error n
  7     2048  5.4212E-13  5.4212E-13  5.4212E-13  error n
  7     2048  5.4212E-13  5.4212E-13  5.4212E-13  error n
  7     2048  5.4212E-13  5.4212E-13  5.4212E-13  error n
  7     2048  5.4212E-13  5.4212E-13  5.4212E-13  error n
  7     2048  5.4212E-13  5.4212E-13  5.4212E-13  error n
  7     2048  5.4212E-13  5.4212E-13  5.4212E-13  error n
  7     2048  5.4212E-13  5.4212E-13  5.4212E-13  error n
  7     2048  5.4212E-13  5.4212E-13  5.4212E-13  error n
  7     2048  5.4212E-13  5.4212E-13  5.4212E-13  error n
  7     2048  5.4212E-13  5.4212E-13  5.4212E-13  error n
  7     2048  5.4212E-13  5.4212E-13  5.4212E-13  error n
  7     2048  5.4212E-13  5.4212E-13  5.4212E-13  error n
  7     2048  5.4212E-13  5.4212E-13  5.4212E-13  error n
  7     2048  5.4212E-13  5.4212E-13  5.4212E-13  error n
  7     2048  5.4212E-13  5.4212E-13  5.4212E-13  error n
  7     2048  5.4212E-13  5.4212E-13  5.4212E-13  error n
  7     2048  5.4212E-13  5.4212E-13  5.4212E-13  error n
  7     2048  5.4212E-13  5.4212E-13  5.4212E-13  error n
  7     2048  5.4212E-13  5.4212E-13  5.4212E-13  error n
  7     2048  5.4212E-13  5.4212E-13  5.4212E-13  error n
  7     2048  5.4212E-13  5.4212E-13  5.4212E-13  error n
  7     2048  5.4212E-13  5.4212E-13  5.4212E-13  error n
  7     2048  5.4212E-13  5.4212E-13  5.4212E-13  error n
  7     2048  5.4212E-13  5.4212E-13  5.4212E-13  error n
  7     2048  5.4212E-13  5.4212E-13  5.4212E-13  error n
  7     2048  5.4212E-13  5.4212E-13  5.4212E-13  error n
  7     2048  5.4212E-13  5.4212E-13  5.4212E-13  error n
  7     2048  5.4212E-13  5.4212E-13  5.4212E-13  error n
  7     2048  5.4212E-13  5.4212E-13  5.4212E-13  error n
  7     2048  5.4212E-13  5.4212E-13  5.4212E-13  error n
  7     2048  5.4212E-13  5.4212E-13  5.4212E-13  error n
  7     2048  5.4212E-13  5.4212E-13  5.4212E-13  error n
  7     2048  5.4212E-13  5.4212E-13  5.4212E-13  error n
  7     2048  5.4212E-13  5.4212E-13  5.4212E-13  error n
  7     2048  5.4212E-13  5.4212E-13  5.4212E-13  error n
  7     2048  5.4212E-13  5.4212E-13  5.4212E-13  error n
  7     2048  5.4212E-13  5.4212E-13  5.4212E-13  error n
  7     2048  5.4212E-13  5.4212E-13  5.4212E-13  error n
  7     2048  5.4212E-13  5.4212E-13  5.4212E-13  error n
  7     2048  5.4212E-13  5.4212E-13  5.4212E-13  error n
  7     2048  5.4212E-13  5.4212E-13  5.4212E-13  error n
  7     2048  5.4212E-13  5.4212E-13  5.4212E-13  error n
  7     2048  5.4212E-13  5.4212E-13  5.4212E-13  error n
  7     2048  5.4212E-13  5.4212E-13  5.4212E-13  error n
  7     2048  5.4212E-13  5.4212E-13  5.4212E-13  error n
  7     2048  5.4212E-13  5.4212E-13  5.4212E-13  error n
  7     2048  5.4212E-13  5.4212E-13  5.4212E-13  error n
  7     2048  5.4212E-13  5.4212E-13  5.4212E-13  error n
  7     2048  5.4212E-13  5.4212E-13  5.4212E-13  error n
  7     2048  5.4212E-13  5.4212E-13  5.4212E-13  error n
  7     2048  5.4212E-13  5.4212E-13  5.4212E-13  error n
  7     2048  5.4212E-13  5.4212E-13  5.4212E-13  error n
  7     2048  5.4212E-13  5.4212E-13  5.4212E-13  error n
  7     2048  5.4212E-13  5.4212E-13  5.4212E-13  error n
  7     2048  5.4212E-13  5.4212E-13  5.4212E-13  error n
  7     2048  5.4212E-13  5.4212E-13  5.4212E-13  error n
  7     2048  5.4212E-13  5.4212E-13  5.4212E-13  error n
  7     2048  5.4212E-13  5.4212E-13  5.4212E-13  error n
  7     2048  5.4212E-13  5.4212E-13  5.4212E-13  error n
  7     2048  5.4212E-13  5.4212E-13  5.4212E-13  error n
  7     2048  5.4212E-13  5.4212E-13  5.4212E-13  error n
  7     2048  5.4212E-13  5.4212E-13  5.4212E-13  error n
  7     2048  5.4212E-13  5.4212E-13  5.4212E-13  error n
  7     2048  5.4212E-13  5.4212E-13  5.4212E-13  error n
  7     2048  5.4212E-13  5.4212E-13  5.4212E-13  error n
  7     2048  5.4212E-13  5.4212E-13  5.4212E-13  error n
  7     2048  5.4212E-13  5.4212E-13  5.4212E-13  error n
  7     2048  5.4212E-13  5.4212E-13  5.4212E-13  error n
  7     2048  5.4212E-13  5.4212E-13  5.4212E-13  error n
  7     2048  5.4212E-13  5.4212E-13  5.4212E-13  error n
  7     2048  5.4212E-13  5.4212E-13  5.4212E-13  error n
  7     2048  5.4212E-13  5.4212E-13  5.4212E-13  error n
  7     2048  5.4212E-13  5.4212E-13  5.4212E-13  error n
  7     2048  5.4212E-13  5.4212E-13  5.4212E-13  error n
  7     2048  5.4212E-13  5.4212E-13  5.4212E-13  error n
  7     2048  5.4212E-13  5.4212E-13  5.4212E-13  error n
  7     2048  5.4212E-13  5.4212E-13  5.4212E-13  error n
  7     2048  5.4212E-13  5.4212E-13  5.4212E-13  error n
  7     2048  5.4212E-13  5.4212E-13  5.4212E-13  error n
  7     2048  5.4212E-13  5.4212E-13  5.4212E-13  error n
  7     2048  5.4212E-13  5.4212E-13  5.4212E-13  error n
  7     2048  5.4212E-13  5.4212E-13  5.4212E-13  error n
  7     2048  5.4212E-13  5.4212E-13  5.4212E-13  error n
  7     2048  5.4212E-13  5.4212E-13  5.4212E-13  error n
  7     2048  5.4212E-13  5.4212E-13  5.4212E-13  error n
  7     2048  5.4212E-13  5.4212E-13  5.4212E-13  error n
  7     2048  5.4212E-13  5.4212E-13  5.4212E-13  error n
  7     2048  5.4212E-13  5.4212E-13  5.4212E-13  error n
  7     2048  5.4212E-13  5.4212E-13  5.4212E-13  error n
  7     2048  5.4212E-13  5.4212E-13  5.4212E-13  error n
  7     2048  5.4212E-13  5.4212E-13  5.4212E-13  error n
  7     2048  5.4212E-13  5.4212E-13  5.4212E-13  error n
   6     2048  100  0.0000E+00  0.0000E+00  0.0000E+00 time for 3 hmholtz
EXIT: quit after cggov          6
  
call exitt: dying ...
  
  7     2048  5.4212E-13  5.4212E-13  5.4212E-13  error n
  7     2048  5.4212E-13  5.4212E-13  5.4212E-13  error n
  7     2048  5.4212E-13  5.4212E-13  5.4212E-13  error n
  7     2048  5.4212E-13  5.4212E-13  5.4212E-13  error n
  7     2048  5.4212E-13  5.4212E-13  5.4212E-13  error n
  7     2048  5.4212E-13  5.4212E-13  5.4212E-13  error n
  7     2048  5.4212E-13  5.4212E-13  5.4212E-13  error n
  7     2048  5.4212E-13  5.4212E-13  5.4212E-13  error n
  7     2048  5.4212E-13  5.4212E-13  5.4212E-13  error n
  7     2048  5.4212E-13  5.4212E-13  5.4212E-13  error n
  7     2048  5.4212E-13  5.4212E-13  5.4212E-13  error n
  7     2048  5.4212E-13  5.4212E-13  5.4212E-13  error n
  7     2048  5.4212E-13  5.4212E-13  5.4212E-13  error n
  7     2048  5.4212E-13  5.4212E-13  5.4212E-13  error n
  7     2048  5.4212E-13  5.4212E-13  5.4212E-13  error n
  7     2048  5.4212E-13  5.4212E-13  5.4212E-13  error n
  7     2048  5.4212E-13  5.4212E-13  5.4212E-13  error n
  7     2048  5.4212E-13  5.4212E-13  5.4212E-13  error n
  7     2048  5.4212E-13  5.4212E-13  5.4212E-13  error n
  7     2048  5.4212E-13  5.4212E-13  5.4212E-13  error n
  7     2048  5.4212E-13  5.4212E-13  5.4212E-13  error n
  7     2048  5.4212E-13  5.4212E-13  5.4212E-13  error n
  7     2048  5.4212E-13  5.4212E-13  5.4212E-13  error n
  7     2048  5.4212E-13  5.4212E-13  5.4212E-13  error n
  7     2048  5.4212E-13  5.4212E-13  5.4212E-13  error n
  7     2048  5.4212E-13  5.4212E-13  5.4212E-13  error n
  7     2048  5.4212E-13  5.4212E-13  5.4212E-13  error n
  7     2048  5.4212E-13  5.4212E-13  5.4212E-13  error n
  7     2048  5.4212E-13  5.4212E-13  5.4212E-13  error n
  7     2048  5.4212E-13  5.4212E-13  5.4212E-13  error n
  7     2048  5.4212E-13  5.4212E-13  5.4212E-13  error n
  7     2048  5.4212E-13  5.4212E-13  5.4212E-13  error n
  7     2048  5.4212E-13  5.4212E-13  5.4212E-13  error n
  7     2048  5.4212E-13  5.4212E-13  5.4212E-13  error n
  7     2048  5.4212E-13  5.4212E-13  5.4212E-13  error n
  7     2048  5.4212E-13  5.4212E-13  5.4212E-13  error n
  7     2048  5.4212E-13  5.4212E-13  5.4212E-13  error n
  7     2048  5.4212E-13  5.4212E-13  5.4212E-13  error n
  7     2048  5.4212E-13  5.4212E-13  5.4212E-13  error n
  7     2048  5.4212E-13  5.4212E-13  5.4212E-13  error n
  7     2048  5.4212E-13  5.4212E-13  5.4212E-13  error n
  7     2048  5.4212E-13  5.4212E-13  5.4212E-13  error n
  7     2048  5.4212E-13  5.4212E-13  5.4212E-13  error n
  7     2048  5.4212E-13  5.4212E-13  5.4212E-13  error n
  7     2048  5.4212E-13  5.4212E-13  5.4212E-13  error n
  7     2048  5.4212E-13  5.4212E-13  5.4212E-13  error n
  7     2048  5.4212E-13  5.4212E-13  5.4212E-13  error n
  7     2048  5.4212E-13  5.4212E-13  5.4212E-13  error n
  7     2048  5.4212E-13  5.4212E-13  5.4212E-13  error n
  7     2048  5.4212E-13  5.4212E-13  5.4212E-13  error n
  7     2048  5.4212E-13  5.4212E-13  5.4212E-13  error n
  7     2048  5.4212E-13  5.4212E-13  5.4212E-13  error n
  7     2048  5.4212E-13  5.4212E-13  5.4212E-13  error n
  7     2048  5.4212E-13  5.4212E-13  5.4212E-13  error n
  7     2048  5.4212E-13  5.4212E-13  5.4212E-13  error n
  7     2048  5.4212E-13  5.4212E-13  5.4212E-13  error n
  7     2048  5.4212E-13  5.4212E-13  5.4212E-13  error n
  7     2048  5.4212E-13  5.4212E-13  5.4212E-13  error n
  7     2048  5.4212E-13  5.4212E-13  5.4212E-13  error n
  7     2048  5.4212E-13  5.4212E-13  5.4212E-13  error n
  7     2048  5.4212E-13  5.4212E-13  5.4212E-13  error n
  7     2048  5.4212E-13  5.4212E-13  5.4212E-13  error n
  7     2048  5.4212E-13  5.4212E-13  5.4212E-13  error n
  7     2048  5.4212E-13  5.4212E-13  5.4212E-13  error n
  7     2048  5.4212E-13  5.4212E-13  5.4212E-13  error n
  7     2048  5.4212E-13  5.4212E-13  5.4212E-13  error n
  7     2048  5.4212E-13  5.4212E-13  5.4212E-13  error n
  7     2048  5.4212E-13  5.4212E-13  5.4212E-13  error n
  7     2048  5.4212E-13  5.4212E-13  5.4212E-13  error n
  7     2048  5.4212E-13  5.4212E-13  5.4212E-13  error n
  7     2048  5.4212E-13  5.4212E-13  5.4212E-13  error n
  7     2048  5.4212E-13  5.4212E-13  5.4212E-13  error n
  7     2048  5.4212E-13  5.4212E-13  5.4212E-13  error n
  7     2048  5.4212E-13  5.4212E-13  5.4212E-13  error n
  7     2048  5.4212E-13  5.4212E-13  5.4212E-13  error n
  7     2048  5.4212E-13  5.4212E-13  5.4212E-13  error n
  7     2048  5.4212E-13  5.4212E-13  5.4212E-13  error n
  7     2048  5.4212E-13  5.4212E-13  5.4212E-13  error n
  7     2048  5.4212E-13  5.4212E-13  5.4212E-13  error n
  7     2048  5.4212E-13  5.4212E-13  5.4212E-13  error n
  7     2048  5.4212E-13  5.4212E-13  5.4212E-13  error n
  7     2048  5.4212E-13  5.4212E-13  5.4212E-13  error n
  7     2048  5.4212E-13  5.4212E-13  5.4212E-13  error n
  7     2048  5.4212E-13  5.4212E-13  5.4212E-13  error n
  7     2048  5.4212E-13  5.4212E-13  5.4212E-13  error n
  7     2048  5.4212E-13  5.4212E-13  5.4212E-13  error n
  7     2048  5.4212E-13  5.4212E-13  5.4212E-13  error n
  7     2048  5.4212E-13  5.4212E-13  5.4212E-13  error n
  7     2048  5.4212E-13  5.4212E-13  5.4212E-13  error n
  7     2048  5.4212E-13  5.4212E-13  5.4212E-13  error n
  7     2048  5.4212E-13  5.4212E-13  5.4212E-13  error n
  7     2048  5.4212E-13  5.4212E-13  5.4212E-13  error n
  7     2048  5.4212E-13  5.4212E-13  5.4212E-13  error n
  7     2048  5.4212E-13  5.4212E-13  5.4212E-13  error n
backtrace(): obtained 8 stack frames.
./nek5000() [0x773f35]
./nek5000() [0x957849]
./nek5000() [0x40d4fc]
./nek5000() [0x426026]
./nek5000() [0x4245de]
./nek5000() [0x4054fe]
/lib64/libc.so.6(__libc_start_main+0xf5) [0x2aaab1ca3b25]
./nek5000() [0x405409]
  
total elapsed time             :   1.62704E+02 sec
total solver time incl. I/O    :   0.00000E+00 sec
time/timestep                  :   0.00000E+00 sec
CPU seconds/timestep/gridpt    :   0.00000E+00 sec

  7     2048  5.4212E-13  5.4212E-13  5.4212E-13  error n
  7     2048  5.4212E-13  5.4212E-13  5.4212E-13  error n
  7     2048  5.4212E-13  5.4212E-13  5.4212E-13  error n
  7     2048  5.4212E-13  5.4212E-13  5.4212E-13  error n
  7     2048  5.4212E-13  5.4212E-13  5.4212E-13  error n
  7     2048  5.4212E-13  5.4212E-13  5.4212E-13  error n
  7     2048  5.4212E-13  5.4212E-13  5.4212E-13  error n
  7     2048  5.4212E-13  5.4212E-13  5.4212E-13  error n
  7     2048  5.4212E-13  5.4212E-13  5.4212E-13  error n
  7     2048  5.4212E-13  5.4212E-13  5.4212E-13  error n
  7     2048  5.4212E-13  5.4212E-13  5.4212E-13  error n
  7     2048  5.4212E-13  5.4212E-13  5.4212E-13  error n
  7     2048  5.4212E-13  5.4212E-13  5.4212E-13  error n
  7     2048  5.4212E-13  5.4212E-13  5.4212E-13  error n
  7     2048  5.4212E-13  5.4212E-13  5.4212E-13  error n
  7     2048  5.4212E-13  5.4212E-13  5.4212E-13  error n
Application 2256721 resources: utime ~41461s, stime ~198s, Rss ~30416, inblocks ~0, outblocks ~0
