/----------------------------------------------------------\\
|      _   __ ______ __ __  ______  ____   ____   ____     |
|     / | / // ____// //_/ / ____/ / __ \\/ __ \\/ __ \\   |
|    /  |/ // __/  / ,<   /___ \\ / / / // / / // / / /    |
|   / /|  // /___ / /| | ____/ / / /_/ // /_/ // /_/ /     |
|  /_/ |_//_____//_/ |_|/_____/  \\___/ \\___/ \\___/      |
|                                                          |
|----------------------------------------------------------|
|                                                          |
| NEK5000:  Open Source Spectral Element Solver            |
| COPYRIGHT (c) 2008-2016 UCHICAGO ARGONNE, LLC            |
| Version:  16.0.0                                         |
| Web:      http://nek5000.mcs.anl.gov                     |
|                                                          |
\\----------------------------------------------------------/
                                                              

 Number of processors:        1024
 REAL    wdsize      :           8
 INTEGER wdsize      :           4
 Timer accuracy      : 2.86E-07
 Reading /gpfs/theta-fs1/home/thilina/env/lx7/b12.rea                                                                                        

 mapping elements to processors
 Reading /gpfs/theta-fs1/home/thilina/env/lx7/b12.map                                                                                        
 RANK     0 IEG    3841    3842    3857    3858
 element load imbalance:            0           4           4
 done :: mapping elements to processors
  
           0  objects found
 118   Parameters from file:
   1      1.00000     p001 DENSITY
   2     -100.000     p002 VISCOS
   7      1.00000     p007 RHOCP
   8      1.00000     p008 CONDUCT
  11      1.00        p011 NSTEPS
  12    -0.500000E-02 p012 DT
  21     0.100000E-05 p021 DIVERGENCE
  22     0.100000E-07 p022 HELMHOLTZ
  24     0.100000E-09 p024 TOLREL
  25     0.100000E-09 p025 TOLABS
  26     0.250000     p026 COURANT/NTAU
  27      2.00000     p027 TORDER
  66      6.00000     p066 output : <0=ascii, else binary
  67      6.00000     p067 restart: <0=ascii, else binary
  99      3.00000     p099 dealiasing: <0--> off/3--> old/4--> new
 103     0.500000E-01 p103 weight of stabilizing filter (.01)
  
 nelgt/nelgv/lelt:        4096        4096         100
 lx1  /lx2  /lx3 :           7           7           7
 done :: read .rea file    59.029     sec

 setup mesh topology
   Right-handed check complete for    4096 elements. OK.
   setvert3d:   7      400673      912673      400673      400673
 call usrsetvert
 done :: usrsetvert

gs_setup: 248473 unique labels shared
   pairwise times (avg, min, max): 0.00013646 0.000105596 0.000159287
   crystal router                : 0.000271198 0.000250888 0.000282097
   used all_to_all method: pairwise
   handle bytes (avg, min, max): 19538.6 12860 21116
   buffer bytes (avg, min, max): 11965.9 6160 13472
   setupds time 1.2546E-01 seconds   0  7      400673        4096
           8  max multiplicity
 done :: setup mesh topology
  
 call usrdat
 done :: usrdat

 generate geometry data
 done :: generate geometry data
  
 call usrdat2
 done :: usrdat2

 regenerate geometry data           1
 NOTE: All elements deformed , param(59) ^=0
 done :: regenerate geometry data           1
  
 verify mesh topology
  0.000000000000000E+000   1.00000000000000       Xrange
  0.000000000000000E+000   1.00000000000000       Yrange
  0.000000000000000E+000   1.00000000000000       Zrange
 done :: verify mesh topology
  
 IFTRAN   = T
 IFFLOW   = T
 IFHEAT   = F
 IFSPLIT  = T
 IFLOMACH = F
 IFUSERVP = F
 IFUSERMV = F
 IFSTRS   = F
 IFCHAR   = F
 IFCYCLIC = F
 IFAXIS   = F
 IFMVBD   = F
 IFMELT   = F
 IFMODEL  = F
 IFKEPS   = F
 IFMOAB   = F
 IFNEKNEK = F
 IFSYNC   = T
   
 IFVCOR   = T
 IFINTQ   = F
 IFCWUZ   = F
 IFSWALL  = F
 IFGEOM   = F
 IFSURT   = F
 IFWCNO   = F
   
 IFTMSH for field           1    =  F
 IFADVC for field           1    =  T
 IFNONL for field           1    =  F
   
 Dealiasing enabled, lxd=          10
  
 Estimated eigenvalues
 EIGAA =    9.86960440108936     
 EIGGA =    575311.441722799     
 EIGAE =    9.86960440108936     
 EIGAS =   8.333333333333333E-002
 EIGGE =    575311.441722799     
 EIGGS =    2.00000000000000     
  
 verify mesh topology
  0.000000000000000E+000   1.00000000000000       Xrange
  0.000000000000000E+000   1.00000000000000       Yrange
  0.000000000000000E+000   1.00000000000000       Zrange
 done :: verify mesh topology
  
  E-solver strategy:  0 itr
 mg_nx:           1           3           6
 mg_ny:           1           3           6
 mg_nz:           1           3           6
 call usrsetvert
 done :: usrsetvert

gs_setup: 4713 unique labels shared
   pairwise times (avg, min, max): 0.000114184 9.41992e-05 0.000134706
   crystal router                : 0.000107387 0.000106215 0.000110197
   all reduce                    : 0.000616315 0.000613403 0.000620604
   used all_to_all method: crystal router
   handle bytes (avg, min, max): 9685.94 8572 11284
   buffer bytes (avg, min, max): 972.125 688 1056
   setupds time 2.8441E-02 seconds   1  2        4913        4096
   setvert3d:   4       84881      117649       84881       84881
 call usrsetvert
 done :: usrsetvert

gs_setup: 57673 unique labels shared
   pairwise times (avg, min, max): 0.00011557 9.80854e-05 0.000136209
   crystal router                : 0.000138237 0.00013659 0.000139904
   all reduce                    : 0.00176891 0.00174999 0.00177841
   used all_to_all method: pairwise
   handle bytes (avg, min, max): 6235.12 4076 6788
   buffer bytes (avg, min, max): 4060.88 1984 4640
   setupds time 7.1573E-02 seconds   2  4       84881        4096
   setvert3d:   4       84881      117649       84881       84881
 call usrsetvert
 done :: usrsetvert

gs_setup: 57673 unique labels shared
   pairwise times (avg, min, max): 0.000111515 9.50098e-05 0.000128007
   crystal router                : 0.000132016 0.000131106 0.000133014
   all reduce                    : 0.00171033 0.00170259 0.001721
   used all_to_all method: pairwise
   handle bytes (avg, min, max): 6235.12 4076 6788
   buffer bytes (avg, min, max): 4060.88 1984 4640
   setupds time 5.8667E-02 seconds   3  4       84881        4096
   setvert3d:   6      269297      531441      269297      269297
 call usrsetvert
 done :: usrsetvert

gs_setup: 170025 unique labels shared
   pairwise times (avg, min, max): 0.000120679 9.91106e-05 0.000142598
   crystal router                : 0.000182774 0.000180316 0.00018611
   used all_to_all method: pairwise
   handle bytes (avg, min, max): 14216.1 9356 15380
   buffer bytes (avg, min, max): 8866.88 4512 10016
   setupds time 5.6895E-02 seconds   4  6      269297        4096
 regenerate geometry data           1
 NOTE: All elements deformed , param(59) ^=0
 done :: regenerate geometry data           1
  
 h1_mg_nx:           1           3           6
 h1_mg_ny:           1           3           6
 h1_mg_nz:           1           3           6
 call usrsetvert
 done :: usrsetvert

gs_setup: 4713 unique labels shared
   pairwise times (avg, min, max): 0.000113503 9.51052e-05 0.000132084
   crystal router                : 0.000134136 0.000131488 0.000138903
   all reduce                    : 0.000683219 0.000678301 0.000692606
   used all_to_all method: pairwise
   handle bytes (avg, min, max): 1806.12 1100 2036
   buffer bytes (avg, min, max): 1110.88 480 1312
   setupds time 2.8737E-02 seconds   5  2        4913        4096
   setvert3d:   4       84881      117649       84881       84881
 call usrsetvert
 done :: usrsetvert

gs_setup: 57673 unique labels shared
   pairwise times (avg, min, max): 0.000118801 8.80957e-05 0.000141406
   crystal router                : 0.000148033 0.000144005 0.000153399
   all reduce                    : 0.00171373 0.0016819 0.00172369
   used all_to_all method: pairwise
   handle bytes (avg, min, max): 6235.12 4076 6788
   buffer bytes (avg, min, max): 4060.88 1984 4640
   setupds time 5.7024E-02 seconds   6  4       84881        4096
   setvert3d:   4       84881      117649       84881       84881
 call usrsetvert
 done :: usrsetvert

gs_setup: 57673 unique labels shared
   pairwise times (avg, min, max): 0.000107162 8.9407e-05 0.000122905
   crystal router                : 0.000123716 0.000122094 0.000125194
   all reduce                    : 0.00168033 0.00167258 0.0016911
   used all_to_all method: pairwise
   handle bytes (avg, min, max): 6235.12 4076 6788
   buffer bytes (avg, min, max): 4060.88 1984 4640
   setupds time 3.6736E-02 seconds   7  4       84881        4096
   setvert3d:   6      269297      531441      269297      269297
 call usrsetvert
 done :: usrsetvert

gs_setup: 170025 unique labels shared
   pairwise times (avg, min, max): 0.00011655 0.000100112 0.000132108
   crystal router                : 0.000171914 0.000169086 0.000175905
   used all_to_all method: pairwise
   handle bytes (avg, min, max): 14216.1 9356 15380
   buffer bytes (avg, min, max): 8866.88 4512 10016
   setupds time 5.1394E-02 seconds   8  6      269297        4096
   setvert3d:   7      400673      912673      400673      400673
 call usrsetvert
 done :: usrsetvert

gs_setup: 248473 unique labels shared
   pairwise times (avg, min, max): 0.000119813 9.83953e-05 0.000141501
   crystal router                : 0.000224642 0.00022099 0.000231004
   used all_to_all method: pairwise
   handle bytes (avg, min, max): 19538.6 12860 21116
   buffer bytes (avg, min, max): 11965.9 6160 13472
   setupds time 3.0378E-02 seconds   9  7      400673        4096
   setvert3d:   9      741761     2146689      741761      741761
 call usrsetvert
 done :: usrsetvert

gs_setup: 449913 unique labels shared
   pairwise times (avg, min, max): 0.000148437 0.000121403 0.000172496
   crystal router                : 0.000335336 0.000329494 0.000340319
   used all_to_all method: pairwise
   handle bytes (avg, min, max): 32847.6 21596 35468
   buffer bytes (avg, min, max): 19555.9 10224 21920
   setupds time 4.4190E-02 seconds  10  9      741761        4096
 setup h1 coarse grid, nx_crs=           2
 call usrsetvert
 done :: usrsetvert

gs_setup: 4713 unique labels shared
   pairwise times (avg, min, max): 0.000104393 8.79049e-05 0.000119901
   crystal router                : 9.41444e-05 8.96215e-05 9.57966e-05
   all reduce                    : 0.000611269 0.000606179 0.000620294
   used all_to_all method: crystal router
   handle bytes (avg, min, max): 9685.94 8572 11284
   buffer bytes (avg, min, max): 972.125 688 1056
 done :: setup h1 coarse grid   0.196494817733765       sec
  
 call usrdat3
 done :: usrdat3

 set initial conditions
 nekuic (1) for ifld            1
 call nekuic for vel  
 xyz min     0.0000       0.0000       0.0000    
 uvwpt min   0.0000       0.0000       0.0000       0.0000       0.0000    
 PS min      0.0000       0.0000      0.99000E+22
 xyz max     1.0000       1.0000       1.0000    
 uvwpt max   0.0000       0.0000       0.0000       0.0000       0.0000    
 PS max      0.0000       0.0000     -0.99000E+22
 done :: set initial conditions
  
 call userchk
GFM max:  3.6232E-03  3.6232E-03  3.6232E-03  8.0730E-17  8.0730E-17  8.0730E-17
 
nelt =       4, np =      1024, nx1 =       7, elements =      4096
Solve Time =   0.3237E-09
 
nelt =       4, np =      1024, nx1 =       7, elements =      4096
Solve Time =   0.3057E-09
 
nelt =       4, np =      1024, nx1 =       7, elements =      4096
Solve Time =   0.3039E-09
 
nelt =       4, np =      1024, nx1 =       7, elements =      4096
Solve Time =   0.3058E-09
 
nelt =       4, np =      1024, nx1 =       7, elements =      4096
Solve Time =   0.3047E-09
 
nelt =       4, np =      1024, nx1 =       7, elements =      4096
Solve Time =   0.3056E-09
 
nelt =       4, np =      1024, nx1 =       7, elements =      4096
Solve Time =   0.3057E-09
 
nelt =       4, np =      1024, nx1 =       7, elements =      4096
Solve Time =   0.3037E-09
 
nelt =       4, np =      1024, nx1 =       7, elements =      4096
Solve Time =   0.3044E-09
 
nelt =       4, np =      1024, nx1 =       7, elements =      4096
Solve Time =   0.3039E-09
 
nelt =       4, np =      1024, nx1 =       7, elements =      4096
Solve Time =   0.1633E-09
 
nelt =       4, np =      1024, nx1 =       7, elements =      4096
Solve Time =   0.1640E-09
 
nelt =       4, np =      1024, nx1 =       7, elements =      4096
Solve Time =   0.1617E-09
 
nelt =       4, np =      1024, nx1 =       7, elements =      4096
Solve Time =   0.1620E-09
 
nelt =       4, np =      1024, nx1 =       7, elements =      4096
Solve Time =   0.1586E-09
 
nelt =       4, np =      1024, nx1 =       7, elements =      4096
Solve Time =   0.1610E-09
 
nelt =       4, np =      1024, nx1 =       7, elements =      4096
Solve Time =   0.1578E-09
 
nelt =       4, np =      1024, nx1 =       7, elements =      4096
Solve Time =   0.1640E-09
 
nelt =       4, np =      1024, nx1 =       7, elements =      4096
Solve Time =   0.1630E-09
 
nelt =       4, np =      1024, nx1 =       7, elements =      4096
Solve Time =   0.1609E-09
 
nelt =       4, np =      1024, nx1 =       7, elements =      4096
Solve Time =   0.2699E-09
 
nelt =       4, np =      1024, nx1 =       7, elements =      4096
Solve Time =   0.2680E-09
 
nelt =       4, np =      1024, nx1 =       7, elements =      4096
Solve Time =   0.2654E-09
 
nelt =       4, np =      1024, nx1 =       7, elements =      4096
Solve Time =   0.2663E-09
 
nelt =       4, np =      1024, nx1 =       7, elements =      4096
Solve Time =   0.2681E-09
 
nelt =       4, np =      1024, nx1 =       7, elements =      4096
Solve Time =   0.2672E-09
 
nelt =       4, np =      1024, nx1 =       7, elements =      4096
Solve Time =   0.2637E-09
 
nelt =       4, np =      1024, nx1 =       7, elements =      4096
Solve Time =   0.2675E-09
 
nelt =       4, np =      1024, nx1 =       7, elements =      4096
Solve Time =   0.2697E-09
 
nelt =       4, np =      1024, nx1 =       7, elements =      4096
Solve Time =   0.2663E-09
 
nelt =       4, np =      1024, nx1 =       7, elements =      4096
Solve Time =   0.3224E-09
 
nelt =       4, np =      1024, nx1 =       7, elements =      4096
Solve Time =   0.3179E-09
 
nelt =       4, np =      1024, nx1 =       7, elements =      4096
Solve Time =   0.3192E-09
 
nelt =       4, np =      1024, nx1 =       7, elements =      4096
Solve Time =   0.3199E-09
 
nelt =       4, np =      1024, nx1 =       7, elements =      4096
Solve Time =   0.3201E-09
 
nelt =       4, np =      1024, nx1 =       7, elements =      4096
Solve Time =   0.3189E-09
 
nelt =       4, np =      1024, nx1 =       7, elements =      4096
Solve Time =   0.3207E-09
 
nelt =       4, np =      1024, nx1 =       7, elements =      4096
Solve Time =   0.3172E-09
 
nelt =       4, np =      1024, nx1 =       7, elements =      4096
Solve Time =   0.3168E-09
 
nelt =       4, np =      1024, nx1 =       7, elements =      4096
Solve Time =   0.3187E-09
 
nelt =       4, np =      1024, nx1 =       7, elements =      4096
Solve Time =   0.3845E-09
 
nelt =       4, np =      1024, nx1 =       7, elements =      4096
Solve Time =   0.3747E-09
 
nelt =       4, np =      1024, nx1 =       7, elements =      4096
Solve Time =   0.3748E-09
 
nelt =       4, np =      1024, nx1 =       7, elements =      4096
Solve Time =   0.3754E-09
 
nelt =       4, np =      1024, nx1 =       7, elements =      4096
Solve Time =   0.3771E-09
 
nelt =       4, np =      1024, nx1 =       7, elements =      4096
Solve Time =   0.3755E-09
 
nelt =       4, np =      1024, nx1 =       7, elements =      4096
Solve Time =   0.3721E-09
 
nelt =       4, np =      1024, nx1 =       7, elements =      4096
Solve Time =   0.3712E-09
 
nelt =       4, np =      1024, nx1 =       7, elements =      4096
Solve Time =   0.3723E-09
 
nelt =       4, np =      1024, nx1 =       7, elements =      4096
Solve Time =   0.3754E-09
 schfile:
 /gpfs/theta-fs1/home/thilina/env/lx7/b12.sch                                   
                                                      
ERROR: .sch file already exists. Use IFSCHCLOB=F todisable this check BUT BEWARE!!!!!!  ierr=  1 
  
call exitt: dying ...
  
backtrace(): obtained 9 stack frames.
./nek5000() [0x773f35]
./nek5000() [0x956d79]
./nek5000() [0x50d4ae]
./nek5000() [0x409430]
./nek5000() [0x426026]
./nek5000() [0x4245de]
./nek5000() [0x4054fe]
/lib64/libc.so.6(__libc_start_main+0xf5) [0x2aaab1ca3b25]
./nek5000() [0x405409]
  
total elapsed time             :   6.60234E+01 sec
total solver time incl. I/O    :   0.00000E+00 sec
time/timestep                  :   0.00000E+00 sec
CPU seconds/timestep/gridpt    :   0.00000E+00 sec

Application 2257951 resources: utime ~66014s, stime ~363s, Rss ~28688, inblocks ~0, outblocks ~0
