/----------------------------------------------------------\\
|      _   __ ______ __ __  ______  ____   ____   ____     |
|     / | / // ____// //_/ / ____/ / __ \\/ __ \\/ __ \\   |
|    /  |/ // __/  / ,<   /___ \\ / / / // / / // / / /    |
|   / /|  // /___ / /| | ____/ / / /_/ // /_/ // /_/ /     |
|  /_/ |_//_____//_/ |_|/_____/  \\___/ \\___/ \\___/      |
|                                                          |
|----------------------------------------------------------|
|                                                          |
| NEK5000:  Open Source Spectral Element Solver            |
| COPYRIGHT (c) 2008-2016 UCHICAGO ARGONNE, LLC            |
| Version:  16.0.0                                         |
| Web:      http://nek5000.mcs.anl.gov                     |
|                                                          |
\\----------------------------------------------------------/
                                                              

 Number of processors:           1
 REAL    wdsize      :           8
 INTEGER wdsize      :           4
 Timer accuracy      : 4.05E-07
 Reading /gpfs/theta-fs1/home/thilina/env/lx20/b2.rea                                                                                        

 mapping elements to processors
 Reading /gpfs/theta-fs1/home/thilina/env/lx20/b2.map                                                                                        
           0           4           4           4           4  NELV
 RANK     0 IEG       1       2       3       4
 element load imbalance:            0           4           4
 done :: mapping elements to processors
  
           0  objects found
 118   Parameters from file:
   1      1.00000     p001 DENSITY
   2     -100.000     p002 VISCOS
   7      1.00000     p007 RHOCP
   8      1.00000     p008 CONDUCT
  11      1.00        p011 NSTEPS
  12    -0.500000E-02 p012 DT
  21     0.100000E-05 p021 DIVERGENCE
  22     0.100000E-07 p022 HELMHOLTZ
  24     0.100000E-09 p024 TOLREL
  25     0.100000E-09 p025 TOLABS
  26     0.250000     p026 COURANT/NTAU
  27      2.00000     p027 TORDER
  66      6.00000     p066 output : <0=ascii, else binary
  67      6.00000     p067 restart: <0=ascii, else binary
  99      3.00000     p099 dealiasing: <0--> off/3--> old/4--> new
 103     0.500000E-01 p103 weight of stabilizing filter (.01)
  
 nelgt/nelgv/lelt:           4           4         100
 lx1  /lx2  /lx3 :          20          20          20
 done :: read .rea file   0.26492E-01 sec

 setup mesh topology
   Right-handed check complete for       4 elements. OK.
   setvert3d:  20        7092       30420        7092        7092
 call usrsetvert
 done :: usrsetvert

gs_setup: 0 unique labels shared
   handle bytes (avg, min, max): 37476 37476 37476
   buffer bytes (avg, min, max): 0 0 0
   setupds time 7.4029E-03 seconds   0 20        7092           4
           4  max multiplicity
 done :: setup mesh topology
  
 call usrdat
 done :: usrdat

 generate geometry data
 done :: generate geometry data
  
 call usrdat2
 done :: usrdat2

 regenerate geometry data           1
 NOTE: All elements deformed , param(59) ^=0
 done :: regenerate geometry data           1
  
 verify mesh topology
  0.000000000000000E+000   1.00000000000000       Xrange
  0.000000000000000E+000   1.00000000000000       Yrange
  0.000000000000000E+000   1.00000000000000       Zrange
 done :: verify mesh topology
  
 IFTRAN   = T
 IFFLOW   = T
 IFHEAT   = F
 IFSPLIT  = T
 IFLOMACH = F
 IFUSERVP = F
 IFUSERMV = F
 IFSTRS   = F
 IFCHAR   = F
 IFCYCLIC = F
 IFAXIS   = F
 IFMVBD   = F
 IFMELT   = F
 IFMODEL  = F
 IFKEPS   = F
 IFMOAB   = F
 IFNEKNEK = F
 IFSYNC   = T
   
 IFVCOR   = T
 IFINTQ   = F
 IFCWUZ   = F
 IFSWALL  = F
 IFGEOM   = F
 IFSURT   = F
 IFWCNO   = F
   
 IFTMSH for field           1    =  F
 IFADVC for field           1    =  T
 IFNONL for field           1    =  F
   
 Dealiasing enabled, lxd=          30
  
 Estimated eigenvalues
 EIGAA =    9.86960440108936     
 EIGGA =    470241.559376364     
 EIGAE =    9.86960440108936     
 EIGAS =   8.333333333333333E-002
 EIGGE =    470241.559376364     
 EIGGS =    2.00000000000000     
  
 verify mesh topology
  0.000000000000000E+000   1.00000000000000       Xrange
  0.000000000000000E+000   1.00000000000000       Yrange
  0.000000000000000E+000   1.00000000000000       Zrange
 done :: verify mesh topology
  
  E-solver strategy:  0 itr
 mg_nx:           1          11          19
 mg_ny:           1          11          19
 mg_nz:           1          11          19
 call usrsetvert
 done :: usrsetvert

gs_setup: 0 unique labels shared
   handle bytes (avg, min, max): 468 468 468
   buffer bytes (avg, min, max): 0 0 0
   setupds time 5.2691E-04 seconds   1  2          18           4
   setvert3d:   4         164         196         164         164
 call usrsetvert
 done :: usrsetvert

gs_setup: 0 unique labels shared
   handle bytes (avg, min, max): 1508 1508 1508
   buffer bytes (avg, min, max): 0 0 0
   setupds time 8.5115E-04 seconds   2  4         164           4
   setvert3d:  12        2348        6348        2348        2348
 call usrsetvert
 done :: usrsetvert

gs_setup: 0 unique labels shared
   handle bytes (avg, min, max): 13348 13348 13348
   buffer bytes (avg, min, max): 0 0 0
   setupds time 2.3651E-03 seconds   3 12        2348           4
   setvert3d:  14        3294       10206        3294        3294
 call usrsetvert
 done :: usrsetvert

gs_setup: 0 unique labels shared
   handle bytes (avg, min, max): 18228 18228 18228
   buffer bytes (avg, min, max): 0 0 0
   setupds time 3.1350E-03 seconds   4 14        3294           4
 regenerate geometry data           1
 NOTE: All elements deformed , param(59) ^=0
 done :: regenerate geometry data           1
  
 h1_mg_nx:           1           3          19
 h1_mg_ny:           1           3          19
 h1_mg_nz:           1           3          19
 call usrsetvert
 done :: usrsetvert

gs_setup: 0 unique labels shared
   handle bytes (avg, min, max): 468 468 468
   buffer bytes (avg, min, max): 0 0 0
   setupds time 7.4100E-04 seconds   5  2          18           4
   setvert3d:   4         164         196         164         164
 call usrsetvert
 done :: usrsetvert

gs_setup: 0 unique labels shared
   handle bytes (avg, min, max): 1508 1508 1508
   buffer bytes (avg, min, max): 0 0 0
   setupds time 9.8491E-04 seconds   6  4         164           4
   setvert3d:   4         164         196         164         164
 call usrsetvert
 done :: usrsetvert

gs_setup: 0 unique labels shared
   handle bytes (avg, min, max): 1508 1508 1508
   buffer bytes (avg, min, max): 0 0 0
   setupds time 7.1096E-04 seconds   7  4         164           4
   setvert3d:   6         470         726         470         470
 call usrsetvert
 done :: usrsetvert

gs_setup: 0 unique labels shared
   handle bytes (avg, min, max): 3316 3316 3316
   buffer bytes (avg, min, max): 0 0 0
   setupds time 8.8501E-04 seconds   8  6         470           4
   setvert3d:  20        7092       30420        7092        7092
 call usrsetvert
 done :: usrsetvert

gs_setup: 0 unique labels shared
   handle bytes (avg, min, max): 37476 37476 37476
   buffer bytes (avg, min, max): 0 0 0
   setupds time 6.8190E-03 seconds   9 20        7092           4
   setvert3d:  22        8678       40678        8678        8678
 call usrsetvert
 done :: usrsetvert

gs_setup: 0 unique labels shared
   handle bytes (avg, min, max): 45428 45428 45428
   buffer bytes (avg, min, max): 0 0 0
   setupds time 8.3811E-03 seconds  10 22        8678           4
 setup h1 coarse grid, nx_crs=           2
 call usrsetvert
 done :: usrsetvert

gs_setup: 0 unique labels shared
   handle bytes (avg, min, max): 468 468 468
   buffer bytes (avg, min, max): 0 0 0
 done :: setup h1 coarse grid   2.144694328308105E-002  sec
  
 call usrdat3
 done :: usrdat3

 set initial conditions
 nekuic (1) for ifld            1
 call nekuic for vel  
 xyz min     0.0000       0.0000       0.0000    
 uvwpt min   0.0000       0.0000       0.0000       0.0000       0.0000    
 PS min      0.0000       0.0000      0.99000E+22
 xyz max     1.0000       1.0000       1.0000    
 uvwpt max   0.0000       0.0000       0.0000       0.0000       0.0000    
 PS max      0.0000       0.0000     -0.99000E+22
 done :: set initial conditions
  
 call userchk
GFM max:  5.1917E-04  2.0767E-03  2.0767E-03  2.7939E-17  2.7939E-17  7.1096E-17
 
nelt =       4, np =         1, nx1 =      20, elements =         4
Solve Time =   0.6827E-07
 
nelt =       4, np =         1, nx1 =      20, elements =         4
Solve Time =   0.6806E-07
 
nelt =       4, np =         1, nx1 =      20, elements =         4
Solve Time =   0.6808E-07
 
nelt =       4, np =         1, nx1 =      20, elements =         4
Solve Time =   0.6800E-07
 
nelt =       4, np =         1, nx1 =      20, elements =         4
Solve Time =   0.6808E-07
 
nelt =       4, np =         1, nx1 =      20, elements =         4
Solve Time =   0.6819E-07
 
nelt =       4, np =         1, nx1 =      20, elements =         4
Solve Time =   0.6803E-07
 
nelt =       4, np =         1, nx1 =      20, elements =         4
Solve Time =   0.6805E-07
 
nelt =       4, np =         1, nx1 =      20, elements =         4
Solve Time =   0.6806E-07
 
nelt =       4, np =         1, nx1 =      20, elements =         4
Solve Time =   0.6804E-07
 
nelt =       4, np =         1, nx1 =      20, elements =         4
Solve Time =   0.6697E-07
 
nelt =       4, np =         1, nx1 =      20, elements =         4
Solve Time =   0.6694E-07
 
nelt =       4, np =         1, nx1 =      20, elements =         4
Solve Time =   0.6695E-07
 
nelt =       4, np =         1, nx1 =      20, elements =         4
Solve Time =   0.6704E-07
 
nelt =       4, np =         1, nx1 =      20, elements =         4
Solve Time =   0.6691E-07
 
nelt =       4, np =         1, nx1 =      20, elements =         4
Solve Time =   0.6697E-07
 
nelt =       4, np =         1, nx1 =      20, elements =         4
Solve Time =   0.6702E-07
 
nelt =       4, np =         1, nx1 =      20, elements =         4
Solve Time =   0.6695E-07
 
nelt =       4, np =         1, nx1 =      20, elements =         4
Solve Time =   0.6696E-07
 
nelt =       4, np =         1, nx1 =      20, elements =         4
Solve Time =   0.6699E-07
 
nelt =       4, np =         1, nx1 =      20, elements =         4
Solve Time =   0.6820E-07
 
nelt =       4, np =         1, nx1 =      20, elements =         4
Solve Time =   0.9043E-07
 
nelt =       4, np =         1, nx1 =      20, elements =         4
Solve Time =   0.9025E-07
 
nelt =       4, np =         1, nx1 =      20, elements =         4
Solve Time =   0.9048E-07
 
nelt =       4, np =         1, nx1 =      20, elements =         4
Solve Time =   0.9112E-07
 
nelt =       4, np =         1, nx1 =      20, elements =         4
Solve Time =   0.9043E-07
 
nelt =       4, np =         1, nx1 =      20, elements =         4
Solve Time =   0.9020E-07
 
nelt =       4, np =         1, nx1 =      20, elements =         4
Solve Time =   0.9154E-07
 
nelt =       4, np =         1, nx1 =      20, elements =         4
Solve Time =   0.9075E-07
 
nelt =       4, np =         1, nx1 =      20, elements =         4
Solve Time =   0.9070E-07
 
nelt =       4, np =         1, nx1 =      20, elements =         4
Solve Time =   0.9113E-07
 
nelt =       4, np =         1, nx1 =      20, elements =         4
Solve Time =   0.9087E-07
 
nelt =       4, np =         1, nx1 =      20, elements =         4
Solve Time =   0.9083E-07
 
nelt =       4, np =         1, nx1 =      20, elements =         4
Solve Time =   0.9152E-07
 
nelt =       4, np =         1, nx1 =      20, elements =         4
Solve Time =   0.9053E-07
 
nelt =       4, np =         1, nx1 =      20, elements =         4
Solve Time =   0.9090E-07
 
nelt =       4, np =         1, nx1 =      20, elements =         4
Solve Time =   0.9077E-07
 
nelt =       4, np =         1, nx1 =      20, elements =         4
Solve Time =   0.9445E-07
 
nelt =       4, np =         1, nx1 =      20, elements =         4
Solve Time =   0.9150E-07
 
nelt =       4, np =         1, nx1 =      20, elements =         4
Solve Time =   0.9119E-07
 
nelt =       4, np =         1, nx1 =      20, elements =         4
Solve Time =   0.9229E-07
 
nelt =       4, np =         1, nx1 =      20, elements =         4
Solve Time =   0.9122E-07
 
nelt =       4, np =         1, nx1 =      20, elements =         4
Solve Time =   0.9108E-07
 
nelt =       4, np =         1, nx1 =      20, elements =         4
Solve Time =   0.9123E-07
 
nelt =       4, np =         1, nx1 =      20, elements =         4
Solve Time =   0.9192E-07
 
nelt =       4, np =         1, nx1 =      20, elements =         4
Solve Time =   0.9102E-07
 
nelt =       4, np =         1, nx1 =      20, elements =         4
Solve Time =   0.9104E-07
 
nelt =       4, np =         1, nx1 =      20, elements =         4
Solve Time =   0.9293E-07
 
nelt =       4, np =         1, nx1 =      20, elements =         4
Solve Time =   0.9825E-07
 
nelt =       4, np =         1, nx1 =      20, elements =         4
Solve Time =   0.9661E-07
 schfile:
 /gpfs/theta-fs1/home/thilina/env/lx20/b2.sch                                   
                                                      
 20        4  1.0000E+00  1.0000E+00  1.0000E+00  error v
 
nelt =       4, np =         1, nx1 =      20, elements =         4
Solve Time =   0.7226E-07
 
nelt =       4, np =         1, nx1 =      20, elements =         4
Solve Time =   0.7230E-07
 
nelt =       4, np =         1, nx1 =      20, elements =         4
Solve Time =   0.7223E-07
 
nelt =       4, np =         1, nx1 =      20, elements =         4
Solve Time =   0.7231E-07
 
nelt =       4, np =         1, nx1 =      20, elements =         4
Solve Time =   0.7239E-07
 
nelt =       4, np =         1, nx1 =      20, elements =         4
Solve Time =   0.7227E-07
 
nelt =       4, np =         1, nx1 =      20, elements =         4
Solve Time =   0.7227E-07
 
nelt =       4, np =         1, nx1 =      20, elements =         4
Solve Time =   0.7231E-07
 
nelt =       4, np =         1, nx1 =      20, elements =         4
Solve Time =   0.7226E-07
 
nelt =       4, np =         1, nx1 =      20, elements =         4
Solve Time =   0.7228E-07
 20        4  1.4998E-05  1.4998E-05  1.4998E-05  error s
 
nelt =       4, np =         1, nx1 =      20, elements =         4
Solve Time =   0.7754E-07
 
nelt =       4, np =         1, nx1 =      20, elements =         4
Solve Time =   0.7756E-07
 
nelt =       4, np =         1, nx1 =      20, elements =         4
Solve Time =   0.7750E-07
 
nelt =       4, np =         1, nx1 =      20, elements =         4
Solve Time =   0.7763E-07
 
nelt =       4, np =         1, nx1 =      20, elements =         4
Solve Time =   0.7756E-07
 
nelt =       4, np =         1, nx1 =      20, elements =         4
Solve Time =   0.7758E-07
 
nelt =       4, np =         1, nx1 =      20, elements =         4
Solve Time =   0.7749E-07
 
nelt =       4, np =         1, nx1 =      20, elements =         4
Solve Time =   0.7751E-07
 
nelt =       4, np =         1, nx1 =      20, elements =         4
Solve Time =   0.7756E-07
 
nelt =       4, np =         1, nx1 =      20, elements =         4
Solve Time =   0.7756E-07
 20        4  1.5013E-05  1.5013E-05  1.5013E-05  error n
  19        4  100  0.0000E+00  0.0000E+00  0.0000E+00 time for 3 hmholtz
EXIT: quit after cggov         19
  
call exitt: dying ...
  
backtrace(): obtained 8 stack frames.
./nek5000() [0x786615]
./nek5000() [0x96a339]
./nek5000() [0x40e12c]
./nek5000() [0x426c46]
./nek5000() [0x4251fe]
./nek5000() [0x4054fe]
/lib64/libc.so.6(__libc_start_main+0xf5) [0x2aaab1ca3b25]
./nek5000() [0x405409]
  
total elapsed time             :   3.43257E+01 sec
total solver time incl. I/O    :   0.00000E+00 sec
time/timestep                  :   0.00000E+00 sec
CPU seconds/timestep/gridpt    :   0.00000E+00 sec

Application 2260250 resources: utime ~29s, stime ~4s, Rss ~108068, inblocks ~0, outblocks ~0
