/----------------------------------------------------------\\
|      _   __ ______ __ __  ______  ____   ____   ____     |
|     / | / // ____// //_/ / ____/ / __ \\/ __ \\/ __ \\   |
|    /  |/ // __/  / ,<   /___ \\ / / / // / / // / / /    |
|   / /|  // /___ / /| | ____/ / / /_/ // /_/ // /_/ /     |
|  /_/ |_//_____//_/ |_|/_____/  \\___/ \\___/ \\___/      |
|                                                          |
|----------------------------------------------------------|
|                                                          |
| NEK5000:  Open Source Spectral Element Solver            |
| COPYRIGHT (c) 2008-2016 UCHICAGO ARGONNE, LLC            |
| Version:  16.0.0                                         |
| Web:      http://nek5000.mcs.anl.gov                     |
|                                                          |
\\----------------------------------------------------------/
                                                              

 Number of processors:           8
 REAL    wdsize      :           8
 INTEGER wdsize      :           4
 Timer accuracy      : 5.01E-07
 Reading /gpfs/theta-fs1/home/thilina/env/lx20/b6.rea                                                                                        

 mapping elements to processors
 Reading /gpfs/theta-fs1/home/thilina/env/lx20/b6.map                                                                                        
           0           8           8          64          64  NELV
           4           8           8          64          64  NELV
           5           8           8          64          64  NELV
           2           8           8          64          64  NELV
           7           8           8          64          64  NELV
           6           8           8          64          64  NELV
           3           8           8          64          64  NELV
           1           8           8          64          64  NELV
 RANK     0 IEG      33      34      37      38      49      50      53      54
 element load imbalance:            0           8           8
 done :: mapping elements to processors
  
           0  objects found
 118   Parameters from file:
   1      1.00000     p001 DENSITY
   2     -100.000     p002 VISCOS
   7      1.00000     p007 RHOCP
   8      1.00000     p008 CONDUCT
  11      1.00        p011 NSTEPS
  12    -0.500000E-02 p012 DT
  21     0.100000E-05 p021 DIVERGENCE
  22     0.100000E-07 p022 HELMHOLTZ
  24     0.100000E-09 p024 TOLREL
  25     0.100000E-09 p025 TOLABS
  26     0.250000     p026 COURANT/NTAU
  27      2.00000     p027 TORDER
  66      6.00000     p066 output : <0=ascii, else binary
  67      6.00000     p067 restart: <0=ascii, else binary
  99      3.00000     p099 dealiasing: <0--> off/3--> old/4--> new
 103     0.500000E-01 p103 weight of stabilizing filter (.01)
  
 nelgt/nelgv/lelt:          64          64         100
 lx1  /lx2  /lx3 :          20          20          20
 done :: read .rea file   0.36303E-01 sec

 setup mesh topology
   Right-handed check complete for      64 elements. OK.
   setvert3d:  20       83285      456533       83285       83285
 call usrsetvert
 done :: usrsetvert

gs_setup: 17557 unique labels shared
   pairwise times (avg, min, max): 5.10663e-05 4.99964e-05 5.32866e-05
   crystal router                : 0.000153428 0.000152802 0.000154209
   all reduce                    : 0.000372326 0.000371003 0.000375009
   used all_to_all method: pairwise
   handle bytes (avg, min, max): 217564 217564 217564
   buffer bytes (avg, min, max): 74896 74896 74896
   setupds time 7.1068E-02 seconds   0 20       83285          64
           8  max multiplicity
 done :: setup mesh topology
  
 call usrdat
 done :: usrdat

 generate geometry data
 done :: generate geometry data
  
 call usrdat2
 done :: usrdat2

 regenerate geometry data           1
 NOTE: All elements deformed , param(59) ^=0
 done :: regenerate geometry data           1
  
 verify mesh topology
  0.000000000000000E+000   1.00000000000000       Xrange
  0.000000000000000E+000   1.00000000000000       Yrange
  0.000000000000000E+000   1.00000000000000       Zrange
 done :: verify mesh topology
  
 IFTRAN   = T
 IFFLOW   = T
 IFHEAT   = F
 IFSPLIT  = T
 IFLOMACH = F
 IFUSERVP = F
 IFUSERMV = F
 IFSTRS   = F
 IFCHAR   = F
 IFCYCLIC = F
 IFAXIS   = F
 IFMVBD   = F
 IFMELT   = F
 IFMODEL  = F
 IFKEPS   = F
 IFMOAB   = F
 IFNEKNEK = F
 IFSYNC   = T
   
 IFVCOR   = T
 IFINTQ   = F
 IFCWUZ   = F
 IFSWALL  = F
 IFGEOM   = F
 IFSURT   = F
 IFWCNO   = F
   
 IFTMSH for field           1    =  F
 IFADVC for field           1    =  T
 IFNONL for field           1    =  F
   
 Dealiasing enabled, lxd=          30
  
 Estimated eigenvalues
 EIGAA =    9.86960440108936     
 EIGGA =    2820978.63393611     
 EIGAE =    9.86960440108936     
 EIGAS =   8.333333333333333E-002
 EIGGE =    2820978.63393611     
 EIGGS =    2.00000000000000     
  
 verify mesh topology
  0.000000000000000E+000   1.00000000000000       Xrange
  0.000000000000000E+000   1.00000000000000       Yrange
  0.000000000000000E+000   1.00000000000000       Zrange
 done :: verify mesh topology
  
  E-solver strategy:  0 itr
 mg_nx:           1          11          19
 mg_ny:           1          11          19
 mg_nz:           1          11          19
 call usrsetvert
 done :: usrsetvert

gs_setup: 61 unique labels shared
   pairwise times (avg, min, max): 1.28746e-05 1.27077e-05 1.31845e-05
   crystal router                : 6.31511e-06 6.19888e-06 6.41346e-06
   all reduce                    : 3.00169e-05 2.99215e-05 3.01123e-05
   used all_to_all method: crystal router
   handle bytes (avg, min, max): 4092 4092 4092
   buffer bytes (avg, min, max): 704 704 704
   setupds time 3.0041E-03 seconds   1  2         125          64
   setvert3d:   4        1685        2197        1685        1685
 call usrsetvert
 done :: usrsetvert

gs_setup: 469 unique labels shared
   pairwise times (avg, min, max): 3.17365e-05 3.11852e-05 3.31879e-05
   crystal router                : 1.86592e-05 1.8096e-05 1.94073e-05
   all reduce                    : 6.70224e-05 6.68049e-05 6.71148e-05
   used all_to_all method: crystal router
   handle bytes (avg, min, max): 22044 22044 22044
   buffer bytes (avg, min, max): 4352 4352 4352
   setupds time 6.6841E-03 seconds   2  4        1685          64
   setvert3d:  12       27125       91125       27125       27125
 call usrsetvert
 done :: usrsetvert

gs_setup: 5941 unique labels shared
   pairwise times (avg, min, max): 1.75029e-05 1.72138e-05 1.80006e-05
   crystal router                : 6.14047e-05 6.08206e-05 6.17027e-05
   all reduce                    : 0.000131297 0.000130796 0.000131607
   used all_to_all method: pairwise
   handle bytes (avg, min, max): 75484 75484 75484
   buffer bytes (avg, min, max): 26512 26512 26512
   setupds time 2.2791E-02 seconds   3 12       27125          64
   setvert3d:  14       38285      148877       38285       38285
 call usrsetvert
 done :: usrsetvert

gs_setup: 8269 unique labels shared
   pairwise times (avg, min, max): 1.94669e-05 1.9002e-05 1.9908e-05
   crystal router                : 6.73264e-05 6.71864e-05 6.75917e-05
   all reduce                    : 0.000188774 0.000188303 0.000189805
   used all_to_all method: pairwise
   handle bytes (avg, min, max): 104092 104092 104092
   buffer bytes (avg, min, max): 36304 36304 36304
   setupds time 2.9451E-02 seconds   4 14       38285          64
 regenerate geometry data           1
 NOTE: All elements deformed , param(59) ^=0
 done :: regenerate geometry data           1
  
 h1_mg_nx:           1           3          19
 h1_mg_ny:           1           3          19
 h1_mg_nz:           1           3          19
 call usrsetvert
 done :: usrsetvert

gs_setup: 61 unique labels shared
   pairwise times (avg, min, max): 1.74195e-05 1.70946e-05 1.85013e-05
   crystal router                : 6.41346e-06 6.29425e-06 6.48499e-06
   all reduce                    : 3.04759e-05 3.0303e-05 3.06129e-05
   used all_to_all method: crystal router
   handle bytes (avg, min, max): 4092 4092 4092
   buffer bytes (avg, min, max): 704 704 704
   setupds time 3.1300E-03 seconds   5  2         125          64
   setvert3d:   4        1685        2197        1685        1685
 call usrsetvert
 done :: usrsetvert

gs_setup: 469 unique labels shared
   pairwise times (avg, min, max): 1.31905e-05 1.30892e-05 1.34945e-05
   crystal router                : 9.01222e-06 8.89301e-06 9.08375e-06
   all reduce                    : 5.54889e-05 5.52893e-05 5.58138e-05
   used all_to_all method: crystal router
   handle bytes (avg, min, max): 22044 22044 22044
   buffer bytes (avg, min, max): 4352 4352 4352
   setupds time 5.4059E-03 seconds   6  4        1685          64
   setvert3d:   4        1685        2197        1685        1685
 call usrsetvert
 done :: usrsetvert

gs_setup: 469 unique labels shared
   pairwise times (avg, min, max): 1.21385e-05 1.18971e-05 1.24931e-05
   crystal router                : 9.72748e-06 9.5129e-06 9.89437e-06
   all reduce                    : 5.46902e-05 5.45025e-05 5.49078e-05
   used all_to_all method: crystal router
   handle bytes (avg, min, max): 22044 22044 22044
   buffer bytes (avg, min, max): 4352 4352 4352
   setupds time 4.9472E-03 seconds   7  4        1685          64
   setvert3d:   6        5165        9261        5165        5165
 call usrsetvert
 done :: usrsetvert

gs_setup: 1261 unique labels shared
   pairwise times (avg, min, max): 1.27882e-05 1.25885e-05 1.30892e-05
   crystal router                : 1.36524e-05 1.34945e-05 1.38044e-05
   all reduce                    : 5.19276e-05 5.1713e-05 5.22137e-05
   used all_to_all method: pairwise
   handle bytes (avg, min, max): 17308 17308 17308
   buffer bytes (avg, min, max): 6352 6352 6352
   setupds time 7.2868E-03 seconds   8  6        5165          64
   setvert3d:  20       83285      456533       83285       83285
 call usrsetvert
 done :: usrsetvert

gs_setup: 17557 unique labels shared
   pairwise times (avg, min, max): 3.59029e-05 3.54052e-05 3.65973e-05
   crystal router                : 0.0001288 0.000128102 0.000129795
   all reduce                    : 0.000351247 0.000350094 0.000353694
   used all_to_all method: pairwise
   handle bytes (avg, min, max): 217564 217564 217564
   buffer bytes (avg, min, max): 74896 74896 74896
   setupds time 6.4904E-02 seconds   9 20       83285          64
   setvert3d:  22      102125      614125      102125      102125
 call usrsetvert
 done :: usrsetvert

gs_setup: 21421 unique labels shared
   pairwise times (avg, min, max): 3.75181e-05 3.6788e-05 3.87192e-05
   crystal router                : 0.00016675 0.000165391 0.000167608
   all reduce                    : 0.000425991 0.0004246 0.000429201
   used all_to_all method: pairwise
   handle bytes (avg, min, max): 264604 264604 264604
   buffer bytes (avg, min, max): 90832 90832 90832
   setupds time 8.0794E-02 seconds  10 22      102125          64
 setup h1 coarse grid, nx_crs=           2
 call usrsetvert
 done :: usrsetvert

gs_setup: 61 unique labels shared
   pairwise times (avg, min, max): 1.60873e-05 1.59025e-05 1.64032e-05
   crystal router                : 6.38962e-06 6.31809e-06 6.50883e-06
   all reduce                    : 2.57015e-05 2.55108e-05 2.57969e-05
   used all_to_all method: crystal router
   handle bytes (avg, min, max): 4092 4092 4092
   buffer bytes (avg, min, max): 704 704 704
 done :: setup h1 coarse grid   5.392694473266602E-002  sec
  
 call usrdat3
 done :: usrdat3

 set initial conditions
 nekuic (1) for ifld            1
 call nekuic for vel  
 xyz min     0.0000       0.0000       0.0000    
 uvwpt min   0.0000       0.0000       0.0000       0.0000       0.0000    
 PS min      0.0000       0.0000      0.99000E+22
 xyz max     1.0000       1.0000       1.0000    
 uvwpt max   0.0000       0.0000       0.0000       0.0000       0.0000    
 PS max      0.0000       0.0000     -0.99000E+22
 done :: set initial conditions
  
 call userchk
GFM max:  5.1917E-04  5.1917E-04  5.1917E-04  4.2892E-17  4.4911E-17  4.3740E-17
 
nelt =       8, np =         8, nx1 =      20, elements =        64
Solve Time =   0.1092E-07
 
nelt =       8, np =         8, nx1 =      20, elements =        64
Solve Time =   0.1089E-07
 
nelt =       8, np =         8, nx1 =      20, elements =        64
Solve Time =   0.1089E-07
 
nelt =       8, np =         8, nx1 =      20, elements =        64
Solve Time =   0.1088E-07
 
nelt =       8, np =         8, nx1 =      20, elements =        64
Solve Time =   0.1089E-07
 
nelt =       8, np =         8, nx1 =      20, elements =        64
Solve Time =   0.1088E-07
 
nelt =       8, np =         8, nx1 =      20, elements =        64
Solve Time =   0.1088E-07
 
nelt =       8, np =         8, nx1 =      20, elements =        64
Solve Time =   0.1089E-07
 
nelt =       8, np =         8, nx1 =      20, elements =        64
Solve Time =   0.1088E-07
 
nelt =       8, np =         8, nx1 =      20, elements =        64
Solve Time =   0.1089E-07
 
nelt =       8, np =         8, nx1 =      20, elements =        64
Solve Time =   0.1016E-07
 
nelt =       8, np =         8, nx1 =      20, elements =        64
Solve Time =   0.1016E-07
 
nelt =       8, np =         8, nx1 =      20, elements =        64
Solve Time =   0.1015E-07
 
nelt =       8, np =         8, nx1 =      20, elements =        64
Solve Time =   0.1015E-07
 
nelt =       8, np =         8, nx1 =      20, elements =        64
Solve Time =   0.1016E-07
 
nelt =       8, np =         8, nx1 =      20, elements =        64
Solve Time =   0.1015E-07
 
nelt =       8, np =         8, nx1 =      20, elements =        64
Solve Time =   0.1015E-07
 
nelt =       8, np =         8, nx1 =      20, elements =        64
Solve Time =   0.1015E-07
 
nelt =       8, np =         8, nx1 =      20, elements =        64
Solve Time =   0.1016E-07
 
nelt =       8, np =         8, nx1 =      20, elements =        64
Solve Time =   0.1015E-07
 
nelt =       8, np =         8, nx1 =      20, elements =        64
Solve Time =   0.1041E-07
 
nelt =       8, np =         8, nx1 =      20, elements =        64
Solve Time =   0.1041E-07
 
nelt =       8, np =         8, nx1 =      20, elements =        64
Solve Time =   0.1041E-07
 
nelt =       8, np =         8, nx1 =      20, elements =        64
Solve Time =   0.1041E-07
 
nelt =       8, np =         8, nx1 =      20, elements =        64
Solve Time =   0.1041E-07
 
nelt =       8, np =         8, nx1 =      20, elements =        64
Solve Time =   0.1041E-07
 
nelt =       8, np =         8, nx1 =      20, elements =        64
Solve Time =   0.1041E-07
 
nelt =       8, np =         8, nx1 =      20, elements =        64
Solve Time =   0.1042E-07
 
nelt =       8, np =         8, nx1 =      20, elements =        64
Solve Time =   0.1042E-07
 
nelt =       8, np =         8, nx1 =      20, elements =        64
Solve Time =   0.1041E-07
 
nelt =       8, np =         8, nx1 =      20, elements =        64
Solve Time =   0.1066E-07
 
nelt =       8, np =         8, nx1 =      20, elements =        64
Solve Time =   0.1066E-07
 
nelt =       8, np =         8, nx1 =      20, elements =        64
Solve Time =   0.1066E-07
 
nelt =       8, np =         8, nx1 =      20, elements =        64
Solve Time =   0.1066E-07
 
nelt =       8, np =         8, nx1 =      20, elements =        64
Solve Time =   0.1066E-07
 
nelt =       8, np =         8, nx1 =      20, elements =        64
Solve Time =   0.1066E-07
 
nelt =       8, np =         8, nx1 =      20, elements =        64
Solve Time =   0.1066E-07
 
nelt =       8, np =         8, nx1 =      20, elements =        64
Solve Time =   0.1066E-07
 
nelt =       8, np =         8, nx1 =      20, elements =        64
Solve Time =   0.1066E-07
 
nelt =       8, np =         8, nx1 =      20, elements =        64
Solve Time =   0.1066E-07
 
nelt =       8, np =         8, nx1 =      20, elements =        64
Solve Time =   0.1091E-07
 
nelt =       8, np =         8, nx1 =      20, elements =        64
Solve Time =   0.1091E-07
 
nelt =       8, np =         8, nx1 =      20, elements =        64
Solve Time =   0.1091E-07
 
nelt =       8, np =         8, nx1 =      20, elements =        64
Solve Time =   0.1092E-07
 
nelt =       8, np =         8, nx1 =      20, elements =        64
Solve Time =   0.1091E-07
 
nelt =       8, np =         8, nx1 =      20, elements =        64
Solve Time =   0.1092E-07
 
nelt =       8, np =         8, nx1 =      20, elements =        64
Solve Time =   0.1092E-07
 
nelt =       8, np =         8, nx1 =      20, elements =        64
Solve Time =   0.1091E-07
 
nelt =       8, np =         8, nx1 =      20, elements =        64
Solve Time =   0.1091E-07
 
nelt =       8, np =         8, nx1 =      20, elements =        64
Solve Time =   0.1091E-07
 schfile:
 /gpfs/theta-fs1/home/thilina/env/lx20/b6.sch                                   
                                                      
 20       64  1.0000E+00  1.0000E+00  1.0000E+00  error v
 20       64  1.0000E+00  1.0000E+00  1.0000E+00  error v
 20       64  1.0000E+00  1.0000E+00  1.0000E+00  error v
 20       64  1.0000E+00  1.0000E+00  1.0000E+00  error v
 20       64  1.0000E+00  1.0000E+00  1.0000E+00  error v
 20       64  1.0000E+00  1.0000E+00  1.0000E+00  error v
 20       64  1.0000E+00  1.0000E+00  1.0000E+00  error v
 20       64  1.0000E+00  1.0000E+00  1.0000E+00  error v
 
nelt =       8, np =         8, nx1 =      20, elements =        64
Solve Time =   0.1139E-07
 
nelt =       8, np =         8, nx1 =      20, elements =        64
Solve Time =   0.1138E-07
 
nelt =       8, np =         8, nx1 =      20, elements =        64
Solve Time =   0.1138E-07
 
nelt =       8, np =         8, nx1 =      20, elements =        64
Solve Time =   0.1138E-07
 
nelt =       8, np =         8, nx1 =      20, elements =        64
Solve Time =   0.1138E-07
 
nelt =       8, np =         8, nx1 =      20, elements =        64
Solve Time =   0.1138E-07
 
nelt =       8, np =         8, nx1 =      20, elements =        64
Solve Time =   0.1138E-07
 
nelt =       8, np =         8, nx1 =      20, elements =        64
Solve Time =   0.1138E-07
 
nelt =       8, np =         8, nx1 =      20, elements =        64
Solve Time =   0.1138E-07
 
nelt =       8, np =         8, nx1 =      20, elements =        64
Solve Time =   0.1138E-07
 20       64  1.2005E-04  1.2005E-04  1.2005E-04  error s
 20       64  1.2005E-04  1.2005E-04  1.2005E-04  error s
 20       64  1.2005E-04  1.2005E-04  1.2005E-04  error s
 20       64  1.2005E-04  1.2005E-04  1.2005E-04  error s
 20       64  1.2005E-04  1.2005E-04  1.2005E-04  error s
 20       64  1.2005E-04  1.2005E-04  1.2005E-04  error s
 20       64  1.2005E-04  1.2005E-04  1.2005E-04  error s
 20       64  1.2005E-04  1.2005E-04  1.2005E-04  error s
 
nelt =       8, np =         8, nx1 =      20, elements =        64
Solve Time =   0.1368E-07
 
nelt =       8, np =         8, nx1 =      20, elements =        64
Solve Time =   0.1367E-07
 
nelt =       8, np =         8, nx1 =      20, elements =        64
Solve Time =   0.1367E-07
 
nelt =       8, np =         8, nx1 =      20, elements =        64
Solve Time =   0.1367E-07
 
nelt =       8, np =         8, nx1 =      20, elements =        64
Solve Time =   0.1367E-07
 
nelt =       8, np =         8, nx1 =      20, elements =        64
Solve Time =   0.1367E-07
 
nelt =       8, np =         8, nx1 =      20, elements =        64
Solve Time =   0.1367E-07
 
nelt =       8, np =         8, nx1 =      20, elements =        64
Solve Time =   0.1367E-07
 
nelt =       8, np =         8, nx1 =      20, elements =        64
Solve Time =   0.1367E-07
 
nelt =       8, np =         8, nx1 =      20, elements =        64
Solve Time =   0.1367E-07
 20       64  1.2063E-04  1.2063E-04  1.2063E-04  error n
 20       64  1.2063E-04  1.2063E-04  1.2063E-04  error n
 20       64  1.2063E-04  1.2063E-04  1.2063E-04  error n
  19       64  100  0.0000E+00  0.0000E+00  0.0000E+00 time for 3 hmholtz
 20       64  1.2063E-04  1.2063E-04  1.2063E-04  error n
 20       64  1.2063E-04  1.2063E-04  1.2063E-04  error n
EXIT: quit after cggov         19
 20       64  1.2063E-04  1.2063E-04  1.2063E-04  error n
 20       64  1.2063E-04  1.2063E-04  1.2063E-04  error n
 20       64  1.2063E-04  1.2063E-04  1.2063E-04  error n
  
call exitt: dying ...
  
backtrace(): obtained 8 stack frames.
./nek5000() [0x786615]
./nek5000() [0x96a339]
./nek5000() [0x40e12c]
./nek5000() [0x426c46]
./nek5000() [0x4251fe]
./nek5000() [0x4054fe]
/lib64/libc.so.6(__libc_start_main+0xf5) [0x2aaab1ca3b25]
./nek5000() [0x405409]
  
total elapsed time             :   2.29686E+02 sec
total solver time incl. I/O    :   0.00000E+00 sec
time/timestep                  :   0.00000E+00 sec
CPU seconds/timestep/gridpt    :   0.00000E+00 sec

Application 2260248 resources: utime ~1757s, stime ~54s, Rss ~146696, inblocks ~0, outblocks ~0
