/----------------------------------------------------------\\
|      _   __ ______ __ __  ______  ____   ____   ____     |
|     / | / // ____// //_/ / ____/ / __ \\/ __ \\/ __ \\   |
|    /  |/ // __/  / ,<   /___ \\ / / / // / / // / / /    |
|   / /|  // /___ / /| | ____/ / / /_/ // /_/ // /_/ /     |
|  /_/ |_//_____//_/ |_|/_____/  \\___/ \\___/ \\___/      |
|                                                          |
|----------------------------------------------------------|
|                                                          |
| NEK5000:  Open Source Spectral Element Solver            |
| COPYRIGHT (c) 2008-2016 UCHICAGO ARGONNE, LLC            |
| Version:  16.0.0                                         |
| Web:      http://nek5000.mcs.anl.gov                     |
|                                                          |
\\----------------------------------------------------------/
                                                              

 Number of processors:          32
 REAL    wdsize      :           8
 INTEGER wdsize      :           4
 Timer accuracy      : 3.10E-07
 Reading /gpfs/theta-fs1/home/thilina/env/lx20/b7.rea                                                                                        

 mapping elements to processors
 Reading /gpfs/theta-fs1/home/thilina/env/lx20/b7.map                                                                                        
           0           4           4         128         128  NELV
          20           4           4         128         128  NELV
          28           4           4         128         128  NELV
           9           4           4         128         128  NELV
          14           4           4         128         128  NELV
           5           4           4         128         128  NELV
          16           4           4         128         128  NELV
          24           4           4         128         128  NELV
          27           4           4         128         128  NELV
          19           4           4         128         128  NELV
           8           4           4         128         128  NELV
           1           4           4         128         128  NELV
          31           4           4         128         128  NELV
          26           4           4         128         128  NELV
          21           4           4         128         128  NELV
           4           4           4         128         128  NELV
          10           4           4         128         128  NELV
          23           4           4         128         128  NELV
           7           4           4         128         128  NELV
          29           4           4         128         128  NELV
          11           4           4         128         128  NELV
          17           4           4         128         128  NELV
          22           4           4         128         128  NELV
           6           4           4         128         128  NELV
          30           4           4         128         128  NELV
          25           4           4         128         128  NELV
           2           4           4         128         128  NELV
           3           4           4         128         128  NELV
          12           4           4         128         128  NELV
          13           4           4         128         128  NELV
          15           4           4         128         128  NELV
          18           4           4         128         128  NELV
 RANK     0 IEG     113     114     117     118
 element load imbalance:            0           4           4
 done :: mapping elements to processors
  
           0  objects found
 118   Parameters from file:
   1      1.00000     p001 DENSITY
   2     -100.000     p002 VISCOS
   7      1.00000     p007 RHOCP
   8      1.00000     p008 CONDUCT
  11      1.00        p011 NSTEPS
  12    -0.500000E-02 p012 DT
  21     0.100000E-05 p021 DIVERGENCE
  22     0.100000E-07 p022 HELMHOLTZ
  24     0.100000E-09 p024 TOLREL
  25     0.100000E-09 p025 TOLABS
  26     0.250000     p026 COURANT/NTAU
  27      2.00000     p027 TORDER
  66      6.00000     p066 output : <0=ascii, else binary
  67      6.00000     p067 restart: <0=ascii, else binary
  99      3.00000     p099 dealiasing: <0--> off/3--> old/4--> new
 103     0.500000E-01 p103 weight of stabilizing filter (.01)
  
 nelgt/nelgv/lelt:         128         128         100
 lx1  /lx2  /lx3 :          20          20          20
 done :: read .rea file   0.93882E-01 sec

 setup mesh topology
   Right-handed check complete for     128 elements. OK.
   setvert3d:  20      160641      907137      160641      160641
 call usrsetvert
 done :: usrsetvert

gs_setup: 63841 unique labels shared
   pairwise times (avg, min, max): 6.18614e-05 5.41925e-05 7.14064e-05
   crystal router                : 0.000276167 0.000273013 0.000279403
   all reduce                    : 0.00123921 0.00123641 0.00124521
   used all_to_all method: pairwise
   handle bytes (avg, min, max): 137828 110828 146828
   buffer bytes (avg, min, max): 70080 50880 76480
   setupds time 1.0642E-01 seconds   0 20      160641         128
           8  max multiplicity
 done :: setup mesh topology
  
 call usrdat
 done :: usrdat

 generate geometry data
 done :: generate geometry data
  
 call usrdat2
 done :: usrdat2

 regenerate geometry data           1
 NOTE: All elements deformed , param(59) ^=0
 done :: regenerate geometry data           1
  
 verify mesh topology
  0.000000000000000E+000   1.00000000000000       Xrange
  0.000000000000000E+000   1.00000000000000       Yrange
  0.000000000000000E+000   1.00000000000000       Zrange
 done :: verify mesh topology
  
 IFTRAN   = T
 IFFLOW   = T
 IFHEAT   = F
 IFSPLIT  = T
 IFLOMACH = F
 IFUSERVP = F
 IFUSERMV = F
 IFSTRS   = F
 IFCHAR   = F
 IFCYCLIC = F
 IFAXIS   = F
 IFMVBD   = F
 IFMELT   = F
 IFMODEL  = F
 IFKEPS   = F
 IFMOAB   = F
 IFNEKNEK = F
 IFSYNC   = T
   
 IFVCOR   = T
 IFINTQ   = F
 IFCWUZ   = F
 IFSWALL  = F
 IFGEOM   = F
 IFSURT   = F
 IFWCNO   = F
   
 IFTMSH for field           1    =  F
 IFADVC for field           1    =  T
 IFNONL for field           1    =  F
   
 Dealiasing enabled, lxd=          30
  
 Estimated eigenvalues
 EIGAA =    9.86960440108936     
 EIGGA =    3764683.68948541     
 EIGAE =    9.86960440108936     
 EIGAS =   8.333333333333333E-002
 EIGGE =    3764683.68948541     
 EIGGS =    2.00000000000000     
  
 verify mesh topology
  0.000000000000000E+000   1.00000000000000       Xrange
  0.000000000000000E+000   1.00000000000000       Yrange
  0.000000000000000E+000   1.00000000000000       Zrange
 done :: verify mesh topology
  
  E-solver strategy:  0 itr
 mg_nx:           1          11          19
 mg_ny:           1          11          19
 mg_nz:           1          11          19
 call usrsetvert
 done :: usrsetvert

gs_setup: 193 unique labels shared
   pairwise times (avg, min, max): 2.94201e-05 2.44856e-05 3.31163e-05
   crystal router                : 1.07974e-05 1.0705e-05 1.08957e-05
   all reduce                    : 3.99493e-05 3.97921e-05 4.01974e-05
   used all_to_all method: crystal router
   handle bytes (avg, min, max): 5046 4332 5556
   buffer bytes (avg, min, max): 700 624 768
   setupds time 4.5662E-03 seconds   1  2         225         128
   setvert3d:   4        3201        4225        3201        3201
 call usrsetvert
 done :: usrsetvert

gs_setup: 1633 unique labels shared
   pairwise times (avg, min, max): 2.82258e-05 2.54869e-05 3.16858e-05
   crystal router                : 1.81094e-05 1.79052e-05 1.83821e-05
   all reduce                    : 7.93204e-05 7.85112e-05 8.0204e-05
   used all_to_all method: crystal router
   handle bytes (avg, min, max): 26486 21068 29876
   buffer bytes (avg, min, max): 4316 3584 4784
   setupds time 7.2949E-03 seconds   2  4        3201         128
   setvert3d:  12       52225      180225       52225       52225
 call usrsetvert
 done :: usrsetvert

gs_setup: 21473 unique labels shared
   pairwise times (avg, min, max): 3.51734e-05 3.10898e-05 4.09842e-05
   crystal router                : 9.28581e-05 9.18865e-05 9.41038e-05
   all reduce                    : 0.000676538 0.000672007 0.00068469
   used all_to_all method: pairwise
   handle bytes (avg, min, max): 48356 39020 51468
   buffer bytes (avg, min, max): 25152 18240 27456
   setupds time 3.6733E-02 seconds   3 12       52225         128
   setvert3d:  14       73761      294945       73761       73761
 call usrsetvert
 done :: usrsetvert

gs_setup: 29953 unique labels shared
   pairwise times (avg, min, max): 4.2858e-05 3.77893e-05 4.77791e-05
   crystal router                : 0.000128667 0.00012691 0.000130916
   all reduce                    : 0.000854791 0.00085001 0.000864196
   used all_to_all method: pairwise
   handle bytes (avg, min, max): 66404 53516 70700
   buffer bytes (avg, min, max): 34272 24864 37408
   setupds time 4.7537E-02 seconds   4 14       73761         128
 regenerate geometry data           1
 NOTE: All elements deformed , param(59) ^=0
 done :: regenerate geometry data           1
  
 h1_mg_nx:           1           3          19
 h1_mg_ny:           1           3          19
 h1_mg_nz:           1           3          19
 call usrsetvert
 done :: usrsetvert

gs_setup: 193 unique labels shared
   pairwise times (avg, min, max): 2.35222e-05 2.14815e-05 2.58923e-05
   crystal router                : 1.09471e-05 1.08004e-05 1.11103e-05
   all reduce                    : 4.43779e-05 4.41074e-05 4.47035e-05
   used all_to_all method: crystal router
   handle bytes (avg, min, max): 5046 4332 5556
   buffer bytes (avg, min, max): 700 624 768
   setupds time 4.6370E-03 seconds   5  2         225         128
   setvert3d:   4        3201        4225        3201        3201
 call usrsetvert
 done :: usrsetvert

gs_setup: 1633 unique labels shared
   pairwise times (avg, min, max): 2.61627e-05 2.48909e-05 2.83957e-05
   crystal router                : 2.02358e-05 2.00033e-05 2.0504e-05
   all reduce                    : 8.71383e-05 8.63075e-05 8.79049e-05
   used all_to_all method: crystal router
   handle bytes (avg, min, max): 26486 21068 29876
   buffer bytes (avg, min, max): 4316 3584 4784
   setupds time 8.1849E-03 seconds   6  4        3201         128
   setvert3d:   4        3201        4225        3201        3201
 call usrsetvert
 done :: usrsetvert

gs_setup: 1633 unique labels shared
   pairwise times (avg, min, max): 2.46517e-05 2.26974e-05 2.64168e-05
   crystal router                : 1.53117e-05 1.48773e-05 1.56164e-05
   all reduce                    : 8.37684e-05 8.30173e-05 8.48055e-05
   used all_to_all method: crystal router
   handle bytes (avg, min, max): 26486 21068 29876
   buffer bytes (avg, min, max): 4316 3584 4784
   setupds time 6.5610E-03 seconds   7  4        3201         128
   setvert3d:   6        9889       18081        9889        9889
 call usrsetvert
 done :: usrsetvert

gs_setup: 4481 unique labels shared
   pairwise times (avg, min, max): 2.80924e-05 2.41041e-05 3.16143e-05
   crystal router                : 2.91884e-05 2.86102e-05 2.9707e-05
   all reduce                    : 0.000163078 0.0001616 0.00016439
   used all_to_all method: crystal router
   handle bytes (avg, min, max): 66166 51628 74932
   buffer bytes (avg, min, max): 11152 9072 12432
   setupds time 1.0216E-02 seconds   8  6        9889         128
   setvert3d:  20      160641      907137      160641      160641
 call usrsetvert
 done :: usrsetvert

gs_setup: 63841 unique labels shared
   pairwise times (avg, min, max): 5.14887e-05 4.87804e-05 5.57184e-05
   crystal router                : 0.000257461 0.000254202 0.000260997
   all reduce                    : 0.0012215 0.00121701 0.00122461
   used all_to_all method: pairwise
   handle bytes (avg, min, max): 137828 110828 146828
   buffer bytes (avg, min, max): 70080 50880 76480
   setupds time 9.3085E-02 seconds   9 20      160641         128
   setvert3d:  22      197025     1221025      197025      197025
 call usrsetvert
 done :: usrsetvert

gs_setup: 77953 unique labels shared
   pairwise times (avg, min, max): 5.03428e-05 4.54903e-05 5.40018e-05
   crystal router                : 0.000311183 0.000306511 0.000318313
   all reduce                    : 0.0014061 0.0013989 0.00141191
   used all_to_all method: pairwise
   handle bytes (avg, min, max): 167396 134540 178348
   buffer bytes (avg, min, max): 84832 61600 92576
   setupds time 1.1383E-01 seconds  10 22      197025         128
 setup h1 coarse grid, nx_crs=           2
 call usrsetvert
 done :: usrsetvert

gs_setup: 193 unique labels shared
   pairwise times (avg, min, max): 2.54676e-05 2.37942e-05 2.8491e-05
   crystal router                : 1.0822e-05 1.06096e-05 1.10149e-05
   all reduce                    : 3.94166e-05 3.9196e-05 3.96013e-05
   used all_to_all method: crystal router
   handle bytes (avg, min, max): 5046 4332 5556
   buffer bytes (avg, min, max): 700 624 768
 done :: setup h1 coarse grid   3.908896446228027E-002  sec
  
 call usrdat3
 done :: usrdat3

 set initial conditions
 nekuic (1) for ifld            1
 call nekuic for vel  
 xyz min     0.0000       0.0000       0.0000    
 uvwpt min   0.0000       0.0000       0.0000       0.0000       0.0000    
 PS min      0.0000       0.0000      0.99000E+22
 xyz max     1.0000       1.0000       1.0000    
 uvwpt max   0.0000       0.0000       0.0000       0.0000       0.0000    
 PS max      0.0000       0.0000     -0.99000E+22
 done :: set initial conditions
  
 call userchk
GFM max:  2.5958E-04  2.5958E-04  1.0383E-03  2.1446E-17  7.4022E-17  7.2559E-17
 
nelt =       4, np =        32, nx1 =      20, elements =       128
Solve Time =   0.2910E-08
 
nelt =       4, np =        32, nx1 =      20, elements =       128
Solve Time =   0.2887E-08
 
nelt =       4, np =        32, nx1 =      20, elements =       128
Solve Time =   0.2884E-08
 
nelt =       4, np =        32, nx1 =      20, elements =       128
Solve Time =   0.2882E-08
 
nelt =       4, np =        32, nx1 =      20, elements =       128
Solve Time =   0.2883E-08
 
nelt =       4, np =        32, nx1 =      20, elements =       128
Solve Time =   0.2881E-08
 
nelt =       4, np =        32, nx1 =      20, elements =       128
Solve Time =   0.2881E-08
 
nelt =       4, np =        32, nx1 =      20, elements =       128
Solve Time =   0.2881E-08
 
nelt =       4, np =        32, nx1 =      20, elements =       128
Solve Time =   0.2916E-08
 
nelt =       4, np =        32, nx1 =      20, elements =       128
Solve Time =   0.2882E-08
 
nelt =       4, np =        32, nx1 =      20, elements =       128
Solve Time =   0.2623E-08
 
nelt =       4, np =        32, nx1 =      20, elements =       128
Solve Time =   0.2616E-08
 
nelt =       4, np =        32, nx1 =      20, elements =       128
Solve Time =   0.2616E-08
 
nelt =       4, np =        32, nx1 =      20, elements =       128
Solve Time =   0.2615E-08
 
nelt =       4, np =        32, nx1 =      20, elements =       128
Solve Time =   0.2617E-08
 
nelt =       4, np =        32, nx1 =      20, elements =       128
Solve Time =   0.2614E-08
 
nelt =       4, np =        32, nx1 =      20, elements =       128
Solve Time =   0.2616E-08
 
nelt =       4, np =        32, nx1 =      20, elements =       128
Solve Time =   0.2616E-08
 
nelt =       4, np =        32, nx1 =      20, elements =       128
Solve Time =   0.2615E-08
 
nelt =       4, np =        32, nx1 =      20, elements =       128
Solve Time =   0.2615E-08
 
nelt =       4, np =        32, nx1 =      20, elements =       128
Solve Time =   0.2751E-08
 
nelt =       4, np =        32, nx1 =      20, elements =       128
Solve Time =   0.2716E-08
 
nelt =       4, np =        32, nx1 =      20, elements =       128
Solve Time =   0.2718E-08
 
nelt =       4, np =        32, nx1 =      20, elements =       128
Solve Time =   0.2714E-08
 
nelt =       4, np =        32, nx1 =      20, elements =       128
Solve Time =   0.2714E-08
 
nelt =       4, np =        32, nx1 =      20, elements =       128
Solve Time =   0.2718E-08
 
nelt =       4, np =        32, nx1 =      20, elements =       128
Solve Time =   0.2716E-08
 
nelt =       4, np =        32, nx1 =      20, elements =       128
Solve Time =   0.2716E-08
 
nelt =       4, np =        32, nx1 =      20, elements =       128
Solve Time =   0.2715E-08
 
nelt =       4, np =        32, nx1 =      20, elements =       128
Solve Time =   0.2716E-08
 
nelt =       4, np =        32, nx1 =      20, elements =       128
Solve Time =   0.2807E-08
 
nelt =       4, np =        32, nx1 =      20, elements =       128
Solve Time =   0.2804E-08
 
nelt =       4, np =        32, nx1 =      20, elements =       128
Solve Time =   0.2839E-08
 
nelt =       4, np =        32, nx1 =      20, elements =       128
Solve Time =   0.2804E-08
 
nelt =       4, np =        32, nx1 =      20, elements =       128
Solve Time =   0.2804E-08
 
nelt =       4, np =        32, nx1 =      20, elements =       128
Solve Time =   0.2804E-08
 
nelt =       4, np =        32, nx1 =      20, elements =       128
Solve Time =   0.2805E-08
 
nelt =       4, np =        32, nx1 =      20, elements =       128
Solve Time =   0.2804E-08
 
nelt =       4, np =        32, nx1 =      20, elements =       128
Solve Time =   0.2804E-08
 
nelt =       4, np =        32, nx1 =      20, elements =       128
Solve Time =   0.2804E-08
 
nelt =       4, np =        32, nx1 =      20, elements =       128
Solve Time =   0.2896E-08
 
nelt =       4, np =        32, nx1 =      20, elements =       128
Solve Time =   0.2893E-08
 
nelt =       4, np =        32, nx1 =      20, elements =       128
Solve Time =   0.2892E-08
 
nelt =       4, np =        32, nx1 =      20, elements =       128
Solve Time =   0.2927E-08
 
nelt =       4, np =        32, nx1 =      20, elements =       128
Solve Time =   0.2892E-08
 
nelt =       4, np =        32, nx1 =      20, elements =       128
Solve Time =   0.2891E-08
 
nelt =       4, np =        32, nx1 =      20, elements =       128
Solve Time =   0.2894E-08
 
nelt =       4, np =        32, nx1 =      20, elements =       128
Solve Time =   0.2893E-08
 
nelt =       4, np =        32, nx1 =      20, elements =       128
Solve Time =   0.2892E-08
 
nelt =       4, np =        32, nx1 =      20, elements =       128
Solve Time =   0.2892E-08
 schfile:
 /gpfs/theta-fs1/home/thilina/env/lx20/b7.sch                                   
                                                      
 20      128  1.0000E+00  1.0000E+00  1.0000E+00  error v
 20      128  1.0000E+00  1.0000E+00  1.0000E+00  error v
 20      128  1.0000E+00  1.0000E+00  1.0000E+00  error v
 20      128  1.0000E+00  1.0000E+00  1.0000E+00  error v
 20      128  1.0000E+00  1.0000E+00  1.0000E+00  error v
 20      128  1.0000E+00  1.0000E+00  1.0000E+00  error v
 20      128  1.0000E+00  1.0000E+00  1.0000E+00  error v
 20      128  1.0000E+00  1.0000E+00  1.0000E+00  error v
 20      128  1.0000E+00  1.0000E+00  1.0000E+00  error v
 20      128  1.0000E+00  1.0000E+00  1.0000E+00  error v
 20      128  1.0000E+00  1.0000E+00  1.0000E+00  error v
 20      128  1.0000E+00  1.0000E+00  1.0000E+00  error v
 20      128  1.0000E+00  1.0000E+00  1.0000E+00  error v
 20      128  1.0000E+00  1.0000E+00  1.0000E+00  error v
 20      128  1.0000E+00  1.0000E+00  1.0000E+00  error v
 20      128  1.0000E+00  1.0000E+00  1.0000E+00  error v
 20      128  1.0000E+00  1.0000E+00  1.0000E+00  error v
 20      128  1.0000E+00  1.0000E+00  1.0000E+00  error v
 20      128  1.0000E+00  1.0000E+00  1.0000E+00  error v
 20      128  1.0000E+00  1.0000E+00  1.0000E+00  error v
 20      128  1.0000E+00  1.0000E+00  1.0000E+00  error v
 20      128  1.0000E+00  1.0000E+00  1.0000E+00  error v
 20      128  1.0000E+00  1.0000E+00  1.0000E+00  error v
 20      128  1.0000E+00  1.0000E+00  1.0000E+00  error v
 20      128  1.0000E+00  1.0000E+00  1.0000E+00  error v
 20      128  1.0000E+00  1.0000E+00  1.0000E+00  error v
 20      128  1.0000E+00  1.0000E+00  1.0000E+00  error v
 20      128  1.0000E+00  1.0000E+00  1.0000E+00  error v
 20      128  1.0000E+00  1.0000E+00  1.0000E+00  error v
 20      128  1.0000E+00  1.0000E+00  1.0000E+00  error v
 20      128  1.0000E+00  1.0000E+00  1.0000E+00  error v
 20      128  1.0000E+00  1.0000E+00  1.0000E+00  error v
 
nelt =       4, np =        32, nx1 =      20, elements =       128
Solve Time =   0.3079E-08
 
nelt =       4, np =        32, nx1 =      20, elements =       128
Solve Time =   0.3077E-08
 
nelt =       4, np =        32, nx1 =      20, elements =       128
Solve Time =   0.3106E-08
 
nelt =       4, np =        32, nx1 =      20, elements =       128
Solve Time =   0.3077E-08
 
nelt =       4, np =        32, nx1 =      20, elements =       128
Solve Time =   0.3075E-08
 
nelt =       4, np =        32, nx1 =      20, elements =       128
Solve Time =   0.3076E-08
 
nelt =       4, np =        32, nx1 =      20, elements =       128
Solve Time =   0.3076E-08
 
nelt =       4, np =        32, nx1 =      20, elements =       128
Solve Time =   0.3076E-08
 
nelt =       4, np =        32, nx1 =      20, elements =       128
Solve Time =   0.3077E-08
 
nelt =       4, np =        32, nx1 =      20, elements =       128
Solve Time =   0.3073E-08
 20      128  1.2841E-03  1.2841E-03  1.2841E-03  error s
 20      128  1.2841E-03  1.2841E-03  1.2841E-03  error s
 20      128  1.2841E-03  1.2841E-03  1.2841E-03  error s
 20      128  1.2841E-03  1.2841E-03  1.2841E-03  error s
 20      128  1.2841E-03  1.2841E-03  1.2841E-03  error s
 20      128  1.2841E-03  1.2841E-03  1.2841E-03  error s
 20      128  1.2841E-03  1.2841E-03  1.2841E-03  error s
 20      128  1.2841E-03  1.2841E-03  1.2841E-03  error s
 20      128  1.2841E-03  1.2841E-03  1.2841E-03  error s
 20      128  1.2841E-03  1.2841E-03  1.2841E-03  error s
 20      128  1.2841E-03  1.2841E-03  1.2841E-03  error s
 20      128  1.2841E-03  1.2841E-03  1.2841E-03  error s
 20      128  1.2841E-03  1.2841E-03  1.2841E-03  error s
 20      128  1.2841E-03  1.2841E-03  1.2841E-03  error s
 20      128  1.2841E-03  1.2841E-03  1.2841E-03  error s
 20      128  1.2841E-03  1.2841E-03  1.2841E-03  error s
 20      128  1.2841E-03  1.2841E-03  1.2841E-03  error s
 20      128  1.2841E-03  1.2841E-03  1.2841E-03  error s
 20      128  1.2841E-03  1.2841E-03  1.2841E-03  error s
 20      128  1.2841E-03  1.2841E-03  1.2841E-03  error s
 20      128  1.2841E-03  1.2841E-03  1.2841E-03  error s
 20      128  1.2841E-03  1.2841E-03  1.2841E-03  error s
 20      128  1.2841E-03  1.2841E-03  1.2841E-03  error s
 20      128  1.2841E-03  1.2841E-03  1.2841E-03  error s
 20      128  1.2841E-03  1.2841E-03  1.2841E-03  error s
 20      128  1.2841E-03  1.2841E-03  1.2841E-03  error s
 20      128  1.2841E-03  1.2841E-03  1.2841E-03  error s
 20      128  1.2841E-03  1.2841E-03  1.2841E-03  error s
 20      128  1.2841E-03  1.2841E-03  1.2841E-03  error s
 20      128  1.2841E-03  1.2841E-03  1.2841E-03  error s
 20      128  1.2841E-03  1.2841E-03  1.2841E-03  error s
 20      128  1.2841E-03  1.2841E-03  1.2841E-03  error s
 
nelt =       4, np =        32, nx1 =      20, elements =       128
Solve Time =   0.3639E-08
 
nelt =       4, np =        32, nx1 =      20, elements =       128
Solve Time =   0.3632E-08
 
nelt =       4, np =        32, nx1 =      20, elements =       128
Solve Time =   0.3631E-08
 
nelt =       4, np =        32, nx1 =      20, elements =       128
Solve Time =   0.3631E-08
 
nelt =       4, np =        32, nx1 =      20, elements =       128
Solve Time =   0.3630E-08
 
nelt =       4, np =        32, nx1 =      20, elements =       128
Solve Time =   0.3653E-08
 
nelt =       4, np =        32, nx1 =      20, elements =       128
Solve Time =   0.3630E-08
 
nelt =       4, np =        32, nx1 =      20, elements =       128
Solve Time =   0.3631E-08
 
nelt =       4, np =        32, nx1 =      20, elements =       128
Solve Time =   0.3630E-08
 
nelt =       4, np =        32, nx1 =      20, elements =       128
Solve Time =   0.3630E-08
 20      128  1.2842E-03  1.2842E-03  1.2842E-03  error n
 20      128  1.2842E-03  1.2842E-03  1.2842E-03  error n
 20      128  1.2842E-03  1.2842E-03  1.2842E-03  error n
 20      128  1.2842E-03  1.2842E-03  1.2842E-03  error n
 20      128  1.2842E-03  1.2842E-03  1.2842E-03  error n
 20      128  1.2842E-03  1.2842E-03  1.2842E-03  error n
 20      128  1.2842E-03  1.2842E-03  1.2842E-03  error n
 20      128  1.2842E-03  1.2842E-03  1.2842E-03  error n
 20      128  1.2842E-03  1.2842E-03  1.2842E-03  error n
 20      128  1.2842E-03  1.2842E-03  1.2842E-03  error n
 20      128  1.2842E-03  1.2842E-03  1.2842E-03  error n
 20      128  1.2842E-03  1.2842E-03  1.2842E-03  error n
 20      128  1.2842E-03  1.2842E-03  1.2842E-03  error n
 20      128  1.2842E-03  1.2842E-03  1.2842E-03  error n
 20      128  1.2842E-03  1.2842E-03  1.2842E-03  error n
  19      128  100  0.0000E+00  0.0000E+00  0.0000E+00 time for 3 hmholtz
 20      128  1.2842E-03  1.2842E-03  1.2842E-03  error n
EXIT: quit after cggov         19
 20      128  1.2842E-03  1.2842E-03  1.2842E-03  error n
 20      128  1.2842E-03  1.2842E-03  1.2842E-03  error n
 20      128  1.2842E-03  1.2842E-03  1.2842E-03  error n
 20      128  1.2842E-03  1.2842E-03  1.2842E-03  error n
 20      128  1.2842E-03  1.2842E-03  1.2842E-03  error n
 20      128  1.2842E-03  1.2842E-03  1.2842E-03  error n
 20      128  1.2842E-03  1.2842E-03  1.2842E-03  error n
 20      128  1.2842E-03  1.2842E-03  1.2842E-03  error n
 20      128  1.2842E-03  1.2842E-03  1.2842E-03  error n
 20      128  1.2842E-03  1.2842E-03  1.2842E-03  error n
 20      128  1.2842E-03  1.2842E-03  1.2842E-03  error n
 20      128  1.2842E-03  1.2842E-03  1.2842E-03  error n
 20      128  1.2842E-03  1.2842E-03  1.2842E-03  error n
 20      128  1.2842E-03  1.2842E-03  1.2842E-03  error n
 20      128  1.2842E-03  1.2842E-03  1.2842E-03  error n
 20      128  1.2842E-03  1.2842E-03  1.2842E-03  error n
  
call exitt: dying ...
  
backtrace(): obtained 8 stack frames.
./nek5000() [0x786615]
./nek5000() [0x96a339]
./nek5000() [0x40e12c]
./nek5000() [0x426c46]
./nek5000() [0x4251fe]
./nek5000() [0x4054fe]
/lib64/libc.so.6(__libc_start_main+0xf5) [0x2aaab1ca3b25]
./nek5000() [0x405409]
  
total elapsed time             :   3.13483E+02 sec
total solver time incl. I/O    :   0.00000E+00 sec
time/timestep                  :   0.00000E+00 sec
CPU seconds/timestep/gridpt    :   0.00000E+00 sec

Application 2260318 resources: utime ~9795s, stime ~157s, Rss ~115728, inblocks ~0, outblocks ~0
