/----------------------------------------------------------\\
|      _   __ ______ __ __  ______  ____   ____   ____     |
|     / | / // ____// //_/ / ____/ / __ \\/ __ \\/ __ \\   |
|    /  |/ // __/  / ,<   /___ \\ / / / // / / // / / /    |
|   / /|  // /___ / /| | ____/ / / /_/ // /_/ // /_/ /     |
|  /_/ |_//_____//_/ |_|/_____/  \\___/ \\___/ \\___/      |
|                                                          |
|----------------------------------------------------------|
|                                                          |
| NEK5000:  Open Source Spectral Element Solver            |
| COPYRIGHT (c) 2008-2016 UCHICAGO ARGONNE, LLC            |
| Version:  16.0.0                                         |
| Web:      http://nek5000.mcs.anl.gov                     |
|                                                          |
\\----------------------------------------------------------/
                                                              

 Number of processors:          32
 REAL    wdsize      :           8
 INTEGER wdsize      :           4
 Timer accuracy      : 5.01E-07
 Reading /gpfs/theta-fs1/home/thilina/env/lx20/b5.rea                                                                                        

 mapping elements to processors
 Reading /gpfs/theta-fs1/home/thilina/env/lx20/b5.map                                                                                        
           0           1           1          32          32  NELV
          27           1           1          32          32  NELV
          16           1           1          32          32  NELV
          15           1           1          32          32  NELV
          30           1           1          32          32  NELV
          28           1           1          32          32  NELV
           3           1           1          32          32  NELV
          31           1           1          32          32  NELV
          17           1           1          32          32  NELV
          10           1           1          32          32  NELV
          14           1           1          32          32  NELV
          24           1           1          32          32  NELV
          29           1           1          32          32  NELV
          20           1           1          32          32  NELV
          25           1           1          32          32  NELV
          12           1           1          32          32  NELV
          13           1           1          32          32  NELV
           2           1           1          32          32  NELV
          26           1           1          32          32  NELV
           7           1           1          32          32  NELV
          21           1           1          32          32  NELV
           4           1           1          32          32  NELV
           9           1           1          32          32  NELV
           6           1           1          32          32  NELV
          19           1           1          32          32  NELV
          23           1           1          32          32  NELV
          22           1           1          32          32  NELV
           5           1           1          32          32  NELV
           8           1           1          32          32  NELV
           1           1           1          32          32  NELV
          11           1           1          32          32  NELV
          18           1           1          32          32  NELV
 RANK     0 IEG      27
 element load imbalance:            0           1           1
 done :: mapping elements to processors
  
           0  objects found
 118   Parameters from file:
   1      1.00000     p001 DENSITY
   2     -100.000     p002 VISCOS
   7      1.00000     p007 RHOCP
   8      1.00000     p008 CONDUCT
  11      1.00        p011 NSTEPS
  12    -0.500000E-02 p012 DT
  21     0.100000E-05 p021 DIVERGENCE
  22     0.100000E-07 p022 HELMHOLTZ
  24     0.100000E-09 p024 TOLREL
  25     0.100000E-09 p025 TOLABS
  26     0.250000     p026 COURANT/NTAU
  27      2.00000     p027 TORDER
  66      6.00000     p066 output : <0=ascii, else binary
  67      6.00000     p067 restart: <0=ascii, else binary
  99      3.00000     p099 dealiasing: <0--> off/3--> old/4--> new
 103     0.500000E-01 p103 weight of stabilizing filter (.01)
  
 nelgt/nelgv/lelt:          32          32         100
 lx1  /lx2  /lx3 :          20          20          20
 done :: read .rea file   0.60487E-01 sec

 setup mesh topology
   Right-handed check complete for      32 elements. OK.
   setvert3d:  20       44607      231231       44607       44607
 call usrsetvert
 done :: usrsetvert

gs_setup: 23143 unique labels shared
   pairwise times (avg, min, max): 5.48735e-05 5.25951e-05 6.08921e-05
   crystal router                : 0.000132149 0.000130105 0.000134301
   all reduce                    : 0.00169165 0.00168512 0.0016974
   used all_to_all method: pairwise
   handle bytes (avg, min, max): 38086 28708 47420
   buffer bytes (avg, min, max): 27316 20176 34624
   setupds time 6.5887E-02 seconds   0 20       44607          32
           8  max multiplicity
 done :: setup mesh topology
  
 call usrdat
 done :: usrdat

 generate geometry data
 done :: generate geometry data
  
 call usrdat2
 done :: usrdat2

 regenerate geometry data           1
 NOTE: All elements deformed , param(59) ^=0
 done :: regenerate geometry data           1
  
 verify mesh topology
  0.000000000000000E+000   1.00000000000000       Xrange
  0.000000000000000E+000   1.00000000000000       Yrange
  0.000000000000000E+000   1.00000000000000       Zrange
 done :: verify mesh topology
  
 IFTRAN   = T
 IFFLOW   = T
 IFHEAT   = F
 IFSPLIT  = T
 IFLOMACH = F
 IFUSERVP = F
 IFUSERMV = F
 IFSTRS   = F
 IFCHAR   = F
 IFCYCLIC = F
 IFAXIS   = F
 IFMVBD   = F
 IFMELT   = F
 IFMODEL  = F
 IFKEPS   = F
 IFMOAB   = F
 IFNEKNEK = F
 IFSYNC   = T
   
 IFVCOR   = T
 IFINTQ   = F
 IFCWUZ   = F
 IFSWALL  = F
 IFGEOM   = F
 IFSURT   = F
 IFWCNO   = F
   
 IFTMSH for field           1    =  F
 IFADVC for field           1    =  T
 IFNONL for field           1    =  F
   
 Dealiasing enabled, lxd=          30
  
 Estimated eigenvalues
 EIGAA =    9.86960440108936     
 EIGGA =    1881189.33111546     
 EIGAE =    9.86960440108936     
 EIGAS =   8.333333333333333E-002
 EIGGE =    1881189.33111546     
 EIGGS =    2.00000000000000     
  
 verify mesh topology
  0.000000000000000E+000   1.00000000000000       Xrange
  0.000000000000000E+000   1.00000000000000       Yrange
  0.000000000000000E+000   1.00000000000000       Zrange
 done :: verify mesh topology
  
  E-solver strategy:  0 itr
 mg_nx:           1          11          19
 mg_ny:           1          11          19
 mg_nz:           1          11          19
 call usrsetvert
 done :: usrsetvert

gs_setup: 67 unique labels shared
   pairwise times (avg, min, max): 4.24564e-05 4.06027e-05 4.7183e-05
   crystal router                : 1.33559e-05 1.30892e-05 1.36852e-05
   all reduce                    : 3.58187e-05 3.56913e-05 3.60966e-05
   used all_to_all method: crystal router
   handle bytes (avg, min, max): 2800 2500 3076
   buffer bytes (avg, min, max): 384 320 448
   setupds time 4.3609E-03 seconds   1  2          75          32
   setvert3d:   4         927        1183         927         927
 call usrsetvert
 done :: usrsetvert

gs_setup: 583 unique labels shared
   pairwise times (avg, min, max): 4.63143e-05 4.47035e-05 5.07116e-05
   crystal router                : 1.30475e-05 1.28984e-05 1.31845e-05
   all reduce                    : 5.73382e-05 5.68867e-05 5.77927e-05
   used all_to_all method: crystal router
   handle bytes (avg, min, max): 10876 8836 12820
   buffer bytes (avg, min, max): 1968 1568 2368
   setupds time 6.2141E-03 seconds   2  4         927          32
   setvert3d:  12       14575       46575       14575       14575
 call usrsetvert
 done :: usrsetvert

gs_setup: 7767 unique labels shared
   pairwise times (avg, min, max): 5.1114e-05 4.58956e-05 5.59092e-05
   crystal router                : 4.07904e-05 4.03881e-05 4.11987e-05
   all reduce                    : 0.000232381 0.000230098 0.000233698
   used all_to_all method: crystal router
   handle bytes (avg, min, max): 106540 82180 130516
   buffer bytes (avg, min, max): 20176 15520 24128
   setupds time 1.8222E-02 seconds   3 12       14575          32
   setvert3d:  14       20547       75843       20547       20547
 call usrsetvert
 done :: usrsetvert

gs_setup: 10843 unique labels shared
   pairwise times (avg, min, max): 4.88624e-05 4.60148e-05 5.17845e-05
   crystal router                : 5.34736e-05 5.29051e-05 5.40972e-05
   all reduce                    : 0.000379404 0.000377798 0.000383306
   used all_to_all method: pairwise
   handle bytes (avg, min, max): 18754 14164 23324
   buffer bytes (avg, min, max): 13756 10096 17536
   setupds time 2.3836E-02 seconds   4 14       20547          32
 regenerate geometry data           1
 NOTE: All elements deformed , param(59) ^=0
 done :: regenerate geometry data           1
  
 h1_mg_nx:           1           3          19
 h1_mg_ny:           1           3          19
 h1_mg_nz:           1           3          19
 call usrsetvert
 done :: usrsetvert

gs_setup: 67 unique labels shared
   pairwise times (avg, min, max): 4.24035e-05 4.15802e-05 4.64916e-05
   crystal router                : 1.04778e-05 1.03951e-05 1.0705e-05
   all reduce                    : 3.90425e-05 3.87907e-05 3.9196e-05
   used all_to_all method: crystal router
   handle bytes (avg, min, max): 2800 2500 3076
   buffer bytes (avg, min, max): 384 320 448
   setupds time 4.8878E-03 seconds   5  2          75          32
   setvert3d:   4         927        1183         927         927
 call usrsetvert
 done :: usrsetvert

gs_setup: 583 unique labels shared
   pairwise times (avg, min, max): 4.41998e-05 4.34875e-05 4.9305e-05
   crystal router                : 1.8812e-05 1.85966e-05 1.90973e-05
   all reduce                    : 7.23548e-05 7.1907e-05 7.26938e-05
   used all_to_all method: crystal router
   handle bytes (avg, min, max): 10876 8836 12820
   buffer bytes (avg, min, max): 1968 1568 2368
   setupds time 6.9029E-03 seconds   6  4         927          32
   setvert3d:   4         927        1183         927         927
 call usrsetvert
 done :: usrsetvert

gs_setup: 583 unique labels shared
   pairwise times (avg, min, max): 4.12196e-05 3.98874e-05 4.47989e-05
   crystal router                : 1.22242e-05 1.20163e-05 1.2517e-05
   all reduce                    : 6.64741e-05 6.57082e-05 6.69003e-05
   used all_to_all method: crystal router
   handle bytes (avg, min, max): 10876 8836 12820
   buffer bytes (avg, min, max): 1968 1568 2368
   setupds time 5.6210E-03 seconds   7  4         927          32
   setvert3d:   6        2803        4851        2803        2803
 call usrsetvert
 done :: usrsetvert

gs_setup: 1611 unique labels shared
   pairwise times (avg, min, max): 4.00178e-05 3.84092e-05 4.44174e-05
   crystal router                : 1.89252e-05 1.8692e-05 1.92165e-05
   all reduce                    : 8.27223e-05 8.19921e-05 8.33035e-05
   used all_to_all method: crystal router
   handle bytes (avg, min, max): 25288 19972 30436
   buffer bytes (avg, min, max): 4744 3712 5696
   setupds time 6.9821E-03 seconds   8  6        2803          32
   setvert3d:  20       44607      231231       44607       44607
 call usrsetvert
 done :: usrsetvert

gs_setup: 23143 unique labels shared
   pairwise times (avg, min, max): 5.30042e-05 5.16891e-05 5.97e-05
   crystal router                : 0.000115632 0.000113893 0.000117397
   all reduce                    : 0.00129665 0.00129161 0.0013037
   used all_to_all method: pairwise
   handle bytes (avg, min, max): 38086 28708 47420
   buffer bytes (avg, min, max): 27316 20176 34624
   setupds time 4.9357E-02 seconds   9 20       44607          32
   setvert3d:  22       54675      310675       54675       54675
 call usrsetvert
 done :: usrsetvert

gs_setup: 28267 unique labels shared
   pairwise times (avg, min, max): 5.11125e-05 4.91858e-05 5.51939e-05
   crystal router                : 0.000131986 0.00013001 0.000134611
   all reduce                    : 0.00150314 0.00149879 0.00151169
   used all_to_all method: pairwise
   handle bytes (avg, min, max): 46066 34708 57372
   buffer bytes (avg, min, max): 32860 24304 41600
   setupds time 5.8472E-02 seconds  10 22       54675          32
 setup h1 coarse grid, nx_crs=           2
 call usrsetvert
 done :: usrsetvert

gs_setup: 67 unique labels shared
   pairwise times (avg, min, max): 3.80158e-05 3.50952e-05 4.12941e-05
   crystal router                : 1.42723e-05 1.40905e-05 1.45912e-05
   all reduce                    : 3.55683e-05 3.52859e-05 3.58105e-05
   used all_to_all method: crystal router
   handle bytes (avg, min, max): 2800 2500 3076
   buffer bytes (avg, min, max): 384 320 448
 done :: setup h1 coarse grid   1.676392555236816E-002  sec
  
 call usrdat3
 done :: usrdat3

 set initial conditions
 nekuic (1) for ifld            1
 call nekuic for vel  
 xyz min     0.0000       0.0000       0.0000    
 uvwpt min   0.0000       0.0000       0.0000       0.0000       0.0000    
 PS min      0.0000       0.0000      0.99000E+22
 xyz max     1.0000       1.0000       1.0000    
 uvwpt max   0.0000       0.0000       0.0000       0.0000       0.0000    
 PS max      0.0000       0.0000     -0.99000E+22
 done :: set initial conditions
  
 call userchk
GFM max:  2.5958E-04  1.0383E-03  1.0383E-03  3.0538E-17  3.0135E-17  8.7480E-17
 
nelt =       1, np =        32, nx1 =      20, elements =        32
Solve Time =   0.3235E-08
 
nelt =       1, np =        32, nx1 =      20, elements =        32
Solve Time =   0.3168E-08
 
nelt =       1, np =        32, nx1 =      20, elements =        32
Solve Time =   0.3162E-08
 
nelt =       1, np =        32, nx1 =      20, elements =        32
Solve Time =   0.3158E-08
 
nelt =       1, np =        32, nx1 =      20, elements =        32
Solve Time =   0.3155E-08
 
nelt =       1, np =        32, nx1 =      20, elements =        32
Solve Time =   0.3153E-08
 
nelt =       1, np =        32, nx1 =      20, elements =        32
Solve Time =   0.3158E-08
 
nelt =       1, np =        32, nx1 =      20, elements =        32
Solve Time =   0.3143E-08
 
nelt =       1, np =        32, nx1 =      20, elements =        32
Solve Time =   0.3154E-08
 
nelt =       1, np =        32, nx1 =      20, elements =        32
Solve Time =   0.3145E-08
 
nelt =       1, np =        32, nx1 =      20, elements =        32
Solve Time =   0.2728E-08
 
nelt =       1, np =        32, nx1 =      20, elements =        32
Solve Time =   0.2711E-08
 
nelt =       1, np =        32, nx1 =      20, elements =        32
Solve Time =   0.2711E-08
 
nelt =       1, np =        32, nx1 =      20, elements =        32
Solve Time =   0.2708E-08
 
nelt =       1, np =        32, nx1 =      20, elements =        32
Solve Time =   0.2714E-08
 
nelt =       1, np =        32, nx1 =      20, elements =        32
Solve Time =   0.2716E-08
 
nelt =       1, np =        32, nx1 =      20, elements =        32
Solve Time =   0.2710E-08
 
nelt =       1, np =        32, nx1 =      20, elements =        32
Solve Time =   0.2712E-08
 
nelt =       1, np =        32, nx1 =      20, elements =        32
Solve Time =   0.2710E-08
 
nelt =       1, np =        32, nx1 =      20, elements =        32
Solve Time =   0.2710E-08
 
nelt =       1, np =        32, nx1 =      20, elements =        32
Solve Time =   0.2927E-08
 
nelt =       1, np =        32, nx1 =      20, elements =        32
Solve Time =   0.2916E-08
 
nelt =       1, np =        32, nx1 =      20, elements =        32
Solve Time =   0.2923E-08
 
nelt =       1, np =        32, nx1 =      20, elements =        32
Solve Time =   0.2914E-08
 
nelt =       1, np =        32, nx1 =      20, elements =        32
Solve Time =   0.2923E-08
 
nelt =       1, np =        32, nx1 =      20, elements =        32
Solve Time =   0.2916E-08
 
nelt =       1, np =        32, nx1 =      20, elements =        32
Solve Time =   0.2917E-08
 
nelt =       1, np =        32, nx1 =      20, elements =        32
Solve Time =   0.2915E-08
 
nelt =       1, np =        32, nx1 =      20, elements =        32
Solve Time =   0.2919E-08
 
nelt =       1, np =        32, nx1 =      20, elements =        32
Solve Time =   0.2920E-08
 
nelt =       1, np =        32, nx1 =      20, elements =        32
Solve Time =   0.3035E-08
 
nelt =       1, np =        32, nx1 =      20, elements =        32
Solve Time =   0.3030E-08
 
nelt =       1, np =        32, nx1 =      20, elements =        32
Solve Time =   0.3027E-08
 
nelt =       1, np =        32, nx1 =      20, elements =        32
Solve Time =   0.3026E-08
 
nelt =       1, np =        32, nx1 =      20, elements =        32
Solve Time =   0.3024E-08
 
nelt =       1, np =        32, nx1 =      20, elements =        32
Solve Time =   0.3029E-08
 
nelt =       1, np =        32, nx1 =      20, elements =        32
Solve Time =   0.3027E-08
 
nelt =       1, np =        32, nx1 =      20, elements =        32
Solve Time =   0.3024E-08
 
nelt =       1, np =        32, nx1 =      20, elements =        32
Solve Time =   0.3025E-08
 
nelt =       1, np =        32, nx1 =      20, elements =        32
Solve Time =   0.3030E-08
 
nelt =       1, np =        32, nx1 =      20, elements =        32
Solve Time =   0.3148E-08
 
nelt =       1, np =        32, nx1 =      20, elements =        32
Solve Time =   0.3136E-08
 
nelt =       1, np =        32, nx1 =      20, elements =        32
Solve Time =   0.3133E-08
 
nelt =       1, np =        32, nx1 =      20, elements =        32
Solve Time =   0.3135E-08
 
nelt =       1, np =        32, nx1 =      20, elements =        32
Solve Time =   0.3135E-08
 
nelt =       1, np =        32, nx1 =      20, elements =        32
Solve Time =   0.3136E-08
 
nelt =       1, np =        32, nx1 =      20, elements =        32
Solve Time =   0.3134E-08
 
nelt =       1, np =        32, nx1 =      20, elements =        32
Solve Time =   0.3134E-08
 
nelt =       1, np =        32, nx1 =      20, elements =        32
Solve Time =   0.3137E-08
 
nelt =       1, np =        32, nx1 =      20, elements =        32
Solve Time =   0.3136E-08
 schfile:
 /gpfs/theta-fs1/home/thilina/env/lx20/b5.sch                                   
                                                      
 20       32  1.0000E+00  1.0000E+00  1.0000E+00  error v
 20       32  1.0000E+00  1.0000E+00  1.0000E+00  error v
 20       32  1.0000E+00  1.0000E+00  1.0000E+00  error v
 20       32  1.0000E+00  1.0000E+00  1.0000E+00  error v
 20       32  1.0000E+00  1.0000E+00  1.0000E+00  error v
 20       32  1.0000E+00  1.0000E+00  1.0000E+00  error v
 20       32  1.0000E+00  1.0000E+00  1.0000E+00  error v
 20       32  1.0000E+00  1.0000E+00  1.0000E+00  error v
 20       32  1.0000E+00  1.0000E+00  1.0000E+00  error v
 20       32  1.0000E+00  1.0000E+00  1.0000E+00  error v
 20       32  1.0000E+00  1.0000E+00  1.0000E+00  error v
 20       32  1.0000E+00  1.0000E+00  1.0000E+00  error v
 20       32  1.0000E+00  1.0000E+00  1.0000E+00  error v
 20       32  1.0000E+00  1.0000E+00  1.0000E+00  error v
 20       32  1.0000E+00  1.0000E+00  1.0000E+00  error v
 20       32  1.0000E+00  1.0000E+00  1.0000E+00  error v
 20       32  1.0000E+00  1.0000E+00  1.0000E+00  error v
 20       32  1.0000E+00  1.0000E+00  1.0000E+00  error v
 20       32  1.0000E+00  1.0000E+00  1.0000E+00  error v
 20       32  1.0000E+00  1.0000E+00  1.0000E+00  error v
 20       32  1.0000E+00  1.0000E+00  1.0000E+00  error v
 20       32  1.0000E+00  1.0000E+00  1.0000E+00  error v
 20       32  1.0000E+00  1.0000E+00  1.0000E+00  error v
 20       32  1.0000E+00  1.0000E+00  1.0000E+00  error v
 20       32  1.0000E+00  1.0000E+00  1.0000E+00  error v
 20       32  1.0000E+00  1.0000E+00  1.0000E+00  error v
 20       32  1.0000E+00  1.0000E+00  1.0000E+00  error v
 20       32  1.0000E+00  1.0000E+00  1.0000E+00  error v
 20       32  1.0000E+00  1.0000E+00  1.0000E+00  error v
 20       32  1.0000E+00  1.0000E+00  1.0000E+00  error v
 20       32  1.0000E+00  1.0000E+00  1.0000E+00  error v
 20       32  1.0000E+00  1.0000E+00  1.0000E+00  error v
 
nelt =       1, np =        32, nx1 =      20, elements =        32
Solve Time =   0.3583E-08
 
nelt =       1, np =        32, nx1 =      20, elements =        32
Solve Time =   0.3547E-08
 
nelt =       1, np =        32, nx1 =      20, elements =        32
Solve Time =   0.3551E-08
 
nelt =       1, np =        32, nx1 =      20, elements =        32
Solve Time =   0.3546E-08
 
nelt =       1, np =        32, nx1 =      20, elements =        32
Solve Time =   0.3558E-08
 
nelt =       1, np =        32, nx1 =      20, elements =        32
Solve Time =   0.3547E-08
 
nelt =       1, np =        32, nx1 =      20, elements =        32
Solve Time =   0.3553E-08
 
nelt =       1, np =        32, nx1 =      20, elements =        32
Solve Time =   0.3541E-08
 
nelt =       1, np =        32, nx1 =      20, elements =        32
Solve Time =   0.3550E-08
 
nelt =       1, np =        32, nx1 =      20, elements =        32
Solve Time =   0.3556E-08
 20       32  4.5070E-03  4.5070E-03  4.5070E-03  error s
 20       32  4.5070E-03  4.5070E-03  4.5070E-03  error s
 20       32  4.5070E-03  4.5070E-03  4.5070E-03  error s
 20       32  4.5070E-03  4.5070E-03  4.5070E-03  error s
 20       32  4.5070E-03  4.5070E-03  4.5070E-03  error s
 20       32  4.5070E-03  4.5070E-03  4.5070E-03  error s
 20       32  4.5070E-03  4.5070E-03  4.5070E-03  error s
 20       32  4.5070E-03  4.5070E-03  4.5070E-03  error s
 20       32  4.5070E-03  4.5070E-03  4.5070E-03  error s
 20       32  4.5070E-03  4.5070E-03  4.5070E-03  error s
 20       32  4.5070E-03  4.5070E-03  4.5070E-03  error s
 20       32  4.5070E-03  4.5070E-03  4.5070E-03  error s
 20       32  4.5070E-03  4.5070E-03  4.5070E-03  error s
 20       32  4.5070E-03  4.5070E-03  4.5070E-03  error s
 20       32  4.5070E-03  4.5070E-03  4.5070E-03  error s
 20       32  4.5070E-03  4.5070E-03  4.5070E-03  error s
 20       32  4.5070E-03  4.5070E-03  4.5070E-03  error s
 20       32  4.5070E-03  4.5070E-03  4.5070E-03  error s
 20       32  4.5070E-03  4.5070E-03  4.5070E-03  error s
 20       32  4.5070E-03  4.5070E-03  4.5070E-03  error s
 20       32  4.5070E-03  4.5070E-03  4.5070E-03  error s
 20       32  4.5070E-03  4.5070E-03  4.5070E-03  error s
 20       32  4.5070E-03  4.5070E-03  4.5070E-03  error s
 20       32  4.5070E-03  4.5070E-03  4.5070E-03  error s
 20       32  4.5070E-03  4.5070E-03  4.5070E-03  error s
 20       32  4.5070E-03  4.5070E-03  4.5070E-03  error s
 20       32  4.5070E-03  4.5070E-03  4.5070E-03  error s
 20       32  4.5070E-03  4.5070E-03  4.5070E-03  error s
 20       32  4.5070E-03  4.5070E-03  4.5070E-03  error s
 20       32  4.5070E-03  4.5070E-03  4.5070E-03  error s
 20       32  4.5070E-03  4.5070E-03  4.5070E-03  error s
 20       32  4.5070E-03  4.5070E-03  4.5070E-03  error s
 
nelt =       1, np =        32, nx1 =      20, elements =        32
Solve Time =   0.4044E-08
 
nelt =       1, np =        32, nx1 =      20, elements =        32
Solve Time =   0.4022E-08
 
nelt =       1, np =        32, nx1 =      20, elements =        32
Solve Time =   0.4018E-08
 
nelt =       1, np =        32, nx1 =      20, elements =        32
Solve Time =   0.4018E-08
 
nelt =       1, np =        32, nx1 =      20, elements =        32
Solve Time =   0.4017E-08
 
nelt =       1, np =        32, nx1 =      20, elements =        32
Solve Time =   0.4019E-08
 
nelt =       1, np =        32, nx1 =      20, elements =        32
Solve Time =   0.4017E-08
 
nelt =       1, np =        32, nx1 =      20, elements =        32
Solve Time =   0.4018E-08
 
nelt =       1, np =        32, nx1 =      20, elements =        32
Solve Time =   0.4016E-08
 
nelt =       1, np =        32, nx1 =      20, elements =        32
Solve Time =   0.4018E-08
 20       32  4.5101E-03  4.5101E-03  4.5101E-03  error n
 20       32  4.5101E-03  4.5101E-03  4.5101E-03  error n
 20       32  4.5101E-03  4.5101E-03  4.5101E-03  error n
 20       32  4.5101E-03  4.5101E-03  4.5101E-03  error n
 20       32  4.5101E-03  4.5101E-03  4.5101E-03  error n
 20       32  4.5101E-03  4.5101E-03  4.5101E-03  error n
 20       32  4.5101E-03  4.5101E-03  4.5101E-03  error n
 20       32  4.5101E-03  4.5101E-03  4.5101E-03  error n
 20       32  4.5101E-03  4.5101E-03  4.5101E-03  error n
 20       32  4.5101E-03  4.5101E-03  4.5101E-03  error n
 20       32  4.5101E-03  4.5101E-03  4.5101E-03  error n
 20       32  4.5101E-03  4.5101E-03  4.5101E-03  error n
 20       32  4.5101E-03  4.5101E-03  4.5101E-03  error n
 20       32  4.5101E-03  4.5101E-03  4.5101E-03  error n
 20       32  4.5101E-03  4.5101E-03  4.5101E-03  error n
 20       32  4.5101E-03  4.5101E-03  4.5101E-03  error n
 20       32  4.5101E-03  4.5101E-03  4.5101E-03  error n
 20       32  4.5101E-03  4.5101E-03  4.5101E-03  error n
  19       32  100  0.0000E+00  0.0000E+00  0.0000E+00 time for 3 hmholtz
 20       32  4.5101E-03  4.5101E-03  4.5101E-03  error n
 20       32  4.5101E-03  4.5101E-03  4.5101E-03  error n
 20       32  4.5101E-03  4.5101E-03  4.5101E-03  error n
EXIT: quit after cggov         19
 20       32  4.5101E-03  4.5101E-03  4.5101E-03  error n
 20       32  4.5101E-03  4.5101E-03  4.5101E-03  error n
 20       32  4.5101E-03  4.5101E-03  4.5101E-03  error n
 20       32  4.5101E-03  4.5101E-03  4.5101E-03  error n
 20       32  4.5101E-03  4.5101E-03  4.5101E-03  error n
 20       32  4.5101E-03  4.5101E-03  4.5101E-03  error n
 20       32  4.5101E-03  4.5101E-03  4.5101E-03  error n
 20       32  4.5101E-03  4.5101E-03  4.5101E-03  error n
 20       32  4.5101E-03  4.5101E-03  4.5101E-03  error n
 20       32  4.5101E-03  4.5101E-03  4.5101E-03  error n
 20       32  4.5101E-03  4.5101E-03  4.5101E-03  error n
  
call exitt: dying ...
  
backtrace(): obtained 8 stack frames.
./nek5000() [0x786615]
./nek5000() [0x96a339]
./nek5000() [0x40e12c]
./nek5000() [0x426c46]
./nek5000() [0x4251fe]
./nek5000() [0x4054fe]
/lib64/libc.so.6(__libc_start_main+0xf5) [0x2aaab1ca3b25]
./nek5000() [0x405409]
  
total elapsed time             :   8.25119E+01 sec
total solver time incl. I/O    :   0.00000E+00 sec
time/timestep                  :   0.00000E+00 sec
CPU seconds/timestep/gridpt    :   0.00000E+00 sec

Application 2260320 resources: utime ~2570s, stime ~59s, Rss ~90252, inblocks ~0, outblocks ~0
