/----------------------------------------------------------\\
|      _   __ ______ __ __  ______  ____   ____   ____     |
|     / | / // ____// //_/ / ____/ / __ \\/ __ \\/ __ \\   |
|    /  |/ // __/  / ,<   /___ \\ / / / // / / // / / /    |
|   / /|  // /___ / /| | ____/ / / /_/ // /_/ // /_/ /     |
|  /_/ |_//_____//_/ |_|/_____/  \\___/ \\___/ \\___/      |
|                                                          |
|----------------------------------------------------------|
|                                                          |
| NEK5000:  Open Source Spectral Element Solver            |
| COPYRIGHT (c) 2008-2016 UCHICAGO ARGONNE, LLC            |
| Version:  16.0.0                                         |
| Web:      http://nek5000.mcs.anl.gov                     |
|                                                          |
\\----------------------------------------------------------/
                                                              

 Number of processors:          32
 REAL    wdsize      :           8
 INTEGER wdsize      :           4
 Timer accuracy      : 5.01E-07
 Reading /gpfs/theta-fs1/home/thilina/env/lx20/b6.rea                                                                                        

 mapping elements to processors
 Reading /gpfs/theta-fs1/home/thilina/env/lx20/b6.map                                                                                        
           0           2           2          64          64  NELV
          15           2           2          64          64  NELV
          18           2           2          64          64  NELV
          19           2           2          64          64  NELV
          21           2           2          64          64  NELV
           7           2           2          64          64  NELV
          25           2           2          64          64  NELV
           1           2           2          64          64  NELV
          24           2           2          64          64  NELV
          27           2           2          64          64  NELV
           6           2           2          64          64  NELV
          11           2           2          64          64  NELV
          28           2           2          64          64  NELV
          29           2           2          64          64  NELV
          12           2           2          64          64  NELV
          13           2           2          64          64  NELV
          20           2           2          64          64  NELV
          14           2           2          64          64  NELV
          16           2           2          64          64  NELV
           8           2           2          64          64  NELV
           9           2           2          64          64  NELV
          22           2           2          64          64  NELV
          23           2           2          64          64  NELV
          17           2           2          64          64  NELV
           2           2           2          64          64  NELV
           3           2           2          64          64  NELV
          31           2           2          64          64  NELV
          30           2           2          64          64  NELV
          10           2           2          64          64  NELV
          26           2           2          64          64  NELV
           5           2           2          64          64  NELV
           4           2           2          64          64  NELV
 RANK     0 IEG      53      54
 element load imbalance:            0           2           2
 done :: mapping elements to processors
  
           0  objects found
 118   Parameters from file:
   1      1.00000     p001 DENSITY
   2     -100.000     p002 VISCOS
   7      1.00000     p007 RHOCP
   8      1.00000     p008 CONDUCT
  11      1.00        p011 NSTEPS
  12    -0.500000E-02 p012 DT
  21     0.100000E-05 p021 DIVERGENCE
  22     0.100000E-07 p022 HELMHOLTZ
  24     0.100000E-09 p024 TOLREL
  25     0.100000E-09 p025 TOLABS
  26     0.250000     p026 COURANT/NTAU
  27      2.00000     p027 TORDER
  66      6.00000     p066 output : <0=ascii, else binary
  67      6.00000     p067 restart: <0=ascii, else binary
  99      3.00000     p099 dealiasing: <0--> off/3--> old/4--> new
 103     0.500000E-01 p103 weight of stabilizing filter (.01)
  
 nelgt/nelgv/lelt:          64          64         100
 lx1  /lx2  /lx3 :          20          20          20
 done :: read .rea file   0.66543E-01 sec

 setup mesh topology
   Right-handed check complete for      64 elements. OK.
   setvert3d:  20       83285      456533       83285       83285
 call usrsetvert
 done :: usrsetvert

gs_setup: 40357 unique labels shared
   pairwise times (avg, min, max): 7.58372e-05 7.44104e-05 8.44002e-05
   crystal router                : 0.000186308 0.000184202 0.000187993
   all reduce                    : 0.000809216 0.000805092 0.000813699
   used all_to_all method: pairwise
   handle bytes (avg, min, max): 74704 56396 92892
   buffer bytes (avg, min, max): 46240 32640 60160
   setupds time 7.7254E-02 seconds   0 20       83285          64
           8  max multiplicity
 done :: setup mesh topology
  
 call usrdat
 done :: usrdat

 generate geometry data
 done :: generate geometry data
  
 call usrdat2
 done :: usrdat2

 regenerate geometry data           1
 NOTE: All elements deformed , param(59) ^=0
 done :: regenerate geometry data           1
  
 verify mesh topology
  0.000000000000000E+000   1.00000000000000       Xrange
  0.000000000000000E+000   1.00000000000000       Yrange
  0.000000000000000E+000   1.00000000000000       Zrange
 done :: verify mesh topology
  
 IFTRAN   = T
 IFFLOW   = T
 IFHEAT   = F
 IFSPLIT  = T
 IFLOMACH = F
 IFUSERVP = F
 IFUSERMV = F
 IFSTRS   = F
 IFCHAR   = F
 IFCYCLIC = F
 IFAXIS   = F
 IFMVBD   = F
 IFMELT   = F
 IFMODEL  = F
 IFKEPS   = F
 IFMOAB   = F
 IFNEKNEK = F
 IFSYNC   = T
   
 IFVCOR   = T
 IFINTQ   = F
 IFCWUZ   = F
 IFSWALL  = F
 IFGEOM   = F
 IFSURT   = F
 IFWCNO   = F
   
 IFTMSH for field           1    =  F
 IFADVC for field           1    =  T
 IFNONL for field           1    =  F
   
 Dealiasing enabled, lxd=          30
  
 Estimated eigenvalues
 EIGAA =    9.86960440108936     
 EIGGA =    2820930.77895628     
 EIGAE =    9.86960440108936     
 EIGAS =   8.333333333333333E-002
 EIGGE =    2820930.77895628     
 EIGGS =    2.00000000000000     
  
 verify mesh topology
  0.000000000000000E+000   1.00000000000000       Xrange
  0.000000000000000E+000   1.00000000000000       Yrange
  0.000000000000000E+000   1.00000000000000       Zrange
 done :: verify mesh topology
  
  E-solver strategy:  0 itr
 mg_nx:           1          11          19
 mg_ny:           1          11          19
 mg_nz:           1          11          19
 call usrsetvert
 done :: usrsetvert

gs_setup: 109 unique labels shared
   pairwise times (avg, min, max): 4.14729e-05 3.86e-05 4.44889e-05
   crystal router                : 1.14977e-05 1.13964e-05 1.16825e-05
   all reduce                    : 3.60094e-05 3.57866e-05 3.61919e-05
   used all_to_all method: crystal router
   handle bytes (avg, min, max): 3808 3580 3988
   buffer bytes (avg, min, max): 540 496 560
   setupds time 4.4222E-03 seconds   1  2         125          64
   setvert3d:   4        1685        2197        1685        1685
 call usrsetvert
 done :: usrsetvert

gs_setup: 997 unique labels shared
   pairwise times (avg, min, max): 4.23513e-05 3.99828e-05 4.7493e-05
   crystal router                : 1.74761e-05 1.73092e-05 1.75953e-05
   all reduce                    : 6.84425e-05 6.79016e-05 6.88076e-05
   used all_to_all method: crystal router
   handle bytes (avg, min, max): 17752 15148 20116
   buffer bytes (avg, min, max): 3056 2704 3424
   setupds time 7.3581E-03 seconds   2  4        1685          64
   setvert3d:  12       27125       91125       27125       27125
 call usrsetvert
 done :: usrsetvert

gs_setup: 13509 unique labels shared
   pairwise times (avg, min, max): 5.66535e-05 5.40972e-05 6.29902e-05
   crystal router                : 5.79648e-05 5.74827e-05 5.86033e-05
   all reduce                    : 0.000457855 0.000455904 0.000462008
   used all_to_all method: crystal router
   handle bytes (avg, min, max): 188728 151660 224788
   buffer bytes (avg, min, max): 35048 28720 42080
   setupds time 2.7208E-02 seconds   3 12       27125          64
   setvert3d:  14       38285      148877       38285       38285
 call usrsetvert
 done :: usrsetvert

gs_setup: 18877 unique labels shared
   pairwise times (avg, min, max): 5.16266e-05 4.9305e-05 5.49793e-05
   crystal router                : 8.22067e-05 8.11815e-05 8.38041e-05
   all reduce                    : 0.000601345 0.000598216 0.000607896
   used all_to_all method: pairwise
   handle bytes (avg, min, max): 36328 27500 45084
   buffer bytes (avg, min, max): 22960 16128 30016
   setupds time 3.5052E-02 seconds   4 14       38285          64
 regenerate geometry data           1
 NOTE: All elements deformed , param(59) ^=0
 done :: regenerate geometry data           1
  
 h1_mg_nx:           1           3          19
 h1_mg_ny:           1           3          19
 h1_mg_nz:           1           3          19
 call usrsetvert
 done :: usrsetvert

gs_setup: 109 unique labels shared
   pairwise times (avg, min, max): 4.88102e-05 4.63963e-05 5.13077e-05
   crystal router                : 1.04129e-05 1.01805e-05 1.05143e-05
   all reduce                    : 3.8974e-05 3.87907e-05 3.91006e-05
   used all_to_all method: crystal router
   handle bytes (avg, min, max): 3808 3580 3988
   buffer bytes (avg, min, max): 540 496 560
   setupds time 4.8461E-03 seconds   5  2         125          64
   setvert3d:   4        1685        2197        1685        1685
 call usrsetvert
 done :: usrsetvert

gs_setup: 997 unique labels shared
   pairwise times (avg, min, max): 3.81559e-05 3.62158e-05 4.03881e-05
   crystal router                : 1.74269e-05 1.72853e-05 1.75953e-05
   all reduce                    : 7.36974e-05 6.9499e-05 7.43866e-05
   used all_to_all method: crystal router
   handle bytes (avg, min, max): 17752 15148 20116
   buffer bytes (avg, min, max): 3056 2704 3424
   setupds time 7.4611E-03 seconds   6  4        1685          64
   setvert3d:   4        1685        2197        1685        1685
 call usrsetvert
 done :: usrsetvert

gs_setup: 997 unique labels shared
   pairwise times (avg, min, max): 3.95037e-05 3.7694e-05 4.27008e-05
   crystal router                : 1.8277e-05 1.79052e-05 1.88112e-05
   all reduce                    : 7.59311e-05 7.51019e-05 7.66039e-05
   used all_to_all method: crystal router
   handle bytes (avg, min, max): 17752 15148 20116
   buffer bytes (avg, min, max): 3056 2704 3424
   setupds time 6.3899E-03 seconds   7  4        1685          64
   setvert3d:   6        5165        9261        5165        5165
 call usrsetvert
 done :: usrsetvert

gs_setup: 2781 unique labels shared
   pairwise times (avg, min, max): 4.16808e-05 3.86e-05 4.48942e-05
   crystal router                : 2.82362e-05 2.7895e-05 2.89917e-05
   all reduce                    : 0.000121862 0.000120902 0.00012269
   used all_to_all method: crystal router
   handle bytes (avg, min, max): 43216 35740 50260
   buffer bytes (avg, min, max): 7784 6832 9056
   setupds time 8.7512E-03 seconds   8  6        5165          64
   setvert3d:  20       83285      456533       83285       83285
 call usrsetvert
 done :: usrsetvert

gs_setup: 40357 unique labels shared
   pairwise times (avg, min, max): 5.61431e-05 5.39064e-05 6.13213e-05
   crystal router                : 0.000180803 0.000179386 0.000182199
   all reduce                    : 0.000794009 0.000791693 0.0007967
   used all_to_all method: pairwise
   handle bytes (avg, min, max): 74704 56396 92892
   buffer bytes (avg, min, max): 46240 32640 60160
   setupds time 6.3798E-02 seconds   9 20       83285          64
   setvert3d:  22      102125      614125      102125      102125
 call usrsetvert
 done :: usrsetvert

gs_setup: 49309 unique labels shared
   pairwise times (avg, min, max): 5.73941e-05 5.49793e-05 6.22988e-05
   crystal router                : 0.000208049 0.000206184 0.000210714
   all reduce                    : 0.000933313 0.000930095 0.000936198
   used all_to_all method: pairwise
   handle bytes (avg, min, max): 90568 68332 112668
   buffer bytes (avg, min, max): 55792 39424 72512
   setupds time 7.7555E-02 seconds  10 22      102125          64
 setup h1 coarse grid, nx_crs=           2
 call usrsetvert
 done :: usrsetvert

gs_setup: 109 unique labels shared
   pairwise times (avg, min, max): 3.81023e-05 3.60966e-05 4.12941e-05
   crystal router                : 1.34647e-05 1.29938e-05 1.36852e-05
   all reduce                    : 3.71881e-05 3.69072e-05 3.7384e-05
   used all_to_all method: crystal router
   handle bytes (avg, min, max): 3808 3580 3988
   buffer bytes (avg, min, max): 540 496 560
 done :: setup h1 coarse grid   2.373194694519043E-002  sec
  
 call usrdat3
 done :: usrdat3

 set initial conditions
 nekuic (1) for ifld            1
 call nekuic for vel  
 xyz min     0.0000       0.0000       0.0000    
 uvwpt min   0.0000       0.0000       0.0000       0.0000       0.0000    
 PS min      0.0000       0.0000      0.99000E+22
 xyz max     1.0000       1.0000       1.0000    
 uvwpt max   0.0000       0.0000       0.0000       0.0000       0.0000    
 PS max      0.0000       0.0000     -0.99000E+22
 done :: set initial conditions
  
 call userchk
GFM max:  5.1917E-04  5.1917E-04  5.1917E-04  4.2892E-17  4.4911E-17  4.3740E-17
 
nelt =       2, np =        32, nx1 =      20, elements =        64
Solve Time =   0.3049E-08
 
nelt =       2, np =        32, nx1 =      20, elements =        64
Solve Time =   0.3025E-08
 
nelt =       2, np =        32, nx1 =      20, elements =        64
Solve Time =   0.3024E-08
 
nelt =       2, np =        32, nx1 =      20, elements =        64
Solve Time =   0.3018E-08
 
nelt =       2, np =        32, nx1 =      20, elements =        64
Solve Time =   0.3017E-08
 
nelt =       2, np =        32, nx1 =      20, elements =        64
Solve Time =   0.3016E-08
 
nelt =       2, np =        32, nx1 =      20, elements =        64
Solve Time =   0.3018E-08
 
nelt =       2, np =        32, nx1 =      20, elements =        64
Solve Time =   0.3012E-08
 
nelt =       2, np =        32, nx1 =      20, elements =        64
Solve Time =   0.3014E-08
 
nelt =       2, np =        32, nx1 =      20, elements =        64
Solve Time =   0.3012E-08
 
nelt =       2, np =        32, nx1 =      20, elements =        64
Solve Time =   0.2680E-08
 
nelt =       2, np =        32, nx1 =      20, elements =        64
Solve Time =   0.2669E-08
 
nelt =       2, np =        32, nx1 =      20, elements =        64
Solve Time =   0.2665E-08
 
nelt =       2, np =        32, nx1 =      20, elements =        64
Solve Time =   0.2668E-08
 
nelt =       2, np =        32, nx1 =      20, elements =        64
Solve Time =   0.2666E-08
 
nelt =       2, np =        32, nx1 =      20, elements =        64
Solve Time =   0.2669E-08
 
nelt =       2, np =        32, nx1 =      20, elements =        64
Solve Time =   0.2666E-08
 
nelt =       2, np =        32, nx1 =      20, elements =        64
Solve Time =   0.2667E-08
 
nelt =       2, np =        32, nx1 =      20, elements =        64
Solve Time =   0.2667E-08
 
nelt =       2, np =        32, nx1 =      20, elements =        64
Solve Time =   0.2667E-08
 
nelt =       2, np =        32, nx1 =      20, elements =        64
Solve Time =   0.2805E-08
 
nelt =       2, np =        32, nx1 =      20, elements =        64
Solve Time =   0.2797E-08
 
nelt =       2, np =        32, nx1 =      20, elements =        64
Solve Time =   0.2801E-08
 
nelt =       2, np =        32, nx1 =      20, elements =        64
Solve Time =   0.2801E-08
 
nelt =       2, np =        32, nx1 =      20, elements =        64
Solve Time =   0.2797E-08
 
nelt =       2, np =        32, nx1 =      20, elements =        64
Solve Time =   0.2800E-08
 
nelt =       2, np =        32, nx1 =      20, elements =        64
Solve Time =   0.2798E-08
 
nelt =       2, np =        32, nx1 =      20, elements =        64
Solve Time =   0.2800E-08
 
nelt =       2, np =        32, nx1 =      20, elements =        64
Solve Time =   0.2799E-08
 
nelt =       2, np =        32, nx1 =      20, elements =        64
Solve Time =   0.2800E-08
 
nelt =       2, np =        32, nx1 =      20, elements =        64
Solve Time =   0.2901E-08
 
nelt =       2, np =        32, nx1 =      20, elements =        64
Solve Time =   0.2894E-08
 
nelt =       2, np =        32, nx1 =      20, elements =        64
Solve Time =   0.2899E-08
 
nelt =       2, np =        32, nx1 =      20, elements =        64
Solve Time =   0.2897E-08
 
nelt =       2, np =        32, nx1 =      20, elements =        64
Solve Time =   0.2898E-08
 
nelt =       2, np =        32, nx1 =      20, elements =        64
Solve Time =   0.2896E-08
 
nelt =       2, np =        32, nx1 =      20, elements =        64
Solve Time =   0.2895E-08
 
nelt =       2, np =        32, nx1 =      20, elements =        64
Solve Time =   0.2893E-08
 
nelt =       2, np =        32, nx1 =      20, elements =        64
Solve Time =   0.2895E-08
 
nelt =       2, np =        32, nx1 =      20, elements =        64
Solve Time =   0.2895E-08
 
nelt =       2, np =        32, nx1 =      20, elements =        64
Solve Time =   0.2998E-08
 
nelt =       2, np =        32, nx1 =      20, elements =        64
Solve Time =   0.2988E-08
 
nelt =       2, np =        32, nx1 =      20, elements =        64
Solve Time =   0.2989E-08
 
nelt =       2, np =        32, nx1 =      20, elements =        64
Solve Time =   0.2989E-08
 
nelt =       2, np =        32, nx1 =      20, elements =        64
Solve Time =   0.2990E-08
 
nelt =       2, np =        32, nx1 =      20, elements =        64
Solve Time =   0.2988E-08
 
nelt =       2, np =        32, nx1 =      20, elements =        64
Solve Time =   0.2988E-08
 
nelt =       2, np =        32, nx1 =      20, elements =        64
Solve Time =   0.2992E-08
 
nelt =       2, np =        32, nx1 =      20, elements =        64
Solve Time =   0.2987E-08
 
nelt =       2, np =        32, nx1 =      20, elements =        64
Solve Time =   0.2991E-08
 schfile:
 /gpfs/theta-fs1/home/thilina/env/lx20/b6.sch                                   
                                                      
 20       64  1.0000E+00  1.0000E+00  1.0000E+00  error v
 20       64  1.0000E+00  1.0000E+00  1.0000E+00  error v
 20       64  1.0000E+00  1.0000E+00  1.0000E+00  error v
 20       64  1.0000E+00  1.0000E+00  1.0000E+00  error v
 20       64  1.0000E+00  1.0000E+00  1.0000E+00  error v
 20       64  1.0000E+00  1.0000E+00  1.0000E+00  error v
 20       64  1.0000E+00  1.0000E+00  1.0000E+00  error v
 20       64  1.0000E+00  1.0000E+00  1.0000E+00  error v
 20       64  1.0000E+00  1.0000E+00  1.0000E+00  error v
 20       64  1.0000E+00  1.0000E+00  1.0000E+00  error v
 20       64  1.0000E+00  1.0000E+00  1.0000E+00  error v
 20       64  1.0000E+00  1.0000E+00  1.0000E+00  error v
 20       64  1.0000E+00  1.0000E+00  1.0000E+00  error v
 20       64  1.0000E+00  1.0000E+00  1.0000E+00  error v
 20       64  1.0000E+00  1.0000E+00  1.0000E+00  error v
 20       64  1.0000E+00  1.0000E+00  1.0000E+00  error v
 20       64  1.0000E+00  1.0000E+00  1.0000E+00  error v
 20       64  1.0000E+00  1.0000E+00  1.0000E+00  error v
 20       64  1.0000E+00  1.0000E+00  1.0000E+00  error v
 20       64  1.0000E+00  1.0000E+00  1.0000E+00  error v
 20       64  1.0000E+00  1.0000E+00  1.0000E+00  error v
 20       64  1.0000E+00  1.0000E+00  1.0000E+00  error v
 20       64  1.0000E+00  1.0000E+00  1.0000E+00  error v
 20       64  1.0000E+00  1.0000E+00  1.0000E+00  error v
 20       64  1.0000E+00  1.0000E+00  1.0000E+00  error v
 20       64  1.0000E+00  1.0000E+00  1.0000E+00  error v
 20       64  1.0000E+00  1.0000E+00  1.0000E+00  error v
 20       64  1.0000E+00  1.0000E+00  1.0000E+00  error v
 20       64  1.0000E+00  1.0000E+00  1.0000E+00  error v
 20       64  1.0000E+00  1.0000E+00  1.0000E+00  error v
 20       64  1.0000E+00  1.0000E+00  1.0000E+00  error v
 20       64  1.0000E+00  1.0000E+00  1.0000E+00  error v
 
nelt =       2, np =        32, nx1 =      20, elements =        64
Solve Time =   0.3230E-08
 
nelt =       2, np =        32, nx1 =      20, elements =        64
Solve Time =   0.3229E-08
 
nelt =       2, np =        32, nx1 =      20, elements =        64
Solve Time =   0.3224E-08
 
nelt =       2, np =        32, nx1 =      20, elements =        64
Solve Time =   0.3223E-08
 
nelt =       2, np =        32, nx1 =      20, elements =        64
Solve Time =   0.3226E-08
 
nelt =       2, np =        32, nx1 =      20, elements =        64
Solve Time =   0.3223E-08
 
nelt =       2, np =        32, nx1 =      20, elements =        64
Solve Time =   0.3226E-08
 
nelt =       2, np =        32, nx1 =      20, elements =        64
Solve Time =   0.3220E-08
 
nelt =       2, np =        32, nx1 =      20, elements =        64
Solve Time =   0.3230E-08
 
nelt =       2, np =        32, nx1 =      20, elements =        64
Solve Time =   0.3221E-08
 20       64  1.2001E-04  1.2001E-04  1.2001E-04  error s
 20       64  1.2001E-04  1.2001E-04  1.2001E-04  error s
 20       64  1.2001E-04  1.2001E-04  1.2001E-04  error s
 20       64  1.2001E-04  1.2001E-04  1.2001E-04  error s
 20       64  1.2001E-04  1.2001E-04  1.2001E-04  error s
 20       64  1.2001E-04  1.2001E-04  1.2001E-04  error s
 20       64  1.2001E-04  1.2001E-04  1.2001E-04  error s
 20       64  1.2001E-04  1.2001E-04  1.2001E-04  error s
 20       64  1.2001E-04  1.2001E-04  1.2001E-04  error s
 20       64  1.2001E-04  1.2001E-04  1.2001E-04  error s
 20       64  1.2001E-04  1.2001E-04  1.2001E-04  error s
 20       64  1.2001E-04  1.2001E-04  1.2001E-04  error s
 20       64  1.2001E-04  1.2001E-04  1.2001E-04  error s
 20       64  1.2001E-04  1.2001E-04  1.2001E-04  error s
 20       64  1.2001E-04  1.2001E-04  1.2001E-04  error s
 20       64  1.2001E-04  1.2001E-04  1.2001E-04  error s
 20       64  1.2001E-04  1.2001E-04  1.2001E-04  error s
 20       64  1.2001E-04  1.2001E-04  1.2001E-04  error s
 20       64  1.2001E-04  1.2001E-04  1.2001E-04  error s
 20       64  1.2001E-04  1.2001E-04  1.2001E-04  error s
 20       64  1.2001E-04  1.2001E-04  1.2001E-04  error s
 20       64  1.2001E-04  1.2001E-04  1.2001E-04  error s
 20       64  1.2001E-04  1.2001E-04  1.2001E-04  error s
 20       64  1.2001E-04  1.2001E-04  1.2001E-04  error s
 20       64  1.2001E-04  1.2001E-04  1.2001E-04  error s
 20       64  1.2001E-04  1.2001E-04  1.2001E-04  error s
 20       64  1.2001E-04  1.2001E-04  1.2001E-04  error s
 20       64  1.2001E-04  1.2001E-04  1.2001E-04  error s
 20       64  1.2001E-04  1.2001E-04  1.2001E-04  error s
 20       64  1.2001E-04  1.2001E-04  1.2001E-04  error s
 20       64  1.2001E-04  1.2001E-04  1.2001E-04  error s
 20       64  1.2001E-04  1.2001E-04  1.2001E-04  error s
 
nelt =       2, np =        32, nx1 =      20, elements =        64
Solve Time =   0.3706E-08
 
nelt =       2, np =        32, nx1 =      20, elements =        64
Solve Time =   0.3687E-08
 
nelt =       2, np =        32, nx1 =      20, elements =        64
Solve Time =   0.3691E-08
 
nelt =       2, np =        32, nx1 =      20, elements =        64
Solve Time =   0.3689E-08
 
nelt =       2, np =        32, nx1 =      20, elements =        64
Solve Time =   0.3692E-08
 
nelt =       2, np =        32, nx1 =      20, elements =        64
Solve Time =   0.3692E-08
 
nelt =       2, np =        32, nx1 =      20, elements =        64
Solve Time =   0.3690E-08
 
nelt =       2, np =        32, nx1 =      20, elements =        64
Solve Time =   0.3692E-08
 
nelt =       2, np =        32, nx1 =      20, elements =        64
Solve Time =   0.3691E-08
 
nelt =       2, np =        32, nx1 =      20, elements =        64
Solve Time =   0.3690E-08
 20       64  1.2057E-04  1.2057E-04  1.2057E-04  error n
 20       64  1.2057E-04  1.2057E-04  1.2057E-04  error n
 20       64  1.2057E-04  1.2057E-04  1.2057E-04  error n
 20       64  1.2057E-04  1.2057E-04  1.2057E-04  error n
  19       64  100  0.0000E+00  0.0000E+00  0.0000E+00 time for 3 hmholtz
 20       64  1.2057E-04  1.2057E-04  1.2057E-04  error n
EXIT: quit after cggov         19
 20       64  1.2057E-04  1.2057E-04  1.2057E-04  error n
 20       64  1.2057E-04  1.2057E-04  1.2057E-04  error n
 20       64  1.2057E-04  1.2057E-04  1.2057E-04  error n
 20       64  1.2057E-04  1.2057E-04  1.2057E-04  error n
 20       64  1.2057E-04  1.2057E-04  1.2057E-04  error n
 20       64  1.2057E-04  1.2057E-04  1.2057E-04  error n
 20       64  1.2057E-04  1.2057E-04  1.2057E-04  error n
 20       64  1.2057E-04  1.2057E-04  1.2057E-04  error n
 20       64  1.2057E-04  1.2057E-04  1.2057E-04  error n
 20       64  1.2057E-04  1.2057E-04  1.2057E-04  error n
 20       64  1.2057E-04  1.2057E-04  1.2057E-04  error n
 20       64  1.2057E-04  1.2057E-04  1.2057E-04  error n
 20       64  1.2057E-04  1.2057E-04  1.2057E-04  error n
 20       64  1.2057E-04  1.2057E-04  1.2057E-04  error n
 20       64  1.2057E-04  1.2057E-04  1.2057E-04  error n
 20       64  1.2057E-04  1.2057E-04  1.2057E-04  error n
 20       64  1.2057E-04  1.2057E-04  1.2057E-04  error n
 20       64  1.2057E-04  1.2057E-04  1.2057E-04  error n
 20       64  1.2057E-04  1.2057E-04  1.2057E-04  error n
 20       64  1.2057E-04  1.2057E-04  1.2057E-04  error n
 20       64  1.2057E-04  1.2057E-04  1.2057E-04  error n
 20       64  1.2057E-04  1.2057E-04  1.2057E-04  error n
 20       64  1.2057E-04  1.2057E-04  1.2057E-04  error n
 20       64  1.2057E-04  1.2057E-04  1.2057E-04  error n
 20       64  1.2057E-04  1.2057E-04  1.2057E-04  error n
 20       64  1.2057E-04  1.2057E-04  1.2057E-04  error n
 20       64  1.2057E-04  1.2057E-04  1.2057E-04  error n
  
call exitt: dying ...
  
backtrace(): obtained 8 stack frames.
./nek5000() [0x786615]
./nek5000() [0x96a339]
./nek5000() [0x40e12c]
./nek5000() [0x426c46]
./nek5000() [0x4251fe]
./nek5000() [0x4054fe]
/lib64/libc.so.6(__libc_start_main+0xf5) [0x2aaab1ca3b25]
./nek5000() [0x405409]
  
total elapsed time             :   1.42412E+02 sec
total solver time incl. I/O    :   0.00000E+00 sec
time/timestep                  :   0.00000E+00 sec
CPU seconds/timestep/gridpt    :   0.00000E+00 sec

Application 2260316 resources: utime ~4455s, stime ~87s, Rss ~99740, inblocks ~0, outblocks ~0
