/----------------------------------------------------------\\
|      _   __ ______ __ __  ______  ____   ____   ____     |
|     / | / // ____// //_/ / ____/ / __ \\/ __ \\/ __ \\   |
|    /  |/ // __/  / ,<   /___ \\ / / / // / / // / / /    |
|   / /|  // /___ / /| | ____/ / / /_/ // /_/ // /_/ /     |
|  /_/ |_//_____//_/ |_|/_____/  \\___/ \\___/ \\___/      |
|                                                          |
|----------------------------------------------------------|
|                                                          |
| NEK5000:  Open Source Spectral Element Solver            |
| COPYRIGHT (c) 2008-2016 UCHICAGO ARGONNE, LLC            |
| Version:  16.0.0                                         |
| Web:      http://nek5000.mcs.anl.gov                     |
|                                                          |
\\----------------------------------------------------------/
                                                              

 Number of processors:          64
 REAL    wdsize      :           8
 INTEGER wdsize      :           4
 Timer accuracy      : 4.05E-07
 Reading /gpfs/theta-fs1/home/thilina/env/lx20/b7.rea                                                                                        

 mapping elements to processors
 Reading /gpfs/theta-fs1/home/thilina/env/lx20/b7.map                                                                                        
           0           2           2         128         128  NELV
          14           2           2         128         128  NELV
          15           2           2         128         128  NELV
           9           2           2         128         128  NELV
          16           2           2         128         128  NELV
          28           2           2         128         128  NELV
          26           2           2         128         128  NELV
           8           2           2         128         128  NELV
          11           2           2         128         128  NELV
          13           2           2         128         128  NELV
           6           2           2         128         128  NELV
          30           2           2         128         128  NELV
           4           2           2         128         128  NELV
           5           2           2         128         128  NELV
          24           2           2         128         128  NELV
          19           2           2         128         128  NELV
          25           2           2         128         128  NELV
          29           2           2         128         128  NELV
          21           2           2         128         128  NELV
          27           2           2         128         128  NELV
          18           2           2         128         128  NELV
          20           2           2         128         128  NELV
          10           2           2         128         128  NELV
          17           2           2         128         128  NELV
          31           2           2         128         128  NELV
          12           2           2         128         128  NELV
          23           2           2         128         128  NELV
           7           2           2         128         128  NELV
          22           2           2         128         128  NELV
           3           2           2         128         128  NELV
           2           2           2         128         128  NELV
           1           2           2         128         128  NELV
          59           2           2         128         128  NELV
          62           2           2         128         128  NELV
          37           2           2         128         128  NELV
          52           2           2         128         128  NELV
          50           2           2         128         128  NELV
          34           2           2         128         128  NELV
 RANK     0 IEG     117     118
 element load imbalance:            0           2           2
 done :: mapping elements to processors
  
          44           2           2         128         128  NELV
          58           2           2         128         128  NELV
          46           2           2         128         128  NELV
          43           2           2         128         128  NELV
          48           2           2         128         128  NELV
          53           2           2         128         128  NELV
          36           2           2         128         128  NELV
          35           2           2         128         128  NELV
          54           2           2         128         128  NELV
          63           2           2         128         128  NELV
          38           2           2         128         128  NELV
          39           2           2         128         128  NELV
          33           2           2         128         128  NELV
          32           2           2         128         128  NELV
          51           2           2         128         128  NELV
          56           2           2         128         128  NELV
          57           2           2         128         128  NELV
          61           2           2         128         128  NELV
          55           2           2         128         128  NELV
          49           2           2         128         128  NELV
          60           2           2         128         128  NELV
          45           2           2         128         128  NELV
          41           2           2         128         128  NELV
          47           2           2         128         128  NELV
          42           2           2         128         128  NELV
          40           2           2         128         128  NELV
           0  objects found
 118   Parameters from file:
   1      1.00000     p001 DENSITY
   2     -100.000     p002 VISCOS
   7      1.00000     p007 RHOCP
   8      1.00000     p008 CONDUCT
  11      1.00        p011 NSTEPS
  12    -0.500000E-02 p012 DT
  21     0.100000E-05 p021 DIVERGENCE
  22     0.100000E-07 p022 HELMHOLTZ
  24     0.100000E-09 p024 TOLREL
  25     0.100000E-09 p025 TOLABS
  26     0.250000     p026 COURANT/NTAU
  27      2.00000     p027 TORDER
  66      6.00000     p066 output : <0=ascii, else binary
  67      6.00000     p067 restart: <0=ascii, else binary
  99      3.00000     p099 dealiasing: <0--> off/3--> old/4--> new
 103     0.500000E-01 p103 weight of stabilizing filter (.01)
  
 nelgt/nelgv/lelt:         128         128         100
 lx1  /lx2  /lx3 :          20          20          20
 done :: read .rea file   0.12697     sec

 setup mesh topology
   Right-handed check complete for     128 elements. OK.
   setvert3d:  20      160641      907137      160641      160641
 call usrsetvert
 done :: usrsetvert

gs_setup: 86033 unique labels shared
   pairwise times (avg, min, max): 9.81502e-05 8.7285e-05 0.000112486
   crystal router                : 0.000330391 0.000320601 0.000346088
   all reduce                    : 0.00187638 0.0018656 0.00188639
   used all_to_all method: pairwise
   handle bytes (avg, min, max): 79266 56396 92892
   buffer bytes (avg, min, max): 49680 32640 60160
   setupds time 1.4383E-01 seconds   0 20      160641         128
           8  max multiplicity
 done :: setup mesh topology
  
 call usrdat
 done :: usrdat

 generate geometry data
 done :: generate geometry data
  
 call usrdat2
 done :: usrdat2

 regenerate geometry data           1
 NOTE: All elements deformed , param(59) ^=0
 done :: regenerate geometry data           1
  
 verify mesh topology
  0.000000000000000E+000   1.00000000000000       Xrange
  0.000000000000000E+000   1.00000000000000       Yrange
  0.000000000000000E+000   1.00000000000000       Zrange
 done :: verify mesh topology
  
 IFTRAN   = T
 IFFLOW   = T
 IFHEAT   = F
 IFSPLIT  = T
 IFLOMACH = F
 IFUSERVP = F
 IFUSERMV = F
 IFSTRS   = F
 IFCHAR   = F
 IFCYCLIC = F
 IFAXIS   = F
 IFMVBD   = F
 IFMELT   = F
 IFMODEL  = F
 IFKEPS   = F
 IFMOAB   = F
 IFNEKNEK = F
 IFSYNC   = T
   
 IFVCOR   = T
 IFINTQ   = F
 IFCWUZ   = F
 IFSWALL  = F
 IFGEOM   = F
 IFSURT   = F
 IFWCNO   = F
   
 IFTMSH for field           1    =  F
 IFADVC for field           1    =  T
 IFNONL for field           1    =  F
   
 Dealiasing enabled, lxd=          30
  
 Estimated eigenvalues
 EIGAA =    9.86960440108936     
 EIGGA =    3764670.45214971     
 EIGAE =    9.86960440108936     
 EIGAS =   8.333333333333333E-002
 EIGGE =    3764670.45214971     
 EIGGS =    2.00000000000000     
  
 verify mesh topology
  0.000000000000000E+000   1.00000000000000       Xrange
  0.000000000000000E+000   1.00000000000000       Yrange
  0.000000000000000E+000   1.00000000000000       Zrange
 done :: verify mesh topology
  
  E-solver strategy:  0 itr
 mg_nx:           1          11          19
 mg_ny:           1          11          19
 mg_nz:           1          11          19
 call usrsetvert
 done :: usrsetvert

gs_setup: 209 unique labels shared
   pairwise times (avg, min, max): 6.57517e-05 5.60045e-05 7.72953e-05
   crystal router                : 2.63456e-05 2.59161e-05 2.67982e-05
   all reduce                    : 5.73125e-05 5.61953e-05 5.84126e-05
   used all_to_all method: crystal router
   handle bytes (avg, min, max): 4455 3948 4764
   buffer bytes (avg, min, max): 590 496 656
   setupds time 6.2320E-03 seconds   1  2         225         128
   setvert3d:   4        3201        4225        3201        3201
 call usrsetvert
 done :: usrsetvert

gs_setup: 2065 unique labels shared
   pairwise times (avg, min, max): 6.79225e-05 5.97e-05 7.71046e-05
   crystal router                : 3.45889e-05 3.39985e-05 3.56913e-05
   all reduce                    : 0.000207204 0.000205803 0.000209308
   used all_to_all method: crystal router
   handle bytes (avg, min, max): 21315 16668 24300
   buffer bytes (avg, min, max): 3296 2704 3600
   setupds time 1.4809E-02 seconds   2  4        3201         128
   setvert3d:  12       52225      180225       52225       52225
 call usrsetvert
 done :: usrsetvert

gs_setup: 28689 unique labels shared
   pairwise times (avg, min, max): 8.31373e-05 6.86884e-05 9.7394e-05
   crystal router                : 9.59154e-05 9.45807e-05 9.82046e-05
   all reduce                    : 0.00112426 0.00111921 0.00113399
   used all_to_all method: pairwise
   handle bytes (avg, min, max): 28210 20172 32988
   buffer bytes (avg, min, max): 18288 11904 22272
   setupds time 7.1275E-02 seconds   3 12       52225         128
   setvert3d:  14       73761      294945       73761       73761
 call usrsetvert
 done :: usrsetvert

gs_setup: 40145 unique labels shared
   pairwise times (avg, min, max): 8.32915e-05 7.26938e-05 9.67026e-05
   crystal router                : 0.000145174 0.00014329 0.000146985
   all reduce                    : 0.000934526 0.000931907 0.000938582
   used all_to_all method: pairwise
   handle bytes (avg, min, max): 38526 27500 45084
   buffer bytes (avg, min, max): 24696 16128 30016
   setupds time 5.9954E-02 seconds   4 14       73761         128
 regenerate geometry data           1
 NOTE: All elements deformed , param(59) ^=0
 done :: regenerate geometry data           1
  
 h1_mg_nx:           1           3          19
 h1_mg_ny:           1           3          19
 h1_mg_nz:           1           3          19
 call usrsetvert
 done :: usrsetvert

gs_setup: 209 unique labels shared
   pairwise times (avg, min, max): 6.8232e-05 5.55992e-05 7.95841e-05
   crystal router                : 5.84215e-05 5.8198e-05 5.86987e-05
   all reduce                    : 6.6603e-05 6.58989e-05 6.71148e-05
   used all_to_all method: crystal router
   handle bytes (avg, min, max): 4455 3948 4764
   buffer bytes (avg, min, max): 590 496 656
   setupds time 6.8941E-03 seconds   5  2         225         128
   setvert3d:   4        3201        4225        3201        3201
 call usrsetvert
 done :: usrsetvert

gs_setup: 2065 unique labels shared
   pairwise times (avg, min, max): 7.09023e-05 6.33001e-05 8.10146e-05
   crystal router                : 3.31242e-05 3.28064e-05 3.36885e-05
   all reduce                    : 0.000220394 0.000219202 0.000222516
   used all_to_all method: crystal router
   handle bytes (avg, min, max): 21315 16668 24300
   buffer bytes (avg, min, max): 3296 2704 3600
   setupds time 2.0158E-02 seconds   6  4        3201         128
   setvert3d:   4        3201        4225        3201        3201
 call usrsetvert
 done :: usrsetvert

gs_setup: 2065 unique labels shared
   pairwise times (avg, min, max): 6.72191e-05 5.85079e-05 7.81059e-05
   crystal router                : 3.68066e-05 3.5882e-05 3.74079e-05
   all reduce                    : 0.000207768 0.000206399 0.000209904
   used all_to_all method: crystal router
   handle bytes (avg, min, max): 21315 16668 24300
   buffer bytes (avg, min, max): 3296 2704 3600
   setupds time 9.8629E-03 seconds   7  4        3201         128
   setvert3d:   6        9889       18081        9889        9889
 call usrsetvert
 done :: usrsetvert

gs_setup: 5841 unique labels shared
   pairwise times (avg, min, max): 6.93098e-05 6.07967e-05 8.0514e-05
   crystal router                : 3.88656e-05 3.829e-05 3.93867e-05
   all reduce                    : 0.000331957 0.0003299 0.000335717
   used all_to_all method: crystal router
   handle bytes (avg, min, max): 52287 39372 60732
   buffer bytes (avg, min, max): 8336 6832 9056
   setupds time 1.3950E-02 seconds   8  6        9889         128
   setvert3d:  20      160641      907137      160641      160641
 call usrsetvert
 done :: usrsetvert

gs_setup: 86033 unique labels shared
   pairwise times (avg, min, max): 9.52192e-05 8.1706e-05 0.000109291
   crystal router                : 0.000312316 0.000308084 0.00031662
   all reduce                    : 0.00181484 0.00180631 0.00182312
   used all_to_all method: pairwise
   handle bytes (avg, min, max): 79266 56396 92892
   buffer bytes (avg, min, max): 49680 32640 60160
   setupds time 1.0997E-01 seconds   9 20      160641         128
   setvert3d:  22      197025     1221025      197025      197025
 call usrsetvert
 done :: usrsetvert

gs_setup: 105169 unique labels shared
   pairwise times (avg, min, max): 9.19752e-05 8.02994e-05 0.000104308
   crystal router                : 0.000373373 0.000367093 0.00037868
   used all_to_all method: pairwise
   handle bytes (avg, min, max): 96110 68332 112668
   buffer bytes (avg, min, max): 59928 39424 72512
   setupds time 1.0454E-01 seconds  10 22      197025         128
 setup h1 coarse grid, nx_crs=           2
 call usrsetvert
 done :: usrsetvert

gs_setup: 209 unique labels shared
   pairwise times (avg, min, max): 6.19229e-05 5.21898e-05 7.09772e-05
   crystal router                : 2.64779e-05 2.61068e-05 2.68936e-05
   all reduce                    : 6.06541e-05 6.001e-05 6.1202e-05
   used all_to_all method: crystal router
   handle bytes (avg, min, max): 4455 3948 4764
   buffer bytes (avg, min, max): 590 496 656
 done :: setup h1 coarse grid   2.890586853027344E-002  sec
  
 call usrdat3
 done :: usrdat3

 set initial conditions
 nekuic (1) for ifld            1
 call nekuic for vel  
 xyz min     0.0000       0.0000       0.0000    
 uvwpt min   0.0000       0.0000       0.0000       0.0000       0.0000    
 PS min      0.0000       0.0000      0.99000E+22
 xyz max     1.0000       1.0000       1.0000    
 uvwpt max   0.0000       0.0000       0.0000       0.0000       0.0000    
 PS max      0.0000       0.0000     -0.99000E+22
 done :: set initial conditions
  
 call userchk
GFM max:  2.5958E-04  2.5958E-04  1.0383E-03  2.1446E-17  7.4022E-17  7.2559E-17
 
nelt =       2, np =        64, nx1 =      20, elements =       128
Solve Time =   0.1698E-08
 
nelt =       2, np =        64, nx1 =      20, elements =       128
Solve Time =   0.1669E-08
 
nelt =       2, np =        64, nx1 =      20, elements =       128
Solve Time =   0.1666E-08
 
nelt =       2, np =        64, nx1 =      20, elements =       128
Solve Time =   0.1666E-08
 
nelt =       2, np =        64, nx1 =      20, elements =       128
Solve Time =   0.1663E-08
 
nelt =       2, np =        64, nx1 =      20, elements =       128
Solve Time =   0.1668E-08
 
nelt =       2, np =        64, nx1 =      20, elements =       128
Solve Time =   0.1664E-08
 
nelt =       2, np =        64, nx1 =      20, elements =       128
Solve Time =   0.1664E-08
 
nelt =       2, np =        64, nx1 =      20, elements =       128
Solve Time =   0.1665E-08
 
nelt =       2, np =        64, nx1 =      20, elements =       128
Solve Time =   0.1663E-08
 
nelt =       2, np =        64, nx1 =      20, elements =       128
Solve Time =   0.1432E-08
 
nelt =       2, np =        64, nx1 =      20, elements =       128
Solve Time =   0.1425E-08
 
nelt =       2, np =        64, nx1 =      20, elements =       128
Solve Time =   0.1424E-08
 
nelt =       2, np =        64, nx1 =      20, elements =       128
Solve Time =   0.1424E-08
 
nelt =       2, np =        64, nx1 =      20, elements =       128
Solve Time =   0.1425E-08
 
nelt =       2, np =        64, nx1 =      20, elements =       128
Solve Time =   0.1426E-08
 
nelt =       2, np =        64, nx1 =      20, elements =       128
Solve Time =   0.1424E-08
 
nelt =       2, np =        64, nx1 =      20, elements =       128
Solve Time =   0.1424E-08
 
nelt =       2, np =        64, nx1 =      20, elements =       128
Solve Time =   0.1426E-08
 
nelt =       2, np =        64, nx1 =      20, elements =       128
Solve Time =   0.1424E-08
 
nelt =       2, np =        64, nx1 =      20, elements =       128
Solve Time =   0.1559E-08
 
nelt =       2, np =        64, nx1 =      20, elements =       128
Solve Time =   0.1525E-08
 
nelt =       2, np =        64, nx1 =      20, elements =       128
Solve Time =   0.1524E-08
 
nelt =       2, np =        64, nx1 =      20, elements =       128
Solve Time =   0.1526E-08
 
nelt =       2, np =        64, nx1 =      20, elements =       128
Solve Time =   0.1526E-08
 
nelt =       2, np =        64, nx1 =      20, elements =       128
Solve Time =   0.1525E-08
 
nelt =       2, np =        64, nx1 =      20, elements =       128
Solve Time =   0.1525E-08
 
nelt =       2, np =        64, nx1 =      20, elements =       128
Solve Time =   0.1525E-08
 
nelt =       2, np =        64, nx1 =      20, elements =       128
Solve Time =   0.1526E-08
 
nelt =       2, np =        64, nx1 =      20, elements =       128
Solve Time =   0.1525E-08
 
nelt =       2, np =        64, nx1 =      20, elements =       128
Solve Time =   0.1606E-08
 
nelt =       2, np =        64, nx1 =      20, elements =       128
Solve Time =   0.1604E-08
 
nelt =       2, np =        64, nx1 =      20, elements =       128
Solve Time =   0.1604E-08
 
nelt =       2, np =        64, nx1 =      20, elements =       128
Solve Time =   0.1606E-08
 
nelt =       2, np =        64, nx1 =      20, elements =       128
Solve Time =   0.1603E-08
 
nelt =       2, np =        64, nx1 =      20, elements =       128
Solve Time =   0.1604E-08
 
nelt =       2, np =        64, nx1 =      20, elements =       128
Solve Time =   0.1604E-08
 
nelt =       2, np =        64, nx1 =      20, elements =       128
Solve Time =   0.1607E-08
 
nelt =       2, np =        64, nx1 =      20, elements =       128
Solve Time =   0.1602E-08
 
nelt =       2, np =        64, nx1 =      20, elements =       128
Solve Time =   0.1602E-08
 
nelt =       2, np =        64, nx1 =      20, elements =       128
Solve Time =   0.1715E-08
 
nelt =       2, np =        64, nx1 =      20, elements =       128
Solve Time =   0.1682E-08
 
nelt =       2, np =        64, nx1 =      20, elements =       128
Solve Time =   0.1683E-08
 
nelt =       2, np =        64, nx1 =      20, elements =       128
Solve Time =   0.1682E-08
 
nelt =       2, np =        64, nx1 =      20, elements =       128
Solve Time =   0.1683E-08
 
nelt =       2, np =        64, nx1 =      20, elements =       128
Solve Time =   0.1682E-08
 
nelt =       2, np =        64, nx1 =      20, elements =       128
Solve Time =   0.1681E-08
 
nelt =       2, np =        64, nx1 =      20, elements =       128
Solve Time =   0.1682E-08
 
nelt =       2, np =        64, nx1 =      20, elements =       128
Solve Time =   0.1681E-08
 
nelt =       2, np =        64, nx1 =      20, elements =       128
Solve Time =   0.1684E-08
 schfile:
 /gpfs/theta-fs1/home/thilina/env/lx20/b7.sch                                   
                                                      
 20      128  1.0000E+00  1.0000E+00  1.0000E+00  error v
 20      128  1.0000E+00  1.0000E+00  1.0000E+00  error v
 20      128  1.0000E+00  1.0000E+00  1.0000E+00  error v
 20      128  1.0000E+00  1.0000E+00  1.0000E+00  error v
 20      128  1.0000E+00  1.0000E+00  1.0000E+00  error v
 20      128  1.0000E+00  1.0000E+00  1.0000E+00  error v
 20      128  1.0000E+00  1.0000E+00  1.0000E+00  error v
 20      128  1.0000E+00  1.0000E+00  1.0000E+00  error v
 20      128  1.0000E+00  1.0000E+00  1.0000E+00  error v
 20      128  1.0000E+00  1.0000E+00  1.0000E+00  error v
 20      128  1.0000E+00  1.0000E+00  1.0000E+00  error v
 20      128  1.0000E+00  1.0000E+00  1.0000E+00  error v
 20      128  1.0000E+00  1.0000E+00  1.0000E+00  error v
 20      128  1.0000E+00  1.0000E+00  1.0000E+00  error v
 20      128  1.0000E+00  1.0000E+00  1.0000E+00  error v
 20      128  1.0000E+00  1.0000E+00  1.0000E+00  error v
 20      128  1.0000E+00  1.0000E+00  1.0000E+00  error v
 20      128  1.0000E+00  1.0000E+00  1.0000E+00  error v
 20      128  1.0000E+00  1.0000E+00  1.0000E+00  error v
 20      128  1.0000E+00  1.0000E+00  1.0000E+00  error v
 20      128  1.0000E+00  1.0000E+00  1.0000E+00  error v
 20      128  1.0000E+00  1.0000E+00  1.0000E+00  error v
 20      128  1.0000E+00  1.0000E+00  1.0000E+00  error v
 20      128  1.0000E+00  1.0000E+00  1.0000E+00  error v
 20      128  1.0000E+00  1.0000E+00  1.0000E+00  error v
 20      128  1.0000E+00  1.0000E+00  1.0000E+00  error v
 20      128  1.0000E+00  1.0000E+00  1.0000E+00  error v
 20      128  1.0000E+00  1.0000E+00  1.0000E+00  error v
 20      128  1.0000E+00  1.0000E+00  1.0000E+00  error v
 20      128  1.0000E+00  1.0000E+00  1.0000E+00  error v
 20      128  1.0000E+00  1.0000E+00  1.0000E+00  error v
 20      128  1.0000E+00  1.0000E+00  1.0000E+00  error v
 20      128  1.0000E+00  1.0000E+00  1.0000E+00  error v
 20      128  1.0000E+00  1.0000E+00  1.0000E+00  error v
 20      128  1.0000E+00  1.0000E+00  1.0000E+00  error v
 20      128  1.0000E+00  1.0000E+00  1.0000E+00  error v
 20      128  1.0000E+00  1.0000E+00  1.0000E+00  error v
 20      128  1.0000E+00  1.0000E+00  1.0000E+00  error v
 20      128  1.0000E+00  1.0000E+00  1.0000E+00  error v
 20      128  1.0000E+00  1.0000E+00  1.0000E+00  error v
 20      128  1.0000E+00  1.0000E+00  1.0000E+00  error v
 20      128  1.0000E+00  1.0000E+00  1.0000E+00  error v
 20      128  1.0000E+00  1.0000E+00  1.0000E+00  error v
 20      128  1.0000E+00  1.0000E+00  1.0000E+00  error v
 20      128  1.0000E+00  1.0000E+00  1.0000E+00  error v
 20      128  1.0000E+00  1.0000E+00  1.0000E+00  error v
 20      128  1.0000E+00  1.0000E+00  1.0000E+00  error v
 20      128  1.0000E+00  1.0000E+00  1.0000E+00  error v
 20      128  1.0000E+00  1.0000E+00  1.0000E+00  error v
 20      128  1.0000E+00  1.0000E+00  1.0000E+00  error v
 20      128  1.0000E+00  1.0000E+00  1.0000E+00  error v
 20      128  1.0000E+00  1.0000E+00  1.0000E+00  error v
 20      128  1.0000E+00  1.0000E+00  1.0000E+00  error v
 20      128  1.0000E+00  1.0000E+00  1.0000E+00  error v
 20      128  1.0000E+00  1.0000E+00  1.0000E+00  error v
 20      128  1.0000E+00  1.0000E+00  1.0000E+00  error v
 20      128  1.0000E+00  1.0000E+00  1.0000E+00  error v
 20      128  1.0000E+00  1.0000E+00  1.0000E+00  error v
 20      128  1.0000E+00  1.0000E+00  1.0000E+00  error v
 20      128  1.0000E+00  1.0000E+00  1.0000E+00  error v
 20      128  1.0000E+00  1.0000E+00  1.0000E+00  error v
 20      128  1.0000E+00  1.0000E+00  1.0000E+00  error v
 20      128  1.0000E+00  1.0000E+00  1.0000E+00  error v
 20      128  1.0000E+00  1.0000E+00  1.0000E+00  error v
 
nelt =       2, np =        64, nx1 =      20, elements =       128
Solve Time =   0.2008E-08
 
nelt =       2, np =        64, nx1 =      20, elements =       128
Solve Time =   0.1989E-08
 
nelt =       2, np =        64, nx1 =      20, elements =       128
Solve Time =   0.1986E-08
 
nelt =       2, np =        64, nx1 =      20, elements =       128
Solve Time =   0.1978E-08
 
nelt =       2, np =        64, nx1 =      20, elements =       128
Solve Time =   0.1989E-08
 
nelt =       2, np =        64, nx1 =      20, elements =       128
Solve Time =   0.1986E-08
 
nelt =       2, np =        64, nx1 =      20, elements =       128
Solve Time =   0.1989E-08
 
nelt =       2, np =        64, nx1 =      20, elements =       128
Solve Time =   0.1982E-08
 
nelt =       2, np =        64, nx1 =      20, elements =       128
Solve Time =   0.1983E-08
 
nelt =       2, np =        64, nx1 =      20, elements =       128
Solve Time =   0.1990E-08
 20      128  1.2841E-03  1.2841E-03  1.2841E-03  error s
 20      128  1.2841E-03  1.2841E-03  1.2841E-03  error s
 20      128  1.2841E-03  1.2841E-03  1.2841E-03  error s
 20      128  1.2841E-03  1.2841E-03  1.2841E-03  error s
 20      128  1.2841E-03  1.2841E-03  1.2841E-03  error s
 20      128  1.2841E-03  1.2841E-03  1.2841E-03  error s
 20      128  1.2841E-03  1.2841E-03  1.2841E-03  error s
 20      128  1.2841E-03  1.2841E-03  1.2841E-03  error s
 20      128  1.2841E-03  1.2841E-03  1.2841E-03  error s
 20      128  1.2841E-03  1.2841E-03  1.2841E-03  error s
 20      128  1.2841E-03  1.2841E-03  1.2841E-03  error s
 20      128  1.2841E-03  1.2841E-03  1.2841E-03  error s
 20      128  1.2841E-03  1.2841E-03  1.2841E-03  error s
 20      128  1.2841E-03  1.2841E-03  1.2841E-03  error s
 20      128  1.2841E-03  1.2841E-03  1.2841E-03  error s
 20      128  1.2841E-03  1.2841E-03  1.2841E-03  error s
 20      128  1.2841E-03  1.2841E-03  1.2841E-03  error s
 20      128  1.2841E-03  1.2841E-03  1.2841E-03  error s
 20      128  1.2841E-03  1.2841E-03  1.2841E-03  error s
 20      128  1.2841E-03  1.2841E-03  1.2841E-03  error s
 20      128  1.2841E-03  1.2841E-03  1.2841E-03  error s
 20      128  1.2841E-03  1.2841E-03  1.2841E-03  error s
 20      128  1.2841E-03  1.2841E-03  1.2841E-03  error s
 20      128  1.2841E-03  1.2841E-03  1.2841E-03  error s
 20      128  1.2841E-03  1.2841E-03  1.2841E-03  error s
 20      128  1.2841E-03  1.2841E-03  1.2841E-03  error s
 20      128  1.2841E-03  1.2841E-03  1.2841E-03  error s
 20      128  1.2841E-03  1.2841E-03  1.2841E-03  error s
 20      128  1.2841E-03  1.2841E-03  1.2841E-03  error s
 20      128  1.2841E-03  1.2841E-03  1.2841E-03  error s
 20      128  1.2841E-03  1.2841E-03  1.2841E-03  error s
 20      128  1.2841E-03  1.2841E-03  1.2841E-03  error s
 20      128  1.2841E-03  1.2841E-03  1.2841E-03  error s
 20      128  1.2841E-03  1.2841E-03  1.2841E-03  error s
 20      128  1.2841E-03  1.2841E-03  1.2841E-03  error s
 20      128  1.2841E-03  1.2841E-03  1.2841E-03  error s
 20      128  1.2841E-03  1.2841E-03  1.2841E-03  error s
 20      128  1.2841E-03  1.2841E-03  1.2841E-03  error s
 20      128  1.2841E-03  1.2841E-03  1.2841E-03  error s
 20      128  1.2841E-03  1.2841E-03  1.2841E-03  error s
 20      128  1.2841E-03  1.2841E-03  1.2841E-03  error s
 20      128  1.2841E-03  1.2841E-03  1.2841E-03  error s
 20      128  1.2841E-03  1.2841E-03  1.2841E-03  error s
 20      128  1.2841E-03  1.2841E-03  1.2841E-03  error s
 20      128  1.2841E-03  1.2841E-03  1.2841E-03  error s
 20      128  1.2841E-03  1.2841E-03  1.2841E-03  error s
 20      128  1.2841E-03  1.2841E-03  1.2841E-03  error s
 20      128  1.2841E-03  1.2841E-03  1.2841E-03  error s
 20      128  1.2841E-03  1.2841E-03  1.2841E-03  error s
 20      128  1.2841E-03  1.2841E-03  1.2841E-03  error s
 20      128  1.2841E-03  1.2841E-03  1.2841E-03  error s
 20      128  1.2841E-03  1.2841E-03  1.2841E-03  error s
 20      128  1.2841E-03  1.2841E-03  1.2841E-03  error s
 20      128  1.2841E-03  1.2841E-03  1.2841E-03  error s
 20      128  1.2841E-03  1.2841E-03  1.2841E-03  error s
 20      128  1.2841E-03  1.2841E-03  1.2841E-03  error s
 20      128  1.2841E-03  1.2841E-03  1.2841E-03  error s
 20      128  1.2841E-03  1.2841E-03  1.2841E-03  error s
 20      128  1.2841E-03  1.2841E-03  1.2841E-03  error s
 20      128  1.2841E-03  1.2841E-03  1.2841E-03  error s
 20      128  1.2841E-03  1.2841E-03  1.2841E-03  error s
 20      128  1.2841E-03  1.2841E-03  1.2841E-03  error s
 20      128  1.2841E-03  1.2841E-03  1.2841E-03  error s
 20      128  1.2841E-03  1.2841E-03  1.2841E-03  error s
 
nelt =       2, np =        64, nx1 =      20, elements =       128
Solve Time =   0.2204E-08
 
nelt =       2, np =        64, nx1 =      20, elements =       128
Solve Time =   0.2194E-08
 
nelt =       2, np =        64, nx1 =      20, elements =       128
Solve Time =   0.2192E-08
 
nelt =       2, np =        64, nx1 =      20, elements =       128
Solve Time =   0.2195E-08
 
nelt =       2, np =        64, nx1 =      20, elements =       128
Solve Time =   0.2196E-08
 
nelt =       2, np =        64, nx1 =      20, elements =       128
Solve Time =   0.2195E-08
 
nelt =       2, np =        64, nx1 =      20, elements =       128
Solve Time =   0.2197E-08
 
nelt =       2, np =        64, nx1 =      20, elements =       128
Solve Time =   0.2196E-08
 
nelt =       2, np =        64, nx1 =      20, elements =       128
Solve Time =   0.2197E-08
 
nelt =       2, np =        64, nx1 =      20, elements =       128
Solve Time =   0.2195E-08
 20      128  1.2842E-03  1.2842E-03  1.2842E-03  error n
 20      128  1.2842E-03  1.2842E-03  1.2842E-03  error n
 20      128  1.2842E-03  1.2842E-03  1.2842E-03  error n
 20      128  1.2842E-03  1.2842E-03  1.2842E-03  error n
 20      128  1.2842E-03  1.2842E-03  1.2842E-03  error n
 20      128  1.2842E-03  1.2842E-03  1.2842E-03  error n
 20      128  1.2842E-03  1.2842E-03  1.2842E-03  error n
 20      128  1.2842E-03  1.2842E-03  1.2842E-03  error n
 20      128  1.2842E-03  1.2842E-03  1.2842E-03  error n
 20      128  1.2842E-03  1.2842E-03  1.2842E-03  error n
 20      128  1.2842E-03  1.2842E-03  1.2842E-03  error n
 20      128  1.2842E-03  1.2842E-03  1.2842E-03  error n
 20      128  1.2842E-03  1.2842E-03  1.2842E-03  error n
 20      128  1.2842E-03  1.2842E-03  1.2842E-03  error n
 20      128  1.2842E-03  1.2842E-03  1.2842E-03  error n
 20      128  1.2842E-03  1.2842E-03  1.2842E-03  error n
 20      128  1.2842E-03  1.2842E-03  1.2842E-03  error n
 20      128  1.2842E-03  1.2842E-03  1.2842E-03  error n
 20      128  1.2842E-03  1.2842E-03  1.2842E-03  error n
 20      128  1.2842E-03  1.2842E-03  1.2842E-03  error n
 20      128  1.2842E-03  1.2842E-03  1.2842E-03  error n
 20      128  1.2842E-03  1.2842E-03  1.2842E-03  error n
 20      128  1.2842E-03  1.2842E-03  1.2842E-03  error n
 20      128  1.2842E-03  1.2842E-03  1.2842E-03  error n
 20      128  1.2842E-03  1.2842E-03  1.2842E-03  error n
 20      128  1.2842E-03  1.2842E-03  1.2842E-03  error n
 20      128  1.2842E-03  1.2842E-03  1.2842E-03  error n
 20      128  1.2842E-03  1.2842E-03  1.2842E-03  error n
 20      128  1.2842E-03  1.2842E-03  1.2842E-03  error n
 20      128  1.2842E-03  1.2842E-03  1.2842E-03  error n
 20      128  1.2842E-03  1.2842E-03  1.2842E-03  error n
 20      128  1.2842E-03  1.2842E-03  1.2842E-03  error n
 20      128  1.2842E-03  1.2842E-03  1.2842E-03  error n
 20      128  1.2842E-03  1.2842E-03  1.2842E-03  error n
 20      128  1.2842E-03  1.2842E-03  1.2842E-03  error n
 20      128  1.2842E-03  1.2842E-03  1.2842E-03  error n
 20      128  1.2842E-03  1.2842E-03  1.2842E-03  error n
 20      128  1.2842E-03  1.2842E-03  1.2842E-03  error n
  19      128  100  0.0000E+00  0.0000E+00  0.0000E+00 time for 3 hmholtz
 20      128  1.2842E-03  1.2842E-03  1.2842E-03  error n
 20      128  1.2842E-03  1.2842E-03  1.2842E-03  error n
 20      128  1.2842E-03  1.2842E-03  1.2842E-03  error n
 20      128  1.2842E-03  1.2842E-03  1.2842E-03  error n
 20      128  1.2842E-03  1.2842E-03  1.2842E-03  error n
 20      128  1.2842E-03  1.2842E-03  1.2842E-03  error n
 20      128  1.2842E-03  1.2842E-03  1.2842E-03  error n
 20      128  1.2842E-03  1.2842E-03  1.2842E-03  error n
 20      128  1.2842E-03  1.2842E-03  1.2842E-03  error n
 20      128  1.2842E-03  1.2842E-03  1.2842E-03  error n
 20      128  1.2842E-03  1.2842E-03  1.2842E-03  error n
 20      128  1.2842E-03  1.2842E-03  1.2842E-03  error n
 20      128  1.2842E-03  1.2842E-03  1.2842E-03  error n
 20      128  1.2842E-03  1.2842E-03  1.2842E-03  error n
 20      128  1.2842E-03  1.2842E-03  1.2842E-03  error n
EXIT: quit after cggov         19
 20      128  1.2842E-03  1.2842E-03  1.2842E-03  error n
 20      128  1.2842E-03  1.2842E-03  1.2842E-03  error n
 20      128  1.2842E-03  1.2842E-03  1.2842E-03  error n
 20      128  1.2842E-03  1.2842E-03  1.2842E-03  error n
 20      128  1.2842E-03  1.2842E-03  1.2842E-03  error n
 20      128  1.2842E-03  1.2842E-03  1.2842E-03  error n
 20      128  1.2842E-03  1.2842E-03  1.2842E-03  error n
 20      128  1.2842E-03  1.2842E-03  1.2842E-03  error n
 20      128  1.2842E-03  1.2842E-03  1.2842E-03  error n
 20      128  1.2842E-03  1.2842E-03  1.2842E-03  error n
 20      128  1.2842E-03  1.2842E-03  1.2842E-03  error n
  
call exitt: dying ...
  
backtrace(): obtained 8 stack frames.
./nek5000() [0x786615]
./nek5000() [0x96a339]
./nek5000() [0x40e12c]
./nek5000() [0x426c46]
./nek5000() [0x4251fe]
./nek5000() [0x4054fe]
/lib64/libc.so.6(__libc_start_main+0xf5) [0x2aaab1ca3b25]
./nek5000() [0x405409]
  
total elapsed time             :   2.90544E+02 sec
total solver time incl. I/O    :   0.00000E+00 sec
time/timestep                  :   0.00000E+00 sec
CPU seconds/timestep/gridpt    :   0.00000E+00 sec

Application 2260274 resources: utime ~18357s, stime ~182s, Rss ~105704, inblocks ~0, outblocks ~0
