/----------------------------------------------------------\\
|      _   __ ______ __ __  ______  ____   ____   ____     |
|     / | / // ____// //_/ / ____/ / __ \\/ __ \\/ __ \\   |
|    /  |/ // __/  / ,<   /___ \\ / / / // / / // / / /    |
|   / /|  // /___ / /| | ____/ / / /_/ // /_/ // /_/ /     |
|  /_/ |_//_____//_/ |_|/_____/  \\___/ \\___/ \\___/      |
|                                                          |
|----------------------------------------------------------|
|                                                          |
| NEK5000:  Open Source Spectral Element Solver            |
| COPYRIGHT (c) 2008-2016 UCHICAGO ARGONNE, LLC            |
| Version:  16.0.0                                         |
| Web:      http://nek5000.mcs.anl.gov                     |
|                                                          |
\\----------------------------------------------------------/
                                                              

 Number of processors:          64
 REAL    wdsize      :           8
 INTEGER wdsize      :           4
 Timer accuracy      : 4.05E-07
 Reading /gpfs/theta-fs1/home/thilina/env/lx20/b10.rea                                                                                       

 mapping elements to processors
 Reading /gpfs/theta-fs1/home/thilina/env/lx20/b10.map                                                                                       
          58          16          16        1024        1024  NELV
          44          16          16        1024        1024  NELV
          45          16          16        1024        1024  NELV
          49          16          16        1024        1024  NELV
          43          16          16        1024        1024  NELV
          24          16          16        1024        1024  NELV
          18          16          16        1024        1024  NELV
          21          16          16        1024        1024  NELV
           6          16          16        1024        1024  NELV
           0          16          16        1024        1024  NELV
          25          16          16        1024        1024  NELV
          26          16          16        1024        1024  NELV
          27          16          16        1024        1024  NELV
          10          16          16        1024        1024  NELV
          30          16          16        1024        1024  NELV
          20          16          16        1024        1024  NELV
          31          16          16        1024        1024  NELV
          13          16          16        1024        1024  NELV
          11          16          16        1024        1024  NELV
          22          16          16        1024        1024  NELV
           5          16          16        1024        1024  NELV
          29          16          16        1024        1024  NELV
           2          16          16        1024        1024  NELV
           9          16          16        1024        1024  NELV
           3          16          16        1024        1024  NELV
           4          16          16        1024        1024  NELV
           1          16          16        1024        1024  NELV
          15          16          16        1024        1024  NELV
          14          16          16        1024        1024  NELV
          28          16          16        1024        1024  NELV
          19          16          16        1024        1024  NELV
          12          16          16        1024        1024  NELV
          16          16          16        1024        1024  NELV
          23          16          16        1024        1024  NELV
           7          16          16        1024        1024  NELV
           8          16          16        1024        1024  NELV
          17          16          16        1024        1024  NELV
 RANK     0 IEG     897     898     899     900     905     906     907     908
                    961     962     963     964     969     970     971     972
 element load imbalance:            0          16          16
 done :: mapping elements to processors
  
          48          16          16        1024        1024  NELV
          59          16          16        1024        1024  NELV
          57          16          16        1024        1024  NELV
          37          16          16        1024        1024  NELV
          41          16          16        1024        1024  NELV
          56          16          16        1024        1024  NELV
          39          16          16        1024        1024  NELV
          38          16          16        1024        1024  NELV
          55          16          16        1024        1024  NELV
          51          16          16        1024        1024  NELV
          63          16          16        1024        1024  NELV
          62          16          16        1024        1024  NELV
          53          16          16        1024        1024  NELV
          46          16          16        1024        1024  NELV
          52          16          16        1024        1024  NELV
          54          16          16        1024        1024  NELV
          33          16          16        1024        1024  NELV
          42          16          16        1024        1024  NELV
          35          16          16        1024        1024  NELV
          50          16          16        1024        1024  NELV
          47          16          16        1024        1024  NELV
          60          16          16        1024        1024  NELV
          34          16          16        1024        1024  NELV
          36          16          16        1024        1024  NELV
          61          16          16        1024        1024  NELV
          40          16          16        1024        1024  NELV
          32          16          16        1024        1024  NELV
           0  objects found
 118   Parameters from file:
   1      1.00000     p001 DENSITY
   2     -100.000     p002 VISCOS
   7      1.00000     p007 RHOCP
   8      1.00000     p008 CONDUCT
  11      1.00        p011 NSTEPS
  12    -0.500000E-02 p012 DT
  21     0.100000E-05 p021 DIVERGENCE
  22     0.100000E-07 p022 HELMHOLTZ
  24     0.100000E-09 p024 TOLREL
  25     0.100000E-09 p025 TOLABS
  26     0.250000     p026 COURANT/NTAU
  27      2.00000     p027 TORDER
  66      6.00000     p066 output : <0=ascii, else binary
  67      6.00000     p067 restart: <0=ascii, else binary
  99      3.00000     p099 dealiasing: <0--> off/3--> old/4--> new
 103     0.500000E-01 p103 weight of stabilizing filter (.01)
  
 nelgt/nelgv/lelt:        1024        1024         100
 lx1  /lx2  /lx3 :          20          20          20
 done :: read .rea file   0.45961     sec

 setup mesh topology
   Right-handed check complete for    1024 elements. OK.
   setvert3d:  20     1167777     7139745     1167777     1167777
 call usrsetvert
 done :: usrsetvert

gs_setup: 345345 unique labels shared
   pairwise times (avg, min, max): 0.000161735 0.000138211 0.000182486
   crystal router                : 0.00110611 0.001091 0.0011157
   used all_to_all method: pairwise
   handle bytes (avg, min, max): 519912 431036 573020
   buffer bytes (avg, min, max): 185796 122928 224016
   setupds time 4.1156E-01 seconds   0 20     1167777        1024
           8  max multiplicity
 done :: setup mesh topology
  
 call usrdat
 done :: usrdat

 generate geometry data
 done :: generate geometry data
  
 call usrdat2
 done :: usrdat2

 regenerate geometry data           1
 NOTE: All elements deformed , param(59) ^=0
 done :: regenerate geometry data           1
  
 verify mesh topology
  0.000000000000000E+000   1.00000000000000       Xrange
  0.000000000000000E+000   1.00000000000000       Yrange
  0.000000000000000E+000   1.00000000000000       Zrange
 done :: verify mesh topology
  
 IFTRAN   = T
 IFFLOW   = T
 IFHEAT   = F
 IFSPLIT  = T
 IFLOMACH = F
 IFUSERVP = F
 IFUSERMV = F
 IFSTRS   = F
 IFCHAR   = F
 IFCYCLIC = F
 IFAXIS   = F
 IFMVBD   = F
 IFMELT   = F
 IFMODEL  = F
 IFKEPS   = F
 IFMOAB   = F
 IFNEKNEK = F
 IFSYNC   = T
   
 IFVCOR   = T
 IFINTQ   = F
 IFCWUZ   = F
 IFSWALL  = F
 IFGEOM   = F
 IFSURT   = F
 IFWCNO   = F
   
 IFTMSH for field           1    =  F
 IFADVC for field           1    =  T
 IFNONL for field           1    =  F
   
 Dealiasing enabled, lxd=          30
  
 Estimated eigenvalues
 EIGAA =    9.86960440108936     
 EIGGA =    15060164.7423994     
 EIGAE =    9.86960440108936     
 EIGAS =   8.333333333333333E-002
 EIGGE =    15060164.7423994     
 EIGGS =    2.00000000000000     
  
 verify mesh topology
  0.000000000000000E+000   1.00000000000000       Xrange
  0.000000000000000E+000   1.00000000000000       Yrange
  0.000000000000000E+000   1.00000000000000       Zrange
 done :: verify mesh topology
  
  E-solver strategy:  0 itr
 mg_nx:           1          11          19
 mg_ny:           1          11          19
 mg_nz:           1          11          19
 call usrsetvert
 done :: usrsetvert

gs_setup: 897 unique labels shared
   pairwise times (avg, min, max): 7.50817e-05 6.65903e-05 8.5783e-05
   crystal router                : 4.3295e-05 3.65019e-05 5.05924e-05
   all reduce                    : 0.000110869 0.000109911 0.000112104
   used all_to_all method: crystal router
   handle bytes (avg, min, max): 12161 10100 13460
   buffer bytes (avg, min, max): 1668 1392 1856
   setupds time 9.6431E-03 seconds   1  2        1377        1024
   setvert3d:   4       22433       30625       22433       22433
 call usrsetvert
 done :: usrsetvert

gs_setup: 8449 unique labels shared
   pairwise times (avg, min, max): 7.88279e-05 6.83069e-05 9.10997e-05
   crystal router                : 6.48078e-05 6.41108e-05 6.5589e-05
   all reduce                    : 0.000535934 0.000533605 0.000538516
   used all_to_all method: crystal router
   handle bytes (avg, min, max): 79417 60820 91636
   buffer bytes (avg, min, max): 11728 9440 12880
   setupds time 3.6424E-02 seconds   2  4       22433        1024
   setvert3d:  12      378017     1402017      378017      378017
 call usrsetvert
 done :: usrsetvert

gs_setup: 115457 unique labels shared
   pairwise times (avg, min, max): 0.000119597 0.000102401 0.00013411
   crystal router                : 0.000427861 0.000423622 0.000432491
   used all_to_all method: pairwise
   handle bytes (avg, min, max): 178824 148412 196956
   buffer bytes (avg, min, max): 65412 43056 79120
   setupds time 1.0778E-01 seconds   3 12      378017        1024
   setvert3d:  14      534753     2304225      534753      534753
 call usrsetvert
 done :: usrsetvert

gs_setup: 161409 unique labels shared
   pairwise times (avg, min, max): 0.000116254 0.000104618 0.000129986
   crystal router                : 0.000556596 0.000548315 0.00056839
   used all_to_all method: pairwise
   handle bytes (avg, min, max): 247392 205244 272540
   buffer bytes (avg, min, max): 89748 59184 108432
   setupds time 1.3423E-01 seconds   4 14      534753        1024
 regenerate geometry data           1
 NOTE: All elements deformed , param(59) ^=0
 done :: regenerate geometry data           1
  
 h1_mg_nx:           1           3          19
 h1_mg_ny:           1           3          19
 h1_mg_nz:           1           3          19
 call usrsetvert
 done :: usrsetvert

gs_setup: 897 unique labels shared
   pairwise times (avg, min, max): 6.1816e-05 5.40972e-05 7.25985e-05
   crystal router                : 2.96995e-05 2.90871e-05 3.05176e-05
   all reduce                    : 0.000101056 0.000100422 0.000101709
   used all_to_all method: crystal router
   handle bytes (avg, min, max): 12161 10100 13460
   buffer bytes (avg, min, max): 1668 1392 1856
   setupds time 8.1460E-03 seconds   5  2        1377        1024
   setvert3d:   4       22433       30625       22433       22433
 call usrsetvert
 done :: usrsetvert

gs_setup: 8449 unique labels shared
   pairwise times (avg, min, max): 6.75976e-05 5.88894e-05 7.8392e-05
   crystal router                : 6.8355e-05 6.7687e-05 6.97851e-05
   all reduce                    : 0.000527789 0.000522208 0.000536418
   used all_to_all method: crystal router
   handle bytes (avg, min, max): 79417 60820 91636
   buffer bytes (avg, min, max): 11728 9440 12880
   setupds time 3.4329E-02 seconds   6  4       22433        1024
   setvert3d:   4       22433       30625       22433       22433
 call usrsetvert
 done :: usrsetvert

gs_setup: 8449 unique labels shared
   pairwise times (avg, min, max): 6.46919e-05 5.60045e-05 7.49111e-05
   crystal router                : 6.76077e-05 6.69956e-05 6.83784e-05
   all reduce                    : 0.000463767 0.000461102 0.000470805
   used all_to_all method: crystal router
   handle bytes (avg, min, max): 79417 60820 91636
   buffer bytes (avg, min, max): 11728 9440 12880
   setupds time 1.8815E-02 seconds   7  4       22433        1024
   setvert3d:   6       70625      136161       70625       70625
 call usrsetvert
 done :: usrsetvert

gs_setup: 23681 unique labels shared
   pairwise times (avg, min, max): 7.07734e-05 6.09875e-05 8.06093e-05
   crystal router                : 8.92177e-05 8.8191e-05 9.16004e-05
   all reduce                    : 0.000970463 0.000965405 0.000977993
   used all_to_all method: pairwise
   handle bytes (avg, min, max): 39936 33212 43932
   buffer bytes (avg, min, max): 15444 10032 18832
   setupds time 6.2583E-02 seconds   8  6       70625        1024
   setvert3d:  20     1167777     7139745     1167777     1167777
 call usrsetvert
 done :: usrsetvert

gs_setup: 345345 unique labels shared
   pairwise times (avg, min, max): 0.000127239 0.000111794 0.000143003
   crystal router                : 0.00114824 0.00113549 0.00116229
   used all_to_all method: pairwise
   handle bytes (avg, min, max): 519912 431036 573020
   buffer bytes (avg, min, max): 185796 122928 224016
   setupds time 3.7952E-01 seconds   9 20     1167777        1024
   setvert3d:  22     1433057     9625057     1433057     1433057
 call usrsetvert
 done :: usrsetvert

gs_setup: 422017 unique labels shared
   pairwise times (avg, min, max): 0.000136127 0.00012269 0.00015111
   crystal router                : 0.00128492 0.00127079 0.0012969
   used all_to_all method: pairwise
   handle bytes (avg, min, max): 633024 524732 697756
   buffer bytes (avg, min, max): 225492 149296 271760
   setupds time 5.0436E-01 seconds  10 22     1433057        1024
 setup h1 coarse grid, nx_crs=           2
 call usrsetvert
 done :: usrsetvert

gs_setup: 897 unique labels shared
   pairwise times (avg, min, max): 5.57389e-05 4.8399e-05 6.50883e-05
   crystal router                : 3.19004e-05 3.13044e-05 3.29971e-05
   all reduce                    : 9.74279e-05 9.63926e-05 9.83e-05
   used all_to_all method: crystal router
   handle bytes (avg, min, max): 12161 10100 13460
   buffer bytes (avg, min, max): 1668 1392 1856
 done :: setup h1 coarse grid   0.141000032424927       sec
  
 call usrdat3
 done :: usrdat3

 set initial conditions
 nekuic (1) for ifld            1
 call nekuic for vel  
 xyz min     0.0000       0.0000       0.0000    
 uvwpt min   0.0000       0.0000       0.0000       0.0000       0.0000    
 PS min      0.0000       0.0000      0.99000E+22
 xyz max     1.0000       1.0000       1.0000    
 uvwpt max   0.0000       0.0000       0.0000       0.0000       0.0000    
 PS max      0.0000       0.0000     -0.99000E+22
 done :: set initial conditions
  
 call userchk
GFM max:  1.2979E-04  1.2979E-04  5.1917E-04  2.3552E-17  7.4607E-17  7.4607E-17
 
nelt =      16, np =        64, nx1 =      20, elements =      1024
Solve Time =   0.1447E-08
 
nelt =      16, np =        64, nx1 =      20, elements =      1024
Solve Time =   0.1436E-08
 
nelt =      16, np =        64, nx1 =      20, elements =      1024
Solve Time =   0.1440E-08
 
nelt =      16, np =        64, nx1 =      20, elements =      1024
Solve Time =   0.1436E-08
 
nelt =      16, np =        64, nx1 =      20, elements =      1024
Solve Time =   0.1436E-08
 
nelt =      16, np =        64, nx1 =      20, elements =      1024
Solve Time =   0.1440E-08
 
nelt =      16, np =        64, nx1 =      20, elements =      1024
Solve Time =   0.1436E-08
 
nelt =      16, np =        64, nx1 =      20, elements =      1024
Solve Time =   0.1436E-08
 
nelt =      16, np =        64, nx1 =      20, elements =      1024
Solve Time =   0.1440E-08
 
nelt =      16, np =        64, nx1 =      20, elements =      1024
Solve Time =   0.1436E-08
 
nelt =      16, np =        64, nx1 =      20, elements =      1024
Solve Time =   0.1306E-08
 
nelt =      16, np =        64, nx1 =      20, elements =      1024
Solve Time =   0.1309E-08
 
nelt =      16, np =        64, nx1 =      20, elements =      1024
Solve Time =   0.1305E-08
 
nelt =      16, np =        64, nx1 =      20, elements =      1024
Solve Time =   0.1305E-08
 
nelt =      16, np =        64, nx1 =      20, elements =      1024
Solve Time =   0.1309E-08
 
nelt =      16, np =        64, nx1 =      20, elements =      1024
Solve Time =   0.1305E-08
 
nelt =      16, np =        64, nx1 =      20, elements =      1024
Solve Time =   0.1305E-08
 
nelt =      16, np =        64, nx1 =      20, elements =      1024
Solve Time =   0.1309E-08
 
nelt =      16, np =        64, nx1 =      20, elements =      1024
Solve Time =   0.1305E-08
 
nelt =      16, np =        64, nx1 =      20, elements =      1024
Solve Time =   0.1305E-08
 
nelt =      16, np =        64, nx1 =      20, elements =      1024
Solve Time =   0.1353E-08
 
nelt =      16, np =        64, nx1 =      20, elements =      1024
Solve Time =   0.1349E-08
 
nelt =      16, np =        64, nx1 =      20, elements =      1024
Solve Time =   0.1349E-08
 
nelt =      16, np =        64, nx1 =      20, elements =      1024
Solve Time =   0.1353E-08
 
nelt =      16, np =        64, nx1 =      20, elements =      1024
Solve Time =   0.1348E-08
 
nelt =      16, np =        64, nx1 =      20, elements =      1024
Solve Time =   0.1349E-08
 
nelt =      16, np =        64, nx1 =      20, elements =      1024
Solve Time =   0.1352E-08
 
nelt =      16, np =        64, nx1 =      20, elements =      1024
Solve Time =   0.1349E-08
 
nelt =      16, np =        64, nx1 =      20, elements =      1024
Solve Time =   0.1349E-08
 
nelt =      16, np =        64, nx1 =      20, elements =      1024
Solve Time =   0.1353E-08
 
nelt =      16, np =        64, nx1 =      20, elements =      1024
Solve Time =   0.1398E-08
 
nelt =      16, np =        64, nx1 =      20, elements =      1024
Solve Time =   0.1398E-08
 
nelt =      16, np =        64, nx1 =      20, elements =      1024
Solve Time =   0.1401E-08
 
nelt =      16, np =        64, nx1 =      20, elements =      1024
Solve Time =   0.1397E-08
 
nelt =      16, np =        64, nx1 =      20, elements =      1024
Solve Time =   0.1398E-08
 
nelt =      16, np =        64, nx1 =      20, elements =      1024
Solve Time =   0.1402E-08
 
nelt =      16, np =        64, nx1 =      20, elements =      1024
Solve Time =   0.1397E-08
 
nelt =      16, np =        64, nx1 =      20, elements =      1024
Solve Time =   0.1397E-08
 
nelt =      16, np =        64, nx1 =      20, elements =      1024
Solve Time =   0.1402E-08
 
nelt =      16, np =        64, nx1 =      20, elements =      1024
Solve Time =   0.1397E-08
 
nelt =      16, np =        64, nx1 =      20, elements =      1024
Solve Time =   0.1449E-08
 
nelt =      16, np =        64, nx1 =      20, elements =      1024
Solve Time =   0.1453E-08
 
nelt =      16, np =        64, nx1 =      20, elements =      1024
Solve Time =   0.1449E-08
 
nelt =      16, np =        64, nx1 =      20, elements =      1024
Solve Time =   0.1453E-08
 
nelt =      16, np =        64, nx1 =      20, elements =      1024
Solve Time =   0.1449E-08
 
nelt =      16, np =        64, nx1 =      20, elements =      1024
Solve Time =   0.1449E-08
 
nelt =      16, np =        64, nx1 =      20, elements =      1024
Solve Time =   0.1453E-08
 
nelt =      16, np =        64, nx1 =      20, elements =      1024
Solve Time =   0.1448E-08
 
nelt =      16, np =        64, nx1 =      20, elements =      1024
Solve Time =   0.1448E-08
 
nelt =      16, np =        64, nx1 =      20, elements =      1024
Solve Time =   0.1452E-08
 schfile:
 /gpfs/theta-fs1/home/thilina/env/lx20/b10.sch                                  
                                                      
 20     1024  1.0000E+00  1.0000E+00  1.0000E+00  error v
 20     1024  1.0000E+00  1.0000E+00  1.0000E+00  error v
 20     1024  1.0000E+00  1.0000E+00  1.0000E+00  error v
 20     1024  1.0000E+00  1.0000E+00  1.0000E+00  error v
 20     1024  1.0000E+00  1.0000E+00  1.0000E+00  error v
 20     1024  1.0000E+00  1.0000E+00  1.0000E+00  error v
 20     1024  1.0000E+00  1.0000E+00  1.0000E+00  error v
 20     1024  1.0000E+00  1.0000E+00  1.0000E+00  error v
 20     1024  1.0000E+00  1.0000E+00  1.0000E+00  error v
 20     1024  1.0000E+00  1.0000E+00  1.0000E+00  error v
 20     1024  1.0000E+00  1.0000E+00  1.0000E+00  error v
 20     1024  1.0000E+00  1.0000E+00  1.0000E+00  error v
 20     1024  1.0000E+00  1.0000E+00  1.0000E+00  error v
 20     1024  1.0000E+00  1.0000E+00  1.0000E+00  error v
 20     1024  1.0000E+00  1.0000E+00  1.0000E+00  error v
 20     1024  1.0000E+00  1.0000E+00  1.0000E+00  error v
 20     1024  1.0000E+00  1.0000E+00  1.0000E+00  error v
 20     1024  1.0000E+00  1.0000E+00  1.0000E+00  error v
 20     1024  1.0000E+00  1.0000E+00  1.0000E+00  error v
 20     1024  1.0000E+00  1.0000E+00  1.0000E+00  error v
 20     1024  1.0000E+00  1.0000E+00  1.0000E+00  error v
 20     1024  1.0000E+00  1.0000E+00  1.0000E+00  error v
 20     1024  1.0000E+00  1.0000E+00  1.0000E+00  error v
 20     1024  1.0000E+00  1.0000E+00  1.0000E+00  error v
 20     1024  1.0000E+00  1.0000E+00  1.0000E+00  error v
 20     1024  1.0000E+00  1.0000E+00  1.0000E+00  error v
 20     1024  1.0000E+00  1.0000E+00  1.0000E+00  error v
 20     1024  1.0000E+00  1.0000E+00  1.0000E+00  error v
 20     1024  1.0000E+00  1.0000E+00  1.0000E+00  error v
 20     1024  1.0000E+00  1.0000E+00  1.0000E+00  error v
 20     1024  1.0000E+00  1.0000E+00  1.0000E+00  error v
 20     1024  1.0000E+00  1.0000E+00  1.0000E+00  error v
 20     1024  1.0000E+00  1.0000E+00  1.0000E+00  error v
 20     1024  1.0000E+00  1.0000E+00  1.0000E+00  error v
 20     1024  1.0000E+00  1.0000E+00  1.0000E+00  error v
 20     1024  1.0000E+00  1.0000E+00  1.0000E+00  error v
 20     1024  1.0000E+00  1.0000E+00  1.0000E+00  error v
 20     1024  1.0000E+00  1.0000E+00  1.0000E+00  error v
 20     1024  1.0000E+00  1.0000E+00  1.0000E+00  error v
 20     1024  1.0000E+00  1.0000E+00  1.0000E+00  error v
 20     1024  1.0000E+00  1.0000E+00  1.0000E+00  error v
 20     1024  1.0000E+00  1.0000E+00  1.0000E+00  error v
 20     1024  1.0000E+00  1.0000E+00  1.0000E+00  error v
 20     1024  1.0000E+00  1.0000E+00  1.0000E+00  error v
 20     1024  1.0000E+00  1.0000E+00  1.0000E+00  error v
 20     1024  1.0000E+00  1.0000E+00  1.0000E+00  error v
 20     1024  1.0000E+00  1.0000E+00  1.0000E+00  error v
 20     1024  1.0000E+00  1.0000E+00  1.0000E+00  error v
 20     1024  1.0000E+00  1.0000E+00  1.0000E+00  error v
 20     1024  1.0000E+00  1.0000E+00  1.0000E+00  error v
 20     1024  1.0000E+00  1.0000E+00  1.0000E+00  error v
 20     1024  1.0000E+00  1.0000E+00  1.0000E+00  error v
 20     1024  1.0000E+00  1.0000E+00  1.0000E+00  error v
 20     1024  1.0000E+00  1.0000E+00  1.0000E+00  error v
 20     1024  1.0000E+00  1.0000E+00  1.0000E+00  error v
 20     1024  1.0000E+00  1.0000E+00  1.0000E+00  error v
 20     1024  1.0000E+00  1.0000E+00  1.0000E+00  error v
 20     1024  1.0000E+00  1.0000E+00  1.0000E+00  error v
 20     1024  1.0000E+00  1.0000E+00  1.0000E+00  error v
 20     1024  1.0000E+00  1.0000E+00  1.0000E+00  error v
 20     1024  1.0000E+00  1.0000E+00  1.0000E+00  error v
 20     1024  1.0000E+00  1.0000E+00  1.0000E+00  error v
 20     1024  1.0000E+00  1.0000E+00  1.0000E+00  error v
 20     1024  1.0000E+00  1.0000E+00  1.0000E+00  error v
 
nelt =      16, np =        64, nx1 =      20, elements =      1024
Solve Time =   0.1538E-08
 
nelt =      16, np =        64, nx1 =      20, elements =      1024
Solve Time =   0.1541E-08
 
nelt =      16, np =        64, nx1 =      20, elements =      1024
Solve Time =   0.1538E-08
 
nelt =      16, np =        64, nx1 =      20, elements =      1024
Solve Time =   0.1537E-08
 
nelt =      16, np =        64, nx1 =      20, elements =      1024
Solve Time =   0.1541E-08
 
nelt =      16, np =        64, nx1 =      20, elements =      1024
Solve Time =   0.1538E-08
 
nelt =      16, np =        64, nx1 =      20, elements =      1024
Solve Time =   0.1541E-08
 
nelt =      16, np =        64, nx1 =      20, elements =      1024
Solve Time =   0.1538E-08
 
nelt =      16, np =        64, nx1 =      20, elements =      1024
Solve Time =   0.1538E-08
 
nelt =      16, np =        64, nx1 =      20, elements =      1024
Solve Time =   0.1543E-08
 20     1024  1.0126E-03  1.0126E-03  1.0126E-03  error s
 20     1024  1.0126E-03  1.0126E-03  1.0126E-03  error s
 20     1024  1.0126E-03  1.0126E-03  1.0126E-03  error s
 20     1024  1.0126E-03  1.0126E-03  1.0126E-03  error s
 20     1024  1.0126E-03  1.0126E-03  1.0126E-03  error s
 20     1024  1.0126E-03  1.0126E-03  1.0126E-03  error s
 20     1024  1.0126E-03  1.0126E-03  1.0126E-03  error s
 20     1024  1.0126E-03  1.0126E-03  1.0126E-03  error s
 20     1024  1.0126E-03  1.0126E-03  1.0126E-03  error s
 20     1024  1.0126E-03  1.0126E-03  1.0126E-03  error s
 20     1024  1.0126E-03  1.0126E-03  1.0126E-03  error s
 20     1024  1.0126E-03  1.0126E-03  1.0126E-03  error s
 20     1024  1.0126E-03  1.0126E-03  1.0126E-03  error s
 20     1024  1.0126E-03  1.0126E-03  1.0126E-03  error s
 20     1024  1.0126E-03  1.0126E-03  1.0126E-03  error s
 20     1024  1.0126E-03  1.0126E-03  1.0126E-03  error s
 20     1024  1.0126E-03  1.0126E-03  1.0126E-03  error s
 20     1024  1.0126E-03  1.0126E-03  1.0126E-03  error s
 20     1024  1.0126E-03  1.0126E-03  1.0126E-03  error s
 20     1024  1.0126E-03  1.0126E-03  1.0126E-03  error s
 20     1024  1.0126E-03  1.0126E-03  1.0126E-03  error s
 20     1024  1.0126E-03  1.0126E-03  1.0126E-03  error s
 20     1024  1.0126E-03  1.0126E-03  1.0126E-03  error s
 20     1024  1.0126E-03  1.0126E-03  1.0126E-03  error s
 20     1024  1.0126E-03  1.0126E-03  1.0126E-03  error s
 20     1024  1.0126E-03  1.0126E-03  1.0126E-03  error s
 20     1024  1.0126E-03  1.0126E-03  1.0126E-03  error s
 20     1024  1.0126E-03  1.0126E-03  1.0126E-03  error s
 20     1024  1.0126E-03  1.0126E-03  1.0126E-03  error s
 20     1024  1.0126E-03  1.0126E-03  1.0126E-03  error s
 20     1024  1.0126E-03  1.0126E-03  1.0126E-03  error s
 20     1024  1.0126E-03  1.0126E-03  1.0126E-03  error s
 20     1024  1.0126E-03  1.0126E-03  1.0126E-03  error s
 20     1024  1.0126E-03  1.0126E-03  1.0126E-03  error s
 20     1024  1.0126E-03  1.0126E-03  1.0126E-03  error s
 20     1024  1.0126E-03  1.0126E-03  1.0126E-03  error s
 20     1024  1.0126E-03  1.0126E-03  1.0126E-03  error s
 20     1024  1.0126E-03  1.0126E-03  1.0126E-03  error s
 20     1024  1.0126E-03  1.0126E-03  1.0126E-03  error s
 20     1024  1.0126E-03  1.0126E-03  1.0126E-03  error s
 20     1024  1.0126E-03  1.0126E-03  1.0126E-03  error s
 20     1024  1.0126E-03  1.0126E-03  1.0126E-03  error s
 20     1024  1.0126E-03  1.0126E-03  1.0126E-03  error s
 20     1024  1.0126E-03  1.0126E-03  1.0126E-03  error s
 20     1024  1.0126E-03  1.0126E-03  1.0126E-03  error s
 20     1024  1.0126E-03  1.0126E-03  1.0126E-03  error s
 20     1024  1.0126E-03  1.0126E-03  1.0126E-03  error s
 20     1024  1.0126E-03  1.0126E-03  1.0126E-03  error s
 20     1024  1.0126E-03  1.0126E-03  1.0126E-03  error s
 20     1024  1.0126E-03  1.0126E-03  1.0126E-03  error s
 20     1024  1.0126E-03  1.0126E-03  1.0126E-03  error s
 20     1024  1.0126E-03  1.0126E-03  1.0126E-03  error s
 20     1024  1.0126E-03  1.0126E-03  1.0126E-03  error s
 20     1024  1.0126E-03  1.0126E-03  1.0126E-03  error s
 20     1024  1.0126E-03  1.0126E-03  1.0126E-03  error s
 20     1024  1.0126E-03  1.0126E-03  1.0126E-03  error s
 20     1024  1.0126E-03  1.0126E-03  1.0126E-03  error s
 20     1024  1.0126E-03  1.0126E-03  1.0126E-03  error s
 20     1024  1.0126E-03  1.0126E-03  1.0126E-03  error s
 20     1024  1.0126E-03  1.0126E-03  1.0126E-03  error s
 20     1024  1.0126E-03  1.0126E-03  1.0126E-03  error s
 20     1024  1.0126E-03  1.0126E-03  1.0126E-03  error s
 20     1024  1.0126E-03  1.0126E-03  1.0126E-03  error s
 20     1024  1.0126E-03  1.0126E-03  1.0126E-03  error s
 
nelt =      16, np =        64, nx1 =      20, elements =      1024
Solve Time =   0.1814E-08
 
nelt =      16, np =        64, nx1 =      20, elements =      1024
Solve Time =   0.1810E-08
 
nelt =      16, np =        64, nx1 =      20, elements =      1024
Solve Time =   0.1811E-08
 
nelt =      16, np =        64, nx1 =      20, elements =      1024
Solve Time =   0.1811E-08
 
nelt =      16, np =        64, nx1 =      20, elements =      1024
Solve Time =   0.1808E-08
 
nelt =      16, np =        64, nx1 =      20, elements =      1024
Solve Time =   0.1811E-08
 
nelt =      16, np =        64, nx1 =      20, elements =      1024
Solve Time =   0.1808E-08
 
nelt =      16, np =        64, nx1 =      20, elements =      1024
Solve Time =   0.1811E-08
 
nelt =      16, np =        64, nx1 =      20, elements =      1024
Solve Time =   0.1808E-08
 
nelt =      16, np =        64, nx1 =      20, elements =      1024
Solve Time =   0.1811E-08
 20     1024  1.0131E-03  1.0131E-03  1.0131E-03  error n
 20     1024  1.0131E-03  1.0131E-03  1.0131E-03  error n
 20     1024  1.0131E-03  1.0131E-03  1.0131E-03  error n
 20     1024  1.0131E-03  1.0131E-03  1.0131E-03  error n
 20     1024  1.0131E-03  1.0131E-03  1.0131E-03  error n
 20     1024  1.0131E-03  1.0131E-03  1.0131E-03  error n
 20     1024  1.0131E-03  1.0131E-03  1.0131E-03  error n
 20     1024  1.0131E-03  1.0131E-03  1.0131E-03  error n
 20     1024  1.0131E-03  1.0131E-03  1.0131E-03  error n
  19     1024  100  0.0000E+00  0.0000E+00  0.0000E+00 time for 3 hmholtz
 20     1024  1.0131E-03  1.0131E-03  1.0131E-03  error n
 20     1024  1.0131E-03  1.0131E-03  1.0131E-03  error n
EXIT: quit after cggov         19
 20     1024  1.0131E-03  1.0131E-03  1.0131E-03  error n
 20     1024  1.0131E-03  1.0131E-03  1.0131E-03  error n
 20     1024  1.0131E-03  1.0131E-03  1.0131E-03  error n
 20     1024  1.0131E-03  1.0131E-03  1.0131E-03  error n
 20     1024  1.0131E-03  1.0131E-03  1.0131E-03  error n
 20     1024  1.0131E-03  1.0131E-03  1.0131E-03  error n
 20     1024  1.0131E-03  1.0131E-03  1.0131E-03  error n
 20     1024  1.0131E-03  1.0131E-03  1.0131E-03  error n
 20     1024  1.0131E-03  1.0131E-03  1.0131E-03  error n
 20     1024  1.0131E-03  1.0131E-03  1.0131E-03  error n
 20     1024  1.0131E-03  1.0131E-03  1.0131E-03  error n
 20     1024  1.0131E-03  1.0131E-03  1.0131E-03  error n
 20     1024  1.0131E-03  1.0131E-03  1.0131E-03  error n
 20     1024  1.0131E-03  1.0131E-03  1.0131E-03  error n
 20     1024  1.0131E-03  1.0131E-03  1.0131E-03  error n
 20     1024  1.0131E-03  1.0131E-03  1.0131E-03  error n
 20     1024  1.0131E-03  1.0131E-03  1.0131E-03  error n
 20     1024  1.0131E-03  1.0131E-03  1.0131E-03  error n
 20     1024  1.0131E-03  1.0131E-03  1.0131E-03  error n
 20     1024  1.0131E-03  1.0131E-03  1.0131E-03  error n
 20     1024  1.0131E-03  1.0131E-03  1.0131E-03  error n
 20     1024  1.0131E-03  1.0131E-03  1.0131E-03  error n
 20     1024  1.0131E-03  1.0131E-03  1.0131E-03  error n
 20     1024  1.0131E-03  1.0131E-03  1.0131E-03  error n
 20     1024  1.0131E-03  1.0131E-03  1.0131E-03  error n
 20     1024  1.0131E-03  1.0131E-03  1.0131E-03  error n
 20     1024  1.0131E-03  1.0131E-03  1.0131E-03  error n
 20     1024  1.0131E-03  1.0131E-03  1.0131E-03  error n
 20     1024  1.0131E-03  1.0131E-03  1.0131E-03  error n
 20     1024  1.0131E-03  1.0131E-03  1.0131E-03  error n
 20     1024  1.0131E-03  1.0131E-03  1.0131E-03  error n
 20     1024  1.0131E-03  1.0131E-03  1.0131E-03  error n
 20     1024  1.0131E-03  1.0131E-03  1.0131E-03  error n
 20     1024  1.0131E-03  1.0131E-03  1.0131E-03  error n
 20     1024  1.0131E-03  1.0131E-03  1.0131E-03  error n
 20     1024  1.0131E-03  1.0131E-03  1.0131E-03  error n
 20     1024  1.0131E-03  1.0131E-03  1.0131E-03  error n
 20     1024  1.0131E-03  1.0131E-03  1.0131E-03  error n
 20     1024  1.0131E-03  1.0131E-03  1.0131E-03  error n
 20     1024  1.0131E-03  1.0131E-03  1.0131E-03  error n
 20     1024  1.0131E-03  1.0131E-03  1.0131E-03  error n
 20     1024  1.0131E-03  1.0131E-03  1.0131E-03  error n
 20     1024  1.0131E-03  1.0131E-03  1.0131E-03  error n
 20     1024  1.0131E-03  1.0131E-03  1.0131E-03  error n
 20     1024  1.0131E-03  1.0131E-03  1.0131E-03  error n
 20     1024  1.0131E-03  1.0131E-03  1.0131E-03  error n
 20     1024  1.0131E-03  1.0131E-03  1.0131E-03  error n
 20     1024  1.0131E-03  1.0131E-03  1.0131E-03  error n
 20     1024  1.0131E-03  1.0131E-03  1.0131E-03  error n
 20     1024  1.0131E-03  1.0131E-03  1.0131E-03  error n
 20     1024  1.0131E-03  1.0131E-03  1.0131E-03  error n
 20     1024  1.0131E-03  1.0131E-03  1.0131E-03  error n
 20     1024  1.0131E-03  1.0131E-03  1.0131E-03  error n
  
call exitt: dying ...
  
backtrace(): obtained 8 stack frames.
./nek5000() [0x786615]
./nek5000() [0x96a339]
./nek5000() [0x40e12c]
./nek5000() [0x426c46]
./nek5000() [0x4251fe]
./nek5000() [0x4054fe]
/lib64/libc.so.6(__libc_start_main+0xf5) [0x2aaab1ca3b25]
./nek5000() [0x405409]
  
total elapsed time             :   2.01305E+03 sec
total solver time incl. I/O    :   0.00000E+00 sec
time/timestep                  :   0.00000E+00 sec
CPU seconds/timestep/gridpt    :   0.00000E+00 sec

Application 2260240 resources: utime ~127413s, stime ~1041s, Rss ~222744, inblocks ~0, outblocks ~0
