/----------------------------------------------------------\\
|      _   __ ______ __ __  ______  ____   ____   ____     |
|     / | / // ____// //_/ / ____/ / __ \\/ __ \\/ __ \\   |
|    /  |/ // __/  / ,<   /___ \\ / / / // / / // / / /    |
|   / /|  // /___ / /| | ____/ / / /_/ // /_/ // /_/ /     |
|  /_/ |_//_____//_/ |_|/_____/  \\___/ \\___/ \\___/      |
|                                                          |
|----------------------------------------------------------|
|                                                          |
| NEK5000:  Open Source Spectral Element Solver            |
| COPYRIGHT (c) 2008-2016 UCHICAGO ARGONNE, LLC            |
| Version:  16.0.0                                         |
| Web:      http://nek5000.mcs.anl.gov                     |
|                                                          |
\\----------------------------------------------------------/
                                                              

 Number of processors:         256
 REAL    wdsize      :           8
 INTEGER wdsize      :           4
 Timer accuracy      : 2.15E-07
 Reading /gpfs/theta-fs1/home/thilina/env/lx20/b8.rea                                                                                        

 mapping elements to processors
 Reading /gpfs/theta-fs1/home/thilina/env/lx20/b8.map                                                                                        
 RANK     0 IEG     245
 element load imbalance:            0           1           1
 done :: mapping elements to processors
  
           0  objects found
 118   Parameters from file:
   1      1.00000     p001 DENSITY
   2     -100.000     p002 VISCOS
   7      1.00000     p007 RHOCP
   8      1.00000     p008 CONDUCT
  11      1.00        p011 NSTEPS
  12    -0.500000E-02 p012 DT
  21     0.100000E-05 p021 DIVERGENCE
  22     0.100000E-07 p022 HELMHOLTZ
  24     0.100000E-09 p024 TOLREL
  25     0.100000E-09 p025 TOLABS
  26     0.250000     p026 COURANT/NTAU
  27      2.00000     p027 TORDER
  66      6.00000     p066 output : <0=ascii, else binary
  67      6.00000     p067 restart: <0=ascii, else binary
  99      3.00000     p099 dealiasing: <0--> off/3--> old/4--> new
 103     0.500000E-01 p103 weight of stabilizing filter (.01)
  
 nelgt/nelgv/lelt:         256         256         100
 lx1  /lx2  /lx3 :          20          20          20
 done :: read .rea file   0.47721     sec

 setup mesh topology
   Right-handed check complete for     256 elements. OK.
   setvert3d:  20      319257     1812249      319257      319257
 call usrsetvert
 done :: usrsetvert

gs_setup: 225109 unique labels shared
   pairwise times (avg, min, max): 0.000146905 0.000128603 0.0001719
   crystal router                : 0.000386039 0.000378799 0.00040071
   used all_to_all method: pairwise
   handle bytes (avg, min, max): 47406 28708 56692
   buffer bytes (avg, min, max): 34733.5 20176 42368
   setupds time 1.2288E-01 seconds   0 20      319257         256
           8  max multiplicity
 done :: setup mesh topology
  
 call usrdat
 done :: usrdat

 generate geometry data
 done :: generate geometry data
  
 call usrdat2
 done :: usrdat2

 regenerate geometry data           1
 NOTE: All elements deformed , param(59) ^=0
 done :: regenerate geometry data           1
  
 verify mesh topology
  0.000000000000000E+000   1.00000000000000       Xrange
  0.000000000000000E+000   1.00000000000000       Yrange
  0.000000000000000E+000   1.00000000000000       Zrange
 done :: verify mesh topology
  
 IFTRAN   = T
 IFFLOW   = T
 IFHEAT   = F
 IFSPLIT  = T
 IFLOMACH = F
 IFUSERVP = F
 IFUSERMV = F
 IFSTRS   = F
 IFCHAR   = F
 IFCYCLIC = F
 IFAXIS   = F
 IFMVBD   = F
 IFMELT   = F
 IFMODEL  = F
 IFKEPS   = F
 IFMOAB   = F
 IFNEKNEK = F
 IFSYNC   = T
   
 IFVCOR   = T
 IFINTQ   = F
 IFCWUZ   = F
 IFSWALL  = F
 IFGEOM   = F
 IFSURT   = F
 IFWCNO   = F
   
 IFTMSH for field           1    =  F
 IFADVC for field           1    =  T
 IFNONL for field           1    =  F
   
 Dealiasing enabled, lxd=          30
  
 Estimated eigenvalues
 EIGAA =    9.86960440108936     
 EIGGA =    7525303.27179280     
 EIGAE =    9.86960440108936     
 EIGAS =   8.333333333333333E-002
 EIGGE =    7525303.27179280     
 EIGGS =    2.00000000000000     
  
 verify mesh topology
  0.000000000000000E+000   1.00000000000000       Xrange
  0.000000000000000E+000   1.00000000000000       Yrange
  0.000000000000000E+000   1.00000000000000       Zrange
 done :: verify mesh topology
  
  E-solver strategy:  0 itr
 mg_nx:           1          11          19
 mg_ny:           1          11          19
 mg_nz:           1          11          19
 call usrsetvert
 done :: usrsetvert

gs_setup: 397 unique labels shared
   pairwise times (avg, min, max): 0.000105303 8.92878e-05 0.000129485
   crystal router                : 6.40226e-05 6.35147e-05 6.45876e-05
   all reduce                    : 0.000155819 0.000154805 0.00015769
   used all_to_all method: crystal router
   handle bytes (avg, min, max): 4411 4036 4828
   buffer bytes (avg, min, max): 454 352 480
   setupds time 1.0544E-02 seconds   1  2         405         256
   setvert3d:   4        6201        8249        6201        6201
 call usrsetvert
 done :: usrsetvert

gs_setup: 4885 unique labels shared
   pairwise times (avg, min, max): 0.000103992 8.86917e-05 0.000120902
   crystal router                : 8.13076e-05 8.07047e-05 8.23975e-05
   all reduce                    : 0.000440148 0.000438118 0.000443697
   used all_to_all method: crystal router
   handle bytes (avg, min, max): 18574 14404 21220
   buffer bytes (avg, min, max): 2534 1792 2880
   setupds time 2.4934E-02 seconds   2  4        6201         256
   setvert3d:  12      103465      359465      103465      103465
 call usrsetvert
 done :: usrsetvert

gs_setup: 74037 unique labels shared
   pairwise times (avg, min, max): 0.000118174 0.000101686 0.000131893
   crystal router                : 0.000138001 0.000126314 0.0001441
   all reduce                    : 0.00183275 0.0018213 0.00184581
   used all_to_all method: pairwise
   handle bytes (avg, min, max): 17218 10468 20596
   buffer bytes (avg, min, max): 13189.5 7504 16256
   setupds time 1.1983E-01 seconds   3 12      103465         256
   setvert3d:  14      146301      588669      146301      146301
 call usrsetvert
 done :: usrsetvert

gs_setup: 104125 unique labels shared
   pairwise times (avg, min, max): 0.000118261 0.000103402 0.000138807
   crystal router                : 0.000162804 0.000161004 0.000165009
   used all_to_all method: pairwise
   handle bytes (avg, min, max): 23325 14164 27892
   buffer bytes (avg, min, max): 17615.5 10096 21632
   setupds time 6.9169E-02 seconds   4 14      146301         256
 regenerate geometry data           1
 NOTE: All elements deformed , param(59) ^=0
 done :: regenerate geometry data           1
  
 h1_mg_nx:           1           3          19
 h1_mg_ny:           1           3          19
 h1_mg_nz:           1           3          19
 call usrsetvert
 done :: usrsetvert

gs_setup: 397 unique labels shared
   pairwise times (avg, min, max): 0.00010162 9.10044e-05 0.000113487
   crystal router                : 5.26558e-05 5.20945e-05 5.31912e-05
   all reduce                    : 0.00015028 0.000149608 0.000151014
   used all_to_all method: crystal router
   handle bytes (avg, min, max): 4411 4036 4828
   buffer bytes (avg, min, max): 454 352 480
   setupds time 9.8479E-03 seconds   5  2         405         256
   setvert3d:   4        6201        8249        6201        6201
 call usrsetvert
 done :: usrsetvert

gs_setup: 4885 unique labels shared
   pairwise times (avg, min, max): 0.000103056 8.81195e-05 0.000117207
   crystal router                : 6.85716e-05 6.55174e-05 6.97851e-05
   all reduce                    : 0.000480216 0.000477409 0.000485301
   used all_to_all method: crystal router
   handle bytes (avg, min, max): 18574 14404 21220
   buffer bytes (avg, min, max): 2534 1792 2880
   setupds time 2.1690E-02 seconds   6  4        6201         256
   setvert3d:   4        6201        8249        6201        6201
 call usrsetvert
 done :: usrsetvert

gs_setup: 4885 unique labels shared
   pairwise times (avg, min, max): 0.000103001 9.0003e-05 0.000115108
   crystal router                : 7.16933e-05 7.08818e-05 7.30038e-05
   all reduce                    : 0.000456733 0.000454783 0.000460505
   used all_to_all method: crystal router
   handle bytes (avg, min, max): 18574 14404 21220
   buffer bytes (avg, min, max): 2534 1792 2880
   setupds time 1.5398E-02 seconds   7  4        6201         256
   setvert3d:   6       19405       35789       19405       19405
 call usrsetvert
 done :: usrsetvert

gs_setup: 14493 unique labels shared
   pairwise times (avg, min, max): 9.92259e-05 8.69989e-05 0.000113583
   crystal router                : 0.000100329 9.95159e-05 0.000101089
   all reduce                    : 0.000922826 0.000917983 0.000939202
   used all_to_all method: crystal router
   handle bytes (avg, min, max): 44353 32452 51652
   buffer bytes (avg, min, max): 6095.5 4256 6944
   setupds time 2.8692E-02 seconds   8  6       19405         256
   setvert3d:  20      319257     1812249      319257      319257
 call usrsetvert
 done :: usrsetvert

gs_setup: 225109 unique labels shared
   pairwise times (avg, min, max): 0.000128646 0.000112104 0.000147486
   crystal router                : 0.000383482 0.000378489 0.000391793
   used all_to_all method: pairwise
   handle bytes (avg, min, max): 47406 28708 56692
   buffer bytes (avg, min, max): 34733.5 20176 42368
   setupds time 1.0452E-01 seconds   9 20      319257         256
   setvert3d:  22      391725     2439725      391725      391725
 call usrsetvert
 done :: usrsetvert

gs_setup: 275677 unique labels shared
   pairwise times (avg, min, max): 0.000125717 0.000109601 0.000145006
   crystal router                : 0.000396197 0.00038991 0.000403714
   used all_to_all method: pairwise
   handle bytes (avg, min, max): 57353 34708 68596
   buffer bytes (avg, min, max): 41719.5 24304 50816
   setupds time 9.5329E-02 seconds  10 22      391725         256
 setup h1 coarse grid, nx_crs=           2
 call usrsetvert
 done :: usrsetvert

gs_setup: 397 unique labels shared
   pairwise times (avg, min, max): 9.24036e-05 8.2612e-05 0.000109315
   crystal router                : 5.93626e-05 5.83887e-05 6.02007e-05
   all reduce                    : 0.000140539 0.000140095 0.000141191
   used all_to_all method: crystal router
   handle bytes (avg, min, max): 4411 4036 4828
   buffer bytes (avg, min, max): 454 352 480
 done :: setup h1 coarse grid   3.187513351440430E-002  sec
  
 call usrdat3
 done :: usrdat3

 set initial conditions
 nekuic (1) for ifld            1
 call nekuic for vel  
 xyz min     0.0000       0.0000       0.0000    
 uvwpt min   0.0000       0.0000       0.0000       0.0000       0.0000    
 PS min      0.0000       0.0000      0.99000E+22
 xyz max     1.0000       1.0000       1.0000    
 uvwpt max   0.0000       0.0000       0.0000       0.0000       0.0000    
 PS max      0.0000       0.0000     -0.99000E+22
 done :: set initial conditions
  
 call userchk
GFM max:  1.2979E-04  5.1917E-04  5.1917E-04  3.9352E-17  3.7011E-17  8.9529E-17
 
nelt =       1, np =       256, nx1 =      20, elements =       256
Solve Time =   0.5455E-09
 
nelt =       1, np =       256, nx1 =      20, elements =       256
Solve Time =   0.5377E-09
 
nelt =       1, np =       256, nx1 =      20, elements =       256
Solve Time =   0.5361E-09
 
nelt =       1, np =       256, nx1 =      20, elements =       256
Solve Time =   0.5349E-09
 
nelt =       1, np =       256, nx1 =      20, elements =       256
Solve Time =   0.5337E-09
 
nelt =       1, np =       256, nx1 =      20, elements =       256
Solve Time =   0.5339E-09
 
nelt =       1, np =       256, nx1 =      20, elements =       256
Solve Time =   0.5349E-09
 
nelt =       1, np =       256, nx1 =      20, elements =       256
Solve Time =   0.5334E-09
 
nelt =       1, np =       256, nx1 =      20, elements =       256
Solve Time =   0.5351E-09
 
nelt =       1, np =       256, nx1 =      20, elements =       256
Solve Time =   0.5333E-09
 
nelt =       1, np =       256, nx1 =      20, elements =       256
Solve Time =   0.4299E-09
 
nelt =       1, np =       256, nx1 =      20, elements =       256
Solve Time =   0.4272E-09
 
nelt =       1, np =       256, nx1 =      20, elements =       256
Solve Time =   0.4262E-09
 
nelt =       1, np =       256, nx1 =      20, elements =       256
Solve Time =   0.4269E-09
 
nelt =       1, np =       256, nx1 =      20, elements =       256
Solve Time =   0.4249E-09
 
nelt =       1, np =       256, nx1 =      20, elements =       256
Solve Time =   0.4270E-09
 
nelt =       1, np =       256, nx1 =      20, elements =       256
Solve Time =   0.4258E-09
 
nelt =       1, np =       256, nx1 =      20, elements =       256
Solve Time =   0.4372E-09
 
nelt =       1, np =       256, nx1 =      20, elements =       256
Solve Time =   0.4262E-09
 
nelt =       1, np =       256, nx1 =      20, elements =       256
Solve Time =   0.4294E-09
 
nelt =       1, np =       256, nx1 =      20, elements =       256
Solve Time =   0.4893E-09
 
nelt =       1, np =       256, nx1 =      20, elements =       256
Solve Time =   0.4887E-09
 
nelt =       1, np =       256, nx1 =      20, elements =       256
Solve Time =   0.4876E-09
 
nelt =       1, np =       256, nx1 =      20, elements =       256
Solve Time =   0.4882E-09
 
nelt =       1, np =       256, nx1 =      20, elements =       256
Solve Time =   0.4973E-09
 
nelt =       1, np =       256, nx1 =      20, elements =       256
Solve Time =   0.4880E-09
 
nelt =       1, np =       256, nx1 =      20, elements =       256
Solve Time =   0.4876E-09
 
nelt =       1, np =       256, nx1 =      20, elements =       256
Solve Time =   0.4885E-09
 
nelt =       1, np =       256, nx1 =      20, elements =       256
Solve Time =   0.4882E-09
 
nelt =       1, np =       256, nx1 =      20, elements =       256
Solve Time =   0.4901E-09
 
nelt =       1, np =       256, nx1 =      20, elements =       256
Solve Time =   0.5295E-09
 
nelt =       1, np =       256, nx1 =      20, elements =       256
Solve Time =   0.5269E-09
 
nelt =       1, np =       256, nx1 =      20, elements =       256
Solve Time =   0.5295E-09
 
nelt =       1, np =       256, nx1 =      20, elements =       256
Solve Time =   0.5270E-09
 
nelt =       1, np =       256, nx1 =      20, elements =       256
Solve Time =   0.5294E-09
 
nelt =       1, np =       256, nx1 =      20, elements =       256
Solve Time =   0.5301E-09
 
nelt =       1, np =       256, nx1 =      20, elements =       256
Solve Time =   0.5259E-09
 
nelt =       1, np =       256, nx1 =      20, elements =       256
Solve Time =   0.5270E-09
 
nelt =       1, np =       256, nx1 =      20, elements =       256
Solve Time =   0.5276E-09
 
nelt =       1, np =       256, nx1 =      20, elements =       256
Solve Time =   0.5263E-09
 
nelt =       1, np =       256, nx1 =      20, elements =       256
Solve Time =   0.5697E-09
 
nelt =       1, np =       256, nx1 =      20, elements =       256
Solve Time =   0.5664E-09
 
nelt =       1, np =       256, nx1 =      20, elements =       256
Solve Time =   0.5652E-09
 
nelt =       1, np =       256, nx1 =      20, elements =       256
Solve Time =   0.5677E-09
 
nelt =       1, np =       256, nx1 =      20, elements =       256
Solve Time =   0.5686E-09
 
nelt =       1, np =       256, nx1 =      20, elements =       256
Solve Time =   0.5651E-09
 
nelt =       1, np =       256, nx1 =      20, elements =       256
Solve Time =   0.5652E-09
 
nelt =       1, np =       256, nx1 =      20, elements =       256
Solve Time =   0.5672E-09
 
nelt =       1, np =       256, nx1 =      20, elements =       256
Solve Time =   0.5743E-09
 
nelt =       1, np =       256, nx1 =      20, elements =       256
Solve Time =   0.5665E-09
 schfile:
 /gpfs/theta-fs1/home/thilina/env/lx20/b8.sch                                   
                                                      
 20      256  1.0000E+00  1.0000E+00  1.0000E+00  error v
 20      256  1.0000E+00  1.0000E+00  1.0000E+00  error v
 20      256  1.0000E+00  1.0000E+00  1.0000E+00  error v
 20      256  1.0000E+00  1.0000E+00  1.0000E+00  error v
 20      256  1.0000E+00  1.0000E+00  1.0000E+00  error v
 20      256  1.0000E+00  1.0000E+00  1.0000E+00  error v
 20      256  1.0000E+00  1.0000E+00  1.0000E+00  error v
 20      256  1.0000E+00  1.0000E+00  1.0000E+00  error v
 20      256  1.0000E+00  1.0000E+00  1.0000E+00  error v
 20      256  1.0000E+00  1.0000E+00  1.0000E+00  error v
 20      256  1.0000E+00  1.0000E+00  1.0000E+00  error v
 20      256  1.0000E+00  1.0000E+00  1.0000E+00  error v
 20      256  1.0000E+00  1.0000E+00  1.0000E+00  error v
 20      256  1.0000E+00  1.0000E+00  1.0000E+00  error v
 20      256  1.0000E+00  1.0000E+00  1.0000E+00  error v
 20      256  1.0000E+00  1.0000E+00  1.0000E+00  error v
 20      256  1.0000E+00  1.0000E+00  1.0000E+00  error v
 20      256  1.0000E+00  1.0000E+00  1.0000E+00  error v
 20      256  1.0000E+00  1.0000E+00  1.0000E+00  error v
 20      256  1.0000E+00  1.0000E+00  1.0000E+00  error v
 20      256  1.0000E+00  1.0000E+00  1.0000E+00  error v
 20      256  1.0000E+00  1.0000E+00  1.0000E+00  error v
 20      256  1.0000E+00  1.0000E+00  1.0000E+00  error v
 20      256  1.0000E+00  1.0000E+00  1.0000E+00  error v
 20      256  1.0000E+00  1.0000E+00  1.0000E+00  error v
 20      256  1.0000E+00  1.0000E+00  1.0000E+00  error v
 20      256  1.0000E+00  1.0000E+00  1.0000E+00  error v
 20      256  1.0000E+00  1.0000E+00  1.0000E+00  error v
 20      256  1.0000E+00  1.0000E+00  1.0000E+00  error v
 20      256  1.0000E+00  1.0000E+00  1.0000E+00  error v
 20      256  1.0000E+00  1.0000E+00  1.0000E+00  error v
 20      256  1.0000E+00  1.0000E+00  1.0000E+00  error v
 20      256  1.0000E+00  1.0000E+00  1.0000E+00  error v
 20      256  1.0000E+00  1.0000E+00  1.0000E+00  error v
 20      256  1.0000E+00  1.0000E+00  1.0000E+00  error v
 20      256  1.0000E+00  1.0000E+00  1.0000E+00  error v
 20      256  1.0000E+00  1.0000E+00  1.0000E+00  error v
 20      256  1.0000E+00  1.0000E+00  1.0000E+00  error v
 20      256  1.0000E+00  1.0000E+00  1.0000E+00  error v
 20      256  1.0000E+00  1.0000E+00  1.0000E+00  error v
 20      256  1.0000E+00  1.0000E+00  1.0000E+00  error v
 20      256  1.0000E+00  1.0000E+00  1.0000E+00  error v
 20      256  1.0000E+00  1.0000E+00  1.0000E+00  error v
 20      256  1.0000E+00  1.0000E+00  1.0000E+00  error v
 20      256  1.0000E+00  1.0000E+00  1.0000E+00  error v
 20      256  1.0000E+00  1.0000E+00  1.0000E+00  error v
 20      256  1.0000E+00  1.0000E+00  1.0000E+00  error v
 20      256  1.0000E+00  1.0000E+00  1.0000E+00  error v
 20      256  1.0000E+00  1.0000E+00  1.0000E+00  error v
 20      256  1.0000E+00  1.0000E+00  1.0000E+00  error v
 20      256  1.0000E+00  1.0000E+00  1.0000E+00  error v
 20      256  1.0000E+00  1.0000E+00  1.0000E+00  error v
 20      256  1.0000E+00  1.0000E+00  1.0000E+00  error v
 20      256  1.0000E+00  1.0000E+00  1.0000E+00  error v
 20      256  1.0000E+00  1.0000E+00  1.0000E+00  error v
 20      256  1.0000E+00  1.0000E+00  1.0000E+00  error v
 20      256  1.0000E+00  1.0000E+00  1.0000E+00  error v
 20      256  1.0000E+00  1.0000E+00  1.0000E+00  error v
 20      256  1.0000E+00  1.0000E+00  1.0000E+00  error v
 20      256  1.0000E+00  1.0000E+00  1.0000E+00  error v
 20      256  1.0000E+00  1.0000E+00  1.0000E+00  error v
 20      256  1.0000E+00  1.0000E+00  1.0000E+00  error v
 20      256  1.0000E+00  1.0000E+00  1.0000E+00  error v
 20      256  1.0000E+00  1.0000E+00  1.0000E+00  error v
 20      256  1.0000E+00  1.0000E+00  1.0000E+00  error v
 20      256  1.0000E+00  1.0000E+00  1.0000E+00  error v
 20      256  1.0000E+00  1.0000E+00  1.0000E+00  error v
 20      256  1.0000E+00  1.0000E+00  1.0000E+00  error v
 20      256  1.0000E+00  1.0000E+00  1.0000E+00  error v
 20      256  1.0000E+00  1.0000E+00  1.0000E+00  error v
 20      256  1.0000E+00  1.0000E+00  1.0000E+00  error v
 20      256  1.0000E+00  1.0000E+00  1.0000E+00  error v
 20      256  1.0000E+00  1.0000E+00  1.0000E+00  error v
 20      256  1.0000E+00  1.0000E+00  1.0000E+00  error v
 20      256  1.0000E+00  1.0000E+00  1.0000E+00  error v
 20      256  1.0000E+00  1.0000E+00  1.0000E+00  error v
 20      256  1.0000E+00  1.0000E+00  1.0000E+00  error v
 20      256  1.0000E+00  1.0000E+00  1.0000E+00  error v
 20      256  1.0000E+00  1.0000E+00  1.0000E+00  error v
 20      256  1.0000E+00  1.0000E+00  1.0000E+00  error v
 20      256  1.0000E+00  1.0000E+00  1.0000E+00  error v
 20      256  1.0000E+00  1.0000E+00  1.0000E+00  error v
 20      256  1.0000E+00  1.0000E+00  1.0000E+00  error v
 20      256  1.0000E+00  1.0000E+00  1.0000E+00  error v
 20      256  1.0000E+00  1.0000E+00  1.0000E+00  error v
 20      256  1.0000E+00  1.0000E+00  1.0000E+00  error v
 20      256  1.0000E+00  1.0000E+00  1.0000E+00  error v
 20      256  1.0000E+00  1.0000E+00  1.0000E+00  error v
 20      256  1.0000E+00  1.0000E+00  1.0000E+00  error v
 20      256  1.0000E+00  1.0000E+00  1.0000E+00  error v
 20      256  1.0000E+00  1.0000E+00  1.0000E+00  error v
 20      256  1.0000E+00  1.0000E+00  1.0000E+00  error v
 20      256  1.0000E+00  1.0000E+00  1.0000E+00  error v
 20      256  1.0000E+00  1.0000E+00  1.0000E+00  error v
 20      256  1.0000E+00  1.0000E+00  1.0000E+00  error v
 20      256  1.0000E+00  1.0000E+00  1.0000E+00  error v
 20      256  1.0000E+00  1.0000E+00  1.0000E+00  error v
 20      256  1.0000E+00  1.0000E+00  1.0000E+00  error v
 20      256  1.0000E+00  1.0000E+00  1.0000E+00  error v
 20      256  1.0000E+00  1.0000E+00  1.0000E+00  error v
 20      256  1.0000E+00  1.0000E+00  1.0000E+00  error v
 20      256  1.0000E+00  1.0000E+00  1.0000E+00  error v
 20      256  1.0000E+00  1.0000E+00  1.0000E+00  error v
 20      256  1.0000E+00  1.0000E+00  1.0000E+00  error v
 20      256  1.0000E+00  1.0000E+00  1.0000E+00  error v
 20      256  1.0000E+00  1.0000E+00  1.0000E+00  error v
 20      256  1.0000E+00  1.0000E+00  1.0000E+00  error v
 20      256  1.0000E+00  1.0000E+00  1.0000E+00  error v
 20      256  1.0000E+00  1.0000E+00  1.0000E+00  error v
 20      256  1.0000E+00  1.0000E+00  1.0000E+00  error v
 20      256  1.0000E+00  1.0000E+00  1.0000E+00  error v
 20      256  1.0000E+00  1.0000E+00  1.0000E+00  error v
 20      256  1.0000E+00  1.0000E+00  1.0000E+00  error v
 20      256  1.0000E+00  1.0000E+00  1.0000E+00  error v
 20      256  1.0000E+00  1.0000E+00  1.0000E+00  error v
 20      256  1.0000E+00  1.0000E+00  1.0000E+00  error v
 20      256  1.0000E+00  1.0000E+00  1.0000E+00  error v
 20      256  1.0000E+00  1.0000E+00  1.0000E+00  error v
 20      256  1.0000E+00  1.0000E+00  1.0000E+00  error v
 20      256  1.0000E+00  1.0000E+00  1.0000E+00  error v
 20      256  1.0000E+00  1.0000E+00  1.0000E+00  error v
 20      256  1.0000E+00  1.0000E+00  1.0000E+00  error v
 20      256  1.0000E+00  1.0000E+00  1.0000E+00  error v
 20      256  1.0000E+00  1.0000E+00  1.0000E+00  error v
 20      256  1.0000E+00  1.0000E+00  1.0000E+00  error v
 20      256  1.0000E+00  1.0000E+00  1.0000E+00  error v
 20      256  1.0000E+00  1.0000E+00  1.0000E+00  error v
 20      256  1.0000E+00  1.0000E+00  1.0000E+00  error v
 20      256  1.0000E+00  1.0000E+00  1.0000E+00  error v
 20      256  1.0000E+00  1.0000E+00  1.0000E+00  error v
 20      256  1.0000E+00  1.0000E+00  1.0000E+00  error v
 20      256  1.0000E+00  1.0000E+00  1.0000E+00  error v
 20      256  1.0000E+00  1.0000E+00  1.0000E+00  error v
 20      256  1.0000E+00  1.0000E+00  1.0000E+00  error v
 20      256  1.0000E+00  1.0000E+00  1.0000E+00  error v
 20      256  1.0000E+00  1.0000E+00  1.0000E+00  error v
 20      256  1.0000E+00  1.0000E+00  1.0000E+00  error v
 20      256  1.0000E+00  1.0000E+00  1.0000E+00  error v
 20      256  1.0000E+00  1.0000E+00  1.0000E+00  error v
 20      256  1.0000E+00  1.0000E+00  1.0000E+00  error v
 20      256  1.0000E+00  1.0000E+00  1.0000E+00  error v
 20      256  1.0000E+00  1.0000E+00  1.0000E+00  error v
 20      256  1.0000E+00  1.0000E+00  1.0000E+00  error v
 20      256  1.0000E+00  1.0000E+00  1.0000E+00  error v
 20      256  1.0000E+00  1.0000E+00  1.0000E+00  error v
 20      256  1.0000E+00  1.0000E+00  1.0000E+00  error v
 20      256  1.0000E+00  1.0000E+00  1.0000E+00  error v
 20      256  1.0000E+00  1.0000E+00  1.0000E+00  error v
 20      256  1.0000E+00  1.0000E+00  1.0000E+00  error v
 20      256  1.0000E+00  1.0000E+00  1.0000E+00  error v
 20      256  1.0000E+00  1.0000E+00  1.0000E+00  error v
 20      256  1.0000E+00  1.0000E+00  1.0000E+00  error v
 20      256  1.0000E+00  1.0000E+00  1.0000E+00  error v
 20      256  1.0000E+00  1.0000E+00  1.0000E+00  error v
 20      256  1.0000E+00  1.0000E+00  1.0000E+00  error v
 20      256  1.0000E+00  1.0000E+00  1.0000E+00  error v
 20      256  1.0000E+00  1.0000E+00  1.0000E+00  error v
 20      256  1.0000E+00  1.0000E+00  1.0000E+00  error v
 20      256  1.0000E+00  1.0000E+00  1.0000E+00  error v
 20      256  1.0000E+00  1.0000E+00  1.0000E+00  error v
 20      256  1.0000E+00  1.0000E+00  1.0000E+00  error v
 20      256  1.0000E+00  1.0000E+00  1.0000E+00  error v
 20      256  1.0000E+00  1.0000E+00  1.0000E+00  error v
 20      256  1.0000E+00  1.0000E+00  1.0000E+00  error v
 20      256  1.0000E+00  1.0000E+00  1.0000E+00  error v
 20      256  1.0000E+00  1.0000E+00  1.0000E+00  error v
 20      256  1.0000E+00  1.0000E+00  1.0000E+00  error v
 20      256  1.0000E+00  1.0000E+00  1.0000E+00  error v
 20      256  1.0000E+00  1.0000E+00  1.0000E+00  error v
 20      256  1.0000E+00  1.0000E+00  1.0000E+00  error v
 20      256  1.0000E+00  1.0000E+00  1.0000E+00  error v
 20      256  1.0000E+00  1.0000E+00  1.0000E+00  error v
 20      256  1.0000E+00  1.0000E+00  1.0000E+00  error v
 20      256  1.0000E+00  1.0000E+00  1.0000E+00  error v
 20      256  1.0000E+00  1.0000E+00  1.0000E+00  error v
 20      256  1.0000E+00  1.0000E+00  1.0000E+00  error v
 20      256  1.0000E+00  1.0000E+00  1.0000E+00  error v
 20      256  1.0000E+00  1.0000E+00  1.0000E+00  error v
 20      256  1.0000E+00  1.0000E+00  1.0000E+00  error v
 20      256  1.0000E+00  1.0000E+00  1.0000E+00  error v
 20      256  1.0000E+00  1.0000E+00  1.0000E+00  error v
 20      256  1.0000E+00  1.0000E+00  1.0000E+00  error v
 20      256  1.0000E+00  1.0000E+00  1.0000E+00  error v
 20      256  1.0000E+00  1.0000E+00  1.0000E+00  error v
 20      256  1.0000E+00  1.0000E+00  1.0000E+00  error v
 20      256  1.0000E+00  1.0000E+00  1.0000E+00  error v
 20      256  1.0000E+00  1.0000E+00  1.0000E+00  error v
 20      256  1.0000E+00  1.0000E+00  1.0000E+00  error v
 20      256  1.0000E+00  1.0000E+00  1.0000E+00  error v
 20      256  1.0000E+00  1.0000E+00  1.0000E+00  error v
 20      256  1.0000E+00  1.0000E+00  1.0000E+00  error v
 20      256  1.0000E+00  1.0000E+00  1.0000E+00  error v
 20      256  1.0000E+00  1.0000E+00  1.0000E+00  error v
 20      256  1.0000E+00  1.0000E+00  1.0000E+00  error v
 20      256  1.0000E+00  1.0000E+00  1.0000E+00  error v
 20      256  1.0000E+00  1.0000E+00  1.0000E+00  error v
 20      256  1.0000E+00  1.0000E+00  1.0000E+00  error v
 20      256  1.0000E+00  1.0000E+00  1.0000E+00  error v
 20      256  1.0000E+00  1.0000E+00  1.0000E+00  error v
 20      256  1.0000E+00  1.0000E+00  1.0000E+00  error v
 20      256  1.0000E+00  1.0000E+00  1.0000E+00  error v
 20      256  1.0000E+00  1.0000E+00  1.0000E+00  error v
 20      256  1.0000E+00  1.0000E+00  1.0000E+00  error v
 20      256  1.0000E+00  1.0000E+00  1.0000E+00  error v
 20      256  1.0000E+00  1.0000E+00  1.0000E+00  error v
 20      256  1.0000E+00  1.0000E+00  1.0000E+00  error v
 20      256  1.0000E+00  1.0000E+00  1.0000E+00  error v
 20      256  1.0000E+00  1.0000E+00  1.0000E+00  error v
 20      256  1.0000E+00  1.0000E+00  1.0000E+00  error v
 20      256  1.0000E+00  1.0000E+00  1.0000E+00  error v
 20      256  1.0000E+00  1.0000E+00  1.0000E+00  error v
 20      256  1.0000E+00  1.0000E+00  1.0000E+00  error v
 20      256  1.0000E+00  1.0000E+00  1.0000E+00  error v
 20      256  1.0000E+00  1.0000E+00  1.0000E+00  error v
 20      256  1.0000E+00  1.0000E+00  1.0000E+00  error v
 20      256  1.0000E+00  1.0000E+00  1.0000E+00  error v
 20      256  1.0000E+00  1.0000E+00  1.0000E+00  error v
 20      256  1.0000E+00  1.0000E+00  1.0000E+00  error v
 20      256  1.0000E+00  1.0000E+00  1.0000E+00  error v
 20      256  1.0000E+00  1.0000E+00  1.0000E+00  error v
 20      256  1.0000E+00  1.0000E+00  1.0000E+00  error v
 20      256  1.0000E+00  1.0000E+00  1.0000E+00  error v
 20      256  1.0000E+00  1.0000E+00  1.0000E+00  error v
 20      256  1.0000E+00  1.0000E+00  1.0000E+00  error v
 20      256  1.0000E+00  1.0000E+00  1.0000E+00  error v
 20      256  1.0000E+00  1.0000E+00  1.0000E+00  error v
 20      256  1.0000E+00  1.0000E+00  1.0000E+00  error v
 20      256  1.0000E+00  1.0000E+00  1.0000E+00  error v
 20      256  1.0000E+00  1.0000E+00  1.0000E+00  error v
 20      256  1.0000E+00  1.0000E+00  1.0000E+00  error v
 20      256  1.0000E+00  1.0000E+00  1.0000E+00  error v
 20      256  1.0000E+00  1.0000E+00  1.0000E+00  error v
 20      256  1.0000E+00  1.0000E+00  1.0000E+00  error v
 20      256  1.0000E+00  1.0000E+00  1.0000E+00  error v
 20      256  1.0000E+00  1.0000E+00  1.0000E+00  error v
 20      256  1.0000E+00  1.0000E+00  1.0000E+00  error v
 20      256  1.0000E+00  1.0000E+00  1.0000E+00  error v
 20      256  1.0000E+00  1.0000E+00  1.0000E+00  error v
 20      256  1.0000E+00  1.0000E+00  1.0000E+00  error v
 20      256  1.0000E+00  1.0000E+00  1.0000E+00  error v
 20      256  1.0000E+00  1.0000E+00  1.0000E+00  error v
 20      256  1.0000E+00  1.0000E+00  1.0000E+00  error v
 20      256  1.0000E+00  1.0000E+00  1.0000E+00  error v
 20      256  1.0000E+00  1.0000E+00  1.0000E+00  error v
 20      256  1.0000E+00  1.0000E+00  1.0000E+00  error v
 20      256  1.0000E+00  1.0000E+00  1.0000E+00  error v
 20      256  1.0000E+00  1.0000E+00  1.0000E+00  error v
 20      256  1.0000E+00  1.0000E+00  1.0000E+00  error v
 20      256  1.0000E+00  1.0000E+00  1.0000E+00  error v
 20      256  1.0000E+00  1.0000E+00  1.0000E+00  error v
 20      256  1.0000E+00  1.0000E+00  1.0000E+00  error v
 20      256  1.0000E+00  1.0000E+00  1.0000E+00  error v
 20      256  1.0000E+00  1.0000E+00  1.0000E+00  error v
 20      256  1.0000E+00  1.0000E+00  1.0000E+00  error v
 20      256  1.0000E+00  1.0000E+00  1.0000E+00  error v
 20      256  1.0000E+00  1.0000E+00  1.0000E+00  error v
 
nelt =       1, np =       256, nx1 =      20, elements =       256
Solve Time =   0.7696E-09
 
nelt =       1, np =       256, nx1 =      20, elements =       256
Solve Time =   0.7608E-09
 
nelt =       1, np =       256, nx1 =      20, elements =       256
Solve Time =   0.7610E-09
 
nelt =       1, np =       256, nx1 =      20, elements =       256
Solve Time =   0.7668E-09
 
nelt =       1, np =       256, nx1 =      20, elements =       256
Solve Time =   0.7632E-09
 
nelt =       1, np =       256, nx1 =      20, elements =       256
Solve Time =   0.7638E-09
 
nelt =       1, np =       256, nx1 =      20, elements =       256
Solve Time =   0.7646E-09
 
nelt =       1, np =       256, nx1 =      20, elements =       256
Solve Time =   0.7630E-09
 
nelt =       1, np =       256, nx1 =      20, elements =       256
Solve Time =   0.7601E-09
 
nelt =       1, np =       256, nx1 =      20, elements =       256
Solve Time =   0.7607E-09
 20      256  4.2776E-03  4.2776E-03  4.2776E-03  error s
 20      256  4.2776E-03  4.2776E-03  4.2776E-03  error s
 20      256  4.2776E-03  4.2776E-03  4.2776E-03  error s
 20      256  4.2776E-03  4.2776E-03  4.2776E-03  error s
 20      256  4.2776E-03  4.2776E-03  4.2776E-03  error s
 20      256  4.2776E-03  4.2776E-03  4.2776E-03  error s
 20      256  4.2776E-03  4.2776E-03  4.2776E-03  error s
 20      256  4.2776E-03  4.2776E-03  4.2776E-03  error s
 20      256  4.2776E-03  4.2776E-03  4.2776E-03  error s
 20      256  4.2776E-03  4.2776E-03  4.2776E-03  error s
 20      256  4.2776E-03  4.2776E-03  4.2776E-03  error s
 20      256  4.2776E-03  4.2776E-03  4.2776E-03  error s
 20      256  4.2776E-03  4.2776E-03  4.2776E-03  error s
 20      256  4.2776E-03  4.2776E-03  4.2776E-03  error s
 20      256  4.2776E-03  4.2776E-03  4.2776E-03  error s
 20      256  4.2776E-03  4.2776E-03  4.2776E-03  error s
 20      256  4.2776E-03  4.2776E-03  4.2776E-03  error s
 20      256  4.2776E-03  4.2776E-03  4.2776E-03  error s
 20      256  4.2776E-03  4.2776E-03  4.2776E-03  error s
 20      256  4.2776E-03  4.2776E-03  4.2776E-03  error s
 20      256  4.2776E-03  4.2776E-03  4.2776E-03  error s
 20      256  4.2776E-03  4.2776E-03  4.2776E-03  error s
 20      256  4.2776E-03  4.2776E-03  4.2776E-03  error s
 20      256  4.2776E-03  4.2776E-03  4.2776E-03  error s
 20      256  4.2776E-03  4.2776E-03  4.2776E-03  error s
 20      256  4.2776E-03  4.2776E-03  4.2776E-03  error s
 20      256  4.2776E-03  4.2776E-03  4.2776E-03  error s
 20      256  4.2776E-03  4.2776E-03  4.2776E-03  error s
 20      256  4.2776E-03  4.2776E-03  4.2776E-03  error s
 20      256  4.2776E-03  4.2776E-03  4.2776E-03  error s
 20      256  4.2776E-03  4.2776E-03  4.2776E-03  error s
 20      256  4.2776E-03  4.2776E-03  4.2776E-03  error s
 20      256  4.2776E-03  4.2776E-03  4.2776E-03  error s
 20      256  4.2776E-03  4.2776E-03  4.2776E-03  error s
 20      256  4.2776E-03  4.2776E-03  4.2776E-03  error s
 20      256  4.2776E-03  4.2776E-03  4.2776E-03  error s
 20      256  4.2776E-03  4.2776E-03  4.2776E-03  error s
 20      256  4.2776E-03  4.2776E-03  4.2776E-03  error s
 20      256  4.2776E-03  4.2776E-03  4.2776E-03  error s
 20      256  4.2776E-03  4.2776E-03  4.2776E-03  error s
 20      256  4.2776E-03  4.2776E-03  4.2776E-03  error s
 20      256  4.2776E-03  4.2776E-03  4.2776E-03  error s
 20      256  4.2776E-03  4.2776E-03  4.2776E-03  error s
 20      256  4.2776E-03  4.2776E-03  4.2776E-03  error s
 20      256  4.2776E-03  4.2776E-03  4.2776E-03  error s
 20      256  4.2776E-03  4.2776E-03  4.2776E-03  error s
 20      256  4.2776E-03  4.2776E-03  4.2776E-03  error s
 20      256  4.2776E-03  4.2776E-03  4.2776E-03  error s
 20      256  4.2776E-03  4.2776E-03  4.2776E-03  error s
 20      256  4.2776E-03  4.2776E-03  4.2776E-03  error s
 20      256  4.2776E-03  4.2776E-03  4.2776E-03  error s
 20      256  4.2776E-03  4.2776E-03  4.2776E-03  error s
 20      256  4.2776E-03  4.2776E-03  4.2776E-03  error s
 20      256  4.2776E-03  4.2776E-03  4.2776E-03  error s
 20      256  4.2776E-03  4.2776E-03  4.2776E-03  error s
 20      256  4.2776E-03  4.2776E-03  4.2776E-03  error s
 20      256  4.2776E-03  4.2776E-03  4.2776E-03  error s
 20      256  4.2776E-03  4.2776E-03  4.2776E-03  error s
 20      256  4.2776E-03  4.2776E-03  4.2776E-03  error s
 20      256  4.2776E-03  4.2776E-03  4.2776E-03  error s
 20      256  4.2776E-03  4.2776E-03  4.2776E-03  error s
 20      256  4.2776E-03  4.2776E-03  4.2776E-03  error s
 20      256  4.2776E-03  4.2776E-03  4.2776E-03  error s
 20      256  4.2776E-03  4.2776E-03  4.2776E-03  error s
 20      256  4.2776E-03  4.2776E-03  4.2776E-03  error s
 20      256  4.2776E-03  4.2776E-03  4.2776E-03  error s
 20      256  4.2776E-03  4.2776E-03  4.2776E-03  error s
 20      256  4.2776E-03  4.2776E-03  4.2776E-03  error s
 20      256  4.2776E-03  4.2776E-03  4.2776E-03  error s
 20      256  4.2776E-03  4.2776E-03  4.2776E-03  error s
 20      256  4.2776E-03  4.2776E-03  4.2776E-03  error s
 20      256  4.2776E-03  4.2776E-03  4.2776E-03  error s
 20      256  4.2776E-03  4.2776E-03  4.2776E-03  error s
 20      256  4.2776E-03  4.2776E-03  4.2776E-03  error s
 20      256  4.2776E-03  4.2776E-03  4.2776E-03  error s
 20      256  4.2776E-03  4.2776E-03  4.2776E-03  error s
 20      256  4.2776E-03  4.2776E-03  4.2776E-03  error s
 20      256  4.2776E-03  4.2776E-03  4.2776E-03  error s
 20      256  4.2776E-03  4.2776E-03  4.2776E-03  error s
 20      256  4.2776E-03  4.2776E-03  4.2776E-03  error s
 20      256  4.2776E-03  4.2776E-03  4.2776E-03  error s
 20      256  4.2776E-03  4.2776E-03  4.2776E-03  error s
 20      256  4.2776E-03  4.2776E-03  4.2776E-03  error s
 20      256  4.2776E-03  4.2776E-03  4.2776E-03  error s
 20      256  4.2776E-03  4.2776E-03  4.2776E-03  error s
 20      256  4.2776E-03  4.2776E-03  4.2776E-03  error s
 20      256  4.2776E-03  4.2776E-03  4.2776E-03  error s
 20      256  4.2776E-03  4.2776E-03  4.2776E-03  error s
 20      256  4.2776E-03  4.2776E-03  4.2776E-03  error s
 20      256  4.2776E-03  4.2776E-03  4.2776E-03  error s
 20      256  4.2776E-03  4.2776E-03  4.2776E-03  error s
 20      256  4.2776E-03  4.2776E-03  4.2776E-03  error s
 20      256  4.2776E-03  4.2776E-03  4.2776E-03  error s
 20      256  4.2776E-03  4.2776E-03  4.2776E-03  error s
 20      256  4.2776E-03  4.2776E-03  4.2776E-03  error s
 20      256  4.2776E-03  4.2776E-03  4.2776E-03  error s
 20      256  4.2776E-03  4.2776E-03  4.2776E-03  error s
 20      256  4.2776E-03  4.2776E-03  4.2776E-03  error s
 20      256  4.2776E-03  4.2776E-03  4.2776E-03  error s
 20      256  4.2776E-03  4.2776E-03  4.2776E-03  error s
 20      256  4.2776E-03  4.2776E-03  4.2776E-03  error s
 20      256  4.2776E-03  4.2776E-03  4.2776E-03  error s
 20      256  4.2776E-03  4.2776E-03  4.2776E-03  error s
 20      256  4.2776E-03  4.2776E-03  4.2776E-03  error s
 20      256  4.2776E-03  4.2776E-03  4.2776E-03  error s
 20      256  4.2776E-03  4.2776E-03  4.2776E-03  error s
 20      256  4.2776E-03  4.2776E-03  4.2776E-03  error s
 20      256  4.2776E-03  4.2776E-03  4.2776E-03  error s
 20      256  4.2776E-03  4.2776E-03  4.2776E-03  error s
 20      256  4.2776E-03  4.2776E-03  4.2776E-03  error s
 20      256  4.2776E-03  4.2776E-03  4.2776E-03  error s
 20      256  4.2776E-03  4.2776E-03  4.2776E-03  error s
 20      256  4.2776E-03  4.2776E-03  4.2776E-03  error s
 20      256  4.2776E-03  4.2776E-03  4.2776E-03  error s
 20      256  4.2776E-03  4.2776E-03  4.2776E-03  error s
 20      256  4.2776E-03  4.2776E-03  4.2776E-03  error s
 20      256  4.2776E-03  4.2776E-03  4.2776E-03  error s
 20      256  4.2776E-03  4.2776E-03  4.2776E-03  error s
 20      256  4.2776E-03  4.2776E-03  4.2776E-03  error s
 20      256  4.2776E-03  4.2776E-03  4.2776E-03  error s
 20      256  4.2776E-03  4.2776E-03  4.2776E-03  error s
 20      256  4.2776E-03  4.2776E-03  4.2776E-03  error s
 20      256  4.2776E-03  4.2776E-03  4.2776E-03  error s
 20      256  4.2776E-03  4.2776E-03  4.2776E-03  error s
 20      256  4.2776E-03  4.2776E-03  4.2776E-03  error s
 20      256  4.2776E-03  4.2776E-03  4.2776E-03  error s
 20      256  4.2776E-03  4.2776E-03  4.2776E-03  error s
 20      256  4.2776E-03  4.2776E-03  4.2776E-03  error s
 20      256  4.2776E-03  4.2776E-03  4.2776E-03  error s
 20      256  4.2776E-03  4.2776E-03  4.2776E-03  error s
 20      256  4.2776E-03  4.2776E-03  4.2776E-03  error s
 20      256  4.2776E-03  4.2776E-03  4.2776E-03  error s
 20      256  4.2776E-03  4.2776E-03  4.2776E-03  error s
 20      256  4.2776E-03  4.2776E-03  4.2776E-03  error s
 20      256  4.2776E-03  4.2776E-03  4.2776E-03  error s
 20      256  4.2776E-03  4.2776E-03  4.2776E-03  error s
 20      256  4.2776E-03  4.2776E-03  4.2776E-03  error s
 20      256  4.2776E-03  4.2776E-03  4.2776E-03  error s
 20      256  4.2776E-03  4.2776E-03  4.2776E-03  error s
 20      256  4.2776E-03  4.2776E-03  4.2776E-03  error s
 20      256  4.2776E-03  4.2776E-03  4.2776E-03  error s
 20      256  4.2776E-03  4.2776E-03  4.2776E-03  error s
 20      256  4.2776E-03  4.2776E-03  4.2776E-03  error s
 20      256  4.2776E-03  4.2776E-03  4.2776E-03  error s
 20      256  4.2776E-03  4.2776E-03  4.2776E-03  error s
 20      256  4.2776E-03  4.2776E-03  4.2776E-03  error s
 20      256  4.2776E-03  4.2776E-03  4.2776E-03  error s
 20      256  4.2776E-03  4.2776E-03  4.2776E-03  error s
 20      256  4.2776E-03  4.2776E-03  4.2776E-03  error s
 20      256  4.2776E-03  4.2776E-03  4.2776E-03  error s
 20      256  4.2776E-03  4.2776E-03  4.2776E-03  error s
 20      256  4.2776E-03  4.2776E-03  4.2776E-03  error s
 20      256  4.2776E-03  4.2776E-03  4.2776E-03  error s
 20      256  4.2776E-03  4.2776E-03  4.2776E-03  error s
 20      256  4.2776E-03  4.2776E-03  4.2776E-03  error s
 20      256  4.2776E-03  4.2776E-03  4.2776E-03  error s
 20      256  4.2776E-03  4.2776E-03  4.2776E-03  error s
 20      256  4.2776E-03  4.2776E-03  4.2776E-03  error s
 20      256  4.2776E-03  4.2776E-03  4.2776E-03  error s
 20      256  4.2776E-03  4.2776E-03  4.2776E-03  error s
 20      256  4.2776E-03  4.2776E-03  4.2776E-03  error s
 20      256  4.2776E-03  4.2776E-03  4.2776E-03  error s
 20      256  4.2776E-03  4.2776E-03  4.2776E-03  error s
 20      256  4.2776E-03  4.2776E-03  4.2776E-03  error s
 20      256  4.2776E-03  4.2776E-03  4.2776E-03  error s
 20      256  4.2776E-03  4.2776E-03  4.2776E-03  error s
 20      256  4.2776E-03  4.2776E-03  4.2776E-03  error s
 20      256  4.2776E-03  4.2776E-03  4.2776E-03  error s
 20      256  4.2776E-03  4.2776E-03  4.2776E-03  error s
 20      256  4.2776E-03  4.2776E-03  4.2776E-03  error s
 20      256  4.2776E-03  4.2776E-03  4.2776E-03  error s
 20      256  4.2776E-03  4.2776E-03  4.2776E-03  error s
 20      256  4.2776E-03  4.2776E-03  4.2776E-03  error s
 20      256  4.2776E-03  4.2776E-03  4.2776E-03  error s
 20      256  4.2776E-03  4.2776E-03  4.2776E-03  error s
 20      256  4.2776E-03  4.2776E-03  4.2776E-03  error s
 20      256  4.2776E-03  4.2776E-03  4.2776E-03  error s
 20      256  4.2776E-03  4.2776E-03  4.2776E-03  error s
 20      256  4.2776E-03  4.2776E-03  4.2776E-03  error s
 20      256  4.2776E-03  4.2776E-03  4.2776E-03  error s
 20      256  4.2776E-03  4.2776E-03  4.2776E-03  error s
 20      256  4.2776E-03  4.2776E-03  4.2776E-03  error s
 20      256  4.2776E-03  4.2776E-03  4.2776E-03  error s
 20      256  4.2776E-03  4.2776E-03  4.2776E-03  error s
 20      256  4.2776E-03  4.2776E-03  4.2776E-03  error s
 20      256  4.2776E-03  4.2776E-03  4.2776E-03  error s
 20      256  4.2776E-03  4.2776E-03  4.2776E-03  error s
 20      256  4.2776E-03  4.2776E-03  4.2776E-03  error s
 20      256  4.2776E-03  4.2776E-03  4.2776E-03  error s
 20      256  4.2776E-03  4.2776E-03  4.2776E-03  error s
 20      256  4.2776E-03  4.2776E-03  4.2776E-03  error s
 20      256  4.2776E-03  4.2776E-03  4.2776E-03  error s
 20      256  4.2776E-03  4.2776E-03  4.2776E-03  error s
 20      256  4.2776E-03  4.2776E-03  4.2776E-03  error s
 20      256  4.2776E-03  4.2776E-03  4.2776E-03  error s
 20      256  4.2776E-03  4.2776E-03  4.2776E-03  error s
 20      256  4.2776E-03  4.2776E-03  4.2776E-03  error s
 20      256  4.2776E-03  4.2776E-03  4.2776E-03  error s
 20      256  4.2776E-03  4.2776E-03  4.2776E-03  error s
 20      256  4.2776E-03  4.2776E-03  4.2776E-03  error s
 20      256  4.2776E-03  4.2776E-03  4.2776E-03  error s
 20      256  4.2776E-03  4.2776E-03  4.2776E-03  error s
 20      256  4.2776E-03  4.2776E-03  4.2776E-03  error s
 20      256  4.2776E-03  4.2776E-03  4.2776E-03  error s
 20      256  4.2776E-03  4.2776E-03  4.2776E-03  error s
 20      256  4.2776E-03  4.2776E-03  4.2776E-03  error s
 20      256  4.2776E-03  4.2776E-03  4.2776E-03  error s
 20      256  4.2776E-03  4.2776E-03  4.2776E-03  error s
 20      256  4.2776E-03  4.2776E-03  4.2776E-03  error s
 20      256  4.2776E-03  4.2776E-03  4.2776E-03  error s
 20      256  4.2776E-03  4.2776E-03  4.2776E-03  error s
 20      256  4.2776E-03  4.2776E-03  4.2776E-03  error s
 20      256  4.2776E-03  4.2776E-03  4.2776E-03  error s
 20      256  4.2776E-03  4.2776E-03  4.2776E-03  error s
 20      256  4.2776E-03  4.2776E-03  4.2776E-03  error s
 20      256  4.2776E-03  4.2776E-03  4.2776E-03  error s
 20      256  4.2776E-03  4.2776E-03  4.2776E-03  error s
 20      256  4.2776E-03  4.2776E-03  4.2776E-03  error s
 20      256  4.2776E-03  4.2776E-03  4.2776E-03  error s
 20      256  4.2776E-03  4.2776E-03  4.2776E-03  error s
 20      256  4.2776E-03  4.2776E-03  4.2776E-03  error s
 20      256  4.2776E-03  4.2776E-03  4.2776E-03  error s
 20      256  4.2776E-03  4.2776E-03  4.2776E-03  error s
 20      256  4.2776E-03  4.2776E-03  4.2776E-03  error s
 20      256  4.2776E-03  4.2776E-03  4.2776E-03  error s
 20      256  4.2776E-03  4.2776E-03  4.2776E-03  error s
 20      256  4.2776E-03  4.2776E-03  4.2776E-03  error s
 20      256  4.2776E-03  4.2776E-03  4.2776E-03  error s
 20      256  4.2776E-03  4.2776E-03  4.2776E-03  error s
 20      256  4.2776E-03  4.2776E-03  4.2776E-03  error s
 20      256  4.2776E-03  4.2776E-03  4.2776E-03  error s
 20      256  4.2776E-03  4.2776E-03  4.2776E-03  error s
 20      256  4.2776E-03  4.2776E-03  4.2776E-03  error s
 20      256  4.2776E-03  4.2776E-03  4.2776E-03  error s
 20      256  4.2776E-03  4.2776E-03  4.2776E-03  error s
 20      256  4.2776E-03  4.2776E-03  4.2776E-03  error s
 20      256  4.2776E-03  4.2776E-03  4.2776E-03  error s
 20      256  4.2776E-03  4.2776E-03  4.2776E-03  error s
 20      256  4.2776E-03  4.2776E-03  4.2776E-03  error s
 20      256  4.2776E-03  4.2776E-03  4.2776E-03  error s
 20      256  4.2776E-03  4.2776E-03  4.2776E-03  error s
 20      256  4.2776E-03  4.2776E-03  4.2776E-03  error s
 20      256  4.2776E-03  4.2776E-03  4.2776E-03  error s
 20      256  4.2776E-03  4.2776E-03  4.2776E-03  error s
 20      256  4.2776E-03  4.2776E-03  4.2776E-03  error s
 20      256  4.2776E-03  4.2776E-03  4.2776E-03  error s
 20      256  4.2776E-03  4.2776E-03  4.2776E-03  error s
 20      256  4.2776E-03  4.2776E-03  4.2776E-03  error s
 20      256  4.2776E-03  4.2776E-03  4.2776E-03  error s
 20      256  4.2776E-03  4.2776E-03  4.2776E-03  error s
 20      256  4.2776E-03  4.2776E-03  4.2776E-03  error s
 20      256  4.2776E-03  4.2776E-03  4.2776E-03  error s
 20      256  4.2776E-03  4.2776E-03  4.2776E-03  error s
 20      256  4.2776E-03  4.2776E-03  4.2776E-03  error s
 20      256  4.2776E-03  4.2776E-03  4.2776E-03  error s
 20      256  4.2776E-03  4.2776E-03  4.2776E-03  error s
 
nelt =       1, np =       256, nx1 =      20, elements =       256
Solve Time =   0.7949E-09
 
nelt =       1, np =       256, nx1 =      20, elements =       256
Solve Time =   0.7893E-09
 
nelt =       1, np =       256, nx1 =      20, elements =       256
Solve Time =   0.7899E-09
 
nelt =       1, np =       256, nx1 =      20, elements =       256
Solve Time =   0.7885E-09
 
nelt =       1, np =       256, nx1 =      20, elements =       256
Solve Time =   0.7942E-09
 
nelt =       1, np =       256, nx1 =      20, elements =       256
Solve Time =   0.7909E-09
 
nelt =       1, np =       256, nx1 =      20, elements =       256
Solve Time =   0.7900E-09
 
nelt =       1, np =       256, nx1 =      20, elements =       256
Solve Time =   0.7909E-09
 
nelt =       1, np =       256, nx1 =      20, elements =       256
Solve Time =   0.7902E-09
 
nelt =       1, np =       256, nx1 =      20, elements =       256
Solve Time =   0.7915E-09
 20      256  4.2783E-03  4.2783E-03  4.2783E-03  error n
 20      256  4.2783E-03  4.2783E-03  4.2783E-03  error n
 20      256  4.2783E-03  4.2783E-03  4.2783E-03  error n
 20      256  4.2783E-03  4.2783E-03  4.2783E-03  error n
 20      256  4.2783E-03  4.2783E-03  4.2783E-03  error n
 20      256  4.2783E-03  4.2783E-03  4.2783E-03  error n
 20      256  4.2783E-03  4.2783E-03  4.2783E-03  error n
 20      256  4.2783E-03  4.2783E-03  4.2783E-03  error n
 20      256  4.2783E-03  4.2783E-03  4.2783E-03  error n
 20      256  4.2783E-03  4.2783E-03  4.2783E-03  error n
 20      256  4.2783E-03  4.2783E-03  4.2783E-03  error n
 20      256  4.2783E-03  4.2783E-03  4.2783E-03  error n
 20      256  4.2783E-03  4.2783E-03  4.2783E-03  error n
 20      256  4.2783E-03  4.2783E-03  4.2783E-03  error n
 20      256  4.2783E-03  4.2783E-03  4.2783E-03  error n
 20      256  4.2783E-03  4.2783E-03  4.2783E-03  error n
 20      256  4.2783E-03  4.2783E-03  4.2783E-03  error n
 20      256  4.2783E-03  4.2783E-03  4.2783E-03  error n
 20      256  4.2783E-03  4.2783E-03  4.2783E-03  error n
 20      256  4.2783E-03  4.2783E-03  4.2783E-03  error n
 20      256  4.2783E-03  4.2783E-03  4.2783E-03  error n
 20      256  4.2783E-03  4.2783E-03  4.2783E-03  error n
 20      256  4.2783E-03  4.2783E-03  4.2783E-03  error n
 20      256  4.2783E-03  4.2783E-03  4.2783E-03  error n
 20      256  4.2783E-03  4.2783E-03  4.2783E-03  error n
 20      256  4.2783E-03  4.2783E-03  4.2783E-03  error n
 20      256  4.2783E-03  4.2783E-03  4.2783E-03  error n
 20      256  4.2783E-03  4.2783E-03  4.2783E-03  error n
 20      256  4.2783E-03  4.2783E-03  4.2783E-03  error n
 20      256  4.2783E-03  4.2783E-03  4.2783E-03  error n
 20      256  4.2783E-03  4.2783E-03  4.2783E-03  error n
 20      256  4.2783E-03  4.2783E-03  4.2783E-03  error n
 20      256  4.2783E-03  4.2783E-03  4.2783E-03  error n
 20      256  4.2783E-03  4.2783E-03  4.2783E-03  error n
 20      256  4.2783E-03  4.2783E-03  4.2783E-03  error n
 20      256  4.2783E-03  4.2783E-03  4.2783E-03  error n
 20      256  4.2783E-03  4.2783E-03  4.2783E-03  error n
 20      256  4.2783E-03  4.2783E-03  4.2783E-03  error n
 20      256  4.2783E-03  4.2783E-03  4.2783E-03  error n
 20      256  4.2783E-03  4.2783E-03  4.2783E-03  error n
 20      256  4.2783E-03  4.2783E-03  4.2783E-03  error n
 20      256  4.2783E-03  4.2783E-03  4.2783E-03  error n
 20      256  4.2783E-03  4.2783E-03  4.2783E-03  error n
 20      256  4.2783E-03  4.2783E-03  4.2783E-03  error n
 20      256  4.2783E-03  4.2783E-03  4.2783E-03  error n
 20      256  4.2783E-03  4.2783E-03  4.2783E-03  error n
 20      256  4.2783E-03  4.2783E-03  4.2783E-03  error n
 20      256  4.2783E-03  4.2783E-03  4.2783E-03  error n
 20      256  4.2783E-03  4.2783E-03  4.2783E-03  error n
 20      256  4.2783E-03  4.2783E-03  4.2783E-03  error n
 20      256  4.2783E-03  4.2783E-03  4.2783E-03  error n
 20      256  4.2783E-03  4.2783E-03  4.2783E-03  error n
 20      256  4.2783E-03  4.2783E-03  4.2783E-03  error n
 20      256  4.2783E-03  4.2783E-03  4.2783E-03  error n
 20      256  4.2783E-03  4.2783E-03  4.2783E-03  error n
 20      256  4.2783E-03  4.2783E-03  4.2783E-03  error n
 20      256  4.2783E-03  4.2783E-03  4.2783E-03  error n
 20      256  4.2783E-03  4.2783E-03  4.2783E-03  error n
 20      256  4.2783E-03  4.2783E-03  4.2783E-03  error n
 20      256  4.2783E-03  4.2783E-03  4.2783E-03  error n
 20      256  4.2783E-03  4.2783E-03  4.2783E-03  error n
 20      256  4.2783E-03  4.2783E-03  4.2783E-03  error n
 20      256  4.2783E-03  4.2783E-03  4.2783E-03  error n
 20      256  4.2783E-03  4.2783E-03  4.2783E-03  error n
 20      256  4.2783E-03  4.2783E-03  4.2783E-03  error n
 20      256  4.2783E-03  4.2783E-03  4.2783E-03  error n
 20      256  4.2783E-03  4.2783E-03  4.2783E-03  error n
 20      256  4.2783E-03  4.2783E-03  4.2783E-03  error n
 20      256  4.2783E-03  4.2783E-03  4.2783E-03  error n
 20      256  4.2783E-03  4.2783E-03  4.2783E-03  error n
 20      256  4.2783E-03  4.2783E-03  4.2783E-03  error n
 20      256  4.2783E-03  4.2783E-03  4.2783E-03  error n
 20      256  4.2783E-03  4.2783E-03  4.2783E-03  error n
 20      256  4.2783E-03  4.2783E-03  4.2783E-03  error n
 20      256  4.2783E-03  4.2783E-03  4.2783E-03  error n
 20      256  4.2783E-03  4.2783E-03  4.2783E-03  error n
 20      256  4.2783E-03  4.2783E-03  4.2783E-03  error n
 20      256  4.2783E-03  4.2783E-03  4.2783E-03  error n
 20      256  4.2783E-03  4.2783E-03  4.2783E-03  error n
 20      256  4.2783E-03  4.2783E-03  4.2783E-03  error n
 20      256  4.2783E-03  4.2783E-03  4.2783E-03  error n
 20      256  4.2783E-03  4.2783E-03  4.2783E-03  error n
 20      256  4.2783E-03  4.2783E-03  4.2783E-03  error n
 20      256  4.2783E-03  4.2783E-03  4.2783E-03  error n
 20      256  4.2783E-03  4.2783E-03  4.2783E-03  error n
 20      256  4.2783E-03  4.2783E-03  4.2783E-03  error n
 20      256  4.2783E-03  4.2783E-03  4.2783E-03  error n
 20      256  4.2783E-03  4.2783E-03  4.2783E-03  error n
 20      256  4.2783E-03  4.2783E-03  4.2783E-03  error n
 20      256  4.2783E-03  4.2783E-03  4.2783E-03  error n
 20      256  4.2783E-03  4.2783E-03  4.2783E-03  error n
 20      256  4.2783E-03  4.2783E-03  4.2783E-03  error n
 20      256  4.2783E-03  4.2783E-03  4.2783E-03  error n
 20      256  4.2783E-03  4.2783E-03  4.2783E-03  error n
 20      256  4.2783E-03  4.2783E-03  4.2783E-03  error n
 20      256  4.2783E-03  4.2783E-03  4.2783E-03  error n
 20      256  4.2783E-03  4.2783E-03  4.2783E-03  error n
 20      256  4.2783E-03  4.2783E-03  4.2783E-03  error n
 20      256  4.2783E-03  4.2783E-03  4.2783E-03  error n
 20      256  4.2783E-03  4.2783E-03  4.2783E-03  error n
 20      256  4.2783E-03  4.2783E-03  4.2783E-03  error n
 20      256  4.2783E-03  4.2783E-03  4.2783E-03  error n
 20      256  4.2783E-03  4.2783E-03  4.2783E-03  error n
 20      256  4.2783E-03  4.2783E-03  4.2783E-03  error n
 20      256  4.2783E-03  4.2783E-03  4.2783E-03  error n
 20      256  4.2783E-03  4.2783E-03  4.2783E-03  error n
 20      256  4.2783E-03  4.2783E-03  4.2783E-03  error n
 20      256  4.2783E-03  4.2783E-03  4.2783E-03  error n
 20      256  4.2783E-03  4.2783E-03  4.2783E-03  error n
 20      256  4.2783E-03  4.2783E-03  4.2783E-03  error n
 20      256  4.2783E-03  4.2783E-03  4.2783E-03  error n
 20      256  4.2783E-03  4.2783E-03  4.2783E-03  error n
 20      256  4.2783E-03  4.2783E-03  4.2783E-03  error n
 20      256  4.2783E-03  4.2783E-03  4.2783E-03  error n
 20      256  4.2783E-03  4.2783E-03  4.2783E-03  error n
 20      256  4.2783E-03  4.2783E-03  4.2783E-03  error n
 20      256  4.2783E-03  4.2783E-03  4.2783E-03  error n
 20      256  4.2783E-03  4.2783E-03  4.2783E-03  error n
 20      256  4.2783E-03  4.2783E-03  4.2783E-03  error n
 20      256  4.2783E-03  4.2783E-03  4.2783E-03  error n
 20      256  4.2783E-03  4.2783E-03  4.2783E-03  error n
 20      256  4.2783E-03  4.2783E-03  4.2783E-03  error n
 20      256  4.2783E-03  4.2783E-03  4.2783E-03  error n
 20      256  4.2783E-03  4.2783E-03  4.2783E-03  error n
 20      256  4.2783E-03  4.2783E-03  4.2783E-03  error n
 20      256  4.2783E-03  4.2783E-03  4.2783E-03  error n
 20      256  4.2783E-03  4.2783E-03  4.2783E-03  error n
 20      256  4.2783E-03  4.2783E-03  4.2783E-03  error n
 20      256  4.2783E-03  4.2783E-03  4.2783E-03  error n
 20      256  4.2783E-03  4.2783E-03  4.2783E-03  error n
 20      256  4.2783E-03  4.2783E-03  4.2783E-03  error n
 20      256  4.2783E-03  4.2783E-03  4.2783E-03  error n
 20      256  4.2783E-03  4.2783E-03  4.2783E-03  error n
 20      256  4.2783E-03  4.2783E-03  4.2783E-03  error n
 20      256  4.2783E-03  4.2783E-03  4.2783E-03  error n
 20      256  4.2783E-03  4.2783E-03  4.2783E-03  error n
 20      256  4.2783E-03  4.2783E-03  4.2783E-03  error n
 20      256  4.2783E-03  4.2783E-03  4.2783E-03  error n
 20      256  4.2783E-03  4.2783E-03  4.2783E-03  error n
 20      256  4.2783E-03  4.2783E-03  4.2783E-03  error n
 20      256  4.2783E-03  4.2783E-03  4.2783E-03  error n
 20      256  4.2783E-03  4.2783E-03  4.2783E-03  error n
 20      256  4.2783E-03  4.2783E-03  4.2783E-03  error n
 20      256  4.2783E-03  4.2783E-03  4.2783E-03  error n
 20      256  4.2783E-03  4.2783E-03  4.2783E-03  error n
 20      256  4.2783E-03  4.2783E-03  4.2783E-03  error n
 20      256  4.2783E-03  4.2783E-03  4.2783E-03  error n
 20      256  4.2783E-03  4.2783E-03  4.2783E-03  error n
 20      256  4.2783E-03  4.2783E-03  4.2783E-03  error n
 20      256  4.2783E-03  4.2783E-03  4.2783E-03  error n
 20      256  4.2783E-03  4.2783E-03  4.2783E-03  error n
 20      256  4.2783E-03  4.2783E-03  4.2783E-03  error n
 20      256  4.2783E-03  4.2783E-03  4.2783E-03  error n
 20      256  4.2783E-03  4.2783E-03  4.2783E-03  error n
 20      256  4.2783E-03  4.2783E-03  4.2783E-03  error n
 20      256  4.2783E-03  4.2783E-03  4.2783E-03  error n
 20      256  4.2783E-03  4.2783E-03  4.2783E-03  error n
 20      256  4.2783E-03  4.2783E-03  4.2783E-03  error n
 20      256  4.2783E-03  4.2783E-03  4.2783E-03  error n
 20      256  4.2783E-03  4.2783E-03  4.2783E-03  error n
 20      256  4.2783E-03  4.2783E-03  4.2783E-03  error n
 20      256  4.2783E-03  4.2783E-03  4.2783E-03  error n
 20      256  4.2783E-03  4.2783E-03  4.2783E-03  error n
 20      256  4.2783E-03  4.2783E-03  4.2783E-03  error n
 20      256  4.2783E-03  4.2783E-03  4.2783E-03  error n
 20      256  4.2783E-03  4.2783E-03  4.2783E-03  error n
 20      256  4.2783E-03  4.2783E-03  4.2783E-03  error n
  19      256  100  0.0000E+00  0.0000E+00  0.0000E+00 time for 3 hmholtz
EXIT: quit after cggov         19
  
call exitt: dying ...
  
backtrace(): obtained 8 stack frames.
./nek5000() [0x786615]
./nek5000() [0x96a339]
./nek5000() [0x40e12c]
./nek5000() [0x426c46]
./nek5000() [0x4251fe]
./nek5000() [0x4054fe]
/lib64/libc.so.6(__libc_start_main+0xf5) [0x2aaab1ca3b25]
./nek5000() [0x405409]
  
total elapsed time             :   5.29861E+02 sec
total solver time incl. I/O    :   0.00000E+00 sec
time/timestep                  :   0.00000E+00 sec
CPU seconds/timestep/gridpt    :   0.00000E+00 sec

 20      256  4.2783E-03  4.2783E-03  4.2783E-03  error n
 20      256  4.2783E-03  4.2783E-03  4.2783E-03  error n
 20      256  4.2783E-03  4.2783E-03  4.2783E-03  error n
 20      256  4.2783E-03  4.2783E-03  4.2783E-03  error n
 20      256  4.2783E-03  4.2783E-03  4.2783E-03  error n
 20      256  4.2783E-03  4.2783E-03  4.2783E-03  error n
 20      256  4.2783E-03  4.2783E-03  4.2783E-03  error n
 20      256  4.2783E-03  4.2783E-03  4.2783E-03  error n
 20      256  4.2783E-03  4.2783E-03  4.2783E-03  error n
 20      256  4.2783E-03  4.2783E-03  4.2783E-03  error n
 20      256  4.2783E-03  4.2783E-03  4.2783E-03  error n
 20      256  4.2783E-03  4.2783E-03  4.2783E-03  error n
 20      256  4.2783E-03  4.2783E-03  4.2783E-03  error n
 20      256  4.2783E-03  4.2783E-03  4.2783E-03  error n
 20      256  4.2783E-03  4.2783E-03  4.2783E-03  error n
 20      256  4.2783E-03  4.2783E-03  4.2783E-03  error n
 20      256  4.2783E-03  4.2783E-03  4.2783E-03  error n
 20      256  4.2783E-03  4.2783E-03  4.2783E-03  error n
 20      256  4.2783E-03  4.2783E-03  4.2783E-03  error n
 20      256  4.2783E-03  4.2783E-03  4.2783E-03  error n
 20      256  4.2783E-03  4.2783E-03  4.2783E-03  error n
 20      256  4.2783E-03  4.2783E-03  4.2783E-03  error n
 20      256  4.2783E-03  4.2783E-03  4.2783E-03  error n
 20      256  4.2783E-03  4.2783E-03  4.2783E-03  error n
 20      256  4.2783E-03  4.2783E-03  4.2783E-03  error n
 20      256  4.2783E-03  4.2783E-03  4.2783E-03  error n
 20      256  4.2783E-03  4.2783E-03  4.2783E-03  error n
 20      256  4.2783E-03  4.2783E-03  4.2783E-03  error n
 20      256  4.2783E-03  4.2783E-03  4.2783E-03  error n
 20      256  4.2783E-03  4.2783E-03  4.2783E-03  error n
 20      256  4.2783E-03  4.2783E-03  4.2783E-03  error n
 20      256  4.2783E-03  4.2783E-03  4.2783E-03  error n
 20      256  4.2783E-03  4.2783E-03  4.2783E-03  error n
 20      256  4.2783E-03  4.2783E-03  4.2783E-03  error n
 20      256  4.2783E-03  4.2783E-03  4.2783E-03  error n
 20      256  4.2783E-03  4.2783E-03  4.2783E-03  error n
 20      256  4.2783E-03  4.2783E-03  4.2783E-03  error n
 20      256  4.2783E-03  4.2783E-03  4.2783E-03  error n
 20      256  4.2783E-03  4.2783E-03  4.2783E-03  error n
 20      256  4.2783E-03  4.2783E-03  4.2783E-03  error n
 20      256  4.2783E-03  4.2783E-03  4.2783E-03  error n
 20      256  4.2783E-03  4.2783E-03  4.2783E-03  error n
 20      256  4.2783E-03  4.2783E-03  4.2783E-03  error n
 20      256  4.2783E-03  4.2783E-03  4.2783E-03  error n
 20      256  4.2783E-03  4.2783E-03  4.2783E-03  error n
 20      256  4.2783E-03  4.2783E-03  4.2783E-03  error n
 20      256  4.2783E-03  4.2783E-03  4.2783E-03  error n
 20      256  4.2783E-03  4.2783E-03  4.2783E-03  error n
 20      256  4.2783E-03  4.2783E-03  4.2783E-03  error n
 20      256  4.2783E-03  4.2783E-03  4.2783E-03  error n
 20      256  4.2783E-03  4.2783E-03  4.2783E-03  error n
 20      256  4.2783E-03  4.2783E-03  4.2783E-03  error n
 20      256  4.2783E-03  4.2783E-03  4.2783E-03  error n
 20      256  4.2783E-03  4.2783E-03  4.2783E-03  error n
 20      256  4.2783E-03  4.2783E-03  4.2783E-03  error n
 20      256  4.2783E-03  4.2783E-03  4.2783E-03  error n
 20      256  4.2783E-03  4.2783E-03  4.2783E-03  error n
 20      256  4.2783E-03  4.2783E-03  4.2783E-03  error n
 20      256  4.2783E-03  4.2783E-03  4.2783E-03  error n
 20      256  4.2783E-03  4.2783E-03  4.2783E-03  error n
 20      256  4.2783E-03  4.2783E-03  4.2783E-03  error n
 20      256  4.2783E-03  4.2783E-03  4.2783E-03  error n
 20      256  4.2783E-03  4.2783E-03  4.2783E-03  error n
 20      256  4.2783E-03  4.2783E-03  4.2783E-03  error n
 20      256  4.2783E-03  4.2783E-03  4.2783E-03  error n
 20      256  4.2783E-03  4.2783E-03  4.2783E-03  error n
 20      256  4.2783E-03  4.2783E-03  4.2783E-03  error n
 20      256  4.2783E-03  4.2783E-03  4.2783E-03  error n
 20      256  4.2783E-03  4.2783E-03  4.2783E-03  error n
 20      256  4.2783E-03  4.2783E-03  4.2783E-03  error n
 20      256  4.2783E-03  4.2783E-03  4.2783E-03  error n
 20      256  4.2783E-03  4.2783E-03  4.2783E-03  error n
 20      256  4.2783E-03  4.2783E-03  4.2783E-03  error n
 20      256  4.2783E-03  4.2783E-03  4.2783E-03  error n
 20      256  4.2783E-03  4.2783E-03  4.2783E-03  error n
 20      256  4.2783E-03  4.2783E-03  4.2783E-03  error n
 20      256  4.2783E-03  4.2783E-03  4.2783E-03  error n
 20      256  4.2783E-03  4.2783E-03  4.2783E-03  error n
 20      256  4.2783E-03  4.2783E-03  4.2783E-03  error n
 20      256  4.2783E-03  4.2783E-03  4.2783E-03  error n
 20      256  4.2783E-03  4.2783E-03  4.2783E-03  error n
 20      256  4.2783E-03  4.2783E-03  4.2783E-03  error n
 20      256  4.2783E-03  4.2783E-03  4.2783E-03  error n
 20      256  4.2783E-03  4.2783E-03  4.2783E-03  error n
 20      256  4.2783E-03  4.2783E-03  4.2783E-03  error n
 20      256  4.2783E-03  4.2783E-03  4.2783E-03  error n
 20      256  4.2783E-03  4.2783E-03  4.2783E-03  error n
 20      256  4.2783E-03  4.2783E-03  4.2783E-03  error n
 20      256  4.2783E-03  4.2783E-03  4.2783E-03  error n
Application 2260306 resources: utime ~135088s, stime ~572s, Rss ~96956, inblocks ~0, outblocks ~0
