/----------------------------------------------------------\\
|      _   __ ______ __ __  ______  ____   ____   ____     |
|     / | / // ____// //_/ / ____/ / __ \\/ __ \\/ __ \\   |
|    /  |/ // __/  / ,<   /___ \\ / / / // / / // / / /    |
|   / /|  // /___ / /| | ____/ / / /_/ // /_/ // /_/ /     |
|  /_/ |_//_____//_/ |_|/_____/  \\___/ \\___/ \\___/      |
|                                                          |
|----------------------------------------------------------|
|                                                          |
| NEK5000:  Open Source Spectral Element Solver            |
| COPYRIGHT (c) 2008-2016 UCHICAGO ARGONNE, LLC            |
| Version:  16.0.0                                         |
| Web:      http://nek5000.mcs.anl.gov                     |
|                                                          |
\\----------------------------------------------------------/
                                                              

 Number of processors:         512
 REAL    wdsize      :           8
 INTEGER wdsize      :           4
 Timer accuracy      : 5.01E-07
 Reading /gpfs/theta-fs1/home/thilina/env/lx20/b13.rea                                                                                       

 mapping elements to processors
 Reading /gpfs/theta-fs1/home/thilina/env/lx20/b13.map                                                                                       
 RANK     0 IEG    7681    7682    7683    7684    7697    7698    7699    7700
                   7937    7938    7939    7940    7953    7954    7955    7956
 element load imbalance:            0          16          16
 done :: mapping elements to processors
  
           0  objects found
 118   Parameters from file:
   1      1.00000     p001 DENSITY
   2     -100.000     p002 VISCOS
   7      1.00000     p007 RHOCP
   8      1.00000     p008 CONDUCT
  11      1.00        p011 NSTEPS
  12    -0.500000E-02 p012 DT
  21     0.100000E-05 p021 DIVERGENCE
  22     0.100000E-07 p022 HELMHOLTZ
  24     0.100000E-09 p024 TOLREL
  25     0.100000E-09 p025 TOLABS
  26     0.250000     p026 COURANT/NTAU
  27      2.00000     p027 TORDER
  66      6.00000     p066 output : <0=ascii, else binary
  67      6.00000     p067 restart: <0=ascii, else binary
  99      3.00000     p099 dealiasing: <0--> off/3--> old/4--> new
 103     0.500000E-01 p103 weight of stabilizing filter (.01)
  
 nelgt/nelgv/lelt:        8192        8192         100
 lx1  /lx2  /lx3 :          20          20          20
 done :: read .rea file    26.010     sec

 setup mesh topology
   Right-handed check complete for    8192 elements. OK.
   setvert3d:  20     8876481    56652225     8876481     8876481
 call usrsetvert
 done :: usrsetvert

gs_setup: 3194601 unique labels shared
   pairwise times (avg, min, max): 0.00029051 0.000244117 0.00032661
   crystal router                : 0.00205885 0.00202219 0.00208139
   used all_to_all method: pairwise
   handle bytes (avg, min, max): 564304 431036 608588
   buffer bytes (avg, min, max): 218192 122928 250912
   setupds time 7.0915E-01 seconds   0 20     8876481        8192
           8  max multiplicity
 done :: setup mesh topology
  
 call usrdat
 done :: usrdat

 generate geometry data
 done :: generate geometry data
  
 call usrdat2
 done :: usrdat2

 regenerate geometry data           1
 NOTE: All elements deformed , param(59) ^=0
 done :: regenerate geometry data           1
  
 verify mesh topology
  0.000000000000000E+000   1.00000000000000       Xrange
  0.000000000000000E+000   1.00000000000000       Yrange
  0.000000000000000E+000   1.00000000000000       Zrange
 done :: verify mesh topology
  
 IFTRAN   = T
 IFFLOW   = T
 IFHEAT   = F
 IFSPLIT  = T
 IFLOMACH = F
 IFUSERVP = F
 IFUSERMV = F
 IFSTRS   = F
 IFCHAR   = F
 IFCYCLIC = F
 IFAXIS   = F
 IFMVBD   = F
 IFMELT   = F
 IFMODEL  = F
 IFKEPS   = F
 IFMOAB   = F
 IFNEKNEK = F
 IFSYNC   = T
   
 IFVCOR   = T
 IFINTQ   = F
 IFCWUZ   = F
 IFSWALL  = F
 IFGEOM   = F
 IFSURT   = F
 IFWCNO   = F
   
 IFTMSH for field           1    =  F
 IFADVC for field           1    =  T
 IFNONL for field           1    =  F
   
 Dealiasing enabled, lxd=          30
  
 Estimated eigenvalues
 EIGAA =    9.86960440108936     
 EIGGA =    60243602.6987301     
 EIGAE =    9.86960440108936     
 EIGAS =   8.333333333333333E-002
 EIGGE =    60243602.6987301     
 EIGGS =    2.00000000000000     
  
 verify mesh topology
  0.000000000000000E+000   1.00000000000000       Xrange
  0.000000000000000E+000   1.00000000000000       Yrange
  0.000000000000000E+000   1.00000000000000       Zrange
 done :: verify mesh topology
  
  E-solver strategy:  0 itr
 mg_nx:           1          11          19
 mg_ny:           1          11          19
 mg_nz:           1          11          19
 call usrsetvert
 done :: usrsetvert

gs_setup: 7017 unique labels shared
   pairwise times (avg, min, max): 0.000133616 0.000116706 0.000151205
   crystal router                : 9.70474e-05 9.51052e-05 0.000101495
   all reduce                    : 0.000720913 0.000717402 0.000728297
   used all_to_all method: crystal router
   handle bytes (avg, min, max): 17852.4 14420 20228
   buffer bytes (avg, min, max): 1988.25 1392 2288
   setupds time 3.4429E-02 seconds   1  2        9537        8192
   setvert3d:   4      167361      232897      167361      167361
 call usrsetvert
 done :: usrsetvert

gs_setup: 74473 unique labels shared
   pairwise times (avg, min, max): 0.000119257 0.000103498 0.000134587
   crystal router                : 0.000127149 0.000125194 0.000128794
   all reduce                    : 0.00189847 0.0018887 0.0019207
   used all_to_all method: crystal router
   handle bytes (avg, min, max): 121186 86356 140740
   buffer bytes (avg, min, max): 13583.8 9440 15600
   setupds time 8.3466E-02 seconds   2  4      167361        8192
   setvert3d:  12     2867137    11059137     2867137     2867137
 call usrsetvert
 done :: usrsetvert

gs_setup: 1061097 unique labels shared
   pairwise times (avg, min, max): 0.000178766 0.000155997 0.000204301
   crystal router                : 0.000835286 0.000822711 0.000846505
   used all_to_all method: pairwise
   handle bytes (avg, min, max): 194048 148412 209228
   buffer bytes (avg, min, max): 77168.2 43056 89120
   setupds time 1.8539E-01 seconds   3 12     2867137        8192
   setvert3d:  14     4059201    18214977     4059201     4059201
 call usrsetvert
 done :: usrsetvert

gs_setup: 1486953 unique labels shared
   pairwise times (avg, min, max): 0.000187671 0.000156403 0.000215411
   crystal router                : 0.00105664 0.00103331 0.00108101
   used all_to_all method: pairwise
   handle bytes (avg, min, max): 268468 205244 289484
   buffer bytes (avg, min, max): 105704 59184 121888
   setupds time 2.6114E-01 seconds   4 14     4059201        8192
 regenerate geometry data           1
 NOTE: All elements deformed , param(59) ^=0
 done :: regenerate geometry data           1
  
 h1_mg_nx:           1           3          19
 h1_mg_ny:           1           3          19
 h1_mg_nz:           1           3          19
 call usrsetvert
 done :: usrsetvert

gs_setup: 7017 unique labels shared
   pairwise times (avg, min, max): 0.000101659 8.74996e-05 0.000117683
   crystal router                : 9.89467e-05 9.77039e-05 0.00010159
   all reduce                    : 0.000622324 0.0006181 0.000626802
   used all_to_all method: crystal router
   handle bytes (avg, min, max): 17852.4 14420 20228
   buffer bytes (avg, min, max): 1988.25 1392 2288
   setupds time 3.4671E-02 seconds   5  2        9537        8192
   setvert3d:   4      167361      232897      167361      167361
 call usrsetvert
 done :: usrsetvert

gs_setup: 74473 unique labels shared
   pairwise times (avg, min, max): 0.00011615 0.000101209 0.000141001
   crystal router                : 0.000144919 0.00014019 0.000146794
   all reduce                    : 0.00189356 0.00187969 0.00190508
   used all_to_all method: pairwise
   handle bytes (avg, min, max): 17327.8 13244 18764
   buffer bytes (avg, min, max): 7824.25 4144 9248
   setupds time 8.5538E-02 seconds   6  4      167361        8192
   setvert3d:   4      167361      232897      167361      167361
 call usrsetvert
 done :: usrsetvert

gs_setup: 74473 unique labels shared
   pairwise times (avg, min, max): 0.000104636 9.08136e-05 0.000119305
   crystal router                : 0.000125693 0.000124502 0.000127912
   all reduce                    : 0.00182747 0.00181911 0.00184319
   used all_to_all method: pairwise
   handle bytes (avg, min, max): 17327.8 13244 18764
   buffer bytes (avg, min, max): 7824.25 4144 9248
   setupds time 5.3831E-02 seconds   7  4      167361        8192
   setvert3d:   6      532033     1056321      532033      532033
 call usrsetvert
 done :: usrsetvert

gs_setup: 213609 unique labels shared
   pairwise times (avg, min, max): 0.000113061 9.76086e-05 0.000127387
   crystal router                : 0.000199476 0.000195694 0.000206304
   used all_to_all method: pairwise
   handle bytes (avg, min, max): 43363.8 33212 46796
   buffer bytes (avg, min, max): 18440.2 10032 21536
   setupds time 4.1295E-02 seconds   8  6      532033        8192
   setvert3d:  20     8876481    56652225     8876481     8876481
 call usrsetvert
 done :: usrsetvert

gs_setup: 3194601 unique labels shared
   pairwise times (avg, min, max): 0.000294131 0.000248194 0.000327587
   crystal router                : 0.00200768 0.00197442 0.00202851
   used all_to_all method: pairwise
   handle bytes (avg, min, max): 564304 431036 608588
   buffer bytes (avg, min, max): 218192 122928 250912
   setupds time 6.8036E-01 seconds   9 20     8876481        8192
   setvert3d:  22    10895937    76431937    10895937    10895937
 call usrsetvert
 done :: usrsetvert

gs_setup: 3907177 unique labels shared
   pairwise times (avg, min, max): 0.00035273 0.00028162 0.000399303
   crystal router                : 0.00237136 0.002335 0.00241308
   used all_to_all method: pairwise
   handle bytes (avg, min, max): 687108 524732 741068
   buffer bytes (avg, min, max): 264648 149296 304160
   setupds time 8.9458E-01 seconds  10 22    10895937        8192
 setup h1 coarse grid, nx_crs=           2
 call usrsetvert
 done :: usrsetvert

gs_setup: 7017 unique labels shared
   pairwise times (avg, min, max): 9.61498e-05 8.18014e-05 0.0001127
   crystal router                : 8.77789e-05 8.69036e-05 8.9097e-05
   all reduce                    : 0.000527987 0.000524688 0.000534487
   used all_to_all method: crystal router
   handle bytes (avg, min, max): 17852.4 14420 20228
   buffer bytes (avg, min, max): 1988.25 1392 2288
 done :: setup h1 coarse grid   0.334100961685181       sec
  
 call usrdat3
 done :: usrdat3

 set initial conditions
 nekuic (1) for ifld            1
 call nekuic for vel  
 xyz min     0.0000       0.0000       0.0000    
 uvwpt min   0.0000       0.0000       0.0000       0.0000       0.0000    
 PS min      0.0000       0.0000      0.99000E+22
 xyz max     1.0000       1.0000       1.0000    
 uvwpt max   0.0000       0.0000       0.0000       0.0000       0.0000    
 PS max      0.0000       0.0000     -0.99000E+22
 done :: set initial conditions
  
 call userchk
GFM max:  6.4896E-05  6.4896E-05  2.5958E-04  2.4284E-17  8.2799E-17  8.2799E-17
 
nelt =      16, np =       512, nx1 =      20, elements =      8192
Solve Time =   0.1951E-09
 
nelt =      16, np =       512, nx1 =      20, elements =      8192
Solve Time =   0.1940E-09
 
nelt =      16, np =       512, nx1 =      20, elements =      8192
Solve Time =   0.1941E-09
 
nelt =      16, np =       512, nx1 =      20, elements =      8192
Solve Time =   0.1946E-09
 
nelt =      16, np =       512, nx1 =      20, elements =      8192
Solve Time =   0.1943E-09
 
nelt =      16, np =       512, nx1 =      20, elements =      8192
Solve Time =   0.1949E-09
 
nelt =      16, np =       512, nx1 =      20, elements =      8192
Solve Time =   0.1951E-09
 
nelt =      16, np =       512, nx1 =      20, elements =      8192
Solve Time =   0.1950E-09
 
nelt =      16, np =       512, nx1 =      20, elements =      8192
Solve Time =   0.1951E-09
 
nelt =      16, np =       512, nx1 =      20, elements =      8192
Solve Time =   0.1949E-09
 
nelt =      16, np =       512, nx1 =      20, elements =      8192
Solve Time =   0.1750E-09
 
nelt =      16, np =       512, nx1 =      20, elements =      8192
Solve Time =   0.1746E-09
 
nelt =      16, np =       512, nx1 =      20, elements =      8192
Solve Time =   0.1748E-09
 
nelt =      16, np =       512, nx1 =      20, elements =      8192
Solve Time =   0.1751E-09
 
nelt =      16, np =       512, nx1 =      20, elements =      8192
Solve Time =   0.1750E-09
 
nelt =      16, np =       512, nx1 =      20, elements =      8192
Solve Time =   0.1750E-09
 
nelt =      16, np =       512, nx1 =      20, elements =      8192
Solve Time =   0.1753E-09
 
nelt =      16, np =       512, nx1 =      20, elements =      8192
Solve Time =   0.1752E-09
 
nelt =      16, np =       512, nx1 =      20, elements =      8192
Solve Time =   0.1752E-09
 
nelt =      16, np =       512, nx1 =      20, elements =      8192
Solve Time =   0.1760E-09
 
nelt =      16, np =       512, nx1 =      20, elements =      8192
Solve Time =   0.1844E-09
 
nelt =      16, np =       512, nx1 =      20, elements =      8192
Solve Time =   0.1844E-09
 
nelt =      16, np =       512, nx1 =      20, elements =      8192
Solve Time =   0.1909E-09
 
nelt =      16, np =       512, nx1 =      20, elements =      8192
Solve Time =   0.1936E-09
 
nelt =      16, np =       512, nx1 =      20, elements =      8192
Solve Time =   0.1908E-09
 
nelt =      16, np =       512, nx1 =      20, elements =      8192
Solve Time =   0.1912E-09
 
nelt =      16, np =       512, nx1 =      20, elements =      8192
Solve Time =   0.1913E-09
 
nelt =      16, np =       512, nx1 =      20, elements =      8192
Solve Time =   0.1916E-09
 
nelt =      16, np =       512, nx1 =      20, elements =      8192
Solve Time =   0.1952E-09
 
nelt =      16, np =       512, nx1 =      20, elements =      8192
Solve Time =   0.1919E-09
 
nelt =      16, np =       512, nx1 =      20, elements =      8192
Solve Time =   0.2019E-09
 
nelt =      16, np =       512, nx1 =      20, elements =      8192
Solve Time =   0.1993E-09
 
nelt =      16, np =       512, nx1 =      20, elements =      8192
Solve Time =   0.2008E-09
 
nelt =      16, np =       512, nx1 =      20, elements =      8192
Solve Time =   0.2038E-09
 
nelt =      16, np =       512, nx1 =      20, elements =      8192
Solve Time =   0.1992E-09
 
nelt =      16, np =       512, nx1 =      20, elements =      8192
Solve Time =   0.2024E-09
 
nelt =      16, np =       512, nx1 =      20, elements =      8192
Solve Time =   0.2026E-09
 
nelt =      16, np =       512, nx1 =      20, elements =      8192
Solve Time =   0.2019E-09
 
nelt =      16, np =       512, nx1 =      20, elements =      8192
Solve Time =   0.2028E-09
 
nelt =      16, np =       512, nx1 =      20, elements =      8192
Solve Time =   0.2019E-09
 
nelt =      16, np =       512, nx1 =      20, elements =      8192
Solve Time =   0.2131E-09
 
nelt =      16, np =       512, nx1 =      20, elements =      8192
Solve Time =   0.2138E-09
 
nelt =      16, np =       512, nx1 =      20, elements =      8192
Solve Time =   0.2118E-09
 
nelt =      16, np =       512, nx1 =      20, elements =      8192
Solve Time =   0.2147E-09
 
nelt =      16, np =       512, nx1 =      20, elements =      8192
Solve Time =   0.2151E-09
 
nelt =      16, np =       512, nx1 =      20, elements =      8192
Solve Time =   0.2121E-09
 
nelt =      16, np =       512, nx1 =      20, elements =      8192
Solve Time =   0.2122E-09
 
nelt =      16, np =       512, nx1 =      20, elements =      8192
Solve Time =   0.2144E-09
 
nelt =      16, np =       512, nx1 =      20, elements =      8192
Solve Time =   0.2118E-09
 
nelt =      16, np =       512, nx1 =      20, elements =      8192
Solve Time =   0.2130E-09
 schfile:
 /gpfs/theta-fs1/home/thilina/env/lx20/b13.sch                                  
                                                      
Application 2260540 exit codes: 1
Application 2260540 resources: utime ~57448s, stime ~170s, Rss ~225204, inblocks ~0, outblocks ~0
