/----------------------------------------------------------\\
|      _   __ ______ __ __  ______  ____   ____   ____     |
|     / | / // ____// //_/ / ____/ / __ \\/ __ \\/ __ \\   |
|    /  |/ // __/  / ,<   /___ \\ / / / // / / // / / /    |
|   / /|  // /___ / /| | ____/ / / /_/ // /_/ // /_/ /     |
|  /_/ |_//_____//_/ |_|/_____/  \\___/ \\___/ \\___/      |
|                                                          |
|----------------------------------------------------------|
|                                                          |
| NEK5000:  Open Source Spectral Element Solver            |
| COPYRIGHT (c) 2008-2016 UCHICAGO ARGONNE, LLC            |
| Version:  16.0.0                                         |
| Web:      http://nek5000.mcs.anl.gov                     |
|                                                          |
\\----------------------------------------------------------/
                                                              

 Number of processors:        8192
 REAL    wdsize      :           8
 INTEGER wdsize      :           4
 Timer accuracy      : 2.86E-07
 Reading /gpfs/theta-fs1/home/thilina/env/lx20/b16.rea                                                                                       

 mapping elements to processors
 Reading /gpfs/theta-fs1/home/thilina/env/lx20/b16.map                                                                                       
 element load imbalance:            0           8           8
 done :: mapping elements to processors
  
           0  objects found
 118   Parameters from file:
   1      1.00000     p001 DENSITY
   2     -100.000     p002 VISCOS
   7      1.00000     p007 RHOCP
   8      1.00000     p008 CONDUCT
  11      1.00        p011 NSTEPS
  12    -0.500000E-02 p012 DT
  21     0.100000E-05 p021 DIVERGENCE
  22     0.100000E-07 p022 HELMHOLTZ
  24     0.100000E-09 p024 TOLREL
  25     0.100000E-09 p025 TOLABS
  26     0.250000     p026 COURANT/NTAU
  27      2.00000     p027 TORDER
  66      6.00000     p066 output : <0=ascii, else binary
  67      6.00000     p067 restart: <0=ascii, else binary
  99      3.00000     p099 dealiasing: <0--> off/3--> old/4--> new
 103     0.500000E-01 p103 weight of stabilizing filter (.01)
  
 nelgt/nelgv/lelt:       65536       65536         100
 lx1  /lx2  /lx3 :          20          20          20
 done :: read .rea file    2078.4     sec

 setup mesh topology
   Right-handed check complete for   65536 elements. OK.
   setvert3d:  20    69156225   451362177    69156225    69156225
 call usrsetvert
 done :: usrsetvert

gs_setup: 39945055 unique labels shared
   pairwise times (avg, min, max): 0.000378503 0.000271177 0.000470209
   crystal router                : 0.00254337 0.00250201 0.00260432
   used all_to_all method: pairwise
   handle bytes (avg, min, max): 335596 217956 370556
   buffer bytes (avg, min, max): 174637 85808 215680
   setupds time 8.3503E-01 seconds   0 20    69156225       65536
           8  max multiplicity
 done :: setup mesh topology
  
 call usrdat
 done :: usrdat

 generate geometry data
 done :: generate geometry data
  
 call usrdat2
 done :: usrdat2

 regenerate geometry data           1
 NOTE: All elements deformed , param(59) ^=0
 done :: regenerate geometry data           1
  
 verify mesh topology
  0.000000000000000E+000   1.00000000000000       Xrange
  0.000000000000000E+000   1.00000000000000       Yrange
  0.000000000000000E+000   1.00000000000000       Zrange
 done :: verify mesh topology
  
 IFTRAN   = T
 IFFLOW   = T
 IFHEAT   = F
 IFSPLIT  = T
 IFLOMACH = F
 IFUSERVP = F
 IFUSERMV = F
 IFSTRS   = F
 IFCHAR   = F
 IFCYCLIC = F
 IFAXIS   = F
 IFMVBD   = F
 IFMELT   = F
 IFMODEL  = F
 IFKEPS   = F
 IFMOAB   = F
 IFNEKNEK = F
 IFSYNC   = T
   
 IFVCOR   = T
 IFINTQ   = F
 IFCWUZ   = F
 IFSWALL  = F
 IFGEOM   = F
 IFSURT   = F
 IFWCNO   = F
   
 IFTMSH for field           1    =  F
 IFADVC for field           1    =  T
 IFNONL for field           1    =  F
   
 Dealiasing enabled, lxd=          30
  
 Estimated eigenvalues
 EIGAA =    9.86960440108936     
 EIGGA =    240980590.726720     
 EIGAE =    9.86960440108936     
 EIGAS =   8.333333333333333E-002
 EIGGE =    240980590.726720     
 EIGGS =    2.00000000000000     
  
 verify mesh topology
  0.000000000000000E+000   1.00000000000000       Xrange
  0.000000000000000E+000   1.00000000000000       Yrange
  0.000000000000000E+000   1.00000000000000       Zrange
 done :: verify mesh topology
  
  E-solver strategy:  0 itr
 mg_nx:           1          11          19
 mg_ny:           1          11          19
 mg_nz:           1          11          19
 call usrsetvert
 done :: usrsetvert

gs_setup: 67855 unique labels shared
   pairwise times (avg, min, max): 0.000125028 8.81195e-05 0.000164294
   crystal router                : 0.000225748 0.000214195 0.0002316
   all reduce                    : 0.00255319 0.0025414 0.00256782
   used all_to_all method: pairwise
   handle bytes (avg, min, max): 2459.21 1524 2940
   buffer bytes (avg, min, max): 1521.2 560 2032
   setupds time 7.6590E-02 seconds   1  2       70785       65536
   setvert3d:   4     1291649     1815937     1291649     1291649
 call usrsetvert
 done :: usrsetvert

gs_setup: 871647 unique labels shared
   pairwise times (avg, min, max): 0.000130527 0.000100303 0.000157595
   crystal router                : 0.000331843 0.000326514 0.000350404
   used all_to_all method: pairwise
   handle bytes (avg, min, max): 10896.4 7140 12284
   buffer bytes (avg, min, max): 6588.29 2864 8320
   setupds time 9.0317E-02 seconds   2  4     1291649       65536
   setvert3d:  12    22313345    87849345    22313345    22313345
 call usrsetvert
 done :: usrsetvert

gs_setup: 13154335 unique labels shared
   pairwise times (avg, min, max): 0.000246685 0.000179005 0.000295687
   crystal router                : 0.00113295 0.00111499 0.00115399
   used all_to_all method: pairwise
   handle bytes (avg, min, max): 116090 75684 128444
   buffer bytes (avg, min, max): 62276.7 30000 77184
   setupds time 2.8599E-01 seconds   3 12    22313345       65536
   setvert3d:  14    31603329   144849537    31603329    31603329
 call usrsetvert
 done :: usrsetvert

gs_setup: 18491887 unique labels shared
   pairwise times (avg, min, max): 0.000271243 0.000201297 0.000338411
   crystal router                : 0.00139417 0.0013679 0.00142491
   used all_to_all method: pairwise
   handle bytes (avg, min, max): 160250 104340 177164
   buffer bytes (avg, min, max): 85053.8 41264 105280
   setupds time 3.7030E-01 seconds   4 14    31603329       65536
 regenerate geometry data           1
 NOTE: All elements deformed , param(59) ^=0
 done :: regenerate geometry data           1
  
 h1_mg_nx:           1           3          19
 h1_mg_ny:           1           3          19
 h1_mg_nz:           1           3          19
 call usrsetvert
 done :: usrsetvert

gs_setup: 67855 unique labels shared
   pairwise times (avg, min, max): 0.00011874 8.69036e-05 0.000177097
   crystal router                : 0.000231991 0.000222516 0.000243306
   all reduce                    : 0.00254353 0.00252841 0.0025651
   used all_to_all method: pairwise
   handle bytes (avg, min, max): 2459.21 1524 2940
   buffer bytes (avg, min, max): 1521.2 560 2032
   setupds time 7.6283E-02 seconds   5  2       70785       65536
   setvert3d:   4     1291649     1815937     1291649     1291649
 call usrsetvert
 done :: usrsetvert

gs_setup: 871647 unique labels shared
   pairwise times (avg, min, max): 0.000128216 9.62019e-05 0.000165892
   crystal router                : 0.000362023 0.000356603 0.00038588
   used all_to_all method: pairwise
   handle bytes (avg, min, max): 10896.4 7140 12284
   buffer bytes (avg, min, max): 6588.29 2864 8320
   setupds time 8.0777E-02 seconds   6  4     1291649       65536
   setvert3d:   4     1291649     1815937     1291649     1291649
 call usrsetvert
 done :: usrsetvert

gs_setup: 871647 unique labels shared
   pairwise times (avg, min, max): 0.000125164 9.40084e-05 0.000150299
   crystal router                : 0.000342087 0.000332093 0.000351286
   used all_to_all method: pairwise
   handle bytes (avg, min, max): 10896.4 7140 12284
   buffer bytes (avg, min, max): 6588.29 2864 8320
   setupds time 5.5846E-02 seconds   7  4     1291649       65536
   setvert3d:   6     4126337     8320641     4126337     4126337
 call usrsetvert
 done :: usrsetvert

gs_setup: 2582191 unique labels shared
   pairwise times (avg, min, max): 0.000182981 0.000137591 0.000219297
   crystal router                : 0.000468399 0.000449395 0.000477982
   used all_to_all method: pairwise
   handle bytes (avg, min, max): 26478.1 17364 29516
   buffer bytes (avg, min, max): 15197.4 6960 19008
   setupds time 1.1084E-01 seconds   8  6     4126337       65536
   setvert3d:  20    69156225   451362177    69156225    69156225
 call usrsetvert
 done :: usrsetvert

gs_setup: 39945055 unique labels shared
   pairwise times (avg, min, max): 0.000328395 0.000247884 0.000396395
   crystal router                : 0.00279938 0.00275631 0.0028511
   used all_to_all method: pairwise
   handle bytes (avg, min, max): 335596 217956 370556
   buffer bytes (avg, min, max): 174637 85808 215680
   setupds time 7.9634E-01 seconds   9 20    69156225       65536
   setvert3d:  22    84901505   609189505    84901505    84901505
 call usrsetvert
 done :: usrsetvert

gs_setup: 48909615 unique labels shared
   pairwise times (avg, min, max): 0.000530161 0.000267482 0.000727701
   crystal router                : 0.00296436 0.00291078 0.0030262
   used all_to_all method: pairwise
   handle bytes (avg, min, max): 408334 265044 450764
   buffer bytes (avg, min, max): 211582 104240 261184
   setupds time 9.9388E-01 seconds  10 22    84901505       65536
 setup h1 coarse grid, nx_crs=           2
 call usrsetvert
 done :: usrsetvert

gs_setup: 67855 unique labels shared
   pairwise times (avg, min, max): 0.000106095 8.01802e-05 0.000126004
   crystal router                : 0.000224719 0.000219297 0.000229502
   all reduce                    : 0.00251936 0.00250671 0.00254428
   used all_to_all method: pairwise
   handle bytes (avg, min, max): 2459.21 1524 2940
   buffer bytes (avg, min, max): 1521.2 560 2032
 done :: setup h1 coarse grid    3.53312587738037       sec
  
 call usrdat3
 done :: usrdat3

 set initial conditions
 nekuic (1) for ifld            1
 call nekuic for vel  
 xyz min     0.0000       0.0000       0.0000    
 uvwpt min   0.0000       0.0000       0.0000       0.0000       0.0000    
 PS min      0.0000       0.0000      0.99000E+22
 xyz max     1.0000       1.0000       1.0000    
 uvwpt max   0.0000       0.0000       0.0000       0.0000       0.0000    
 PS max      0.0000       0.0000     -0.99000E+22
 done :: set initial conditions
  
 call userchk
GFM max:  3.2448E-05  3.2448E-05  1.2979E-04  2.4430E-17  9.7135E-17  8.3092E-17
 
nelt =       8, np =      8192, nx1 =      20, elements =     65536
Solve Time =   0.1474E-10
 
nelt =       8, np =      8192, nx1 =      20, elements =     65536
Solve Time =   0.1464E-10
 
nelt =       8, np =      8192, nx1 =      20, elements =     65536
Solve Time =   0.1468E-10
 
nelt =       8, np =      8192, nx1 =      20, elements =     65536
Solve Time =   0.1465E-10
 
nelt =       8, np =      8192, nx1 =      20, elements =     65536
Solve Time =   0.1467E-10
 
nelt =       8, np =      8192, nx1 =      20, elements =     65536
Solve Time =   0.1469E-10
 
nelt =       8, np =      8192, nx1 =      20, elements =     65536
Solve Time =   0.1464E-10
 
nelt =       8, np =      8192, nx1 =      20, elements =     65536
Solve Time =   0.1468E-10
 
nelt =       8, np =      8192, nx1 =      20, elements =     65536
Solve Time =   0.1467E-10
 
nelt =       8, np =      8192, nx1 =      20, elements =     65536
Solve Time =   0.1471E-10
 
nelt =       8, np =      8192, nx1 =      20, elements =     65536
Solve Time =   0.1253E-10
 
nelt =       8, np =      8192, nx1 =      20, elements =     65536
Solve Time =   0.1256E-10
 
nelt =       8, np =      8192, nx1 =      20, elements =     65536
Solve Time =   0.1255E-10
 
nelt =       8, np =      8192, nx1 =      20, elements =     65536
Solve Time =   0.1262E-10
 
nelt =       8, np =      8192, nx1 =      20, elements =     65536
Solve Time =   0.1261E-10
 
nelt =       8, np =      8192, nx1 =      20, elements =     65536
Solve Time =   0.1256E-10
 
nelt =       8, np =      8192, nx1 =      20, elements =     65536
Solve Time =   0.1262E-10
 
nelt =       8, np =      8192, nx1 =      20, elements =     65536
Solve Time =   0.1257E-10
 
nelt =       8, np =      8192, nx1 =      20, elements =     65536
Solve Time =   0.1259E-10
 
nelt =       8, np =      8192, nx1 =      20, elements =     65536
Solve Time =   0.1259E-10
 
nelt =       8, np =      8192, nx1 =      20, elements =     65536
Solve Time =   0.1334E-10
 
nelt =       8, np =      8192, nx1 =      20, elements =     65536
Solve Time =   0.1337E-10
 
nelt =       8, np =      8192, nx1 =      20, elements =     65536
Solve Time =   0.1336E-10
 
nelt =       8, np =      8192, nx1 =      20, elements =     65536
Solve Time =   0.1339E-10
 
nelt =       8, np =      8192, nx1 =      20, elements =     65536
Solve Time =   0.1337E-10
 
nelt =       8, np =      8192, nx1 =      20, elements =     65536
Solve Time =   0.1333E-10
 
nelt =       8, np =      8192, nx1 =      20, elements =     65536
Solve Time =   0.1338E-10
 
nelt =       8, np =      8192, nx1 =      20, elements =     65536
Solve Time =   0.1335E-10
 
nelt =       8, np =      8192, nx1 =      20, elements =     65536
Solve Time =   0.1340E-10
 
nelt =       8, np =      8192, nx1 =      20, elements =     65536
Solve Time =   0.1339E-10
 
nelt =       8, np =      8192, nx1 =      20, elements =     65536
Solve Time =   0.1407E-10
 
nelt =       8, np =      8192, nx1 =      20, elements =     65536
Solve Time =   0.1414E-10
 
nelt =       8, np =      8192, nx1 =      20, elements =     65536
Solve Time =   0.1413E-10
 
nelt =       8, np =      8192, nx1 =      20, elements =     65536
Solve Time =   0.1410E-10
 
nelt =       8, np =      8192, nx1 =      20, elements =     65536
Solve Time =   0.1410E-10
 
nelt =       8, np =      8192, nx1 =      20, elements =     65536
Solve Time =   0.1411E-10
 
nelt =       8, np =      8192, nx1 =      20, elements =     65536
Solve Time =   0.1408E-10
 
nelt =       8, np =      8192, nx1 =      20, elements =     65536
Solve Time =   0.1411E-10
 
nelt =       8, np =      8192, nx1 =      20, elements =     65536
Solve Time =   0.1411E-10
 
nelt =       8, np =      8192, nx1 =      20, elements =     65536
Solve Time =   0.1407E-10
 
nelt =       8, np =      8192, nx1 =      20, elements =     65536
Solve Time =   0.1499E-10
 
nelt =       8, np =      8192, nx1 =      20, elements =     65536
Solve Time =   0.1497E-10
 
nelt =       8, np =      8192, nx1 =      20, elements =     65536
Solve Time =   0.1498E-10
 
nelt =       8, np =      8192, nx1 =      20, elements =     65536
Solve Time =   0.1493E-10
 
nelt =       8, np =      8192, nx1 =      20, elements =     65536
Solve Time =   0.1503E-10
 
nelt =       8, np =      8192, nx1 =      20, elements =     65536
Solve Time =   0.1497E-10
 
nelt =       8, np =      8192, nx1 =      20, elements =     65536
Solve Time =   0.1496E-10
 
nelt =       8, np =      8192, nx1 =      20, elements =     65536
Solve Time =   0.1495E-10
 
nelt =       8, np =      8192, nx1 =      20, elements =     65536
Solve Time =   0.1498E-10
 
nelt =       8, np =      8192, nx1 =      20, elements =     65536
Solve Time =   0.1495E-10
 schfile:
 /gpfs/theta-fs1/home/thilina/env/lx20/b16.sch                                  
                                                      
Application 2261814 exit codes: 1
Application 2261814 resources: utime ~915777s, stime ~1722s, Rss ~170156, inblocks ~0, outblocks ~0
