/----------------------------------------------------------\\
|      _   __ ______ __ __  ______  ____   ____   ____     |
|     / | / // ____// //_/ / ____/ / __ \\/ __ \\/ __ \\   |
|    /  |/ // __/  / ,<   /___ \\ / / / // / / // / / /    |
|   / /|  // /___ / /| | ____/ / / /_/ // /_/ // /_/ /     |
|  /_/ |_//_____//_/ |_|/_____/  \\___/ \\___/ \\___/      |
|                                                          |
|----------------------------------------------------------|
|                                                          |
| NEK5000:  Open Source Spectral Element Solver            |
| COPYRIGHT (c) 2008-2016 UCHICAGO ARGONNE, LLC            |
| Version:  16.0.0                                         |
| Web:      http://nek5000.mcs.anl.gov                     |
|                                                          |
\\----------------------------------------------------------/
                                                              

 Number of processors:        8192
 REAL    wdsize      :           8
 INTEGER wdsize      :           4
 Timer accuracy      : 4.05E-07
 Reading /gpfs/theta-fs1/home/thilina/env/lx20/b13.rea                                                                                       

 mapping elements to processors
 Reading /gpfs/theta-fs1/home/thilina/env/lx20/b13.map                                                                                       
 element load imbalance:            0           1           1
 done :: mapping elements to processors
  
           0  objects found
 118   Parameters from file:
   1      1.00000     p001 DENSITY
   2     -100.000     p002 VISCOS
   7      1.00000     p007 RHOCP
   8      1.00000     p008 CONDUCT
  11      1.00        p011 NSTEPS
  12    -0.500000E-02 p012 DT
  21     0.100000E-05 p021 DIVERGENCE
  22     0.100000E-07 p022 HELMHOLTZ
  24     0.100000E-09 p024 TOLREL
  25     0.100000E-09 p025 TOLABS
  26     0.250000     p026 COURANT/NTAU
  27      2.00000     p027 TORDER
  66      6.00000     p066 output : <0=ascii, else binary
  67      6.00000     p067 restart: <0=ascii, else binary
  99      3.00000     p099 dealiasing: <0--> off/3--> old/4--> new
 103     0.500000E-01 p103 weight of stabilizing filter (.01)
  
 nelgt/nelgv/lelt:        8192        8192         100
 lx1  /lx2  /lx3 :          20          20          20
 done :: read .rea file    512.50     sec

 setup mesh topology
   Right-handed check complete for    8192 elements. OK.
   setvert3d:  20     9076767    56852511     9076767     9076767
 call usrsetvert
 done :: usrsetvert

gs_setup: 8042425 unique labels shared
   pairwise times (avg, min, max): 0.000201189 0.000153995 0.00025692
   crystal router                : 0.00088038 0.000864601 0.000904393
   used all_to_all method: pairwise
   handle bytes (avg, min, max): 53793.2 28708 56692
   buffer bytes (avg, min, max): 39959 20176 42368
   setupds time 2.7460E-01 seconds   0 20     9076767        8192
           8  max multiplicity
 done :: setup mesh topology
  
 call usrdat
 done :: usrdat

 generate geometry data
 done :: generate geometry data
  
 call usrdat2
 done :: usrdat2

 regenerate geometry data           1
 NOTE: All elements deformed , param(59) ^=0
 done :: regenerate geometry data           1
  
 verify mesh topology
  0.000000000000000E+000   1.00000000000000       Xrange
  0.000000000000000E+000   1.00000000000000       Yrange
  0.000000000000000E+000   1.00000000000000       Zrange
 done :: verify mesh topology
  
 IFTRAN   = T
 IFFLOW   = T
 IFHEAT   = F
 IFSPLIT  = T
 IFLOMACH = F
 IFUSERVP = F
 IFUSERMV = F
 IFSTRS   = F
 IFCHAR   = F
 IFCYCLIC = F
 IFAXIS   = F
 IFMVBD   = F
 IFMELT   = F
 IFMODEL  = F
 IFKEPS   = F
 IFMOAB   = F
 IFNEKNEK = F
 IFSYNC   = T
   
 IFVCOR   = T
 IFINTQ   = F
 IFCWUZ   = F
 IFSWALL  = F
 IFGEOM   = F
 IFSURT   = F
 IFWCNO   = F
   
 IFTMSH for field           1    =  F
 IFADVC for field           1    =  T
 IFNONL for field           1    =  F
   
 Dealiasing enabled, lxd=          30
  
 Estimated eigenvalues
 EIGAA =    9.86960440108936     
 EIGGA =    60243577.0939631     
 EIGAE =    9.86960440108936     
 EIGAS =   8.333333333333333E-002
 EIGGE =    60243577.0939631     
 EIGGS =    2.00000000000000     
  
 verify mesh topology
  0.000000000000000E+000   1.00000000000000       Xrange
  0.000000000000000E+000   1.00000000000000       Yrange
  0.000000000000000E+000   1.00000000000000       Zrange
 done :: verify mesh topology
  
  E-solver strategy:  0 itr
 mg_nx:           1          11          19
 mg_ny:           1          11          19
 mg_nz:           1          11          19
 call usrsetvert
 done :: usrsetvert

gs_setup: 9529 unique labels shared
   pairwise times (avg, min, max): 0.000118264 9.23157e-05 0.000149798
   crystal router                : 0.000210885 0.000207281 0.000225115
   all reduce                    : 0.00118619 0.00117371 0.00119929
   used all_to_all method: pairwise
   handle bytes (avg, min, max): 1291.7 628 1396
   buffer bytes (avg, min, max): 817.984 304 896
   setupds time 4.2195E-02 seconds   1  2        9537        8192
   setvert3d:   4      169871      235407      169871      169871
 call usrsetvert
 done :: usrsetvert

gs_setup: 156601 unique labels shared
   pairwise times (avg, min, max): 0.000114781 9.26018e-05 0.000141907
   crystal router                : 0.000267358 0.000256205 0.000281501
   used all_to_all method: pairwise
   handle bytes (avg, min, max): 2757.2 1444 2932
   buffer bytes (avg, min, max): 2254.98 976 2432
   setupds time 2.2375E-02 seconds   2  4      169871        8192
   setvert3d:  12     2929047    11121047     2929047     2929047
 call usrsetvert
 done :: usrsetvert

gs_setup: 2608569 unique labels shared
   pairwise times (avg, min, max): 0.000168947 0.000137305 0.000204802
   crystal router                : 0.000489154 0.000478387 0.000512004
   used all_to_all method: pairwise
   handle bytes (avg, min, max): 19539.2 10468 20596
   buffer bytes (avg, min, max): 15283 7504 16256
   setupds time 1.4165E-01 seconds   3 12     2929047        8192
   setvert3d:  14     4148301    18304077     4148301     4148301
 call usrsetvert
 done :: usrsetvert

gs_setup: 3687481 unique labels shared
   pairwise times (avg, min, max): 0.000169032 0.000135684 0.000194502
   crystal router                : 0.000518106 0.000509691 0.000527811
   used all_to_all method: pairwise
   handle bytes (avg, min, max): 26464.7 14164 27892
   buffer bytes (avg, min, max): 20360 10096 21632
   setupds time 1.3539E-01 seconds   4 14     4148301        8192
 regenerate geometry data           1
 NOTE: All elements deformed , param(59) ^=0
 done :: regenerate geometry data           1
  
 h1_mg_nx:           1           3          19
 h1_mg_ny:           1           3          19
 h1_mg_nz:           1           3          19
 call usrsetvert
 done :: usrsetvert

gs_setup: 9529 unique labels shared
   pairwise times (avg, min, max): 0.000118249 9.5892e-05 0.000179386
   crystal router                : 0.000230567 0.000221705 0.000239491
   all reduce                    : 0.00126157 0.0012511 0.00127909
   used all_to_all method: pairwise
   handle bytes (avg, min, max): 1291.7 628 1396
   buffer bytes (avg, min, max): 817.984 304 896
   setupds time 3.7800E-02 seconds   5  2        9537        8192
   setvert3d:   4      169871      235407      169871      169871
 call usrsetvert
 done :: usrsetvert

gs_setup: 156601 unique labels shared
   pairwise times (avg, min, max): 0.000115714 9.59158e-05 0.000165105
   crystal router                : 0.000253381 0.000240183 0.000265217
   used all_to_all method: pairwise
   handle bytes (avg, min, max): 2757.2 1444 2932
   buffer bytes (avg, min, max): 2254.98 976 2432
   setupds time 2.2988E-02 seconds   6  4      169871        8192
   setvert3d:   4      169871      235407      169871      169871
 call usrsetvert
 done :: usrsetvert

gs_setup: 156601 unique labels shared
   pairwise times (avg, min, max): 0.000114485 8.34942e-05 0.000136399
   crystal router                : 0.000233255 0.000227499 0.000244784
   used all_to_all method: pairwise
   handle bytes (avg, min, max): 2757.2 1444 2932
   buffer bytes (avg, min, max): 2254.98 976 2432
   setupds time 2.0119E-02 seconds   7  4      169871        8192
   setvert3d:   6      541989     1066277      541989      541989
 call usrsetvert
 done :: usrsetvert

gs_setup: 490041 unique labels shared
   pairwise times (avg, min, max): 0.000118422 9.43184e-05 0.00014751
   crystal router                : 0.000317725 0.000311399 0.000329423
   used all_to_all method: pairwise
   handle bytes (avg, min, max): 5314.7 2836 5620
   buffer bytes (avg, min, max): 4419.98 2032 4736
   setupds time 3.2493E-02 seconds   8  6      541989        8192
   setvert3d:  20     9076767    56852511     9076767     9076767
 call usrsetvert
 done :: usrsetvert

gs_setup: 8042425 unique labels shared
   pairwise times (avg, min, max): 0.000184116 0.000150084 0.000226903
   crystal router                : 0.000923646 0.000904393 0.0009408
   used all_to_all method: pairwise
   handle bytes (avg, min, max): 53793.2 28708 56692
   buffer bytes (avg, min, max): 39959 20176 42368
   setupds time 2.1367E-01 seconds   9 20     9076767        8192
   setvert3d:  22    11143157    76679157    11143157    11143157
 call usrsetvert
 done :: usrsetvert

gs_setup: 9866809 unique labels shared
   pairwise times (avg, min, max): 0.000185019 0.000143814 0.000222397
   crystal router                : 0.000940416 0.000924492 0.000969005
   used all_to_all method: pairwise
   handle bytes (avg, min, max): 65086.7 34708 68596
   buffer bytes (avg, min, max): 47948 24304 50816
   setupds time 2.1191E-01 seconds  10 22    11143157        8192
 setup h1 coarse grid, nx_crs=           2
 call usrsetvert
 done :: usrsetvert

gs_setup: 9529 unique labels shared
   pairwise times (avg, min, max): 0.000110271 9.02176e-05 0.000126195
   crystal router                : 0.000159555 0.000156713 0.000163102
   all reduce                    : 0.00117535 0.00116382 0.00118749
   used all_to_all method: pairwise
   handle bytes (avg, min, max): 1291.7 628 1396
   buffer bytes (avg, min, max): 817.984 304 896
 done :: setup h1 coarse grid   0.510452032089233       sec
  
 call usrdat3
 done :: usrdat3

 set initial conditions
 nekuic (1) for ifld            1
 call nekuic for vel  
 xyz min     0.0000       0.0000       0.0000    
 uvwpt min   0.0000       0.0000       0.0000       0.0000       0.0000    
 PS min      0.0000       0.0000      0.99000E+22
 xyz max     1.0000       1.0000       1.0000    
 uvwpt max   0.0000       0.0000       0.0000       0.0000       0.0000    
 PS max      0.0000       0.0000     -0.99000E+22
 done :: set initial conditions
  
 call userchk
GFM max:  6.4896E-05  6.4896E-05  2.5958E-04  2.4284E-17  8.2799E-17  8.2799E-17
 
nelt =       1, np =      8192, nx1 =      20, elements =      8192
Solve Time =   0.2360E-10
 
nelt =       1, np =      8192, nx1 =      20, elements =      8192
Solve Time =   0.2363E-10
 
nelt =       1, np =      8192, nx1 =      20, elements =      8192
Solve Time =   0.2321E-10
 
nelt =       1, np =      8192, nx1 =      20, elements =      8192
Solve Time =   0.2337E-10
 
nelt =       1, np =      8192, nx1 =      20, elements =      8192
Solve Time =   0.2317E-10
 
nelt =       1, np =      8192, nx1 =      20, elements =      8192
Solve Time =   0.2345E-10
 
nelt =       1, np =      8192, nx1 =      20, elements =      8192
Solve Time =   0.2333E-10
 
nelt =       1, np =      8192, nx1 =      20, elements =      8192
Solve Time =   0.2318E-10
 
nelt =       1, np =      8192, nx1 =      20, elements =      8192
Solve Time =   0.2351E-10
 
nelt =       1, np =      8192, nx1 =      20, elements =      8192
Solve Time =   0.2317E-10
 
nelt =       1, np =      8192, nx1 =      20, elements =      8192
Solve Time =   0.1829E-10
 
nelt =       1, np =      8192, nx1 =      20, elements =      8192
Solve Time =   0.1777E-10
 
nelt =       1, np =      8192, nx1 =      20, elements =      8192
Solve Time =   0.1791E-10
 
nelt =       1, np =      8192, nx1 =      20, elements =      8192
Solve Time =   0.1834E-10
 
nelt =       1, np =      8192, nx1 =      20, elements =      8192
Solve Time =   0.1779E-10
 
nelt =       1, np =      8192, nx1 =      20, elements =      8192
Solve Time =   0.1805E-10
 
nelt =       1, np =      8192, nx1 =      20, elements =      8192
Solve Time =   0.1789E-10
 
nelt =       1, np =      8192, nx1 =      20, elements =      8192
Solve Time =   0.1779E-10
 
nelt =       1, np =      8192, nx1 =      20, elements =      8192
Solve Time =   0.1804E-10
 
nelt =       1, np =      8192, nx1 =      20, elements =      8192
Solve Time =   0.1787E-10
 
nelt =       1, np =      8192, nx1 =      20, elements =      8192
Solve Time =   0.2098E-10
 
nelt =       1, np =      8192, nx1 =      20, elements =      8192
Solve Time =   0.2127E-10
 
nelt =       1, np =      8192, nx1 =      20, elements =      8192
Solve Time =   0.2102E-10
 
nelt =       1, np =      8192, nx1 =      20, elements =      8192
Solve Time =   0.2124E-10
 
nelt =       1, np =      8192, nx1 =      20, elements =      8192
Solve Time =   0.2105E-10
 
nelt =       1, np =      8192, nx1 =      20, elements =      8192
Solve Time =   0.2113E-10
 
nelt =       1, np =      8192, nx1 =      20, elements =      8192
Solve Time =   0.2165E-10
 
nelt =       1, np =      8192, nx1 =      20, elements =      8192
Solve Time =   0.2125E-10
 
nelt =       1, np =      8192, nx1 =      20, elements =      8192
Solve Time =   0.2133E-10
 
nelt =       1, np =      8192, nx1 =      20, elements =      8192
Solve Time =   0.2115E-10
 
nelt =       1, np =      8192, nx1 =      20, elements =      8192
Solve Time =   0.2396E-10
 
nelt =       1, np =      8192, nx1 =      20, elements =      8192
Solve Time =   0.2363E-10
 
nelt =       1, np =      8192, nx1 =      20, elements =      8192
Solve Time =   0.2367E-10
 
nelt =       1, np =      8192, nx1 =      20, elements =      8192
Solve Time =   0.2371E-10
 
nelt =       1, np =      8192, nx1 =      20, elements =      8192
Solve Time =   0.2343E-10
 
nelt =       1, np =      8192, nx1 =      20, elements =      8192
Solve Time =   0.2380E-10
 
nelt =       1, np =      8192, nx1 =      20, elements =      8192
Solve Time =   0.2369E-10
 
nelt =       1, np =      8192, nx1 =      20, elements =      8192
Solve Time =   0.2393E-10
 
nelt =       1, np =      8192, nx1 =      20, elements =      8192
Solve Time =   0.2336E-10
 
nelt =       1, np =      8192, nx1 =      20, elements =      8192
Solve Time =   0.2377E-10
 
nelt =       1, np =      8192, nx1 =      20, elements =      8192
Solve Time =   0.2594E-10
 
nelt =       1, np =      8192, nx1 =      20, elements =      8192
Solve Time =   0.2611E-10
 
nelt =       1, np =      8192, nx1 =      20, elements =      8192
Solve Time =   0.2582E-10
 
nelt =       1, np =      8192, nx1 =      20, elements =      8192
Solve Time =   0.2620E-10
 
nelt =       1, np =      8192, nx1 =      20, elements =      8192
Solve Time =   0.2587E-10
 
nelt =       1, np =      8192, nx1 =      20, elements =      8192
Solve Time =   0.2615E-10
 
nelt =       1, np =      8192, nx1 =      20, elements =      8192
Solve Time =   0.2579E-10
 
nelt =       1, np =      8192, nx1 =      20, elements =      8192
Solve Time =   0.2661E-10
 
nelt =       1, np =      8192, nx1 =      20, elements =      8192
Solve Time =   0.2582E-10
 
nelt =       1, np =      8192, nx1 =      20, elements =      8192
Solve Time =   0.2632E-10
 schfile:
 /gpfs/theta-fs1/home/thilina/env/lx20/b13.sch                                  
                                                      
ERROR: .sch file already exists. Use IFSCHCLOB=F todisable this check BUT BEWARE!!!!!!  ierr=  1 
  
call exitt: dying ...
  
backtrace(): obtained 9 stack frames.
./nek5000() [0x786615]
./nek5000() [0x969869]
./nek5000() [0x512e94]
./nek5000() [0x409f3f]
./nek5000() [0x426c46]
./nek5000() [0x4251fe]
./nek5000() [0x4054fe]
/lib64/libc.so.6(__libc_start_main+0xf5) [0x2aaab1ca3b25]
./nek5000() [0x405409]
  
total elapsed time             :   5.36926E+02 sec
total solver time incl. I/O    :   0.00000E+00 sec
time/timestep                  :   0.00000E+00 sec
CPU seconds/timestep/gridpt    :   0.00000E+00 sec

Application 2261862 resources: utime ~4383642s, stime ~8636s, Rss ~106608, inblocks ~0, outblocks ~0
