/----------------------------------------------------------\\
|      _   __ ______ __ __  ______  ____   ____   ____     |
|     / | / // ____// //_/ / ____/ / __ \\/ __ \\/ __ \\   |
|    /  |/ // __/  / ,<   /___ \\ / / / // / / // / / /    |
|   / /|  // /___ / /| | ____/ / / /_/ // /_/ // /_/ /     |
|  /_/ |_//_____//_/ |_|/_____/  \\___/ \\___/ \\___/      |
|                                                          |
|----------------------------------------------------------|
|                                                          |
| NEK5000:  Open Source Spectral Element Solver            |
| COPYRIGHT (c) 2008-2016 UCHICAGO ARGONNE, LLC            |
| Version:  16.0.0                                         |
| Web:      http://nek5000.mcs.anl.gov                     |
|                                                          |
\\----------------------------------------------------------/
                                                              

 Number of processors:           1
 REAL    wdsize      :           8
 INTEGER wdsize      :           4
 Timer accuracy      : 3.10E-07
 Reading /gpfs/theta-fs1/home/thilina/env/lx8/b4.rea                                                                                         

 mapping elements to processors
 Reading /gpfs/theta-fs1/home/thilina/env/lx8/b4.map                                                                                         
           0          16          16          16          16  NELV
 RANK     0 IEG       1       2       3       4       5       6       7       8
                      9      10      11      12      13      14      15      16
 element load imbalance:            0          16          16
 done :: mapping elements to processors
  
           0  objects found
 118   Parameters from file:
   1      1.00000     p001 DENSITY
   2     -100.000     p002 VISCOS
   7      1.00000     p007 RHOCP
   8      1.00000     p008 CONDUCT
  11      1.00        p011 NSTEPS
  12    -0.500000E-02 p012 DT
  21     0.100000E-05 p021 DIVERGENCE
  22     0.100000E-07 p022 HELMHOLTZ
  24     0.100000E-09 p024 TOLREL
  25     0.100000E-09 p025 TOLABS
  26     0.250000     p026 COURANT/NTAU
  27      2.00000     p027 TORDER
  66      6.00000     p066 output : <0=ascii, else binary
  67      6.00000     p067 restart: <0=ascii, else binary
  99      3.00000     p099 dealiasing: <0--> off/3--> old/4--> new
 103     0.500000E-01 p103 weight of stabilizing filter (.01)
  
 nelgt/nelgv/lelt:          16          16         100
 lx1  /lx2  /lx3 :           8           8           8
 done :: read .rea file   0.24288E-01 sec

 setup mesh topology
   Right-handed check complete for      16 elements. OK.
   setvert3d:   8        3069        6525        3069        3069
 call usrsetvert
 done :: usrsetvert

gs_setup: 0 unique labels shared
   handle bytes (avg, min, max): 36396 36396 36396
   buffer bytes (avg, min, max): 0 0 0
   setupds time 4.3468E-03 seconds   0  8        3069          16
           8  max multiplicity
 done :: setup mesh topology
  
 call usrdat
 done :: usrdat

 generate geometry data
 done :: generate geometry data
  
 call usrdat2
 done :: usrdat2

 regenerate geometry data           1
 NOTE: All elements deformed , param(59) ^=0
 done :: regenerate geometry data           1
  
 verify mesh topology
  0.000000000000000E+000   1.00000000000000       Xrange
  0.000000000000000E+000   1.00000000000000       Yrange
  0.000000000000000E+000   1.00000000000000       Zrange
 done :: verify mesh topology
  
 IFTRAN   = T
 IFFLOW   = T
 IFHEAT   = F
 IFSPLIT  = T
 IFLOMACH = F
 IFUSERVP = F
 IFUSERMV = F
 IFSTRS   = F
 IFCHAR   = F
 IFCYCLIC = F
 IFAXIS   = F
 IFMVBD   = F
 IFMELT   = F
 IFMODEL  = F
 IFKEPS   = F
 IFMOAB   = F
 IFNEKNEK = F
 IFSYNC   = T
   
 IFVCOR   = T
 IFINTQ   = F
 IFCWUZ   = F
 IFSWALL  = F
 IFGEOM   = F
 IFSURT   = F
 IFWCNO   = F
   
 IFTMSH for field           1    =  F
 IFADVC for field           1    =  T
 IFNONL for field           1    =  F
   
 Dealiasing enabled, lxd=          12
  
 Estimated eigenvalues
 EIGAA =    9.86960440108936     
 EIGGA =    31351.0194238870     
 EIGAE =    9.86960440108936     
 EIGAS =   8.333333333333333E-002
 EIGGE =    31351.0194238870     
 EIGGS =    2.00000000000000     
  
 verify mesh topology
  0.000000000000000E+000   1.00000000000000       Xrange
  0.000000000000000E+000   1.00000000000000       Yrange
  0.000000000000000E+000   1.00000000000000       Zrange
 done :: verify mesh topology
  
  E-solver strategy:  0 itr
 mg_nx:           1           3           7
 mg_ny:           1           3           7
 mg_nz:           1           3           7
 call usrsetvert
 done :: usrsetvert

gs_setup: 0 unique labels shared
   handle bytes (avg, min, max): 1452 1452 1452
   buffer bytes (avg, min, max): 0 0 0
   setupds time 7.4506E-04 seconds   1  2          45          16
   setvert3d:   4         509         637         509         509
 call usrsetvert
 done :: usrsetvert

gs_setup: 0 unique labels shared
   handle bytes (avg, min, max): 7724 7724 7724
   buffer bytes (avg, min, max): 0 0 0
   setupds time 1.3061E-03 seconds   2  4         509          16
   setvert3d:   4         509         637         509         509
 call usrsetvert
 done :: usrsetvert

gs_setup: 0 unique labels shared
   handle bytes (avg, min, max): 7724 7724 7724
   buffer bytes (avg, min, max): 0 0 0
   setupds time 1.2391E-03 seconds   3  4         509          16
   setvert3d:   6        1517        2541        1517        1517
 call usrsetvert
 done :: usrsetvert

gs_setup: 0 unique labels shared
   handle bytes (avg, min, max): 19372 19372 19372
   buffer bytes (avg, min, max): 0 0 0
   setupds time 2.3201E-03 seconds   4  6        1517          16
 regenerate geometry data           1
 NOTE: All elements deformed , param(59) ^=0
 done :: regenerate geometry data           1
  
 h1_mg_nx:           1           3           7
 h1_mg_ny:           1           3           7
 h1_mg_nz:           1           3           7
 call usrsetvert
 done :: usrsetvert

gs_setup: 0 unique labels shared
   handle bytes (avg, min, max): 1452 1452 1452
   buffer bytes (avg, min, max): 0 0 0
   setupds time 9.8896E-04 seconds   5  2          45          16
   setvert3d:   4         509         637         509         509
 call usrsetvert
 done :: usrsetvert

gs_setup: 0 unique labels shared
   handle bytes (avg, min, max): 7724 7724 7724
   buffer bytes (avg, min, max): 0 0 0
   setupds time 1.4210E-03 seconds   6  4         509          16
   setvert3d:   4         509         637         509         509
 call usrsetvert
 done :: usrsetvert

gs_setup: 0 unique labels shared
   handle bytes (avg, min, max): 7724 7724 7724
   buffer bytes (avg, min, max): 0 0 0
   setupds time 1.3590E-03 seconds   7  4         509          16
   setvert3d:   6        1517        2541        1517        1517
 call usrsetvert
 done :: usrsetvert

gs_setup: 0 unique labels shared
   handle bytes (avg, min, max): 19372 19372 19372
   buffer bytes (avg, min, max): 0 0 0
   setupds time 2.5630E-03 seconds   8  6        1517          16
   setvert3d:   8        3069        6525        3069        3069
 call usrsetvert
 done :: usrsetvert

gs_setup: 0 unique labels shared
   handle bytes (avg, min, max): 36396 36396 36396
   buffer bytes (avg, min, max): 0 0 0
   setupds time 4.0810E-03 seconds   9  8        3069          16
   setvert3d:  10        5165       13357        5165        5165
 call usrsetvert
 done :: usrsetvert

gs_setup: 0 unique labels shared
   handle bytes (avg, min, max): 58796 58796 58796
   buffer bytes (avg, min, max): 0 0 0
   setupds time 5.8661E-03 seconds  10 10        5165          16
 setup h1 coarse grid, nx_crs=           2
 call usrsetvert
 done :: usrsetvert

gs_setup: 0 unique labels shared
   handle bytes (avg, min, max): 1452 1452 1452
   buffer bytes (avg, min, max): 0 0 0
 done :: setup h1 coarse grid   4.213809967041016E-003  sec
  
 call usrdat3
 done :: usrdat3

 set initial conditions
 nekuic (1) for ifld            1
 call nekuic for vel  
 xyz min     0.0000       0.0000       0.0000    
 uvwpt min   0.0000       0.0000       0.0000       0.0000       0.0000    
 PS min      0.0000       0.0000      0.99000E+22
 xyz max     1.0000       1.0000       1.0000    
 uvwpt max   0.0000       0.0000       0.0000       0.0000       0.0000    
 PS max      0.0000       0.0000     -0.99000E+22
 done :: set initial conditions
  
 call userchk
GFM max:  8.7711E-03  8.7711E-03  3.5084E-02  6.2322E-17  2.0255E-16  2.0255E-16
 
nelt =      16, np =         1, nx1 =       8, elements =        16
Solve Time =   0.4110E-07
 
nelt =      16, np =         1, nx1 =       8, elements =        16
Solve Time =   0.4056E-07
 
nelt =      16, np =         1, nx1 =       8, elements =        16
Solve Time =   0.4065E-07
 
nelt =      16, np =         1, nx1 =       8, elements =        16
Solve Time =   0.4056E-07
 
nelt =      16, np =         1, nx1 =       8, elements =        16
Solve Time =   0.4055E-07
 
nelt =      16, np =         1, nx1 =       8, elements =        16
Solve Time =   0.4068E-07
 
nelt =      16, np =         1, nx1 =       8, elements =        16
Solve Time =   0.6674E-07
 
nelt =      16, np =         1, nx1 =       8, elements =        16
Solve Time =   0.6596E-07
 
nelt =      16, np =         1, nx1 =       8, elements =        16
Solve Time =   0.6734E-07
 
nelt =      16, np =         1, nx1 =       8, elements =        16
Solve Time =   0.6604E-07
 
nelt =      16, np =         1, nx1 =       8, elements =        16
Solve Time =   0.6616E-07
 
nelt =      16, np =         1, nx1 =       8, elements =        16
Solve Time =   0.6229E-07
 
nelt =      16, np =         1, nx1 =       8, elements =        16
Solve Time =   0.6336E-07
 
nelt =      16, np =         1, nx1 =       8, elements =        16
Solve Time =   0.6214E-07
 
nelt =      16, np =         1, nx1 =       8, elements =        16
Solve Time =   0.6173E-07
 
nelt =      16, np =         1, nx1 =       8, elements =        16
Solve Time =   0.6311E-07
 
nelt =      16, np =         1, nx1 =       8, elements =        16
Solve Time =   0.6153E-07
 
nelt =      16, np =         1, nx1 =       8, elements =        16
Solve Time =   0.6344E-07
 
nelt =      16, np =         1, nx1 =       8, elements =        16
Solve Time =   0.6160E-07
 
nelt =      16, np =         1, nx1 =       8, elements =        16
Solve Time =   0.6364E-07
 
nelt =      16, np =         1, nx1 =       8, elements =        16
Solve Time =   0.6485E-07
 
nelt =      16, np =         1, nx1 =       8, elements =        16
Solve Time =   0.6527E-07
 
nelt =      16, np =         1, nx1 =       8, elements =        16
Solve Time =   0.6275E-07
 
nelt =      16, np =         1, nx1 =       8, elements =        16
Solve Time =   0.6417E-07
 
nelt =      16, np =         1, nx1 =       8, elements =        16
Solve Time =   0.6401E-07
 
nelt =      16, np =         1, nx1 =       8, elements =        16
Solve Time =   0.6352E-07
 
nelt =      16, np =         1, nx1 =       8, elements =        16
Solve Time =   0.6457E-07
 
nelt =      16, np =         1, nx1 =       8, elements =        16
Solve Time =   0.6360E-07
 
nelt =      16, np =         1, nx1 =       8, elements =        16
Solve Time =   0.6519E-07
 
nelt =      16, np =         1, nx1 =       8, elements =        16
Solve Time =   0.6363E-07
 
nelt =      16, np =         1, nx1 =       8, elements =        16
Solve Time =   0.6808E-07
 
nelt =      16, np =         1, nx1 =       8, elements =        16
Solve Time =   0.6429E-07
 
nelt =      16, np =         1, nx1 =       8, elements =        16
Solve Time =   0.6421E-07
 
nelt =      16, np =         1, nx1 =       8, elements =        16
Solve Time =   0.6442E-07
 
nelt =      16, np =         1, nx1 =       8, elements =        16
Solve Time =   0.6425E-07
 
nelt =      16, np =         1, nx1 =       8, elements =        16
Solve Time =   0.6563E-07
 
nelt =      16, np =         1, nx1 =       8, elements =        16
Solve Time =   0.6424E-07
 
nelt =      16, np =         1, nx1 =       8, elements =        16
Solve Time =   0.6652E-07
 
nelt =      16, np =         1, nx1 =       8, elements =        16
Solve Time =   0.6413E-07
 
nelt =      16, np =         1, nx1 =       8, elements =        16
Solve Time =   0.6624E-07
 
nelt =      16, np =         1, nx1 =       8, elements =        16
Solve Time =   0.6698E-07
 
nelt =      16, np =         1, nx1 =       8, elements =        16
Solve Time =   0.6726E-07
 
nelt =      16, np =         1, nx1 =       8, elements =        16
Solve Time =   0.6555E-07
 
nelt =      16, np =         1, nx1 =       8, elements =        16
Solve Time =   0.6547E-07
 
nelt =      16, np =         1, nx1 =       8, elements =        16
Solve Time =   0.6514E-07
 
nelt =      16, np =         1, nx1 =       8, elements =        16
Solve Time =   0.6544E-07
 
nelt =      16, np =         1, nx1 =       8, elements =        16
Solve Time =   0.6620E-07
 
nelt =      16, np =         1, nx1 =       8, elements =        16
Solve Time =   0.6555E-07
 
nelt =      16, np =         1, nx1 =       8, elements =        16
Solve Time =   0.6698E-07
 
nelt =      16, np =         1, nx1 =       8, elements =        16
Solve Time =   0.6527E-07
 schfile:
 /gpfs/theta-fs1/home/thilina/env/lx8/b4.sch                                    
                                                      
  8       16  1.0000E+00  1.0000E+00  1.0000E+00  error v
 
nelt =      16, np =         1, nx1 =       8, elements =        16
Solve Time =   0.4274E-07
 
nelt =      16, np =         1, nx1 =       8, elements =        16
Solve Time =   0.4261E-07
 
nelt =      16, np =         1, nx1 =       8, elements =        16
Solve Time =   0.4266E-07
 
nelt =      16, np =         1, nx1 =       8, elements =        16
Solve Time =   0.4260E-07
 
nelt =      16, np =         1, nx1 =       8, elements =        16
Solve Time =   0.4258E-07
 
nelt =      16, np =         1, nx1 =       8, elements =        16
Solve Time =   0.4259E-07
 
nelt =      16, np =         1, nx1 =       8, elements =        16
Solve Time =   0.4263E-07
 
nelt =      16, np =         1, nx1 =       8, elements =        16
Solve Time =   0.4257E-07
 
nelt =      16, np =         1, nx1 =       8, elements =        16
Solve Time =   0.4256E-07
 
nelt =      16, np =         1, nx1 =       8, elements =        16
Solve Time =   0.4263E-07
  8       16  1.3182E-09  1.3182E-09  1.3182E-09  error s
 
nelt =      16, np =         1, nx1 =       8, elements =        16
Solve Time =   0.4592E-07
 
nelt =      16, np =         1, nx1 =       8, elements =        16
Solve Time =   0.4574E-07
 
nelt =      16, np =         1, nx1 =       8, elements =        16
Solve Time =   0.4562E-07
 
nelt =      16, np =         1, nx1 =       8, elements =        16
Solve Time =   0.4562E-07
 
nelt =      16, np =         1, nx1 =       8, elements =        16
Solve Time =   0.4542E-07
 
nelt =      16, np =         1, nx1 =       8, elements =        16
Solve Time =   0.4548E-07
 
nelt =      16, np =         1, nx1 =       8, elements =        16
Solve Time =   0.4541E-07
 
nelt =      16, np =         1, nx1 =       8, elements =        16
Solve Time =   0.4551E-07
 
nelt =      16, np =         1, nx1 =       8, elements =        16
Solve Time =   0.4536E-07
 
nelt =      16, np =         1, nx1 =       8, elements =        16
Solve Time =   0.4542E-07
  8       16  1.3182E-09  1.3182E-09  1.3182E-09  error n
   7       16  100  0.0000E+00  0.0000E+00  0.0000E+00 time for 3 hmholtz
EXIT: quit after cggov          7
  
call exitt: dying ...
  
backtrace(): obtained 8 stack frames.
./nek5000() [0x777435]
./nek5000() [0x959f09]
./nek5000() [0x40cc3c]
./nek5000() [0x4235f6]
./nek5000() [0x421bae]
./nek5000() [0x4054fe]
/lib64/libc.so.6(__libc_start_main+0xf5) [0x2aaab1ca3b25]
./nek5000() [0x405409]
  
total elapsed time             :   4.68747E+00 sec
total solver time incl. I/O    :   0.00000E+00 sec
time/timestep                  :   0.00000E+00 sec
CPU seconds/timestep/gridpt    :   0.00000E+00 sec

Application 2256849 resources: utime ~3s, stime ~2s, Rss ~24516, inblocks ~0, outblocks ~0
