/----------------------------------------------------------\\
|      _   __ ______ __ __  ______  ____   ____   ____     |
|     / | / // ____// //_/ / ____/ / __ \\/ __ \\/ __ \\   |
|    /  |/ // __/  / ,<   /___ \\ / / / // / / // / / /    |
|   / /|  // /___ / /| | ____/ / / /_/ // /_/ // /_/ /     |
|  /_/ |_//_____//_/ |_|/_____/  \\___/ \\___/ \\___/      |
|                                                          |
|----------------------------------------------------------|
|                                                          |
| NEK5000:  Open Source Spectral Element Solver            |
| COPYRIGHT (c) 2008-2016 UCHICAGO ARGONNE, LLC            |
| Version:  16.0.0                                         |
| Web:      http://nek5000.mcs.anl.gov                     |
|                                                          |
\\----------------------------------------------------------/
                                                              

 Number of processors:           8
 REAL    wdsize      :           8
 INTEGER wdsize      :           4
 Timer accuracy      : 4.05E-07
 Reading /gpfs/theta-fs1/home/thilina/env/lx8/b4.rea                                                                                         

 mapping elements to processors
 Reading /gpfs/theta-fs1/home/thilina/env/lx8/b4.map                                                                                         
           0           2           2          16          16  NELV
           3           2           2          16          16  NELV
           2           2           2          16          16  NELV
           4           2           2          16          16  NELV
           5           2           2          16          16  NELV
           7           2           2          16          16  NELV
           6           2           2          16          16  NELV
           1           2           2          16          16  NELV
 RANK     0 IEG      15      16
 element load imbalance:            0           2           2
 done :: mapping elements to processors
  
           0  objects found
 118   Parameters from file:
   1      1.00000     p001 DENSITY
   2     -100.000     p002 VISCOS
   7      1.00000     p007 RHOCP
   8      1.00000     p008 CONDUCT
  11      1.00        p011 NSTEPS
  12    -0.500000E-02 p012 DT
  21     0.100000E-05 p021 DIVERGENCE
  22     0.100000E-07 p022 HELMHOLTZ
  24     0.100000E-09 p024 TOLREL
  25     0.100000E-09 p025 TOLABS
  26     0.250000     p026 COURANT/NTAU
  27      2.00000     p027 TORDER
  66      6.00000     p066 output : <0=ascii, else binary
  67      6.00000     p067 restart: <0=ascii, else binary
  99      3.00000     p099 dealiasing: <0--> off/3--> old/4--> new
 103     0.500000E-01 p103 weight of stabilizing filter (.01)
  
 nelgt/nelgv/lelt:          16          16         100
 lx1  /lx2  /lx3 :           8           8           8
 done :: read .rea file   0.30943E-01 sec

 setup mesh topology
   Right-handed check complete for      16 elements. OK.
   setvert3d:   8        3069        6525        3069        3069
 call usrsetvert
 done :: usrsetvert

gs_setup: 1065 unique labels shared
   pairwise times (avg, min, max): 2.01285e-05 1.84059e-05 2.2316e-05
   crystal router                : 1.28448e-05 1.24931e-05 1.3113e-05
   all reduce                    : 5.02795e-05 5.00202e-05 5.06163e-05
   used all_to_all method: crystal router
   handle bytes (avg, min, max): 41052 32052 50052
   buffer bytes (avg, min, max): 11400 8880 13920
   setupds time 8.8391E-03 seconds   0  8        3069          16
           8  max multiplicity
 done :: setup mesh topology
  
 call usrdat
 done :: usrdat

 generate geometry data
 done :: generate geometry data
  
 call usrdat2
 done :: usrdat2

 regenerate geometry data           1
 NOTE: All elements deformed , param(59) ^=0
 done :: regenerate geometry data           1
  
 verify mesh topology
  0.000000000000000E+000   1.00000000000000       Xrange
  0.000000000000000E+000   1.00000000000000       Yrange
  0.000000000000000E+000   1.00000000000000       Zrange
 done :: verify mesh topology
  
 IFTRAN   = T
 IFFLOW   = T
 IFHEAT   = F
 IFSPLIT  = T
 IFLOMACH = F
 IFUSERVP = F
 IFUSERMV = F
 IFSTRS   = F
 IFCHAR   = F
 IFCYCLIC = F
 IFAXIS   = F
 IFMVBD   = F
 IFMELT   = F
 IFMODEL  = F
 IFKEPS   = F
 IFMOAB   = F
 IFNEKNEK = F
 IFSYNC   = T
   
 IFVCOR   = T
 IFINTQ   = F
 IFCWUZ   = F
 IFSWALL  = F
 IFGEOM   = F
 IFSURT   = F
 IFWCNO   = F
   
 IFTMSH for field           1    =  F
 IFADVC for field           1    =  T
 IFNONL for field           1    =  F
   
 Dealiasing enabled, lxd=          12
  
 Estimated eigenvalues
 EIGAA =    9.86960440108936     
 EIGGA =    31350.8398808412     
 EIGAE =    9.86960440108936     
 EIGAS =   8.333333333333333E-002
 EIGGE =    31350.8398808412     
 EIGGS =    2.00000000000000     
  
 verify mesh topology
  0.000000000000000E+000   1.00000000000000       Xrange
  0.000000000000000E+000   1.00000000000000       Yrange
  0.000000000000000E+000   1.00000000000000       Zrange
 done :: verify mesh topology
  
  E-solver strategy:  0 itr
 mg_nx:           1           3           7
 mg_ny:           1           3           7
 mg_nz:           1           3           7
 call usrsetvert
 done :: usrsetvert

gs_setup: 33 unique labels shared
   pairwise times (avg, min, max): 1.34736e-05 1.28984e-05 1.44958e-05
   crystal router                : 7.24792e-06 7.10487e-06 7.39098e-06
   all reduce                    : 2.97397e-05 2.96116e-05 2.98977e-05
   used all_to_all method: crystal router
   handle bytes (avg, min, max): 2244 1956 2532
   buffer bytes (avg, min, max): 408 336 480
   setupds time 2.4810E-03 seconds   1  2          45          16
   setvert3d:   4         509         637         509         509
 call usrsetvert
 done :: usrsetvert

gs_setup: 217 unique labels shared
   pairwise times (avg, min, max): 1.40071e-05 1.31845e-05 1.49012e-05
   crystal router                : 7.07209e-06 6.98566e-06 7.20024e-06
   all reduce                    : 2.74867e-05 2.72989e-05 2.77042e-05
   used all_to_all method: crystal router
   handle bytes (avg, min, max): 9420 7572 11268
   buffer bytes (avg, min, max): 2408 1904 2912
   setupds time 3.4850E-03 seconds   2  4         509          16
   setvert3d:   4         509         637         509         509
 call usrsetvert
 done :: usrsetvert

gs_setup: 217 unique labels shared
   pairwise times (avg, min, max): 1.36405e-05 1.27077e-05 1.43051e-05
   crystal router                : 7.03335e-06 6.91414e-06 7.10487e-06
   all reduce                    : 2.81453e-05 2.81096e-05 2.82049e-05
   used all_to_all method: crystal router
   handle bytes (avg, min, max): 9420 7572 11268
   buffer bytes (avg, min, max): 2408 1904 2912
   setupds time 3.4611E-03 seconds   3  4         509          16
   setvert3d:   6        1517        2541        1517        1517
 call usrsetvert
 done :: usrsetvert

gs_setup: 561 unique labels shared
   pairwise times (avg, min, max): 1.87904e-05 1.84774e-05 1.90973e-05
   crystal router                : 9.59039e-06 9.39369e-06 9.70364e-06
   all reduce                    : 5.8338e-05 5.80788e-05 5.85794e-05
   used all_to_all method: crystal router
   handle bytes (avg, min, max): 22356 17604 27108
   buffer bytes (avg, min, max): 6072 4752 7392
   setupds time 4.9019E-03 seconds   4  6        1517          16
 regenerate geometry data           1
 NOTE: All elements deformed , param(59) ^=0
 done :: regenerate geometry data           1
  
 h1_mg_nx:           1           3           7
 h1_mg_ny:           1           3           7
 h1_mg_nz:           1           3           7
 call usrsetvert
 done :: usrsetvert

gs_setup: 33 unique labels shared
   pairwise times (avg, min, max): 1.45674e-05 1.41144e-05 1.56164e-05
   crystal router                : 8.08239e-06 7.9155e-06 8.39233e-06
   all reduce                    : 2.54452e-05 2.53916e-05 2.55108e-05
   used all_to_all method: crystal router
   handle bytes (avg, min, max): 2244 1956 2532
   buffer bytes (avg, min, max): 408 336 480
   setupds time 2.8639E-03 seconds   5  2          45          16
   setvert3d:   4         509         637         509         509
 call usrsetvert
 done :: usrsetvert

gs_setup: 217 unique labels shared
   pairwise times (avg, min, max): 1.38789e-05 1.33038e-05 1.44005e-05
   crystal router                : 7.25985e-06 7.10487e-06 7.39098e-06
   all reduce                    : 2.93881e-05 2.93016e-05 2.94209e-05
   used all_to_all method: crystal router
   handle bytes (avg, min, max): 9420 7572 11268
   buffer bytes (avg, min, max): 2408 1904 2912
   setupds time 3.7751E-03 seconds   6  4         509          16
   setvert3d:   4         509         637         509         509
 call usrsetvert
 done :: usrsetvert

gs_setup: 217 unique labels shared
   pairwise times (avg, min, max): 1.72913e-05 1.67131e-05 1.81913e-05
   crystal router                : 7.19428e-06 6.98566e-06 7.29561e-06
   all reduce                    : 3.39746e-05 3.37124e-05 3.40939e-05
   used all_to_all method: crystal router
   handle bytes (avg, min, max): 9420 7572 11268
   buffer bytes (avg, min, max): 2408 1904 2912
   setupds time 3.4618E-03 seconds   7  4         509          16
   setvert3d:   6        1517        2541        1517        1517
 call usrsetvert
 done :: usrsetvert

gs_setup: 561 unique labels shared
   pairwise times (avg, min, max): 2.11507e-05 2.07901e-05 2.15054e-05
   crystal router                : 1.79946e-05 1.76907e-05 1.81913e-05
   all reduce                    : 5.07116e-05 5.04971e-05 5.0807e-05
   used all_to_all method: crystal router
   handle bytes (avg, min, max): 22356 17604 27108
   buffer bytes (avg, min, max): 6072 4752 7392
   setupds time 4.7982E-03 seconds   8  6        1517          16
   setvert3d:   8        3069        6525        3069        3069
 call usrsetvert
 done :: usrsetvert

gs_setup: 1065 unique labels shared
   pairwise times (avg, min, max): 1.94728e-05 1.8096e-05 2.02894e-05
   crystal router                : 1.32829e-05 1.30892e-05 1.34945e-05
   all reduce                    : 4.8241e-05 4.80175e-05 4.87089e-05
   used all_to_all method: crystal router
   handle bytes (avg, min, max): 41052 32052 50052
   buffer bytes (avg, min, max): 11400 8880 13920
   setupds time 6.1951E-03 seconds   9  8        3069          16
   setvert3d:  10        5165       13357        5165        5165
 call usrsetvert
 done :: usrsetvert

gs_setup: 1729 unique labels shared
   pairwise times (avg, min, max): 1.80602e-05 1.70946e-05 1.87874e-05
   crystal router                : 1.75357e-05 1.719e-05 1.79052e-05
   all reduce                    : 5.94974e-05 5.91993e-05 5.98907e-05
   used all_to_all method: crystal router
   handle bytes (avg, min, max): 65508 50916 80100
   buffer bytes (avg, min, max): 18392 14288 22496
   setupds time 8.5599E-03 seconds  10 10        5165          16
 setup h1 coarse grid, nx_crs=           2
 call usrsetvert
 done :: usrsetvert

gs_setup: 33 unique labels shared
   pairwise times (avg, min, max): 1.90109e-05 1.84774e-05 2.00033e-05
   crystal router                : 8.79169e-06 8.67844e-06 9.10759e-06
   all reduce                    : 2.44558e-05 2.41995e-05 2.4581e-05
   used all_to_all method: crystal router
   handle bytes (avg, min, max): 2244 1956 2532
   buffer bytes (avg, min, max): 408 336 480
 done :: setup h1 coarse grid   4.677057266235352E-003  sec
  
 call usrdat3
 done :: usrdat3

 set initial conditions
 nekuic (1) for ifld            1
 call nekuic for vel  
 xyz min     0.0000       0.0000       0.0000    
 uvwpt min   0.0000       0.0000       0.0000       0.0000       0.0000    
 PS min      0.0000       0.0000      0.99000E+22
 xyz max     1.0000       1.0000       1.0000    
 uvwpt max   0.0000       0.0000       0.0000       0.0000       0.0000    
 PS max      0.0000       0.0000     -0.99000E+22
 done :: set initial conditions
  
 call userchk
GFM max:  8.7711E-03  8.7711E-03  3.5084E-02  6.2322E-17  2.0255E-16  2.0255E-16
 
nelt =       2, np =         8, nx1 =       8, elements =        16
Solve Time =   0.1062E-07
 
nelt =       2, np =         8, nx1 =       8, elements =        16
Solve Time =   0.9697E-08
 
nelt =       2, np =         8, nx1 =       8, elements =        16
Solve Time =   0.9665E-08
 
nelt =       2, np =         8, nx1 =       8, elements =        16
Solve Time =   0.9722E-08
 
nelt =       2, np =         8, nx1 =       8, elements =        16
Solve Time =   0.9611E-08
 
nelt =       2, np =         8, nx1 =       8, elements =        16
Solve Time =   0.9612E-08
 
nelt =       2, np =         8, nx1 =       8, elements =        16
Solve Time =   0.1908E-07
 
nelt =       2, np =         8, nx1 =       8, elements =        16
Solve Time =   0.1965E-07
 
nelt =       2, np =         8, nx1 =       8, elements =        16
Solve Time =   0.2010E-07
 
nelt =       2, np =         8, nx1 =       8, elements =        16
Solve Time =   0.2165E-07
 
nelt =       2, np =         8, nx1 =       8, elements =        16
Solve Time =   0.1806E-07
 
nelt =       2, np =         8, nx1 =       8, elements =        16
Solve Time =   0.1661E-07
 
nelt =       2, np =         8, nx1 =       8, elements =        16
Solve Time =   0.1763E-07
 
nelt =       2, np =         8, nx1 =       8, elements =        16
Solve Time =   0.1615E-07
 
nelt =       2, np =         8, nx1 =       8, elements =        16
Solve Time =   0.1543E-07
 
nelt =       2, np =         8, nx1 =       8, elements =        16
Solve Time =   0.1643E-07
 
nelt =       2, np =         8, nx1 =       8, elements =        16
Solve Time =   0.1571E-07
 
nelt =       2, np =         8, nx1 =       8, elements =        16
Solve Time =   0.1575E-07
 
nelt =       2, np =         8, nx1 =       8, elements =        16
Solve Time =   0.1543E-07
 
nelt =       2, np =         8, nx1 =       8, elements =        16
Solve Time =   0.1673E-07
 
nelt =       2, np =         8, nx1 =       8, elements =        16
Solve Time =   0.2555E-07
 
nelt =       2, np =         8, nx1 =       8, elements =        16
Solve Time =   0.1770E-07
 
nelt =       2, np =         8, nx1 =       8, elements =        16
Solve Time =   0.1786E-07
 
nelt =       2, np =         8, nx1 =       8, elements =        16
Solve Time =   0.1790E-07
 
nelt =       2, np =         8, nx1 =       8, elements =        16
Solve Time =   0.1814E-07
 
nelt =       2, np =         8, nx1 =       8, elements =        16
Solve Time =   0.1925E-07
 
nelt =       2, np =         8, nx1 =       8, elements =        16
Solve Time =   0.1860E-07
 
nelt =       2, np =         8, nx1 =       8, elements =        16
Solve Time =   0.1778E-07
 
nelt =       2, np =         8, nx1 =       8, elements =        16
Solve Time =   0.1777E-07
 
nelt =       2, np =         8, nx1 =       8, elements =        16
Solve Time =   0.1798E-07
 
nelt =       2, np =         8, nx1 =       8, elements =        16
Solve Time =   0.2478E-07
 
nelt =       2, np =         8, nx1 =       8, elements =        16
Solve Time =   0.1876E-07
 
nelt =       2, np =         8, nx1 =       8, elements =        16
Solve Time =   0.2096E-07
 
nelt =       2, np =         8, nx1 =       8, elements =        16
Solve Time =   0.1937E-07
 
nelt =       2, np =         8, nx1 =       8, elements =        16
Solve Time =   0.1860E-07
 
nelt =       2, np =         8, nx1 =       8, elements =        16
Solve Time =   0.1851E-07
 
nelt =       2, np =         8, nx1 =       8, elements =        16
Solve Time =   0.1823E-07
 
nelt =       2, np =         8, nx1 =       8, elements =        16
Solve Time =   0.1855E-07
 
nelt =       2, np =         8, nx1 =       8, elements =        16
Solve Time =   0.1932E-07
 
nelt =       2, np =         8, nx1 =       8, elements =        16
Solve Time =   0.1860E-07
 
nelt =       2, np =         8, nx1 =       8, elements =        16
Solve Time =   0.2047E-07
 
nelt =       2, np =         8, nx1 =       8, elements =        16
Solve Time =   0.2157E-07
 
nelt =       2, np =         8, nx1 =       8, elements =        16
Solve Time =   0.2043E-07
 
nelt =       2, np =         8, nx1 =       8, elements =        16
Solve Time =   0.2043E-07
 
nelt =       2, np =         8, nx1 =       8, elements =        16
Solve Time =   0.1978E-07
 
nelt =       2, np =         8, nx1 =       8, elements =        16
Solve Time =   0.1958E-07
 
nelt =       2, np =         8, nx1 =       8, elements =        16
Solve Time =   0.1986E-07
 
nelt =       2, np =         8, nx1 =       8, elements =        16
Solve Time =   0.1965E-07
 
nelt =       2, np =         8, nx1 =       8, elements =        16
Solve Time =   0.1985E-07
 
nelt =       2, np =         8, nx1 =       8, elements =        16
Solve Time =   0.2001E-07
 schfile:
 /gpfs/theta-fs1/home/thilina/env/lx8/b4.sch                                    
                                                      
  8       16  1.0000E+00  1.0000E+00  1.0000E+00  error v
  8       16  1.0000E+00  1.0000E+00  1.0000E+00  error v
  8       16  1.0000E+00  1.0000E+00  1.0000E+00  error v
  8       16  1.0000E+00  1.0000E+00  1.0000E+00  error v
  8       16  1.0000E+00  1.0000E+00  1.0000E+00  error v
  8       16  1.0000E+00  1.0000E+00  1.0000E+00  error v
  8       16  1.0000E+00  1.0000E+00  1.0000E+00  error v
  8       16  1.0000E+00  1.0000E+00  1.0000E+00  error v
 
nelt =       2, np =         8, nx1 =       8, elements =        16
Solve Time =   0.9941E-08
 
nelt =       2, np =         8, nx1 =       8, elements =        16
Solve Time =   0.9797E-08
 
nelt =       2, np =         8, nx1 =       8, elements =        16
Solve Time =   0.9746E-08
 
nelt =       2, np =         8, nx1 =       8, elements =        16
Solve Time =   0.9729E-08
 
nelt =       2, np =         8, nx1 =       8, elements =        16
Solve Time =   0.9805E-08
 
nelt =       2, np =         8, nx1 =       8, elements =        16
Solve Time =   0.9770E-08
 
nelt =       2, np =         8, nx1 =       8, elements =        16
Solve Time =   0.9698E-08
 
nelt =       2, np =         8, nx1 =       8, elements =        16
Solve Time =   0.9712E-08
 
nelt =       2, np =         8, nx1 =       8, elements =        16
Solve Time =   0.9722E-08
 
nelt =       2, np =         8, nx1 =       8, elements =        16
Solve Time =   0.9731E-08
  8       16  1.3182E-09  1.3182E-09  1.3182E-09  error s
  8       16  1.3182E-09  1.3182E-09  1.3182E-09  error s
  8       16  1.3182E-09  1.3182E-09  1.3182E-09  error s
  8       16  1.3182E-09  1.3182E-09  1.3182E-09  error s
  8       16  1.3182E-09  1.3182E-09  1.3182E-09  error s
  8       16  1.3182E-09  1.3182E-09  1.3182E-09  error s
  8       16  1.3182E-09  1.3182E-09  1.3182E-09  error s
  8       16  1.3182E-09  1.3182E-09  1.3182E-09  error s
 
nelt =       2, np =         8, nx1 =       8, elements =        16
Solve Time =   0.1075E-07
 
nelt =       2, np =         8, nx1 =       8, elements =        16
Solve Time =   0.1036E-07
 
nelt =       2, np =         8, nx1 =       8, elements =        16
Solve Time =   0.1034E-07
 
nelt =       2, np =         8, nx1 =       8, elements =        16
Solve Time =   0.1029E-07
 
nelt =       2, np =         8, nx1 =       8, elements =        16
Solve Time =   0.1033E-07
 
nelt =       2, np =         8, nx1 =       8, elements =        16
Solve Time =   0.1030E-07
 
nelt =       2, np =         8, nx1 =       8, elements =        16
Solve Time =   0.1030E-07
 
nelt =       2, np =         8, nx1 =       8, elements =        16
Solve Time =   0.1029E-07
 
nelt =       2, np =         8, nx1 =       8, elements =        16
Solve Time =   0.1024E-07
 
nelt =       2, np =         8, nx1 =       8, elements =        16
Solve Time =   0.1027E-07
  8       16  1.3182E-09  1.3182E-09  1.3182E-09  error n
  8       16  1.3182E-09  1.3182E-09  1.3182E-09  error n
  8       16  1.3182E-09  1.3182E-09  1.3182E-09  error n
  8       16  1.3182E-09  1.3182E-09  1.3182E-09  error n
  8       16  1.3182E-09  1.3182E-09  1.3182E-09  error n
  8       16  1.3182E-09  1.3182E-09  1.3182E-09  error n
  8       16  1.3182E-09  1.3182E-09  1.3182E-09  error n
  8       16  1.3182E-09  1.3182E-09  1.3182E-09  error n
   7       16  100  0.0000E+00  0.0000E+00  0.0000E+00 time for 3 hmholtz
EXIT: quit after cggov          7
  
call exitt: dying ...
  
backtrace(): obtained 8 stack frames.
./nek5000() [0x777435]
./nek5000() [0x959f09]
./nek5000() [0x40cc3c]
./nek5000() [0x4235f6]
./nek5000() [0x421bae]
./nek5000() [0x4054fe]
/lib64/libc.so.6(__libc_start_main+0xf5) [0x2aaab1ca3b25]
./nek5000() [0x405409]
  
total elapsed time             :   2.66994E+00 sec
total solver time incl. I/O    :   0.00000E+00 sec
time/timestep                  :   0.00000E+00 sec
CPU seconds/timestep/gridpt    :   0.00000E+00 sec

Application 2256814 resources: utime ~20s, stime ~2s, Rss ~18696, inblocks ~0, outblocks ~0
