/----------------------------------------------------------\\
|      _   __ ______ __ __  ______  ____   ____   ____     |
|     / | / // ____// //_/ / ____/ / __ \\/ __ \\/ __ \\   |
|    /  |/ // __/  / ,<   /___ \\ / / / // / / // / / /    |
|   / /|  // /___ / /| | ____/ / / /_/ // /_/ // /_/ /     |
|  /_/ |_//_____//_/ |_|/_____/  \\___/ \\___/ \\___/      |
|                                                          |
|----------------------------------------------------------|
|                                                          |
| NEK5000:  Open Source Spectral Element Solver            |
| COPYRIGHT (c) 2008-2016 UCHICAGO ARGONNE, LLC            |
| Version:  16.0.0                                         |
| Web:      http://nek5000.mcs.anl.gov                     |
|                                                          |
\\----------------------------------------------------------/
                                                              

 Number of processors:          64
 REAL    wdsize      :           8
 INTEGER wdsize      :           4
 Timer accuracy      : 3.10E-07
 Reading /gpfs/theta-fs1/home/thilina/env/lx8/b6.rea                                                                                         

 mapping elements to processors
 Reading /gpfs/theta-fs1/home/thilina/env/lx8/b6.map                                                                                         
           0           1           1          64          64  NELV
           3           1           1          64          64  NELV
           8           1           1          64          64  NELV
          19           1           1          64          64  NELV
           9           1           1          64          64  NELV
          14           1           1          64          64  NELV
          25           1           1          64          64  NELV
          23           1           1          64          64  NELV
          21           1           1          64          64  NELV
          12           1           1          64          64  NELV
          17           1           1          64          64  NELV
          29           1           1          64          64  NELV
          11           1           1          64          64  NELV
          10           1           1          64          64  NELV
          18           1           1          64          64  NELV
           2           1           1          64          64  NELV
          15           1           1          64          64  NELV
           4           1           1          64          64  NELV
          26           1           1          64          64  NELV
          31           1           1          64          64  NELV
          27           1           1          64          64  NELV
          28           1           1          64          64  NELV
          22           1           1          64          64  NELV
           5           1           1          64          64  NELV
          20           1           1          64          64  NELV
          30           1           1          64          64  NELV
          13           1           1          64          64  NELV
           6           1           1          64          64  NELV
          16           1           1          64          64  NELV
          24           1           1          64          64  NELV
           1           1           1          64          64  NELV
           7           1           1          64          64  NELV
          52           1           1          64          64  NELV
          53           1           1          64          64  NELV
          49           1           1          64          64  NELV
          37           1           1          64          64  NELV
          46           1           1          64          64  NELV
          41           1           1          64          64  NELV
 RANK     0 IEG      53
 element load imbalance:            0           1           1
 done :: mapping elements to processors
  
          39           1           1          64          64  NELV
          63           1           1          64          64  NELV
          42           1           1          64          64  NELV
          59           1           1          64          64  NELV
          58           1           1          64          64  NELV
          57           1           1          64          64  NELV
          55           1           1          64          64  NELV
          45           1           1          64          64  NELV
          44           1           1          64          64  NELV
          56           1           1          64          64  NELV
          54           1           1          64          64  NELV
          36           1           1          64          64  NELV
          33           1           1          64          64  NELV
          35           1           1          64          64  NELV
          47           1           1          64          64  NELV
          34           1           1          64          64  NELV
          32           1           1          64          64  NELV
          48           1           1          64          64  NELV
          38           1           1          64          64  NELV
          62           1           1          64          64  NELV
          40           1           1          64          64  NELV
          43           1           1          64          64  NELV
          50           1           1          64          64  NELV
          60           1           1          64          64  NELV
          61           1           1          64          64  NELV
          51           1           1          64          64  NELV
           0  objects found
 118   Parameters from file:
   1      1.00000     p001 DENSITY
   2     -100.000     p002 VISCOS
   7      1.00000     p007 RHOCP
   8      1.00000     p008 CONDUCT
  11      1.00        p011 NSTEPS
  12    -0.500000E-02 p012 DT
  21     0.100000E-05 p021 DIVERGENCE
  22     0.100000E-07 p022 HELMHOLTZ
  24     0.100000E-09 p024 TOLREL
  25     0.100000E-09 p025 TOLABS
  26     0.250000     p026 COURANT/NTAU
  27      2.00000     p027 TORDER
  66      6.00000     p066 output : <0=ascii, else binary
  67      6.00000     p067 restart: <0=ascii, else binary
  99      3.00000     p099 dealiasing: <0--> off/3--> old/4--> new
 103     0.500000E-01 p103 weight of stabilizing filter (.01)
  
 nelgt/nelgv/lelt:          64          64         100
 lx1  /lx2  /lx3 :           8           8           8
 done :: read .rea file   0.10925     sec

 setup mesh topology
   Right-handed check complete for      64 elements. OK.
   setvert3d:   8       10673       24497       10673       10673
 call usrsetvert
 done :: usrsetvert

gs_setup: 6813 unique labels shared
   pairwise times (avg, min, max): 0.000114628 0.000107002 0.000123382
   crystal router                : 4.33803e-05 4.26054e-05 4.44889e-05
   all reduce                    : 0.000401942 0.000399899 0.000405598
   used all_to_all method: crystal router
   handle bytes (avg, min, max): 59868 46740 72060
   buffer bytes (avg, min, max): 9810 7744 11584
   setupds time 3.7251E-02 seconds   0  8       10673          64
           8  max multiplicity
 done :: setup mesh topology
  
 call usrdat
 done :: usrdat

 generate geometry data
 done :: generate geometry data
  
 call usrdat2
 done :: usrdat2

 regenerate geometry data           1
 NOTE: All elements deformed , param(59) ^=0
 done :: regenerate geometry data           1
  
 verify mesh topology
  0.000000000000000E+000   1.00000000000000       Xrange
  0.000000000000000E+000   1.00000000000000       Yrange
  0.000000000000000E+000   1.00000000000000       Zrange
 done :: verify mesh topology
  
 IFTRAN   = T
 IFFLOW   = T
 IFHEAT   = F
 IFSPLIT  = T
 IFLOMACH = F
 IFUSERVP = F
 IFUSERMV = F
 IFSTRS   = F
 IFCHAR   = F
 IFCYCLIC = F
 IFAXIS   = F
 IFMVBD   = F
 IFMELT   = F
 IFMODEL  = F
 IFKEPS   = F
 IFMOAB   = F
 IFNEKNEK = F
 IFSYNC   = T
   
 IFVCOR   = T
 IFINTQ   = F
 IFCWUZ   = F
 IFSWALL  = F
 IFGEOM   = F
 IFSURT   = F
 IFWCNO   = F
   
 IFTMSH for field           1    =  F
 IFADVC for field           1    =  T
 IFNONL for field           1    =  F
   
 Dealiasing enabled, lxd=          12
  
 Estimated eigenvalues
 EIGAA =    9.86960440108936     
 EIGGA =    62692.4992914475     
 EIGAE =    9.86960440108936     
 EIGAS =   8.333333333333333E-002
 EIGGE =    62692.4992914475     
 EIGGS =    2.00000000000000     
  
 verify mesh topology
  0.000000000000000E+000   1.00000000000000       Xrange
  0.000000000000000E+000   1.00000000000000       Yrange
  0.000000000000000E+000   1.00000000000000       Zrange
 done :: verify mesh topology
  
  E-solver strategy:  0 itr
 mg_nx:           1           3           7
 mg_ny:           1           3           7
 mg_nz:           1           3           7
 call usrsetvert
 done :: usrsetvert

gs_setup: 117 unique labels shared
   pairwise times (avg, min, max): 0.000114401 0.00010829 0.000125289
   crystal router                : 2.46063e-05 2.42949e-05 2.48909e-05
   all reduce                    : 5.74771e-05 5.67913e-05 5.8198e-05
   used all_to_all method: crystal router
   handle bytes (avg, min, max): 3420 3252 3660
   buffer bytes (avg, min, max): 420 352 480
   setupds time 7.9889E-03 seconds   1  2         125          64
   setvert3d:   4        1697        2209        1697        1697
 call usrsetvert
 done :: usrsetvert

gs_setup: 1197 unique labels shared
   pairwise times (avg, min, max): 0.00011964 0.000112915 0.000131488
   crystal router                : 2.85897e-05 2.83003e-05 2.88963e-05
   all reduce                    : 0.000148508 0.000147009 0.000151205
   used all_to_all method: crystal router
   handle bytes (avg, min, max): 13884 11604 15900
   buffer bytes (avg, min, max): 2228 1792 2624
   setupds time 1.0988E-02 seconds   2  4        1697          64
   setvert3d:   4        1697        2209        1697        1697
 call usrsetvert
 done :: usrsetvert

gs_setup: 1197 unique labels shared
   pairwise times (avg, min, max): 0.000107654 0.000102901 0.000117397
   crystal router                : 2.71585e-05 2.6989e-05 2.74181e-05
   all reduce                    : 0.000150417 0.000149488 0.000152898
   used all_to_all method: crystal router
   handle bytes (avg, min, max): 13884 11604 15900
   buffer bytes (avg, min, max): 2228 1792 2624
   setupds time 1.0283E-02 seconds   3  4        1697          64
   setvert3d:   6        5213        9309        5213        5213
 call usrsetvert
 done :: usrsetvert

gs_setup: 3429 unique labels shared
   pairwise times (avg, min, max): 0.000108379 0.000101995 0.000117898
   crystal router                : 3.35291e-05 3.31879e-05 3.40223e-05
   all reduce                    : 0.000258827 0.000257492 0.000262809
   used all_to_all method: crystal router
   handle bytes (avg, min, max): 32700 26100 38700
   buffer bytes (avg, min, max): 5354 4256 6336
   setupds time 1.7696E-02 seconds   4  6        5213          64
 regenerate geometry data           1
 NOTE: All elements deformed , param(59) ^=0
 done :: regenerate geometry data           1
  
 h1_mg_nx:           1           3           7
 h1_mg_ny:           1           3           7
 h1_mg_nz:           1           3           7
 call usrsetvert
 done :: usrsetvert

gs_setup: 117 unique labels shared
   pairwise times (avg, min, max): 0.000107522 9.95874e-05 0.000120211
   crystal router                : 2.43265e-05 2.40803e-05 2.46048e-05
   all reduce                    : 5.99537e-05 5.84841e-05 6.14166e-05
   used all_to_all method: crystal router
   handle bytes (avg, min, max): 3420 3252 3660
   buffer bytes (avg, min, max): 420 352 480
   setupds time 7.2799E-03 seconds   5  2         125          64
   setvert3d:   4        1697        2209        1697        1697
 call usrsetvert
 done :: usrsetvert

gs_setup: 1197 unique labels shared
   pairwise times (avg, min, max): 0.000102466 9.7394e-05 0.0001122
   crystal router                : 3.15264e-05 3.0899e-05 3.24011e-05
   all reduce                    : 0.000156353 0.00015521 0.000158906
   used all_to_all method: crystal router
   handle bytes (avg, min, max): 13884 11604 15900
   buffer bytes (avg, min, max): 2228 1792 2624
   setupds time 1.0880E-02 seconds   6  4        1697          64
   setvert3d:   4        1697        2209        1697        1697
 call usrsetvert
 done :: usrsetvert

gs_setup: 1197 unique labels shared
   pairwise times (avg, min, max): 0.000110219 0.000104904 0.000120902
   crystal router                : 3.45573e-05 3.38078e-05 3.52144e-05
   all reduce                    : 0.000152653 0.000151396 0.0001616
   used all_to_all method: crystal router
   handle bytes (avg, min, max): 13884 11604 15900
   buffer bytes (avg, min, max): 2228 1792 2624
   setupds time 9.3420E-03 seconds   7  4        1697          64
   setvert3d:   6        5213        9309        5213        5213
 call usrsetvert
 done :: usrsetvert

gs_setup: 3429 unique labels shared
   pairwise times (avg, min, max): 0.000102389 9.60827e-05 0.00011251
   crystal router                : 3.68651e-05 3.64065e-05 3.73125e-05
   all reduce                    : 0.000255395 0.000253797 0.000261903
   used all_to_all method: crystal router
   handle bytes (avg, min, max): 32700 26100 38700
   buffer bytes (avg, min, max): 5354 4256 6336
   setupds time 1.6425E-02 seconds   8  6        5213          64
   setvert3d:   8       10673       24497       10673       10673
 call usrsetvert
 done :: usrsetvert

gs_setup: 6813 unique labels shared
   pairwise times (avg, min, max): 0.000104009 9.85146e-05 0.000115895
   crystal router                : 7.80106e-05 7.57933e-05 8.03947e-05
   all reduce                    : 0.000408242 0.000406194 0.000412703
   used all_to_all method: crystal router
   handle bytes (avg, min, max): 59868 46740 72060
   buffer bytes (avg, min, max): 9810 7744 11584
   setupds time 2.1659E-02 seconds   9  8       10673          64
   setvert3d:  10       18077       50845       18077       18077
 call usrsetvert
 done :: usrsetvert

gs_setup: 11349 unique labels shared
   pairwise times (avg, min, max): 0.00010361 9.83953e-05 0.00011301
   crystal router                : 5.84193e-05 5.76019e-05 5.89132e-05
   all reduce                    : 0.000949039 0.000945592 0.000952387
   used all_to_all method: crystal router
   handle bytes (avg, min, max): 95388 73524 115980
   buffer bytes (avg, min, max): 15602 12256 18368
   setupds time 4.1195E-02 seconds  10 10       18077          64
 setup h1 coarse grid, nx_crs=           2
 call usrsetvert
 done :: usrsetvert

gs_setup: 117 unique labels shared
   pairwise times (avg, min, max): 9.56777e-05 8.88824e-05 0.000105906
   crystal router                : 2.78048e-05 2.74181e-05 2.83957e-05
   all reduce                    : 6.13004e-05 6.001e-05 6.23941e-05
   used all_to_all method: crystal router
   handle bytes (avg, min, max): 3420 3252 3660
   buffer bytes (avg, min, max): 420 352 480
 done :: setup h1 coarse grid   1.330304145812988E-002  sec
  
 call usrdat3
 done :: usrdat3

 set initial conditions
 nekuic (1) for ifld            1
 call nekuic for vel  
 xyz min     0.0000       0.0000       0.0000    
 uvwpt min   0.0000       0.0000       0.0000       0.0000       0.0000    
 PS min      0.0000       0.0000      0.99000E+22
 xyz max     1.0000       1.0000       1.0000    
 uvwpt max   0.0000       0.0000       0.0000       0.0000       0.0000    
 PS max      0.0000       0.0000     -0.99000E+22
 done :: set initial conditions
  
 call userchk
GFM max:  8.7711E-03  8.7711E-03  8.7711E-03  1.2886E-16  1.2886E-16  1.2464E-16
 
nelt =       1, np =        64, nx1 =       8, elements =        64
Solve Time =   0.4082E-08
 
nelt =       1, np =        64, nx1 =       8, elements =        64
Solve Time =   0.3726E-08
 
nelt =       1, np =        64, nx1 =       8, elements =        64
Solve Time =   0.3720E-08
 
nelt =       1, np =        64, nx1 =       8, elements =        64
Solve Time =   0.3708E-08
 
nelt =       1, np =        64, nx1 =       8, elements =        64
Solve Time =   0.3669E-08
 
nelt =       1, np =        64, nx1 =       8, elements =        64
Solve Time =   0.3660E-08
 
nelt =       1, np =        64, nx1 =       8, elements =        64
Solve Time =   0.3659E-08
 
nelt =       1, np =        64, nx1 =       8, elements =        64
Solve Time =   0.3671E-08
 
nelt =       1, np =        64, nx1 =       8, elements =        64
Solve Time =   0.3678E-08
 
nelt =       1, np =        64, nx1 =       8, elements =        64
Solve Time =   0.7987E-08
 
nelt =       1, np =        64, nx1 =       8, elements =        64
Solve Time =   0.1456E-07
 
nelt =       1, np =        64, nx1 =       8, elements =        64
Solve Time =   0.6471E-08
 
nelt =       1, np =        64, nx1 =       8, elements =        64
Solve Time =   0.5695E-08
 
nelt =       1, np =        64, nx1 =       8, elements =        64
Solve Time =   0.5687E-08
 
nelt =       1, np =        64, nx1 =       8, elements =        64
Solve Time =   0.5634E-08
 
nelt =       1, np =        64, nx1 =       8, elements =        64
Solve Time =   0.5493E-08
 
nelt =       1, np =        64, nx1 =       8, elements =        64
Solve Time =   0.5535E-08
 
nelt =       1, np =        64, nx1 =       8, elements =        64
Solve Time =   0.5940E-08
 
nelt =       1, np =        64, nx1 =       8, elements =        64
Solve Time =   0.5554E-08
 
nelt =       1, np =        64, nx1 =       8, elements =        64
Solve Time =   0.5442E-08
 
nelt =       1, np =        64, nx1 =       8, elements =        64
Solve Time =   0.1467E-07
 
nelt =       1, np =        64, nx1 =       8, elements =        64
Solve Time =   0.7019E-08
 
nelt =       1, np =        64, nx1 =       8, elements =        64
Solve Time =   0.6662E-08
 
nelt =       1, np =        64, nx1 =       8, elements =        64
Solve Time =   0.6633E-08
 
nelt =       1, np =        64, nx1 =       8, elements =        64
Solve Time =   0.6296E-08
 
nelt =       1, np =        64, nx1 =       8, elements =        64
Solve Time =   0.6570E-08
 
nelt =       1, np =        64, nx1 =       8, elements =        64
Solve Time =   0.6337E-08
 
nelt =       1, np =        64, nx1 =       8, elements =        64
Solve Time =   0.6012E-08
 
nelt =       1, np =        64, nx1 =       8, elements =        64
Solve Time =   0.5952E-08
 
nelt =       1, np =        64, nx1 =       8, elements =        64
Solve Time =   0.5959E-08
 
nelt =       1, np =        64, nx1 =       8, elements =        64
Solve Time =   0.1599E-07
 
nelt =       1, np =        64, nx1 =       8, elements =        64
Solve Time =   0.7315E-08
 
nelt =       1, np =        64, nx1 =       8, elements =        64
Solve Time =   0.7232E-08
 
nelt =       1, np =        64, nx1 =       8, elements =        64
Solve Time =   0.7041E-08
 
nelt =       1, np =        64, nx1 =       8, elements =        64
Solve Time =   0.6958E-08
 
nelt =       1, np =        64, nx1 =       8, elements =        64
Solve Time =   0.7599E-08
 
nelt =       1, np =        64, nx1 =       8, elements =        64
Solve Time =   0.6929E-08
 
nelt =       1, np =        64, nx1 =       8, elements =        64
Solve Time =   0.6946E-08
 
nelt =       1, np =        64, nx1 =       8, elements =        64
Solve Time =   0.6694E-08
 
nelt =       1, np =        64, nx1 =       8, elements =        64
Solve Time =   0.6716E-08
 
nelt =       1, np =        64, nx1 =       8, elements =        64
Solve Time =   0.1291E-07
 
nelt =       1, np =        64, nx1 =       8, elements =        64
Solve Time =   0.8018E-08
 
nelt =       1, np =        64, nx1 =       8, elements =        64
Solve Time =   0.7771E-08
 
nelt =       1, np =        64, nx1 =       8, elements =        64
Solve Time =   0.8137E-08
 
nelt =       1, np =        64, nx1 =       8, elements =        64
Solve Time =   0.7873E-08
 
nelt =       1, np =        64, nx1 =       8, elements =        64
Solve Time =   0.7843E-08
 
nelt =       1, np =        64, nx1 =       8, elements =        64
Solve Time =   0.7904E-08
 
nelt =       1, np =        64, nx1 =       8, elements =        64
Solve Time =   0.7620E-08
 
nelt =       1, np =        64, nx1 =       8, elements =        64
Solve Time =   0.7618E-08
 
nelt =       1, np =        64, nx1 =       8, elements =        64
Solve Time =   0.7468E-08
 schfile:
 /gpfs/theta-fs1/home/thilina/env/lx8/b6.sch                                    
                                                      
  8       64  1.0000E+00  1.0000E+00  1.0000E+00  error v
  8       64  1.0000E+00  1.0000E+00  1.0000E+00  error v
  8       64  1.0000E+00  1.0000E+00  1.0000E+00  error v
  8       64  1.0000E+00  1.0000E+00  1.0000E+00  error v
  8       64  1.0000E+00  1.0000E+00  1.0000E+00  error v
  8       64  1.0000E+00  1.0000E+00  1.0000E+00  error v
  8       64  1.0000E+00  1.0000E+00  1.0000E+00  error v
  8       64  1.0000E+00  1.0000E+00  1.0000E+00  error v
  8       64  1.0000E+00  1.0000E+00  1.0000E+00  error v
  8       64  1.0000E+00  1.0000E+00  1.0000E+00  error v
  8       64  1.0000E+00  1.0000E+00  1.0000E+00  error v
  8       64  1.0000E+00  1.0000E+00  1.0000E+00  error v
  8       64  1.0000E+00  1.0000E+00  1.0000E+00  error v
  8       64  1.0000E+00  1.0000E+00  1.0000E+00  error v
  8       64  1.0000E+00  1.0000E+00  1.0000E+00  error v
  8       64  1.0000E+00  1.0000E+00  1.0000E+00  error v
  8       64  1.0000E+00  1.0000E+00  1.0000E+00  error v
  8       64  1.0000E+00  1.0000E+00  1.0000E+00  error v
  8       64  1.0000E+00  1.0000E+00  1.0000E+00  error v
  8       64  1.0000E+00  1.0000E+00  1.0000E+00  error v
  8       64  1.0000E+00  1.0000E+00  1.0000E+00  error v
  8       64  1.0000E+00  1.0000E+00  1.0000E+00  error v
  8       64  1.0000E+00  1.0000E+00  1.0000E+00  error v
  8       64  1.0000E+00  1.0000E+00  1.0000E+00  error v
  8       64  1.0000E+00  1.0000E+00  1.0000E+00  error v
  8       64  1.0000E+00  1.0000E+00  1.0000E+00  error v
  8       64  1.0000E+00  1.0000E+00  1.0000E+00  error v
  8       64  1.0000E+00  1.0000E+00  1.0000E+00  error v
  8       64  1.0000E+00  1.0000E+00  1.0000E+00  error v
  8       64  1.0000E+00  1.0000E+00  1.0000E+00  error v
  8       64  1.0000E+00  1.0000E+00  1.0000E+00  error v
  8       64  1.0000E+00  1.0000E+00  1.0000E+00  error v
  8       64  1.0000E+00  1.0000E+00  1.0000E+00  error v
  8       64  1.0000E+00  1.0000E+00  1.0000E+00  error v
  8       64  1.0000E+00  1.0000E+00  1.0000E+00  error v
  8       64  1.0000E+00  1.0000E+00  1.0000E+00  error v
  8       64  1.0000E+00  1.0000E+00  1.0000E+00  error v
  8       64  1.0000E+00  1.0000E+00  1.0000E+00  error v
  8       64  1.0000E+00  1.0000E+00  1.0000E+00  error v
  8       64  1.0000E+00  1.0000E+00  1.0000E+00  error v
  8       64  1.0000E+00  1.0000E+00  1.0000E+00  error v
  8       64  1.0000E+00  1.0000E+00  1.0000E+00  error v
  8       64  1.0000E+00  1.0000E+00  1.0000E+00  error v
  8       64  1.0000E+00  1.0000E+00  1.0000E+00  error v
  8       64  1.0000E+00  1.0000E+00  1.0000E+00  error v
  8       64  1.0000E+00  1.0000E+00  1.0000E+00  error v
  8       64  1.0000E+00  1.0000E+00  1.0000E+00  error v
  8       64  1.0000E+00  1.0000E+00  1.0000E+00  error v
  8       64  1.0000E+00  1.0000E+00  1.0000E+00  error v
  8       64  1.0000E+00  1.0000E+00  1.0000E+00  error v
  8       64  1.0000E+00  1.0000E+00  1.0000E+00  error v
  8       64  1.0000E+00  1.0000E+00  1.0000E+00  error v
  8       64  1.0000E+00  1.0000E+00  1.0000E+00  error v
  8       64  1.0000E+00  1.0000E+00  1.0000E+00  error v
  8       64  1.0000E+00  1.0000E+00  1.0000E+00  error v
  8       64  1.0000E+00  1.0000E+00  1.0000E+00  error v
  8       64  1.0000E+00  1.0000E+00  1.0000E+00  error v
  8       64  1.0000E+00  1.0000E+00  1.0000E+00  error v
  8       64  1.0000E+00  1.0000E+00  1.0000E+00  error v
  8       64  1.0000E+00  1.0000E+00  1.0000E+00  error v
  8       64  1.0000E+00  1.0000E+00  1.0000E+00  error v
  8       64  1.0000E+00  1.0000E+00  1.0000E+00  error v
  8       64  1.0000E+00  1.0000E+00  1.0000E+00  error v
  8       64  1.0000E+00  1.0000E+00  1.0000E+00  error v
 
nelt =       1, np =        64, nx1 =       8, elements =        64
Solve Time =   0.6562E-08
 
nelt =       1, np =        64, nx1 =       8, elements =        64
Solve Time =   0.6408E-08
 
nelt =       1, np =        64, nx1 =       8, elements =        64
Solve Time =   0.6342E-08
 
nelt =       1, np =        64, nx1 =       8, elements =        64
Solve Time =   0.6319E-08
 
nelt =       1, np =        64, nx1 =       8, elements =        64
Solve Time =   0.6308E-08
 
nelt =       1, np =        64, nx1 =       8, elements =        64
Solve Time =   0.6273E-08
 
nelt =       1, np =        64, nx1 =       8, elements =        64
Solve Time =   0.6331E-08
 
nelt =       1, np =        64, nx1 =       8, elements =        64
Solve Time =   0.6306E-08
 
nelt =       1, np =        64, nx1 =       8, elements =        64
Solve Time =   0.6268E-08
 
nelt =       1, np =        64, nx1 =       8, elements =        64
Solve Time =   0.6265E-08
  8       64  2.7712E-12  2.7712E-12  2.7712E-12  error s
  8       64  2.7712E-12  2.7712E-12  2.7712E-12  error s
  8       64  2.7712E-12  2.7712E-12  2.7712E-12  error s
  8       64  2.7712E-12  2.7712E-12  2.7712E-12  error s
  8       64  2.7712E-12  2.7712E-12  2.7712E-12  error s
  8       64  2.7712E-12  2.7712E-12  2.7712E-12  error s
  8       64  2.7712E-12  2.7712E-12  2.7712E-12  error s
  8       64  2.7712E-12  2.7712E-12  2.7712E-12  error s
  8       64  2.7712E-12  2.7712E-12  2.7712E-12  error s
  8       64  2.7712E-12  2.7712E-12  2.7712E-12  error s
  8       64  2.7712E-12  2.7712E-12  2.7712E-12  error s
  8       64  2.7712E-12  2.7712E-12  2.7712E-12  error s
  8       64  2.7712E-12  2.7712E-12  2.7712E-12  error s
  8       64  2.7712E-12  2.7712E-12  2.7712E-12  error s
  8       64  2.7712E-12  2.7712E-12  2.7712E-12  error s
  8       64  2.7712E-12  2.7712E-12  2.7712E-12  error s
  8       64  2.7712E-12  2.7712E-12  2.7712E-12  error s
  8       64  2.7712E-12  2.7712E-12  2.7712E-12  error s
  8       64  2.7712E-12  2.7712E-12  2.7712E-12  error s
  8       64  2.7712E-12  2.7712E-12  2.7712E-12  error s
  8       64  2.7712E-12  2.7712E-12  2.7712E-12  error s
  8       64  2.7712E-12  2.7712E-12  2.7712E-12  error s
  8       64  2.7712E-12  2.7712E-12  2.7712E-12  error s
  8       64  2.7712E-12  2.7712E-12  2.7712E-12  error s
  8       64  2.7712E-12  2.7712E-12  2.7712E-12  error s
  8       64  2.7712E-12  2.7712E-12  2.7712E-12  error s
  8       64  2.7712E-12  2.7712E-12  2.7712E-12  error s
  8       64  2.7712E-12  2.7712E-12  2.7712E-12  error s
  8       64  2.7712E-12  2.7712E-12  2.7712E-12  error s
  8       64  2.7712E-12  2.7712E-12  2.7712E-12  error s
  8       64  2.7712E-12  2.7712E-12  2.7712E-12  error s
  8       64  2.7712E-12  2.7712E-12  2.7712E-12  error s
  8       64  2.7712E-12  2.7712E-12  2.7712E-12  error s
  8       64  2.7712E-12  2.7712E-12  2.7712E-12  error s
  8       64  2.7712E-12  2.7712E-12  2.7712E-12  error s
  8       64  2.7712E-12  2.7712E-12  2.7712E-12  error s
  8       64  2.7712E-12  2.7712E-12  2.7712E-12  error s
  8       64  2.7712E-12  2.7712E-12  2.7712E-12  error s
  8       64  2.7712E-12  2.7712E-12  2.7712E-12  error s
  8       64  2.7712E-12  2.7712E-12  2.7712E-12  error s
  8       64  2.7712E-12  2.7712E-12  2.7712E-12  error s
  8       64  2.7712E-12  2.7712E-12  2.7712E-12  error s
  8       64  2.7712E-12  2.7712E-12  2.7712E-12  error s
  8       64  2.7712E-12  2.7712E-12  2.7712E-12  error s
  8       64  2.7712E-12  2.7712E-12  2.7712E-12  error s
  8       64  2.7712E-12  2.7712E-12  2.7712E-12  error s
  8       64  2.7712E-12  2.7712E-12  2.7712E-12  error s
  8       64  2.7712E-12  2.7712E-12  2.7712E-12  error s
  8       64  2.7712E-12  2.7712E-12  2.7712E-12  error s
  8       64  2.7712E-12  2.7712E-12  2.7712E-12  error s
  8       64  2.7712E-12  2.7712E-12  2.7712E-12  error s
  8       64  2.7712E-12  2.7712E-12  2.7712E-12  error s
  8       64  2.7712E-12  2.7712E-12  2.7712E-12  error s
  8       64  2.7712E-12  2.7712E-12  2.7712E-12  error s
  8       64  2.7712E-12  2.7712E-12  2.7712E-12  error s
  8       64  2.7712E-12  2.7712E-12  2.7712E-12  error s
  8       64  2.7712E-12  2.7712E-12  2.7712E-12  error s
  8       64  2.7712E-12  2.7712E-12  2.7712E-12  error s
  8       64  2.7712E-12  2.7712E-12  2.7712E-12  error s
  8       64  2.7712E-12  2.7712E-12  2.7712E-12  error s
  8       64  2.7712E-12  2.7712E-12  2.7712E-12  error s
  8       64  2.7712E-12  2.7712E-12  2.7712E-12  error s
  8       64  2.7712E-12  2.7712E-12  2.7712E-12  error s
  8       64  2.7712E-12  2.7712E-12  2.7712E-12  error s
 
nelt =       1, np =        64, nx1 =       8, elements =        64
Solve Time =   0.6001E-08
 
nelt =       1, np =        64, nx1 =       8, elements =        64
Solve Time =   0.5658E-08
 
nelt =       1, np =        64, nx1 =       8, elements =        64
Solve Time =   0.5604E-08
 
nelt =       1, np =        64, nx1 =       8, elements =        64
Solve Time =   0.5575E-08
 
nelt =       1, np =        64, nx1 =       8, elements =        64
Solve Time =   0.5591E-08
 
nelt =       1, np =        64, nx1 =       8, elements =        64
Solve Time =   0.5583E-08
 
nelt =       1, np =        64, nx1 =       8, elements =        64
Solve Time =   0.5527E-08
 
nelt =       1, np =        64, nx1 =       8, elements =        64
Solve Time =   0.5545E-08
 
nelt =       1, np =        64, nx1 =       8, elements =        64
Solve Time =   0.5565E-08
 
nelt =       1, np =        64, nx1 =       8, elements =        64
Solve Time =   0.5534E-08
  8       64  2.7712E-12  2.7712E-12  2.7712E-12  error n
  8       64  2.7712E-12  2.7712E-12  2.7712E-12  error n
  8       64  2.7712E-12  2.7712E-12  2.7712E-12  error n
  8       64  2.7712E-12  2.7712E-12  2.7712E-12  error n
  8       64  2.7712E-12  2.7712E-12  2.7712E-12  error n
  8       64  2.7712E-12  2.7712E-12  2.7712E-12  error n
  8       64  2.7712E-12  2.7712E-12  2.7712E-12  error n
  8       64  2.7712E-12  2.7712E-12  2.7712E-12  error n
  8       64  2.7712E-12  2.7712E-12  2.7712E-12  error n
  8       64  2.7712E-12  2.7712E-12  2.7712E-12  error n
  8       64  2.7712E-12  2.7712E-12  2.7712E-12  error n
  8       64  2.7712E-12  2.7712E-12  2.7712E-12  error n
  8       64  2.7712E-12  2.7712E-12  2.7712E-12  error n
  8       64  2.7712E-12  2.7712E-12  2.7712E-12  error n
  8       64  2.7712E-12  2.7712E-12  2.7712E-12  error n
  8       64  2.7712E-12  2.7712E-12  2.7712E-12  error n
  8       64  2.7712E-12  2.7712E-12  2.7712E-12  error n
  8       64  2.7712E-12  2.7712E-12  2.7712E-12  error n
  8       64  2.7712E-12  2.7712E-12  2.7712E-12  error n
  8       64  2.7712E-12  2.7712E-12  2.7712E-12  error n
  8       64  2.7712E-12  2.7712E-12  2.7712E-12  error n
  8       64  2.7712E-12  2.7712E-12  2.7712E-12  error n
  8       64  2.7712E-12  2.7712E-12  2.7712E-12  error n
  8       64  2.7712E-12  2.7712E-12  2.7712E-12  error n
  8       64  2.7712E-12  2.7712E-12  2.7712E-12  error n
  8       64  2.7712E-12  2.7712E-12  2.7712E-12  error n
  8       64  2.7712E-12  2.7712E-12  2.7712E-12  error n
  8       64  2.7712E-12  2.7712E-12  2.7712E-12  error n
  8       64  2.7712E-12  2.7712E-12  2.7712E-12  error n
  8       64  2.7712E-12  2.7712E-12  2.7712E-12  error n
  8       64  2.7712E-12  2.7712E-12  2.7712E-12  error n
  8       64  2.7712E-12  2.7712E-12  2.7712E-12  error n
  8       64  2.7712E-12  2.7712E-12  2.7712E-12  error n
  8       64  2.7712E-12  2.7712E-12  2.7712E-12  error n
  8       64  2.7712E-12  2.7712E-12  2.7712E-12  error n
  8       64  2.7712E-12  2.7712E-12  2.7712E-12  error n
  8       64  2.7712E-12  2.7712E-12  2.7712E-12  error n
  8       64  2.7712E-12  2.7712E-12  2.7712E-12  error n
  8       64  2.7712E-12  2.7712E-12  2.7712E-12  error n
  8       64  2.7712E-12  2.7712E-12  2.7712E-12  error n
  8       64  2.7712E-12  2.7712E-12  2.7712E-12  error n
  8       64  2.7712E-12  2.7712E-12  2.7712E-12  error n
  8       64  2.7712E-12  2.7712E-12  2.7712E-12  error n
  8       64  2.7712E-12  2.7712E-12  2.7712E-12  error n
  8       64  2.7712E-12  2.7712E-12  2.7712E-12  error n
  8       64  2.7712E-12  2.7712E-12  2.7712E-12  error n
  8       64  2.7712E-12  2.7712E-12  2.7712E-12  error n
  8       64  2.7712E-12  2.7712E-12  2.7712E-12  error n
   7       64  100  0.0000E+00  0.0000E+00  0.0000E+00 time for 3 hmholtz
EXIT: quit after cggov          7
  8       64  2.7712E-12  2.7712E-12  2.7712E-12  error n
  8       64  2.7712E-12  2.7712E-12  2.7712E-12  error n
  8       64  2.7712E-12  2.7712E-12  2.7712E-12  error n
  8       64  2.7712E-12  2.7712E-12  2.7712E-12  error n
  8       64  2.7712E-12  2.7712E-12  2.7712E-12  error n
  8       64  2.7712E-12  2.7712E-12  2.7712E-12  error n
  8       64  2.7712E-12  2.7712E-12  2.7712E-12  error n
  8       64  2.7712E-12  2.7712E-12  2.7712E-12  error n
  8       64  2.7712E-12  2.7712E-12  2.7712E-12  error n
  8       64  2.7712E-12  2.7712E-12  2.7712E-12  error n
  8       64  2.7712E-12  2.7712E-12  2.7712E-12  error n
  8       64  2.7712E-12  2.7712E-12  2.7712E-12  error n
  8       64  2.7712E-12  2.7712E-12  2.7712E-12  error n
  8       64  2.7712E-12  2.7712E-12  2.7712E-12  error n
  8       64  2.7712E-12  2.7712E-12  2.7712E-12  error n
  8       64  2.7712E-12  2.7712E-12  2.7712E-12  error n
  
call exitt: dying ...
  
backtrace(): obtained 8 stack frames.
./nek5000() [0x777435]
./nek5000() [0x959f09]
./nek5000() [0x40cc3c]
./nek5000() [0x4235f6]
./nek5000() [0x421bae]
./nek5000() [0x4054fe]
/lib64/libc.so.6(__libc_start_main+0xf5) [0x2aaab1ca3b25]
./nek5000() [0x405409]
  
total elapsed time             :   9.15156E+00 sec
total solver time incl. I/O    :   0.00000E+00 sec
time/timestep                  :   0.00000E+00 sec
CPU seconds/timestep/gridpt    :   0.00000E+00 sec

Application 2256817 resources: utime ~586s, stime ~23s, Rss ~26232, inblocks ~0, outblocks ~0
