/----------------------------------------------------------\\
|      _   __ ______ __ __  ______  ____   ____   ____     |
|     / | / // ____// //_/ / ____/ / __ \\/ __ \\/ __ \\   |
|    /  |/ // __/  / ,<   /___ \\ / / / // / / // / / /    |
|   / /|  // /___ / /| | ____/ / / /_/ // /_/ // /_/ /     |
|  /_/ |_//_____//_/ |_|/_____/  \\___/ \\___/ \\___/      |
|                                                          |
|----------------------------------------------------------|
|                                                          |
| NEK5000:  Open Source Spectral Element Solver            |
| COPYRIGHT (c) 2008-2016 UCHICAGO ARGONNE, LLC            |
| Version:  16.0.0                                         |
| Web:      http://nek5000.mcs.anl.gov                     |
|                                                          |
\\----------------------------------------------------------/
                                                              

 Number of processors:          64
 REAL    wdsize      :           8
 INTEGER wdsize      :           4
 Timer accuracy      : 4.05E-07
 Reading /gpfs/theta-fs1/home/thilina/env/lx8/b7.rea                                                                                         

 mapping elements to processors
 Reading /gpfs/theta-fs1/home/thilina/env/lx8/b7.map                                                                                         
           0           2           2         128         128  NELV
           6           2           2         128         128  NELV
          19           2           2         128         128  NELV
          20           2           2         128         128  NELV
          10           2           2         128         128  NELV
          28           2           2         128         128  NELV
          23           2           2         128         128  NELV
           1           2           2         128         128  NELV
          25           2           2         128         128  NELV
          44           2           2         128         128  NELV
          60           2           2         128         128  NELV
          47           2           2         128         128  NELV
          43           2           2         128         128  NELV
          41           2           2         128         128  NELV
          46           2           2         128         128  NELV
          22           2           2         128         128  NELV
          17           2           2         128         128  NELV
           3           2           2         128         128  NELV
           8           2           2         128         128  NELV
          11           2           2         128         128  NELV
          30           2           2         128         128  NELV
          31           2           2         128         128  NELV
           9           2           2         128         128  NELV
          21           2           2         128         128  NELV
          29           2           2         128         128  NELV
          18           2           2         128         128  NELV
           4           2           2         128         128  NELV
           5           2           2         128         128  NELV
          24           2           2         128         128  NELV
           7           2           2         128         128  NELV
          14           2           2         128         128  NELV
           2           2           2         128         128  NELV
          26           2           2         128         128  NELV
          27           2           2         128         128  NELV
          15           2           2         128         128  NELV
          12           2           2         128         128  NELV
          16           2           2         128         128  NELV
          13           2           2         128         128  NELV
 RANK     0 IEG     117     118
 element load imbalance:            0           2           2
 done :: mapping elements to processors
  
          34           2           2         128         128  NELV
          33           2           2         128         128  NELV
          54           2           2         128         128  NELV
          51           2           2         128         128  NELV
          32           2           2         128         128  NELV
          63           2           2         128         128  NELV
          40           2           2         128         128  NELV
          42           2           2         128         128  NELV
          53           2           2         128         128  NELV
          52           2           2         128         128  NELV
          36           2           2         128         128  NELV
          49           2           2         128         128  NELV
          48           2           2         128         128  NELV
          35           2           2         128         128  NELV
          59           2           2         128         128  NELV
          58           2           2         128         128  NELV
          61           2           2         128         128  NELV
          50           2           2         128         128  NELV
          37           2           2         128         128  NELV
          57           2           2         128         128  NELV
          45           2           2         128         128  NELV
          38           2           2         128         128  NELV
          39           2           2         128         128  NELV
          62           2           2         128         128  NELV
          55           2           2         128         128  NELV
          56           2           2         128         128  NELV
           0  objects found
 118   Parameters from file:
   1      1.00000     p001 DENSITY
   2     -100.000     p002 VISCOS
   7      1.00000     p007 RHOCP
   8      1.00000     p008 CONDUCT
  11      1.00        p011 NSTEPS
  12    -0.500000E-02 p012 DT
  21     0.100000E-05 p021 DIVERGENCE
  22     0.100000E-07 p022 HELMHOLTZ
  24     0.100000E-09 p024 TOLREL
  25     0.100000E-09 p025 TOLABS
  26     0.250000     p026 COURANT/NTAU
  27      2.00000     p027 TORDER
  66      6.00000     p066 output : <0=ascii, else binary
  67      6.00000     p067 restart: <0=ascii, else binary
  99      3.00000     p099 dealiasing: <0--> off/3--> old/4--> new
 103     0.500000E-01 p103 weight of stabilizing filter (.01)
  
 nelgt/nelgv/lelt:         128         128         100
 lx1  /lx2  /lx3 :           8           8           8
 done :: read .rea file   0.12496     sec

 setup mesh topology
   Right-handed check complete for     128 elements. OK.
   setvert3d:   8       20289       47937       20289       20289
 call usrsetvert
 done :: usrsetvert

gs_setup: 11537 unique labels shared
   pairwise times (avg, min, max): 8.22376e-05 6.99043e-05 9.65834e-05
   crystal router                : 5.41586e-05 5.35011e-05 5.50032e-05
   all reduce                    : 0.0010226 0.0010201 0.0010283
   used all_to_all method: crystal router
   handle bytes (avg, min, max): 97371 72060 114060
   buffer bytes (avg, min, max): 15700 12464 17376
   setupds time 5.4903E-02 seconds   0  8       20289         128
           8  max multiplicity
 done :: setup mesh topology
  
 call usrdat
 done :: usrdat

 generate geometry data
 done :: generate geometry data
  
 call usrdat2
 done :: usrdat2

 regenerate geometry data           1
 NOTE: All elements deformed , param(59) ^=0
 done :: regenerate geometry data           1
  
 verify mesh topology
  0.000000000000000E+000   1.00000000000000       Xrange
  0.000000000000000E+000   1.00000000000000       Yrange
  0.000000000000000E+000   1.00000000000000       Zrange
 done :: verify mesh topology
  
 IFTRAN   = T
 IFFLOW   = T
 IFHEAT   = F
 IFSPLIT  = T
 IFLOMACH = F
 IFUSERVP = F
 IFUSERMV = F
 IFSTRS   = F
 IFCHAR   = F
 IFCYCLIC = F
 IFAXIS   = F
 IFMVBD   = F
 IFMELT   = F
 IFMODEL  = F
 IFKEPS   = F
 IFMOAB   = F
 IFNEKNEK = F
 IFSYNC   = T
   
 IFVCOR   = T
 IFINTQ   = F
 IFCWUZ   = F
 IFSWALL  = F
 IFGEOM   = F
 IFSURT   = F
 IFWCNO   = F
   
 IFTMSH for field           1    =  F
 IFADVC for field           1    =  T
 IFNONL for field           1    =  F
   
 Dealiasing enabled, lxd=          12
  
 Estimated eigenvalues
 EIGAA =    9.86960440108936     
 EIGGA =    125206.059201630     
 EIGAE =    9.86960440108936     
 EIGAS =   8.333333333333333E-002
 EIGGE =    125206.059201630     
 EIGGS =    2.00000000000000     
  
 verify mesh topology
  0.000000000000000E+000   1.00000000000000       Xrange
  0.000000000000000E+000   1.00000000000000       Yrange
  0.000000000000000E+000   1.00000000000000       Zrange
 done :: verify mesh topology
  
  E-solver strategy:  0 itr
 mg_nx:           1           3           7
 mg_ny:           1           3           7
 mg_nz:           1           3           7
 call usrsetvert
 done :: usrsetvert

gs_setup: 209 unique labels shared
   pairwise times (avg, min, max): 7.29937e-05 6.28948e-05 8.39949e-05
   crystal router                : 2.73027e-05 2.70844e-05 2.75135e-05
   all reduce                    : 5.57411e-05 5.4884e-05 5.66006e-05
   used all_to_all method: crystal router
   handle bytes (avg, min, max): 4455 3948 4764
   buffer bytes (avg, min, max): 590 496 656
   setupds time 7.0601E-03 seconds   1  2         225         128
   setvert3d:   4        3201        4225        3201        3201
 call usrsetvert
 done :: usrsetvert

gs_setup: 2065 unique labels shared
   pairwise times (avg, min, max): 7.39496e-05 6.29187e-05 8.56876e-05
   crystal router                : 2.90588e-05 2.8801e-05 2.95877e-05
   all reduce                    : 0.000217306 0.000216198 0.000219584
   used all_to_all method: crystal router
   handle bytes (avg, min, max): 21315 16668 24300
   buffer bytes (avg, min, max): 3296 2704 3600
   setupds time 1.5640E-02 seconds   2  4        3201         128
   setvert3d:   4        3201        4225        3201        3201
 call usrsetvert
 done :: usrsetvert

gs_setup: 2065 unique labels shared
   pairwise times (avg, min, max): 7.45274e-05 6.07967e-05 8.61883e-05
   crystal router                : 2.93002e-05 2.86102e-05 3.01123e-05
   all reduce                    : 0.000209872 0.000208712 0.000212097
   used all_to_all method: crystal router
   handle bytes (avg, min, max): 21315 16668 24300
   buffer bytes (avg, min, max): 3296 2704 3600
   setupds time 1.6268E-02 seconds   3  4        3201         128
   setvert3d:   6        9889       18081        9889        9889
 call usrsetvert
 done :: usrsetvert

gs_setup: 5841 unique labels shared
   pairwise times (avg, min, max): 7.99533e-05 6.97851e-05 9.12905e-05
   crystal router                : 4.22858e-05 4.17948e-05 4.38929e-05
   all reduce                    : 0.000330689 0.000328803 0.000333405
   used all_to_all method: crystal router
   handle bytes (avg, min, max): 52287 39372 60732
   buffer bytes (avg, min, max): 8336 6832 9056
   setupds time 1.9572E-02 seconds   4  6        9889         128
 regenerate geometry data           1
 NOTE: All elements deformed , param(59) ^=0
 done :: regenerate geometry data           1
  
 h1_mg_nx:           1           3           7
 h1_mg_ny:           1           3           7
 h1_mg_nz:           1           3           7
 call usrsetvert
 done :: usrsetvert

gs_setup: 209 unique labels shared
   pairwise times (avg, min, max): 6.7208e-05 5.8794e-05 7.8392e-05
   crystal router                : 2.78123e-05 2.73943e-05 2.82049e-05
   all reduce                    : 6.36414e-05 6.22988e-05 6.50883e-05
   used all_to_all method: crystal router
   handle bytes (avg, min, max): 4455 3948 4764
   buffer bytes (avg, min, max): 590 496 656
   setupds time 7.3450E-03 seconds   5  2         225         128
   setvert3d:   4        3201        4225        3201        3201
 call usrsetvert
 done :: usrsetvert

gs_setup: 2065 unique labels shared
   pairwise times (avg, min, max): 6.64413e-05 5.51939e-05 7.75814e-05
   crystal router                : 2.92201e-05 2.89917e-05 2.94924e-05
   all reduce                    : 0.000247385 0.000246 0.000250602
   used all_to_all method: crystal router
   handle bytes (avg, min, max): 21315 16668 24300
   buffer bytes (avg, min, max): 3296 2704 3600
   setupds time 1.6111E-02 seconds   6  4        3201         128
   setvert3d:   4        3201        4225        3201        3201
 call usrsetvert
 done :: usrsetvert

gs_setup: 2065 unique labels shared
   pairwise times (avg, min, max): 6.87208e-05 5.92947e-05 7.89881e-05
   crystal router                : 3.05187e-05 3.00169e-05 3.09944e-05
   all reduce                    : 0.000216248 0.000214911 0.000220513
   used all_to_all method: crystal router
   handle bytes (avg, min, max): 21315 16668 24300
   buffer bytes (avg, min, max): 3296 2704 3600
   setupds time 1.0302E-02 seconds   7  4        3201         128
   setvert3d:   6        9889       18081        9889        9889
 call usrsetvert
 done :: usrsetvert

gs_setup: 5841 unique labels shared
   pairwise times (avg, min, max): 6.78059e-05 5.92947e-05 7.81059e-05
   crystal router                : 6.80536e-05 6.48022e-05 7.15017e-05
   all reduce                    : 0.0003328 0.00033071 0.0003371
   used all_to_all method: crystal router
   handle bytes (avg, min, max): 52287 39372 60732
   buffer bytes (avg, min, max): 8336 6832 9056
   setupds time 3.0820E-02 seconds   8  6        9889         128
   setvert3d:   8       20289       47937       20289       20289
 call usrsetvert
 done :: usrsetvert

gs_setup: 11537 unique labels shared
   pairwise times (avg, min, max): 7.3557e-05 6.26087e-05 8.53062e-05
   crystal router                : 5.46172e-05 5.39064e-05 5.58138e-05
   all reduce                    : 0.000581198 0.000578284 0.000584698
   used all_to_all method: crystal router
   handle bytes (avg, min, max): 97371 72060 114060
   buffer bytes (avg, min, max): 15700 12464 17376
   setupds time 3.9223E-02 seconds   9  8       20289         128
   setvert3d:  10       34401       99937       34401       34401
 call usrsetvert
 done :: usrsetvert

gs_setup: 19153 unique labels shared
   pairwise times (avg, min, max): 7.22062e-05 6.27041e-05 8.2612e-05
   crystal router                : 7.30939e-05 7.20024e-05 7.36952e-05
   all reduce                    : 0.00165077 0.00164728 0.00165761
   used all_to_all method: crystal router
   handle bytes (avg, min, max): 156567 114732 184284
   buffer bytes (avg, min, max): 25508 19760 28384
   setupds time 5.1218E-02 seconds  10 10       34401         128
 setup h1 coarse grid, nx_crs=           2
 call usrsetvert
 done :: usrsetvert

gs_setup: 209 unique labels shared
   pairwise times (avg, min, max): 6.23073e-05 5.33104e-05 7.5388e-05
   crystal router                : 2.48615e-05 2.43902e-05 2.52962e-05
   all reduce                    : 5.85683e-05 5.57899e-05 6.1512e-05
   used all_to_all method: crystal router
   handle bytes (avg, min, max): 4455 3948 4764
   buffer bytes (avg, min, max): 590 496 656
 done :: setup h1 coarse grid   1.430606842041016E-002  sec
  
 call usrdat3
 done :: usrdat3

 set initial conditions
 nekuic (1) for ifld            1
 call nekuic for vel  
 xyz min     0.0000       0.0000       0.0000    
 uvwpt min   0.0000       0.0000       0.0000       0.0000       0.0000    
 PS min      0.0000       0.0000      0.99000E+22
 xyz max     1.0000       1.0000       1.0000    
 uvwpt max   0.0000       0.0000       0.0000       0.0000       0.0000    
 PS max      0.0000       0.0000     -0.99000E+22
 done :: set initial conditions
  
 call userchk
GFM max:  4.3855E-03  4.3855E-03  1.7542E-02  6.4429E-17  2.0255E-16  2.0255E-16
 
nelt =       2, np =        64, nx1 =       8, elements =       128
Solve Time =   0.3317E-08
 
nelt =       2, np =        64, nx1 =       8, elements =       128
Solve Time =   0.3036E-08
 
nelt =       2, np =        64, nx1 =       8, elements =       128
Solve Time =   0.2983E-08
 
nelt =       2, np =        64, nx1 =       8, elements =       128
Solve Time =   0.2995E-08
 
nelt =       2, np =        64, nx1 =       8, elements =       128
Solve Time =   0.2995E-08
 
nelt =       2, np =        64, nx1 =       8, elements =       128
Solve Time =   0.2981E-08
 
nelt =       2, np =        64, nx1 =       8, elements =       128
Solve Time =   0.2975E-08
 
nelt =       2, np =        64, nx1 =       8, elements =       128
Solve Time =   0.2983E-08
 
nelt =       2, np =        64, nx1 =       8, elements =       128
Solve Time =   0.2982E-08
 
nelt =       2, np =        64, nx1 =       8, elements =       128
Solve Time =   0.2972E-08
 
nelt =       2, np =        64, nx1 =       8, elements =       128
Solve Time =   0.1183E-08
 
nelt =       2, np =        64, nx1 =       8, elements =       128
Solve Time =   0.1160E-08
 
nelt =       2, np =        64, nx1 =       8, elements =       128
Solve Time =   0.1137E-08
 
nelt =       2, np =        64, nx1 =       8, elements =       128
Solve Time =   0.1138E-08
 
nelt =       2, np =        64, nx1 =       8, elements =       128
Solve Time =   0.1140E-08
 
nelt =       2, np =        64, nx1 =       8, elements =       128
Solve Time =   0.1131E-08
 
nelt =       2, np =        64, nx1 =       8, elements =       128
Solve Time =   0.1136E-08
 
nelt =       2, np =        64, nx1 =       8, elements =       128
Solve Time =   0.1146E-08
 
nelt =       2, np =        64, nx1 =       8, elements =       128
Solve Time =   0.1135E-08
 
nelt =       2, np =        64, nx1 =       8, elements =       128
Solve Time =   0.1145E-08
 
nelt =       2, np =        64, nx1 =       8, elements =       128
Solve Time =   0.2028E-08
 
nelt =       2, np =        64, nx1 =       8, elements =       128
Solve Time =   0.1959E-08
 
nelt =       2, np =        64, nx1 =       8, elements =       128
Solve Time =   0.1998E-08
 
nelt =       2, np =        64, nx1 =       8, elements =       128
Solve Time =   0.1964E-08
 
nelt =       2, np =        64, nx1 =       8, elements =       128
Solve Time =   0.1980E-08
 
nelt =       2, np =        64, nx1 =       8, elements =       128
Solve Time =   0.1974E-08
 
nelt =       2, np =        64, nx1 =       8, elements =       128
Solve Time =   0.2022E-08
 
nelt =       2, np =        64, nx1 =       8, elements =       128
Solve Time =   0.1962E-08
 
nelt =       2, np =        64, nx1 =       8, elements =       128
Solve Time =   0.1984E-08
 
nelt =       2, np =        64, nx1 =       8, elements =       128
Solve Time =   0.2158E-08
 
nelt =       2, np =        64, nx1 =       8, elements =       128
Solve Time =   0.2487E-08
 
nelt =       2, np =        64, nx1 =       8, elements =       128
Solve Time =   0.2379E-08
 
nelt =       2, np =        64, nx1 =       8, elements =       128
Solve Time =   0.2391E-08
 
nelt =       2, np =        64, nx1 =       8, elements =       128
Solve Time =   0.2366E-08
 
nelt =       2, np =        64, nx1 =       8, elements =       128
Solve Time =   0.2374E-08
 
nelt =       2, np =        64, nx1 =       8, elements =       128
Solve Time =   0.2385E-08
 
nelt =       2, np =        64, nx1 =       8, elements =       128
Solve Time =   0.2388E-08
 
nelt =       2, np =        64, nx1 =       8, elements =       128
Solve Time =   0.2382E-08
 
nelt =       2, np =        64, nx1 =       8, elements =       128
Solve Time =   0.2387E-08
 
nelt =       2, np =        64, nx1 =       8, elements =       128
Solve Time =   0.2387E-08
 
nelt =       2, np =        64, nx1 =       8, elements =       128
Solve Time =   0.2869E-08
 
nelt =       2, np =        64, nx1 =       8, elements =       128
Solve Time =   0.2847E-08
 
nelt =       2, np =        64, nx1 =       8, elements =       128
Solve Time =   0.2840E-08
 
nelt =       2, np =        64, nx1 =       8, elements =       128
Solve Time =   0.2869E-08
 
nelt =       2, np =        64, nx1 =       8, elements =       128
Solve Time =   0.2853E-08
 
nelt =       2, np =        64, nx1 =       8, elements =       128
Solve Time =   0.2892E-08
 
nelt =       2, np =        64, nx1 =       8, elements =       128
Solve Time =   0.2870E-08
 
nelt =       2, np =        64, nx1 =       8, elements =       128
Solve Time =   0.2863E-08
 
nelt =       2, np =        64, nx1 =       8, elements =       128
Solve Time =   0.2850E-08
 
nelt =       2, np =        64, nx1 =       8, elements =       128
Solve Time =   0.2867E-08
 schfile:
 /gpfs/theta-fs1/home/thilina/env/lx8/b7.sch                                    
                                                      
  8      128  1.0000E+00  1.0000E+00  1.0000E+00  error v
  8      128  1.0000E+00  1.0000E+00  1.0000E+00  error v
  8      128  1.0000E+00  1.0000E+00  1.0000E+00  error v
  8      128  1.0000E+00  1.0000E+00  1.0000E+00  error v
  8      128  1.0000E+00  1.0000E+00  1.0000E+00  error v
  8      128  1.0000E+00  1.0000E+00  1.0000E+00  error v
  8      128  1.0000E+00  1.0000E+00  1.0000E+00  error v
  8      128  1.0000E+00  1.0000E+00  1.0000E+00  error v
  8      128  1.0000E+00  1.0000E+00  1.0000E+00  error v
  8      128  1.0000E+00  1.0000E+00  1.0000E+00  error v
  8      128  1.0000E+00  1.0000E+00  1.0000E+00  error v
  8      128  1.0000E+00  1.0000E+00  1.0000E+00  error v
  8      128  1.0000E+00  1.0000E+00  1.0000E+00  error v
  8      128  1.0000E+00  1.0000E+00  1.0000E+00  error v
  8      128  1.0000E+00  1.0000E+00  1.0000E+00  error v
  8      128  1.0000E+00  1.0000E+00  1.0000E+00  error v
  8      128  1.0000E+00  1.0000E+00  1.0000E+00  error v
  8      128  1.0000E+00  1.0000E+00  1.0000E+00  error v
  8      128  1.0000E+00  1.0000E+00  1.0000E+00  error v
  8      128  1.0000E+00  1.0000E+00  1.0000E+00  error v
  8      128  1.0000E+00  1.0000E+00  1.0000E+00  error v
  8      128  1.0000E+00  1.0000E+00  1.0000E+00  error v
  8      128  1.0000E+00  1.0000E+00  1.0000E+00  error v
  8      128  1.0000E+00  1.0000E+00  1.0000E+00  error v
  8      128  1.0000E+00  1.0000E+00  1.0000E+00  error v
  8      128  1.0000E+00  1.0000E+00  1.0000E+00  error v
  8      128  1.0000E+00  1.0000E+00  1.0000E+00  error v
  8      128  1.0000E+00  1.0000E+00  1.0000E+00  error v
  8      128  1.0000E+00  1.0000E+00  1.0000E+00  error v
  8      128  1.0000E+00  1.0000E+00  1.0000E+00  error v
  8      128  1.0000E+00  1.0000E+00  1.0000E+00  error v
  8      128  1.0000E+00  1.0000E+00  1.0000E+00  error v
  8      128  1.0000E+00  1.0000E+00  1.0000E+00  error v
  8      128  1.0000E+00  1.0000E+00  1.0000E+00  error v
  8      128  1.0000E+00  1.0000E+00  1.0000E+00  error v
  8      128  1.0000E+00  1.0000E+00  1.0000E+00  error v
  8      128  1.0000E+00  1.0000E+00  1.0000E+00  error v
  8      128  1.0000E+00  1.0000E+00  1.0000E+00  error v
  8      128  1.0000E+00  1.0000E+00  1.0000E+00  error v
  8      128  1.0000E+00  1.0000E+00  1.0000E+00  error v
  8      128  1.0000E+00  1.0000E+00  1.0000E+00  error v
  8      128  1.0000E+00  1.0000E+00  1.0000E+00  error v
  8      128  1.0000E+00  1.0000E+00  1.0000E+00  error v
  8      128  1.0000E+00  1.0000E+00  1.0000E+00  error v
  8      128  1.0000E+00  1.0000E+00  1.0000E+00  error v
  8      128  1.0000E+00  1.0000E+00  1.0000E+00  error v
  8      128  1.0000E+00  1.0000E+00  1.0000E+00  error v
  8      128  1.0000E+00  1.0000E+00  1.0000E+00  error v
  8      128  1.0000E+00  1.0000E+00  1.0000E+00  error v
  8      128  1.0000E+00  1.0000E+00  1.0000E+00  error v
  8      128  1.0000E+00  1.0000E+00  1.0000E+00  error v
  8      128  1.0000E+00  1.0000E+00  1.0000E+00  error v
  8      128  1.0000E+00  1.0000E+00  1.0000E+00  error v
  8      128  1.0000E+00  1.0000E+00  1.0000E+00  error v
  8      128  1.0000E+00  1.0000E+00  1.0000E+00  error v
  8      128  1.0000E+00  1.0000E+00  1.0000E+00  error v
  8      128  1.0000E+00  1.0000E+00  1.0000E+00  error v
  8      128  1.0000E+00  1.0000E+00  1.0000E+00  error v
  8      128  1.0000E+00  1.0000E+00  1.0000E+00  error v
  8      128  1.0000E+00  1.0000E+00  1.0000E+00  error v
  8      128  1.0000E+00  1.0000E+00  1.0000E+00  error v
  8      128  1.0000E+00  1.0000E+00  1.0000E+00  error v
  8      128  1.0000E+00  1.0000E+00  1.0000E+00  error v
  8      128  1.0000E+00  1.0000E+00  1.0000E+00  error v
 
nelt =       2, np =        64, nx1 =       8, elements =       128
Solve Time =   0.4123E-08
 
nelt =       2, np =        64, nx1 =       8, elements =       128
Solve Time =   0.3987E-08
 
nelt =       2, np =        64, nx1 =       8, elements =       128
Solve Time =   0.3942E-08
 
nelt =       2, np =        64, nx1 =       8, elements =       128
Solve Time =   0.3955E-08
 
nelt =       2, np =        64, nx1 =       8, elements =       128
Solve Time =   0.3965E-08
 
nelt =       2, np =        64, nx1 =       8, elements =       128
Solve Time =   0.3985E-08
 
nelt =       2, np =        64, nx1 =       8, elements =       128
Solve Time =   0.3985E-08
 
nelt =       2, np =        64, nx1 =       8, elements =       128
Solve Time =   0.3962E-08
 
nelt =       2, np =        64, nx1 =       8, elements =       128
Solve Time =   0.3942E-08
 
nelt =       2, np =        64, nx1 =       8, elements =       128
Solve Time =   0.3971E-08
  8      128  2.5091E-12  2.5091E-12  2.5091E-12  error s
  8      128  2.5091E-12  2.5091E-12  2.5091E-12  error s
  8      128  2.5091E-12  2.5091E-12  2.5091E-12  error s
  8      128  2.5091E-12  2.5091E-12  2.5091E-12  error s
  8      128  2.5091E-12  2.5091E-12  2.5091E-12  error s
  8      128  2.5091E-12  2.5091E-12  2.5091E-12  error s
  8      128  2.5091E-12  2.5091E-12  2.5091E-12  error s
  8      128  2.5091E-12  2.5091E-12  2.5091E-12  error s
  8      128  2.5091E-12  2.5091E-12  2.5091E-12  error s
  8      128  2.5091E-12  2.5091E-12  2.5091E-12  error s
  8      128  2.5091E-12  2.5091E-12  2.5091E-12  error s
  8      128  2.5091E-12  2.5091E-12  2.5091E-12  error s
  8      128  2.5091E-12  2.5091E-12  2.5091E-12  error s
  8      128  2.5091E-12  2.5091E-12  2.5091E-12  error s
  8      128  2.5091E-12  2.5091E-12  2.5091E-12  error s
  8      128  2.5091E-12  2.5091E-12  2.5091E-12  error s
  8      128  2.5091E-12  2.5091E-12  2.5091E-12  error s
  8      128  2.5091E-12  2.5091E-12  2.5091E-12  error s
  8      128  2.5091E-12  2.5091E-12  2.5091E-12  error s
  8      128  2.5091E-12  2.5091E-12  2.5091E-12  error s
  8      128  2.5091E-12  2.5091E-12  2.5091E-12  error s
  8      128  2.5091E-12  2.5091E-12  2.5091E-12  error s
  8      128  2.5091E-12  2.5091E-12  2.5091E-12  error s
  8      128  2.5091E-12  2.5091E-12  2.5091E-12  error s
  8      128  2.5091E-12  2.5091E-12  2.5091E-12  error s
  8      128  2.5091E-12  2.5091E-12  2.5091E-12  error s
  8      128  2.5091E-12  2.5091E-12  2.5091E-12  error s
  8      128  2.5091E-12  2.5091E-12  2.5091E-12  error s
  8      128  2.5091E-12  2.5091E-12  2.5091E-12  error s
  8      128  2.5091E-12  2.5091E-12  2.5091E-12  error s
  8      128  2.5091E-12  2.5091E-12  2.5091E-12  error s
  8      128  2.5091E-12  2.5091E-12  2.5091E-12  error s
  8      128  2.5091E-12  2.5091E-12  2.5091E-12  error s
  8      128  2.5091E-12  2.5091E-12  2.5091E-12  error s
  8      128  2.5091E-12  2.5091E-12  2.5091E-12  error s
  8      128  2.5091E-12  2.5091E-12  2.5091E-12  error s
  8      128  2.5091E-12  2.5091E-12  2.5091E-12  error s
  8      128  2.5091E-12  2.5091E-12  2.5091E-12  error s
  8      128  2.5091E-12  2.5091E-12  2.5091E-12  error s
  8      128  2.5091E-12  2.5091E-12  2.5091E-12  error s
  8      128  2.5091E-12  2.5091E-12  2.5091E-12  error s
  8      128  2.5091E-12  2.5091E-12  2.5091E-12  error s
  8      128  2.5091E-12  2.5091E-12  2.5091E-12  error s
  8      128  2.5091E-12  2.5091E-12  2.5091E-12  error s
  8      128  2.5091E-12  2.5091E-12  2.5091E-12  error s
  8      128  2.5091E-12  2.5091E-12  2.5091E-12  error s
  8      128  2.5091E-12  2.5091E-12  2.5091E-12  error s
  8      128  2.5091E-12  2.5091E-12  2.5091E-12  error s
  8      128  2.5091E-12  2.5091E-12  2.5091E-12  error s
  8      128  2.5091E-12  2.5091E-12  2.5091E-12  error s
  8      128  2.5091E-12  2.5091E-12  2.5091E-12  error s
  8      128  2.5091E-12  2.5091E-12  2.5091E-12  error s
  8      128  2.5091E-12  2.5091E-12  2.5091E-12  error s
  8      128  2.5091E-12  2.5091E-12  2.5091E-12  error s
  8      128  2.5091E-12  2.5091E-12  2.5091E-12  error s
  8      128  2.5091E-12  2.5091E-12  2.5091E-12  error s
  8      128  2.5091E-12  2.5091E-12  2.5091E-12  error s
  8      128  2.5091E-12  2.5091E-12  2.5091E-12  error s
  8      128  2.5091E-12  2.5091E-12  2.5091E-12  error s
  8      128  2.5091E-12  2.5091E-12  2.5091E-12  error s
  8      128  2.5091E-12  2.5091E-12  2.5091E-12  error s
  8      128  2.5091E-12  2.5091E-12  2.5091E-12  error s
  8      128  2.5091E-12  2.5091E-12  2.5091E-12  error s
  8      128  2.5091E-12  2.5091E-12  2.5091E-12  error s
 
nelt =       2, np =        64, nx1 =       8, elements =       128
Solve Time =   0.3812E-08
 
nelt =       2, np =        64, nx1 =       8, elements =       128
Solve Time =   0.3566E-08
 
nelt =       2, np =        64, nx1 =       8, elements =       128
Solve Time =   0.3533E-08
 
nelt =       2, np =        64, nx1 =       8, elements =       128
Solve Time =   0.3541E-08
 
nelt =       2, np =        64, nx1 =       8, elements =       128
Solve Time =   0.3513E-08
 
nelt =       2, np =        64, nx1 =       8, elements =       128
Solve Time =   0.3545E-08
 
nelt =       2, np =        64, nx1 =       8, elements =       128
Solve Time =   0.3520E-08
 
nelt =       2, np =        64, nx1 =       8, elements =       128
Solve Time =   0.3531E-08
 
nelt =       2, np =        64, nx1 =       8, elements =       128
Solve Time =   0.3540E-08
 
nelt =       2, np =        64, nx1 =       8, elements =       128
Solve Time =   0.3581E-08
  8      128  2.5092E-12  2.5092E-12  2.5092E-12  error n
  8      128  2.5092E-12  2.5092E-12  2.5092E-12  error n
  8      128  2.5092E-12  2.5092E-12  2.5092E-12  error n
  8      128  2.5092E-12  2.5092E-12  2.5092E-12  error n
  8      128  2.5092E-12  2.5092E-12  2.5092E-12  error n
  8      128  2.5092E-12  2.5092E-12  2.5092E-12  error n
  8      128  2.5092E-12  2.5092E-12  2.5092E-12  error n
   7      128  100  0.0000E+00  0.0000E+00  0.0000E+00 time for 3 hmholtz
  8      128  2.5092E-12  2.5092E-12  2.5092E-12  error n
  8      128  2.5092E-12  2.5092E-12  2.5092E-12  error n
  8      128  2.5092E-12  2.5092E-12  2.5092E-12  error n
  8      128  2.5092E-12  2.5092E-12  2.5092E-12  error n
  8      128  2.5092E-12  2.5092E-12  2.5092E-12  error n
  8      128  2.5092E-12  2.5092E-12  2.5092E-12  error n
  8      128  2.5092E-12  2.5092E-12  2.5092E-12  error n
  8      128  2.5092E-12  2.5092E-12  2.5092E-12  error n
  8      128  2.5092E-12  2.5092E-12  2.5092E-12  error n
  8      128  2.5092E-12  2.5092E-12  2.5092E-12  error n
  8      128  2.5092E-12  2.5092E-12  2.5092E-12  error n
  8      128  2.5092E-12  2.5092E-12  2.5092E-12  error n
  8      128  2.5092E-12  2.5092E-12  2.5092E-12  error n
  8      128  2.5092E-12  2.5092E-12  2.5092E-12  error n
  8      128  2.5092E-12  2.5092E-12  2.5092E-12  error n
  8      128  2.5092E-12  2.5092E-12  2.5092E-12  error n
  8      128  2.5092E-12  2.5092E-12  2.5092E-12  error n
  8      128  2.5092E-12  2.5092E-12  2.5092E-12  error n
  8      128  2.5092E-12  2.5092E-12  2.5092E-12  error n
  8      128  2.5092E-12  2.5092E-12  2.5092E-12  error n
  8      128  2.5092E-12  2.5092E-12  2.5092E-12  error n
  8      128  2.5092E-12  2.5092E-12  2.5092E-12  error n
  8      128  2.5092E-12  2.5092E-12  2.5092E-12  error n
  8      128  2.5092E-12  2.5092E-12  2.5092E-12  error n
  8      128  2.5092E-12  2.5092E-12  2.5092E-12  error n
  8      128  2.5092E-12  2.5092E-12  2.5092E-12  error n
  8      128  2.5092E-12  2.5092E-12  2.5092E-12  error n
  8      128  2.5092E-12  2.5092E-12  2.5092E-12  error n
  8      128  2.5092E-12  2.5092E-12  2.5092E-12  error n
  8      128  2.5092E-12  2.5092E-12  2.5092E-12  error n
  8      128  2.5092E-12  2.5092E-12  2.5092E-12  error n
  8      128  2.5092E-12  2.5092E-12  2.5092E-12  error n
  8      128  2.5092E-12  2.5092E-12  2.5092E-12  error n
  8      128  2.5092E-12  2.5092E-12  2.5092E-12  error n
  8      128  2.5092E-12  2.5092E-12  2.5092E-12  error n
  8      128  2.5092E-12  2.5092E-12  2.5092E-12  error n
  8      128  2.5092E-12  2.5092E-12  2.5092E-12  error n
  8      128  2.5092E-12  2.5092E-12  2.5092E-12  error n
  8      128  2.5092E-12  2.5092E-12  2.5092E-12  error n
  8      128  2.5092E-12  2.5092E-12  2.5092E-12  error n
  8      128  2.5092E-12  2.5092E-12  2.5092E-12  error n
  8      128  2.5092E-12  2.5092E-12  2.5092E-12  error n
  8      128  2.5092E-12  2.5092E-12  2.5092E-12  error n
  8      128  2.5092E-12  2.5092E-12  2.5092E-12  error n
  8      128  2.5092E-12  2.5092E-12  2.5092E-12  error n
  8      128  2.5092E-12  2.5092E-12  2.5092E-12  error n
  8      128  2.5092E-12  2.5092E-12  2.5092E-12  error n
  8      128  2.5092E-12  2.5092E-12  2.5092E-12  error n
EXIT: quit after cggov          7
  8      128  2.5092E-12  2.5092E-12  2.5092E-12  error n
  8      128  2.5092E-12  2.5092E-12  2.5092E-12  error n
  8      128  2.5092E-12  2.5092E-12  2.5092E-12  error n
  8      128  2.5092E-12  2.5092E-12  2.5092E-12  error n
  8      128  2.5092E-12  2.5092E-12  2.5092E-12  error n
  8      128  2.5092E-12  2.5092E-12  2.5092E-12  error n
  8      128  2.5092E-12  2.5092E-12  2.5092E-12  error n
  8      128  2.5092E-12  2.5092E-12  2.5092E-12  error n
  8      128  2.5092E-12  2.5092E-12  2.5092E-12  error n
  
call exitt: dying ...
  
backtrace(): obtained 8 stack frames.
./nek5000() [0x777435]
./nek5000() [0x959f09]
./nek5000() [0x40cc3c]
./nek5000() [0x4235f6]
./nek5000() [0x421bae]
./nek5000() [0x4054fe]
/lib64/libc.so.6(__libc_start_main+0xf5) [0x2aaab1ca3b25]
./nek5000() [0x405409]
  
total elapsed time             :   1.84787E+01 sec
total solver time incl. I/O    :   0.00000E+00 sec
time/timestep                  :   0.00000E+00 sec
CPU seconds/timestep/gridpt    :   0.00000E+00 sec

Application 2256874 resources: utime ~1176s, stime ~27s, Rss ~26852, inblocks ~0, outblocks ~0
