/----------------------------------------------------------\\
|      _   __ ______ __ __  ______  ____   ____   ____     |
|     / | / // ____// //_/ / ____/ / __ \\/ __ \\/ __ \\   |
|    /  |/ // __/  / ,<   /___ \\ / / / // / / // / / /    |
|   / /|  // /___ / /| | ____/ / / /_/ // /_/ // /_/ /     |
|  /_/ |_//_____//_/ |_|/_____/  \\___/ \\___/ \\___/      |
|                                                          |
|----------------------------------------------------------|
|                                                          |
| NEK5000:  Open Source Spectral Element Solver            |
| COPYRIGHT (c) 2008-2016 UCHICAGO ARGONNE, LLC            |
| Version:  16.0.0                                         |
| Web:      http://nek5000.mcs.anl.gov                     |
|                                                          |
\\----------------------------------------------------------/
                                                              

 Number of processors:           2
 REAL    wdsize      :           8
 INTEGER wdsize      :           4
 Timer accuracy      : 5.01E-07
 Reading /gpfs/theta-fs1/home/thilina/env/lx15/b1.rea                                                                                        

 mapping elements to processors
 Reading /gpfs/theta-fs1/home/thilina/env/lx15/b1.map                                                                                        
           0           1           1           2           2  NELV
           1           1           1           2           2  NELV
 RANK     0 IEG       2
 element load imbalance:            0           1           1
 done :: mapping elements to processors
  
           0  objects found
 118   Parameters from file:
   1      1.00000     p001 DENSITY
   2     -100.000     p002 VISCOS
   7      1.00000     p007 RHOCP
   8      1.00000     p008 CONDUCT
  11      1.00        p011 NSTEPS
  12    -0.500000E-02 p012 DT
  21     0.100000E-05 p021 DIVERGENCE
  22     0.100000E-07 p022 HELMHOLTZ
  24     0.100000E-09 p024 TOLREL
  25     0.100000E-09 p025 TOLABS
  26     0.250000     p026 COURANT/NTAU
  27      2.00000     p027 TORDER
  66      6.00000     p066 output : <0=ascii, else binary
  67      6.00000     p067 restart: <0=ascii, else binary
  99      3.00000     p099 dealiasing: <0--> off/3--> old/4--> new
 103     0.500000E-01 p103 weight of stabilizing filter (.01)
  
 nelgt/nelgv/lelt:           2           2         100
 lx1  /lx2  /lx3 :          15          15          15
 done :: read .rea file   0.32308E-01 sec

 setup mesh topology
   Right-handed check complete for       2 elements. OK.
   setvert3d:  15        2131        6525        2131        2131
 call usrsetvert
 done :: usrsetvert

gs_setup: 225 unique labels shared
   pairwise times (avg, min, max): 3.50475e-06 3.50475e-06 3.50475e-06
   crystal router                : 1.94311e-06 1.88351e-06 2.00272e-06
   all reduce                    : 2.33889e-05 2.33889e-05 2.33889e-05
   used all_to_all method: crystal router
   handle bytes (avg, min, max): 16580 16580 16580
   buffer bytes (avg, min, max): 7200 7200 7200
   setupds time 5.0302E-03 seconds   0 15        2131           2
           2  max multiplicity
 done :: setup mesh topology
  
 call usrdat
 done :: usrdat

 generate geometry data
 done :: generate geometry data
  
 call usrdat2
 done :: usrdat2

 regenerate geometry data           1
 NOTE: All elements deformed , param(59) ^=0
 done :: regenerate geometry data           1
  
 verify mesh topology
  0.000000000000000E+000   1.00000000000000       Xrange
  0.000000000000000E+000   1.00000000000000       Yrange
  0.000000000000000E+000   1.00000000000000       Zrange
 done :: verify mesh topology
  
 IFTRAN   = T
 IFFLOW   = T
 IFHEAT   = F
 IFSPLIT  = T
 IFLOMACH = F
 IFUSERVP = F
 IFUSERMV = F
 IFSTRS   = F
 IFCHAR   = F
 IFCYCLIC = F
 IFAXIS   = F
 IFMVBD   = F
 IFMELT   = F
 IFMODEL  = F
 IFKEPS   = F
 IFMOAB   = F
 IFNEKNEK = F
 IFSYNC   = T
   
 IFVCOR   = T
 IFINTQ   = F
 IFCWUZ   = F
 IFSWALL  = F
 IFGEOM   = F
 IFSURT   = F
 IFWCNO   = F
   
 IFTMSH for field           1    =  F
 IFADVC for field           1    =  T
 IFNONL for field           1    =  F
   
 Dealiasing enabled, lxd=          22
  
 Estimated eigenvalues
 EIGAA =    9.86960440108936     
 EIGGA =    72104.6554732741     
 EIGAE =    9.86960440108936     
 EIGAS =   8.333333333333333E-002
 EIGGE =    72104.6554732741     
 EIGGS =    2.00000000000000     
  
 verify mesh topology
  0.000000000000000E+000   1.00000000000000       Xrange
  0.000000000000000E+000   1.00000000000000       Yrange
  0.000000000000000E+000   1.00000000000000       Zrange
 done :: verify mesh topology
  
  E-solver strategy:  0 itr
 mg_nx:           1           7          14
 mg_ny:           1           7          14
 mg_nz:           1           7          14
 call usrsetvert
 done :: usrsetvert

gs_setup: 4 unique labels shared
   pairwise times (avg, min, max): 3.00407e-06 3.00407e-06 3.00407e-06
   crystal router                : 7.65324e-06 7.29561e-06 8.01086e-06
   all reduce                    : 1.54972e-06 1.50204e-06 1.5974e-06
   used all_to_all method: allreduce
   handle bytes (avg, min, max): 340 340 340
   buffer bytes (avg, min, max): 64 64 64
   setupds time 1.9190E-03 seconds   1  2          12           2
   setvert3d:   4          96         112          96          96
 call usrsetvert
 done :: usrsetvert

gs_setup: 16 unique labels shared
   pairwise times (avg, min, max): 3.09944e-06 3.09944e-06 3.09944e-06
   crystal router                : 1.09911e-05 1.09911e-05 1.09911e-05
   all reduce                    : 1.64509e-06 1.5974e-06 1.69277e-06
   used all_to_all method: allreduce
   handle bytes (avg, min, max): 916 916 916
   buffer bytes (avg, min, max): 256 256 256
   setupds time 2.0571E-03 seconds   2  4          96           2
   setvert3d:   8         528         960         528         528
 call usrsetvert
 done :: usrsetvert

gs_setup: 64 unique labels shared
   pairwise times (avg, min, max): 3.09944e-06 3.09944e-06 3.09944e-06
   crystal router                : 1.69277e-06 1.69277e-06 1.69277e-06
   all reduce                    : 1.9002e-05 1.9002e-05 1.9002e-05
   used all_to_all method: crystal router
   handle bytes (avg, min, max): 4988 4988 4988
   buffer bytes (avg, min, max): 2048 2048 2048
   setupds time 2.4190E-03 seconds   3  8         528           2
   setvert3d:  10         876        1900         876         876
 call usrsetvert
 done :: usrsetvert

gs_setup: 100 unique labels shared
   pairwise times (avg, min, max): 3.14713e-06 3.09944e-06 3.19481e-06
   crystal router                : 1.97887e-06 1.97887e-06 1.97887e-06
   all reduce                    : 1.9598e-05 1.9598e-05 1.9598e-05
   used all_to_all method: crystal router
   handle bytes (avg, min, max): 7580 7580 7580
   buffer bytes (avg, min, max): 3200 3200 3200
   setupds time 2.7750E-03 seconds   4 10         876           2
 regenerate geometry data           1
 NOTE: All elements deformed , param(59) ^=0
 done :: regenerate geometry data           1
  
 h1_mg_nx:           1           3          14
 h1_mg_ny:           1           3          14
 h1_mg_nz:           1           3          14
 call usrsetvert
 done :: usrsetvert

gs_setup: 4 unique labels shared
   pairwise times (avg, min, max): 3.40939e-06 3.40939e-06 3.40939e-06
   crystal router                : 8.73804e-06 8.39233e-06 9.08375e-06
   all reduce                    : 1.62125e-06 1.62125e-06 1.62125e-06
   used all_to_all method: allreduce
   handle bytes (avg, min, max): 340 340 340
   buffer bytes (avg, min, max): 64 64 64
   setupds time 1.9710E-03 seconds   5  2          12           2
   setvert3d:   4          96         112          96          96
 call usrsetvert
 done :: usrsetvert

gs_setup: 16 unique labels shared
   pairwise times (avg, min, max): 3.19481e-06 3.19481e-06 3.19481e-06
   crystal router                : 1.30534e-05 1.28031e-05 1.33038e-05
   all reduce                    : 1.5974e-06 1.5974e-06 1.5974e-06
   used all_to_all method: allreduce
   handle bytes (avg, min, max): 916 916 916
   buffer bytes (avg, min, max): 256 256 256
   setupds time 2.2290E-03 seconds   6  4          96           2
   setvert3d:   4          96         112          96          96
 call usrsetvert
 done :: usrsetvert

gs_setup: 16 unique labels shared
   pairwise times (avg, min, max): 1.11341e-05 1.10865e-05 1.11818e-05
   crystal router                : 2.95639e-06 2.90871e-06 3.00407e-06
   all reduce                    : 1.74999e-05 1.74999e-05 1.74999e-05
   used all_to_all method: crystal router
   handle bytes (avg, min, max): 1532 1532 1532
   buffer bytes (avg, min, max): 512 512 512
   setupds time 2.1219E-03 seconds   7  4          96           2
   setvert3d:   6         268         396         268         268
 call usrsetvert
 done :: usrsetvert

gs_setup: 36 unique labels shared
   pairwise times (avg, min, max): 2.64645e-06 2.59876e-06 2.69413e-06
   crystal router                : 1.74046e-06 1.69277e-06 1.78814e-06
   all reduce                    : 1.77622e-05 1.77145e-05 1.78099e-05
   used all_to_all method: crystal router
   handle bytes (avg, min, max): 2972 2972 2972
   buffer bytes (avg, min, max): 1152 1152 1152
   setupds time 2.0719E-03 seconds   8  6         268           2
   setvert3d:  15        2131        6525        2131        2131
 call usrsetvert
 done :: usrsetvert

gs_setup: 225 unique labels shared
   pairwise times (avg, min, max): 2.59876e-06 2.59876e-06 2.59876e-06
   crystal router                : 2.0504e-06 2.00272e-06 2.09808e-06
   all reduce                    : 2.24113e-05 2.24113e-05 2.24113e-05
   used all_to_all method: crystal router
   handle bytes (avg, min, max): 16580 16580 16580
   buffer bytes (avg, min, max): 7200 7200 7200
   setupds time 3.9001E-03 seconds   9 15        2131           2
   setvert3d:  17        2787        9537        2787        2787
 call usrsetvert
 done :: usrsetvert

gs_setup: 289 unique labels shared
   pairwise times (avg, min, max): 2.59876e-06 2.59876e-06 2.59876e-06
   crystal router                : 2.21729e-06 2.21729e-06 2.21729e-06
   all reduce                    : 3.45945e-05 3.45945e-05 3.45945e-05
   used all_to_all method: crystal router
   handle bytes (avg, min, max): 21188 21188 21188
   buffer bytes (avg, min, max): 9248 9248 9248
   setupds time 4.7340E-03 seconds  10 17        2787           2
 setup h1 coarse grid, nx_crs=           2
 call usrsetvert
 done :: usrsetvert

gs_setup: 4 unique labels shared
   pairwise times (avg, min, max): 9.40561e-06 9.29832e-06 9.5129e-06
   crystal router                : 9.89437e-06 9.89437e-06 9.89437e-06
   all reduce                    : 1.64032e-05 1.64032e-05 1.64032e-05
   used all_to_all method: pairwise
   handle bytes (avg, min, max): 316 316 316
   buffer bytes (avg, min, max): 64 64 64
 done :: setup h1 coarse grid   5.196094512939453E-003  sec
  
 call usrdat3
 done :: usrdat3

 set initial conditions
 nekuic (1) for ifld            1
 call nekuic for vel  
 xyz min     0.0000       0.0000       0.0000    
 uvwpt min   0.0000       0.0000       0.0000       0.0000       0.0000    
 PS min      0.0000       0.0000      0.99000E+22
 xyz max     1.0000       1.0000       1.0000    
 uvwpt max   0.0000       0.0000       0.0000       0.0000       0.0000    
 PS max      0.0000       0.0000     -0.99000E+22
 done :: set initial conditions
  
 call userchk
GFM max:  2.5563E-03  2.5563E-03  1.0225E-02  4.6321E-17  1.4180E-16  1.4180E-16
 
nelt =       1, np =         2, nx1 =      15, elements =         2
Solve Time =   0.3501E-07
 
nelt =       1, np =         2, nx1 =      15, elements =         2
Solve Time =   0.3452E-07
 
nelt =       1, np =         2, nx1 =      15, elements =         2
Solve Time =   0.3448E-07
 
nelt =       1, np =         2, nx1 =      15, elements =         2
Solve Time =   0.3454E-07
 
nelt =       1, np =         2, nx1 =      15, elements =         2
Solve Time =   0.3454E-07
 
nelt =       1, np =         2, nx1 =      15, elements =         2
Solve Time =   0.3451E-07
 
nelt =       1, np =         2, nx1 =      15, elements =         2
Solve Time =   0.3458E-07
 
nelt =       1, np =         2, nx1 =      15, elements =         2
Solve Time =   0.5749E-07
 
nelt =       1, np =         2, nx1 =      15, elements =         2
Solve Time =   0.5768E-07
 
nelt =       1, np =         2, nx1 =      15, elements =         2
Solve Time =   0.5703E-07
 
nelt =       1, np =         2, nx1 =      15, elements =         2
Solve Time =   0.5985E-07
 
nelt =       1, np =         2, nx1 =      15, elements =         2
Solve Time =   0.5734E-07
 
nelt =       1, np =         2, nx1 =      15, elements =         2
Solve Time =   0.5437E-07
 
nelt =       1, np =         2, nx1 =      15, elements =         2
Solve Time =   0.5452E-07
 
nelt =       1, np =         2, nx1 =      15, elements =         2
Solve Time =   0.5630E-07
 
nelt =       1, np =         2, nx1 =      15, elements =         2
Solve Time =   0.5491E-07
 
nelt =       1, np =         2, nx1 =      15, elements =         2
Solve Time =   0.5437E-07
 
nelt =       1, np =         2, nx1 =      15, elements =         2
Solve Time =   0.5507E-07
 
nelt =       1, np =         2, nx1 =      15, elements =         2
Solve Time =   0.5541E-07
 
nelt =       1, np =         2, nx1 =      15, elements =         2
Solve Time =   0.5496E-07
 
nelt =       1, np =         2, nx1 =      15, elements =         2
Solve Time =   0.6184E-07
 
nelt =       1, np =         2, nx1 =      15, elements =         2
Solve Time =   0.5694E-07
 
nelt =       1, np =         2, nx1 =      15, elements =         2
Solve Time =   0.5669E-07
 
nelt =       1, np =         2, nx1 =      15, elements =         2
Solve Time =   0.5896E-07
 
nelt =       1, np =         2, nx1 =      15, elements =         2
Solve Time =   0.5698E-07
 
nelt =       1, np =         2, nx1 =      15, elements =         2
Solve Time =   0.5719E-07
 
nelt =       1, np =         2, nx1 =      15, elements =         2
Solve Time =   0.5876E-07
 
nelt =       1, np =         2, nx1 =      15, elements =         2
Solve Time =   0.5754E-07
 
nelt =       1, np =         2, nx1 =      15, elements =         2
Solve Time =   0.5669E-07
 
nelt =       1, np =         2, nx1 =      15, elements =         2
Solve Time =   0.5892E-07
 
nelt =       1, np =         2, nx1 =      15, elements =         2
Solve Time =   0.6257E-07
 
nelt =       1, np =         2, nx1 =      15, elements =         2
Solve Time =   0.5748E-07
 
nelt =       1, np =         2, nx1 =      15, elements =         2
Solve Time =   0.5901E-07
 
nelt =       1, np =         2, nx1 =      15, elements =         2
Solve Time =   0.5757E-07
 
nelt =       1, np =         2, nx1 =      15, elements =         2
Solve Time =   0.5748E-07
 
nelt =       1, np =         2, nx1 =      15, elements =         2
Solve Time =   0.5886E-07
 
nelt =       1, np =         2, nx1 =      15, elements =         2
Solve Time =   0.5753E-07
 
nelt =       1, np =         2, nx1 =      15, elements =         2
Solve Time =   0.5753E-07
 
nelt =       1, np =         2, nx1 =      15, elements =         2
Solve Time =   0.5907E-07
 
nelt =       1, np =         2, nx1 =      15, elements =         2
Solve Time =   0.5768E-07
 
nelt =       1, np =         2, nx1 =      15, elements =         2
Solve Time =   0.6366E-07
 
nelt =       1, np =         2, nx1 =      15, elements =         2
Solve Time =   0.5969E-07
 
nelt =       1, np =         2, nx1 =      15, elements =         2
Solve Time =   0.5788E-07
 
nelt =       1, np =         2, nx1 =      15, elements =         2
Solve Time =   0.5857E-07
 
nelt =       1, np =         2, nx1 =      15, elements =         2
Solve Time =   0.5935E-07
 
nelt =       1, np =         2, nx1 =      15, elements =         2
Solve Time =   0.5768E-07
 
nelt =       1, np =         2, nx1 =      15, elements =         2
Solve Time =   0.5782E-07
 
nelt =       1, np =         2, nx1 =      15, elements =         2
Solve Time =   0.5729E-07
 
nelt =       1, np =         2, nx1 =      15, elements =         2
Solve Time =   0.5787E-07
 
nelt =       1, np =         2, nx1 =      15, elements =         2
Solve Time =   0.6045E-07
 schfile:
 /gpfs/theta-fs1/home/thilina/env/lx15/b1.sch                                   
                                                      
 15        2  1.0000E+00  1.0000E+00  1.0000E+00  error v
 15        2  1.0000E+00  1.0000E+00  1.0000E+00  error v
 
nelt =       1, np =         2, nx1 =      15, elements =         2
Solve Time =   0.4013E-07
 
nelt =       1, np =         2, nx1 =      15, elements =         2
Solve Time =   0.3997E-07
 
nelt =       1, np =         2, nx1 =      15, elements =         2
Solve Time =   0.3998E-07
 
nelt =       1, np =         2, nx1 =      15, elements =         2
Solve Time =   0.3993E-07
 
nelt =       1, np =         2, nx1 =      15, elements =         2
Solve Time =   0.3993E-07
 
nelt =       1, np =         2, nx1 =      15, elements =         2
Solve Time =   0.3996E-07
 
nelt =       1, np =         2, nx1 =      15, elements =         2
Solve Time =   0.3971E-07
 
nelt =       1, np =         2, nx1 =      15, elements =         2
Solve Time =   0.3978E-07
 
nelt =       1, np =         2, nx1 =      15, elements =         2
Solve Time =   0.3990E-07
 
nelt =       1, np =         2, nx1 =      15, elements =         2
Solve Time =   0.3976E-07
 15        2  4.3014E-12  4.3014E-12  4.3014E-12  error s
 15        2  4.3014E-12  4.3014E-12  4.3014E-12  error s
 
nelt =       1, np =         2, nx1 =      15, elements =         2
Solve Time =   0.4594E-07
 
nelt =       1, np =         2, nx1 =      15, elements =         2
Solve Time =   0.4546E-07
 
nelt =       1, np =         2, nx1 =      15, elements =         2
Solve Time =   0.4531E-07
 
nelt =       1, np =         2, nx1 =      15, elements =         2
Solve Time =   0.4541E-07
 
nelt =       1, np =         2, nx1 =      15, elements =         2
Solve Time =   0.4529E-07
 
nelt =       1, np =         2, nx1 =      15, elements =         2
Solve Time =   0.4533E-07
 
nelt =       1, np =         2, nx1 =      15, elements =         2
Solve Time =   0.4533E-07
 
nelt =       1, np =         2, nx1 =      15, elements =         2
Solve Time =   0.4535E-07
 
nelt =       1, np =         2, nx1 =      15, elements =         2
Solve Time =   0.4535E-07
 
nelt =       1, np =         2, nx1 =      15, elements =         2
Solve Time =   0.4531E-07
 15        2  4.3029E-12  4.3029E-12  4.3029E-12  error n
 15        2  4.3029E-12  4.3029E-12  4.3029E-12  error n
  14        2  100  0.0000E+00  0.0000E+00  0.0000E+00 time for 3 hmholtz
EXIT: quit after cggov         14
  
call exitt: dying ...
  
backtrace(): obtained 8 stack frames.
./nek5000() [0x77f335]
./nek5000() [0x963069]
./nek5000() [0x40df9c]
./nek5000() [0x4273b6]
./nek5000() [0x42596e]
./nek5000() [0x4054fe]
/lib64/libc.so.6(__libc_start_main+0xf5) [0x2aaab1ca3b25]
./nek5000() [0x405409]
  
total elapsed time             :   3.96890E+00 sec
total solver time incl. I/O    :   0.00000E+00 sec
time/timestep                  :   0.00000E+00 sec
CPU seconds/timestep/gridpt    :   0.00000E+00 sec

Application 2258509 resources: utime ~7s, stime ~2s, Rss ~42528, inblocks ~0, outblocks ~0
