/----------------------------------------------------------\\
|      _   __ ______ __ __  ______  ____   ____   ____     |
|     / | / // ____// //_/ / ____/ / __ \\/ __ \\/ __ \\   |
|    /  |/ // __/  / ,<   /___ \\ / / / // / / // / / /    |
|   / /|  // /___ / /| | ____/ / / /_/ // /_/ // /_/ /     |
|  /_/ |_//_____//_/ |_|/_____/  \\___/ \\___/ \\___/      |
|                                                          |
|----------------------------------------------------------|
|                                                          |
| NEK5000:  Open Source Spectral Element Solver            |
| COPYRIGHT (c) 2008-2016 UCHICAGO ARGONNE, LLC            |
| Version:  16.0.0                                         |
| Web:      http://nek5000.mcs.anl.gov                     |
|                                                          |
\\----------------------------------------------------------/
                                                              

 Number of processors:           1
 REAL    wdsize      :           8
 INTEGER wdsize      :           4
 Timer accuracy      : 4.05E-07
 Reading /gpfs/theta-fs1/home/thilina/env/lx15/b4.rea                                                                                        

 mapping elements to processors
 Reading /gpfs/theta-fs1/home/thilina/env/lx15/b4.map                                                                                        
           0          16          16          16          16  NELV
 RANK     0 IEG       1       2       3       4       5       6       7       8
                      9      10      11      12      13      14      15      16
 element load imbalance:            0          16          16
 done :: mapping elements to processors
  
           0  objects found
 118   Parameters from file:
   1      1.00000     p001 DENSITY
   2     -100.000     p002 VISCOS
   7      1.00000     p007 RHOCP
   8      1.00000     p008 CONDUCT
  11      1.00        p011 NSTEPS
  12    -0.500000E-02 p012 DT
  21     0.100000E-05 p021 DIVERGENCE
  22     0.100000E-07 p022 HELMHOLTZ
  24     0.100000E-09 p024 TOLREL
  25     0.100000E-09 p025 TOLABS
  26     0.250000     p026 COURANT/NTAU
  27      2.00000     p027 TORDER
  66      6.00000     p066 output : <0=ascii, else binary
  67      6.00000     p067 restart: <0=ascii, else binary
  99      3.00000     p099 dealiasing: <0--> off/3--> old/4--> new
 103     0.500000E-01 p103 weight of stabilizing filter (.01)
  
 nelgt/nelgv/lelt:          16          16         100
 lx1  /lx2  /lx3 :          15          15          15
 done :: read .rea file   0.24489E-01 sec

 setup mesh topology
   Right-handed check complete for      16 elements. OK.
   setvert3d:  15       12785       47937       12785       12785
 call usrsetvert
 done :: usrsetvert

gs_setup: 0 unique labels shared
   handle bytes (avg, min, max): 138316 138316 138316
   buffer bytes (avg, min, max): 0 0 0
   setupds time 1.5255E-02 seconds   0 15       12785          16
           8  max multiplicity
 done :: setup mesh topology
  
 call usrdat
 done :: usrdat

 generate geometry data
 done :: generate geometry data
  
 call usrdat2
 done :: usrdat2

 regenerate geometry data           1
 NOTE: All elements deformed , param(59) ^=0
 done :: regenerate geometry data           1
  
 verify mesh topology
  0.000000000000000E+000   1.00000000000000       Xrange
  0.000000000000000E+000   1.00000000000000       Yrange
  0.000000000000000E+000   1.00000000000000       Zrange
 done :: verify mesh topology
  
 IFTRAN   = T
 IFFLOW   = T
 IFHEAT   = F
 IFSPLIT  = T
 IFLOMACH = F
 IFUSERVP = F
 IFUSERMV = F
 IFSTRS   = F
 IFCHAR   = F
 IFCYCLIC = F
 IFAXIS   = F
 IFMVBD   = F
 IFMELT   = F
 IFMODEL  = F
 IFKEPS   = F
 IFMOAB   = F
 IFNEKNEK = F
 IFSYNC   = T
   
 IFVCOR   = T
 IFINTQ   = F
 IFCWUZ   = F
 IFSWALL  = F
 IFGEOM   = F
 IFSURT   = F
 IFWCNO   = F
   
 IFTMSH for field           1    =  F
 IFADVC for field           1    =  T
 IFNONL for field           1    =  F
   
 Dealiasing enabled, lxd=          22
  
 Estimated eigenvalues
 EIGAA =    9.86960440108936     
 EIGGA =    288843.476345360     
 EIGAE =    9.86960440108936     
 EIGAS =   8.333333333333333E-002
 EIGGE =    288843.476345360     
 EIGGS =    2.00000000000000     
  
 verify mesh topology
  0.000000000000000E+000   1.00000000000000       Xrange
  0.000000000000000E+000   1.00000000000000       Yrange
  0.000000000000000E+000   1.00000000000000       Zrange
 done :: verify mesh topology
  
  E-solver strategy:  0 itr
 mg_nx:           1           7          14
 mg_ny:           1           7          14
 mg_nz:           1           7          14
 call usrsetvert
 done :: usrsetvert

gs_setup: 0 unique labels shared
   handle bytes (avg, min, max): 1452 1452 1452
   buffer bytes (avg, min, max): 0 0 0
   setupds time 4.7183E-04 seconds   1  2          45          16
   setvert3d:   4         509         637         509         509
 call usrsetvert
 done :: usrsetvert

gs_setup: 0 unique labels shared
   handle bytes (avg, min, max): 7724 7724 7724
   buffer bytes (avg, min, max): 0 0 0
   setupds time 1.4050E-03 seconds   2  4         509          16
   setvert3d:   8        3069        6525        3069        3069
 call usrsetvert
 done :: usrsetvert

gs_setup: 0 unique labels shared
   handle bytes (avg, min, max): 36396 36396 36396
   buffer bytes (avg, min, max): 0 0 0
   setupds time 3.5861E-03 seconds   3  8        3069          16
   setvert3d:  10        5165       13357        5165        5165
 call usrsetvert
 done :: usrsetvert

gs_setup: 0 unique labels shared
   handle bytes (avg, min, max): 58796 58796 58796
   buffer bytes (avg, min, max): 0 0 0
   setupds time 5.4529E-03 seconds   4 10        5165          16
 regenerate geometry data           1
 NOTE: All elements deformed , param(59) ^=0
 done :: regenerate geometry data           1
  
 h1_mg_nx:           1           3          14
 h1_mg_ny:           1           3          14
 h1_mg_nz:           1           3          14
 call usrsetvert
 done :: usrsetvert

gs_setup: 0 unique labels shared
   handle bytes (avg, min, max): 1452 1452 1452
   buffer bytes (avg, min, max): 0 0 0
   setupds time 9.8896E-04 seconds   5  2          45          16
   setvert3d:   4         509         637         509         509
 call usrsetvert
 done :: usrsetvert

gs_setup: 0 unique labels shared
   handle bytes (avg, min, max): 7724 7724 7724
   buffer bytes (avg, min, max): 0 0 0
   setupds time 1.4310E-03 seconds   6  4         509          16
   setvert3d:   4         509         637         509         509
 call usrsetvert
 done :: usrsetvert

gs_setup: 0 unique labels shared
   handle bytes (avg, min, max): 7724 7724 7724
   buffer bytes (avg, min, max): 0 0 0
   setupds time 1.4100E-03 seconds   7  4         509          16
   setvert3d:   6        1517        2541        1517        1517
 call usrsetvert
 done :: usrsetvert

gs_setup: 0 unique labels shared
   handle bytes (avg, min, max): 19372 19372 19372
   buffer bytes (avg, min, max): 0 0 0
   setupds time 2.3131E-03 seconds   8  6        1517          16
   setvert3d:  15       12785       47937       12785       12785
 call usrsetvert
 done :: usrsetvert

gs_setup: 0 unique labels shared
   handle bytes (avg, min, max): 138316 138316 138316
   buffer bytes (avg, min, max): 0 0 0
   setupds time 1.3855E-02 seconds   9 15       12785          16
   setvert3d:  17       16785       70785       16785       16785
 call usrsetvert
 done :: usrsetvert

gs_setup: 0 unique labels shared
   handle bytes (avg, min, max): 179532 179532 179532
   buffer bytes (avg, min, max): 0 0 0
   setupds time 1.9236E-02 seconds  10 17       16785          16
 setup h1 coarse grid, nx_crs=           2
 call usrsetvert
 done :: usrsetvert

gs_setup: 0 unique labels shared
   handle bytes (avg, min, max): 1452 1452 1452
   buffer bytes (avg, min, max): 0 0 0
 done :: setup h1 coarse grid   2.733802795410156E-002  sec
  
 call usrdat3
 done :: usrdat3

 set initial conditions
 nekuic (1) for ifld            1
 call nekuic for vel  
 xyz min     0.0000       0.0000       0.0000    
 uvwpt min   0.0000       0.0000       0.0000       0.0000       0.0000    
 PS min      0.0000       0.0000      0.99000E+22
 xyz max     1.0000       1.0000       1.0000    
 uvwpt max   0.0000       0.0000       0.0000       0.0000       0.0000    
 PS max      0.0000       0.0000     -0.99000E+22
 done :: set initial conditions
  
 call userchk
GFM max:  1.2781E-03  1.2781E-03  5.1126E-03  4.8064E-17  1.6193E-16  1.6193E-16
 
nelt =      16, np =         1, nx1 =      15, elements =        16
Solve Time =   0.5706E-07
 
nelt =      16, np =         1, nx1 =      15, elements =        16
Solve Time =   0.5688E-07
 
nelt =      16, np =         1, nx1 =      15, elements =        16
Solve Time =   0.5686E-07
 
nelt =      16, np =         1, nx1 =      15, elements =        16
Solve Time =   0.5685E-07
 
nelt =      16, np =         1, nx1 =      15, elements =        16
Solve Time =   0.5688E-07
 
nelt =      16, np =         1, nx1 =      15, elements =        16
Solve Time =   0.5687E-07
 
nelt =      16, np =         1, nx1 =      15, elements =        16
Solve Time =   0.5688E-07
 
nelt =      16, np =         1, nx1 =      15, elements =        16
Solve Time =   0.5687E-07
 
nelt =      16, np =         1, nx1 =      15, elements =        16
Solve Time =   0.5687E-07
 
nelt =      16, np =         1, nx1 =      15, elements =        16
Solve Time =   0.5689E-07
 
nelt =      16, np =         1, nx1 =      15, elements =        16
Solve Time =   0.5383E-07
 
nelt =      16, np =         1, nx1 =      15, elements =        16
Solve Time =   0.5385E-07
 
nelt =      16, np =         1, nx1 =      15, elements =        16
Solve Time =   0.5382E-07
 
nelt =      16, np =         1, nx1 =      15, elements =        16
Solve Time =   0.5384E-07
 
nelt =      16, np =         1, nx1 =      15, elements =        16
Solve Time =   0.5382E-07
 
nelt =      16, np =         1, nx1 =      15, elements =        16
Solve Time =   0.5380E-07
 
nelt =      16, np =         1, nx1 =      15, elements =        16
Solve Time =   0.5382E-07
 
nelt =      16, np =         1, nx1 =      15, elements =        16
Solve Time =   0.5381E-07
 
nelt =      16, np =         1, nx1 =      15, elements =        16
Solve Time =   0.5383E-07
 
nelt =      16, np =         1, nx1 =      15, elements =        16
Solve Time =   0.5385E-07
 
nelt =      16, np =         1, nx1 =      15, elements =        16
Solve Time =   0.5471E-07
 
nelt =      16, np =         1, nx1 =      15, elements =        16
Solve Time =   0.5475E-07
 
nelt =      16, np =         1, nx1 =      15, elements =        16
Solve Time =   0.5476E-07
 
nelt =      16, np =         1, nx1 =      15, elements =        16
Solve Time =   0.5470E-07
 
nelt =      16, np =         1, nx1 =      15, elements =        16
Solve Time =   0.5473E-07
 
nelt =      16, np =         1, nx1 =      15, elements =        16
Solve Time =   0.5471E-07
 
nelt =      16, np =         1, nx1 =      15, elements =        16
Solve Time =   0.5472E-07
 
nelt =      16, np =         1, nx1 =      15, elements =        16
Solve Time =   0.5471E-07
 
nelt =      16, np =         1, nx1 =      15, elements =        16
Solve Time =   0.5472E-07
 
nelt =      16, np =         1, nx1 =      15, elements =        16
Solve Time =   0.5472E-07
 
nelt =      16, np =         1, nx1 =      15, elements =        16
Solve Time =   0.5557E-07
 
nelt =      16, np =         1, nx1 =      15, elements =        16
Solve Time =   0.5554E-07
 
nelt =      16, np =         1, nx1 =      15, elements =        16
Solve Time =   0.5557E-07
 
nelt =      16, np =         1, nx1 =      15, elements =        16
Solve Time =   0.5557E-07
 
nelt =      16, np =         1, nx1 =      15, elements =        16
Solve Time =   0.5555E-07
 
nelt =      16, np =         1, nx1 =      15, elements =        16
Solve Time =   0.5557E-07
 
nelt =      16, np =         1, nx1 =      15, elements =        16
Solve Time =   0.5557E-07
 
nelt =      16, np =         1, nx1 =      15, elements =        16
Solve Time =   0.5556E-07
 
nelt =      16, np =         1, nx1 =      15, elements =        16
Solve Time =   0.5556E-07
 
nelt =      16, np =         1, nx1 =      15, elements =        16
Solve Time =   0.5558E-07
 
nelt =      16, np =         1, nx1 =      15, elements =        16
Solve Time =   0.5636E-07
 
nelt =      16, np =         1, nx1 =      15, elements =        16
Solve Time =   0.5638E-07
 
nelt =      16, np =         1, nx1 =      15, elements =        16
Solve Time =   0.5637E-07
 
nelt =      16, np =         1, nx1 =      15, elements =        16
Solve Time =   0.5642E-07
 
nelt =      16, np =         1, nx1 =      15, elements =        16
Solve Time =   0.5636E-07
 
nelt =      16, np =         1, nx1 =      15, elements =        16
Solve Time =   0.5636E-07
 
nelt =      16, np =         1, nx1 =      15, elements =        16
Solve Time =   0.5638E-07
 
nelt =      16, np =         1, nx1 =      15, elements =        16
Solve Time =   0.5638E-07
 
nelt =      16, np =         1, nx1 =      15, elements =        16
Solve Time =   0.5636E-07
 
nelt =      16, np =         1, nx1 =      15, elements =        16
Solve Time =   0.5638E-07
 schfile:
 /gpfs/theta-fs1/home/thilina/env/lx15/b4.sch                                   
                                                      
 15       16  1.0000E+00  1.0000E+00  1.0000E+00  error v
 
nelt =      16, np =         1, nx1 =      15, elements =        16
Solve Time =   0.6191E-07
 
nelt =      16, np =         1, nx1 =      15, elements =        16
Solve Time =   0.6192E-07
 
nelt =      16, np =         1, nx1 =      15, elements =        16
Solve Time =   0.6194E-07
 
nelt =      16, np =         1, nx1 =      15, elements =        16
Solve Time =   0.6194E-07
 
nelt =      16, np =         1, nx1 =      15, elements =        16
Solve Time =   0.6194E-07
 
nelt =      16, np =         1, nx1 =      15, elements =        16
Solve Time =   0.6196E-07
 
nelt =      16, np =         1, nx1 =      15, elements =        16
Solve Time =   0.6194E-07
 
nelt =      16, np =         1, nx1 =      15, elements =        16
Solve Time =   0.6195E-07
 
nelt =      16, np =         1, nx1 =      15, elements =        16
Solve Time =   0.6196E-07
 
nelt =      16, np =         1, nx1 =      15, elements =        16
Solve Time =   0.6200E-07
 15       16  3.9842E-05  3.9842E-05  3.9842E-05  error s
 
nelt =      16, np =         1, nx1 =      15, elements =        16
Solve Time =   0.6641E-07
 
nelt =      16, np =         1, nx1 =      15, elements =        16
Solve Time =   0.6640E-07
 
nelt =      16, np =         1, nx1 =      15, elements =        16
Solve Time =   0.6639E-07
 
nelt =      16, np =         1, nx1 =      15, elements =        16
Solve Time =   0.6639E-07
 
nelt =      16, np =         1, nx1 =      15, elements =        16
Solve Time =   0.6638E-07
 
nelt =      16, np =         1, nx1 =      15, elements =        16
Solve Time =   0.6639E-07
 
nelt =      16, np =         1, nx1 =      15, elements =        16
Solve Time =   0.6642E-07
 
nelt =      16, np =         1, nx1 =      15, elements =        16
Solve Time =   0.6637E-07
 
nelt =      16, np =         1, nx1 =      15, elements =        16
Solve Time =   0.6640E-07
 
nelt =      16, np =         1, nx1 =      15, elements =        16
Solve Time =   0.6640E-07
 15       16  4.3083E-05  4.3083E-05  4.3083E-05  error n
  14       16  100  0.0000E+00  0.0000E+00  0.0000E+00 time for 3 hmholtz
EXIT: quit after cggov         14
  
call exitt: dying ...
  
backtrace(): obtained 8 stack frames.
./nek5000() [0x77f335]
./nek5000() [0x963069]
./nek5000() [0x40df9c]
./nek5000() [0x4273b6]
./nek5000() [0x42596e]
./nek5000() [0x4054fe]
/lib64/libc.so.6(__libc_start_main+0xf5) [0x2aaab1ca3b25]
./nek5000() [0x405409]
  
total elapsed time             :   7.72981E+01 sec
total solver time incl. I/O    :   0.00000E+00 sec
time/timestep                  :   0.00000E+00 sec
CPU seconds/timestep/gridpt    :   0.00000E+00 sec

Application 2258565 resources: utime ~69s, stime ~5s, Rss ~96080, inblocks ~0, outblocks ~0
