/----------------------------------------------------------\\
|      _   __ ______ __ __  ______  ____   ____   ____     |
|     / | / // ____// //_/ / ____/ / __ \\/ __ \\/ __ \\   |
|    /  |/ // __/  / ,<   /___ \\ / / / // / / // / / /    |
|   / /|  // /___ / /| | ____/ / / /_/ // /_/ // /_/ /     |
|  /_/ |_//_____//_/ |_|/_____/  \\___/ \\___/ \\___/      |
|                                                          |
|----------------------------------------------------------|
|                                                          |
| NEK5000:  Open Source Spectral Element Solver            |
| COPYRIGHT (c) 2008-2016 UCHICAGO ARGONNE, LLC            |
| Version:  16.0.0                                         |
| Web:      http://nek5000.mcs.anl.gov                     |
|                                                          |
\\----------------------------------------------------------/
                                                              

 Number of processors:           2
 REAL    wdsize      :           8
 INTEGER wdsize      :           4
 Timer accuracy      : 4.05E-07
 Reading /gpfs/theta-fs1/home/thilina/env/lx15/b3.rea                                                                                        

 mapping elements to processors
 Reading /gpfs/theta-fs1/home/thilina/env/lx15/b3.map                                                                                        
           0           4           4           8           8  NELV
           1           4           4           8           8  NELV
 RANK     0 IEG       5       6       7       8
 element load imbalance:            0           4           4
 done :: mapping elements to processors
  
           0  objects found
 118   Parameters from file:
   1      1.00000     p001 DENSITY
   2     -100.000     p002 VISCOS
   7      1.00000     p007 RHOCP
   8      1.00000     p008 CONDUCT
  11      1.00        p011 NSTEPS
  12    -0.500000E-02 p012 DT
  21     0.100000E-05 p021 DIVERGENCE
  22     0.100000E-07 p022 HELMHOLTZ
  24     0.100000E-09 p024 TOLREL
  25     0.100000E-09 p025 TOLABS
  26     0.250000     p026 COURANT/NTAU
  27      2.00000     p027 TORDER
  66      6.00000     p066 output : <0=ascii, else binary
  67      6.00000     p067 restart: <0=ascii, else binary
  99      3.00000     p099 dealiasing: <0--> off/3--> old/4--> new
 103     0.500000E-01 p103 weight of stabilizing filter (.01)
  
 nelgt/nelgv/lelt:           8           8         100
 lx1  /lx2  /lx3 :          15          15          15
 done :: read .rea file   0.27405E-01 sec

 setup mesh topology
   Right-handed check complete for       8 elements. OK.
   setvert3d:  15        6813       24389        6813        6813
 call usrsetvert
 done :: usrsetvert

gs_setup: 841 unique labels shared
   pairwise times (avg, min, max): 1.23024e-05 1.23024e-05 1.23024e-05
   crystal router                : 3.05176e-06 3.00407e-06 3.09944e-06
   all reduce                    : 3.64065e-05 3.64065e-05 3.64065e-05
   used all_to_all method: crystal router
   handle bytes (avg, min, max): 81692 81692 81692
   buffer bytes (avg, min, max): 26912 26912 26912
   setupds time 1.0355E-02 seconds   0 15        6813           8
           8  max multiplicity
 done :: setup mesh topology
  
 call usrdat
 done :: usrdat

 generate geometry data
 done :: generate geometry data
  
 call usrdat2
 done :: usrdat2

 regenerate geometry data           1
 NOTE: All elements deformed , param(59) ^=0
 done :: regenerate geometry data           1
  
 verify mesh topology
  0.000000000000000E+000   1.00000000000000       Xrange
  0.000000000000000E+000   1.00000000000000       Yrange
  0.000000000000000E+000   1.00000000000000       Zrange
 done :: verify mesh topology
  
 IFTRAN   = T
 IFFLOW   = T
 IFHEAT   = F
 IFSPLIT  = T
 IFLOMACH = F
 IFUSERVP = F
 IFUSERMV = F
 IFSTRS   = F
 IFCHAR   = F
 IFCYCLIC = F
 IFAXIS   = F
 IFMVBD   = F
 IFMELT   = F
 IFMODEL  = F
 IFKEPS   = F
 IFMOAB   = F
 IFNEKNEK = F
 IFSYNC   = T
   
 IFVCOR   = T
 IFINTQ   = F
 IFCWUZ   = F
 IFSWALL  = F
 IFGEOM   = F
 IFSURT   = F
 IFWCNO   = F
   
 IFTMSH for field           1    =  F
 IFADVC for field           1    =  T
 IFNONL for field           1    =  F
   
 Dealiasing enabled, lxd=          22
  
 Estimated eigenvalues
 EIGAA =    9.86960440108936     
 EIGGA =    216151.845520615     
 EIGAE =    9.86960440108936     
 EIGAS =   8.333333333333333E-002
 EIGGE =    216151.845520615     
 EIGGS =    2.00000000000000     
  
 verify mesh topology
  0.000000000000000E+000   1.00000000000000       Xrange
  0.000000000000000E+000   1.00000000000000       Yrange
  0.000000000000000E+000   1.00000000000000       Zrange
 done :: verify mesh topology
  
  E-solver strategy:  0 itr
 mg_nx:           1           7          14
 mg_ny:           1           7          14
 mg_nz:           1           7          14
 call usrsetvert
 done :: usrsetvert

gs_setup: 9 unique labels shared
   pairwise times (avg, min, max): 2.88486e-06 2.88486e-06 2.88486e-06
   crystal router                : 1.53542e-05 1.53065e-05 1.54018e-05
   all reduce                    : 1.50204e-06 1.50204e-06 1.50204e-06
   used all_to_all method: allreduce
   handle bytes (avg, min, max): 852 852 852
   buffer bytes (avg, min, max): 144 144 144
   setupds time 1.5728E-03 seconds   1  2          27           8
   setvert3d:   4         279         343         279         279
 call usrsetvert
 done :: usrsetvert

gs_setup: 49 unique labels shared
   pairwise times (avg, min, max): 2.81334e-06 2.81334e-06 2.81334e-06
   crystal router                : 3.00407e-06 3.00407e-06 3.00407e-06
   all reduce                    : 1.8096e-05 1.8096e-05 1.8096e-05
   used all_to_all method: pairwise
   handle bytes (avg, min, max): 2708 2708 2708
   buffer bytes (avg, min, max): 784 784 784
   setupds time 2.3599E-03 seconds   2  4         279           8
   setvert3d:   8        1647        3375        1647        1647
 call usrsetvert
 done :: usrsetvert

gs_setup: 225 unique labels shared
   pairwise times (avg, min, max): 3.31402e-06 3.31402e-06 3.31402e-06
   crystal router                : 2.0504e-06 2.00272e-06 2.09808e-06
   all reduce                    : 2.07186e-05 2.07186e-05 2.07186e-05
   used all_to_all method: crystal router
   handle bytes (avg, min, max): 22276 22276 22276
   buffer bytes (avg, min, max): 7200 7200 7200
   setupds time 3.6879E-03 seconds   3  8        1647           8
   setvert3d:  10        2763        6859        2763        2763
 call usrsetvert
 done :: usrsetvert

gs_setup: 361 unique labels shared
   pairwise times (avg, min, max): 3.3617e-06 3.31402e-06 3.40939e-06
   crystal router                : 2.40803e-06 2.40803e-06 2.40803e-06
   all reduce                    : 2.94447e-05 2.9397e-05 2.94924e-05
   used all_to_all method: crystal router
   handle bytes (avg, min, max): 35412 35412 35412
   buffer bytes (avg, min, max): 11552 11552 11552
   setupds time 5.1301E-03 seconds   4 10        2763           8
 regenerate geometry data           1
 NOTE: All elements deformed , param(59) ^=0
 done :: regenerate geometry data           1
  
 h1_mg_nx:           1           3          14
 h1_mg_ny:           1           3          14
 h1_mg_nz:           1           3          14
 call usrsetvert
 done :: usrsetvert

gs_setup: 9 unique labels shared
   pairwise times (avg, min, max): 3.29018e-06 3.29018e-06 3.29018e-06
   crystal router                : 1.47462e-05 1.44005e-05 1.50919e-05
   all reduce                    : 1.50204e-06 1.50204e-06 1.50204e-06
   used all_to_all method: allreduce
   handle bytes (avg, min, max): 852 852 852
   buffer bytes (avg, min, max): 144 144 144
   setupds time 1.8971E-03 seconds   5  2          27           8
   setvert3d:   4         279         343         279         279
 call usrsetvert
 done :: usrsetvert

gs_setup: 49 unique labels shared
   pairwise times (avg, min, max): 3.40939e-06 3.40939e-06 3.40939e-06
   crystal router                : 7.20024e-06 7.20024e-06 7.20024e-06
   all reduce                    : 2.10643e-05 2.09093e-05 2.12193e-05
   used all_to_all method: pairwise
   handle bytes (avg, min, max): 2708 2708 2708
   buffer bytes (avg, min, max): 784 784 784
   setupds time 2.7430E-03 seconds   6  4         279           8
   setvert3d:   4         279         343         279         279
 call usrsetvert
 done :: usrsetvert

gs_setup: 49 unique labels shared
   pairwise times (avg, min, max): 5.80549e-06 3.60012e-06 8.01086e-06
   crystal router                : 1.90735e-06 1.90735e-06 1.90735e-06
   all reduce                    : 1.81556e-05 1.8096e-05 1.82152e-05
   used all_to_all method: crystal router
   handle bytes (avg, min, max): 5220 5220 5220
   buffer bytes (avg, min, max): 1568 1568 1568
   setupds time 2.3961E-03 seconds   7  4         279           8
   setvert3d:   6         819        1331         819         819
 call usrsetvert
 done :: usrsetvert

gs_setup: 121 unique labels shared
   pairwise times (avg, min, max): 2.28882e-06 2.28882e-06 2.28882e-06
   crystal router                : 2.00272e-06 2.00272e-06 2.00272e-06
   all reduce                    : 1.9908e-05 1.9908e-05 1.9908e-05
   used all_to_all method: crystal router
   handle bytes (avg, min, max): 12212 12212 12212
   buffer bytes (avg, min, max): 3872 3872 3872
   setupds time 3.0141E-03 seconds   8  6         819           8
   setvert3d:  15        6813       24389        6813        6813
 call usrsetvert
 done :: usrsetvert

gs_setup: 841 unique labels shared
   pairwise times (avg, min, max): 3.29018e-06 3.29018e-06 3.29018e-06
   crystal router                : 3.19481e-06 3.19481e-06 3.19481e-06
   all reduce                    : 3.35455e-05 3.34978e-05 3.35932e-05
   used all_to_all method: crystal router
   handle bytes (avg, min, max): 81692 81692 81692
   buffer bytes (avg, min, max): 26912 26912 26912
   setupds time 9.1150E-03 seconds   9 15        6813           8
   setvert3d:  17        8937       35937        8937        8937
 call usrsetvert
 done :: usrsetvert

gs_setup: 1089 unique labels shared
   pairwise times (avg, min, max): 1.13368e-05 1.10865e-05 1.15871e-05
   crystal router                : 1.25408e-05 1.24931e-05 1.25885e-05
   all reduce                    : 3.82423e-05 3.81947e-05 3.829e-05
   used all_to_all method: pairwise
   handle bytes (avg, min, max): 53148 53148 53148
   buffer bytes (avg, min, max): 17424 17424 17424
   setupds time 1.1322E-02 seconds  10 17        8937           8
 setup h1 coarse grid, nx_crs=           2
 call usrsetvert
 done :: usrsetvert

gs_setup: 9 unique labels shared
   pairwise times (avg, min, max): 5.55515e-06 5.50747e-06 5.60284e-06
   crystal router                : 7.7486e-06 7.70092e-06 7.79629e-06
   all reduce                    : 1.55568e-05 1.54972e-05 1.56164e-05
   used all_to_all method: pairwise
   handle bytes (avg, min, max): 708 708 708
   buffer bytes (avg, min, max): 144 144 144
 done :: setup h1 coarse grid   1.055097579956055E-002  sec
  
 call usrdat3
 done :: usrdat3

 set initial conditions
 nekuic (1) for ifld            1
 call nekuic for vel  
 xyz min     0.0000       0.0000       0.0000    
 uvwpt min   0.0000       0.0000       0.0000       0.0000       0.0000    
 PS min      0.0000       0.0000      0.99000E+22
 xyz max     1.0000       1.0000       1.0000    
 uvwpt max   0.0000       0.0000       0.0000       0.0000       0.0000    
 PS max      0.0000       0.0000     -0.99000E+22
 done :: set initial conditions
  
 call userchk
GFM max:  2.5563E-03  2.5563E-03  2.5563E-03  9.6129E-17  9.6129E-17  9.6129E-17
 
nelt =       4, np =         2, nx1 =      15, elements =         8
Solve Time =   0.3451E-07
 
nelt =       4, np =         2, nx1 =      15, elements =         8
Solve Time =   0.3430E-07
 
nelt =       4, np =         2, nx1 =      15, elements =         8
Solve Time =   0.3434E-07
 
nelt =       4, np =         2, nx1 =      15, elements =         8
Solve Time =   0.3437E-07
 
nelt =       4, np =         2, nx1 =      15, elements =         8
Solve Time =   0.3432E-07
 
nelt =       4, np =         2, nx1 =      15, elements =         8
Solve Time =   0.3435E-07
 
nelt =       4, np =         2, nx1 =      15, elements =         8
Solve Time =   0.3438E-07
 
nelt =       4, np =         2, nx1 =      15, elements =         8
Solve Time =   0.3432E-07
 
nelt =       4, np =         2, nx1 =      15, elements =         8
Solve Time =   0.3433E-07
 
nelt =       4, np =         2, nx1 =      15, elements =         8
Solve Time =   0.3443E-07
 
nelt =       4, np =         2, nx1 =      15, elements =         8
Solve Time =   0.4551E-07
 
nelt =       4, np =         2, nx1 =      15, elements =         8
Solve Time =   0.4404E-07
 
nelt =       4, np =         2, nx1 =      15, elements =         8
Solve Time =   0.4290E-07
 
nelt =       4, np =         2, nx1 =      15, elements =         8
Solve Time =   0.4299E-07
 
nelt =       4, np =         2, nx1 =      15, elements =         8
Solve Time =   0.4337E-07
 
nelt =       4, np =         2, nx1 =      15, elements =         8
Solve Time =   0.4326E-07
 
nelt =       4, np =         2, nx1 =      15, elements =         8
Solve Time =   0.4352E-07
 
nelt =       4, np =         2, nx1 =      15, elements =         8
Solve Time =   0.4351E-07
 
nelt =       4, np =         2, nx1 =      15, elements =         8
Solve Time =   0.4368E-07
 
nelt =       4, np =         2, nx1 =      15, elements =         8
Solve Time =   0.4369E-07
 
nelt =       4, np =         2, nx1 =      15, elements =         8
Solve Time =   0.4649E-07
 
nelt =       4, np =         2, nx1 =      15, elements =         8
Solve Time =   0.4488E-07
 
nelt =       4, np =         2, nx1 =      15, elements =         8
Solve Time =   0.4514E-07
 
nelt =       4, np =         2, nx1 =      15, elements =         8
Solve Time =   0.4495E-07
 
nelt =       4, np =         2, nx1 =      15, elements =         8
Solve Time =   0.4478E-07
 
nelt =       4, np =         2, nx1 =      15, elements =         8
Solve Time =   0.4468E-07
 
nelt =       4, np =         2, nx1 =      15, elements =         8
Solve Time =   0.4508E-07
 
nelt =       4, np =         2, nx1 =      15, elements =         8
Solve Time =   0.4488E-07
 
nelt =       4, np =         2, nx1 =      15, elements =         8
Solve Time =   0.4467E-07
 
nelt =       4, np =         2, nx1 =      15, elements =         8
Solve Time =   0.4469E-07
 
nelt =       4, np =         2, nx1 =      15, elements =         8
Solve Time =   0.4711E-07
 
nelt =       4, np =         2, nx1 =      15, elements =         8
Solve Time =   0.4536E-07
 
nelt =       4, np =         2, nx1 =      15, elements =         8
Solve Time =   0.4527E-07
 
nelt =       4, np =         2, nx1 =      15, elements =         8
Solve Time =   0.4526E-07
 
nelt =       4, np =         2, nx1 =      15, elements =         8
Solve Time =   0.4514E-07
 
nelt =       4, np =         2, nx1 =      15, elements =         8
Solve Time =   0.4531E-07
 
nelt =       4, np =         2, nx1 =      15, elements =         8
Solve Time =   0.4532E-07
 
nelt =       4, np =         2, nx1 =      15, elements =         8
Solve Time =   0.4538E-07
 
nelt =       4, np =         2, nx1 =      15, elements =         8
Solve Time =   0.4558E-07
 
nelt =       4, np =         2, nx1 =      15, elements =         8
Solve Time =   0.4455E-07
 
nelt =       4, np =         2, nx1 =      15, elements =         8
Solve Time =   0.4751E-07
 
nelt =       4, np =         2, nx1 =      15, elements =         8
Solve Time =   0.4531E-07
 
nelt =       4, np =         2, nx1 =      15, elements =         8
Solve Time =   0.4520E-07
 
nelt =       4, np =         2, nx1 =      15, elements =         8
Solve Time =   0.4516E-07
 
nelt =       4, np =         2, nx1 =      15, elements =         8
Solve Time =   0.4516E-07
 
nelt =       4, np =         2, nx1 =      15, elements =         8
Solve Time =   0.4552E-07
 
nelt =       4, np =         2, nx1 =      15, elements =         8
Solve Time =   0.4549E-07
 
nelt =       4, np =         2, nx1 =      15, elements =         8
Solve Time =   0.4562E-07
 
nelt =       4, np =         2, nx1 =      15, elements =         8
Solve Time =   0.4556E-07
 
nelt =       4, np =         2, nx1 =      15, elements =         8
Solve Time =   0.4559E-07
 schfile:
 /gpfs/theta-fs1/home/thilina/env/lx15/b3.sch                                   
                                                      
 15        8  1.0000E+00  1.0000E+00  1.0000E+00  error v
 15        8  1.0000E+00  1.0000E+00  1.0000E+00  error v
 
nelt =       4, np =         2, nx1 =      15, elements =         8
Solve Time =   0.3805E-07
 
nelt =       4, np =         2, nx1 =      15, elements =         8
Solve Time =   0.3797E-07
 
nelt =       4, np =         2, nx1 =      15, elements =         8
Solve Time =   0.3793E-07
 
nelt =       4, np =         2, nx1 =      15, elements =         8
Solve Time =   0.3802E-07
 
nelt =       4, np =         2, nx1 =      15, elements =         8
Solve Time =   0.3794E-07
 
nelt =       4, np =         2, nx1 =      15, elements =         8
Solve Time =   0.3795E-07
 
nelt =       4, np =         2, nx1 =      15, elements =         8
Solve Time =   0.3799E-07
 
nelt =       4, np =         2, nx1 =      15, elements =         8
Solve Time =   0.3798E-07
 
nelt =       4, np =         2, nx1 =      15, elements =         8
Solve Time =   0.3798E-07
 
nelt =       4, np =         2, nx1 =      15, elements =         8
Solve Time =   0.3795E-07
 15        8  5.4263E-08  5.4263E-08  5.4263E-08  error s
 15        8  5.4263E-08  5.4263E-08  5.4263E-08  error s
 
nelt =       4, np =         2, nx1 =      15, elements =         8
Solve Time =   0.4166E-07
 
nelt =       4, np =         2, nx1 =      15, elements =         8
Solve Time =   0.4145E-07
 
nelt =       4, np =         2, nx1 =      15, elements =         8
Solve Time =   0.4151E-07
 
nelt =       4, np =         2, nx1 =      15, elements =         8
Solve Time =   0.4151E-07
 
nelt =       4, np =         2, nx1 =      15, elements =         8
Solve Time =   0.4147E-07
 
nelt =       4, np =         2, nx1 =      15, elements =         8
Solve Time =   0.4153E-07
 
nelt =       4, np =         2, nx1 =      15, elements =         8
Solve Time =   0.4149E-07
 
nelt =       4, np =         2, nx1 =      15, elements =         8
Solve Time =   0.4145E-07
 
nelt =       4, np =         2, nx1 =      15, elements =         8
Solve Time =   0.4148E-07
 
nelt =       4, np =         2, nx1 =      15, elements =         8
Solve Time =   0.4149E-07
 15        8  5.4272E-08  5.4272E-08  5.4272E-08  error n
 15        8  5.4272E-08  5.4272E-08  5.4272E-08  error n
  14        8  100  0.0000E+00  0.0000E+00  0.0000E+00 time for 3 hmholtz
EXIT: quit after cggov         14
  
call exitt: dying ...
  
backtrace(): obtained 8 stack frames.
./nek5000() [0x77f335]
./nek5000() [0x963069]
./nek5000() [0x40df9c]
./nek5000() [0x4273b6]
./nek5000() [0x42596e]
./nek5000() [0x4054fe]
/lib64/libc.so.6(__libc_start_main+0xf5) [0x2aaab1ca3b25]
./nek5000() [0x405409]
  
total elapsed time             :   1.52459E+01 sec
total solver time incl. I/O    :   0.00000E+00 sec
time/timestep                  :   0.00000E+00 sec
CPU seconds/timestep/gridpt    :   0.00000E+00 sec

Application 2258569 resources: utime ~26s, stime ~4s, Rss ~53664, inblocks ~0, outblocks ~0
