/----------------------------------------------------------\\
|      _   __ ______ __ __  ______  ____   ____   ____     |
|     / | / // ____// //_/ / ____/ / __ \\/ __ \\/ __ \\   |
|    /  |/ // __/  / ,<   /___ \\ / / / // / / // / / /    |
|   / /|  // /___ / /| | ____/ / / /_/ // /_/ // /_/ /     |
|  /_/ |_//_____//_/ |_|/_____/  \\___/ \\___/ \\___/      |
|                                                          |
|----------------------------------------------------------|
|                                                          |
| NEK5000:  Open Source Spectral Element Solver            |
| COPYRIGHT (c) 2008-2016 UCHICAGO ARGONNE, LLC            |
| Version:  16.0.0                                         |
| Web:      http://nek5000.mcs.anl.gov                     |
|                                                          |
\\----------------------------------------------------------/
                                                              

 Number of processors:           4
 REAL    wdsize      :           8
 INTEGER wdsize      :           4
 Timer accuracy      : 5.01E-07
 Reading /gpfs/theta-fs1/home/thilina/env/lx15/b6.rea                                                                                        

 mapping elements to processors
 Reading /gpfs/theta-fs1/home/thilina/env/lx15/b6.map                                                                                        
           0          16          16          64          64  NELV
           3          16          16          64          64  NELV
           2          16          16          64          64  NELV
           1          16          16          64          64  NELV
 RANK     0 IEG      33      34      35      36      37      38      39      40
                     49      50      51      52      53      54      55      56
 element load imbalance:            0          16          16
 done :: mapping elements to processors
  
           0  objects found
 118   Parameters from file:
   1      1.00000     p001 DENSITY
   2     -100.000     p002 VISCOS
   7      1.00000     p007 RHOCP
   8      1.00000     p008 CONDUCT
  11      1.00        p011 NSTEPS
  12    -0.500000E-02 p012 DT
  21     0.100000E-05 p021 DIVERGENCE
  22     0.100000E-07 p022 HELMHOLTZ
  24     0.100000E-09 p024 TOLREL
  25     0.100000E-09 p025 TOLABS
  26     0.250000     p026 COURANT/NTAU
  27      2.00000     p027 TORDER
  66      6.00000     p066 output : <0=ascii, else binary
  67      6.00000     p067 restart: <0=ascii, else binary
  99      3.00000     p099 dealiasing: <0--> off/3--> old/4--> new
 103     0.500000E-01 p103 weight of stabilizing filter (.01)
  
 nelgt/nelgv/lelt:          64          64         100
 lx1  /lx2  /lx3 :          15          15          15
 done :: read .rea file   0.34115E-01 sec

 setup mesh topology
   Right-handed check complete for      64 elements. OK.
   setvert3d:  15       44585      185193       44585       44585
 call usrsetvert
 done :: usrsetvert

gs_setup: 6441 unique labels shared
   pairwise times (avg, min, max): 3.33011e-05 3.30925e-05 3.34024e-05
   crystal router                : 6.75976e-05 6.74963e-05 6.78062e-05
   all reduce                    : 0.00010826 0.000107789 0.00010848
   used all_to_all method: pairwise
   handle bytes (avg, min, max): 217276 217276 217276
   buffer bytes (avg, min, max): 53808 53808 53808
   setupds time 4.6074E-02 seconds   0 15       44585          64
           8  max multiplicity
 done :: setup mesh topology
  
 call usrdat
 done :: usrdat

 generate geometry data
 done :: generate geometry data
  
 call usrdat2
 done :: usrdat2

 regenerate geometry data           1
 NOTE: All elements deformed , param(59) ^=0
 done :: regenerate geometry data           1
  
 verify mesh topology
  0.000000000000000E+000   1.00000000000000       Xrange
  0.000000000000000E+000   1.00000000000000       Yrange
  0.000000000000000E+000   1.00000000000000       Zrange
 done :: verify mesh topology
  
 IFTRAN   = T
 IFFLOW   = T
 IFHEAT   = F
 IFSPLIT  = T
 IFLOMACH = F
 IFUSERVP = F
 IFUSERMV = F
 IFSTRS   = F
 IFCHAR   = F
 IFCYCLIC = F
 IFAXIS   = F
 IFMVBD   = F
 IFMELT   = F
 IFMODEL  = F
 IFKEPS   = F
 IFMOAB   = F
 IFNEKNEK = F
 IFSYNC   = T
   
 IFVCOR   = T
 IFINTQ   = F
 IFCWUZ   = F
 IFSWALL  = F
 IFGEOM   = F
 IFSURT   = F
 IFWCNO   = F
   
 IFTMSH for field           1    =  F
 IFADVC for field           1    =  T
 IFNONL for field           1    =  F
   
 Dealiasing enabled, lxd=          22
  
 Estimated eigenvalues
 EIGAA =    9.86960440108936     
 EIGGA =    864703.152771223     
 EIGAE =    9.86960440108936     
 EIGAS =   8.333333333333333E-002
 EIGGE =    864703.152771223     
 EIGGS =    2.00000000000000     
  
 verify mesh topology
  0.000000000000000E+000   1.00000000000000       Xrange
  0.000000000000000E+000   1.00000000000000       Yrange
  0.000000000000000E+000   1.00000000000000       Zrange
 done :: verify mesh topology
  
  E-solver strategy:  0 itr
 mg_nx:           1           7          14
 mg_ny:           1           7          14
 mg_nz:           1           7          14
 call usrsetvert
 done :: usrsetvert

gs_setup: 45 unique labels shared
   pairwise times (avg, min, max): 6.53267e-06 6.41346e-06 6.69956e-06
   crystal router                : 5.4121e-06 5.31673e-06 5.50747e-06
   all reduce                    : 2.11954e-05 2.11954e-05 2.11954e-05
   used all_to_all method: crystal router
   handle bytes (avg, min, max): 4524 4524 4524
   buffer bytes (avg, min, max): 960 960 960
   setupds time 2.2469E-03 seconds   1  2         125          64
   setvert3d:   4        1685        2197        1685        1685
 call usrsetvert
 done :: usrsetvert

gs_setup: 325 unique labels shared
   pairwise times (avg, min, max): 6.53267e-06 6.41346e-06 6.69956e-06
   crystal router                : 6.28233e-06 6.19888e-06 6.41346e-06
   all reduce                    : 3.56913e-05 3.56913e-05 3.56913e-05
   used all_to_all method: crystal router
   handle bytes (avg, min, max): 26444 26444 26444
   buffer bytes (avg, min, max): 6656 6656 6656
   setupds time 4.6351E-03 seconds   2  4        1685          64
   setvert3d:   8       10565       24389       10565       10565
 call usrsetvert
 done :: usrsetvert

gs_setup: 1653 unique labels shared
   pairwise times (avg, min, max): 8.14199e-06 7.98702e-06 8.29697e-06
   crystal router                : 1.4329e-05 1.42097e-05 1.44005e-05
   all reduce                    : 4.80473e-05 4.79937e-05 4.82082e-05
   used all_to_all method: pairwise
   handle bytes (avg, min, max): 57116 57116 57116
   buffer bytes (avg, min, max): 14384 14384 14384
   setupds time 1.1791E-02 seconds   3  8       10565          64
   setvert3d:  10       17885       50653       17885       17885
 call usrsetvert
 done :: usrsetvert

gs_setup: 2701 unique labels shared
   pairwise times (avg, min, max): 9.60827e-06 9.5129e-06 9.70364e-06
   crystal router                : 2.49863e-05 2.49147e-05 2.51055e-05
   all reduce                    : 5.66244e-05 5.64098e-05 5.66959e-05
   used all_to_all method: pairwise
   handle bytes (avg, min, max): 92316 92316 92316
   buffer bytes (avg, min, max): 23088 23088 23088
   setupds time 1.6926E-02 seconds   4 10       17885          64
 regenerate geometry data           1
 NOTE: All elements deformed , param(59) ^=0
 done :: regenerate geometry data           1
  
 h1_mg_nx:           1           3          14
 h1_mg_ny:           1           3          14
 h1_mg_nz:           1           3          14
 call usrsetvert
 done :: usrsetvert

gs_setup: 45 unique labels shared
   pairwise times (avg, min, max): 6.7234e-06 6.60419e-06 6.79493e-06
   crystal router                : 6.68168e-06 6.29425e-06 7.00951e-06
   all reduce                    : 2.12669e-05 2.11954e-05 2.12908e-05
   used all_to_all method: pairwise
   handle bytes (avg, min, max): 2204 2204 2204
   buffer bytes (avg, min, max): 560 560 560
   setupds time 2.2709E-03 seconds   5  2         125          64
   setvert3d:   4        1685        2197        1685        1685
 call usrsetvert
 done :: usrsetvert

gs_setup: 325 unique labels shared
   pairwise times (avg, min, max): 7.06911e-06 6.98566e-06 7.20024e-06
   crystal router                : 5.90682e-06 5.79357e-06 6.00815e-06
   all reduce                    : 4.13477e-05 4.12941e-05 4.15087e-05
   used all_to_all method: crystal router
   handle bytes (avg, min, max): 26444 26444 26444
   buffer bytes (avg, min, max): 6656 6656 6656
   setupds time 4.7238E-03 seconds   6  4        1685          64
   setvert3d:   4        1685        2197        1685        1685
 call usrsetvert
 done :: usrsetvert

gs_setup: 325 unique labels shared
   pairwise times (avg, min, max): 1.01805e-05 1.01089e-05 1.02997e-05
   crystal router                : 6.03199e-06 6.00815e-06 6.10352e-06
   all reduce                    : 3.53515e-05 3.51906e-05 3.54052e-05
   used all_to_all method: crystal router
   handle bytes (avg, min, max): 26444 26444 26444
   buffer bytes (avg, min, max): 6656 6656 6656
   setupds time 4.3490E-03 seconds   7  4        1685          64
   setvert3d:   6        5165        9261        5165        5165
 call usrsetvert
 done :: usrsetvert

gs_setup: 861 unique labels shared
   pairwise times (avg, min, max): 6.27041e-06 6.19888e-06 6.29425e-06
   crystal router                : 8.98838e-06 8.91685e-06 9.01222e-06
   all reduce                    : 4.21524e-05 4.18901e-05 4.23193e-05
   used all_to_all method: pairwise
   handle bytes (avg, min, max): 30364 30364 30364
   buffer bytes (avg, min, max): 7728 7728 7728
   setupds time 7.1359E-03 seconds   8  6        5165          64
   setvert3d:  15       44585      185193       44585       44585
 call usrsetvert
 done :: usrsetvert

gs_setup: 6441 unique labels shared
   pairwise times (avg, min, max): 1.67549e-05 1.63078e-05 1.72138e-05
   crystal router                : 5.21123e-05 5.19991e-05 5.22137e-05
   all reduce                    : 0.000102663 0.000102496 0.000102782
   used all_to_all method: pairwise
   handle bytes (avg, min, max): 217276 217276 217276
   buffer bytes (avg, min, max): 53808 53808 53808
   setupds time 4.0460E-02 seconds   9 15       44585          64
   setvert3d:  17       58625      274625       58625       58625
 call usrsetvert
 done :: usrsetvert

gs_setup: 8385 unique labels shared
   pairwise times (avg, min, max): 1.61171e-05 1.59979e-05 1.61886e-05
   crystal router                : 5.36203e-05 5.35965e-05 5.36919e-05
   all reduce                    : 0.000110984 0.000110412 0.000111508
   used all_to_all method: pairwise
   handle bytes (avg, min, max): 282044 282044 282044
   buffer bytes (avg, min, max): 69680 69680 69680
   setupds time 5.5445E-02 seconds  10 17       58625          64
 setup h1 coarse grid, nx_crs=           2
 call usrsetvert
 done :: usrsetvert

gs_setup: 45 unique labels shared
   pairwise times (avg, min, max): 8.08835e-06 7.89165e-06 8.39233e-06
   crystal router                : 3.98159e-06 3.91006e-06 4.00543e-06
   all reduce                    : 2.40743e-05 2.37942e-05 2.41995e-05
   used all_to_all method: crystal router
   handle bytes (avg, min, max): 4524 4524 4524
   buffer bytes (avg, min, max): 960 960 960
 done :: setup h1 coarse grid   3.381085395812988E-002  sec
  
 call usrdat3
 done :: usrdat3

 set initial conditions
 nekuic (1) for ifld            1
 call nekuic for vel  
 xyz min     0.0000       0.0000       0.0000    
 uvwpt min   0.0000       0.0000       0.0000       0.0000       0.0000    
 PS min      0.0000       0.0000      0.99000E+22
 xyz max     1.0000       1.0000       1.0000    
 uvwpt max   0.0000       0.0000       0.0000       0.0000       0.0000    
 PS max      0.0000       0.0000     -0.99000E+22
 done :: set initial conditions
  
 call userchk
GFM max:  1.2781E-03  1.2781E-03  1.2781E-03  1.0011E-16  1.0011E-16  1.0011E-16
 
nelt =      16, np =         4, nx1 =      15, elements =        64
Solve Time =   0.1746E-07
 
nelt =      16, np =         4, nx1 =      15, elements =        64
Solve Time =   0.1740E-07
 
nelt =      16, np =         4, nx1 =      15, elements =        64
Solve Time =   0.1741E-07
 
nelt =      16, np =         4, nx1 =      15, elements =        64
Solve Time =   0.1740E-07
 
nelt =      16, np =         4, nx1 =      15, elements =        64
Solve Time =   0.1741E-07
 
nelt =      16, np =         4, nx1 =      15, elements =        64
Solve Time =   0.1741E-07
 
nelt =      16, np =         4, nx1 =      15, elements =        64
Solve Time =   0.1741E-07
 
nelt =      16, np =         4, nx1 =      15, elements =        64
Solve Time =   0.1741E-07
 
nelt =      16, np =         4, nx1 =      15, elements =        64
Solve Time =   0.1740E-07
 
nelt =      16, np =         4, nx1 =      15, elements =        64
Solve Time =   0.1741E-07
 
nelt =      16, np =         4, nx1 =      15, elements =        64
Solve Time =   0.1596E-07
 
nelt =      16, np =         4, nx1 =      15, elements =        64
Solve Time =   0.1595E-07
 
nelt =      16, np =         4, nx1 =      15, elements =        64
Solve Time =   0.1595E-07
 
nelt =      16, np =         4, nx1 =      15, elements =        64
Solve Time =   0.1596E-07
 
nelt =      16, np =         4, nx1 =      15, elements =        64
Solve Time =   0.1595E-07
 
nelt =      16, np =         4, nx1 =      15, elements =        64
Solve Time =   0.1595E-07
 
nelt =      16, np =         4, nx1 =      15, elements =        64
Solve Time =   0.1595E-07
 
nelt =      16, np =         4, nx1 =      15, elements =        64
Solve Time =   0.1595E-07
 
nelt =      16, np =         4, nx1 =      15, elements =        64
Solve Time =   0.1594E-07
 
nelt =      16, np =         4, nx1 =      15, elements =        64
Solve Time =   0.1595E-07
 
nelt =      16, np =         4, nx1 =      15, elements =        64
Solve Time =   0.1644E-07
 
nelt =      16, np =         4, nx1 =      15, elements =        64
Solve Time =   0.1644E-07
 
nelt =      16, np =         4, nx1 =      15, elements =        64
Solve Time =   0.1644E-07
 
nelt =      16, np =         4, nx1 =      15, elements =        64
Solve Time =   0.1644E-07
 
nelt =      16, np =         4, nx1 =      15, elements =        64
Solve Time =   0.1644E-07
 
nelt =      16, np =         4, nx1 =      15, elements =        64
Solve Time =   0.1644E-07
 
nelt =      16, np =         4, nx1 =      15, elements =        64
Solve Time =   0.1644E-07
 
nelt =      16, np =         4, nx1 =      15, elements =        64
Solve Time =   0.1643E-07
 
nelt =      16, np =         4, nx1 =      15, elements =        64
Solve Time =   0.1643E-07
 
nelt =      16, np =         4, nx1 =      15, elements =        64
Solve Time =   0.1644E-07
 
nelt =      16, np =         4, nx1 =      15, elements =        64
Solve Time =   0.1691E-07
 
nelt =      16, np =         4, nx1 =      15, elements =        64
Solve Time =   0.1691E-07
 
nelt =      16, np =         4, nx1 =      15, elements =        64
Solve Time =   0.1692E-07
 
nelt =      16, np =         4, nx1 =      15, elements =        64
Solve Time =   0.1690E-07
 
nelt =      16, np =         4, nx1 =      15, elements =        64
Solve Time =   0.1690E-07
 
nelt =      16, np =         4, nx1 =      15, elements =        64
Solve Time =   0.1691E-07
 
nelt =      16, np =         4, nx1 =      15, elements =        64
Solve Time =   0.1690E-07
 
nelt =      16, np =         4, nx1 =      15, elements =        64
Solve Time =   0.1690E-07
 
nelt =      16, np =         4, nx1 =      15, elements =        64
Solve Time =   0.1691E-07
 
nelt =      16, np =         4, nx1 =      15, elements =        64
Solve Time =   0.1691E-07
 
nelt =      16, np =         4, nx1 =      15, elements =        64
Solve Time =   0.1739E-07
 
nelt =      16, np =         4, nx1 =      15, elements =        64
Solve Time =   0.1739E-07
 
nelt =      16, np =         4, nx1 =      15, elements =        64
Solve Time =   0.1739E-07
 
nelt =      16, np =         4, nx1 =      15, elements =        64
Solve Time =   0.1739E-07
 
nelt =      16, np =         4, nx1 =      15, elements =        64
Solve Time =   0.1738E-07
 
nelt =      16, np =         4, nx1 =      15, elements =        64
Solve Time =   0.1738E-07
 
nelt =      16, np =         4, nx1 =      15, elements =        64
Solve Time =   0.1738E-07
 
nelt =      16, np =         4, nx1 =      15, elements =        64
Solve Time =   0.1739E-07
 
nelt =      16, np =         4, nx1 =      15, elements =        64
Solve Time =   0.1739E-07
 
nelt =      16, np =         4, nx1 =      15, elements =        64
Solve Time =   0.1740E-07
 schfile:
 /gpfs/theta-fs1/home/thilina/env/lx15/b6.sch                                   
                                                      
ERROR: .sch file already exists. Use IFSCHCLOB=F todisable this check BUT BEWARE!!!!!!  ierr=  1 
  
call exitt: dying ...
  
backtrace(): obtained 9 stack frames.
./nek5000() [0x77f335]
./nek5000() [0x962599]
./nek5000() [0x51229a]
./nek5000() [0x409db0]
./nek5000() [0x4273b6]
./nek5000() [0x42596e]
./nek5000() [0x4054fe]
/lib64/libc.so.6(__libc_start_main+0xf5) [0x2aaab1ca3b25]
./nek5000() [0x405409]
  
total elapsed time             :   5.51924E+01 sec
total solver time incl. I/O    :   0.00000E+00 sec
time/timestep                  :   0.00000E+00 sec
CPU seconds/timestep/gridpt    :   0.00000E+00 sec

Application 2258583 resources: utime ~221s, stime ~1s, Rss ~97400, inblocks ~0, outblocks ~0
