/----------------------------------------------------------\\
|      _   __ ______ __ __  ______  ____   ____   ____     |
|     / | / // ____// //_/ / ____/ / __ \\/ __ \\/ __ \\   |
|    /  |/ // __/  / ,<   /___ \\ / / / // / / // / / /    |
|   / /|  // /___ / /| | ____/ / / /_/ // /_/ // /_/ /     |
|  /_/ |_//_____//_/ |_|/_____/  \\___/ \\___/ \\___/      |
|                                                          |
|----------------------------------------------------------|
|                                                          |
| NEK5000:  Open Source Spectral Element Solver            |
| COPYRIGHT (c) 2008-2016 UCHICAGO ARGONNE, LLC            |
| Version:  16.0.0                                         |
| Web:      http://nek5000.mcs.anl.gov                     |
|                                                          |
\\----------------------------------------------------------/
                                                              

 Number of processors:          16
 REAL    wdsize      :           8
 INTEGER wdsize      :           4
 Timer accuracy      : 4.05E-07
 Reading /gpfs/theta-fs1/home/thilina/env/lx15/b6.rea                                                                                        

 mapping elements to processors
 Reading /gpfs/theta-fs1/home/thilina/env/lx15/b6.map                                                                                        
           0           4           4          64          64  NELV
           6           4           4          64          64  NELV
           9           4           4          64          64  NELV
           5           4           4          64          64  NELV
          12           4           4          64          64  NELV
           8           4           4          64          64  NELV
           7           4           4          64          64  NELV
          10           4           4          64          64  NELV
          14           4           4          64          64  NELV
          13           4           4          64          64  NELV
           3           4           4          64          64  NELV
           2           4           4          64          64  NELV
           4           4           4          64          64  NELV
          15           4           4          64          64  NELV
          11           4           4          64          64  NELV
           1           4           4          64          64  NELV
 RANK     0 IEG      49      50      53      54
 element load imbalance:            0           4           4
 done :: mapping elements to processors
  
           0  objects found
 118   Parameters from file:
   1      1.00000     p001 DENSITY
   2     -100.000     p002 VISCOS
   7      1.00000     p007 RHOCP
   8      1.00000     p008 CONDUCT
  11      1.00        p011 NSTEPS
  12    -0.500000E-02 p012 DT
  21     0.100000E-05 p021 DIVERGENCE
  22     0.100000E-07 p022 HELMHOLTZ
  24     0.100000E-09 p024 TOLREL
  25     0.100000E-09 p025 TOLABS
  26     0.250000     p026 COURANT/NTAU
  27      2.00000     p027 TORDER
  66      6.00000     p066 output : <0=ascii, else binary
  67      6.00000     p067 restart: <0=ascii, else binary
  99      3.00000     p099 dealiasing: <0--> off/3--> old/4--> new
 103     0.500000E-01 p103 weight of stabilizing filter (.01)
  
 nelgt/nelgv/lelt:          64          64         100
 lx1  /lx2  /lx3 :          15          15          15
 done :: read .rea file   0.47241E-01 sec

 setup mesh topology
   Right-handed check complete for      64 elements. OK.
   setvert3d:  15       44585      185193       44585       44585
 call usrsetvert
 done :: usrsetvert

gs_setup: 15849 unique labels shared
   pairwise times (avg, min, max): 3.91662e-05 3.84092e-05 4.49896e-05
   crystal router                : 0.000108744 0.000108004 0.000109506
   all reduce                    : 0.000462738 0.000459909 0.00046699
   used all_to_all method: pairwise
   handle bytes (avg, min, max): 71548 61628 81468
   buffer bytes (avg, min, max): 35760 28560 42960
   setupds time 4.3376E-02 seconds   0 15       44585          64
           8  max multiplicity
 done :: setup mesh topology
  
 call usrdat
 done :: usrdat

 generate geometry data
 done :: generate geometry data
  
 call usrdat2
 done :: usrdat2

 regenerate geometry data           1
 NOTE: All elements deformed , param(59) ^=0
 done :: regenerate geometry data           1
  
 verify mesh topology
  0.000000000000000E+000   1.00000000000000       Xrange
  0.000000000000000E+000   1.00000000000000       Yrange
  0.000000000000000E+000   1.00000000000000       Zrange
 done :: verify mesh topology
  
 IFTRAN   = T
 IFFLOW   = T
 IFHEAT   = F
 IFSPLIT  = T
 IFLOMACH = F
 IFUSERVP = F
 IFUSERMV = F
 IFSTRS   = F
 IFCHAR   = F
 IFCYCLIC = F
 IFAXIS   = F
 IFMVBD   = F
 IFMELT   = F
 IFMODEL  = F
 IFKEPS   = F
 IFMOAB   = F
 IFNEKNEK = F
 IFSYNC   = T
   
 IFVCOR   = T
 IFINTQ   = F
 IFCWUZ   = F
 IFSWALL  = F
 IFGEOM   = F
 IFSURT   = F
 IFWCNO   = F
   
 IFTMSH for field           1    =  F
 IFADVC for field           1    =  T
 IFNONL for field           1    =  F
   
 Dealiasing enabled, lxd=          22
  
 Estimated eigenvalues
 EIGAA =    9.86960440108936     
 EIGGA =    864701.153441468     
 EIGAE =    9.86960440108936     
 EIGAS =   8.333333333333333E-002
 EIGGE =    864701.153441468     
 EIGGS =    2.00000000000000     
  
 verify mesh topology
  0.000000000000000E+000   1.00000000000000       Xrange
  0.000000000000000E+000   1.00000000000000       Yrange
  0.000000000000000E+000   1.00000000000000       Zrange
 done :: verify mesh topology
  
  E-solver strategy:  0 itr
 mg_nx:           1           7          14
 mg_ny:           1           7          14
 mg_nz:           1           7          14
 call usrsetvert
 done :: usrsetvert

gs_setup: 93 unique labels shared
   pairwise times (avg, min, max): 2.8038e-05 2.58923e-05 2.95877e-05
   crystal router                : 8.54284e-06 8.39233e-06 8.60691e-06
   all reduce                    : 3.23921e-05 3.22819e-05 3.25918e-05
   used all_to_all method: crystal router
   handle bytes (avg, min, max): 4120 3868 4372
   buffer bytes (avg, min, max): 632 624 640
   setupds time 3.3810E-03 seconds   1  2         125          64
   setvert3d:   4        1685        2197        1685        1685
 call usrsetvert
 done :: usrsetvert

gs_setup: 757 unique labels shared
   pairwise times (avg, min, max): 2.77042e-05 2.67029e-05 3.03984e-05
   crystal router                : 1.12101e-05 1.09911e-05 1.1301e-05
   all reduce                    : 5.58823e-05 5.55992e-05 5.60999e-05
   used all_to_all method: crystal router
   handle bytes (avg, min, max): 21000 18828 23172
   buffer bytes (avg, min, max): 3848 3584 4112
   setupds time 5.8830E-03 seconds   2  4        1685          64
   setvert3d:   8       10565       24389       10565       10565
 call usrsetvert
 done :: usrsetvert

gs_setup: 4005 unique labels shared
   pairwise times (avg, min, max): 3.60474e-05 3.49998e-05 3.86e-05
   crystal router                : 2.97487e-05 2.94209e-05 3.02792e-05
   all reduce                    : 0.000108838 0.000107718 0.000109816
   used all_to_all method: crystal router
   handle bytes (avg, min, max): 97384 85612 109156
   buffer bytes (avg, min, max): 18736 17168 20304
   setupds time 1.3050E-02 seconds   3  8       10565          64
   setvert3d:  10       17885       50653       17885       17885
 call usrsetvert
 done :: usrsetvert

gs_setup: 6589 unique labels shared
   pairwise times (avg, min, max): 3.57434e-05 3.41892e-05 3.74079e-05
   crystal router                : 4.3039e-05 4.27008e-05 4.33922e-05
   all reduce                    : 0.000182396 0.000181198 0.000183392
   used all_to_all method: pairwise
   handle bytes (avg, min, max): 31068 26828 35308
   buffer bytes (avg, min, max): 15840 12640 19040
   setupds time 1.8243E-02 seconds   4 10       17885          64
 regenerate geometry data           1
 NOTE: All elements deformed , param(59) ^=0
 done :: regenerate geometry data           1
  
 h1_mg_nx:           1           3          14
 h1_mg_ny:           1           3          14
 h1_mg_nz:           1           3          14
 call usrsetvert
 done :: usrsetvert

gs_setup: 93 unique labels shared
   pairwise times (avg, min, max): 2.73317e-05 2.60115e-05 2.8801e-05
   crystal router                : 8.38637e-06 8.32081e-06 8.51154e-06
   all reduce                    : 3.63201e-05 3.61919e-05 3.64065e-05
   used all_to_all method: crystal router
   handle bytes (avg, min, max): 4120 3868 4372
   buffer bytes (avg, min, max): 632 624 640
   setupds time 3.8118E-03 seconds   5  2         125          64
   setvert3d:   4        1685        2197        1685        1685
 call usrsetvert
 done :: usrsetvert

gs_setup: 757 unique labels shared
   pairwise times (avg, min, max): 2.82675e-05 2.63929e-05 2.99215e-05
   crystal router                : 1.14501e-05 1.1301e-05 1.15871e-05
   all reduce                    : 7.3199e-05 7.27892e-05 7.35044e-05
   used all_to_all method: crystal router
   handle bytes (avg, min, max): 21000 18828 23172
   buffer bytes (avg, min, max): 3848 3584 4112
   setupds time 6.2048E-03 seconds   6  4        1685          64
   setvert3d:   4        1685        2197        1685        1685
 call usrsetvert
 done :: usrsetvert

gs_setup: 757 unique labels shared
   pairwise times (avg, min, max): 3.08827e-05 3.00884e-05 3.39031e-05
   crystal router                : 1.14337e-05 1.12057e-05 1.1611e-05
   all reduce                    : 6.61969e-05 6.58989e-05 6.64949e-05
   used all_to_all method: crystal router
   handle bytes (avg, min, max): 21000 18828 23172
   buffer bytes (avg, min, max): 3848 3584 4112
   setupds time 5.7759E-03 seconds   7  4        1685          64
   setvert3d:   6        5165        9261        5165        5165
 call usrsetvert
 done :: usrsetvert

gs_setup: 2061 unique labels shared
   pairwise times (avg, min, max): 2.87816e-05 2.74181e-05 3.13997e-05
   crystal router                : 2.22251e-05 2.18153e-05 2.26021e-05
   all reduce                    : 0.00010217 0.000101495 0.000102806
   used all_to_all method: crystal router
   handle bytes (avg, min, max): 52088 46076 58100
   buffer bytes (avg, min, max): 9872 9072 10672
   setupds time 8.2428E-03 seconds   8  6        5165          64
   setvert3d:  15       44585      185193       44585       44585
 call usrsetvert
 done :: usrsetvert

gs_setup: 15849 unique labels shared
   pairwise times (avg, min, max): 3.53083e-05 3.41177e-05 3.88145e-05
   crystal router                : 9.06885e-05 8.97169e-05 9.16004e-05
   all reduce                    : 0.000452478 0.00044899 0.000456715
   used all_to_all method: pairwise
   handle bytes (avg, min, max): 71548 61628 81468
   buffer bytes (avg, min, max): 35760 28560 42960
   setupds time 3.8582E-02 seconds   9 15       44585          64
   setvert3d:  17       58625      274625       58625       58625
 call usrsetvert
 done :: usrsetvert

gs_setup: 20673 unique labels shared
   pairwise times (avg, min, max): 5.10171e-05 4.86851e-05 5.50985e-05
   crystal router                : 0.000132138 0.000131512 0.000133204
   all reduce                    : 0.000535955 0.000532699 0.000540495
   used all_to_all method: pairwise
   handle bytes (avg, min, max): 92444 79580 105308
   buffer bytes (avg, min, max): 45968 36720 55216
   setupds time 4.9753E-02 seconds  10 17       58625          64
 setup h1 coarse grid, nx_crs=           2
 call usrsetvert
 done :: usrsetvert

gs_setup: 93 unique labels shared
   pairwise times (avg, min, max): 2.32503e-05 2.19107e-05 2.45094e-05
   crystal router                : 8.37445e-06 8.2016e-06 8.4877e-06
   all reduce                    : 3.2787e-05 3.24965e-05 3.29971e-05
   used all_to_all method: crystal router
   handle bytes (avg, min, max): 4120 3868 4372
   buffer bytes (avg, min, max): 632 624 640
 done :: setup h1 coarse grid   1.534986495971680E-002  sec
  
 call usrdat3
 done :: usrdat3

 set initial conditions
 nekuic (1) for ifld            1
 call nekuic for vel  
 xyz min     0.0000       0.0000       0.0000    
 uvwpt min   0.0000       0.0000       0.0000       0.0000       0.0000    
 PS min      0.0000       0.0000      0.99000E+22
 xyz max     1.0000       1.0000       1.0000    
 uvwpt max   0.0000       0.0000       0.0000       0.0000       0.0000    
 PS max      0.0000       0.0000     -0.99000E+22
 done :: set initial conditions
  
 call userchk
GFM max:  1.2781E-03  1.2781E-03  1.2781E-03  1.0011E-16  1.0011E-16  1.0011E-16
 
nelt =       4, np =        16, nx1 =      15, elements =        64
Solve Time =   0.4840E-08
 
nelt =       4, np =        16, nx1 =      15, elements =        64
Solve Time =   0.4798E-08
 
nelt =       4, np =        16, nx1 =      15, elements =        64
Solve Time =   0.4790E-08
 
nelt =       4, np =        16, nx1 =      15, elements =        64
Solve Time =   0.4785E-08
 
nelt =       4, np =        16, nx1 =      15, elements =        64
Solve Time =   0.4774E-08
 
nelt =       4, np =        16, nx1 =      15, elements =        64
Solve Time =   0.4764E-08
 
nelt =       4, np =        16, nx1 =      15, elements =        64
Solve Time =   0.4767E-08
 
nelt =       4, np =        16, nx1 =      15, elements =        64
Solve Time =   0.4770E-08
 
nelt =       4, np =        16, nx1 =      15, elements =        64
Solve Time =   0.4765E-08
 
nelt =       4, np =        16, nx1 =      15, elements =        64
Solve Time =   0.4757E-08
 
nelt =       4, np =        16, nx1 =      15, elements =        64
Solve Time =   0.4143E-08
 
nelt =       4, np =        16, nx1 =      15, elements =        64
Solve Time =   0.4127E-08
 
nelt =       4, np =        16, nx1 =      15, elements =        64
Solve Time =   0.4129E-08
 
nelt =       4, np =        16, nx1 =      15, elements =        64
Solve Time =   0.4121E-08
 
nelt =       4, np =        16, nx1 =      15, elements =        64
Solve Time =   0.4124E-08
 
nelt =       4, np =        16, nx1 =      15, elements =        64
Solve Time =   0.4127E-08
 
nelt =       4, np =        16, nx1 =      15, elements =        64
Solve Time =   0.4120E-08
 
nelt =       4, np =        16, nx1 =      15, elements =        64
Solve Time =   0.4126E-08
 
nelt =       4, np =        16, nx1 =      15, elements =        64
Solve Time =   0.4122E-08
 
nelt =       4, np =        16, nx1 =      15, elements =        64
Solve Time =   0.4121E-08
 
nelt =       4, np =        16, nx1 =      15, elements =        64
Solve Time =   0.4391E-08
 
nelt =       4, np =        16, nx1 =      15, elements =        64
Solve Time =   0.4385E-08
 
nelt =       4, np =        16, nx1 =      15, elements =        64
Solve Time =   0.4381E-08
 
nelt =       4, np =        16, nx1 =      15, elements =        64
Solve Time =   0.4384E-08
 
nelt =       4, np =        16, nx1 =      15, elements =        64
Solve Time =   0.4386E-08
 
nelt =       4, np =        16, nx1 =      15, elements =        64
Solve Time =   0.4394E-08
 
nelt =       4, np =        16, nx1 =      15, elements =        64
Solve Time =   0.4382E-08
 
nelt =       4, np =        16, nx1 =      15, elements =        64
Solve Time =   0.4381E-08
 
nelt =       4, np =        16, nx1 =      15, elements =        64
Solve Time =   0.4384E-08
 
nelt =       4, np =        16, nx1 =      15, elements =        64
Solve Time =   0.4382E-08
 
nelt =       4, np =        16, nx1 =      15, elements =        64
Solve Time =   0.4562E-08
 
nelt =       4, np =        16, nx1 =      15, elements =        64
Solve Time =   0.4550E-08
 
nelt =       4, np =        16, nx1 =      15, elements =        64
Solve Time =   0.4555E-08
 
nelt =       4, np =        16, nx1 =      15, elements =        64
Solve Time =   0.4549E-08
 
nelt =       4, np =        16, nx1 =      15, elements =        64
Solve Time =   0.4548E-08
 
nelt =       4, np =        16, nx1 =      15, elements =        64
Solve Time =   0.4551E-08
 
nelt =       4, np =        16, nx1 =      15, elements =        64
Solve Time =   0.4556E-08
 
nelt =       4, np =        16, nx1 =      15, elements =        64
Solve Time =   0.4554E-08
 
nelt =       4, np =        16, nx1 =      15, elements =        64
Solve Time =   0.4555E-08
 
nelt =       4, np =        16, nx1 =      15, elements =        64
Solve Time =   0.4555E-08
 
nelt =       4, np =        16, nx1 =      15, elements =        64
Solve Time =   0.4732E-08
 
nelt =       4, np =        16, nx1 =      15, elements =        64
Solve Time =   0.4711E-08
 
nelt =       4, np =        16, nx1 =      15, elements =        64
Solve Time =   0.4712E-08
 
nelt =       4, np =        16, nx1 =      15, elements =        64
Solve Time =   0.4716E-08
 
nelt =       4, np =        16, nx1 =      15, elements =        64
Solve Time =   0.4713E-08
 
nelt =       4, np =        16, nx1 =      15, elements =        64
Solve Time =   0.4721E-08
 
nelt =       4, np =        16, nx1 =      15, elements =        64
Solve Time =   0.4718E-08
 
nelt =       4, np =        16, nx1 =      15, elements =        64
Solve Time =   0.4714E-08
 
nelt =       4, np =        16, nx1 =      15, elements =        64
Solve Time =   0.4714E-08
 
nelt =       4, np =        16, nx1 =      15, elements =        64
Solve Time =   0.4713E-08
 schfile:
 /gpfs/theta-fs1/home/thilina/env/lx15/b6.sch                                   
                                                      
 15       64  1.0000E+00  1.0000E+00  1.0000E+00  error v
 15       64  1.0000E+00  1.0000E+00  1.0000E+00  error v
 15       64  1.0000E+00  1.0000E+00  1.0000E+00  error v
 15       64  1.0000E+00  1.0000E+00  1.0000E+00  error v
 15       64  1.0000E+00  1.0000E+00  1.0000E+00  error v
 15       64  1.0000E+00  1.0000E+00  1.0000E+00  error v
 15       64  1.0000E+00  1.0000E+00  1.0000E+00  error v
 15       64  1.0000E+00  1.0000E+00  1.0000E+00  error v
 15       64  1.0000E+00  1.0000E+00  1.0000E+00  error v
 15       64  1.0000E+00  1.0000E+00  1.0000E+00  error v
 15       64  1.0000E+00  1.0000E+00  1.0000E+00  error v
 15       64  1.0000E+00  1.0000E+00  1.0000E+00  error v
 15       64  1.0000E+00  1.0000E+00  1.0000E+00  error v
 15       64  1.0000E+00  1.0000E+00  1.0000E+00  error v
 15       64  1.0000E+00  1.0000E+00  1.0000E+00  error v
 15       64  1.0000E+00  1.0000E+00  1.0000E+00  error v
 
nelt =       4, np =        16, nx1 =      15, elements =        64
Solve Time =   0.5374E-08
 
nelt =       4, np =        16, nx1 =      15, elements =        64
Solve Time =   0.5359E-08
 
nelt =       4, np =        16, nx1 =      15, elements =        64
Solve Time =   0.5363E-08
 
nelt =       4, np =        16, nx1 =      15, elements =        64
Solve Time =   0.5356E-08
 
nelt =       4, np =        16, nx1 =      15, elements =        64
Solve Time =   0.5370E-08
 
nelt =       4, np =        16, nx1 =      15, elements =        64
Solve Time =   0.5355E-08
 
nelt =       4, np =        16, nx1 =      15, elements =        64
Solve Time =   0.5361E-08
 
nelt =       4, np =        16, nx1 =      15, elements =        64
Solve Time =   0.5372E-08
 
nelt =       4, np =        16, nx1 =      15, elements =        64
Solve Time =   0.5360E-08
 
nelt =       4, np =        16, nx1 =      15, elements =        64
Solve Time =   0.5368E-08
 15       64  2.8040E-08  2.8040E-08  2.8040E-08  error s
 15       64  2.8040E-08  2.8040E-08  2.8040E-08  error s
 15       64  2.8040E-08  2.8040E-08  2.8040E-08  error s
 15       64  2.8040E-08  2.8040E-08  2.8040E-08  error s
 15       64  2.8040E-08  2.8040E-08  2.8040E-08  error s
 15       64  2.8040E-08  2.8040E-08  2.8040E-08  error s
 15       64  2.8040E-08  2.8040E-08  2.8040E-08  error s
 15       64  2.8040E-08  2.8040E-08  2.8040E-08  error s
 15       64  2.8040E-08  2.8040E-08  2.8040E-08  error s
 15       64  2.8040E-08  2.8040E-08  2.8040E-08  error s
 15       64  2.8040E-08  2.8040E-08  2.8040E-08  error s
 15       64  2.8040E-08  2.8040E-08  2.8040E-08  error s
 15       64  2.8040E-08  2.8040E-08  2.8040E-08  error s
 15       64  2.8040E-08  2.8040E-08  2.8040E-08  error s
 15       64  2.8040E-08  2.8040E-08  2.8040E-08  error s
 15       64  2.8040E-08  2.8040E-08  2.8040E-08  error s
 
nelt =       4, np =        16, nx1 =      15, elements =        64
Solve Time =   0.5766E-08
 
nelt =       4, np =        16, nx1 =      15, elements =        64
Solve Time =   0.5745E-08
 
nelt =       4, np =        16, nx1 =      15, elements =        64
Solve Time =   0.5742E-08
 
nelt =       4, np =        16, nx1 =      15, elements =        64
Solve Time =   0.5745E-08
 
nelt =       4, np =        16, nx1 =      15, elements =        64
Solve Time =   0.5757E-08
 
nelt =       4, np =        16, nx1 =      15, elements =        64
Solve Time =   0.5742E-08
 
nelt =       4, np =        16, nx1 =      15, elements =        64
Solve Time =   0.5744E-08
 
nelt =       4, np =        16, nx1 =      15, elements =        64
Solve Time =   0.5745E-08
 
nelt =       4, np =        16, nx1 =      15, elements =        64
Solve Time =   0.5739E-08
 
nelt =       4, np =        16, nx1 =      15, elements =        64
Solve Time =   0.5749E-08
 15       64  2.8105E-08  2.8105E-08  2.8105E-08  error n
 15       64  2.8105E-08  2.8105E-08  2.8105E-08  error n
 15       64  2.8105E-08  2.8105E-08  2.8105E-08  error n
 15       64  2.8105E-08  2.8105E-08  2.8105E-08  error n
 15       64  2.8105E-08  2.8105E-08  2.8105E-08  error n
 15       64  2.8105E-08  2.8105E-08  2.8105E-08  error n
  14       64  100  0.0000E+00  0.0000E+00  0.0000E+00 time for 3 hmholtz
 15       64  2.8105E-08  2.8105E-08  2.8105E-08  error n
 15       64  2.8105E-08  2.8105E-08  2.8105E-08  error n
 15       64  2.8105E-08  2.8105E-08  2.8105E-08  error n
 15       64  2.8105E-08  2.8105E-08  2.8105E-08  error n
 15       64  2.8105E-08  2.8105E-08  2.8105E-08  error n
 15       64  2.8105E-08  2.8105E-08  2.8105E-08  error n
 15       64  2.8105E-08  2.8105E-08  2.8105E-08  error n
 15       64  2.8105E-08  2.8105E-08  2.8105E-08  error n
 15       64  2.8105E-08  2.8105E-08  2.8105E-08  error n
 15       64  2.8105E-08  2.8105E-08  2.8105E-08  error n
EXIT: quit after cggov         14
  
call exitt: dying ...
  
backtrace(): obtained 8 stack frames.
./nek5000() [0x77f335]
./nek5000() [0x963069]
./nek5000() [0x40df9c]
./nek5000() [0x4273b6]
./nek5000() [0x42596e]
./nek5000() [0x4054fe]
/lib64/libc.so.6(__libc_start_main+0xf5) [0x2aaab1ca3b25]
./nek5000() [0x405409]
  
total elapsed time             :   6.77876E+01 sec
total solver time incl. I/O    :   0.00000E+00 sec
time/timestep                  :   0.00000E+00 sec
CPU seconds/timestep/gridpt    :   0.00000E+00 sec

Application 2258481 resources: utime ~1050s, stime ~27s, Rss ~57904, inblocks ~0, outblocks ~0
