/----------------------------------------------------------\\
|      _   __ ______ __ __  ______  ____   ____   ____     |
|     / | / // ____// //_/ / ____/ / __ \\/ __ \\/ __ \\   |
|    /  |/ // __/  / ,<   /___ \\ / / / // / / // / / /    |
|   / /|  // /___ / /| | ____/ / / /_/ // /_/ // /_/ /     |
|  /_/ |_//_____//_/ |_|/_____/  \\___/ \\___/ \\___/      |
|                                                          |
|----------------------------------------------------------|
|                                                          |
| NEK5000:  Open Source Spectral Element Solver            |
| COPYRIGHT (c) 2008-2016 UCHICAGO ARGONNE, LLC            |
| Version:  16.0.0                                         |
| Web:      http://nek5000.mcs.anl.gov                     |
|                                                          |
\\----------------------------------------------------------/
                                                              

 Number of processors:          16
 REAL    wdsize      :           8
 INTEGER wdsize      :           4
 Timer accuracy      : 5.01E-07
 Reading /gpfs/theta-fs1/home/thilina/env/lx15/b8.rea                                                                                        

 mapping elements to processors
 Reading /gpfs/theta-fs1/home/thilina/env/lx15/b8.map                                                                                        
           0          16          16         256         256  NELV
           4          16          16         256         256  NELV
           7          16          16         256         256  NELV
           2          16          16         256         256  NELV
           6          16          16         256         256  NELV
          11          16          16         256         256  NELV
          15          16          16         256         256  NELV
           1          16          16         256         256  NELV
           5          16          16         256         256  NELV
          12          16          16         256         256  NELV
           3          16          16         256         256  NELV
          13          16          16         256         256  NELV
           9          16          16         256         256  NELV
          14          16          16         256         256  NELV
           8          16          16         256         256  NELV
          10          16          16         256         256  NELV
 RANK     0 IEG     209     210     211     212     213     214     215     216
                    241     242     243     244     245     246     247     248
 element load imbalance:            0          16          16
 done :: mapping elements to processors
  
           0  objects found
 118   Parameters from file:
   1      1.00000     p001 DENSITY
   2     -100.000     p002 VISCOS
   7      1.00000     p007 RHOCP
   8      1.00000     p008 CONDUCT
  11      1.00        p011 NSTEPS
  12    -0.500000E-02 p012 DT
  21     0.100000E-05 p021 DIVERGENCE
  22     0.100000E-07 p022 HELMHOLTZ
  24     0.100000E-09 p024 TOLREL
  25     0.100000E-09 p025 TOLABS
  26     0.250000     p026 COURANT/NTAU
  27      2.00000     p027 TORDER
  66      6.00000     p066 output : <0=ascii, else binary
  67      6.00000     p067 restart: <0=ascii, else binary
  99      3.00000     p099 dealiasing: <0--> off/3--> old/4--> new
 103     0.500000E-01 p103 weight of stabilizing filter (.01)
  
 nelgt/nelgv/lelt:         256         256         100
 lx1  /lx2  /lx3 :          15          15          15
 done :: read .rea file   0.74335E-01 sec

 setup mesh topology
   Right-handed check complete for     256 elements. OK.
   setvert3d:  15      165401      727833      165401      165401
 call usrsetvert
 done :: usrsetvert

gs_setup: 38133 unique labels shared
   pairwise times (avg, min, max): 6.37338e-05 6.04153e-05 6.74009e-05
   crystal router                : 0.000277622 0.000274587 0.000279617
   all reduce                    : 0.000661121 0.000660205 0.000661802
   used all_to_all method: pairwise
   handle bytes (avg, min, max): 256432 217276 295372
   buffer bytes (avg, min, max): 81396 53808 109440
   setupds time 1.1039E-01 seconds   0 15      165401         256
           8  max multiplicity
 done :: setup mesh topology
  
 call usrdat
 done :: usrdat

 generate geometry data
 done :: generate geometry data
  
 call usrdat2
 done :: usrdat2

 regenerate geometry data           1
 NOTE: All elements deformed , param(59) ^=0
 done :: regenerate geometry data           1
  
 verify mesh topology
  0.000000000000000E+000   1.00000000000000       Xrange
  0.000000000000000E+000   1.00000000000000       Yrange
  0.000000000000000E+000   1.00000000000000       Zrange
 done :: verify mesh topology
  
 IFTRAN   = T
 IFFLOW   = T
 IFHEAT   = F
 IFSPLIT  = T
 IFLOMACH = F
 IFUSERVP = F
 IFUSERMV = F
 IFSTRS   = F
 IFCHAR   = F
 IFCYCLIC = F
 IFAXIS   = F
 IFMVBD   = F
 IFMELT   = F
 IFMODEL  = F
 IFKEPS   = F
 IFMOAB   = F
 IFNEKNEK = F
 IFSYNC   = T
   
 IFVCOR   = T
 IFINTQ   = F
 IFCWUZ   = F
 IFSWALL  = F
 IFGEOM   = F
 IFSURT   = F
 IFWCNO   = F
   
 IFTMSH for field           1    =  F
 IFADVC for field           1    =  T
 IFNONL for field           1    =  F
   
 Dealiasing enabled, lxd=          22
  
 Estimated eigenvalues
 EIGAA =    9.86960440108936     
 EIGGA =    2308871.26283265     
 EIGAE =    9.86960440108936     
 EIGAS =   8.333333333333333E-002
 EIGGE =    2308871.26283265     
 EIGGS =    2.00000000000000     
  
 verify mesh topology
  0.000000000000000E+000   1.00000000000000       Xrange
  0.000000000000000E+000   1.00000000000000       Yrange
  0.000000000000000E+000   1.00000000000000       Zrange
 done :: verify mesh topology
  
  E-solver strategy:  0 itr
 mg_nx:           1           7          14
 mg_ny:           1           7          14
 mg_nz:           1           7          14
 call usrsetvert
 done :: usrsetvert

gs_setup: 225 unique labels shared
   pairwise times (avg, min, max): 1.90765e-05 1.81198e-05 2.04086e-05
   crystal router                : 9.01818e-06 8.82149e-06 9.10759e-06
   all reduce                    : 3.76195e-05 3.75032e-05 3.77178e-05
   used all_to_all method: crystal router
   handle bytes (avg, min, max): 8020 6580 9220
   buffer bytes (avg, min, max): 1380 1120 1600
   setupds time 3.9330E-03 seconds   1  2         405         256
   setvert3d:   4        6077        8125        6077        6077
 call usrsetvert
 done :: usrsetvert

gs_setup: 1833 unique labels shared
   pairwise times (avg, min, max): 2.04638e-05 1.9598e-05 2.16007e-05
   crystal router                : 1.97053e-05 1.94073e-05 2.00987e-05
   all reduce                    : 8.25688e-05 8.18014e-05 8.33035e-05
   used all_to_all method: crystal router
   handle bytes (avg, min, max): 50724 38868 61956
   buffer bytes (avg, min, max): 10244 7904 12480
   setupds time 9.1529E-03 seconds   2  4        6077         256
   setvert3d:   8       38925       94221       38925       38925
 call usrsetvert
 done :: usrsetvert

gs_setup: 9657 unique labels shared
   pairwise times (avg, min, max): 2.53931e-05 2.42949e-05 2.63929e-05
   crystal router                : 6.49542e-05 6.39915e-05 6.57797e-05
   all reduce                    : 0.000293869 0.00029211 0.000296092
   used all_to_all method: pairwise
   handle bytes (avg, min, max): 67320 57116 77420
   buffer bytes (avg, min, max): 21924 14384 29696
   setupds time 2.8233E-02 seconds   3  8       38925         256
   setvert3d:  10       66101      197173       66101       66101
 call usrsetvert
 done :: usrsetvert

gs_setup: 15873 unique labels shared
   pairwise times (avg, min, max): 3.00348e-05 2.90871e-05 3.22104e-05
   crystal router                : 0.000105773 0.000104213 0.000107002
   all reduce                    : 0.000436887 0.000433517 0.000441504
   used all_to_all method: pairwise
   handle bytes (avg, min, max): 108872 92316 125292
   buffer bytes (avg, min, max): 35076 23088 47360
   setupds time 4.2208E-02 seconds   4 10       66101         256
 regenerate geometry data           1
 NOTE: All elements deformed , param(59) ^=0
 done :: regenerate geometry data           1
  
 h1_mg_nx:           1           3          14
 h1_mg_ny:           1           3          14
 h1_mg_nz:           1           3          14
 call usrsetvert
 done :: usrsetvert

gs_setup: 225 unique labels shared
   pairwise times (avg, min, max): 1.93104e-05 1.85966e-05 2.02894e-05
   crystal router                : 8.86917e-06 8.79765e-06 8.89301e-06
   all reduce                    : 3.88369e-05 3.86e-05 3.90053e-05
   used all_to_all method: crystal router
   handle bytes (avg, min, max): 8020 6580 9220
   buffer bytes (avg, min, max): 1380 1120 1600
   setupds time 3.9780E-03 seconds   5  2         405         256
   setvert3d:   4        6077        8125        6077        6077
 call usrsetvert
 done :: usrsetvert

gs_setup: 1833 unique labels shared
   pairwise times (avg, min, max): 1.83791e-05 1.76907e-05 1.94073e-05
   crystal router                : 1.80021e-05 1.77145e-05 1.85966e-05
   all reduce                    : 9.03264e-05 8.95977e-05 9.10997e-05
   used all_to_all method: crystal router
   handle bytes (avg, min, max): 50724 38868 61956
   buffer bytes (avg, min, max): 10244 7904 12480
   setupds time 8.9130E-03 seconds   6  4        6077         256
   setvert3d:   4        6077        8125        6077        6077
 call usrsetvert
 done :: usrsetvert

gs_setup: 1833 unique labels shared
   pairwise times (avg, min, max): 1.90318e-05 1.83105e-05 2.00987e-05
   crystal router                : 1.93745e-05 1.90973e-05 1.98126e-05
   all reduce                    : 7.47681e-05 7.41959e-05 7.52926e-05
   used all_to_all method: crystal router
   handle bytes (avg, min, max): 50724 38868 61956
   buffer bytes (avg, min, max): 10244 7904 12480
   setupds time 8.3101E-03 seconds   7  4        6077         256
   setvert3d:   6       18917       35301       18917       18917
 call usrsetvert
 done :: usrsetvert

gs_setup: 4977 unique labels shared
   pairwise times (avg, min, max): 2.5706e-05 2.41041e-05 2.72036e-05
   crystal router                : 4.27812e-05 4.24862e-05 4.31061e-05
   all reduce                    : 0.000161068 0.000159812 0.000162101
   used all_to_all method: pairwise
   handle bytes (avg, min, max): 35752 30364 41068
   buffer bytes (avg, min, max): 11844 7728 16128
   setupds time 1.6004E-02 seconds   8  6       18917         256
   setvert3d:  15      165401      727833      165401      165401
 call usrsetvert
 done :: usrsetvert

gs_setup: 38133 unique labels shared
   pairwise times (avg, min, max): 4.36276e-05 4.17948e-05 4.58956e-05
   crystal router                : 0.000250985 0.000247598 0.000254083
   all reduce                    : 0.000645526 0.000644112 0.000647402
   used all_to_all method: pairwise
   handle bytes (avg, min, max): 256432 217276 295372
   buffer bytes (avg, min, max): 81396 53808 109440
   setupds time 1.0375E-01 seconds   9 15      165401         256
   setvert3d:  17      217665     1081665      217665      217665
 call usrsetvert
 done :: usrsetvert

gs_setup: 49725 unique labels shared
   pairwise times (avg, min, max): 4.5836e-05 4.41074e-05 4.84228e-05
   crystal router                : 0.000331931 0.000328708 0.000335312
   all reduce                    : 0.000828885 0.000824809 0.000831604
   used all_to_all method: pairwise
   handle bytes (avg, min, max): 332928 282044 383564
   buffer bytes (avg, min, max): 105300 69680 141440
   setupds time 1.4882E-01 seconds  10 17      217665         256
 setup h1 coarse grid, nx_crs=           2
 call usrsetvert
 done :: usrsetvert

gs_setup: 225 unique labels shared
   pairwise times (avg, min, max): 1.66908e-05 1.60933e-05 1.80006e-05
   crystal router                : 8.96305e-06 8.79765e-06 9.20296e-06
   all reduce                    : 3.56421e-05 3.54052e-05 3.58105e-05
   used all_to_all method: crystal router
   handle bytes (avg, min, max): 8020 6580 9220
   buffer bytes (avg, min, max): 1380 1120 1600
 done :: setup h1 coarse grid   3.904008865356445E-002  sec
  
 call usrdat3
 done :: usrdat3

 set initial conditions
 nekuic (1) for ifld            1
 call nekuic for vel  
 xyz min     0.0000       0.0000       0.0000    
 uvwpt min   0.0000       0.0000       0.0000       0.0000       0.0000    
 PS min      0.0000       0.0000      0.99000E+22
 xyz max     1.0000       1.0000       1.0000    
 uvwpt max   0.0000       0.0000       0.0000       0.0000       0.0000    
 PS max      0.0000       0.0000     -0.99000E+22
 done :: set initial conditions
  
 call userchk
GFM max:  3.1953E-04  1.2781E-03  1.2781E-03  9.7302E-17  9.7302E-17  2.1810E-16
 
nelt =      16, np =        16, nx1 =      15, elements =       256
Solve Time =   0.4569E-08
 
nelt =      16, np =        16, nx1 =      15, elements =       256
Solve Time =   0.4546E-08
 
nelt =      16, np =        16, nx1 =      15, elements =       256
Solve Time =   0.4546E-08
 
nelt =      16, np =        16, nx1 =      15, elements =       256
Solve Time =   0.4547E-08
 
nelt =      16, np =        16, nx1 =      15, elements =       256
Solve Time =   0.4547E-08
 
nelt =      16, np =        16, nx1 =      15, elements =       256
Solve Time =   0.4547E-08
 
nelt =      16, np =        16, nx1 =      15, elements =       256
Solve Time =   0.4546E-08
 
nelt =      16, np =        16, nx1 =      15, elements =       256
Solve Time =   0.4545E-08
 
nelt =      16, np =        16, nx1 =      15, elements =       256
Solve Time =   0.4549E-08
 
nelt =      16, np =        16, nx1 =      15, elements =       256
Solve Time =   0.4545E-08
 
nelt =      16, np =        16, nx1 =      15, elements =       256
Solve Time =   0.4035E-08
 
nelt =      16, np =        16, nx1 =      15, elements =       256
Solve Time =   0.4035E-08
 
nelt =      16, np =        16, nx1 =      15, elements =       256
Solve Time =   0.4032E-08
 
nelt =      16, np =        16, nx1 =      15, elements =       256
Solve Time =   0.4031E-08
 
nelt =      16, np =        16, nx1 =      15, elements =       256
Solve Time =   0.4030E-08
 
nelt =      16, np =        16, nx1 =      15, elements =       256
Solve Time =   0.4034E-08
 
nelt =      16, np =        16, nx1 =      15, elements =       256
Solve Time =   0.4031E-08
 
nelt =      16, np =        16, nx1 =      15, elements =       256
Solve Time =   0.4032E-08
 
nelt =      16, np =        16, nx1 =      15, elements =       256
Solve Time =   0.4032E-08
 
nelt =      16, np =        16, nx1 =      15, elements =       256
Solve Time =   0.4031E-08
 
nelt =      16, np =        16, nx1 =      15, elements =       256
Solve Time =   0.4201E-08
 
nelt =      16, np =        16, nx1 =      15, elements =       256
Solve Time =   0.4203E-08
 
nelt =      16, np =        16, nx1 =      15, elements =       256
Solve Time =   0.4198E-08
 
nelt =      16, np =        16, nx1 =      15, elements =       256
Solve Time =   0.4198E-08
 
nelt =      16, np =        16, nx1 =      15, elements =       256
Solve Time =   0.4198E-08
 
nelt =      16, np =        16, nx1 =      15, elements =       256
Solve Time =   0.4200E-08
 
nelt =      16, np =        16, nx1 =      15, elements =       256
Solve Time =   0.4198E-08
 
nelt =      16, np =        16, nx1 =      15, elements =       256
Solve Time =   0.4200E-08
 
nelt =      16, np =        16, nx1 =      15, elements =       256
Solve Time =   0.4201E-08
 
nelt =      16, np =        16, nx1 =      15, elements =       256
Solve Time =   0.4198E-08
 
nelt =      16, np =        16, nx1 =      15, elements =       256
Solve Time =   0.4368E-08
 
nelt =      16, np =        16, nx1 =      15, elements =       256
Solve Time =   0.4362E-08
 
nelt =      16, np =        16, nx1 =      15, elements =       256
Solve Time =   0.4361E-08
 
nelt =      16, np =        16, nx1 =      15, elements =       256
Solve Time =   0.4361E-08
 
nelt =      16, np =        16, nx1 =      15, elements =       256
Solve Time =   0.4359E-08
 
nelt =      16, np =        16, nx1 =      15, elements =       256
Solve Time =   0.4360E-08
 
nelt =      16, np =        16, nx1 =      15, elements =       256
Solve Time =   0.4361E-08
 
nelt =      16, np =        16, nx1 =      15, elements =       256
Solve Time =   0.4362E-08
 
nelt =      16, np =        16, nx1 =      15, elements =       256
Solve Time =   0.4360E-08
 
nelt =      16, np =        16, nx1 =      15, elements =       256
Solve Time =   0.4365E-08
 
nelt =      16, np =        16, nx1 =      15, elements =       256
Solve Time =   0.4534E-08
 
nelt =      16, np =        16, nx1 =      15, elements =       256
Solve Time =   0.4530E-08
 
nelt =      16, np =        16, nx1 =      15, elements =       256
Solve Time =   0.4530E-08
 
nelt =      16, np =        16, nx1 =      15, elements =       256
Solve Time =   0.4529E-08
 
nelt =      16, np =        16, nx1 =      15, elements =       256
Solve Time =   0.4529E-08
 
nelt =      16, np =        16, nx1 =      15, elements =       256
Solve Time =   0.4527E-08
 
nelt =      16, np =        16, nx1 =      15, elements =       256
Solve Time =   0.4529E-08
 
nelt =      16, np =        16, nx1 =      15, elements =       256
Solve Time =   0.4528E-08
 
nelt =      16, np =        16, nx1 =      15, elements =       256
Solve Time =   0.4529E-08
 
nelt =      16, np =        16, nx1 =      15, elements =       256
Solve Time =   0.4528E-08
 schfile:
 /gpfs/theta-fs1/home/thilina/env/lx15/b8.sch                                   
                                                      
 15      256  1.0000E+00  1.0000E+00  1.0000E+00  error v
 15      256  1.0000E+00  1.0000E+00  1.0000E+00  error v
 15      256  1.0000E+00  1.0000E+00  1.0000E+00  error v
 15      256  1.0000E+00  1.0000E+00  1.0000E+00  error v
 15      256  1.0000E+00  1.0000E+00  1.0000E+00  error v
 15      256  1.0000E+00  1.0000E+00  1.0000E+00  error v
 15      256  1.0000E+00  1.0000E+00  1.0000E+00  error v
 15      256  1.0000E+00  1.0000E+00  1.0000E+00  error v
 15      256  1.0000E+00  1.0000E+00  1.0000E+00  error v
 15      256  1.0000E+00  1.0000E+00  1.0000E+00  error v
 15      256  1.0000E+00  1.0000E+00  1.0000E+00  error v
 15      256  1.0000E+00  1.0000E+00  1.0000E+00  error v
 15      256  1.0000E+00  1.0000E+00  1.0000E+00  error v
 15      256  1.0000E+00  1.0000E+00  1.0000E+00  error v
 15      256  1.0000E+00  1.0000E+00  1.0000E+00  error v
 15      256  1.0000E+00  1.0000E+00  1.0000E+00  error v
 
nelt =      16, np =        16, nx1 =      15, elements =       256
Solve Time =   0.4978E-08
 
nelt =      16, np =        16, nx1 =      15, elements =       256
Solve Time =   0.4976E-08
 
nelt =      16, np =        16, nx1 =      15, elements =       256
Solve Time =   0.4976E-08
 
nelt =      16, np =        16, nx1 =      15, elements =       256
Solve Time =   0.4978E-08
 
nelt =      16, np =        16, nx1 =      15, elements =       256
Solve Time =   0.4972E-08
 
nelt =      16, np =        16, nx1 =      15, elements =       256
Solve Time =   0.4982E-08
 
nelt =      16, np =        16, nx1 =      15, elements =       256
Solve Time =   0.4974E-08
 
nelt =      16, np =        16, nx1 =      15, elements =       256
Solve Time =   0.4978E-08
 
nelt =      16, np =        16, nx1 =      15, elements =       256
Solve Time =   0.4979E-08
 
nelt =      16, np =        16, nx1 =      15, elements =       256
Solve Time =   0.4975E-08
 15      256  2.9437E-05  2.9437E-05  2.9437E-05  error s
 15      256  2.9437E-05  2.9437E-05  2.9437E-05  error s
 15      256  2.9437E-05  2.9437E-05  2.9437E-05  error s
 15      256  2.9437E-05  2.9437E-05  2.9437E-05  error s
 15      256  2.9437E-05  2.9437E-05  2.9437E-05  error s
 15      256  2.9437E-05  2.9437E-05  2.9437E-05  error s
 15      256  2.9437E-05  2.9437E-05  2.9437E-05  error s
 15      256  2.9437E-05  2.9437E-05  2.9437E-05  error s
 15      256  2.9437E-05  2.9437E-05  2.9437E-05  error s
 15      256  2.9437E-05  2.9437E-05  2.9437E-05  error s
 15      256  2.9437E-05  2.9437E-05  2.9437E-05  error s
 15      256  2.9437E-05  2.9437E-05  2.9437E-05  error s
 15      256  2.9437E-05  2.9437E-05  2.9437E-05  error s
 15      256  2.9437E-05  2.9437E-05  2.9437E-05  error s
 15      256  2.9437E-05  2.9437E-05  2.9437E-05  error s
 15      256  2.9437E-05  2.9437E-05  2.9437E-05  error s
 
nelt =      16, np =        16, nx1 =      15, elements =       256
Solve Time =   0.5571E-08
 
nelt =      16, np =        16, nx1 =      15, elements =       256
Solve Time =   0.5566E-08
 
nelt =      16, np =        16, nx1 =      15, elements =       256
Solve Time =   0.5569E-08
 
nelt =      16, np =        16, nx1 =      15, elements =       256
Solve Time =   0.5568E-08
 
nelt =      16, np =        16, nx1 =      15, elements =       256
Solve Time =   0.5570E-08
 
nelt =      16, np =        16, nx1 =      15, elements =       256
Solve Time =   0.5566E-08
 
nelt =      16, np =        16, nx1 =      15, elements =       256
Solve Time =   0.5567E-08
 
nelt =      16, np =        16, nx1 =      15, elements =       256
Solve Time =   0.5566E-08
 
nelt =      16, np =        16, nx1 =      15, elements =       256
Solve Time =   0.5567E-08
 
nelt =      16, np =        16, nx1 =      15, elements =       256
Solve Time =   0.5569E-08
 15      256  2.9620E-05  2.9620E-05  2.9620E-05  error n
 15      256  2.9620E-05  2.9620E-05  2.9620E-05  error n
 15      256  2.9620E-05  2.9620E-05  2.9620E-05  error n
 15      256  2.9620E-05  2.9620E-05  2.9620E-05  error n
 15      256  2.9620E-05  2.9620E-05  2.9620E-05  error n
 15      256  2.9620E-05  2.9620E-05  2.9620E-05  error n
 15      256  2.9620E-05  2.9620E-05  2.9620E-05  error n
 15      256  2.9620E-05  2.9620E-05  2.9620E-05  error n
 15      256  2.9620E-05  2.9620E-05  2.9620E-05  error n
 15      256  2.9620E-05  2.9620E-05  2.9620E-05  error n
  14      256  100  0.0000E+00  0.0000E+00  0.0000E+00 time for 3 hmholtz
 15      256  2.9620E-05  2.9620E-05  2.9620E-05  error n
 15      256  2.9620E-05  2.9620E-05  2.9620E-05  error n
 15      256  2.9620E-05  2.9620E-05  2.9620E-05  error n
 15      256  2.9620E-05  2.9620E-05  2.9620E-05  error n
 15      256  2.9620E-05  2.9620E-05  2.9620E-05  error n
 15      256  2.9620E-05  2.9620E-05  2.9620E-05  error n
EXIT: quit after cggov         14
  
call exitt: dying ...
  
backtrace(): obtained 8 stack frames.
./nek5000() [0x77f335]
./nek5000() [0x963069]
./nek5000() [0x40df9c]
./nek5000() [0x4273b6]
./nek5000() [0x42596e]
./nek5000() [0x4054fe]
/lib64/libc.so.6(__libc_start_main+0xf5) [0x2aaab1ca3b25]
./nek5000() [0x405409]
  
total elapsed time             :   2.66444E+02 sec
total solver time incl. I/O    :   0.00000E+00 sec
time/timestep                  :   0.00000E+00 sec
CPU seconds/timestep/gridpt    :   0.00000E+00 sec

Application 2258561 resources: utime ~4124s, stime ~96s, Rss ~102140, inblocks ~0, outblocks ~0
