/----------------------------------------------------------\\
|      _   __ ______ __ __  ______  ____   ____   ____     |
|     / | / // ____// //_/ / ____/ / __ \\/ __ \\/ __ \\   |
|    /  |/ // __/  / ,<   /___ \\ / / / // / / // / / /    |
|   / /|  // /___ / /| | ____/ / / /_/ // /_/ // /_/ /     |
|  /_/ |_//_____//_/ |_|/_____/  \\___/ \\___/ \\___/      |
|                                                          |
|----------------------------------------------------------|
|                                                          |
| NEK5000:  Open Source Spectral Element Solver            |
| COPYRIGHT (c) 2008-2016 UCHICAGO ARGONNE, LLC            |
| Version:  16.0.0                                         |
| Web:      http://nek5000.mcs.anl.gov                     |
|                                                          |
\\----------------------------------------------------------/
                                                              

 Number of processors:          32
 REAL    wdsize      :           8
 INTEGER wdsize      :           4
 Timer accuracy      : 2.86E-07
 Reading /gpfs/theta-fs1/home/thilina/env/lx15/b7.rea                                                                                        

 mapping elements to processors
 Reading /gpfs/theta-fs1/home/thilina/env/lx15/b7.map                                                                                        
           0           4           4         128         128  NELV
          14           4           4         128         128  NELV
          31           4           4         128         128  NELV
           9           4           4         128         128  NELV
          30           4           4         128         128  NELV
          13           4           4         128         128  NELV
          27           4           4         128         128  NELV
          19           4           4         128         128  NELV
           4           4           4         128         128  NELV
           6           4           4         128         128  NELV
           8           4           4         128         128  NELV
          23           4           4         128         128  NELV
           7           4           4         128         128  NELV
          15           4           4         128         128  NELV
          10           4           4         128         128  NELV
          20           4           4         128         128  NELV
          24           4           4         128         128  NELV
          17           4           4         128         128  NELV
          26           4           4         128         128  NELV
          18           4           4         128         128  NELV
          16           4           4         128         128  NELV
          22           4           4         128         128  NELV
          28           4           4         128         128  NELV
          25           4           4         128         128  NELV
           5           4           4         128         128  NELV
          21           4           4         128         128  NELV
           3           4           4         128         128  NELV
          12           4           4         128         128  NELV
          29           4           4         128         128  NELV
          11           4           4         128         128  NELV
           2           4           4         128         128  NELV
           1           4           4         128         128  NELV
 RANK     0 IEG     113     114     117     118
 element load imbalance:            0           4           4
 done :: mapping elements to processors
  
           0  objects found
 118   Parameters from file:
   1      1.00000     p001 DENSITY
   2     -100.000     p002 VISCOS
   7      1.00000     p007 RHOCP
   8      1.00000     p008 CONDUCT
  11      1.00        p011 NSTEPS
  12    -0.500000E-02 p012 DT
  21     0.100000E-05 p021 DIVERGENCE
  22     0.100000E-07 p022 HELMHOLTZ
  24     0.100000E-09 p024 TOLREL
  25     0.100000E-09 p025 TOLABS
  26     0.250000     p026 COURANT/NTAU
  27      2.00000     p027 TORDER
  66      6.00000     p066 output : <0=ascii, else binary
  67      6.00000     p067 restart: <0=ascii, else binary
  99      3.00000     p099 dealiasing: <0--> off/3--> old/4--> new
 103     0.500000E-01 p103 weight of stabilizing filter (.01)
  
 nelgt/nelgv/lelt:         128         128         100
 lx1  /lx2  /lx3 :          15          15          15
 done :: read .rea file   0.86220E-01 sec

 setup mesh topology
   Right-handed check complete for     128 elements. OK.
   setvert3d:  15       85921      367137       85921       85921
 call usrsetvert
 done :: usrsetvert

gs_setup: 34721 unique labels shared
   pairwise times (avg, min, max): 4.34749e-05 3.93152e-05 5.09977e-05
   crystal router                : 0.000147116 0.000144792 0.000149107
   all reduce                    : 0.000726463 0.000724411 0.000728416
   used all_to_all method: pairwise
   handle bytes (avg, min, max): 76508 61628 81468
   buffer bytes (avg, min, max): 39360 28560 42960
   setupds time 6.0707E-02 seconds   0 15       85921         128
           8  max multiplicity
 done :: setup mesh topology
  
 call usrdat
 done :: usrdat

 generate geometry data
 done :: generate geometry data
  
 call usrdat2
 done :: usrdat2

 regenerate geometry data           1
 NOTE: All elements deformed , param(59) ^=0
 done :: regenerate geometry data           1
  
 verify mesh topology
  0.000000000000000E+000   1.00000000000000       Xrange
  0.000000000000000E+000   1.00000000000000       Yrange
  0.000000000000000E+000   1.00000000000000       Zrange
 done :: verify mesh topology
  
 IFTRAN   = T
 IFFLOW   = T
 IFHEAT   = F
 IFSPLIT  = T
 IFLOMACH = F
 IFUSERVP = F
 IFUSERMV = F
 IFSTRS   = F
 IFCHAR   = F
 IFCYCLIC = F
 IFAXIS   = F
 IFMVBD   = F
 IFMELT   = F
 IFMODEL  = F
 IFKEPS   = F
 IFMOAB   = F
 IFNEKNEK = F
 IFSYNC   = T
   
 IFVCOR   = T
 IFINTQ   = F
 IFCWUZ   = F
 IFSWALL  = F
 IFGEOM   = F
 IFSURT   = F
 IFWCNO   = F
   
 IFTMSH for field           1    =  F
 IFADVC for field           1    =  T
 IFNONL for field           1    =  F
   
 Dealiasing enabled, lxd=          22
  
 Estimated eigenvalues
 EIGAA =    9.86960440108936     
 EIGGA =    1156186.48872803     
 EIGAE =    9.86960440108936     
 EIGAS =   8.333333333333333E-002
 EIGGE =    1156186.48872803     
 EIGGS =    2.00000000000000     
  
 verify mesh topology
  0.000000000000000E+000   1.00000000000000       Xrange
  0.000000000000000E+000   1.00000000000000       Yrange
  0.000000000000000E+000   1.00000000000000       Zrange
 done :: verify mesh topology
  
  E-solver strategy:  0 itr
 mg_nx:           1           7          14
 mg_ny:           1           7          14
 mg_nz:           1           7          14
 call usrsetvert
 done :: usrsetvert

gs_setup: 193 unique labels shared
   pairwise times (avg, min, max): 3.63149e-05 3.34024e-05 3.9506e-05
   crystal router                : 1.27271e-05 1.25885e-05 1.28984e-05
   all reduce                    : 4.02041e-05 3.99828e-05 4.04835e-05
   used all_to_all method: crystal router
   handle bytes (avg, min, max): 5046 4332 5556
   buffer bytes (avg, min, max): 700 624 768
   setupds time 4.3831E-03 seconds   1  2         225         128
   setvert3d:   4        3201        4225        3201        3201
 call usrsetvert
 done :: usrsetvert

gs_setup: 1633 unique labels shared
   pairwise times (avg, min, max): 2.88129e-05 2.43902e-05 3.45945e-05
   crystal router                : 2.23003e-05 1.98126e-05 2.47002e-05
   all reduce                    : 8.19169e-05 8.111e-05 8.2612e-05
   used all_to_all method: crystal router
   handle bytes (avg, min, max): 26486 21068 29876
   buffer bytes (avg, min, max): 4316 3584 4784
   setupds time 7.6540E-03 seconds   2  4        3201         128
   setvert3d:   8       20289       47937       20289       20289
 call usrsetvert
 done :: usrsetvert

gs_setup: 8737 unique labels shared
   pairwise times (avg, min, max): 3.13193e-05 2.86818e-05 3.52859e-05
   crystal router                : 3.82751e-05 3.80039e-05 3.87907e-05
   all reduce                    : 0.000297181 0.000295687 0.000299811
   used all_to_all method: pairwise
   handle bytes (avg, min, max): 20900 16940 22220
   buffer bytes (avg, min, max): 11136 8064 12160
   setupds time 1.8746E-02 seconds   3  8       20289         128
   setvert3d:  10       34401       99937       34401       34401
 call usrsetvert
 done :: usrsetvert

gs_setup: 14401 unique labels shared
   pairwise times (avg, min, max): 3.29837e-05 3.13997e-05 3.55959e-05
   crystal router                : 5.36494e-05 5.28812e-05 5.45025e-05
   all reduce                    : 0.000477856 0.000475311 0.000482893
   used all_to_all method: pairwise
   handle bytes (avg, min, max): 33188 26828 35308
   buffer bytes (avg, min, max): 17440 12640 19040
   setupds time 2.5994E-02 seconds   4 10       34401         128
 regenerate geometry data           1
 NOTE: All elements deformed , param(59) ^=0
 done :: regenerate geometry data           1
  
 h1_mg_nx:           1           3          14
 h1_mg_ny:           1           3          14
 h1_mg_nz:           1           3          14
 call usrsetvert
 done :: usrsetvert

gs_setup: 193 unique labels shared
   pairwise times (avg, min, max): 2.97844e-05 2.52962e-05 3.47853e-05
   crystal router                : 1.41107e-05 1.4019e-05 1.42097e-05
   all reduce                    : 4.37669e-05 4.35829e-05 4.40121e-05
   used all_to_all method: crystal router
   handle bytes (avg, min, max): 5046 4332 5556
   buffer bytes (avg, min, max): 700 624 768
   setupds time 4.7131E-03 seconds   5  2         225         128
   setvert3d:   4        3201        4225        3201        3201
 call usrsetvert
 done :: usrsetvert

gs_setup: 1633 unique labels shared
   pairwise times (avg, min, max): 2.61284e-05 2.31028e-05 3.05176e-05
   crystal router                : 1.86302e-05 1.83105e-05 1.92881e-05
   all reduce                    : 8.2238e-05 8.14199e-05 8.30173e-05
   used all_to_all method: crystal router
   handle bytes (avg, min, max): 26486 21068 29876
   buffer bytes (avg, min, max): 4316 3584 4784
   setupds time 7.6311E-03 seconds   6  4        3201         128
   setvert3d:   4        3201        4225        3201        3201
 call usrsetvert
 done :: usrsetvert

gs_setup: 1633 unique labels shared
   pairwise times (avg, min, max): 2.61575e-05 2.42949e-05 2.81811e-05
   crystal router                : 1.72436e-05 1.69992e-05 1.75953e-05
   all reduce                    : 8.28601e-05 8.2016e-05 8.41141e-05
   used all_to_all method: crystal router
   handle bytes (avg, min, max): 26486 21068 29876
   buffer bytes (avg, min, max): 4316 3584 4784
   setupds time 6.6271E-03 seconds   7  4        3201         128
   setvert3d:   6        9889       18081        9889        9889
 call usrsetvert
 done :: usrsetvert

gs_setup: 4481 unique labels shared
   pairwise times (avg, min, max): 3.36558e-05 2.85149e-05 3.80039e-05
   crystal router                : 3.02412e-05 2.96831e-05 3.06129e-05
   all reduce                    : 0.000161168 0.000159502 0.000162101
   used all_to_all method: crystal router
   handle bytes (avg, min, max): 66166 51628 74932
   buffer bytes (avg, min, max): 11152 9072 12432
   setupds time 1.0433E-02 seconds   8  6        9889         128
   setvert3d:  15       85921      367137       85921       85921
 call usrsetvert
 done :: usrsetvert

gs_setup: 34721 unique labels shared
   pairwise times (avg, min, max): 4.42021e-05 4.13895e-05 4.85182e-05
   crystal router                : 0.000152716 0.000150323 0.000155497
   all reduce                    : 0.000675863 0.000673199 0.000678301
   used all_to_all method: pairwise
   handle bytes (avg, min, max): 76508 61628 81468
   buffer bytes (avg, min, max): 39360 28560 42960
   setupds time 4.9813E-02 seconds   9 15       85921         128
   setvert3d:  17      113025      545025      113025      113025
 call usrsetvert
 done :: usrsetvert

gs_setup: 45313 unique labels shared
   pairwise times (avg, min, max): 4.93549e-05 4.60148e-05 5.35965e-05
   crystal router                : 0.00018921 0.000186396 0.000191498
   all reduce                    : 0.00085552 0.000850797 0.000858092
   used all_to_all method: pairwise
   handle bytes (avg, min, max): 98876 79580 105308
   buffer bytes (avg, min, max): 50592 36720 55216
   setupds time 6.4111E-02 seconds  10 17      113025         128
 setup h1 coarse grid, nx_crs=           2
 call usrsetvert
 done :: usrsetvert

gs_setup: 193 unique labels shared
   pairwise times (avg, min, max): 2.43559e-05 2.07901e-05 2.7895e-05
   crystal router                : 1.98193e-05 1.93119e-05 2.0504e-05
   all reduce                    : 4.05923e-05 4.02927e-05 4.07934e-05
   used all_to_all method: crystal router
   handle bytes (avg, min, max): 5046 4332 5556
   buffer bytes (avg, min, max): 700 624 768
 done :: setup h1 coarse grid   1.894617080688477E-002  sec
  
 call usrdat3
 done :: usrdat3

 set initial conditions
 nekuic (1) for ifld            1
 call nekuic for vel  
 xyz min     0.0000       0.0000       0.0000    
 uvwpt min   0.0000       0.0000       0.0000       0.0000       0.0000    
 PS min      0.0000       0.0000      0.99000E+22
 xyz max     1.0000       1.0000       1.0000    
 uvwpt max   0.0000       0.0000       0.0000       0.0000       0.0000    
 PS max      0.0000       0.0000     -0.99000E+22
 done :: set initial conditions
  
 call userchk
GFM max:  6.3907E-04  6.3907E-04  2.5563E-03  5.0057E-17  1.9460E-16  1.9460E-16
 
nelt =       4, np =        32, nx1 =      15, elements =       128
Solve Time =   0.2526E-08
 
nelt =       4, np =        32, nx1 =      15, elements =       128
Solve Time =   0.2489E-08
 
nelt =       4, np =        32, nx1 =      15, elements =       128
Solve Time =   0.2483E-08
 
nelt =       4, np =        32, nx1 =      15, elements =       128
Solve Time =   0.2478E-08
 
nelt =       4, np =        32, nx1 =      15, elements =       128
Solve Time =   0.2484E-08
 
nelt =       4, np =        32, nx1 =      15, elements =       128
Solve Time =   0.2479E-08
 
nelt =       4, np =        32, nx1 =      15, elements =       128
Solve Time =   0.2477E-08
 
nelt =       4, np =        32, nx1 =      15, elements =       128
Solve Time =   0.2475E-08
 
nelt =       4, np =        32, nx1 =      15, elements =       128
Solve Time =   0.2481E-08
 
nelt =       4, np =        32, nx1 =      15, elements =       128
Solve Time =   0.2477E-08
 
nelt =       4, np =        32, nx1 =      15, elements =       128
Solve Time =   0.2135E-08
 
nelt =       4, np =        32, nx1 =      15, elements =       128
Solve Time =   0.2116E-08
 
nelt =       4, np =        32, nx1 =      15, elements =       128
Solve Time =   0.2114E-08
 
nelt =       4, np =        32, nx1 =      15, elements =       128
Solve Time =   0.2116E-08
 
nelt =       4, np =        32, nx1 =      15, elements =       128
Solve Time =   0.2115E-08
 
nelt =       4, np =        32, nx1 =      15, elements =       128
Solve Time =   0.2118E-08
 
nelt =       4, np =        32, nx1 =      15, elements =       128
Solve Time =   0.2114E-08
 
nelt =       4, np =        32, nx1 =      15, elements =       128
Solve Time =   0.2116E-08
 
nelt =       4, np =        32, nx1 =      15, elements =       128
Solve Time =   0.2115E-08
 
nelt =       4, np =        32, nx1 =      15, elements =       128
Solve Time =   0.2116E-08
 
nelt =       4, np =        32, nx1 =      15, elements =       128
Solve Time =   0.2274E-08
 
nelt =       4, np =        32, nx1 =      15, elements =       128
Solve Time =   0.2265E-08
 
nelt =       4, np =        32, nx1 =      15, elements =       128
Solve Time =   0.2267E-08
 
nelt =       4, np =        32, nx1 =      15, elements =       128
Solve Time =   0.2261E-08
 
nelt =       4, np =        32, nx1 =      15, elements =       128
Solve Time =   0.2264E-08
 
nelt =       4, np =        32, nx1 =      15, elements =       128
Solve Time =   0.2263E-08
 
nelt =       4, np =        32, nx1 =      15, elements =       128
Solve Time =   0.2262E-08
 
nelt =       4, np =        32, nx1 =      15, elements =       128
Solve Time =   0.2263E-08
 
nelt =       4, np =        32, nx1 =      15, elements =       128
Solve Time =   0.2264E-08
 
nelt =       4, np =        32, nx1 =      15, elements =       128
Solve Time =   0.2269E-08
 
nelt =       4, np =        32, nx1 =      15, elements =       128
Solve Time =   0.2363E-08
 
nelt =       4, np =        32, nx1 =      15, elements =       128
Solve Time =   0.2356E-08
 
nelt =       4, np =        32, nx1 =      15, elements =       128
Solve Time =   0.2354E-08
 
nelt =       4, np =        32, nx1 =      15, elements =       128
Solve Time =   0.2355E-08
 
nelt =       4, np =        32, nx1 =      15, elements =       128
Solve Time =   0.2355E-08
 
nelt =       4, np =        32, nx1 =      15, elements =       128
Solve Time =   0.2358E-08
 
nelt =       4, np =        32, nx1 =      15, elements =       128
Solve Time =   0.2355E-08
 
nelt =       4, np =        32, nx1 =      15, elements =       128
Solve Time =   0.2357E-08
 
nelt =       4, np =        32, nx1 =      15, elements =       128
Solve Time =   0.2354E-08
 
nelt =       4, np =        32, nx1 =      15, elements =       128
Solve Time =   0.2358E-08
 
nelt =       4, np =        32, nx1 =      15, elements =       128
Solve Time =   0.2464E-08
 
nelt =       4, np =        32, nx1 =      15, elements =       128
Solve Time =   0.2447E-08
 
nelt =       4, np =        32, nx1 =      15, elements =       128
Solve Time =   0.2449E-08
 
nelt =       4, np =        32, nx1 =      15, elements =       128
Solve Time =   0.2444E-08
 
nelt =       4, np =        32, nx1 =      15, elements =       128
Solve Time =   0.2454E-08
 
nelt =       4, np =        32, nx1 =      15, elements =       128
Solve Time =   0.2448E-08
 
nelt =       4, np =        32, nx1 =      15, elements =       128
Solve Time =   0.2445E-08
 
nelt =       4, np =        32, nx1 =      15, elements =       128
Solve Time =   0.2448E-08
 
nelt =       4, np =        32, nx1 =      15, elements =       128
Solve Time =   0.2450E-08
 
nelt =       4, np =        32, nx1 =      15, elements =       128
Solve Time =   0.2445E-08
 schfile:
 /gpfs/theta-fs1/home/thilina/env/lx15/b7.sch                                   
                                                      
 15      128  1.0000E+00  1.0000E+00  1.0000E+00  error v
 15      128  1.0000E+00  1.0000E+00  1.0000E+00  error v
 15      128  1.0000E+00  1.0000E+00  1.0000E+00  error v
 15      128  1.0000E+00  1.0000E+00  1.0000E+00  error v
 15      128  1.0000E+00  1.0000E+00  1.0000E+00  error v
 15      128  1.0000E+00  1.0000E+00  1.0000E+00  error v
 15      128  1.0000E+00  1.0000E+00  1.0000E+00  error v
 15      128  1.0000E+00  1.0000E+00  1.0000E+00  error v
 15      128  1.0000E+00  1.0000E+00  1.0000E+00  error v
 15      128  1.0000E+00  1.0000E+00  1.0000E+00  error v
 15      128  1.0000E+00  1.0000E+00  1.0000E+00  error v
 15      128  1.0000E+00  1.0000E+00  1.0000E+00  error v
 15      128  1.0000E+00  1.0000E+00  1.0000E+00  error v
 15      128  1.0000E+00  1.0000E+00  1.0000E+00  error v
 15      128  1.0000E+00  1.0000E+00  1.0000E+00  error v
 15      128  1.0000E+00  1.0000E+00  1.0000E+00  error v
 15      128  1.0000E+00  1.0000E+00  1.0000E+00  error v
 15      128  1.0000E+00  1.0000E+00  1.0000E+00  error v
 15      128  1.0000E+00  1.0000E+00  1.0000E+00  error v
 15      128  1.0000E+00  1.0000E+00  1.0000E+00  error v
 15      128  1.0000E+00  1.0000E+00  1.0000E+00  error v
 15      128  1.0000E+00  1.0000E+00  1.0000E+00  error v
 15      128  1.0000E+00  1.0000E+00  1.0000E+00  error v
 15      128  1.0000E+00  1.0000E+00  1.0000E+00  error v
 15      128  1.0000E+00  1.0000E+00  1.0000E+00  error v
 15      128  1.0000E+00  1.0000E+00  1.0000E+00  error v
 15      128  1.0000E+00  1.0000E+00  1.0000E+00  error v
 15      128  1.0000E+00  1.0000E+00  1.0000E+00  error v
 15      128  1.0000E+00  1.0000E+00  1.0000E+00  error v
 15      128  1.0000E+00  1.0000E+00  1.0000E+00  error v
 15      128  1.0000E+00  1.0000E+00  1.0000E+00  error v
 15      128  1.0000E+00  1.0000E+00  1.0000E+00  error v
 
nelt =       4, np =        32, nx1 =      15, elements =       128
Solve Time =   0.2877E-08
 
nelt =       4, np =        32, nx1 =      15, elements =       128
Solve Time =   0.2861E-08
 
nelt =       4, np =        32, nx1 =      15, elements =       128
Solve Time =   0.2860E-08
 
nelt =       4, np =        32, nx1 =      15, elements =       128
Solve Time =   0.2873E-08
 
nelt =       4, np =        32, nx1 =      15, elements =       128
Solve Time =   0.2860E-08
 
nelt =       4, np =        32, nx1 =      15, elements =       128
Solve Time =   0.2869E-08
 
nelt =       4, np =        32, nx1 =      15, elements =       128
Solve Time =   0.2872E-08
 
nelt =       4, np =        32, nx1 =      15, elements =       128
Solve Time =   0.2865E-08
 
nelt =       4, np =        32, nx1 =      15, elements =       128
Solve Time =   0.2867E-08
 
nelt =       4, np =        32, nx1 =      15, elements =       128
Solve Time =   0.2862E-08
 15      128  1.8281E-05  1.8281E-05  1.8281E-05  error s
 15      128  1.8281E-05  1.8281E-05  1.8281E-05  error s
 15      128  1.8281E-05  1.8281E-05  1.8281E-05  error s
 15      128  1.8281E-05  1.8281E-05  1.8281E-05  error s
 15      128  1.8281E-05  1.8281E-05  1.8281E-05  error s
 15      128  1.8281E-05  1.8281E-05  1.8281E-05  error s
 15      128  1.8281E-05  1.8281E-05  1.8281E-05  error s
 15      128  1.8281E-05  1.8281E-05  1.8281E-05  error s
 15      128  1.8281E-05  1.8281E-05  1.8281E-05  error s
 15      128  1.8281E-05  1.8281E-05  1.8281E-05  error s
 15      128  1.8281E-05  1.8281E-05  1.8281E-05  error s
 15      128  1.8281E-05  1.8281E-05  1.8281E-05  error s
 15      128  1.8281E-05  1.8281E-05  1.8281E-05  error s
 15      128  1.8281E-05  1.8281E-05  1.8281E-05  error s
 15      128  1.8281E-05  1.8281E-05  1.8281E-05  error s
 15      128  1.8281E-05  1.8281E-05  1.8281E-05  error s
 15      128  1.8281E-05  1.8281E-05  1.8281E-05  error s
 15      128  1.8281E-05  1.8281E-05  1.8281E-05  error s
 15      128  1.8281E-05  1.8281E-05  1.8281E-05  error s
 15      128  1.8281E-05  1.8281E-05  1.8281E-05  error s
 15      128  1.8281E-05  1.8281E-05  1.8281E-05  error s
 15      128  1.8281E-05  1.8281E-05  1.8281E-05  error s
 15      128  1.8281E-05  1.8281E-05  1.8281E-05  error s
 15      128  1.8281E-05  1.8281E-05  1.8281E-05  error s
 15      128  1.8281E-05  1.8281E-05  1.8281E-05  error s
 15      128  1.8281E-05  1.8281E-05  1.8281E-05  error s
 15      128  1.8281E-05  1.8281E-05  1.8281E-05  error s
 15      128  1.8281E-05  1.8281E-05  1.8281E-05  error s
 15      128  1.8281E-05  1.8281E-05  1.8281E-05  error s
 15      128  1.8281E-05  1.8281E-05  1.8281E-05  error s
 15      128  1.8281E-05  1.8281E-05  1.8281E-05  error s
 15      128  1.8281E-05  1.8281E-05  1.8281E-05  error s
 
nelt =       4, np =        32, nx1 =      15, elements =       128
Solve Time =   0.3053E-08
 
nelt =       4, np =        32, nx1 =      15, elements =       128
Solve Time =   0.3039E-08
 
nelt =       4, np =        32, nx1 =      15, elements =       128
Solve Time =   0.3035E-08
 
nelt =       4, np =        32, nx1 =      15, elements =       128
Solve Time =   0.3038E-08
 
nelt =       4, np =        32, nx1 =      15, elements =       128
Solve Time =   0.3038E-08
 
nelt =       4, np =        32, nx1 =      15, elements =       128
Solve Time =   0.3037E-08
 
nelt =       4, np =        32, nx1 =      15, elements =       128
Solve Time =   0.3039E-08
 
nelt =       4, np =        32, nx1 =      15, elements =       128
Solve Time =   0.3035E-08
 
nelt =       4, np =        32, nx1 =      15, elements =       128
Solve Time =   0.3039E-08
 
nelt =       4, np =        32, nx1 =      15, elements =       128
Solve Time =   0.3038E-08
 15      128  1.8371E-05  1.8371E-05  1.8371E-05  error n
 15      128  1.8371E-05  1.8371E-05  1.8371E-05  error n
 15      128  1.8371E-05  1.8371E-05  1.8371E-05  error n
 15      128  1.8371E-05  1.8371E-05  1.8371E-05  error n
 15      128  1.8371E-05  1.8371E-05  1.8371E-05  error n
 15      128  1.8371E-05  1.8371E-05  1.8371E-05  error n
 15      128  1.8371E-05  1.8371E-05  1.8371E-05  error n
 15      128  1.8371E-05  1.8371E-05  1.8371E-05  error n
 15      128  1.8371E-05  1.8371E-05  1.8371E-05  error n
 15      128  1.8371E-05  1.8371E-05  1.8371E-05  error n
 15      128  1.8371E-05  1.8371E-05  1.8371E-05  error n
 15      128  1.8371E-05  1.8371E-05  1.8371E-05  error n
 15      128  1.8371E-05  1.8371E-05  1.8371E-05  error n
 15      128  1.8371E-05  1.8371E-05  1.8371E-05  error n
 15      128  1.8371E-05  1.8371E-05  1.8371E-05  error n
 15      128  1.8371E-05  1.8371E-05  1.8371E-05  error n
 15      128  1.8371E-05  1.8371E-05  1.8371E-05  error n
 15      128  1.8371E-05  1.8371E-05  1.8371E-05  error n
 15      128  1.8371E-05  1.8371E-05  1.8371E-05  error n
 15      128  1.8371E-05  1.8371E-05  1.8371E-05  error n
 15      128  1.8371E-05  1.8371E-05  1.8371E-05  error n
 15      128  1.8371E-05  1.8371E-05  1.8371E-05  error n
 15      128  1.8371E-05  1.8371E-05  1.8371E-05  error n
 15      128  1.8371E-05  1.8371E-05  1.8371E-05  error n
 15      128  1.8371E-05  1.8371E-05  1.8371E-05  error n
 15      128  1.8371E-05  1.8371E-05  1.8371E-05  error n
 15      128  1.8371E-05  1.8371E-05  1.8371E-05  error n
 15      128  1.8371E-05  1.8371E-05  1.8371E-05  error n
  14      128  100  0.0000E+00  0.0000E+00  0.0000E+00 time for 3 hmholtz
 15      128  1.8371E-05  1.8371E-05  1.8371E-05  error n
 15      128  1.8371E-05  1.8371E-05  1.8371E-05  error n
 15      128  1.8371E-05  1.8371E-05  1.8371E-05  error n
 15      128  1.8371E-05  1.8371E-05  1.8371E-05  error n
EXIT: quit after cggov         14
  
call exitt: dying ...
  
backtrace(): obtained 8 stack frames.
./nek5000() [0x77f335]
./nek5000() [0x963069]
./nek5000() [0x40df9c]
./nek5000() [0x4273b6]
./nek5000() [0x42596e]
./nek5000() [0x4054fe]
/lib64/libc.so.6(__libc_start_main+0xf5) [0x2aaab1ca3b25]
./nek5000() [0x405409]
  
total elapsed time             :   1.13693E+02 sec
total solver time incl. I/O    :   0.00000E+00 sec
time/timestep                  :   0.00000E+00 sec
CPU seconds/timestep/gridpt    :   0.00000E+00 sec

Application 2258505 resources: utime ~3558s, stime ~67s, Rss ~59032, inblocks ~0, outblocks ~0
