/----------------------------------------------------------\\
|      _   __ ______ __ __  ______  ____   ____   ____     |
|     / | / // ____// //_/ / ____/ / __ \\/ __ \\/ __ \\   |
|    /  |/ // __/  / ,<   /___ \\ / / / // / / // / / /    |
|   / /|  // /___ / /| | ____/ / / /_/ // /_/ // /_/ /     |
|  /_/ |_//_____//_/ |_|/_____/  \\___/ \\___/ \\___/      |
|                                                          |
|----------------------------------------------------------|
|                                                          |
| NEK5000:  Open Source Spectral Element Solver            |
| COPYRIGHT (c) 2008-2016 UCHICAGO ARGONNE, LLC            |
| Version:  16.0.0                                         |
| Web:      http://nek5000.mcs.anl.gov                     |
|                                                          |
\\----------------------------------------------------------/
                                                              

 Number of processors:          64
 REAL    wdsize      :           8
 INTEGER wdsize      :           4
 Timer accuracy      : 5.96E-07
 Reading /gpfs/theta-fs1/home/thilina/env/lx15/b10.rea                                                                                       

 mapping elements to processors
 Reading /gpfs/theta-fs1/home/thilina/env/lx15/b10.map                                                                                       
           0          16          16        1024        1024  NELV
           2          16          16        1024        1024  NELV
          11          16          16        1024        1024  NELV
          15          16          16        1024        1024  NELV
           6          16          16        1024        1024  NELV
           3          16          16        1024        1024  NELV
          20          16          16        1024        1024  NELV
          21          16          16        1024        1024  NELV
          30          16          16        1024        1024  NELV
          19          16          16        1024        1024  NELV
           9          16          16        1024        1024  NELV
          23          16          16        1024        1024  NELV
          29          16          16        1024        1024  NELV
          24          16          16        1024        1024  NELV
           5          16          16        1024        1024  NELV
          25          16          16        1024        1024  NELV
          28          16          16        1024        1024  NELV
          14          16          16        1024        1024  NELV
          22          16          16        1024        1024  NELV
          12          16          16        1024        1024  NELV
           4          16          16        1024        1024  NELV
          45          16          16        1024        1024  NELV
          47          16          16        1024        1024  NELV
          51          16          16        1024        1024  NELV
          48          16          16        1024        1024  NELV
          40          16          16        1024        1024  NELV
          33          16          16        1024        1024  NELV
          16          16          16        1024        1024  NELV
          17          16          16        1024        1024  NELV
          13          16          16        1024        1024  NELV
          10          16          16        1024        1024  NELV
          31          16          16        1024        1024  NELV
          18          16          16        1024        1024  NELV
           7          16          16        1024        1024  NELV
           8          16          16        1024        1024  NELV
          26          16          16        1024        1024  NELV
          27          16          16        1024        1024  NELV
           1          16          16        1024        1024  NELV
 RANK     0 IEG     897     898     899     900     905     906     907     908
                    961     962     963     964     969     970     971     972
 element load imbalance:            0          16          16
 done :: mapping elements to processors
  
          61          16          16        1024        1024  NELV
          32          16          16        1024        1024  NELV
          37          16          16        1024        1024  NELV
          54          16          16        1024        1024  NELV
          39          16          16        1024        1024  NELV
          58          16          16        1024        1024  NELV
          59          16          16        1024        1024  NELV
          63          16          16        1024        1024  NELV
          41          16          16        1024        1024  NELV
          50          16          16        1024        1024  NELV
          36          16          16        1024        1024  NELV
          53          16          16        1024        1024  NELV
          44          16          16        1024        1024  NELV
          38          16          16        1024        1024  NELV
          55          16          16        1024        1024  NELV
          52          16          16        1024        1024  NELV
          43          16          16        1024        1024  NELV
          62          16          16        1024        1024  NELV
          46          16          16        1024        1024  NELV
          42          16          16        1024        1024  NELV
          35          16          16        1024        1024  NELV
          60          16          16        1024        1024  NELV
          49          16          16        1024        1024  NELV
          57          16          16        1024        1024  NELV
          56          16          16        1024        1024  NELV
          34          16          16        1024        1024  NELV
           0  objects found
 118   Parameters from file:
   1      1.00000     p001 DENSITY
   2     -100.000     p002 VISCOS
   7      1.00000     p007 RHOCP
   8      1.00000     p008 CONDUCT
  11      1.00        p011 NSTEPS
  12    -0.500000E-02 p012 DT
  21     0.100000E-05 p021 DIVERGENCE
  22     0.100000E-07 p022 HELMHOLTZ
  24     0.100000E-09 p024 TOLREL
  25     0.100000E-09 p025 TOLABS
  26     0.250000     p026 COURANT/NTAU
  27      2.00000     p027 TORDER
  66      6.00000     p066 output : <0=ascii, else binary
  67      6.00000     p067 restart: <0=ascii, else binary
  99      3.00000     p099 dealiasing: <0--> off/3--> old/4--> new
 103     0.500000E-01 p103 weight of stabilizing filter (.01)
  
 nelgt/nelgv/lelt:        1024        1024         100
 lx1  /lx2  /lx3 :          15          15          15
 done :: read .rea file   0.43134     sec

 setup mesh topology
   Right-handed check complete for    1024 elements. OK.
   setvert3d:  15      623297     2873025      623297      623297
 call usrsetvert
 done :: usrsetvert

gs_setup: 187265 unique labels shared
   pairwise times (avg, min, max): 0.000142469 0.000124907 0.000157785
   crystal router                : 0.000643704 0.000635004 0.000649786
   used all_to_all method: pairwise
   handle bytes (avg, min, max): 285852 237116 314940
   buffer bytes (avg, min, max): 103356 68208 124816
   setupds time 1.9055E-01 seconds   0 15      623297        1024
           8  max multiplicity
 done :: setup mesh topology
  
 call usrdat
 done :: usrdat

 generate geometry data
 done :: generate geometry data
  
 call usrdat2
 done :: usrdat2

 regenerate geometry data           1
 NOTE: All elements deformed , param(59) ^=0
 done :: regenerate geometry data           1
  
 verify mesh topology
  0.000000000000000E+000   1.00000000000000       Xrange
  0.000000000000000E+000   1.00000000000000       Yrange
  0.000000000000000E+000   1.00000000000000       Zrange
 done :: verify mesh topology
  
 IFTRAN   = T
 IFFLOW   = T
 IFHEAT   = F
 IFSPLIT  = T
 IFLOMACH = F
 IFUSERVP = F
 IFUSERMV = F
 IFSTRS   = F
 IFCHAR   = F
 IFCYCLIC = F
 IFAXIS   = F
 IFMVBD   = F
 IFMELT   = F
 IFMODEL  = F
 IFKEPS   = F
 IFMOAB   = F
 IFNEKNEK = F
 IFSYNC   = T
   
 IFVCOR   = T
 IFINTQ   = F
 IFCWUZ   = F
 IFSWALL  = F
 IFGEOM   = F
 IFSURT   = F
 IFWCNO   = F
   
 IFTMSH for field           1    =  F
 IFADVC for field           1    =  T
 IFNONL for field           1    =  F
   
 Dealiasing enabled, lxd=          22
  
 Estimated eigenvalues
 EIGAA =    9.86960440108936     
 EIGGA =    4626298.66539380     
 EIGAE =    9.86960440108936     
 EIGAS =   8.333333333333333E-002
 EIGGE =    4626298.66539380     
 EIGGS =    2.00000000000000     
  
 verify mesh topology
  0.000000000000000E+000   1.00000000000000       Xrange
  0.000000000000000E+000   1.00000000000000       Yrange
  0.000000000000000E+000   1.00000000000000       Zrange
 done :: verify mesh topology
  
  E-solver strategy:  0 itr
 mg_nx:           1           7          14
 mg_ny:           1           7          14
 mg_nz:           1           7          14
 call usrsetvert
 done :: usrsetvert

gs_setup: 897 unique labels shared
   pairwise times (avg, min, max): 7.64363e-05 6.83069e-05 8.79049e-05
   crystal router                : 4.18145e-05 4.14848e-05 4.22955e-05
   all reduce                    : 0.000102613 0.000101805 0.000103307
   used all_to_all method: crystal router
   handle bytes (avg, min, max): 12161 10100 13460
   buffer bytes (avg, min, max): 1668 1392 1856
   setupds time 8.3299E-03 seconds   1  2        1377        1024
   setvert3d:   4       22433       30625       22433       22433
 call usrsetvert
 done :: usrsetvert

gs_setup: 8449 unique labels shared
   pairwise times (avg, min, max): 6.84951e-05 5.89132e-05 8.00133e-05
   crystal router                : 4.82753e-05 4.77076e-05 4.99964e-05
   all reduce                    : 0.00047594 0.000473595 0.000479102
   used all_to_all method: crystal router
   handle bytes (avg, min, max): 79417 60820 91636
   buffer bytes (avg, min, max): 11728 9440 12880
   setupds time 3.3419E-02 seconds   2  4       22433        1024
   setvert3d:   8      145953      367137      145953      145953
 call usrsetvert
 done :: usrsetvert

gs_setup: 46593 unique labels shared
   pairwise times (avg, min, max): 8.31842e-05 7.10011e-05 9.7084e-05
   crystal router                : 0.000182135 0.000179601 0.000184488
   all reduce                    : 0.00107438 0.00107119 0.0010803
   used all_to_all method: pairwise
   handle bytes (avg, min, max): 75096 62396 82652
   buffer bytes (avg, min, max): 28260 18480 34320
   setupds time 7.0450E-02 seconds   3  8      145953        1024
   setvert3d:  10      248417      772705      248417      248417
 call usrsetvert
 done :: usrsetvert

gs_setup: 77185 unique labels shared
   pairwise times (avg, min, max): 8.87785e-05 7.69854e-05 0.0001019
   crystal router                : 0.000290467 0.000283909 0.000295806
   all reduce                    : 0.00166972 0.00166318 0.0016753
   used all_to_all method: pairwise
   handle bytes (avg, min, max): 121392 100796 133660
   buffer bytes (avg, min, max): 44916 29488 54416
   setupds time 1.2267E-01 seconds   4 10      248417        1024
 regenerate geometry data           1
 NOTE: All elements deformed , param(59) ^=0
 done :: regenerate geometry data           1
  
 h1_mg_nx:           1           3          14
 h1_mg_ny:           1           3          14
 h1_mg_nz:           1           3          14
 call usrsetvert
 done :: usrsetvert

gs_setup: 897 unique labels shared
   pairwise times (avg, min, max): 6.3977e-05 5.51939e-05 7.35998e-05
   crystal router                : 2.72866e-05 2.6989e-05 2.7895e-05
   all reduce                    : 0.00010368 0.000102496 0.000104618
   used all_to_all method: crystal router
   handle bytes (avg, min, max): 12161 10100 13460
   buffer bytes (avg, min, max): 1668 1392 1856
   setupds time 8.0969E-03 seconds   5  2        1377        1024
   setvert3d:   4       22433       30625       22433       22433
 call usrsetvert
 done :: usrsetvert

gs_setup: 8449 unique labels shared
   pairwise times (avg, min, max): 6.26169e-05 5.51939e-05 7.02143e-05
   crystal router                : 4.99133e-05 4.88997e-05 5.0807e-05
   all reduce                    : 0.000493284 0.000489497 0.000497508
   used all_to_all method: crystal router
   handle bytes (avg, min, max): 79417 60820 91636
   buffer bytes (avg, min, max): 11728 9440 12880
   setupds time 3.3781E-02 seconds   6  4       22433        1024
   setvert3d:   4       22433       30625       22433       22433
 call usrsetvert
 done :: usrsetvert

gs_setup: 8449 unique labels shared
   pairwise times (avg, min, max): 6.64368e-05 5.73158e-05 7.54118e-05
   crystal router                : 5.06405e-05 5.00917e-05 5.13077e-05
   all reduce                    : 0.000452067 0.000450182 0.000454402
   used all_to_all method: crystal router
   handle bytes (avg, min, max): 79417 60820 91636
   buffer bytes (avg, min, max): 11728 9440 12880
   setupds time 1.8245E-02 seconds   7  4       22433        1024
   setvert3d:   6       70625      136161       70625       70625
 call usrsetvert
 done :: usrsetvert

gs_setup: 23681 unique labels shared
   pairwise times (avg, min, max): 7.35313e-05 6.34193e-05 8.51154e-05
   crystal router                : 8.97743e-05 8.82864e-05 9.05991e-05
   all reduce                    : 0.000969352 0.00096519 0.000977492
   used all_to_all method: pairwise
   handle bytes (avg, min, max): 39936 33212 43932
   buffer bytes (avg, min, max): 15444 10032 18832
   setupds time 5.4709E-02 seconds   8  6       70625        1024
   setvert3d:  15      623297     2873025      623297      623297
 call usrsetvert
 done :: usrsetvert

gs_setup: 187265 unique labels shared
   pairwise times (avg, min, max): 0.000115803 0.00010078 0.000130105
   crystal router                : 0.000617592 0.000609708 0.000623393
   used all_to_all method: pairwise
   handle bytes (avg, min, max): 285852 237116 314940
   buffer bytes (avg, min, max): 103356 68208 124816
   setupds time 1.6044E-01 seconds   9 15      623297        1024
   setvert3d:  17      820737     4276737      820737      820737
 call usrsetvert
 done :: usrsetvert

gs_setup: 244737 unique labels shared
   pairwise times (avg, min, max): 0.000121865 0.000104594 0.000136399
   crystal router                : 0.000785021 0.000774693 0.000792694
   used all_to_all method: pairwise
   handle bytes (avg, min, max): 371124 307772 408956
   buffer bytes (avg, min, max): 133452 88176 161040
   setupds time 2.4174E-01 seconds  10 17      820737        1024
 setup h1 coarse grid, nx_crs=           2
 call usrsetvert
 done :: usrsetvert

gs_setup: 897 unique labels shared
   pairwise times (avg, min, max): 6.5643e-05 5.75066e-05 7.48873e-05
   crystal router                : 3.73278e-05 3.69072e-05 3.829e-05
   all reduce                    : 9.44171e-05 9.35078e-05 9.52005e-05
   used all_to_all method: crystal router
   handle bytes (avg, min, max): 12161 10100 13460
   buffer bytes (avg, min, max): 1668 1392 1856
 done :: setup h1 coarse grid   6.323409080505371E-002  sec
  
 call usrdat3
 done :: usrdat3

 set initial conditions
 nekuic (1) for ifld            1
 call nekuic for vel  
 xyz min     0.0000       0.0000       0.0000    
 uvwpt min   0.0000       0.0000       0.0000       0.0000       0.0000    
 PS min      0.0000       0.0000      0.99000E+22
 xyz max     1.0000       1.0000       1.0000    
 uvwpt max   0.0000       0.0000       0.0000       0.0000       0.0000    
 PS max      0.0000       0.0000     -0.99000E+22
 done :: set initial conditions
  
 call userchk
GFM max:  3.1953E-04  3.1953E-04  1.2781E-03  5.4524E-17  2.0667E-16  2.0667E-16
 
nelt =      16, np =        64, nx1 =      15, elements =      1024
Solve Time =   0.1240E-08
 
nelt =      16, np =        64, nx1 =      15, elements =      1024
Solve Time =   0.1229E-08
 
nelt =      16, np =        64, nx1 =      15, elements =      1024
Solve Time =   0.1236E-08
 
nelt =      16, np =        64, nx1 =      15, elements =      1024
Solve Time =   0.1228E-08
 
nelt =      16, np =        64, nx1 =      15, elements =      1024
Solve Time =   0.1227E-08
 
nelt =      16, np =        64, nx1 =      15, elements =      1024
Solve Time =   0.1228E-08
 
nelt =      16, np =        64, nx1 =      15, elements =      1024
Solve Time =   0.1228E-08
 
nelt =      16, np =        64, nx1 =      15, elements =      1024
Solve Time =   0.1228E-08
 
nelt =      16, np =        64, nx1 =      15, elements =      1024
Solve Time =   0.1228E-08
 
nelt =      16, np =        64, nx1 =      15, elements =      1024
Solve Time =   0.1228E-08
 
nelt =      16, np =        64, nx1 =      15, elements =      1024
Solve Time =   0.1064E-08
 
nelt =      16, np =        64, nx1 =      15, elements =      1024
Solve Time =   0.1054E-08
 
nelt =      16, np =        64, nx1 =      15, elements =      1024
Solve Time =   0.1054E-08
 
nelt =      16, np =        64, nx1 =      15, elements =      1024
Solve Time =   0.1054E-08
 
nelt =      16, np =        64, nx1 =      15, elements =      1024
Solve Time =   0.1054E-08
 
nelt =      16, np =        64, nx1 =      15, elements =      1024
Solve Time =   0.1054E-08
 
nelt =      16, np =        64, nx1 =      15, elements =      1024
Solve Time =   0.1054E-08
 
nelt =      16, np =        64, nx1 =      15, elements =      1024
Solve Time =   0.1054E-08
 
nelt =      16, np =        64, nx1 =      15, elements =      1024
Solve Time =   0.1054E-08
 
nelt =      16, np =        64, nx1 =      15, elements =      1024
Solve Time =   0.1062E-08
 
nelt =      16, np =        64, nx1 =      15, elements =      1024
Solve Time =   0.1126E-08
 
nelt =      16, np =        64, nx1 =      15, elements =      1024
Solve Time =   0.1124E-08
 
nelt =      16, np =        64, nx1 =      15, elements =      1024
Solve Time =   0.1125E-08
 
nelt =      16, np =        64, nx1 =      15, elements =      1024
Solve Time =   0.1125E-08
 
nelt =      16, np =        64, nx1 =      15, elements =      1024
Solve Time =   0.1124E-08
 
nelt =      16, np =        64, nx1 =      15, elements =      1024
Solve Time =   0.1125E-08
 
nelt =      16, np =        64, nx1 =      15, elements =      1024
Solve Time =   0.1125E-08
 
nelt =      16, np =        64, nx1 =      15, elements =      1024
Solve Time =   0.1125E-08
 
nelt =      16, np =        64, nx1 =      15, elements =      1024
Solve Time =   0.1133E-08
 
nelt =      16, np =        64, nx1 =      15, elements =      1024
Solve Time =   0.1125E-08
 
nelt =      16, np =        64, nx1 =      15, elements =      1024
Solve Time =   0.1190E-08
 
nelt =      16, np =        64, nx1 =      15, elements =      1024
Solve Time =   0.1191E-08
 
nelt =      16, np =        64, nx1 =      15, elements =      1024
Solve Time =   0.1190E-08
 
nelt =      16, np =        64, nx1 =      15, elements =      1024
Solve Time =   0.1190E-08
 
nelt =      16, np =        64, nx1 =      15, elements =      1024
Solve Time =   0.1190E-08
 
nelt =      16, np =        64, nx1 =      15, elements =      1024
Solve Time =   0.1190E-08
 
nelt =      16, np =        64, nx1 =      15, elements =      1024
Solve Time =   0.1198E-08
 
nelt =      16, np =        64, nx1 =      15, elements =      1024
Solve Time =   0.1190E-08
 
nelt =      16, np =        64, nx1 =      15, elements =      1024
Solve Time =   0.1191E-08
 
nelt =      16, np =        64, nx1 =      15, elements =      1024
Solve Time =   0.1190E-08
 
nelt =      16, np =        64, nx1 =      15, elements =      1024
Solve Time =   0.1261E-08
 
nelt =      16, np =        64, nx1 =      15, elements =      1024
Solve Time =   0.1260E-08
 
nelt =      16, np =        64, nx1 =      15, elements =      1024
Solve Time =   0.1259E-08
 
nelt =      16, np =        64, nx1 =      15, elements =      1024
Solve Time =   0.1259E-08
 
nelt =      16, np =        64, nx1 =      15, elements =      1024
Solve Time =   0.1266E-08
 
nelt =      16, np =        64, nx1 =      15, elements =      1024
Solve Time =   0.1258E-08
 
nelt =      16, np =        64, nx1 =      15, elements =      1024
Solve Time =   0.1259E-08
 
nelt =      16, np =        64, nx1 =      15, elements =      1024
Solve Time =   0.1259E-08
 
nelt =      16, np =        64, nx1 =      15, elements =      1024
Solve Time =   0.1258E-08
 
nelt =      16, np =        64, nx1 =      15, elements =      1024
Solve Time =   0.1259E-08
 schfile:
 /gpfs/theta-fs1/home/thilina/env/lx15/b10.sch                                  
                                                      
 15     1024  1.0000E+00  1.0000E+00  1.0000E+00  error v
 15     1024  1.0000E+00  1.0000E+00  1.0000E+00  error v
 15     1024  1.0000E+00  1.0000E+00  1.0000E+00  error v
 15     1024  1.0000E+00  1.0000E+00  1.0000E+00  error v
 15     1024  1.0000E+00  1.0000E+00  1.0000E+00  error v
 15     1024  1.0000E+00  1.0000E+00  1.0000E+00  error v
 15     1024  1.0000E+00  1.0000E+00  1.0000E+00  error v
 15     1024  1.0000E+00  1.0000E+00  1.0000E+00  error v
 15     1024  1.0000E+00  1.0000E+00  1.0000E+00  error v
 15     1024  1.0000E+00  1.0000E+00  1.0000E+00  error v
 15     1024  1.0000E+00  1.0000E+00  1.0000E+00  error v
 15     1024  1.0000E+00  1.0000E+00  1.0000E+00  error v
 15     1024  1.0000E+00  1.0000E+00  1.0000E+00  error v
 15     1024  1.0000E+00  1.0000E+00  1.0000E+00  error v
 15     1024  1.0000E+00  1.0000E+00  1.0000E+00  error v
 15     1024  1.0000E+00  1.0000E+00  1.0000E+00  error v
 15     1024  1.0000E+00  1.0000E+00  1.0000E+00  error v
 15     1024  1.0000E+00  1.0000E+00  1.0000E+00  error v
 15     1024  1.0000E+00  1.0000E+00  1.0000E+00  error v
 15     1024  1.0000E+00  1.0000E+00  1.0000E+00  error v
 15     1024  1.0000E+00  1.0000E+00  1.0000E+00  error v
 15     1024  1.0000E+00  1.0000E+00  1.0000E+00  error v
 15     1024  1.0000E+00  1.0000E+00  1.0000E+00  error v
 15     1024  1.0000E+00  1.0000E+00  1.0000E+00  error v
 15     1024  1.0000E+00  1.0000E+00  1.0000E+00  error v
 15     1024  1.0000E+00  1.0000E+00  1.0000E+00  error v
 15     1024  1.0000E+00  1.0000E+00  1.0000E+00  error v
 15     1024  1.0000E+00  1.0000E+00  1.0000E+00  error v
 15     1024  1.0000E+00  1.0000E+00  1.0000E+00  error v
 15     1024  1.0000E+00  1.0000E+00  1.0000E+00  error v
 15     1024  1.0000E+00  1.0000E+00  1.0000E+00  error v
 15     1024  1.0000E+00  1.0000E+00  1.0000E+00  error v
 15     1024  1.0000E+00  1.0000E+00  1.0000E+00  error v
 15     1024  1.0000E+00  1.0000E+00  1.0000E+00  error v
 15     1024  1.0000E+00  1.0000E+00  1.0000E+00  error v
 15     1024  1.0000E+00  1.0000E+00  1.0000E+00  error v
 15     1024  1.0000E+00  1.0000E+00  1.0000E+00  error v
 15     1024  1.0000E+00  1.0000E+00  1.0000E+00  error v
 15     1024  1.0000E+00  1.0000E+00  1.0000E+00  error v
 15     1024  1.0000E+00  1.0000E+00  1.0000E+00  error v
 15     1024  1.0000E+00  1.0000E+00  1.0000E+00  error v
 15     1024  1.0000E+00  1.0000E+00  1.0000E+00  error v
 15     1024  1.0000E+00  1.0000E+00  1.0000E+00  error v
 15     1024  1.0000E+00  1.0000E+00  1.0000E+00  error v
 15     1024  1.0000E+00  1.0000E+00  1.0000E+00  error v
 15     1024  1.0000E+00  1.0000E+00  1.0000E+00  error v
 15     1024  1.0000E+00  1.0000E+00  1.0000E+00  error v
 15     1024  1.0000E+00  1.0000E+00  1.0000E+00  error v
 15     1024  1.0000E+00  1.0000E+00  1.0000E+00  error v
 15     1024  1.0000E+00  1.0000E+00  1.0000E+00  error v
 15     1024  1.0000E+00  1.0000E+00  1.0000E+00  error v
 15     1024  1.0000E+00  1.0000E+00  1.0000E+00  error v
 15     1024  1.0000E+00  1.0000E+00  1.0000E+00  error v
 15     1024  1.0000E+00  1.0000E+00  1.0000E+00  error v
 15     1024  1.0000E+00  1.0000E+00  1.0000E+00  error v
 15     1024  1.0000E+00  1.0000E+00  1.0000E+00  error v
 15     1024  1.0000E+00  1.0000E+00  1.0000E+00  error v
 15     1024  1.0000E+00  1.0000E+00  1.0000E+00  error v
 15     1024  1.0000E+00  1.0000E+00  1.0000E+00  error v
 15     1024  1.0000E+00  1.0000E+00  1.0000E+00  error v
 15     1024  1.0000E+00  1.0000E+00  1.0000E+00  error v
 15     1024  1.0000E+00  1.0000E+00  1.0000E+00  error v
 15     1024  1.0000E+00  1.0000E+00  1.0000E+00  error v
 15     1024  1.0000E+00  1.0000E+00  1.0000E+00  error v
 
nelt =      16, np =        64, nx1 =      15, elements =      1024
Solve Time =   0.1452E-08
 
nelt =      16, np =        64, nx1 =      15, elements =      1024
Solve Time =   0.1449E-08
 
nelt =      16, np =        64, nx1 =      15, elements =      1024
Solve Time =   0.1451E-08
 
nelt =      16, np =        64, nx1 =      15, elements =      1024
Solve Time =   0.1455E-08
 
nelt =      16, np =        64, nx1 =      15, elements =      1024
Solve Time =   0.1449E-08
 
nelt =      16, np =        64, nx1 =      15, elements =      1024
Solve Time =   0.1450E-08
 
nelt =      16, np =        64, nx1 =      15, elements =      1024
Solve Time =   0.1449E-08
 
nelt =      16, np =        64, nx1 =      15, elements =      1024
Solve Time =   0.1450E-08
 
nelt =      16, np =        64, nx1 =      15, elements =      1024
Solve Time =   0.1449E-08
 
nelt =      16, np =        64, nx1 =      15, elements =      1024
Solve Time =   0.1451E-08
 15     1024  1.5980E-05  1.5980E-05  1.5980E-05  error s
 15     1024  1.5980E-05  1.5980E-05  1.5980E-05  error s
 15     1024  1.5980E-05  1.5980E-05  1.5980E-05  error s
 15     1024  1.5980E-05  1.5980E-05  1.5980E-05  error s
 15     1024  1.5980E-05  1.5980E-05  1.5980E-05  error s
 15     1024  1.5980E-05  1.5980E-05  1.5980E-05  error s
 15     1024  1.5980E-05  1.5980E-05  1.5980E-05  error s
 15     1024  1.5980E-05  1.5980E-05  1.5980E-05  error s
 15     1024  1.5980E-05  1.5980E-05  1.5980E-05  error s
 15     1024  1.5980E-05  1.5980E-05  1.5980E-05  error s
 15     1024  1.5980E-05  1.5980E-05  1.5980E-05  error s
 15     1024  1.5980E-05  1.5980E-05  1.5980E-05  error s
 15     1024  1.5980E-05  1.5980E-05  1.5980E-05  error s
 15     1024  1.5980E-05  1.5980E-05  1.5980E-05  error s
 15     1024  1.5980E-05  1.5980E-05  1.5980E-05  error s
 15     1024  1.5980E-05  1.5980E-05  1.5980E-05  error s
 15     1024  1.5980E-05  1.5980E-05  1.5980E-05  error s
 15     1024  1.5980E-05  1.5980E-05  1.5980E-05  error s
 15     1024  1.5980E-05  1.5980E-05  1.5980E-05  error s
 15     1024  1.5980E-05  1.5980E-05  1.5980E-05  error s
 15     1024  1.5980E-05  1.5980E-05  1.5980E-05  error s
 15     1024  1.5980E-05  1.5980E-05  1.5980E-05  error s
 15     1024  1.5980E-05  1.5980E-05  1.5980E-05  error s
 15     1024  1.5980E-05  1.5980E-05  1.5980E-05  error s
 15     1024  1.5980E-05  1.5980E-05  1.5980E-05  error s
 15     1024  1.5980E-05  1.5980E-05  1.5980E-05  error s
 15     1024  1.5980E-05  1.5980E-05  1.5980E-05  error s
 15     1024  1.5980E-05  1.5980E-05  1.5980E-05  error s
 15     1024  1.5980E-05  1.5980E-05  1.5980E-05  error s
 15     1024  1.5980E-05  1.5980E-05  1.5980E-05  error s
 15     1024  1.5980E-05  1.5980E-05  1.5980E-05  error s
 15     1024  1.5980E-05  1.5980E-05  1.5980E-05  error s
 15     1024  1.5980E-05  1.5980E-05  1.5980E-05  error s
 15     1024  1.5980E-05  1.5980E-05  1.5980E-05  error s
 15     1024  1.5980E-05  1.5980E-05  1.5980E-05  error s
 15     1024  1.5980E-05  1.5980E-05  1.5980E-05  error s
 15     1024  1.5980E-05  1.5980E-05  1.5980E-05  error s
 15     1024  1.5980E-05  1.5980E-05  1.5980E-05  error s
 15     1024  1.5980E-05  1.5980E-05  1.5980E-05  error s
 15     1024  1.5980E-05  1.5980E-05  1.5980E-05  error s
 15     1024  1.5980E-05  1.5980E-05  1.5980E-05  error s
 15     1024  1.5980E-05  1.5980E-05  1.5980E-05  error s
 15     1024  1.5980E-05  1.5980E-05  1.5980E-05  error s
 15     1024  1.5980E-05  1.5980E-05  1.5980E-05  error s
 15     1024  1.5980E-05  1.5980E-05  1.5980E-05  error s
 15     1024  1.5980E-05  1.5980E-05  1.5980E-05  error s
 15     1024  1.5980E-05  1.5980E-05  1.5980E-05  error s
 15     1024  1.5980E-05  1.5980E-05  1.5980E-05  error s
 15     1024  1.5980E-05  1.5980E-05  1.5980E-05  error s
 15     1024  1.5980E-05  1.5980E-05  1.5980E-05  error s
 15     1024  1.5980E-05  1.5980E-05  1.5980E-05  error s
 15     1024  1.5980E-05  1.5980E-05  1.5980E-05  error s
 15     1024  1.5980E-05  1.5980E-05  1.5980E-05  error s
 15     1024  1.5980E-05  1.5980E-05  1.5980E-05  error s
 15     1024  1.5980E-05  1.5980E-05  1.5980E-05  error s
 15     1024  1.5980E-05  1.5980E-05  1.5980E-05  error s
 15     1024  1.5980E-05  1.5980E-05  1.5980E-05  error s
 15     1024  1.5980E-05  1.5980E-05  1.5980E-05  error s
 15     1024  1.5980E-05  1.5980E-05  1.5980E-05  error s
 15     1024  1.5980E-05  1.5980E-05  1.5980E-05  error s
 15     1024  1.5980E-05  1.5980E-05  1.5980E-05  error s
 15     1024  1.5980E-05  1.5980E-05  1.5980E-05  error s
 15     1024  1.5980E-05  1.5980E-05  1.5980E-05  error s
 15     1024  1.5980E-05  1.5980E-05  1.5980E-05  error s
 
nelt =      16, np =        64, nx1 =      15, elements =      1024
Solve Time =   0.1588E-08
 
nelt =      16, np =        64, nx1 =      15, elements =      1024
Solve Time =   0.1585E-08
 
nelt =      16, np =        64, nx1 =      15, elements =      1024
Solve Time =   0.1590E-08
 
nelt =      16, np =        64, nx1 =      15, elements =      1024
Solve Time =   0.1585E-08
 
nelt =      16, np =        64, nx1 =      15, elements =      1024
Solve Time =   0.1585E-08
 
nelt =      16, np =        64, nx1 =      15, elements =      1024
Solve Time =   0.1584E-08
 
nelt =      16, np =        64, nx1 =      15, elements =      1024
Solve Time =   0.1584E-08
 
nelt =      16, np =        64, nx1 =      15, elements =      1024
Solve Time =   0.1584E-08
 
nelt =      16, np =        64, nx1 =      15, elements =      1024
Solve Time =   0.1590E-08
 
nelt =      16, np =        64, nx1 =      15, elements =      1024
Solve Time =   0.1584E-08
 15     1024  1.5990E-05  1.5990E-05  1.5990E-05  error n
 15     1024  1.5990E-05  1.5990E-05  1.5990E-05  error n
 15     1024  1.5990E-05  1.5990E-05  1.5990E-05  error n
 15     1024  1.5990E-05  1.5990E-05  1.5990E-05  error n
 15     1024  1.5990E-05  1.5990E-05  1.5990E-05  error n
 15     1024  1.5990E-05  1.5990E-05  1.5990E-05  error n
 15     1024  1.5990E-05  1.5990E-05  1.5990E-05  error n
 15     1024  1.5990E-05  1.5990E-05  1.5990E-05  error n
 15     1024  1.5990E-05  1.5990E-05  1.5990E-05  error n
 15     1024  1.5990E-05  1.5990E-05  1.5990E-05  error n
 15     1024  1.5990E-05  1.5990E-05  1.5990E-05  error n
 15     1024  1.5990E-05  1.5990E-05  1.5990E-05  error n
 15     1024  1.5990E-05  1.5990E-05  1.5990E-05  error n
 15     1024  1.5990E-05  1.5990E-05  1.5990E-05  error n
 15     1024  1.5990E-05  1.5990E-05  1.5990E-05  error n
 15     1024  1.5990E-05  1.5990E-05  1.5990E-05  error n
 15     1024  1.5990E-05  1.5990E-05  1.5990E-05  error n
 15     1024  1.5990E-05  1.5990E-05  1.5990E-05  error n
  14     1024  100  0.0000E+00  0.0000E+00  0.0000E+00 time for 3 hmholtz
 15     1024  1.5990E-05  1.5990E-05  1.5990E-05  error n
EXIT: quit after cggov         14
 15     1024  1.5990E-05  1.5990E-05  1.5990E-05  error n
 15     1024  1.5990E-05  1.5990E-05  1.5990E-05  error n
 15     1024  1.5990E-05  1.5990E-05  1.5990E-05  error n
 15     1024  1.5990E-05  1.5990E-05  1.5990E-05  error n
 15     1024  1.5990E-05  1.5990E-05  1.5990E-05  error n
 15     1024  1.5990E-05  1.5990E-05  1.5990E-05  error n
 15     1024  1.5990E-05  1.5990E-05  1.5990E-05  error n
 15     1024  1.5990E-05  1.5990E-05  1.5990E-05  error n
 15     1024  1.5990E-05  1.5990E-05  1.5990E-05  error n
 15     1024  1.5990E-05  1.5990E-05  1.5990E-05  error n
 15     1024  1.5990E-05  1.5990E-05  1.5990E-05  error n
 15     1024  1.5990E-05  1.5990E-05  1.5990E-05  error n
 15     1024  1.5990E-05  1.5990E-05  1.5990E-05  error n
 15     1024  1.5990E-05  1.5990E-05  1.5990E-05  error n
 15     1024  1.5990E-05  1.5990E-05  1.5990E-05  error n
 15     1024  1.5990E-05  1.5990E-05  1.5990E-05  error n
 15     1024  1.5990E-05  1.5990E-05  1.5990E-05  error n
 15     1024  1.5990E-05  1.5990E-05  1.5990E-05  error n
 15     1024  1.5990E-05  1.5990E-05  1.5990E-05  error n
 15     1024  1.5990E-05  1.5990E-05  1.5990E-05  error n
 15     1024  1.5990E-05  1.5990E-05  1.5990E-05  error n
 15     1024  1.5990E-05  1.5990E-05  1.5990E-05  error n
 15     1024  1.5990E-05  1.5990E-05  1.5990E-05  error n
 15     1024  1.5990E-05  1.5990E-05  1.5990E-05  error n
 15     1024  1.5990E-05  1.5990E-05  1.5990E-05  error n
 15     1024  1.5990E-05  1.5990E-05  1.5990E-05  error n
 15     1024  1.5990E-05  1.5990E-05  1.5990E-05  error n
 15     1024  1.5990E-05  1.5990E-05  1.5990E-05  error n
 15     1024  1.5990E-05  1.5990E-05  1.5990E-05  error n
 15     1024  1.5990E-05  1.5990E-05  1.5990E-05  error n
 15     1024  1.5990E-05  1.5990E-05  1.5990E-05  error n
 15     1024  1.5990E-05  1.5990E-05  1.5990E-05  error n
 15     1024  1.5990E-05  1.5990E-05  1.5990E-05  error n
 15     1024  1.5990E-05  1.5990E-05  1.5990E-05  error n
 15     1024  1.5990E-05  1.5990E-05  1.5990E-05  error n
 15     1024  1.5990E-05  1.5990E-05  1.5990E-05  error n
 15     1024  1.5990E-05  1.5990E-05  1.5990E-05  error n
 15     1024  1.5990E-05  1.5990E-05  1.5990E-05  error n
 15     1024  1.5990E-05  1.5990E-05  1.5990E-05  error n
 15     1024  1.5990E-05  1.5990E-05  1.5990E-05  error n
 15     1024  1.5990E-05  1.5990E-05  1.5990E-05  error n
 15     1024  1.5990E-05  1.5990E-05  1.5990E-05  error n
 15     1024  1.5990E-05  1.5990E-05  1.5990E-05  error n
 15     1024  1.5990E-05  1.5990E-05  1.5990E-05  error n
 15     1024  1.5990E-05  1.5990E-05  1.5990E-05  error n
  
call exitt: dying ...
  
backtrace(): obtained 8 stack frames.
./nek5000() [0x77f335]
./nek5000() [0x963069]
./nek5000() [0x40df9c]
./nek5000() [0x4273b6]
./nek5000() [0x42596e]
./nek5000() [0x4054fe]
/lib64/libc.so.6(__libc_start_main+0xf5) [0x2aaab1ca3b25]
./nek5000() [0x405409]
  
total elapsed time             :   8.58027E+02 sec
total solver time incl. I/O    :   0.00000E+00 sec
time/timestep                  :   0.00000E+00 sec
CPU seconds/timestep/gridpt    :   0.00000E+00 sec

Application 2258587 resources: utime ~54280s, stime ~467s, Rss ~110420, inblocks ~0, outblocks ~0
