/----------------------------------------------------------\\
|      _   __ ______ __ __  ______  ____   ____   ____     |
|     / | / // ____// //_/ / ____/ / __ \\/ __ \\/ __ \\   |
|    /  |/ // __/  / ,<   /___ \\ / / / // / / // / / /    |
|   / /|  // /___ / /| | ____/ / / /_/ // /_/ // /_/ /     |
|  /_/ |_//_____//_/ |_|/_____/  \\___/ \\___/ \\___/      |
|                                                          |
|----------------------------------------------------------|
|                                                          |
| NEK5000:  Open Source Spectral Element Solver            |
| COPYRIGHT (c) 2008-2016 UCHICAGO ARGONNE, LLC            |
| Version:  16.0.0                                         |
| Web:      http://nek5000.mcs.anl.gov                     |
|                                                          |
\\----------------------------------------------------------/
                                                              

 Number of processors:          64
 REAL    wdsize      :           8
 INTEGER wdsize      :           4
 Timer accuracy      : 4.05E-07
 Reading /gpfs/theta-fs1/home/thilina/env/lx15/b8.rea                                                                                        

 mapping elements to processors
 Reading /gpfs/theta-fs1/home/thilina/env/lx15/b8.map                                                                                        
           0           4           4         256         256  NELV
           6           4           4         256         256  NELV
           7           4           4         256         256  NELV
          24           4           4         256         256  NELV
          29           4           4         256         256  NELV
           3           4           4         256         256  NELV
           5           4           4         256         256  NELV
          15           4           4         256         256  NELV
          31           4           4         256         256  NELV
          26           4           4         256         256  NELV
           1           4           4         256         256  NELV
          10           4           4         256         256  NELV
          22           4           4         256         256  NELV
          12           4           4         256         256  NELV
          28           4           4         256         256  NELV
           8           4           4         256         256  NELV
           4           4           4         256         256  NELV
          25           4           4         256         256  NELV
          30           4           4         256         256  NELV
           2           4           4         256         256  NELV
          13           4           4         256         256  NELV
          20           4           4         256         256  NELV
           9           4           4         256         256  NELV
          23           4           4         256         256  NELV
          14           4           4         256         256  NELV
          21           4           4         256         256  NELV
          11           4           4         256         256  NELV
          27           4           4         256         256  NELV
          19           4           4         256         256  NELV
          18           4           4         256         256  NELV
          16           4           4         256         256  NELV
          17           4           4         256         256  NELV
          34           4           4         256         256  NELV
          54           4           4         256         256  NELV
          55           4           4         256         256  NELV
          62           4           4         256         256  NELV
          61           4           4         256         256  NELV
          41           4           4         256         256  NELV
          32           4           4         256         256  NELV
          60           4           4         256         256  NELV
 RANK     0 IEG     241     242     245     246
 element load imbalance:            0           4           4
 done :: mapping elements to processors
  
          42           4           4         256         256  NELV
          56           4           4         256         256  NELV
          38           4           4         256         256  NELV
          63           4           4         256         256  NELV
          50           4           4         256         256  NELV
          47           4           4         256         256  NELV
          51           4           4         256         256  NELV
          35           4           4         256         256  NELV
          44           4           4         256         256  NELV
          33           4           4         256         256  NELV
          46           4           4         256         256  NELV
          40           4           4         256         256  NELV
          36           4           4         256         256  NELV
          37           4           4         256         256  NELV
          48           4           4         256         256  NELV
          57           4           4         256         256  NELV
          59           4           4         256         256  NELV
          43           4           4         256         256  NELV
          58           4           4         256         256  NELV
          39           4           4         256         256  NELV
          45           4           4         256         256  NELV
          49           4           4         256         256  NELV
          53           4           4         256         256  NELV
          52           4           4         256         256  NELV
           0  objects found
 118   Parameters from file:
   1      1.00000     p001 DENSITY
   2     -100.000     p002 VISCOS
   7      1.00000     p007 RHOCP
   8      1.00000     p008 CONDUCT
  11      1.00        p011 NSTEPS
  12    -0.500000E-02 p012 DT
  21     0.100000E-05 p021 DIVERGENCE
  22     0.100000E-07 p022 HELMHOLTZ
  24     0.100000E-09 p024 TOLREL
  25     0.100000E-09 p025 TOLABS
  26     0.250000     p026 COURANT/NTAU
  27      2.00000     p027 TORDER
  66      6.00000     p066 output : <0=ascii, else binary
  67      6.00000     p067 restart: <0=ascii, else binary
  99      3.00000     p099 dealiasing: <0--> off/3--> old/4--> new
 103     0.500000E-01 p103 weight of stabilizing filter (.01)
  
 nelgt/nelgv/lelt:         256         256         100
 lx1  /lx2  /lx3 :          15          15          15
 done :: read .rea file   0.17402     sec

 setup mesh topology
   Right-handed check complete for     256 elements. OK.
   setvert3d:  15      165401      727833      165401      165401
 call usrsetvert
 done :: usrsetvert

gs_setup: 74873 unique labels shared
   pairwise times (avg, min, max): 0.000112545 9.57966e-05 0.000127888
   crystal router                : 0.000308574 0.000305009 0.000312901
   all reduce                    : 0.00169895 0.00169151 0.00170491
   used all_to_all method: pairwise
   handle bytes (avg, min, max): 81552 61628 91516
   buffer bytes (avg, min, max): 43380 28560 51120
   setupds time 1.3378E-01 seconds   0 15      165401         256
           8  max multiplicity
 done :: setup mesh topology
  
 call usrdat
 done :: usrdat

 generate geometry data
 done :: generate geometry data
  
 call usrdat2
 done :: usrdat2

 regenerate geometry data           1
 NOTE: All elements deformed , param(59) ^=0
 done :: regenerate geometry data           1
  
 verify mesh topology
  0.000000000000000E+000   1.00000000000000       Xrange
  0.000000000000000E+000   1.00000000000000       Yrange
  0.000000000000000E+000   1.00000000000000       Zrange
 done :: verify mesh topology
  
 IFTRAN   = T
 IFFLOW   = T
 IFHEAT   = F
 IFSPLIT  = T
 IFLOMACH = F
 IFUSERVP = F
 IFUSERMV = F
 IFSTRS   = F
 IFCHAR   = F
 IFCYCLIC = F
 IFAXIS   = F
 IFMVBD   = F
 IFMELT   = F
 IFMODEL  = F
 IFKEPS   = F
 IFMOAB   = F
 IFNEKNEK = F
 IFSYNC   = T
   
 IFVCOR   = T
 IFINTQ   = F
 IFCWUZ   = F
 IFSWALL  = F
 IFGEOM   = F
 IFSURT   = F
 IFWCNO   = F
   
 IFTMSH for field           1    =  F
 IFADVC for field           1    =  T
 IFNONL for field           1    =  F
   
 Dealiasing enabled, lxd=          22
  
 Estimated eigenvalues
 EIGAA =    9.86960440108936     
 EIGGA =    2308843.26731974     
 EIGAE =    9.86960440108936     
 EIGAS =   8.333333333333333E-002
 EIGGE =    2308843.26731974     
 EIGGS =    2.00000000000000     
  
 verify mesh topology
  0.000000000000000E+000   1.00000000000000       Xrange
  0.000000000000000E+000   1.00000000000000       Yrange
  0.000000000000000E+000   1.00000000000000       Zrange
 done :: verify mesh topology
  
  E-solver strategy:  0 itr
 mg_nx:           1           7          14
 mg_ny:           1           7          14
 mg_nz:           1           7          14
 call usrsetvert
 done :: usrsetvert

gs_setup: 357 unique labels shared
   pairwise times (avg, min, max): 6.90237e-05 6.2108e-05 7.7796e-05
   crystal router                : 2.47288e-05 2.45094e-05 2.50101e-05
   all reduce                    : 8.07397e-05 8.00848e-05 8.13961e-05
   used all_to_all method: crystal router
   handle bytes (avg, min, max): 5993 5156 6692
   buffer bytes (avg, min, max): 794 624 960
   setupds time 6.6609E-03 seconds   1  2         405         256
   setvert3d:   4        6077        8125        6077        6077
 call usrsetvert
 done :: usrsetvert

gs_setup: 3373 unique labels shared
   pairwise times (avg, min, max): 6.72746e-05 5.7888e-05 7.76052e-05
   crystal router                : 4.86985e-05 4.72069e-05 5.08785e-05
   all reduce                    : 0.000230685 0.000229096 0.000233603
   used all_to_all method: crystal router
   handle bytes (avg, min, max): 32317 25156 37588
   buffer bytes (avg, min, max): 4730 3584 5568
   setupds time 1.6796E-02 seconds   2  4        6077         256
   setvert3d:   8       38925       94221       38925       38925
 call usrsetvert
 done :: usrsetvert

gs_setup: 18621 unique labels shared
   pairwise times (avg, min, max): 8.1861e-05 7.02143e-05 9.49144e-05
   crystal router                : 7.7945e-05 7.71046e-05 7.94172e-05
   all reduce                    : 0.000801815 0.000797701 0.000808716
   used all_to_all method: crystal router
   handle bytes (avg, min, max): 152933 114692 180020
   buffer bytes (avg, min, max): 22436 17168 25536
   setupds time 4.8569E-02 seconds   3  8       38925         256
   setvert3d:  10       66101      197173       66101       66101
 call usrsetvert
 done :: usrsetvert

gs_setup: 30853 unique labels shared
   pairwise times (avg, min, max): 8.35013e-05 7.30991e-05 9.46999e-05
   crystal router                : 0.000106134 0.000102186 0.000110197
   all reduce                    : 0.00116713 0.0011605 0.00118098
   used all_to_all method: pairwise
   handle bytes (avg, min, max): 35382 26828 39676
   buffer bytes (avg, min, max): 19320 12640 22880
   setupds time 7.5054E-02 seconds   4 10       66101         256
 regenerate geometry data           1
 NOTE: All elements deformed , param(59) ^=0
 done :: regenerate geometry data           1
  
 h1_mg_nx:           1           3          14
 h1_mg_ny:           1           3          14
 h1_mg_nz:           1           3          14
 call usrsetvert
 done :: usrsetvert

gs_setup: 357 unique labels shared
   pairwise times (avg, min, max): 7.37775e-05 6.48975e-05 8.46148e-05
   crystal router                : 2.46532e-05 2.43902e-05 2.49863e-05
   all reduce                    : 8.61939e-05 8.54015e-05 8.69989e-05
   used all_to_all method: crystal router
   handle bytes (avg, min, max): 5993 5156 6692
   buffer bytes (avg, min, max): 794 624 960
   setupds time 7.2620E-03 seconds   5  2         405         256
   setvert3d:   4        6077        8125        6077        6077
 call usrsetvert
 done :: usrsetvert

gs_setup: 3373 unique labels shared
   pairwise times (avg, min, max): 6.77824e-05 5.91993e-05 7.85112e-05
   crystal router                : 3.88563e-05 3.81231e-05 3.97921e-05
   all reduce                    : 0.000260383 0.000259089 0.000262785
   used all_to_all method: crystal router
   handle bytes (avg, min, max): 32317 25156 37588
   buffer bytes (avg, min, max): 4730 3584 5568
   setupds time 2.1430E-02 seconds   6  4        6077         256
   setvert3d:   4        6077        8125        6077        6077
 call usrsetvert
 done :: usrsetvert

gs_setup: 3373 unique labels shared
   pairwise times (avg, min, max): 6.69505e-05 5.79834e-05 7.70092e-05
   crystal router                : 3.54383e-05 3.49998e-05 3.59058e-05
   all reduce                    : 0.000247842 0.000246191 0.000252104
   used all_to_all method: crystal router
   handle bytes (avg, min, max): 32317 25156 37588
   buffer bytes (avg, min, max): 4730 3584 5568
   setupds time 1.1328E-02 seconds   7  4        6077         256
   setvert3d:   6       18917       35301       18917       18917
 call usrsetvert
 done :: usrsetvert

gs_setup: 9461 unique labels shared
   pairwise times (avg, min, max): 7.06848e-05 6.04153e-05 8.23975e-05
   crystal router                : 8.79254e-05 8.70943e-05 8.88109e-05
   all reduce                    : 0.000497716 0.000495195 0.000501108
   used all_to_all method: pairwise
   handle bytes (avg, min, max): 12270 9356 13756
   buffer bytes (avg, min, max): 6984 4512 8352
   setupds time 2.7927E-02 seconds   8  6       18917         256
   setvert3d:  15      165401      727833      165401      165401
 call usrsetvert
 done :: usrsetvert

gs_setup: 74873 unique labels shared
   pairwise times (avg, min, max): 0.000100473 8.54969e-05 0.000115895
   crystal router                : 0.000285752 0.000280905 0.000294685
   all reduce                    : 0.00159919 0.00159352 0.0016077
   used all_to_all method: pairwise
   handle bytes (avg, min, max): 81552 61628 91516
   buffer bytes (avg, min, max): 43380 28560 51120
   setupds time 1.1223E-01 seconds   9 15      165401         256
   setvert3d:  17      217665     1081665      217665      217665
 call usrsetvert
 done :: usrsetvert

gs_setup: 97857 unique labels shared
   pairwise times (avg, min, max): 0.000107438 9.65118e-05 0.000120687
   crystal router                : 0.000396987 0.000393295 0.000401187
   all reduce                    : 0.00243173 0.00242929 0.00243468
   used all_to_all method: pairwise
   handle bytes (avg, min, max): 105396 79580 118300
   buffer bytes (avg, min, max): 55692 36720 65552
   setupds time 1.5553E-01 seconds  10 17      217665         256
 setup h1 coarse grid, nx_crs=           2
 call usrsetvert
 done :: usrsetvert

gs_setup: 357 unique labels shared
   pairwise times (avg, min, max): 5.5952e-05 4.86851e-05 6.41823e-05
   crystal router                : 3.46716e-05 3.44038e-05 3.49998e-05
   all reduce                    : 8.39621e-05 8.33988e-05 8.46148e-05
   used all_to_all method: crystal router
   handle bytes (avg, min, max): 5993 5156 6692
   buffer bytes (avg, min, max): 794 624 960
 done :: setup h1 coarse grid   2.627992630004883E-002  sec
  
 call usrdat3
 done :: usrdat3

 set initial conditions
 nekuic (1) for ifld            1
 call nekuic for vel  
 xyz min     0.0000       0.0000       0.0000    
 uvwpt min   0.0000       0.0000       0.0000       0.0000       0.0000    
 PS min      0.0000       0.0000      0.99000E+22
 xyz max     1.0000       1.0000       1.0000    
 uvwpt max   0.0000       0.0000       0.0000       0.0000       0.0000    
 PS max      0.0000       0.0000     -0.99000E+22
 done :: set initial conditions
  
 call userchk
GFM max:  3.1953E-04  1.2781E-03  1.2781E-03  9.7302E-17  9.7302E-17  2.1810E-16
 
nelt =       4, np =        64, nx1 =      15, elements =       256
Solve Time =   0.1472E-08
 
nelt =       4, np =        64, nx1 =      15, elements =       256
Solve Time =   0.1451E-08
 
nelt =       4, np =        64, nx1 =      15, elements =       256
Solve Time =   0.1449E-08
 
nelt =       4, np =        64, nx1 =      15, elements =       256
Solve Time =   0.1450E-08
 
nelt =       4, np =        64, nx1 =      15, elements =       256
Solve Time =   0.1449E-08
 
nelt =       4, np =        64, nx1 =      15, elements =       256
Solve Time =   0.1446E-08
 
nelt =       4, np =        64, nx1 =      15, elements =       256
Solve Time =   0.1446E-08
 
nelt =       4, np =        64, nx1 =      15, elements =       256
Solve Time =   0.1447E-08
 
nelt =       4, np =        64, nx1 =      15, elements =       256
Solve Time =   0.1444E-08
 
nelt =       4, np =        64, nx1 =      15, elements =       256
Solve Time =   0.1445E-08
 
nelt =       4, np =        64, nx1 =      15, elements =       256
Solve Time =   0.1171E-08
 
nelt =       4, np =        64, nx1 =      15, elements =       256
Solve Time =   0.1164E-08
 
nelt =       4, np =        64, nx1 =      15, elements =       256
Solve Time =   0.1166E-08
 
nelt =       4, np =        64, nx1 =      15, elements =       256
Solve Time =   0.1165E-08
 
nelt =       4, np =        64, nx1 =      15, elements =       256
Solve Time =   0.1164E-08
 
nelt =       4, np =        64, nx1 =      15, elements =       256
Solve Time =   0.1164E-08
 
nelt =       4, np =        64, nx1 =      15, elements =       256
Solve Time =   0.1164E-08
 
nelt =       4, np =        64, nx1 =      15, elements =       256
Solve Time =   0.1165E-08
 
nelt =       4, np =        64, nx1 =      15, elements =       256
Solve Time =   0.1164E-08
 
nelt =       4, np =        64, nx1 =      15, elements =       256
Solve Time =   0.1163E-08
 
nelt =       4, np =        64, nx1 =      15, elements =       256
Solve Time =   0.1294E-08
 
nelt =       4, np =        64, nx1 =      15, elements =       256
Solve Time =   0.1291E-08
 
nelt =       4, np =        64, nx1 =      15, elements =       256
Solve Time =   0.1291E-08
 
nelt =       4, np =        64, nx1 =      15, elements =       256
Solve Time =   0.1289E-08
 
nelt =       4, np =        64, nx1 =      15, elements =       256
Solve Time =   0.1288E-08
 
nelt =       4, np =        64, nx1 =      15, elements =       256
Solve Time =   0.1292E-08
 
nelt =       4, np =        64, nx1 =      15, elements =       256
Solve Time =   0.1289E-08
 
nelt =       4, np =        64, nx1 =      15, elements =       256
Solve Time =   0.1290E-08
 
nelt =       4, np =        64, nx1 =      15, elements =       256
Solve Time =   0.1291E-08
 
nelt =       4, np =        64, nx1 =      15, elements =       256
Solve Time =   0.1290E-08
 
nelt =       4, np =        64, nx1 =      15, elements =       256
Solve Time =   0.1389E-08
 
nelt =       4, np =        64, nx1 =      15, elements =       256
Solve Time =   0.1383E-08
 
nelt =       4, np =        64, nx1 =      15, elements =       256
Solve Time =   0.1381E-08
 
nelt =       4, np =        64, nx1 =      15, elements =       256
Solve Time =   0.1388E-08
 
nelt =       4, np =        64, nx1 =      15, elements =       256
Solve Time =   0.1381E-08
 
nelt =       4, np =        64, nx1 =      15, elements =       256
Solve Time =   0.1382E-08
 
nelt =       4, np =        64, nx1 =      15, elements =       256
Solve Time =   0.1381E-08
 
nelt =       4, np =        64, nx1 =      15, elements =       256
Solve Time =   0.1382E-08
 
nelt =       4, np =        64, nx1 =      15, elements =       256
Solve Time =   0.1382E-08
 
nelt =       4, np =        64, nx1 =      15, elements =       256
Solve Time =   0.1383E-08
 
nelt =       4, np =        64, nx1 =      15, elements =       256
Solve Time =   0.1485E-08
 
nelt =       4, np =        64, nx1 =      15, elements =       256
Solve Time =   0.1477E-08
 
nelt =       4, np =        64, nx1 =      15, elements =       256
Solve Time =   0.1477E-08
 
nelt =       4, np =        64, nx1 =      15, elements =       256
Solve Time =   0.1476E-08
 
nelt =       4, np =        64, nx1 =      15, elements =       256
Solve Time =   0.1477E-08
 
nelt =       4, np =        64, nx1 =      15, elements =       256
Solve Time =   0.1477E-08
 
nelt =       4, np =        64, nx1 =      15, elements =       256
Solve Time =   0.1477E-08
 
nelt =       4, np =        64, nx1 =      15, elements =       256
Solve Time =   0.1476E-08
 
nelt =       4, np =        64, nx1 =      15, elements =       256
Solve Time =   0.1474E-08
 
nelt =       4, np =        64, nx1 =      15, elements =       256
Solve Time =   0.1478E-08
 schfile:
 /gpfs/theta-fs1/home/thilina/env/lx15/b8.sch                                   
                                                      
 15      256  1.0000E+00  1.0000E+00  1.0000E+00  error v
 15      256  1.0000E+00  1.0000E+00  1.0000E+00  error v
 15      256  1.0000E+00  1.0000E+00  1.0000E+00  error v
 15      256  1.0000E+00  1.0000E+00  1.0000E+00  error v
 15      256  1.0000E+00  1.0000E+00  1.0000E+00  error v
 15      256  1.0000E+00  1.0000E+00  1.0000E+00  error v
 15      256  1.0000E+00  1.0000E+00  1.0000E+00  error v
 15      256  1.0000E+00  1.0000E+00  1.0000E+00  error v
 15      256  1.0000E+00  1.0000E+00  1.0000E+00  error v
 15      256  1.0000E+00  1.0000E+00  1.0000E+00  error v
 15      256  1.0000E+00  1.0000E+00  1.0000E+00  error v
 15      256  1.0000E+00  1.0000E+00  1.0000E+00  error v
 15      256  1.0000E+00  1.0000E+00  1.0000E+00  error v
 15      256  1.0000E+00  1.0000E+00  1.0000E+00  error v
 15      256  1.0000E+00  1.0000E+00  1.0000E+00  error v
 15      256  1.0000E+00  1.0000E+00  1.0000E+00  error v
 15      256  1.0000E+00  1.0000E+00  1.0000E+00  error v
 15      256  1.0000E+00  1.0000E+00  1.0000E+00  error v
 15      256  1.0000E+00  1.0000E+00  1.0000E+00  error v
 15      256  1.0000E+00  1.0000E+00  1.0000E+00  error v
 15      256  1.0000E+00  1.0000E+00  1.0000E+00  error v
 15      256  1.0000E+00  1.0000E+00  1.0000E+00  error v
 15      256  1.0000E+00  1.0000E+00  1.0000E+00  error v
 15      256  1.0000E+00  1.0000E+00  1.0000E+00  error v
 15      256  1.0000E+00  1.0000E+00  1.0000E+00  error v
 15      256  1.0000E+00  1.0000E+00  1.0000E+00  error v
 15      256  1.0000E+00  1.0000E+00  1.0000E+00  error v
 15      256  1.0000E+00  1.0000E+00  1.0000E+00  error v
 15      256  1.0000E+00  1.0000E+00  1.0000E+00  error v
 15      256  1.0000E+00  1.0000E+00  1.0000E+00  error v
 15      256  1.0000E+00  1.0000E+00  1.0000E+00  error v
 15      256  1.0000E+00  1.0000E+00  1.0000E+00  error v
 15      256  1.0000E+00  1.0000E+00  1.0000E+00  error v
 15      256  1.0000E+00  1.0000E+00  1.0000E+00  error v
 15      256  1.0000E+00  1.0000E+00  1.0000E+00  error v
 15      256  1.0000E+00  1.0000E+00  1.0000E+00  error v
 15      256  1.0000E+00  1.0000E+00  1.0000E+00  error v
 15      256  1.0000E+00  1.0000E+00  1.0000E+00  error v
 15      256  1.0000E+00  1.0000E+00  1.0000E+00  error v
 15      256  1.0000E+00  1.0000E+00  1.0000E+00  error v
 15      256  1.0000E+00  1.0000E+00  1.0000E+00  error v
 15      256  1.0000E+00  1.0000E+00  1.0000E+00  error v
 15      256  1.0000E+00  1.0000E+00  1.0000E+00  error v
 15      256  1.0000E+00  1.0000E+00  1.0000E+00  error v
 15      256  1.0000E+00  1.0000E+00  1.0000E+00  error v
 15      256  1.0000E+00  1.0000E+00  1.0000E+00  error v
 15      256  1.0000E+00  1.0000E+00  1.0000E+00  error v
 15      256  1.0000E+00  1.0000E+00  1.0000E+00  error v
 15      256  1.0000E+00  1.0000E+00  1.0000E+00  error v
 15      256  1.0000E+00  1.0000E+00  1.0000E+00  error v
 15      256  1.0000E+00  1.0000E+00  1.0000E+00  error v
 15      256  1.0000E+00  1.0000E+00  1.0000E+00  error v
 15      256  1.0000E+00  1.0000E+00  1.0000E+00  error v
 15      256  1.0000E+00  1.0000E+00  1.0000E+00  error v
 15      256  1.0000E+00  1.0000E+00  1.0000E+00  error v
 15      256  1.0000E+00  1.0000E+00  1.0000E+00  error v
 15      256  1.0000E+00  1.0000E+00  1.0000E+00  error v
 15      256  1.0000E+00  1.0000E+00  1.0000E+00  error v
 15      256  1.0000E+00  1.0000E+00  1.0000E+00  error v
 15      256  1.0000E+00  1.0000E+00  1.0000E+00  error v
 15      256  1.0000E+00  1.0000E+00  1.0000E+00  error v
 15      256  1.0000E+00  1.0000E+00  1.0000E+00  error v
 15      256  1.0000E+00  1.0000E+00  1.0000E+00  error v
 15      256  1.0000E+00  1.0000E+00  1.0000E+00  error v
 
nelt =       4, np =        64, nx1 =      15, elements =       256
Solve Time =   0.1857E-08
 
nelt =       4, np =        64, nx1 =      15, elements =       256
Solve Time =   0.1850E-08
 
nelt =       4, np =        64, nx1 =      15, elements =       256
Solve Time =   0.1845E-08
 
nelt =       4, np =        64, nx1 =      15, elements =       256
Solve Time =   0.1844E-08
 
nelt =       4, np =        64, nx1 =      15, elements =       256
Solve Time =   0.1847E-08
 
nelt =       4, np =        64, nx1 =      15, elements =       256
Solve Time =   0.1848E-08
 
nelt =       4, np =        64, nx1 =      15, elements =       256
Solve Time =   0.1848E-08
 
nelt =       4, np =        64, nx1 =      15, elements =       256
Solve Time =   0.1846E-08
 
nelt =       4, np =        64, nx1 =      15, elements =       256
Solve Time =   0.1846E-08
 
nelt =       4, np =        64, nx1 =      15, elements =       256
Solve Time =   0.1848E-08
 15      256  2.9435E-05  2.9435E-05  2.9435E-05  error s
 15      256  2.9435E-05  2.9435E-05  2.9435E-05  error s
 15      256  2.9435E-05  2.9435E-05  2.9435E-05  error s
 15      256  2.9435E-05  2.9435E-05  2.9435E-05  error s
 15      256  2.9435E-05  2.9435E-05  2.9435E-05  error s
 15      256  2.9435E-05  2.9435E-05  2.9435E-05  error s
 15      256  2.9435E-05  2.9435E-05  2.9435E-05  error s
 15      256  2.9435E-05  2.9435E-05  2.9435E-05  error s
 15      256  2.9435E-05  2.9435E-05  2.9435E-05  error s
 15      256  2.9435E-05  2.9435E-05  2.9435E-05  error s
 15      256  2.9435E-05  2.9435E-05  2.9435E-05  error s
 15      256  2.9435E-05  2.9435E-05  2.9435E-05  error s
 15      256  2.9435E-05  2.9435E-05  2.9435E-05  error s
 15      256  2.9435E-05  2.9435E-05  2.9435E-05  error s
 15      256  2.9435E-05  2.9435E-05  2.9435E-05  error s
 15      256  2.9435E-05  2.9435E-05  2.9435E-05  error s
 15      256  2.9435E-05  2.9435E-05  2.9435E-05  error s
 15      256  2.9435E-05  2.9435E-05  2.9435E-05  error s
 15      256  2.9435E-05  2.9435E-05  2.9435E-05  error s
 15      256  2.9435E-05  2.9435E-05  2.9435E-05  error s
 15      256  2.9435E-05  2.9435E-05  2.9435E-05  error s
 15      256  2.9435E-05  2.9435E-05  2.9435E-05  error s
 15      256  2.9435E-05  2.9435E-05  2.9435E-05  error s
 15      256  2.9435E-05  2.9435E-05  2.9435E-05  error s
 15      256  2.9435E-05  2.9435E-05  2.9435E-05  error s
 15      256  2.9435E-05  2.9435E-05  2.9435E-05  error s
 15      256  2.9435E-05  2.9435E-05  2.9435E-05  error s
 15      256  2.9435E-05  2.9435E-05  2.9435E-05  error s
 15      256  2.9435E-05  2.9435E-05  2.9435E-05  error s
 15      256  2.9435E-05  2.9435E-05  2.9435E-05  error s
 15      256  2.9435E-05  2.9435E-05  2.9435E-05  error s
 15      256  2.9435E-05  2.9435E-05  2.9435E-05  error s
 15      256  2.9435E-05  2.9435E-05  2.9435E-05  error s
 15      256  2.9435E-05  2.9435E-05  2.9435E-05  error s
 15      256  2.9435E-05  2.9435E-05  2.9435E-05  error s
 15      256  2.9435E-05  2.9435E-05  2.9435E-05  error s
 15      256  2.9435E-05  2.9435E-05  2.9435E-05  error s
 15      256  2.9435E-05  2.9435E-05  2.9435E-05  error s
 15      256  2.9435E-05  2.9435E-05  2.9435E-05  error s
 15      256  2.9435E-05  2.9435E-05  2.9435E-05  error s
 15      256  2.9435E-05  2.9435E-05  2.9435E-05  error s
 15      256  2.9435E-05  2.9435E-05  2.9435E-05  error s
 15      256  2.9435E-05  2.9435E-05  2.9435E-05  error s
 15      256  2.9435E-05  2.9435E-05  2.9435E-05  error s
 15      256  2.9435E-05  2.9435E-05  2.9435E-05  error s
 15      256  2.9435E-05  2.9435E-05  2.9435E-05  error s
 15      256  2.9435E-05  2.9435E-05  2.9435E-05  error s
 15      256  2.9435E-05  2.9435E-05  2.9435E-05  error s
 15      256  2.9435E-05  2.9435E-05  2.9435E-05  error s
 15      256  2.9435E-05  2.9435E-05  2.9435E-05  error s
 15      256  2.9435E-05  2.9435E-05  2.9435E-05  error s
 15      256  2.9435E-05  2.9435E-05  2.9435E-05  error s
 15      256  2.9435E-05  2.9435E-05  2.9435E-05  error s
 15      256  2.9435E-05  2.9435E-05  2.9435E-05  error s
 15      256  2.9435E-05  2.9435E-05  2.9435E-05  error s
 15      256  2.9435E-05  2.9435E-05  2.9435E-05  error s
 15      256  2.9435E-05  2.9435E-05  2.9435E-05  error s
 15      256  2.9435E-05  2.9435E-05  2.9435E-05  error s
 15      256  2.9435E-05  2.9435E-05  2.9435E-05  error s
 15      256  2.9435E-05  2.9435E-05  2.9435E-05  error s
 15      256  2.9435E-05  2.9435E-05  2.9435E-05  error s
 15      256  2.9435E-05  2.9435E-05  2.9435E-05  error s
 15      256  2.9435E-05  2.9435E-05  2.9435E-05  error s
 15      256  2.9435E-05  2.9435E-05  2.9435E-05  error s
 
nelt =       4, np =        64, nx1 =      15, elements =       256
Solve Time =   0.1913E-08
 
nelt =       4, np =        64, nx1 =      15, elements =       256
Solve Time =   0.1909E-08
 
nelt =       4, np =        64, nx1 =      15, elements =       256
Solve Time =   0.1906E-08
 
nelt =       4, np =        64, nx1 =      15, elements =       256
Solve Time =   0.1907E-08
 
nelt =       4, np =        64, nx1 =      15, elements =       256
Solve Time =   0.1908E-08
 
nelt =       4, np =        64, nx1 =      15, elements =       256
Solve Time =   0.1909E-08
 
nelt =       4, np =        64, nx1 =      15, elements =       256
Solve Time =   0.1906E-08
 
nelt =       4, np =        64, nx1 =      15, elements =       256
Solve Time =   0.1908E-08
 
nelt =       4, np =        64, nx1 =      15, elements =       256
Solve Time =   0.1908E-08
 
nelt =       4, np =        64, nx1 =      15, elements =       256
Solve Time =   0.1909E-08
 15      256  2.9622E-05  2.9622E-05  2.9622E-05  error n
 15      256  2.9622E-05  2.9622E-05  2.9622E-05  error n
 15      256  2.9622E-05  2.9622E-05  2.9622E-05  error n
 15      256  2.9622E-05  2.9622E-05  2.9622E-05  error n
 15      256  2.9622E-05  2.9622E-05  2.9622E-05  error n
 15      256  2.9622E-05  2.9622E-05  2.9622E-05  error n
 15      256  2.9622E-05  2.9622E-05  2.9622E-05  error n
 15      256  2.9622E-05  2.9622E-05  2.9622E-05  error n
 15      256  2.9622E-05  2.9622E-05  2.9622E-05  error n
 15      256  2.9622E-05  2.9622E-05  2.9622E-05  error n
 15      256  2.9622E-05  2.9622E-05  2.9622E-05  error n
 15      256  2.9622E-05  2.9622E-05  2.9622E-05  error n
 15      256  2.9622E-05  2.9622E-05  2.9622E-05  error n
 15      256  2.9622E-05  2.9622E-05  2.9622E-05  error n
 15      256  2.9622E-05  2.9622E-05  2.9622E-05  error n
 15      256  2.9622E-05  2.9622E-05  2.9622E-05  error n
 15      256  2.9622E-05  2.9622E-05  2.9622E-05  error n
 15      256  2.9622E-05  2.9622E-05  2.9622E-05  error n
 15      256  2.9622E-05  2.9622E-05  2.9622E-05  error n
 15      256  2.9622E-05  2.9622E-05  2.9622E-05  error n
 15      256  2.9622E-05  2.9622E-05  2.9622E-05  error n
 15      256  2.9622E-05  2.9622E-05  2.9622E-05  error n
 15      256  2.9622E-05  2.9622E-05  2.9622E-05  error n
 15      256  2.9622E-05  2.9622E-05  2.9622E-05  error n
 15      256  2.9622E-05  2.9622E-05  2.9622E-05  error n
 15      256  2.9622E-05  2.9622E-05  2.9622E-05  error n
 15      256  2.9622E-05  2.9622E-05  2.9622E-05  error n
 15      256  2.9622E-05  2.9622E-05  2.9622E-05  error n
 15      256  2.9622E-05  2.9622E-05  2.9622E-05  error n
 15      256  2.9622E-05  2.9622E-05  2.9622E-05  error n
 15      256  2.9622E-05  2.9622E-05  2.9622E-05  error n
 15      256  2.9622E-05  2.9622E-05  2.9622E-05  error n
 15      256  2.9622E-05  2.9622E-05  2.9622E-05  error n
 15      256  2.9622E-05  2.9622E-05  2.9622E-05  error n
 15      256  2.9622E-05  2.9622E-05  2.9622E-05  error n
 15      256  2.9622E-05  2.9622E-05  2.9622E-05  error n
 15      256  2.9622E-05  2.9622E-05  2.9622E-05  error n
 15      256  2.9622E-05  2.9622E-05  2.9622E-05  error n
 15      256  2.9622E-05  2.9622E-05  2.9622E-05  error n
 15      256  2.9622E-05  2.9622E-05  2.9622E-05  error n
 15      256  2.9622E-05  2.9622E-05  2.9622E-05  error n
 15      256  2.9622E-05  2.9622E-05  2.9622E-05  error n
 15      256  2.9622E-05  2.9622E-05  2.9622E-05  error n
 15      256  2.9622E-05  2.9622E-05  2.9622E-05  error n
 15      256  2.9622E-05  2.9622E-05  2.9622E-05  error n
 15      256  2.9622E-05  2.9622E-05  2.9622E-05  error n
 15      256  2.9622E-05  2.9622E-05  2.9622E-05  error n
 15      256  2.9622E-05  2.9622E-05  2.9622E-05  error n
 15      256  2.9622E-05  2.9622E-05  2.9622E-05  error n
  14      256  100  0.0000E+00  0.0000E+00  0.0000E+00 time for 3 hmholtz
EXIT: quit after cggov         14
 15      256  2.9622E-05  2.9622E-05  2.9622E-05  error n
 15      256  2.9622E-05  2.9622E-05  2.9622E-05  error n
 15      256  2.9622E-05  2.9622E-05  2.9622E-05  error n
 15      256  2.9622E-05  2.9622E-05  2.9622E-05  error n
 15      256  2.9622E-05  2.9622E-05  2.9622E-05  error n
 15      256  2.9622E-05  2.9622E-05  2.9622E-05  error n
 15      256  2.9622E-05  2.9622E-05  2.9622E-05  error n
 15      256  2.9622E-05  2.9622E-05  2.9622E-05  error n
 15      256  2.9622E-05  2.9622E-05  2.9622E-05  error n
 15      256  2.9622E-05  2.9622E-05  2.9622E-05  error n
 15      256  2.9622E-05  2.9622E-05  2.9622E-05  error n
 15      256  2.9622E-05  2.9622E-05  2.9622E-05  error n
 15      256  2.9622E-05  2.9622E-05  2.9622E-05  error n
 15      256  2.9622E-05  2.9622E-05  2.9622E-05  error n
 15      256  2.9622E-05  2.9622E-05  2.9622E-05  error n
  
call exitt: dying ...
  
backtrace(): obtained 8 stack frames.
./nek5000() [0x77f335]
./nek5000() [0x963069]
./nek5000() [0x40df9c]
./nek5000() [0x4273b6]
./nek5000() [0x42596e]
./nek5000() [0x4054fe]
/lib64/libc.so.6(__libc_start_main+0xf5) [0x2aaab1ca3b25]
./nek5000() [0x405409]
  
total elapsed time             :   2.11701E+02 sec
total solver time incl. I/O    :   0.00000E+00 sec
time/timestep                  :   0.00000E+00 sec
CPU seconds/timestep/gridpt    :   0.00000E+00 sec

Application 2258521 resources: utime ~13397s, stime ~140s, Rss ~66324, inblocks ~0, outblocks ~0
