/----------------------------------------------------------\\
|      _   __ ______ __ __  ______  ____   ____   ____     |
|     / | / // ____// //_/ / ____/ / __ \\/ __ \\/ __ \\   |
|    /  |/ // __/  / ,<   /___ \\ / / / // / / // / / /    |
|   / /|  // /___ / /| | ____/ / / /_/ // /_/ // /_/ /     |
|  /_/ |_//_____//_/ |_|/_____/  \\___/ \\___/ \\___/      |
|                                                          |
|----------------------------------------------------------|
|                                                          |
| NEK5000:  Open Source Spectral Element Solver            |
| COPYRIGHT (c) 2008-2016 UCHICAGO ARGONNE, LLC            |
| Version:  16.0.0                                         |
| Web:      http://nek5000.mcs.anl.gov                     |
|                                                          |
\\----------------------------------------------------------/
                                                              

 Number of processors:         128
 REAL    wdsize      :           8
 INTEGER wdsize      :           4
 Timer accuracy      : 5.96E-07
 Reading /gpfs/theta-fs1/home/thilina/env/lx15/b9.rea                                                                                        

 mapping elements to processors
 Reading /gpfs/theta-fs1/home/thilina/env/lx15/b9.map                                                                                        
 RANK     0 IEG     449     450     457     458
 element load imbalance:            0           4           4
 done :: mapping elements to processors
  
           0  objects found
 118   Parameters from file:
   1      1.00000     p001 DENSITY
   2     -100.000     p002 VISCOS
   7      1.00000     p007 RHOCP
   8      1.00000     p008 CONDUCT
  11      1.00        p011 NSTEPS
  12    -0.500000E-02 p012 DT
  21     0.100000E-05 p021 DIVERGENCE
  22     0.100000E-07 p022 HELMHOLTZ
  24     0.100000E-09 p024 TOLREL
  25     0.100000E-09 p025 TOLABS
  26     0.250000     p026 COURANT/NTAU
  27      2.00000     p027 TORDER
  66      6.00000     p066 output : <0=ascii, else binary
  67      6.00000     p067 restart: <0=ascii, else binary
  99      3.00000     p099 dealiasing: <0--> off/3--> old/4--> new
 103     0.500000E-01 p103 weight of stabilizing filter (.01)
  
 nelgt/nelgv/lelt:         512         512         100
 lx1  /lx2  /lx3 :          15          15          15
 done :: read .rea file   0.41992     sec

 setup mesh topology
   Right-handed check complete for     512 elements. OK.
   setvert3d:  15      318033     1442897      318033      318033
 call usrsetvert
 done :: usrsetvert

gs_setup: 160297 unique labels shared
   pairwise times (avg, min, max): 0.000160775 0.000141096 0.000178385
   crystal router                : 0.000410868 0.000406194 0.000416517
   used all_to_all method: pairwise
   handle bytes (avg, min, max): 86593 61628 101564
   buffer bytes (avg, min, max): 47467 28560 59552
   setupds time 1.1808E-01 seconds   0 15      318033         512
           8  max multiplicity
 done :: setup mesh topology
  
 call usrdat
 done :: usrdat

 generate geometry data
 done :: generate geometry data
  
 call usrdat2
 done :: usrdat2

 regenerate geometry data           1
 NOTE: All elements deformed , param(59) ^=0
 done :: regenerate geometry data           1
  
 verify mesh topology
  0.000000000000000E+000   1.00000000000000       Xrange
  0.000000000000000E+000   1.00000000000000       Yrange
  0.000000000000000E+000   1.00000000000000       Zrange
 done :: verify mesh topology
  
 IFTRAN   = T
 IFFLOW   = T
 IFHEAT   = F
 IFSPLIT  = T
 IFLOMACH = F
 IFUSERVP = F
 IFUSERMV = F
 IFSTRS   = F
 IFCHAR   = F
 IFCYCLIC = F
 IFAXIS   = F
 IFMVBD   = F
 IFMELT   = F
 IFMODEL  = F
 IFKEPS   = F
 IFMOAB   = F
 IFNEKNEK = F
 IFSYNC   = T
   
 IFVCOR   = T
 IFINTQ   = F
 IFCWUZ   = F
 IFSWALL  = F
 IFGEOM   = F
 IFSURT   = F
 IFWCNO   = F
   
 IFTMSH for field           1    =  F
 IFADVC for field           1    =  T
 IFNONL for field           1    =  F
   
 Dealiasing enabled, lxd=          22
  
 Estimated eigenvalues
 EIGAA =    9.86960440108936     
 EIGGA =    3459027.79444327     
 EIGAE =    9.86960440108936     
 EIGAS =   8.333333333333333E-002
 EIGGE =    3459027.79444327     
 EIGGS =    2.00000000000000     
  
 verify mesh topology
  0.000000000000000E+000   1.00000000000000       Xrange
  0.000000000000000E+000   1.00000000000000       Yrange
  0.000000000000000E+000   1.00000000000000       Zrange
 done :: verify mesh topology
  
  E-solver strategy:  0 itr
 mg_nx:           1           7          14
 mg_ny:           1           7          14
 mg_nz:           1           7          14
 call usrsetvert
 done :: usrsetvert

gs_setup: 657 unique labels shared
   pairwise times (avg, min, max): 0.000111963 0.000100613 0.000126791
   crystal router                : 6.59952e-05 6.52075e-05 6.72102e-05
   all reduce                    : 0.000118508 0.000117707 0.000119209
   used all_to_all method: crystal router
   handle bytes (avg, min, max): 7051 6436 7708
   buffer bytes (avg, min, max): 871 688 1008
   setupds time 9.3310E-03 seconds   1  2         729         512
   setvert3d:   4       11529       15625       11529       11529
 call usrsetvert
 done :: usrsetvert

gs_setup: 6913 unique labels shared
   pairwise times (avg, min, max): 0.000111731 0.000101805 0.000121808
   crystal router                : 5.79162e-05 5.69105e-05 5.89132e-05
   all reduce                    : 0.00045258 0.000450492 0.000455499
   used all_to_all method: crystal router
   handle bytes (avg, min, max): 39003 30996 45276
   buffer bytes (avg, min, max): 5253 4112 6256
   setupds time 2.6143E-02 seconds   2  4       11529         512
   setvert3d:   8       74601      185193       74601       74601
 call usrsetvert
 done :: usrsetvert

gs_setup: 39393 unique labels shared
   pairwise times (avg, min, max): 0.000124921 0.000110388 0.000141311
   crystal router                : 0.000116034 0.000114393 0.000117803
   all reduce                    : 0.00103324 0.0010294 0.0010412
   used all_to_all method: crystal router
   handle bytes (avg, min, max): 186427 140020 221788
   buffer bytes (avg, min, max): 25059 18512 29136
   setupds time 7.6885E-02 seconds   3  8       74601         512
   setvert3d:  10      126873      389017      126873      126873
 call usrsetvert
 done :: usrsetvert

gs_setup: 65617 unique labels shared
   pairwise times (avg, min, max): 0.000128985 0.000113893 0.000143003
   crystal router                : 0.00021034 0.000207806 0.000213981
   all reduce                    : 0.00155542 0.0015506 0.00156579
   used all_to_all method: pairwise
   handle bytes (avg, min, max): 37583 26828 44084
   buffer bytes (avg, min, max): 21247 12640 26912
   setupds time 1.0661E-01 seconds   4 10      126873         512
 regenerate geometry data           1
 NOTE: All elements deformed , param(59) ^=0
 done :: regenerate geometry data           1
  
 h1_mg_nx:           1           3          14
 h1_mg_ny:           1           3          14
 h1_mg_nz:           1           3          14
 call usrsetvert
 done :: usrsetvert

gs_setup: 657 unique labels shared
   pairwise times (avg, min, max): 0.000104972 9.44853e-05 0.000113511
   crystal router                : 5.16895e-05 4.9901e-05 5.42879e-05
   all reduce                    : 0.000120254 0.000119305 0.000121212
   used all_to_all method: crystal router
   handle bytes (avg, min, max): 7051 6436 7708
   buffer bytes (avg, min, max): 871 688 1008
   setupds time 9.6750E-03 seconds   5  2         729         512
   setvert3d:   4       11529       15625       11529       11529
 call usrsetvert
 done :: usrsetvert

gs_setup: 6913 unique labels shared
   pairwise times (avg, min, max): 0.00010557 9.45091e-05 0.000118494
   crystal router                : 5.50712e-05 5.45025e-05 5.6386e-05
   all reduce                    : 0.000467462 0.000465322 0.000470114
   used all_to_all method: crystal router
   handle bytes (avg, min, max): 39003 30996 45276
   buffer bytes (avg, min, max): 5253 4112 6256
   setupds time 2.2504E-02 seconds   6  4       11529         512
   setvert3d:   4       11529       15625       11529       11529
 call usrsetvert
 done :: usrsetvert

gs_setup: 6913 unique labels shared
   pairwise times (avg, min, max): 9.98326e-05 8.97884e-05 0.000110197
   crystal router                : 5.61751e-05 5.4884e-05 5.71966e-05
   all reduce                    : 0.000444391 0.000442314 0.000447512
   used all_to_all method: crystal router
   handle bytes (avg, min, max): 39003 30996 45276
   buffer bytes (avg, min, max): 5253 4112 6256
   setupds time 1.6001E-02 seconds   7  4       11529         512
   setvert3d:   6       36153       68921       36153       36153
 call usrsetvert
 done :: usrsetvert

gs_setup: 19825 unique labels shared
   pairwise times (avg, min, max): 0.000111163 9.41992e-05 0.000125289
   crystal router                : 7.84032e-05 7.76052e-05 7.9298e-05
   all reduce                    : 0.000990173 0.000985885 0.00099721
   used all_to_all method: crystal router
   handle bytes (avg, min, max): 98795 75524 116636
   buffer bytes (avg, min, max): 13287 10032 15600
   setupds time 4.7821E-02 seconds   8  6       36153         512
   setvert3d:  15      318033     1442897      318033      318033
 call usrsetvert
 done :: usrsetvert

gs_setup: 160297 unique labels shared
   pairwise times (avg, min, max): 0.000146182 0.000128484 0.000161219
   crystal router                : 0.000407355 0.000402594 0.000413203
   used all_to_all method: pairwise
   handle bytes (avg, min, max): 86593 61628 101564
   buffer bytes (avg, min, max): 47467 28560 59552
   setupds time 1.2068E-01 seconds   9 15      318033         512
   setvert3d:  17      418689     2146689      418689      418689
 call usrsetvert
 done :: usrsetvert

gs_setup: 209817 unique labels shared
   pairwise times (avg, min, max): 0.000171515 0.000152802 0.000192595
   crystal router                : 0.000518604 0.000514102 0.000523305
   used all_to_all method: pairwise
   handle bytes (avg, min, max): 111909 79580 131276
   buffer bytes (avg, min, max): 60867 36720 76192
   setupds time 1.4122E-01 seconds  10 17      418689         512
 setup h1 coarse grid, nx_crs=           2
 call usrsetvert
 done :: usrsetvert

gs_setup: 657 unique labels shared
   pairwise times (avg, min, max): 9.4833e-05 8.33035e-05 0.000106907
   crystal router                : 4.11171e-05 4.06027e-05 4.1604e-05
   all reduce                    : 0.000125303 0.000124002 0.00012641
   used all_to_all method: crystal router
   handle bytes (avg, min, max): 7051 6436 7708
   buffer bytes (avg, min, max): 871 688 1008
 done :: setup h1 coarse grid   3.570604324340820E-002  sec
  
 call usrdat3
 done :: usrdat3

 set initial conditions
 nekuic (1) for ifld            1
 call nekuic for vel  
 xyz min     0.0000       0.0000       0.0000    
 uvwpt min   0.0000       0.0000       0.0000       0.0000       0.0000    
 PS min      0.0000       0.0000      0.99000E+22
 xyz max     1.0000       1.0000       1.0000    
 uvwpt max   0.0000       0.0000       0.0000       0.0000       0.0000    
 PS max      0.0000       0.0000     -0.99000E+22
 done :: set initial conditions
  
 call userchk
GFM max:  6.3907E-04  6.3907E-04  6.3907E-04  1.0905E-16  1.0905E-16  1.0905E-16
 
nelt =       4, np =       128, nx1 =      15, elements =       512
Solve Time =   0.7904E-09
 
nelt =       4, np =       128, nx1 =      15, elements =       512
Solve Time =   0.7797E-09
 
nelt =       4, np =       128, nx1 =      15, elements =       512
Solve Time =   0.7779E-09
 
nelt =       4, np =       128, nx1 =      15, elements =       512
Solve Time =   0.7787E-09
 
nelt =       4, np =       128, nx1 =      15, elements =       512
Solve Time =   0.7792E-09
 
nelt =       4, np =       128, nx1 =      15, elements =       512
Solve Time =   0.7787E-09
 
nelt =       4, np =       128, nx1 =      15, elements =       512
Solve Time =   0.7784E-09
 
nelt =       4, np =       128, nx1 =      15, elements =       512
Solve Time =   0.7787E-09
 
nelt =       4, np =       128, nx1 =      15, elements =       512
Solve Time =   0.7790E-09
 
nelt =       4, np =       128, nx1 =      15, elements =       512
Solve Time =   0.7785E-09
 
nelt =       4, np =       128, nx1 =      15, elements =       512
Solve Time =   0.6145E-09
 
nelt =       4, np =       128, nx1 =      15, elements =       512
Solve Time =   0.6098E-09
 
nelt =       4, np =       128, nx1 =      15, elements =       512
Solve Time =   0.6109E-09
 
nelt =       4, np =       128, nx1 =      15, elements =       512
Solve Time =   0.6087E-09
 
nelt =       4, np =       128, nx1 =      15, elements =       512
Solve Time =   0.6095E-09
 
nelt =       4, np =       128, nx1 =      15, elements =       512
Solve Time =   0.6114E-09
 
nelt =       4, np =       128, nx1 =      15, elements =       512
Solve Time =   0.6088E-09
 
nelt =       4, np =       128, nx1 =      15, elements =       512
Solve Time =   0.6102E-09
 
nelt =       4, np =       128, nx1 =      15, elements =       512
Solve Time =   0.6099E-09
 
nelt =       4, np =       128, nx1 =      15, elements =       512
Solve Time =   0.6102E-09
 
nelt =       4, np =       128, nx1 =      15, elements =       512
Solve Time =   0.6947E-09
 
nelt =       4, np =       128, nx1 =      15, elements =       512
Solve Time =   0.6939E-09
 
nelt =       4, np =       128, nx1 =      15, elements =       512
Solve Time =   0.6923E-09
 
nelt =       4, np =       128, nx1 =      15, elements =       512
Solve Time =   0.6931E-09
 
nelt =       4, np =       128, nx1 =      15, elements =       512
Solve Time =   0.6942E-09
 
nelt =       4, np =       128, nx1 =      15, elements =       512
Solve Time =   0.6936E-09
 
nelt =       4, np =       128, nx1 =      15, elements =       512
Solve Time =   0.6940E-09
 
nelt =       4, np =       128, nx1 =      15, elements =       512
Solve Time =   0.6939E-09
 
nelt =       4, np =       128, nx1 =      15, elements =       512
Solve Time =   0.6938E-09
 
nelt =       4, np =       128, nx1 =      15, elements =       512
Solve Time =   0.6932E-09
 
nelt =       4, np =       128, nx1 =      15, elements =       512
Solve Time =   0.7692E-09
 
nelt =       4, np =       128, nx1 =      15, elements =       512
Solve Time =   0.7724E-09
 
nelt =       4, np =       128, nx1 =      15, elements =       512
Solve Time =   0.7693E-09
 
nelt =       4, np =       128, nx1 =      15, elements =       512
Solve Time =   0.7652E-09
 
nelt =       4, np =       128, nx1 =      15, elements =       512
Solve Time =   0.7657E-09
 
nelt =       4, np =       128, nx1 =      15, elements =       512
Solve Time =   0.7607E-09
 
nelt =       4, np =       128, nx1 =      15, elements =       512
Solve Time =   0.7641E-09
 
nelt =       4, np =       128, nx1 =      15, elements =       512
Solve Time =   0.7701E-09
 
nelt =       4, np =       128, nx1 =      15, elements =       512
Solve Time =   0.7710E-09
 
nelt =       4, np =       128, nx1 =      15, elements =       512
Solve Time =   0.7658E-09
 
nelt =       4, np =       128, nx1 =      15, elements =       512
Solve Time =   0.8185E-09
 
nelt =       4, np =       128, nx1 =      15, elements =       512
Solve Time =   0.8163E-09
 
nelt =       4, np =       128, nx1 =      15, elements =       512
Solve Time =   0.8179E-09
 
nelt =       4, np =       128, nx1 =      15, elements =       512
Solve Time =   0.8164E-09
 
nelt =       4, np =       128, nx1 =      15, elements =       512
Solve Time =   0.8161E-09
 
nelt =       4, np =       128, nx1 =      15, elements =       512
Solve Time =   0.8157E-09
 
nelt =       4, np =       128, nx1 =      15, elements =       512
Solve Time =   0.8162E-09
 
nelt =       4, np =       128, nx1 =      15, elements =       512
Solve Time =   0.8149E-09
 
nelt =       4, np =       128, nx1 =      15, elements =       512
Solve Time =   0.8156E-09
 
nelt =       4, np =       128, nx1 =      15, elements =       512
Solve Time =   0.8174E-09
 schfile:
 /gpfs/theta-fs1/home/thilina/env/lx15/b9.sch                                   
                                                      
 15      512  1.0000E+00  1.0000E+00  1.0000E+00  error v
 15      512  1.0000E+00  1.0000E+00  1.0000E+00  error v
 15      512  1.0000E+00  1.0000E+00  1.0000E+00  error v
 15      512  1.0000E+00  1.0000E+00  1.0000E+00  error v
 15      512  1.0000E+00  1.0000E+00  1.0000E+00  error v
 15      512  1.0000E+00  1.0000E+00  1.0000E+00  error v
 15      512  1.0000E+00  1.0000E+00  1.0000E+00  error v
 15      512  1.0000E+00  1.0000E+00  1.0000E+00  error v
 15      512  1.0000E+00  1.0000E+00  1.0000E+00  error v
 15      512  1.0000E+00  1.0000E+00  1.0000E+00  error v
 15      512  1.0000E+00  1.0000E+00  1.0000E+00  error v
 15      512  1.0000E+00  1.0000E+00  1.0000E+00  error v
 15      512  1.0000E+00  1.0000E+00  1.0000E+00  error v
 15      512  1.0000E+00  1.0000E+00  1.0000E+00  error v
 15      512  1.0000E+00  1.0000E+00  1.0000E+00  error v
 15      512  1.0000E+00  1.0000E+00  1.0000E+00  error v
 15      512  1.0000E+00  1.0000E+00  1.0000E+00  error v
 15      512  1.0000E+00  1.0000E+00  1.0000E+00  error v
 15      512  1.0000E+00  1.0000E+00  1.0000E+00  error v
 15      512  1.0000E+00  1.0000E+00  1.0000E+00  error v
 15      512  1.0000E+00  1.0000E+00  1.0000E+00  error v
 15      512  1.0000E+00  1.0000E+00  1.0000E+00  error v
 15      512  1.0000E+00  1.0000E+00  1.0000E+00  error v
 15      512  1.0000E+00  1.0000E+00  1.0000E+00  error v
 15      512  1.0000E+00  1.0000E+00  1.0000E+00  error v
 15      512  1.0000E+00  1.0000E+00  1.0000E+00  error v
 15      512  1.0000E+00  1.0000E+00  1.0000E+00  error v
 15      512  1.0000E+00  1.0000E+00  1.0000E+00  error v
 15      512  1.0000E+00  1.0000E+00  1.0000E+00  error v
 15      512  1.0000E+00  1.0000E+00  1.0000E+00  error v
 15      512  1.0000E+00  1.0000E+00  1.0000E+00  error v
 15      512  1.0000E+00  1.0000E+00  1.0000E+00  error v
 15      512  1.0000E+00  1.0000E+00  1.0000E+00  error v
 15      512  1.0000E+00  1.0000E+00  1.0000E+00  error v
 15      512  1.0000E+00  1.0000E+00  1.0000E+00  error v
 15      512  1.0000E+00  1.0000E+00  1.0000E+00  error v
 15      512  1.0000E+00  1.0000E+00  1.0000E+00  error v
 15      512  1.0000E+00  1.0000E+00  1.0000E+00  error v
 15      512  1.0000E+00  1.0000E+00  1.0000E+00  error v
 15      512  1.0000E+00  1.0000E+00  1.0000E+00  error v
 15      512  1.0000E+00  1.0000E+00  1.0000E+00  error v
 15      512  1.0000E+00  1.0000E+00  1.0000E+00  error v
 15      512  1.0000E+00  1.0000E+00  1.0000E+00  error v
 15      512  1.0000E+00  1.0000E+00  1.0000E+00  error v
 15      512  1.0000E+00  1.0000E+00  1.0000E+00  error v
 15      512  1.0000E+00  1.0000E+00  1.0000E+00  error v
 15      512  1.0000E+00  1.0000E+00  1.0000E+00  error v
 15      512  1.0000E+00  1.0000E+00  1.0000E+00  error v
 15      512  1.0000E+00  1.0000E+00  1.0000E+00  error v
 15      512  1.0000E+00  1.0000E+00  1.0000E+00  error v
 15      512  1.0000E+00  1.0000E+00  1.0000E+00  error v
 15      512  1.0000E+00  1.0000E+00  1.0000E+00  error v
 15      512  1.0000E+00  1.0000E+00  1.0000E+00  error v
 15      512  1.0000E+00  1.0000E+00  1.0000E+00  error v
 15      512  1.0000E+00  1.0000E+00  1.0000E+00  error v
 15      512  1.0000E+00  1.0000E+00  1.0000E+00  error v
 15      512  1.0000E+00  1.0000E+00  1.0000E+00  error v
 15      512  1.0000E+00  1.0000E+00  1.0000E+00  error v
 15      512  1.0000E+00  1.0000E+00  1.0000E+00  error v
 15      512  1.0000E+00  1.0000E+00  1.0000E+00  error v
 15      512  1.0000E+00  1.0000E+00  1.0000E+00  error v
 15      512  1.0000E+00  1.0000E+00  1.0000E+00  error v
 15      512  1.0000E+00  1.0000E+00  1.0000E+00  error v
 15      512  1.0000E+00  1.0000E+00  1.0000E+00  error v
 15      512  1.0000E+00  1.0000E+00  1.0000E+00  error v
 15      512  1.0000E+00  1.0000E+00  1.0000E+00  error v
 15      512  1.0000E+00  1.0000E+00  1.0000E+00  error v
 15      512  1.0000E+00  1.0000E+00  1.0000E+00  error v
 15      512  1.0000E+00  1.0000E+00  1.0000E+00  error v
 15      512  1.0000E+00  1.0000E+00  1.0000E+00  error v
 15      512  1.0000E+00  1.0000E+00  1.0000E+00  error v
 15      512  1.0000E+00  1.0000E+00  1.0000E+00  error v
 15      512  1.0000E+00  1.0000E+00  1.0000E+00  error v
 15      512  1.0000E+00  1.0000E+00  1.0000E+00  error v
 15      512  1.0000E+00  1.0000E+00  1.0000E+00  error v
 15      512  1.0000E+00  1.0000E+00  1.0000E+00  error v
 15      512  1.0000E+00  1.0000E+00  1.0000E+00  error v
 15      512  1.0000E+00  1.0000E+00  1.0000E+00  error v
 15      512  1.0000E+00  1.0000E+00  1.0000E+00  error v
 15      512  1.0000E+00  1.0000E+00  1.0000E+00  error v
 15      512  1.0000E+00  1.0000E+00  1.0000E+00  error v
 15      512  1.0000E+00  1.0000E+00  1.0000E+00  error v
 15      512  1.0000E+00  1.0000E+00  1.0000E+00  error v
 15      512  1.0000E+00  1.0000E+00  1.0000E+00  error v
 15      512  1.0000E+00  1.0000E+00  1.0000E+00  error v
 15      512  1.0000E+00  1.0000E+00  1.0000E+00  error v
 15      512  1.0000E+00  1.0000E+00  1.0000E+00  error v
 15      512  1.0000E+00  1.0000E+00  1.0000E+00  error v
 15      512  1.0000E+00  1.0000E+00  1.0000E+00  error v
 15      512  1.0000E+00  1.0000E+00  1.0000E+00  error v
 15      512  1.0000E+00  1.0000E+00  1.0000E+00  error v
 15      512  1.0000E+00  1.0000E+00  1.0000E+00  error v
 15      512  1.0000E+00  1.0000E+00  1.0000E+00  error v
 15      512  1.0000E+00  1.0000E+00  1.0000E+00  error v
 15      512  1.0000E+00  1.0000E+00  1.0000E+00  error v
 15      512  1.0000E+00  1.0000E+00  1.0000E+00  error v
 15      512  1.0000E+00  1.0000E+00  1.0000E+00  error v
 15      512  1.0000E+00  1.0000E+00  1.0000E+00  error v
 15      512  1.0000E+00  1.0000E+00  1.0000E+00  error v
 15      512  1.0000E+00  1.0000E+00  1.0000E+00  error v
 15      512  1.0000E+00  1.0000E+00  1.0000E+00  error v
 15      512  1.0000E+00  1.0000E+00  1.0000E+00  error v
 15      512  1.0000E+00  1.0000E+00  1.0000E+00  error v
 15      512  1.0000E+00  1.0000E+00  1.0000E+00  error v
 15      512  1.0000E+00  1.0000E+00  1.0000E+00  error v
 15      512  1.0000E+00  1.0000E+00  1.0000E+00  error v
 15      512  1.0000E+00  1.0000E+00  1.0000E+00  error v
 15      512  1.0000E+00  1.0000E+00  1.0000E+00  error v
 15      512  1.0000E+00  1.0000E+00  1.0000E+00  error v
 15      512  1.0000E+00  1.0000E+00  1.0000E+00  error v
 15      512  1.0000E+00  1.0000E+00  1.0000E+00  error v
 15      512  1.0000E+00  1.0000E+00  1.0000E+00  error v
 15      512  1.0000E+00  1.0000E+00  1.0000E+00  error v
 15      512  1.0000E+00  1.0000E+00  1.0000E+00  error v
 15      512  1.0000E+00  1.0000E+00  1.0000E+00  error v
 15      512  1.0000E+00  1.0000E+00  1.0000E+00  error v
 15      512  1.0000E+00  1.0000E+00  1.0000E+00  error v
 15      512  1.0000E+00  1.0000E+00  1.0000E+00  error v
 15      512  1.0000E+00  1.0000E+00  1.0000E+00  error v
 15      512  1.0000E+00  1.0000E+00  1.0000E+00  error v
 15      512  1.0000E+00  1.0000E+00  1.0000E+00  error v
 15      512  1.0000E+00  1.0000E+00  1.0000E+00  error v
 15      512  1.0000E+00  1.0000E+00  1.0000E+00  error v
 15      512  1.0000E+00  1.0000E+00  1.0000E+00  error v
 15      512  1.0000E+00  1.0000E+00  1.0000E+00  error v
 15      512  1.0000E+00  1.0000E+00  1.0000E+00  error v
 15      512  1.0000E+00  1.0000E+00  1.0000E+00  error v
 15      512  1.0000E+00  1.0000E+00  1.0000E+00  error v
 
nelt =       4, np =       128, nx1 =      15, elements =       512
Solve Time =   0.1052E-08
 
nelt =       4, np =       128, nx1 =      15, elements =       512
Solve Time =   0.1040E-08
 
nelt =       4, np =       128, nx1 =      15, elements =       512
Solve Time =   0.1043E-08
 
nelt =       4, np =       128, nx1 =      15, elements =       512
Solve Time =   0.1039E-08
 
nelt =       4, np =       128, nx1 =      15, elements =       512
Solve Time =   0.1042E-08
 
nelt =       4, np =       128, nx1 =      15, elements =       512
Solve Time =   0.1041E-08
 
nelt =       4, np =       128, nx1 =      15, elements =       512
Solve Time =   0.1042E-08
 
nelt =       4, np =       128, nx1 =      15, elements =       512
Solve Time =   0.1041E-08
 
nelt =       4, np =       128, nx1 =      15, elements =       512
Solve Time =   0.1041E-08
 
nelt =       4, np =       128, nx1 =      15, elements =       512
Solve Time =   0.1043E-08
 15      512  1.6856E-08  1.6856E-08  1.6856E-08  error s
 15      512  1.6856E-08  1.6856E-08  1.6856E-08  error s
 15      512  1.6856E-08  1.6856E-08  1.6856E-08  error s
 15      512  1.6856E-08  1.6856E-08  1.6856E-08  error s
 15      512  1.6856E-08  1.6856E-08  1.6856E-08  error s
 15      512  1.6856E-08  1.6856E-08  1.6856E-08  error s
 15      512  1.6856E-08  1.6856E-08  1.6856E-08  error s
 15      512  1.6856E-08  1.6856E-08  1.6856E-08  error s
 15      512  1.6856E-08  1.6856E-08  1.6856E-08  error s
 15      512  1.6856E-08  1.6856E-08  1.6856E-08  error s
 15      512  1.6856E-08  1.6856E-08  1.6856E-08  error s
 15      512  1.6856E-08  1.6856E-08  1.6856E-08  error s
 15      512  1.6856E-08  1.6856E-08  1.6856E-08  error s
 15      512  1.6856E-08  1.6856E-08  1.6856E-08  error s
 15      512  1.6856E-08  1.6856E-08  1.6856E-08  error s
 15      512  1.6856E-08  1.6856E-08  1.6856E-08  error s
 15      512  1.6856E-08  1.6856E-08  1.6856E-08  error s
 15      512  1.6856E-08  1.6856E-08  1.6856E-08  error s
 15      512  1.6856E-08  1.6856E-08  1.6856E-08  error s
 15      512  1.6856E-08  1.6856E-08  1.6856E-08  error s
 15      512  1.6856E-08  1.6856E-08  1.6856E-08  error s
 15      512  1.6856E-08  1.6856E-08  1.6856E-08  error s
 15      512  1.6856E-08  1.6856E-08  1.6856E-08  error s
 15      512  1.6856E-08  1.6856E-08  1.6856E-08  error s
 15      512  1.6856E-08  1.6856E-08  1.6856E-08  error s
 15      512  1.6856E-08  1.6856E-08  1.6856E-08  error s
 15      512  1.6856E-08  1.6856E-08  1.6856E-08  error s
 15      512  1.6856E-08  1.6856E-08  1.6856E-08  error s
 15      512  1.6856E-08  1.6856E-08  1.6856E-08  error s
 15      512  1.6856E-08  1.6856E-08  1.6856E-08  error s
 15      512  1.6856E-08  1.6856E-08  1.6856E-08  error s
 15      512  1.6856E-08  1.6856E-08  1.6856E-08  error s
 15      512  1.6856E-08  1.6856E-08  1.6856E-08  error s
 15      512  1.6856E-08  1.6856E-08  1.6856E-08  error s
 15      512  1.6856E-08  1.6856E-08  1.6856E-08  error s
 15      512  1.6856E-08  1.6856E-08  1.6856E-08  error s
 15      512  1.6856E-08  1.6856E-08  1.6856E-08  error s
 15      512  1.6856E-08  1.6856E-08  1.6856E-08  error s
 15      512  1.6856E-08  1.6856E-08  1.6856E-08  error s
 15      512  1.6856E-08  1.6856E-08  1.6856E-08  error s
 15      512  1.6856E-08  1.6856E-08  1.6856E-08  error s
 15      512  1.6856E-08  1.6856E-08  1.6856E-08  error s
 15      512  1.6856E-08  1.6856E-08  1.6856E-08  error s
 15      512  1.6856E-08  1.6856E-08  1.6856E-08  error s
 15      512  1.6856E-08  1.6856E-08  1.6856E-08  error s
 15      512  1.6856E-08  1.6856E-08  1.6856E-08  error s
 15      512  1.6856E-08  1.6856E-08  1.6856E-08  error s
 15      512  1.6856E-08  1.6856E-08  1.6856E-08  error s
 15      512  1.6856E-08  1.6856E-08  1.6856E-08  error s
 15      512  1.6856E-08  1.6856E-08  1.6856E-08  error s
 15      512  1.6856E-08  1.6856E-08  1.6856E-08  error s
 15      512  1.6856E-08  1.6856E-08  1.6856E-08  error s
 15      512  1.6856E-08  1.6856E-08  1.6856E-08  error s
 15      512  1.6856E-08  1.6856E-08  1.6856E-08  error s
 15      512  1.6856E-08  1.6856E-08  1.6856E-08  error s
 15      512  1.6856E-08  1.6856E-08  1.6856E-08  error s
 15      512  1.6856E-08  1.6856E-08  1.6856E-08  error s
 15      512  1.6856E-08  1.6856E-08  1.6856E-08  error s
 15      512  1.6856E-08  1.6856E-08  1.6856E-08  error s
 15      512  1.6856E-08  1.6856E-08  1.6856E-08  error s
 15      512  1.6856E-08  1.6856E-08  1.6856E-08  error s
 15      512  1.6856E-08  1.6856E-08  1.6856E-08  error s
 15      512  1.6856E-08  1.6856E-08  1.6856E-08  error s
 15      512  1.6856E-08  1.6856E-08  1.6856E-08  error s
 15      512  1.6856E-08  1.6856E-08  1.6856E-08  error s
 15      512  1.6856E-08  1.6856E-08  1.6856E-08  error s
 15      512  1.6856E-08  1.6856E-08  1.6856E-08  error s
 15      512  1.6856E-08  1.6856E-08  1.6856E-08  error s
 15      512  1.6856E-08  1.6856E-08  1.6856E-08  error s
 15      512  1.6856E-08  1.6856E-08  1.6856E-08  error s
 15      512  1.6856E-08  1.6856E-08  1.6856E-08  error s
 15      512  1.6856E-08  1.6856E-08  1.6856E-08  error s
 15      512  1.6856E-08  1.6856E-08  1.6856E-08  error s
 15      512  1.6856E-08  1.6856E-08  1.6856E-08  error s
 15      512  1.6856E-08  1.6856E-08  1.6856E-08  error s
 15      512  1.6856E-08  1.6856E-08  1.6856E-08  error s
 15      512  1.6856E-08  1.6856E-08  1.6856E-08  error s
 15      512  1.6856E-08  1.6856E-08  1.6856E-08  error s
 15      512  1.6856E-08  1.6856E-08  1.6856E-08  error s
 15      512  1.6856E-08  1.6856E-08  1.6856E-08  error s
 15      512  1.6856E-08  1.6856E-08  1.6856E-08  error s
 15      512  1.6856E-08  1.6856E-08  1.6856E-08  error s
 15      512  1.6856E-08  1.6856E-08  1.6856E-08  error s
 15      512  1.6856E-08  1.6856E-08  1.6856E-08  error s
 15      512  1.6856E-08  1.6856E-08  1.6856E-08  error s
 15      512  1.6856E-08  1.6856E-08  1.6856E-08  error s
 15      512  1.6856E-08  1.6856E-08  1.6856E-08  error s
 15      512  1.6856E-08  1.6856E-08  1.6856E-08  error s
 15      512  1.6856E-08  1.6856E-08  1.6856E-08  error s
 15      512  1.6856E-08  1.6856E-08  1.6856E-08  error s
 15      512  1.6856E-08  1.6856E-08  1.6856E-08  error s
 15      512  1.6856E-08  1.6856E-08  1.6856E-08  error s
 15      512  1.6856E-08  1.6856E-08  1.6856E-08  error s
 15      512  1.6856E-08  1.6856E-08  1.6856E-08  error s
 15      512  1.6856E-08  1.6856E-08  1.6856E-08  error s
 15      512  1.6856E-08  1.6856E-08  1.6856E-08  error s
 15      512  1.6856E-08  1.6856E-08  1.6856E-08  error s
 15      512  1.6856E-08  1.6856E-08  1.6856E-08  error s
 15      512  1.6856E-08  1.6856E-08  1.6856E-08  error s
 15      512  1.6856E-08  1.6856E-08  1.6856E-08  error s
 15      512  1.6856E-08  1.6856E-08  1.6856E-08  error s
 15      512  1.6856E-08  1.6856E-08  1.6856E-08  error s
 15      512  1.6856E-08  1.6856E-08  1.6856E-08  error s
 15      512  1.6856E-08  1.6856E-08  1.6856E-08  error s
 15      512  1.6856E-08  1.6856E-08  1.6856E-08  error s
 15      512  1.6856E-08  1.6856E-08  1.6856E-08  error s
 15      512  1.6856E-08  1.6856E-08  1.6856E-08  error s
 15      512  1.6856E-08  1.6856E-08  1.6856E-08  error s
 15      512  1.6856E-08  1.6856E-08  1.6856E-08  error s
 15      512  1.6856E-08  1.6856E-08  1.6856E-08  error s
 15      512  1.6856E-08  1.6856E-08  1.6856E-08  error s
 15      512  1.6856E-08  1.6856E-08  1.6856E-08  error s
 15      512  1.6856E-08  1.6856E-08  1.6856E-08  error s
 15      512  1.6856E-08  1.6856E-08  1.6856E-08  error s
 15      512  1.6856E-08  1.6856E-08  1.6856E-08  error s
 15      512  1.6856E-08  1.6856E-08  1.6856E-08  error s
 15      512  1.6856E-08  1.6856E-08  1.6856E-08  error s
 15      512  1.6856E-08  1.6856E-08  1.6856E-08  error s
 15      512  1.6856E-08  1.6856E-08  1.6856E-08  error s
 15      512  1.6856E-08  1.6856E-08  1.6856E-08  error s
 15      512  1.6856E-08  1.6856E-08  1.6856E-08  error s
 15      512  1.6856E-08  1.6856E-08  1.6856E-08  error s
 15      512  1.6856E-08  1.6856E-08  1.6856E-08  error s
 15      512  1.6856E-08  1.6856E-08  1.6856E-08  error s
 15      512  1.6856E-08  1.6856E-08  1.6856E-08  error s
 15      512  1.6856E-08  1.6856E-08  1.6856E-08  error s
 15      512  1.6856E-08  1.6856E-08  1.6856E-08  error s
 15      512  1.6856E-08  1.6856E-08  1.6856E-08  error s
 
nelt =       4, np =       128, nx1 =      15, elements =       512
Solve Time =   0.1057E-08
 
nelt =       4, np =       128, nx1 =      15, elements =       512
Solve Time =   0.1057E-08
 
nelt =       4, np =       128, nx1 =      15, elements =       512
Solve Time =   0.1057E-08
 
nelt =       4, np =       128, nx1 =      15, elements =       512
Solve Time =   0.1056E-08
 
nelt =       4, np =       128, nx1 =      15, elements =       512
Solve Time =   0.1056E-08
 
nelt =       4, np =       128, nx1 =      15, elements =       512
Solve Time =   0.1055E-08
 
nelt =       4, np =       128, nx1 =      15, elements =       512
Solve Time =   0.1057E-08
 
nelt =       4, np =       128, nx1 =      15, elements =       512
Solve Time =   0.1055E-08
 
nelt =       4, np =       128, nx1 =      15, elements =       512
Solve Time =   0.1054E-08
 
nelt =       4, np =       128, nx1 =      15, elements =       512
Solve Time =   0.1055E-08
 15      512  1.6968E-08  1.6968E-08  1.6968E-08  error n
 15      512  1.6968E-08  1.6968E-08  1.6968E-08  error n
 15      512  1.6968E-08  1.6968E-08  1.6968E-08  error n
 15      512  1.6968E-08  1.6968E-08  1.6968E-08  error n
 15      512  1.6968E-08  1.6968E-08  1.6968E-08  error n
 15      512  1.6968E-08  1.6968E-08  1.6968E-08  error n
 15      512  1.6968E-08  1.6968E-08  1.6968E-08  error n
 15      512  1.6968E-08  1.6968E-08  1.6968E-08  error n
 15      512  1.6968E-08  1.6968E-08  1.6968E-08  error n
 15      512  1.6968E-08  1.6968E-08  1.6968E-08  error n
 15      512  1.6968E-08  1.6968E-08  1.6968E-08  error n
 15      512  1.6968E-08  1.6968E-08  1.6968E-08  error n
 15      512  1.6968E-08  1.6968E-08  1.6968E-08  error n
 15      512  1.6968E-08  1.6968E-08  1.6968E-08  error n
 15      512  1.6968E-08  1.6968E-08  1.6968E-08  error n
 15      512  1.6968E-08  1.6968E-08  1.6968E-08  error n
 15      512  1.6968E-08  1.6968E-08  1.6968E-08  error n
 15      512  1.6968E-08  1.6968E-08  1.6968E-08  error n
 15      512  1.6968E-08  1.6968E-08  1.6968E-08  error n
 15      512  1.6968E-08  1.6968E-08  1.6968E-08  error n
 15      512  1.6968E-08  1.6968E-08  1.6968E-08  error n
 15      512  1.6968E-08  1.6968E-08  1.6968E-08  error n
 15      512  1.6968E-08  1.6968E-08  1.6968E-08  error n
 15      512  1.6968E-08  1.6968E-08  1.6968E-08  error n
 15      512  1.6968E-08  1.6968E-08  1.6968E-08  error n
 15      512  1.6968E-08  1.6968E-08  1.6968E-08  error n
 15      512  1.6968E-08  1.6968E-08  1.6968E-08  error n
 15      512  1.6968E-08  1.6968E-08  1.6968E-08  error n
 15      512  1.6968E-08  1.6968E-08  1.6968E-08  error n
 15      512  1.6968E-08  1.6968E-08  1.6968E-08  error n
 15      512  1.6968E-08  1.6968E-08  1.6968E-08  error n
 15      512  1.6968E-08  1.6968E-08  1.6968E-08  error n
 15      512  1.6968E-08  1.6968E-08  1.6968E-08  error n
 15      512  1.6968E-08  1.6968E-08  1.6968E-08  error n
 15      512  1.6968E-08  1.6968E-08  1.6968E-08  error n
 15      512  1.6968E-08  1.6968E-08  1.6968E-08  error n
  14      512  100  0.0000E+00  0.0000E+00  0.0000E+00 time for 3 hmholtz
 15      512  1.6968E-08  1.6968E-08  1.6968E-08  error n
 15      512  1.6968E-08  1.6968E-08  1.6968E-08  error n
 15      512  1.6968E-08  1.6968E-08  1.6968E-08  error n
 15      512  1.6968E-08  1.6968E-08  1.6968E-08  error n
 15      512  1.6968E-08  1.6968E-08  1.6968E-08  error n
 15      512  1.6968E-08  1.6968E-08  1.6968E-08  error n
 15      512  1.6968E-08  1.6968E-08  1.6968E-08  error n
 15      512  1.6968E-08  1.6968E-08  1.6968E-08  error n
 15      512  1.6968E-08  1.6968E-08  1.6968E-08  error n
 15      512  1.6968E-08  1.6968E-08  1.6968E-08  error n
 15      512  1.6968E-08  1.6968E-08  1.6968E-08  error n
EXIT: quit after cggov         14
 15      512  1.6968E-08  1.6968E-08  1.6968E-08  error n
 15      512  1.6968E-08  1.6968E-08  1.6968E-08  error n
 15      512  1.6968E-08  1.6968E-08  1.6968E-08  error n
 15      512  1.6968E-08  1.6968E-08  1.6968E-08  error n
 15      512  1.6968E-08  1.6968E-08  1.6968E-08  error n
 15      512  1.6968E-08  1.6968E-08  1.6968E-08  error n
 15      512  1.6968E-08  1.6968E-08  1.6968E-08  error n
 15      512  1.6968E-08  1.6968E-08  1.6968E-08  error n
 15      512  1.6968E-08  1.6968E-08  1.6968E-08  error n
 15      512  1.6968E-08  1.6968E-08  1.6968E-08  error n
 15      512  1.6968E-08  1.6968E-08  1.6968E-08  error n
 15      512  1.6968E-08  1.6968E-08  1.6968E-08  error n
 15      512  1.6968E-08  1.6968E-08  1.6968E-08  error n
 15      512  1.6968E-08  1.6968E-08  1.6968E-08  error n
 15      512  1.6968E-08  1.6968E-08  1.6968E-08  error n
 15      512  1.6968E-08  1.6968E-08  1.6968E-08  error n
 15      512  1.6968E-08  1.6968E-08  1.6968E-08  error n
 15      512  1.6968E-08  1.6968E-08  1.6968E-08  error n
 15      512  1.6968E-08  1.6968E-08  1.6968E-08  error n
 15      512  1.6968E-08  1.6968E-08  1.6968E-08  error n
 15      512  1.6968E-08  1.6968E-08  1.6968E-08  error n
 15      512  1.6968E-08  1.6968E-08  1.6968E-08  error n
 15      512  1.6968E-08  1.6968E-08  1.6968E-08  error n
 15      512  1.6968E-08  1.6968E-08  1.6968E-08  error n
 15      512  1.6968E-08  1.6968E-08  1.6968E-08  error n
 15      512  1.6968E-08  1.6968E-08  1.6968E-08  error n
 15      512  1.6968E-08  1.6968E-08  1.6968E-08  error n
 15      512  1.6968E-08  1.6968E-08  1.6968E-08  error n
 15      512  1.6968E-08  1.6968E-08  1.6968E-08  error n
 15      512  1.6968E-08  1.6968E-08  1.6968E-08  error n
 15      512  1.6968E-08  1.6968E-08  1.6968E-08  error n
 15      512  1.6968E-08  1.6968E-08  1.6968E-08  error n
 15      512  1.6968E-08  1.6968E-08  1.6968E-08  error n
 15      512  1.6968E-08  1.6968E-08  1.6968E-08  error n
 15      512  1.6968E-08  1.6968E-08  1.6968E-08  error n
 15      512  1.6968E-08  1.6968E-08  1.6968E-08  error n
 15      512  1.6968E-08  1.6968E-08  1.6968E-08  error n
 15      512  1.6968E-08  1.6968E-08  1.6968E-08  error n
 15      512  1.6968E-08  1.6968E-08  1.6968E-08  error n
 15      512  1.6968E-08  1.6968E-08  1.6968E-08  error n
 15      512  1.6968E-08  1.6968E-08  1.6968E-08  error n
 15      512  1.6968E-08  1.6968E-08  1.6968E-08  error n
 15      512  1.6968E-08  1.6968E-08  1.6968E-08  error n
 15      512  1.6968E-08  1.6968E-08  1.6968E-08  error n
 15      512  1.6968E-08  1.6968E-08  1.6968E-08  error n
 15      512  1.6968E-08  1.6968E-08  1.6968E-08  error n
 15      512  1.6968E-08  1.6968E-08  1.6968E-08  error n
 15      512  1.6968E-08  1.6968E-08  1.6968E-08  error n
 15      512  1.6968E-08  1.6968E-08  1.6968E-08  error n
 15      512  1.6968E-08  1.6968E-08  1.6968E-08  error n
 15      512  1.6968E-08  1.6968E-08  1.6968E-08  error n
 15      512  1.6968E-08  1.6968E-08  1.6968E-08  error n
 15      512  1.6968E-08  1.6968E-08  1.6968E-08  error n
 15      512  1.6968E-08  1.6968E-08  1.6968E-08  error n
 15      512  1.6968E-08  1.6968E-08  1.6968E-08  error n
 15      512  1.6968E-08  1.6968E-08  1.6968E-08  error n
 15      512  1.6968E-08  1.6968E-08  1.6968E-08  error n
 15      512  1.6968E-08  1.6968E-08  1.6968E-08  error n
 15      512  1.6968E-08  1.6968E-08  1.6968E-08  error n
 15      512  1.6968E-08  1.6968E-08  1.6968E-08  error n
 15      512  1.6968E-08  1.6968E-08  1.6968E-08  error n
 15      512  1.6968E-08  1.6968E-08  1.6968E-08  error n
 15      512  1.6968E-08  1.6968E-08  1.6968E-08  error n
 15      512  1.6968E-08  1.6968E-08  1.6968E-08  error n
 15      512  1.6968E-08  1.6968E-08  1.6968E-08  error n
 15      512  1.6968E-08  1.6968E-08  1.6968E-08  error n
 15      512  1.6968E-08  1.6968E-08  1.6968E-08  error n
 15      512  1.6968E-08  1.6968E-08  1.6968E-08  error n
 15      512  1.6968E-08  1.6968E-08  1.6968E-08  error n
 15      512  1.6968E-08  1.6968E-08  1.6968E-08  error n
 15      512  1.6968E-08  1.6968E-08  1.6968E-08  error n
 15      512  1.6968E-08  1.6968E-08  1.6968E-08  error n
 15      512  1.6968E-08  1.6968E-08  1.6968E-08  error n
 15      512  1.6968E-08  1.6968E-08  1.6968E-08  error n
 15      512  1.6968E-08  1.6968E-08  1.6968E-08  error n
 15      512  1.6968E-08  1.6968E-08  1.6968E-08  error n
 15      512  1.6968E-08  1.6968E-08  1.6968E-08  error n
 15      512  1.6968E-08  1.6968E-08  1.6968E-08  error n
 15      512  1.6968E-08  1.6968E-08  1.6968E-08  error n
 15      512  1.6968E-08  1.6968E-08  1.6968E-08  error n
 15      512  1.6968E-08  1.6968E-08  1.6968E-08  error n
  
call exitt: dying ...
  
backtrace(): obtained 8 stack frames.
./nek5000() [0x77f335]
./nek5000() [0x963069]
./nek5000() [0x40df9c]
./nek5000() [0x4273b6]
./nek5000() [0x42596e]
./nek5000() [0x4054fe]
/lib64/libc.so.6(__libc_start_main+0xf5) [0x2aaab1ca3b25]
./nek5000() [0x405409]
  
total elapsed time             :   4.16127E+02 sec
total solver time incl. I/O    :   0.00000E+00 sec
time/timestep                  :   0.00000E+00 sec
CPU seconds/timestep/gridpt    :   0.00000E+00 sec

Application 2258605 resources: utime ~52925s, stime ~300s, Rss ~66416, inblocks ~0, outblocks ~0
