/----------------------------------------------------------\\
|      _   __ ______ __ __  ______  ____   ____   ____     |
|     / | / // ____// //_/ / ____/ / __ \\/ __ \\/ __ \\   |
|    /  |/ // __/  / ,<   /___ \\ / / / // / / // / / /    |
|   / /|  // /___ / /| | ____/ / / /_/ // /_/ // /_/ /     |
|  /_/ |_//_____//_/ |_|/_____/  \\___/ \\___/ \\___/      |
|                                                          |
|----------------------------------------------------------|
|                                                          |
| NEK5000:  Open Source Spectral Element Solver            |
| COPYRIGHT (c) 2008-2016 UCHICAGO ARGONNE, LLC            |
| Version:  16.0.0                                         |
| Web:      http://nek5000.mcs.anl.gov                     |
|                                                          |
\\----------------------------------------------------------/
                                                              

 Number of processors:       16384
 REAL    wdsize      :           8
 INTEGER wdsize      :           4
 Timer accuracy      : 1.91E-07
 Reading /gpfs/theta-fs1/home/thilina/env/lx15/b15.rea                                                                                       

 mapping elements to processors
 Reading /gpfs/theta-fs1/home/thilina/env/lx15/b15.map                                                                                       
 element load imbalance:            0           2           2
 done :: mapping elements to processors
  
           0  objects found
 118   Parameters from file:
   1      1.00000     p001 DENSITY
   2     -100.000     p002 VISCOS
   7      1.00000     p007 RHOCP
   8      1.00000     p008 CONDUCT
  11      1.00        p011 NSTEPS
  12    -0.500000E-02 p012 DT
  21     0.100000E-05 p021 DIVERGENCE
  22     0.100000E-07 p022 HELMHOLTZ
  24     0.100000E-09 p024 TOLREL
  25     0.100000E-09 p025 TOLABS
  26     0.250000     p026 COURANT/NTAU
  27      2.00000     p027 TORDER
  66      6.00000     p066 output : <0=ascii, else binary
  67      6.00000     p067 restart: <0=ascii, else binary
  99      3.00000     p099 dealiasing: <0--> off/3--> old/4--> new
 103     0.500000E-01 p103 weight of stabilizing filter (.01)
  
 nelgt/nelgv/lelt:       32768       32768         100
 lx1  /lx2  /lx3 :          15          15          15
 done :: read .rea file    2719.9     sec

 setup mesh topology
   Right-handed check complete for   32768 elements. OK.
   setvert3d:  15    18547157    90538453    18547157    18547157
 call usrsetvert
 done :: usrsetvert

gs_setup: 15172829 unique labels shared
   pairwise times (avg, min, max): 0.000261241 0.000202513 0.000328803
   crystal router                : 0.000953588 0.000933194 0.0009799
   used all_to_all method: pairwise
   handle bytes (avg, min, max): 55808.4 31308 62284
   buffer bytes (avg, min, max): 38297.4 18000 47248
   setupds time 3.6416E-01 seconds   0 15    18547157       32768
           8  max multiplicity
 done :: setup mesh topology
  
 call usrdat
 done :: usrdat

 generate geometry data
 done :: generate geometry data
  
 call usrdat2
 done :: usrdat2

 regenerate geometry data           1
 NOTE: All elements deformed , param(59) ^=0
 done :: regenerate geometry data           1
  
 verify mesh topology
  0.000000000000000E+000   1.00000000000000       Xrange
  0.000000000000000E+000   1.00000000000000       Yrange
  0.000000000000000E+000   1.00000000000000       Zrange
 done :: verify mesh topology
  
 IFTRAN   = T
 IFFLOW   = T
 IFHEAT   = F
 IFSPLIT  = T
 IFLOMACH = F
 IFUSERVP = F
 IFUSERMV = F
 IFSTRS   = F
 IFCHAR   = F
 IFCYCLIC = F
 IFAXIS   = F
 IFMVBD   = F
 IFMELT   = F
 IFMODEL  = F
 IFKEPS   = F
 IFMOAB   = F
 IFNEKNEK = F
 IFSYNC   = T
   
 IFVCOR   = T
 IFINTQ   = F
 IFCWUZ   = F
 IFSWALL  = F
 IFGEOM   = F
 IFSURT   = F
 IFWCNO   = F
   
 IFTMSH for field           1    =  F
 IFADVC for field           1    =  T
 IFNONL for field           1    =  F
   
 Dealiasing enabled, lxd=          22
  
 Estimated eigenvalues
 EIGAA =    9.86960440108936     
 EIGGA =    55345824.0912872     
 EIGAE =    9.86960440108936     
 EIGAS =   8.333333333333333E-002
 EIGGE =    55345824.0912872     
 EIGGS =    2.00000000000000     
  
 verify mesh topology
  0.000000000000000E+000   1.00000000000000       Xrange
  0.000000000000000E+000   1.00000000000000       Yrange
  0.000000000000000E+000   1.00000000000000       Zrange
 done :: verify mesh topology
  
  E-solver strategy:  0 itr
 mg_nx:           1           7          14
 mg_ny:           1           7          14
 mg_nz:           1           7          14
 call usrsetvert
 done :: usrsetvert

gs_setup: 35863 unique labels shared
   pairwise times (avg, min, max): 0.000130422 9.68933e-05 0.00016489
   crystal router                : 0.000232692 0.000222206 0.000246406
   all reduce                    : 0.00224387 0.0022296 0.00225589
   used all_to_all method: pairwise
   handle bytes (avg, min, max): 1513.73 732 1892
   buffer bytes (avg, min, max): 993.23 320 1312
   setupds time 9.1165E-02 seconds   1  2       35937       32768
   setvert3d:   4      650993      913137      650993      650993
 call usrsetvert
 done :: usrsetvert

gs_setup: 567315 unique labels shared
   pairwise times (avg, min, max): 0.000130325 9.8896e-05 0.000157785
   crystal router                : 0.00028908 0.000283194 0.000301409
   used all_to_all method: pairwise
   handle bytes (avg, min, max): 4164.98 2268 4820
   buffer bytes (avg, min, max): 3221.96 1280 4128
   setupds time 3.3927E-02 seconds   2  4      650993       32768
   setvert3d:   8     4316913    11394801     4316913     4316913
 call usrsetvert
 done :: usrsetvert

gs_setup: 3590923 unique labels shared
   pairwise times (avg, min, max): 0.00021634 0.000167489 0.000261521
   crystal router                : 0.000447625 0.000437808 0.000468898
   used all_to_all method: pairwise
   handle bytes (avg, min, max): 15687.6 8796 17636
   buffer bytes (avg, min, max): 11508.9 5120 14432
   setupds time 1.1468E-01 seconds   3  8     4316913       32768
   setvert3d:  10     7367777    24144993     7367777     7367777
 call usrsetvert
 done :: usrsetvert

gs_setup: 6083079 unique labels shared
   pairwise times (avg, min, max): 0.000222573 0.000176692 0.000277305
   crystal router                : 0.000545077 0.000528502 0.000569701
   used all_to_all method: pairwise
   handle bytes (avg, min, max): 24559 13788 27508
   buffer bytes (avg, min, max): 17567.1 8000 21888
   setupds time 1.0198E-01 seconds   4 10     7367777       32768
 regenerate geometry data           1
 NOTE: All elements deformed , param(59) ^=0
 done :: regenerate geometry data           1
  
 h1_mg_nx:           1           3          14
 h1_mg_ny:           1           3          14
 h1_mg_nz:           1           3          14
 call usrsetvert
 done :: usrsetvert

gs_setup: 35863 unique labels shared
   pairwise times (avg, min, max): 0.000126948 9.84907e-05 0.000156307
   crystal router                : 0.000240618 0.000230598 0.000251102
   all reduce                    : 0.00224642 0.00223341 0.00226769
   used all_to_all method: pairwise
   handle bytes (avg, min, max): 1513.73 732 1892
   buffer bytes (avg, min, max): 993.23 320 1312
   setupds time 5.7998E-02 seconds   5  2       35937       32768
   setvert3d:   4      650993      913137      650993      650993
 call usrsetvert
 done :: usrsetvert

gs_setup: 567315 unique labels shared
   pairwise times (avg, min, max): 0.000124813 9.83953e-05 0.000148106
   crystal router                : 0.000279864 0.000267696 0.000295401
   used all_to_all method: pairwise
   handle bytes (avg, min, max): 4164.98 2268 4820
   buffer bytes (avg, min, max): 3221.96 1280 4128
   setupds time 3.4202E-02 seconds   6  4      650993       32768
   setvert3d:   4      650993      913137      650993      650993
 call usrsetvert
 done :: usrsetvert

gs_setup: 567315 unique labels shared
   pairwise times (avg, min, max): 0.000126426 9.52005e-05 0.00015521
   crystal router                : 0.000259805 0.000243711 0.00027411
   used all_to_all method: pairwise
   handle bytes (avg, min, max): 4164.98 2268 4820
   buffer bytes (avg, min, max): 3221.96 1280 4128
   setupds time 3.0461E-02 seconds   7  4      650993       32768
   setvert3d:   6     2077985     4175137     2077985     2077985
 call usrsetvert
 done :: usrsetvert

gs_setup: 1752335 unique labels shared
   pairwise times (avg, min, max): 0.000152934 0.000114393 0.000190306
   crystal router                : 0.000383263 0.000371504 0.000398493
   used all_to_all method: pairwise
   handle bytes (avg, min, max): 8889.61 4956 10068
   buffer bytes (avg, min, max): 6727.18 2880 8512
   setupds time 1.0507E-01 seconds   8  6     2077985       32768
   setvert3d:  15    18547157    90538453    18547157    18547157
 call usrsetvert
 done :: usrsetvert

gs_setup: 15172829 unique labels shared
   pairwise times (avg, min, max): 0.000233864 0.000173306 0.000321293
   crystal router                : 0.00100109 0.000969911 0.00102921
   used all_to_all method: pairwise
   handle bytes (avg, min, max): 55808.4 31308 62284
   buffer bytes (avg, min, max): 38297.4 18000 47248
   setupds time 2.5801E-01 seconds   9 15    18547157       32768
   setvert3d:  17    24439797   135031797    24439797    24439797
 call usrsetvert
 done :: usrsetvert

gs_setup: 19952473 unique labels shared
   pairwise times (avg, min, max): 0.000241798 0.000183797 0.000301409
   crystal router                : 0.00104025 0.0010232 0.00106268
   used all_to_all method: pairwise
   handle bytes (avg, min, max): 71936.6 40332 80236
   buffer bytes (avg, min, max): 48823.4 23120 60080
   setupds time 2.7340E-01 seconds  10 17    24439797       32768
 setup h1 coarse grid, nx_crs=           2
 call usrsetvert
 done :: usrsetvert

gs_setup: 35863 unique labels shared
   pairwise times (avg, min, max): 0.000121018 9.31025e-05 0.000145483
   crystal router                : 0.00024542 0.000239706 0.000255895
   all reduce                    : 0.00223464 0.0022079 0.00224671
   used all_to_all method: pairwise
   handle bytes (avg, min, max): 1513.73 732 1892
   buffer bytes (avg, min, max): 993.23 320 1312
 done :: setup h1 coarse grid    2.07892394065857       sec
  
 call usrdat3
 done :: usrdat3

 set initial conditions
 nekuic (1) for ifld            1
 call nekuic for vel  
 xyz min     0.0000       0.0000       0.0000    
 uvwpt min   0.0000       0.0000       0.0000       0.0000       0.0000    
 PS min      0.0000       0.0000      0.99000E+22
 xyz max     1.0000       1.0000       1.0000    
 uvwpt max   0.0000       0.0000       0.0000       0.0000       0.0000    
 PS max      0.0000       0.0000     -0.99000E+22
 done :: set initial conditions
  
 call userchk
GFM max:  1.5977E-04  1.5977E-04  1.5977E-04  1.1006E-16  1.1006E-16  1.1006E-16
 
nelt =       2, np =     16384, nx1 =      15, elements =     32768
Solve Time =   0.1226E-10
 
nelt =       2, np =     16384, nx1 =      15, elements =     32768
Solve Time =   0.1234E-10
 
nelt =       2, np =     16384, nx1 =      15, elements =     32768
Solve Time =   0.1212E-10
 
nelt =       2, np =     16384, nx1 =      15, elements =     32768
Solve Time =   0.1211E-10
 
nelt =       2, np =     16384, nx1 =      15, elements =     32768
Solve Time =   0.1215E-10
 
nelt =       2, np =     16384, nx1 =      15, elements =     32768
Solve Time =   0.1216E-10
 
nelt =       2, np =     16384, nx1 =      15, elements =     32768
Solve Time =   0.1230E-10
 
nelt =       2, np =     16384, nx1 =      15, elements =     32768
Solve Time =   0.1210E-10
 
nelt =       2, np =     16384, nx1 =      15, elements =     32768
Solve Time =   0.1215E-10
 
nelt =       2, np =     16384, nx1 =      15, elements =     32768
Solve Time =   0.1206E-10
 
nelt =       2, np =     16384, nx1 =      15, elements =     32768
Solve Time =   0.9098E-11
 
nelt =       2, np =     16384, nx1 =      15, elements =     32768
Solve Time =   0.9160E-11
 
nelt =       2, np =     16384, nx1 =      15, elements =     32768
Solve Time =   0.9178E-11
 
nelt =       2, np =     16384, nx1 =      15, elements =     32768
Solve Time =   0.9092E-11
 
nelt =       2, np =     16384, nx1 =      15, elements =     32768
Solve Time =   0.9176E-11
 
nelt =       2, np =     16384, nx1 =      15, elements =     32768
Solve Time =   0.9215E-11
 
nelt =       2, np =     16384, nx1 =      15, elements =     32768
Solve Time =   0.9186E-11
 
nelt =       2, np =     16384, nx1 =      15, elements =     32768
Solve Time =   0.9142E-11
 
nelt =       2, np =     16384, nx1 =      15, elements =     32768
Solve Time =   0.9158E-11
 
nelt =       2, np =     16384, nx1 =      15, elements =     32768
Solve Time =   0.9127E-11
 
nelt =       2, np =     16384, nx1 =      15, elements =     32768
Solve Time =   0.1113E-10
 
nelt =       2, np =     16384, nx1 =      15, elements =     32768
Solve Time =   0.1121E-10
 
nelt =       2, np =     16384, nx1 =      15, elements =     32768
Solve Time =   0.1115E-10
 
nelt =       2, np =     16384, nx1 =      15, elements =     32768
Solve Time =   0.1118E-10
 
nelt =       2, np =     16384, nx1 =      15, elements =     32768
Solve Time =   0.1135E-10
 
nelt =       2, np =     16384, nx1 =      15, elements =     32768
Solve Time =   0.1115E-10
 
nelt =       2, np =     16384, nx1 =      15, elements =     32768
Solve Time =   0.1126E-10
 
nelt =       2, np =     16384, nx1 =      15, elements =     32768
Solve Time =   0.1134E-10
 
nelt =       2, np =     16384, nx1 =      15, elements =     32768
Solve Time =   0.1130E-10
 
nelt =       2, np =     16384, nx1 =      15, elements =     32768
Solve Time =   0.1174E-10
 
nelt =       2, np =     16384, nx1 =      15, elements =     32768
Solve Time =   0.1292E-10
 
nelt =       2, np =     16384, nx1 =      15, elements =     32768
Solve Time =   0.1291E-10
 
nelt =       2, np =     16384, nx1 =      15, elements =     32768
Solve Time =   0.1304E-10
 
nelt =       2, np =     16384, nx1 =      15, elements =     32768
Solve Time =   0.1298E-10
 
nelt =       2, np =     16384, nx1 =      15, elements =     32768
Solve Time =   0.1314E-10
 
nelt =       2, np =     16384, nx1 =      15, elements =     32768
Solve Time =   0.1290E-10
 
nelt =       2, np =     16384, nx1 =      15, elements =     32768
Solve Time =   0.1303E-10
 
nelt =       2, np =     16384, nx1 =      15, elements =     32768
Solve Time =   0.1293E-10
 
nelt =       2, np =     16384, nx1 =      15, elements =     32768
Solve Time =   0.1298E-10
 
nelt =       2, np =     16384, nx1 =      15, elements =     32768
Solve Time =   0.1320E-10
 
nelt =       2, np =     16384, nx1 =      15, elements =     32768
Solve Time =   0.1471E-10
 
nelt =       2, np =     16384, nx1 =      15, elements =     32768
Solve Time =   0.1483E-10
 
nelt =       2, np =     16384, nx1 =      15, elements =     32768
Solve Time =   0.1451E-10
 
nelt =       2, np =     16384, nx1 =      15, elements =     32768
Solve Time =   0.1460E-10
 
nelt =       2, np =     16384, nx1 =      15, elements =     32768
Solve Time =   0.1446E-10
 
nelt =       2, np =     16384, nx1 =      15, elements =     32768
Solve Time =   0.1450E-10
 
nelt =       2, np =     16384, nx1 =      15, elements =     32768
Solve Time =   0.1441E-10
 
nelt =       2, np =     16384, nx1 =      15, elements =     32768
Solve Time =   0.1467E-10
 
nelt =       2, np =     16384, nx1 =      15, elements =     32768
Solve Time =   0.1447E-10
 
nelt =       2, np =     16384, nx1 =      15, elements =     32768
Solve Time =   0.1474E-10
 schfile:
 /gpfs/theta-fs1/home/thilina/env/lx15/b15.sch                                  
                                                      
ERROR: .sch file already exists. Use IFSCHCLOB=F todisable this check BUT BEWARE!!!!!!  ierr=  1 
  
call exitt: dying ...
  
backtrace(): obtained 9 stack frames.
./nek5000() [0x77f335]
./nek5000() [0x962599]
./nek5000() [0x51229a]
./nek5000() [0x409db0]
./nek5000() [0x4273b6]
./nek5000() [0x42596e]
./nek5000() [0x4054fe]
/lib64/libc.so.6(__libc_start_main+0xf5) [0x2aaab1ca3b25]
./nek5000() [0x405409]
  
total elapsed time             :   2.74398E+03 sec
total solver time incl. I/O    :   0.00000E+00 sec
time/timestep                  :   0.00000E+00 sec
CPU seconds/timestep/gridpt    :   0.00000E+00 sec

Application 2260574 resources: utime ~44900932s, stime ~14730s, Rss ~83344, inblocks ~0, outblocks ~0
