/----------------------------------------------------------\\
|      _   __ ______ __ __  ______  ____   ____   ____     |
|     / | / // ____// //_/ / ____/ / __ \\/ __ \\/ __ \\   |
|    /  |/ // __/  / ,<   /___ \\ / / / // / / // / / /    |
|   / /|  // /___ / /| | ____/ / / /_/ // /_/ // /_/ /     |
|  /_/ |_//_____//_/ |_|/_____/  \\___/ \\___/ \\___/      |
|                                                          |
|----------------------------------------------------------|
|                                                          |
| NEK5000:  Open Source Spectral Element Solver            |
| COPYRIGHT (c) 2008-2016 UCHICAGO ARGONNE, LLC            |
| Version:  16.0.0                                         |
| Web:      http://nek5000.mcs.anl.gov                     |
|                                                          |
\\----------------------------------------------------------/
                                                              

 Number of processors:           1
 REAL    wdsize      :           8
 INTEGER wdsize      :           4
 Timer accuracy      : 4.05E-07
 Reading /gpfs/theta-fs1/home/thilina/env/lx19/b0.rea                                                                                        

 mapping elements to processors
 Reading /gpfs/theta-fs1/home/thilina/env/lx19/b0.map                                                                                        
           0           1           1           1           1  NELV
 RANK     0 IEG       1
 element load imbalance:            0           1           1
 done :: mapping elements to processors
  
           0  objects found
 118   Parameters from file:
   1      1.00000     p001 DENSITY
   2     -100.000     p002 VISCOS
   7      1.00000     p007 RHOCP
   8      1.00000     p008 CONDUCT
  11      1.00        p011 NSTEPS
  12    -0.500000E-02 p012 DT
  21     0.100000E-05 p021 DIVERGENCE
  22     0.100000E-07 p022 HELMHOLTZ
  24     0.100000E-09 p024 TOLREL
  25     0.100000E-09 p025 TOLABS
  26     0.250000     p026 COURANT/NTAU
  27      2.00000     p027 TORDER
  66      6.00000     p066 output : <0=ascii, else binary
  67      6.00000     p067 restart: <0=ascii, else binary
  99      3.00000     p099 dealiasing: <0--> off/3--> old/4--> new
 103     0.500000E-01 p103 weight of stabilizing filter (.01)
  
 nelgt/nelgv/lelt:           1           1         100
 lx1  /lx2  /lx3 :          19          19          19
 done :: read .rea file   0.25074E-01 sec

 setup mesh topology
   Right-handed check complete for       1 elements. OK.
   setvert3d:  19        1946        6859        1946        1946
 call usrsetvert
 done :: usrsetvert

gs_setup: 0 unique labels shared
   handle bytes (avg, min, max): 196 196 196
   buffer bytes (avg, min, max): 0 0 0
   setupds time 2.5721E-03 seconds   0 19        1946           1
           1  max multiplicity
 done :: setup mesh topology
  
 call usrdat
 done :: usrdat

 generate geometry data
 done :: generate geometry data
  
 call usrdat2
 done :: usrdat2

 regenerate geometry data           1
 NOTE: All elements deformed , param(59) ^=0
 done :: regenerate geometry data           1
  
 verify mesh topology
  0.000000000000000E+000   1.00000000000000       Xrange
  0.000000000000000E+000   1.00000000000000       Yrange
  0.000000000000000E+000   1.00000000000000       Zrange
 done :: verify mesh topology
  
 IFTRAN   = T
 IFFLOW   = T
 IFHEAT   = F
 IFSPLIT  = T
 IFLOMACH = F
 IFUSERVP = F
 IFUSERMV = F
 IFSTRS   = F
 IFCHAR   = F
 IFCYCLIC = F
 IFAXIS   = F
 IFMVBD   = F
 IFMELT   = F
 IFMODEL  = F
 IFKEPS   = F
 IFMOAB   = F
 IFNEKNEK = F
 IFSYNC   = T
   
 IFVCOR   = T
 IFINTQ   = F
 IFCWUZ   = F
 IFSWALL  = F
 IFGEOM   = F
 IFSURT   = F
 IFWCNO   = F
   
 IFTMSH for field           1    =  F
 IFADVC for field           1    =  T
 IFNONL for field           1    =  F
   
 Dealiasing enabled, lxd=          28
  
 Estimated eigenvalues
 EIGAA =    9.86960440108936     
 EIGGA =    36252.0394807388     
 EIGAE =    9.86960440108936     
 EIGAS =   8.333333333333333E-002
 EIGGE =    36252.0394807388     
 EIGGS =    2.00000000000000     
  
 verify mesh topology
  0.000000000000000E+000   1.00000000000000       Xrange
  0.000000000000000E+000   1.00000000000000       Yrange
  0.000000000000000E+000   1.00000000000000       Zrange
 done :: verify mesh topology
  
  E-solver strategy:  0 itr
 mg_nx:           1           9          18
 mg_ny:           1           9          18
 mg_nz:           1           9          18
 call usrsetvert
 done :: usrsetvert

gs_setup: 0 unique labels shared
   handle bytes (avg, min, max): 196 196 196
   buffer bytes (avg, min, max): 0 0 0
   setupds time 3.7289E-04 seconds   1  2           8           1
   setvert3d:   4          56          64          56          56
 call usrsetvert
 done :: usrsetvert

gs_setup: 0 unique labels shared
   handle bytes (avg, min, max): 196 196 196
   buffer bytes (avg, min, max): 0 0 0
   setupds time 6.4802E-04 seconds   2  4          56           1
   setvert3d:  10         488        1000         488         488
 call usrsetvert
 done :: usrsetvert

gs_setup: 0 unique labels shared
   handle bytes (avg, min, max): 196 196 196
   buffer bytes (avg, min, max): 0 0 0
   setupds time 7.4983E-04 seconds   3 10         488           1
   setvert3d:  12         728        1728         728         728
 call usrsetvert
 done :: usrsetvert

gs_setup: 0 unique labels shared
   handle bytes (avg, min, max): 196 196 196
   buffer bytes (avg, min, max): 0 0 0
   setupds time 9.3412E-04 seconds   4 12         728           1
 regenerate geometry data           1
 NOTE: All elements deformed , param(59) ^=0
 done :: regenerate geometry data           1
  
 h1_mg_nx:           1           3          18
 h1_mg_ny:           1           3          18
 h1_mg_nz:           1           3          18
 call usrsetvert
 done :: usrsetvert

gs_setup: 0 unique labels shared
   handle bytes (avg, min, max): 196 196 196
   buffer bytes (avg, min, max): 0 0 0
   setupds time 8.3303E-04 seconds   5  2           8           1
   setvert3d:   4          56          64          56          56
 call usrsetvert
 done :: usrsetvert

gs_setup: 0 unique labels shared
   handle bytes (avg, min, max): 196 196 196
   buffer bytes (avg, min, max): 0 0 0
   setupds time 8.3113E-04 seconds   6  4          56           1
   setvert3d:   4          56          64          56          56
 call usrsetvert
 done :: usrsetvert

gs_setup: 0 unique labels shared
   handle bytes (avg, min, max): 196 196 196
   buffer bytes (avg, min, max): 0 0 0
   setupds time 8.1110E-04 seconds   7  4          56           1
   setvert3d:   6         152         216         152         152
 call usrsetvert
 done :: usrsetvert

gs_setup: 0 unique labels shared
   handle bytes (avg, min, max): 196 196 196
   buffer bytes (avg, min, max): 0 0 0
   setupds time 6.1202E-04 seconds   8  6         152           1
   setvert3d:  19        1946        6859        1946        1946
 call usrsetvert
 done :: usrsetvert

gs_setup: 0 unique labels shared
   handle bytes (avg, min, max): 196 196 196
   buffer bytes (avg, min, max): 0 0 0
   setupds time 2.0161E-03 seconds   9 19        1946           1
   setvert3d:  21        2402        9261        2402        2402
 call usrsetvert
 done :: usrsetvert

gs_setup: 0 unique labels shared
   handle bytes (avg, min, max): 196 196 196
   buffer bytes (avg, min, max): 0 0 0
   setupds time 2.4080E-03 seconds  10 21        2402           1
 setup h1 coarse grid, nx_crs=           2
 call usrsetvert
 done :: usrsetvert

gs_setup: 0 unique labels shared
   handle bytes (avg, min, max): 196 196 196
   buffer bytes (avg, min, max): 0 0 0
 done :: setup h1 coarse grid   6.684064865112305E-003  sec
  
 call usrdat3
 done :: usrdat3

 set initial conditions
 nekuic (1) for ifld            1
 call nekuic for vel  
 xyz min     0.0000       0.0000       0.0000    
 uvwpt min   0.0000       0.0000       0.0000       0.0000       0.0000    
 PS min      0.0000       0.0000      0.99000E+22
 xyz max     1.0000       1.0000       1.0000    
 uvwpt max   0.0000       0.0000       0.0000       0.0000       0.0000    
 PS max      0.0000       0.0000     -0.99000E+22
 done :: set initial conditions
  
 call userchk
GFM max:  2.4566E-03  2.4566E-03  2.4566E-03  5.5398E-17  5.5398E-17  5.5398E-17
 
nelt =       1, np =         1, nx1 =      19, elements =         1
Solve Time =   0.6931E-07
 
nelt =       1, np =         1, nx1 =      19, elements =         1
Solve Time =   0.6832E-07
 
nelt =       1, np =         1, nx1 =      19, elements =         1
Solve Time =   0.6841E-07
 
nelt =       1, np =         1, nx1 =      19, elements =         1
Solve Time =   0.6884E-07
 
nelt =       1, np =         1, nx1 =      19, elements =         1
Solve Time =   0.9812E-07
 
nelt =       1, np =         1, nx1 =      19, elements =         1
Solve Time =   0.9375E-07
 
nelt =       1, np =         1, nx1 =      19, elements =         1
Solve Time =   0.9700E-07
 
nelt =       1, np =         1, nx1 =      19, elements =         1
Solve Time =   0.9346E-07
 
nelt =       1, np =         1, nx1 =      19, elements =         1
Solve Time =   0.9573E-07
 
nelt =       1, np =         1, nx1 =      19, elements =         1
Solve Time =   0.9346E-07
 
nelt =       1, np =         1, nx1 =      19, elements =         1
Solve Time =   0.9623E-07
 
nelt =       1, np =         1, nx1 =      19, elements =         1
Solve Time =   0.9618E-07
 
nelt =       1, np =         1, nx1 =      19, elements =         1
Solve Time =   0.9399E-07
 
nelt =       1, np =         1, nx1 =      19, elements =         1
Solve Time =   0.9710E-07
 
nelt =       1, np =         1, nx1 =      19, elements =         1
Solve Time =   0.9399E-07
 
nelt =       1, np =         1, nx1 =      19, elements =         1
Solve Time =   0.9652E-07
 
nelt =       1, np =         1, nx1 =      19, elements =         1
Solve Time =   0.9399E-07
 
nelt =       1, np =         1, nx1 =      19, elements =         1
Solve Time =   0.9510E-07
 
nelt =       1, np =         1, nx1 =      19, elements =         1
Solve Time =   0.9374E-07
 
nelt =       1, np =         1, nx1 =      19, elements =         1
Solve Time =   0.9452E-07
 
nelt =       1, np =         1, nx1 =      19, elements =         1
Solve Time =   0.9652E-07
 
nelt =       1, np =         1, nx1 =      19, elements =         1
Solve Time =   0.9306E-07
 
nelt =       1, np =         1, nx1 =      19, elements =         1
Solve Time =   0.1071E-06
 
nelt =       1, np =         1, nx1 =      19, elements =         1
Solve Time =   0.9335E-07
 
nelt =       1, np =         1, nx1 =      19, elements =         1
Solve Time =   0.9836E-07
 
nelt =       1, np =         1, nx1 =      19, elements =         1
Solve Time =   0.9350E-07
 
nelt =       1, np =         1, nx1 =      19, elements =         1
Solve Time =   0.1021E-06
 
nelt =       1, np =         1, nx1 =      19, elements =         1
Solve Time =   0.9346E-07
 
nelt =       1, np =         1, nx1 =      19, elements =         1
Solve Time =   0.9641E-07
 
nelt =       1, np =         1, nx1 =      19, elements =         1
Solve Time =   0.9326E-07
 
nelt =       1, np =         1, nx1 =      19, elements =         1
Solve Time =   0.9783E-07
 
nelt =       1, np =         1, nx1 =      19, elements =         1
Solve Time =   0.9632E-07
 
nelt =       1, np =         1, nx1 =      19, elements =         1
Solve Time =   0.9408E-07
 
nelt =       1, np =         1, nx1 =      19, elements =         1
Solve Time =   0.9686E-07
 
nelt =       1, np =         1, nx1 =      19, elements =         1
Solve Time =   0.9419E-07
 
nelt =       1, np =         1, nx1 =      19, elements =         1
Solve Time =   0.9758E-07
 
nelt =       1, np =         1, nx1 =      19, elements =         1
Solve Time =   0.9437E-07
 
nelt =       1, np =         1, nx1 =      19, elements =         1
Solve Time =   0.9682E-07
 
nelt =       1, np =         1, nx1 =      19, elements =         1
Solve Time =   0.9443E-07
 
nelt =       1, np =         1, nx1 =      19, elements =         1
Solve Time =   0.9521E-07
 
nelt =       1, np =         1, nx1 =      19, elements =         1
Solve Time =   0.9700E-07
 
nelt =       1, np =         1, nx1 =      19, elements =         1
Solve Time =   0.9535E-07
 
nelt =       1, np =         1, nx1 =      19, elements =         1
Solve Time =   0.9452E-07
 
nelt =       1, np =         1, nx1 =      19, elements =         1
Solve Time =   0.9530E-07
 
nelt =       1, np =         1, nx1 =      19, elements =         1
Solve Time =   0.9792E-07
 
nelt =       1, np =         1, nx1 =      19, elements =         1
Solve Time =   0.9398E-07
 
nelt =       1, np =         1, nx1 =      19, elements =         1
Solve Time =   0.9871E-07
 
nelt =       1, np =         1, nx1 =      19, elements =         1
Solve Time =   0.9394E-07
 
nelt =       1, np =         1, nx1 =      19, elements =         1
Solve Time =   0.9812E-07
 
nelt =       1, np =         1, nx1 =      19, elements =         1
Solve Time =   0.9370E-07
 schfile:
 /gpfs/theta-fs1/home/thilina/env/lx19/b0.sch                                   
                                                      
 19        1  1.0000E+00  1.0000E+00  1.0000E+00  error v
 
nelt =       1, np =         1, nx1 =      19, elements =         1
Solve Time =   0.7199E-07
 
nelt =       1, np =         1, nx1 =      19, elements =         1
Solve Time =   0.7192E-07
 
nelt =       1, np =         1, nx1 =      19, elements =         1
Solve Time =   0.7174E-07
 
nelt =       1, np =         1, nx1 =      19, elements =         1
Solve Time =   0.7179E-07
 
nelt =       1, np =         1, nx1 =      19, elements =         1
Solve Time =   0.7175E-07
 
nelt =       1, np =         1, nx1 =      19, elements =         1
Solve Time =   0.7176E-07
 
nelt =       1, np =         1, nx1 =      19, elements =         1
Solve Time =   0.7190E-07
 
nelt =       1, np =         1, nx1 =      19, elements =         1
Solve Time =   0.7194E-07
 
nelt =       1, np =         1, nx1 =      19, elements =         1
Solve Time =   0.7184E-07
 
nelt =       1, np =         1, nx1 =      19, elements =         1
Solve Time =   0.7192E-07
 19        1  6.0715E-15  6.0715E-15  6.0715E-15  error s
 
nelt =       1, np =         1, nx1 =      19, elements =         1
Solve Time =   0.7663E-07
 
nelt =       1, np =         1, nx1 =      19, elements =         1
Solve Time =   0.7631E-07
 
nelt =       1, np =         1, nx1 =      19, elements =         1
Solve Time =   0.7625E-07
 
nelt =       1, np =         1, nx1 =      19, elements =         1
Solve Time =   0.7638E-07
 
nelt =       1, np =         1, nx1 =      19, elements =         1
Solve Time =   0.7639E-07
 
nelt =       1, np =         1, nx1 =      19, elements =         1
Solve Time =   0.7647E-07
 
nelt =       1, np =         1, nx1 =      19, elements =         1
Solve Time =   0.7639E-07
 
nelt =       1, np =         1, nx1 =      19, elements =         1
Solve Time =   0.7633E-07
 
nelt =       1, np =         1, nx1 =      19, elements =         1
Solve Time =   0.7634E-07
 
nelt =       1, np =         1, nx1 =      19, elements =         1
Solve Time =   0.7634E-07
 19        1  6.0368E-15  6.0368E-15  6.0368E-15  error n
  18        1  100  0.0000E+00  0.0000E+00  0.0000E+00 time for 3 hmholtz
EXIT: quit after cggov         18
  
call exitt: dying ...
  
backtrace(): obtained 8 stack frames.
./nek5000() [0x784f35]
./nek5000() [0x968cb9]
./nek5000() [0x40dfcc]
./nek5000() [0x428f26]
./nek5000() [0x4274de]
./nek5000() [0x4054fe]
/lib64/libc.so.6(__libc_start_main+0xf5) [0x2aaab1ca3b25]
./nek5000() [0x405409]
  
total elapsed time             :   5.51269E+00 sec
total solver time incl. I/O    :   0.00000E+00 sec
time/timestep                  :   0.00000E+00 sec
CPU seconds/timestep/gridpt    :   0.00000E+00 sec

Application 2260112 resources: utime ~4s, stime ~1s, Rss ~73220, inblocks ~0, outblocks ~0
