/----------------------------------------------------------\\
|      _   __ ______ __ __  ______  ____   ____   ____     |
|     / | / // ____// //_/ / ____/ / __ \\/ __ \\/ __ \\   |
|    /  |/ // __/  / ,<   /___ \\ / / / // / / // / / /    |
|   / /|  // /___ / /| | ____/ / / /_/ // /_/ // /_/ /     |
|  /_/ |_//_____//_/ |_|/_____/  \\___/ \\___/ \\___/      |
|                                                          |
|----------------------------------------------------------|
|                                                          |
| NEK5000:  Open Source Spectral Element Solver            |
| COPYRIGHT (c) 2008-2016 UCHICAGO ARGONNE, LLC            |
| Version:  16.0.0                                         |
| Web:      http://nek5000.mcs.anl.gov                     |
|                                                          |
\\----------------------------------------------------------/
                                                              

 Number of processors:           1
 REAL    wdsize      :           8
 INTEGER wdsize      :           4
 Timer accuracy      : 3.10E-07
 Reading /gpfs/theta-fs1/home/thilina/env/lx19/b4.rea                                                                                        

 mapping elements to processors
 Reading /gpfs/theta-fs1/home/thilina/env/lx19/b4.map                                                                                        
           0          16          16          16          16  NELV
 RANK     0 IEG       1       2       3       4       5       6       7       8
                      9      10      11      12      13      14      15      16
 element load imbalance:            0          16          16
 done :: mapping elements to processors
  
           0  objects found
 118   Parameters from file:
   1      1.00000     p001 DENSITY
   2     -100.000     p002 VISCOS
   7      1.00000     p007 RHOCP
   8      1.00000     p008 CONDUCT
  11      1.00        p011 NSTEPS
  12    -0.500000E-02 p012 DT
  21     0.100000E-05 p021 DIVERGENCE
  22     0.100000E-07 p022 HELMHOLTZ
  24     0.100000E-09 p024 TOLREL
  25     0.100000E-09 p025 TOLABS
  26     0.250000     p026 COURANT/NTAU
  27      2.00000     p027 TORDER
  66      6.00000     p066 output : <0=ascii, else binary
  67      6.00000     p067 restart: <0=ascii, else binary
  99      3.00000     p099 dealiasing: <0--> off/3--> old/4--> new
 103     0.500000E-01 p103 weight of stabilizing filter (.01)
  
 nelgt/nelgv/lelt:          16          16         100
 lx1  /lx2  /lx3 :          19          19          19
 done :: read .rea file   0.26225E-01 sec

 setup mesh topology
   Right-handed check complete for      16 elements. OK.
   setvert3d:  19       21329       99937       21329       21329
 call usrsetvert
 done :: usrsetvert

gs_setup: 0 unique labels shared
   handle bytes (avg, min, max): 226124 226124 226124
   buffer bytes (avg, min, max): 0 0 0
   setupds time 2.9051E-02 seconds   0 19       21329          16
           8  max multiplicity
 done :: setup mesh topology
  
 call usrdat
 done :: usrdat

 generate geometry data
 done :: generate geometry data
  
 call usrdat2
 done :: usrdat2

 regenerate geometry data           1
 NOTE: All elements deformed , param(59) ^=0
 done :: regenerate geometry data           1
  
 verify mesh topology
  0.000000000000000E+000   1.00000000000000       Xrange
  0.000000000000000E+000   1.00000000000000       Yrange
  0.000000000000000E+000   1.00000000000000       Zrange
 done :: verify mesh topology
  
 IFTRAN   = T
 IFFLOW   = T
 IFHEAT   = F
 IFSPLIT  = T
 IFLOMACH = F
 IFUSERVP = F
 IFUSERMV = F
 IFSTRS   = F
 IFCHAR   = F
 IFCYCLIC = F
 IFAXIS   = F
 IFMVBD   = F
 IFMELT   = F
 IFMODEL  = F
 IFKEPS   = F
 IFMOAB   = F
 IFNEKNEK = F
 IFSYNC   = T
   
 IFVCOR   = T
 IFINTQ   = F
 IFCWUZ   = F
 IFSWALL  = F
 IFGEOM   = F
 IFSURT   = F
 IFWCNO   = F
   
 IFTMSH for field           1    =  F
 IFADVC for field           1    =  T
 IFNONL for field           1    =  F
   
 Dealiasing enabled, lxd=          28
  
 Estimated eigenvalues
 EIGAA =    9.86960440108936     
 EIGGA =    762756.958547322     
 EIGAE =    9.86960440108936     
 EIGAS =   8.333333333333333E-002
 EIGGE =    762756.958547322     
 EIGGS =    2.00000000000000     
  
 verify mesh topology
  0.000000000000000E+000   1.00000000000000       Xrange
  0.000000000000000E+000   1.00000000000000       Yrange
  0.000000000000000E+000   1.00000000000000       Zrange
 done :: verify mesh topology
  
  E-solver strategy:  0 itr
 mg_nx:           1           9          18
 mg_ny:           1           9          18
 mg_nz:           1           9          18
 call usrsetvert
 done :: usrsetvert

gs_setup: 0 unique labels shared
   handle bytes (avg, min, max): 1452 1452 1452
   buffer bytes (avg, min, max): 0 0 0
   setupds time 4.9019E-04 seconds   1  2          45          16
   setvert3d:   4         509         637         509         509
 call usrsetvert
 done :: usrsetvert

gs_setup: 0 unique labels shared
   handle bytes (avg, min, max): 7724 7724 7724
   buffer bytes (avg, min, max): 0 0 0
   setupds time 1.6770E-03 seconds   2  4         509          16
   setvert3d:  10        5165       13357        5165        5165
 call usrsetvert
 done :: usrsetvert

gs_setup: 0 unique labels shared
   handle bytes (avg, min, max): 58796 58796 58796
   buffer bytes (avg, min, max): 0 0 0
   setupds time 6.0360E-03 seconds   3 10        5165          16
   setvert3d:  12        7805       23805        7805        7805
 call usrsetvert
 done :: usrsetvert

gs_setup: 0 unique labels shared
   handle bytes (avg, min, max): 86572 86572 86572
   buffer bytes (avg, min, max): 0 0 0
   setupds time 8.1429E-03 seconds   4 12        7805          16
 regenerate geometry data           1
 NOTE: All elements deformed , param(59) ^=0
 done :: regenerate geometry data           1
  
 h1_mg_nx:           1           3          18
 h1_mg_ny:           1           3          18
 h1_mg_nz:           1           3          18
 call usrsetvert
 done :: usrsetvert

gs_setup: 0 unique labels shared
   handle bytes (avg, min, max): 1452 1452 1452
   buffer bytes (avg, min, max): 0 0 0
   setupds time 8.8501E-04 seconds   5  2          45          16
   setvert3d:   4         509         637         509         509
 call usrsetvert
 done :: usrsetvert

gs_setup: 0 unique labels shared
   handle bytes (avg, min, max): 7724 7724 7724
   buffer bytes (avg, min, max): 0 0 0
   setupds time 1.6079E-03 seconds   6  4         509          16
   setvert3d:   4         509         637         509         509
 call usrsetvert
 done :: usrsetvert

gs_setup: 0 unique labels shared
   handle bytes (avg, min, max): 7724 7724 7724
   buffer bytes (avg, min, max): 0 0 0
   setupds time 1.5612E-03 seconds   7  4         509          16
   setvert3d:   6        1517        2541        1517        1517
 call usrsetvert
 done :: usrsetvert

gs_setup: 0 unique labels shared
   handle bytes (avg, min, max): 19372 19372 19372
   buffer bytes (avg, min, max): 0 0 0
   setupds time 2.5539E-03 seconds   8  6        1517          16
   setvert3d:  19       21329       99937       21329       21329
 call usrsetvert
 done :: usrsetvert

gs_setup: 0 unique labels shared
   handle bytes (avg, min, max): 226124 226124 226124
   buffer bytes (avg, min, max): 0 0 0
   setupds time 2.6644E-02 seconds   9 19       21329          16
   setvert3d:  21       26417      136161       26417       26417
 call usrsetvert
 done :: usrsetvert

gs_setup: 0 unique labels shared
   handle bytes (avg, min, max): 278092 278092 278092
   buffer bytes (avg, min, max): 0 0 0
   setupds time 3.4292E-02 seconds  10 21       26417          16
 setup h1 coarse grid, nx_crs=           2
 call usrsetvert
 done :: usrsetvert

gs_setup: 0 unique labels shared
   handle bytes (avg, min, max): 1452 1452 1452
   buffer bytes (avg, min, max): 0 0 0
 done :: setup h1 coarse grid   6.641983985900879E-002  sec
  
 call usrdat3
 done :: usrdat3

 set initial conditions
 nekuic (1) for ifld            1
 call nekuic for vel  
 xyz min     0.0000       0.0000       0.0000    
 uvwpt min   0.0000       0.0000       0.0000       0.0000       0.0000    
 PS min      0.0000       0.0000      0.99000E+22
 xyz max     1.0000       1.0000       1.0000    
 uvwpt max   0.0000       0.0000       0.0000       0.0000       0.0000    
 PS max      0.0000       0.0000     -0.99000E+22
 done :: set initial conditions
  
 call userchk
GFM max:  6.1415E-04  6.1415E-04  2.4566E-03  3.4595E-17  1.3912E-16  1.3912E-16
 
nelt =      16, np =         1, nx1 =      19, elements =        16
Solve Time =   0.7062E-07
 
nelt =      16, np =         1, nx1 =      19, elements =        16
Solve Time =   0.7039E-07
 
nelt =      16, np =         1, nx1 =      19, elements =        16
Solve Time =   0.7044E-07
 
nelt =      16, np =         1, nx1 =      19, elements =        16
Solve Time =   0.7040E-07
 
nelt =      16, np =         1, nx1 =      19, elements =        16
Solve Time =   0.7042E-07
 
nelt =      16, np =         1, nx1 =      19, elements =        16
Solve Time =   0.7041E-07
 
nelt =      16, np =         1, nx1 =      19, elements =        16
Solve Time =   0.7041E-07
 
nelt =      16, np =         1, nx1 =      19, elements =        16
Solve Time =   0.7041E-07
 
nelt =      16, np =         1, nx1 =      19, elements =        16
Solve Time =   0.7041E-07
 
nelt =      16, np =         1, nx1 =      19, elements =        16
Solve Time =   0.7040E-07
 
nelt =      16, np =         1, nx1 =      19, elements =        16
Solve Time =   0.6768E-07
 
nelt =      16, np =         1, nx1 =      19, elements =        16
Solve Time =   0.6769E-07
 
nelt =      16, np =         1, nx1 =      19, elements =        16
Solve Time =   0.6769E-07
 
nelt =      16, np =         1, nx1 =      19, elements =        16
Solve Time =   0.6774E-07
 
nelt =      16, np =         1, nx1 =      19, elements =        16
Solve Time =   0.6767E-07
 
nelt =      16, np =         1, nx1 =      19, elements =        16
Solve Time =   0.6768E-07
 
nelt =      16, np =         1, nx1 =      19, elements =        16
Solve Time =   0.6768E-07
 
nelt =      16, np =         1, nx1 =      19, elements =        16
Solve Time =   0.6774E-07
 
nelt =      16, np =         1, nx1 =      19, elements =        16
Solve Time =   0.6768E-07
 
nelt =      16, np =         1, nx1 =      19, elements =        16
Solve Time =   0.6768E-07
 
nelt =      16, np =         1, nx1 =      19, elements =        16
Solve Time =   0.6849E-07
 
nelt =      16, np =         1, nx1 =      19, elements =        16
Solve Time =   0.6849E-07
 
nelt =      16, np =         1, nx1 =      19, elements =        16
Solve Time =   0.6848E-07
 
nelt =      16, np =         1, nx1 =      19, elements =        16
Solve Time =   0.6847E-07
 
nelt =      16, np =         1, nx1 =      19, elements =        16
Solve Time =   0.6850E-07
 
nelt =      16, np =         1, nx1 =      19, elements =        16
Solve Time =   0.6847E-07
 
nelt =      16, np =         1, nx1 =      19, elements =        16
Solve Time =   0.6849E-07
 
nelt =      16, np =         1, nx1 =      19, elements =        16
Solve Time =   0.6847E-07
 
nelt =      16, np =         1, nx1 =      19, elements =        16
Solve Time =   0.6847E-07
 
nelt =      16, np =         1, nx1 =      19, elements =        16
Solve Time =   0.6848E-07
 
nelt =      16, np =         1, nx1 =      19, elements =        16
Solve Time =   0.6926E-07
 
nelt =      16, np =         1, nx1 =      19, elements =        16
Solve Time =   0.6925E-07
 
nelt =      16, np =         1, nx1 =      19, elements =        16
Solve Time =   0.6927E-07
 
nelt =      16, np =         1, nx1 =      19, elements =        16
Solve Time =   0.6927E-07
 
nelt =      16, np =         1, nx1 =      19, elements =        16
Solve Time =   0.6926E-07
 
nelt =      16, np =         1, nx1 =      19, elements =        16
Solve Time =   0.6933E-07
 
nelt =      16, np =         1, nx1 =      19, elements =        16
Solve Time =   0.6927E-07
 
nelt =      16, np =         1, nx1 =      19, elements =        16
Solve Time =   0.6926E-07
 
nelt =      16, np =         1, nx1 =      19, elements =        16
Solve Time =   0.6926E-07
 
nelt =      16, np =         1, nx1 =      19, elements =        16
Solve Time =   0.6927E-07
 
nelt =      16, np =         1, nx1 =      19, elements =        16
Solve Time =   0.7007E-07
 
nelt =      16, np =         1, nx1 =      19, elements =        16
Solve Time =   0.7004E-07
 
nelt =      16, np =         1, nx1 =      19, elements =        16
Solve Time =   0.7006E-07
 
nelt =      16, np =         1, nx1 =      19, elements =        16
Solve Time =   0.7009E-07
 
nelt =      16, np =         1, nx1 =      19, elements =        16
Solve Time =   0.7005E-07
 
nelt =      16, np =         1, nx1 =      19, elements =        16
Solve Time =   0.7007E-07
 
nelt =      16, np =         1, nx1 =      19, elements =        16
Solve Time =   0.7008E-07
 
nelt =      16, np =         1, nx1 =      19, elements =        16
Solve Time =   0.7006E-07
 
nelt =      16, np =         1, nx1 =      19, elements =        16
Solve Time =   0.7006E-07
 
nelt =      16, np =         1, nx1 =      19, elements =        16
Solve Time =   0.7006E-07
 schfile:
 /gpfs/theta-fs1/home/thilina/env/lx19/b4.sch                                   
                                                      
 19       16  1.0000E+00  1.0000E+00  1.0000E+00  error v
 
nelt =      16, np =         1, nx1 =      19, elements =        16
Solve Time =   0.7580E-07
 
nelt =      16, np =         1, nx1 =      19, elements =        16
Solve Time =   0.7579E-07
 
nelt =      16, np =         1, nx1 =      19, elements =        16
Solve Time =   0.7579E-07
 
nelt =      16, np =         1, nx1 =      19, elements =        16
Solve Time =   0.7577E-07
 
nelt =      16, np =         1, nx1 =      19, elements =        16
Solve Time =   0.7576E-07
 
nelt =      16, np =         1, nx1 =      19, elements =        16
Solve Time =   0.7579E-07
 
nelt =      16, np =         1, nx1 =      19, elements =        16
Solve Time =   0.7577E-07
 
nelt =      16, np =         1, nx1 =      19, elements =        16
Solve Time =   0.7579E-07
 
nelt =      16, np =         1, nx1 =      19, elements =        16
Solve Time =   0.7576E-07
 
nelt =      16, np =         1, nx1 =      19, elements =        16
Solve Time =   0.7578E-07
 19       16  8.3842E-04  8.3842E-04  8.3842E-04  error s
 
nelt =      16, np =         1, nx1 =      19, elements =        16
Solve Time =   0.8092E-07
 
nelt =      16, np =         1, nx1 =      19, elements =        16
Solve Time =   0.8088E-07
 
nelt =      16, np =         1, nx1 =      19, elements =        16
Solve Time =   0.8086E-07
 
nelt =      16, np =         1, nx1 =      19, elements =        16
Solve Time =   0.8087E-07
 
nelt =      16, np =         1, nx1 =      19, elements =        16
Solve Time =   0.8087E-07
 
nelt =      16, np =         1, nx1 =      19, elements =        16
Solve Time =   0.8087E-07
 
nelt =      16, np =         1, nx1 =      19, elements =        16
Solve Time =   0.8086E-07
 
nelt =      16, np =         1, nx1 =      19, elements =        16
Solve Time =   0.8086E-07
 
nelt =      16, np =         1, nx1 =      19, elements =        16
Solve Time =   0.8087E-07
 
nelt =      16, np =         1, nx1 =      19, elements =        16
Solve Time =   0.8087E-07
 19       16  8.3865E-04  8.3865E-04  8.3865E-04  error n
  18       16  100  0.0000E+00  0.0000E+00  0.0000E+00 time for 3 hmholtz
EXIT: quit after cggov         18
  
call exitt: dying ...
  
backtrace(): obtained 8 stack frames.
./nek5000() [0x784f35]
./nek5000() [0x968cb9]
./nek5000() [0x40dfcc]
./nek5000() [0x428f26]
./nek5000() [0x4274de]
./nek5000() [0x4054fe]
/lib64/libc.so.6(__libc_start_main+0xf5) [0x2aaab1ca3b25]
./nek5000() [0x405409]
  
total elapsed time             :   1.92112E+02 sec
total solver time incl. I/O    :   0.00000E+00 sec
time/timestep                  :   0.00000E+00 sec
CPU seconds/timestep/gridpt    :   0.00000E+00 sec

Application 2260166 resources: utime ~171s, stime ~10s, Rss ~180588, inblocks ~0, outblocks ~0
