/----------------------------------------------------------\\
|      _   __ ______ __ __  ______  ____   ____   ____     |
|     / | / // ____// //_/ / ____/ / __ \\/ __ \\/ __ \\   |
|    /  |/ // __/  / ,<   /___ \\ / / / // / / // / / /    |
|   / /|  // /___ / /| | ____/ / / /_/ // /_/ // /_/ /     |
|  /_/ |_//_____//_/ |_|/_____/  \\___/ \\___/ \\___/      |
|                                                          |
|----------------------------------------------------------|
|                                                          |
| NEK5000:  Open Source Spectral Element Solver            |
| COPYRIGHT (c) 2008-2016 UCHICAGO ARGONNE, LLC            |
| Version:  16.0.0                                         |
| Web:      http://nek5000.mcs.anl.gov                     |
|                                                          |
\\----------------------------------------------------------/
                                                              

 Number of processors:           2
 REAL    wdsize      :           8
 INTEGER wdsize      :           4
 Timer accuracy      : 5.01E-07
 Reading /gpfs/theta-fs1/home/thilina/env/lx19/b4.rea                                                                                        

 mapping elements to processors
 Reading /gpfs/theta-fs1/home/thilina/env/lx19/b4.map                                                                                        
           0           8           8          16          16  NELV
           1           8           8          16          16  NELV
 RANK     0 IEG       9      10      11      12      13      14      15      16
 element load imbalance:            0           8           8
 done :: mapping elements to processors
  
           0  objects found
 118   Parameters from file:
   1      1.00000     p001 DENSITY
   2     -100.000     p002 VISCOS
   7      1.00000     p007 RHOCP
   8      1.00000     p008 CONDUCT
  11      1.00        p011 NSTEPS
  12    -0.500000E-02 p012 DT
  21     0.100000E-05 p021 DIVERGENCE
  22     0.100000E-07 p022 HELMHOLTZ
  24     0.100000E-09 p024 TOLREL
  25     0.100000E-09 p025 TOLABS
  26     0.250000     p026 COURANT/NTAU
  27      2.00000     p027 TORDER
  66      6.00000     p066 output : <0=ascii, else binary
  67      6.00000     p067 restart: <0=ascii, else binary
  99      3.00000     p099 dealiasing: <0--> off/3--> old/4--> new
 103     0.500000E-01 p103 weight of stabilizing filter (.01)
  
 nelgt/nelgv/lelt:          16          16         100
 lx1  /lx2  /lx3 :          19          19          19
 done :: read .rea file   0.36094E-01 sec

 setup mesh topology
   Right-handed check complete for      16 elements. OK.
   setvert3d:  19       21329       99937       21329       21329
 call usrsetvert
 done :: usrsetvert

gs_setup: 1369 unique labels shared
   pairwise times (avg, min, max): 1.33514e-05 1.33038e-05 1.33991e-05
   crystal router                : 1.18971e-05 1.18971e-05 1.18971e-05
   all reduce                    : 3.57151e-05 3.31163e-05 3.83139e-05
   used all_to_all method: crystal router
   handle bytes (avg, min, max): 196652 196652 196652
   buffer bytes (avg, min, max): 43808 43808 43808
   setupds time 2.2846E-02 seconds   0 19       21329          16
           8  max multiplicity
 done :: setup mesh topology
  
 call usrdat
 done :: usrdat

 generate geometry data
 done :: generate geometry data
  
 call usrdat2
 done :: usrdat2

 regenerate geometry data           1
 NOTE: All elements deformed , param(59) ^=0
 done :: regenerate geometry data           1
  
 verify mesh topology
  0.000000000000000E+000   1.00000000000000       Xrange
  0.000000000000000E+000   1.00000000000000       Yrange
  0.000000000000000E+000   1.00000000000000       Zrange
 done :: verify mesh topology
  
 IFTRAN   = T
 IFFLOW   = T
 IFHEAT   = F
 IFSPLIT  = T
 IFLOMACH = F
 IFUSERVP = F
 IFUSERMV = F
 IFSTRS   = F
 IFCHAR   = F
 IFCYCLIC = F
 IFAXIS   = F
 IFMVBD   = F
 IFMELT   = F
 IFMODEL  = F
 IFKEPS   = F
 IFMOAB   = F
 IFNEKNEK = F
 IFSYNC   = T
   
 IFVCOR   = T
 IFINTQ   = F
 IFCWUZ   = F
 IFSWALL  = F
 IFGEOM   = F
 IFSURT   = F
 IFWCNO   = F
   
 IFTMSH for field           1    =  F
 IFADVC for field           1    =  T
 IFNONL for field           1    =  F
   
 Dealiasing enabled, lxd=          28
  
 Estimated eigenvalues
 EIGAA =    9.86960440108936     
 EIGGA =    762757.911039421     
 EIGAE =    9.86960440108936     
 EIGAS =   8.333333333333333E-002
 EIGGE =    762757.911039421     
 EIGGS =    2.00000000000000     
  
 verify mesh topology
  0.000000000000000E+000   1.00000000000000       Xrange
  0.000000000000000E+000   1.00000000000000       Yrange
  0.000000000000000E+000   1.00000000000000       Zrange
 done :: verify mesh topology
  
  E-solver strategy:  0 itr
 mg_nx:           1           9          18
 mg_ny:           1           9          18
 mg_nz:           1           9          18
 call usrsetvert
 done :: usrsetvert

gs_setup: 9 unique labels shared
   pairwise times (avg, min, max): 3.09944e-06 3.09944e-06 3.09944e-06
   crystal router                : 4.05312e-06 4.00543e-06 4.1008e-06
   all reduce                    : 1.90735e-06 1.90735e-06 1.90735e-06
   used all_to_all method: allreduce
   handle bytes (avg, min, max): 1180 1180 1180
   buffer bytes (avg, min, max): 144 144 144
   setupds time 1.5550E-03 seconds   1  2          45          16
   setvert3d:   4         509         637         509         509
 call usrsetvert
 done :: usrsetvert

gs_setup: 49 unique labels shared
   pairwise times (avg, min, max): 3.29018e-06 3.29018e-06 3.29018e-06
   crystal router                : 3.00407e-06 3.00407e-06 3.00407e-06
   all reduce                    : 1.91689e-05 1.91212e-05 1.92165e-05
   used all_to_all method: crystal router
   handle bytes (avg, min, max): 7292 7292 7292
   buffer bytes (avg, min, max): 1568 1568 1568
   setupds time 2.9562E-03 seconds   2  4         509          16
   setvert3d:  10        5165       13357        5165        5165
 call usrsetvert
 done :: usrsetvert

gs_setup: 361 unique labels shared
   pairwise times (avg, min, max): 4.00543e-06 4.00543e-06 4.00543e-06
   crystal router                : 2.31266e-06 2.31266e-06 2.31266e-06
   all reduce                    : 3.15547e-05 3.14951e-05 3.16143e-05
   used all_to_all method: crystal router
   handle bytes (avg, min, max): 51932 51932 51932
   buffer bytes (avg, min, max): 11552 11552 11552
   setupds time 6.6252E-03 seconds   3 10        5165          16
   setvert3d:  12        7805       23805        7805        7805
 call usrsetvert
 done :: usrsetvert

gs_setup: 529 unique labels shared
   pairwise times (avg, min, max): 3.98159e-06 3.98159e-06 3.98159e-06
   crystal router                : 2.5034e-06 2.5034e-06 2.5034e-06
   all reduce                    : 3.22104e-05 3.22104e-05 3.22104e-05
   used all_to_all method: crystal router
   handle bytes (avg, min, max): 76028 76028 76028
   buffer bytes (avg, min, max): 16928 16928 16928
   setupds time 8.3170E-03 seconds   4 12        7805          16
 regenerate geometry data           1
 NOTE: All elements deformed , param(59) ^=0
 done :: regenerate geometry data           1
  
 h1_mg_nx:           1           3          18
 h1_mg_ny:           1           3          18
 h1_mg_nz:           1           3          18
 call usrsetvert
 done :: usrsetvert

gs_setup: 9 unique labels shared
   pairwise times (avg, min, max): 3.48091e-06 3.48091e-06 3.48091e-06
   crystal router                : 4.19617e-06 4.1008e-06 4.29153e-06
   all reduce                    : 1.83582e-06 1.78814e-06 1.88351e-06
   used all_to_all method: allreduce
   handle bytes (avg, min, max): 1180 1180 1180
   buffer bytes (avg, min, max): 144 144 144
   setupds time 1.6460E-03 seconds   5  2          45          16
   setvert3d:   4         509         637         509         509
 call usrsetvert
 done :: usrsetvert

gs_setup: 49 unique labels shared
   pairwise times (avg, min, max): 3.60012e-06 3.60012e-06 3.60012e-06
   crystal router                : 2.40803e-06 2.40803e-06 2.40803e-06
   all reduce                    : 1.85966e-05 1.85966e-05 1.85966e-05
   used all_to_all method: crystal router
   handle bytes (avg, min, max): 7292 7292 7292
   buffer bytes (avg, min, max): 1568 1568 1568
   setupds time 2.8892E-03 seconds   6  4         509          16
   setvert3d:   4         509         637         509         509
 call usrsetvert
 done :: usrsetvert

gs_setup: 49 unique labels shared
   pairwise times (avg, min, max): 2.94447e-06 2.88486e-06 3.00407e-06
   crystal router                : 1.90735e-06 1.90735e-06 1.90735e-06
   all reduce                    : 1.80006e-05 1.80006e-05 1.80006e-05
   used all_to_all method: crystal router
   handle bytes (avg, min, max): 7292 7292 7292
   buffer bytes (avg, min, max): 1568 1568 1568
   setupds time 2.6879E-03 seconds   7  4         509          16
   setvert3d:   6        1517        2541        1517        1517
 call usrsetvert
 done :: usrsetvert

gs_setup: 121 unique labels shared
   pairwise times (avg, min, max): 3.19481e-06 3.19481e-06 3.19481e-06
   crystal router                : 1.95503e-06 1.90735e-06 2.00272e-06
   all reduce                    : 1.97053e-05 1.9598e-05 1.98126e-05
   used all_to_all method: crystal router
   handle bytes (avg, min, max): 17564 17564 17564
   buffer bytes (avg, min, max): 3872 3872 3872
   setupds time 3.3729E-03 seconds   8  6        1517          16
   setvert3d:  19       21329       99937       21329       21329
 call usrsetvert
 done :: usrsetvert

gs_setup: 1369 unique labels shared
   pairwise times (avg, min, max): 5.60284e-06 5.60284e-06 5.60284e-06
   crystal router                : 5.60284e-06 5.60284e-06 5.60284e-06
   all reduce                    : 4.01974e-05 4.0102e-05 4.02927e-05
   used all_to_all method: pairwise
   handle bytes (avg, min, max): 130780 130780 130780
   buffer bytes (avg, min, max): 21904 21904 21904
   setupds time 2.0499E-02 seconds   9 19       21329          16
   setvert3d:  21       26417      136161       26417       26417
 call usrsetvert
 done :: usrsetvert

gs_setup: 1681 unique labels shared
   pairwise times (avg, min, max): 5.81741e-06 5.81741e-06 5.81741e-06
   crystal router                : 6.00815e-06 6.00815e-06 6.00815e-06
   all reduce                    : 4.87447e-05 4.86851e-05 4.88043e-05
   used all_to_all method: pairwise
   handle bytes (avg, min, max): 160636 160636 160636
   buffer bytes (avg, min, max): 26896 26896 26896
   setupds time 2.6710E-02 seconds  10 21       26417          16
 setup h1 coarse grid, nx_crs=           2
 call usrsetvert
 done :: usrsetvert

gs_setup: 9 unique labels shared
   pairwise times (avg, min, max): 3.50475e-06 3.50475e-06 3.50475e-06
   crystal router                : 2.83718e-06 2.7895e-06 2.88486e-06
   all reduce                    : 1.41501e-05 1.40905e-05 1.42097e-05
   used all_to_all method: crystal router
   handle bytes (avg, min, max): 1628 1628 1628
   buffer bytes (avg, min, max): 288 288 288
 done :: setup h1 coarse grid   4.274678230285645E-002  sec
  
 call usrdat3
 done :: usrdat3

 set initial conditions
 nekuic (1) for ifld            1
 call nekuic for vel  
 xyz min     0.0000       0.0000       0.0000    
 uvwpt min   0.0000       0.0000       0.0000       0.0000       0.0000    
 PS min      0.0000       0.0000      0.99000E+22
 xyz max     1.0000       1.0000       1.0000    
 uvwpt max   0.0000       0.0000       0.0000       0.0000       0.0000    
 PS max      0.0000       0.0000     -0.99000E+22
 done :: set initial conditions
  
 call userchk
GFM max:  6.1415E-04  6.1415E-04  2.4566E-03  3.4595E-17  1.3912E-16  1.3912E-16
 
nelt =       8, np =         2, nx1 =      19, elements =        16
Solve Time =   0.4274E-07
 
nelt =       8, np =         2, nx1 =      19, elements =        16
Solve Time =   0.4267E-07
 
nelt =       8, np =         2, nx1 =      19, elements =        16
Solve Time =   0.4265E-07
 
nelt =       8, np =         2, nx1 =      19, elements =        16
Solve Time =   0.4265E-07
 
nelt =       8, np =         2, nx1 =      19, elements =        16
Solve Time =   0.4264E-07
 
nelt =       8, np =         2, nx1 =      19, elements =        16
Solve Time =   0.4265E-07
 
nelt =       8, np =         2, nx1 =      19, elements =        16
Solve Time =   0.4266E-07
 
nelt =       8, np =         2, nx1 =      19, elements =        16
Solve Time =   0.4265E-07
 
nelt =       8, np =         2, nx1 =      19, elements =        16
Solve Time =   0.4266E-07
 
nelt =       8, np =         2, nx1 =      19, elements =        16
Solve Time =   0.4266E-07
 
nelt =       8, np =         2, nx1 =      19, elements =        16
Solve Time =   0.4074E-07
 
nelt =       8, np =         2, nx1 =      19, elements =        16
Solve Time =   0.4072E-07
 
nelt =       8, np =         2, nx1 =      19, elements =        16
Solve Time =   0.4073E-07
 
nelt =       8, np =         2, nx1 =      19, elements =        16
Solve Time =   0.4071E-07
 
nelt =       8, np =         2, nx1 =      19, elements =        16
Solve Time =   0.4074E-07
 
nelt =       8, np =         2, nx1 =      19, elements =        16
Solve Time =   0.4073E-07
 
nelt =       8, np =         2, nx1 =      19, elements =        16
Solve Time =   0.4072E-07
 
nelt =       8, np =         2, nx1 =      19, elements =        16
Solve Time =   0.4072E-07
 
nelt =       8, np =         2, nx1 =      19, elements =        16
Solve Time =   0.4072E-07
 
nelt =       8, np =         2, nx1 =      19, elements =        16
Solve Time =   0.4072E-07
 
nelt =       8, np =         2, nx1 =      19, elements =        16
Solve Time =   0.4140E-07
 
nelt =       8, np =         2, nx1 =      19, elements =        16
Solve Time =   0.4139E-07
 
nelt =       8, np =         2, nx1 =      19, elements =        16
Solve Time =   0.4138E-07
 
nelt =       8, np =         2, nx1 =      19, elements =        16
Solve Time =   0.4140E-07
 
nelt =       8, np =         2, nx1 =      19, elements =        16
Solve Time =   0.4139E-07
 
nelt =       8, np =         2, nx1 =      19, elements =        16
Solve Time =   0.4140E-07
 
nelt =       8, np =         2, nx1 =      19, elements =        16
Solve Time =   0.4142E-07
 
nelt =       8, np =         2, nx1 =      19, elements =        16
Solve Time =   0.4140E-07
 
nelt =       8, np =         2, nx1 =      19, elements =        16
Solve Time =   0.4139E-07
 
nelt =       8, np =         2, nx1 =      19, elements =        16
Solve Time =   0.4139E-07
 
nelt =       8, np =         2, nx1 =      19, elements =        16
Solve Time =   0.4202E-07
 
nelt =       8, np =         2, nx1 =      19, elements =        16
Solve Time =   0.4201E-07
 
nelt =       8, np =         2, nx1 =      19, elements =        16
Solve Time =   0.4201E-07
 
nelt =       8, np =         2, nx1 =      19, elements =        16
Solve Time =   0.4200E-07
 
nelt =       8, np =         2, nx1 =      19, elements =        16
Solve Time =   0.4202E-07
 
nelt =       8, np =         2, nx1 =      19, elements =        16
Solve Time =   0.4202E-07
 
nelt =       8, np =         2, nx1 =      19, elements =        16
Solve Time =   0.4201E-07
 
nelt =       8, np =         2, nx1 =      19, elements =        16
Solve Time =   0.4203E-07
 
nelt =       8, np =         2, nx1 =      19, elements =        16
Solve Time =   0.4201E-07
 
nelt =       8, np =         2, nx1 =      19, elements =        16
Solve Time =   0.4200E-07
 
nelt =       8, np =         2, nx1 =      19, elements =        16
Solve Time =   0.4266E-07
 
nelt =       8, np =         2, nx1 =      19, elements =        16
Solve Time =   0.4264E-07
 
nelt =       8, np =         2, nx1 =      19, elements =        16
Solve Time =   0.4265E-07
 
nelt =       8, np =         2, nx1 =      19, elements =        16
Solve Time =   0.4263E-07
 
nelt =       8, np =         2, nx1 =      19, elements =        16
Solve Time =   0.4264E-07
 
nelt =       8, np =         2, nx1 =      19, elements =        16
Solve Time =   0.4264E-07
 
nelt =       8, np =         2, nx1 =      19, elements =        16
Solve Time =   0.4265E-07
 
nelt =       8, np =         2, nx1 =      19, elements =        16
Solve Time =   0.4264E-07
 
nelt =       8, np =         2, nx1 =      19, elements =        16
Solve Time =   0.4265E-07
 
nelt =       8, np =         2, nx1 =      19, elements =        16
Solve Time =   0.4264E-07
 schfile:
 /gpfs/theta-fs1/home/thilina/env/lx19/b4.sch                                   
                                                      
 19       16  1.0000E+00  1.0000E+00  1.0000E+00  error v
 19       16  1.0000E+00  1.0000E+00  1.0000E+00  error v
 
nelt =       8, np =         2, nx1 =      19, elements =        16
Solve Time =   0.4459E-07
 
nelt =       8, np =         2, nx1 =      19, elements =        16
Solve Time =   0.4456E-07
 
nelt =       8, np =         2, nx1 =      19, elements =        16
Solve Time =   0.4458E-07
 
nelt =       8, np =         2, nx1 =      19, elements =        16
Solve Time =   0.4456E-07
 
nelt =       8, np =         2, nx1 =      19, elements =        16
Solve Time =   0.4458E-07
 
nelt =       8, np =         2, nx1 =      19, elements =        16
Solve Time =   0.4457E-07
 
nelt =       8, np =         2, nx1 =      19, elements =        16
Solve Time =   0.4457E-07
 
nelt =       8, np =         2, nx1 =      19, elements =        16
Solve Time =   0.4458E-07
 
nelt =       8, np =         2, nx1 =      19, elements =        16
Solve Time =   0.4457E-07
 
nelt =       8, np =         2, nx1 =      19, elements =        16
Solve Time =   0.4459E-07
 19       16  8.3843E-04  8.3843E-04  8.3843E-04  error s
 19       16  8.3843E-04  8.3843E-04  8.3843E-04  error s
 
nelt =       8, np =         2, nx1 =      19, elements =        16
Solve Time =   0.5178E-07
 
nelt =       8, np =         2, nx1 =      19, elements =        16
Solve Time =   0.5175E-07
 
nelt =       8, np =         2, nx1 =      19, elements =        16
Solve Time =   0.5172E-07
 
nelt =       8, np =         2, nx1 =      19, elements =        16
Solve Time =   0.5175E-07
 
nelt =       8, np =         2, nx1 =      19, elements =        16
Solve Time =   0.5174E-07
 
nelt =       8, np =         2, nx1 =      19, elements =        16
Solve Time =   0.5173E-07
 
nelt =       8, np =         2, nx1 =      19, elements =        16
Solve Time =   0.5176E-07
 
nelt =       8, np =         2, nx1 =      19, elements =        16
Solve Time =   0.5174E-07
 
nelt =       8, np =         2, nx1 =      19, elements =        16
Solve Time =   0.5174E-07
 
nelt =       8, np =         2, nx1 =      19, elements =        16
Solve Time =   0.5175E-07
 19       16  8.3865E-04  8.3865E-04  8.3865E-04  error n
 19       16  8.3865E-04  8.3865E-04  8.3865E-04  error n
  18       16  100  0.0000E+00  0.0000E+00  0.0000E+00 time for 3 hmholtz
EXIT: quit after cggov         18
  
call exitt: dying ...
  
backtrace(): obtained 8 stack frames.
./nek5000() [0x784f35]
./nek5000() [0x968cb9]
./nek5000() [0x40dfcc]
./nek5000() [0x428f26]
./nek5000() [0x4274de]
./nek5000() [0x4054fe]
/lib64/libc.so.6(__libc_start_main+0xf5) [0x2aaab1ca3b25]
./nek5000() [0x405409]
  
total elapsed time             :   1.24715E+02 sec
total solver time incl. I/O    :   0.00000E+00 sec
time/timestep                  :   0.00000E+00 sec
CPU seconds/timestep/gridpt    :   0.00000E+00 sec

Application 2260086 resources: utime ~233s, stime ~12s, Rss ~123900, inblocks ~0, outblocks ~0
