/----------------------------------------------------------\\
|      _   __ ______ __ __  ______  ____   ____   ____     |
|     / | / // ____// //_/ / ____/ / __ \\/ __ \\/ __ \\   |
|    /  |/ // __/  / ,<   /___ \\ / / / // / / // / / /    |
|   / /|  // /___ / /| | ____/ / / /_/ // /_/ // /_/ /     |
|  /_/ |_//_____//_/ |_|/_____/  \\___/ \\___/ \\___/      |
|                                                          |
|----------------------------------------------------------|
|                                                          |
| NEK5000:  Open Source Spectral Element Solver            |
| COPYRIGHT (c) 2008-2016 UCHICAGO ARGONNE, LLC            |
| Version:  16.0.0                                         |
| Web:      http://nek5000.mcs.anl.gov                     |
|                                                          |
\\----------------------------------------------------------/
                                                              

 Number of processors:           4
 REAL    wdsize      :           8
 INTEGER wdsize      :           4
 Timer accuracy      : 5.01E-07
 Reading /gpfs/theta-fs1/home/thilina/env/lx19/b6.rea                                                                                        

 mapping elements to processors
 Reading /gpfs/theta-fs1/home/thilina/env/lx19/b6.map                                                                                        
           0          16          16          64          64  NELV
           3          16          16          64          64  NELV
           2          16          16          64          64  NELV
           1          16          16          64          64  NELV
 RANK     0 IEG      33      34      35      36      37      38      39      40
                     49      50      51      52      53      54      55      56
 element load imbalance:            0          16          16
 done :: mapping elements to processors
  
           0  objects found
 118   Parameters from file:
   1      1.00000     p001 DENSITY
   2     -100.000     p002 VISCOS
   7      1.00000     p007 RHOCP
   8      1.00000     p008 CONDUCT
  11      1.00        p011 NSTEPS
  12    -0.500000E-02 p012 DT
  21     0.100000E-05 p021 DIVERGENCE
  22     0.100000E-07 p022 HELMHOLTZ
  24     0.100000E-09 p024 TOLREL
  25     0.100000E-09 p025 TOLABS
  26     0.250000     p026 COURANT/NTAU
  27      2.00000     p027 TORDER
  66      6.00000     p066 output : <0=ascii, else binary
  67      6.00000     p067 restart: <0=ascii, else binary
  99      3.00000     p099 dealiasing: <0--> off/3--> old/4--> new
 103     0.500000E-01 p103 weight of stabilizing filter (.01)
  
 nelgt/nelgv/lelt:          64          64         100
 lx1  /lx2  /lx3 :          19          19          19
 done :: read .rea file   0.40982E-01 sec

 setup mesh topology
   Right-handed check complete for      64 elements. OK.
   setvert3d:  19       74585      389017       74585       74585
 call usrsetvert
 done :: usrsetvert

gs_setup: 10585 unique labels shared
   pairwise times (avg, min, max): 3.34501e-05 3.25203e-05 3.44038e-05
   crystal router                : 8.70109e-05 8.68082e-05 8.73089e-05
   all reduce                    : 0.000159681 0.000158691 0.000160718
   used all_to_all method: pairwise
   handle bytes (avg, min, max): 355260 355260 355260
   buffer bytes (avg, min, max): 87600 87600 87600
   setupds time 7.9715E-02 seconds   0 19       74585          64
           8  max multiplicity
 done :: setup mesh topology
  
 call usrdat
 done :: usrdat

 generate geometry data
 done :: generate geometry data
  
 call usrdat2
 done :: usrdat2

 regenerate geometry data           1
 NOTE: All elements deformed , param(59) ^=0
 done :: regenerate geometry data           1
  
 verify mesh topology
  0.000000000000000E+000   1.00000000000000       Xrange
  0.000000000000000E+000   1.00000000000000       Yrange
  0.000000000000000E+000   1.00000000000000       Zrange
 done :: verify mesh topology
  
 IFTRAN   = T
 IFFLOW   = T
 IFHEAT   = F
 IFSPLIT  = T
 IFLOMACH = F
 IFUSERVP = F
 IFUSERMV = F
 IFSTRS   = F
 IFCHAR   = F
 IFCYCLIC = F
 IFAXIS   = F
 IFMVBD   = F
 IFMELT   = F
 IFMODEL  = F
 IFKEPS   = F
 IFMOAB   = F
 IFNEKNEK = F
 IFSYNC   = T
   
 IFVCOR   = T
 IFINTQ   = F
 IFCWUZ   = F
 IFSWALL  = F
 IFGEOM   = F
 IFSURT   = F
 IFWCNO   = F
   
 IFTMSH for field           1    =  F
 IFADVC for field           1    =  T
 IFNONL for field           1    =  F
   
 Dealiasing enabled, lxd=          28
  
 Estimated eigenvalues
 EIGAA =    9.86960440108936     
 EIGGA =    2286162.51300259     
 EIGAE =    9.86960440108936     
 EIGAS =   8.333333333333333E-002
 EIGGE =    2286162.51300259     
 EIGGS =    2.00000000000000     
  
 verify mesh topology
  0.000000000000000E+000   1.00000000000000       Xrange
  0.000000000000000E+000   1.00000000000000       Yrange
  0.000000000000000E+000   1.00000000000000       Zrange
 done :: verify mesh topology
  
  E-solver strategy:  0 itr
 mg_nx:           1           9          18
 mg_ny:           1           9          18
 mg_nz:           1           9          18
 call usrsetvert
 done :: usrsetvert

gs_setup: 45 unique labels shared
   pairwise times (avg, min, max): 7.05719e-06 7.00951e-06 7.20024e-06
   crystal router                : 5.62668e-06 5.60284e-06 5.6982e-06
   all reduce                    : 2.67863e-05 2.67029e-05 2.69175e-05
   used all_to_all method: crystal router
   handle bytes (avg, min, max): 4524 4524 4524
   buffer bytes (avg, min, max): 960 960 960
   setupds time 2.7351E-03 seconds   1  2         125          64
   setvert3d:   4        1685        2197        1685        1685
 call usrsetvert
 done :: usrsetvert

gs_setup: 325 unique labels shared
   pairwise times (avg, min, max): 7.12276e-06 6.98566e-06 7.20024e-06
   crystal router                : 5.98431e-06 5.98431e-06 5.98431e-06
   all reduce                    : 3.77178e-05 3.7694e-05 3.77893e-05
   used all_to_all method: crystal router
   handle bytes (avg, min, max): 26444 26444 26444
   buffer bytes (avg, min, max): 6656 6656 6656
   setupds time 5.4419E-03 seconds   2  4        1685          64
   setvert3d:  10       17885       50653       17885       17885
 call usrsetvert
 done :: usrsetvert

gs_setup: 2701 unique labels shared
   pairwise times (avg, min, max): 9.75132e-06 9.70364e-06 9.799e-06
   crystal router                : 2.5332e-05 2.52008e-05 2.55108e-05
   all reduce                    : 5.83827e-05 5.8198e-05 5.85079e-05
   used all_to_all method: pairwise
   handle bytes (avg, min, max): 92316 92316 92316
   buffer bytes (avg, min, max): 23088 23088 23088
   setupds time 1.7815E-02 seconds   3 10       17885          64
   setvert3d:  12       27125       91125       27125       27125
 call usrsetvert
 done :: usrsetvert

gs_setup: 4005 unique labels shared
   pairwise times (avg, min, max): 1.87218e-05 1.85966e-05 1.88112e-05
   crystal router                : 3.59774e-05 3.59058e-05 3.60966e-05
   all reduce                    : 7.46012e-05 7.44104e-05 7.46965e-05
   used all_to_all method: pairwise
   handle bytes (avg, min, max): 135964 135964 135964
   buffer bytes (avg, min, max): 33840 33840 33840
   setupds time 2.4976E-02 seconds   4 12       27125          64
 regenerate geometry data           1
 NOTE: All elements deformed , param(59) ^=0
 done :: regenerate geometry data           1
  
 h1_mg_nx:           1           3          18
 h1_mg_ny:           1           3          18
 h1_mg_nz:           1           3          18
 call usrsetvert
 done :: usrsetvert

gs_setup: 45 unique labels shared
   pairwise times (avg, min, max): 6.36578e-06 6.29425e-06 6.38962e-06
   crystal router                : 5.52535e-06 5.48363e-06 5.60284e-06
   all reduce                    : 2.36511e-05 2.36034e-05 2.36988e-05
   used all_to_all method: crystal router
   handle bytes (avg, min, max): 4524 4524 4524
   buffer bytes (avg, min, max): 960 960 960
   setupds time 2.4202E-03 seconds   5  2         125          64
   setvert3d:   4        1685        2197        1685        1685
 call usrsetvert
 done :: usrsetvert

gs_setup: 325 unique labels shared
   pairwise times (avg, min, max): 6.91414e-06 6.79493e-06 7.08103e-06
   crystal router                : 6.12736e-06 6.10352e-06 6.19888e-06
   all reduce                    : 3.7384e-05 3.72887e-05 3.74794e-05
   used all_to_all method: crystal router
   handle bytes (avg, min, max): 26444 26444 26444
   buffer bytes (avg, min, max): 6656 6656 6656
   setupds time 5.0330E-03 seconds   6  4        1685          64
   setvert3d:   4        1685        2197        1685        1685
 call usrsetvert
 done :: usrsetvert

gs_setup: 325 unique labels shared
   pairwise times (avg, min, max): 7.30753e-06 7.20024e-06 7.39098e-06
   crystal router                : 6.02603e-06 5.88894e-06 6.10352e-06
   all reduce                    : 3.66926e-05 3.65973e-05 3.6788e-05
   used all_to_all method: crystal router
   handle bytes (avg, min, max): 26444 26444 26444
   buffer bytes (avg, min, max): 6656 6656 6656
   setupds time 4.9388E-03 seconds   7  4        1685          64
   setvert3d:   6        5165        9261        5165        5165
 call usrsetvert
 done :: usrsetvert

gs_setup: 861 unique labels shared
   pairwise times (avg, min, max): 6.34193e-06 6.29425e-06 6.38962e-06
   crystal router                : 9.25064e-06 9.10759e-06 9.29832e-06
   all reduce                    : 4.75883e-05 4.7493e-05 4.76837e-05
   used all_to_all method: pairwise
   handle bytes (avg, min, max): 30364 30364 30364
   buffer bytes (avg, min, max): 7728 7728 7728
   setupds time 7.6962E-03 seconds   8  6        5165          64
   setvert3d:  19       74585      389017       74585       74585
 call usrsetvert
 done :: usrsetvert

gs_setup: 10585 unique labels shared
   pairwise times (avg, min, max): 2.59519e-05 2.57969e-05 2.61068e-05
   crystal router                : 7.30276e-05 7.29084e-05 7.30991e-05
   all reduce                    : 0.000148326 0.0001472 0.000149298
   used all_to_all method: pairwise
   handle bytes (avg, min, max): 355260 355260 355260
   buffer bytes (avg, min, max): 87600 87600 87600
   setupds time 7.4379E-02 seconds   9 19       74585          64
   setvert3d:  21       92465      531441       92465       92465
 call usrsetvert
 done :: usrsetvert

gs_setup: 13041 unique labels shared
   pairwise times (avg, min, max): 1.8096e-05 1.78099e-05 1.82867e-05
   crystal router                : 8.39353e-05 8.35896e-05 8.47816e-05
   all reduce                    : 0.000187469 0.000186205 0.000188684
   used all_to_all method: pairwise
   handle bytes (avg, min, max): 436924 436924 436924
   buffer bytes (avg, min, max): 107568 107568 107568
   setupds time 9.8671E-02 seconds  10 21       92465          64
 setup h1 coarse grid, nx_crs=           2
 call usrsetvert
 done :: usrsetvert

gs_setup: 45 unique labels shared
   pairwise times (avg, min, max): 7.53999e-06 7.39098e-06 7.79629e-06
   crystal router                : 4.25577e-06 4.19617e-06 4.31538e-06
   all reduce                    : 2.22981e-05 2.21968e-05 2.23875e-05
   used all_to_all method: crystal router
   handle bytes (avg, min, max): 4524 4524 4524
   buffer bytes (avg, min, max): 960 960 960
 done :: setup h1 coarse grid   8.295702934265137E-002  sec
  
 call usrdat3
 done :: usrdat3

 set initial conditions
 nekuic (1) for ifld            1
 call nekuic for vel  
 xyz min     0.0000       0.0000       0.0000    
 uvwpt min   0.0000       0.0000       0.0000       0.0000       0.0000    
 PS min      0.0000       0.0000      0.99000E+22
 xyz max     1.0000       1.0000       1.0000    
 uvwpt max   0.0000       0.0000       0.0000       0.0000       0.0000    
 PS max      0.0000       0.0000     -0.99000E+22
 done :: set initial conditions
  
 call userchk
GFM max:  6.1415E-04  6.1415E-04  6.1415E-04  7.5728E-17  7.5728E-17  7.5728E-17
 
nelt =      16, np =         4, nx1 =      19, elements =        64
Solve Time =   0.2174E-07
 
nelt =      16, np =         4, nx1 =      19, elements =        64
Solve Time =   0.2169E-07
 
nelt =      16, np =         4, nx1 =      19, elements =        64
Solve Time =   0.2169E-07
 
nelt =      16, np =         4, nx1 =      19, elements =        64
Solve Time =   0.2169E-07
 
nelt =      16, np =         4, nx1 =      19, elements =        64
Solve Time =   0.2169E-07
 
nelt =      16, np =         4, nx1 =      19, elements =        64
Solve Time =   0.2170E-07
 
nelt =      16, np =         4, nx1 =      19, elements =        64
Solve Time =   0.2169E-07
 
nelt =      16, np =         4, nx1 =      19, elements =        64
Solve Time =   0.2169E-07
 
nelt =      16, np =         4, nx1 =      19, elements =        64
Solve Time =   0.2169E-07
 
nelt =      16, np =         4, nx1 =      19, elements =        64
Solve Time =   0.2169E-07
 
nelt =      16, np =         4, nx1 =      19, elements =        64
Solve Time =   0.2036E-07
 
nelt =      16, np =         4, nx1 =      19, elements =        64
Solve Time =   0.2037E-07
 
nelt =      16, np =         4, nx1 =      19, elements =        64
Solve Time =   0.2036E-07
 
nelt =      16, np =         4, nx1 =      19, elements =        64
Solve Time =   0.2036E-07
 
nelt =      16, np =         4, nx1 =      19, elements =        64
Solve Time =   0.2036E-07
 
nelt =      16, np =         4, nx1 =      19, elements =        64
Solve Time =   0.2036E-07
 
nelt =      16, np =         4, nx1 =      19, elements =        64
Solve Time =   0.2036E-07
 
nelt =      16, np =         4, nx1 =      19, elements =        64
Solve Time =   0.2036E-07
 
nelt =      16, np =         4, nx1 =      19, elements =        64
Solve Time =   0.2036E-07
 
nelt =      16, np =         4, nx1 =      19, elements =        64
Solve Time =   0.2036E-07
 
nelt =      16, np =         4, nx1 =      19, elements =        64
Solve Time =   0.2075E-07
 
nelt =      16, np =         4, nx1 =      19, elements =        64
Solve Time =   0.2075E-07
 
nelt =      16, np =         4, nx1 =      19, elements =        64
Solve Time =   0.2074E-07
 
nelt =      16, np =         4, nx1 =      19, elements =        64
Solve Time =   0.2075E-07
 
nelt =      16, np =         4, nx1 =      19, elements =        64
Solve Time =   0.2075E-07
 
nelt =      16, np =         4, nx1 =      19, elements =        64
Solve Time =   0.2074E-07
 
nelt =      16, np =         4, nx1 =      19, elements =        64
Solve Time =   0.2074E-07
 
nelt =      16, np =         4, nx1 =      19, elements =        64
Solve Time =   0.2075E-07
 
nelt =      16, np =         4, nx1 =      19, elements =        64
Solve Time =   0.2075E-07
 
nelt =      16, np =         4, nx1 =      19, elements =        64
Solve Time =   0.2075E-07
 
nelt =      16, np =         4, nx1 =      19, elements =        64
Solve Time =   0.2116E-07
 
nelt =      16, np =         4, nx1 =      19, elements =        64
Solve Time =   0.2116E-07
 
nelt =      16, np =         4, nx1 =      19, elements =        64
Solve Time =   0.2116E-07
 
nelt =      16, np =         4, nx1 =      19, elements =        64
Solve Time =   0.2116E-07
 
nelt =      16, np =         4, nx1 =      19, elements =        64
Solve Time =   0.2116E-07
 
nelt =      16, np =         4, nx1 =      19, elements =        64
Solve Time =   0.2116E-07
 
nelt =      16, np =         4, nx1 =      19, elements =        64
Solve Time =   0.2116E-07
 
nelt =      16, np =         4, nx1 =      19, elements =        64
Solve Time =   0.2116E-07
 
nelt =      16, np =         4, nx1 =      19, elements =        64
Solve Time =   0.2116E-07
 
nelt =      16, np =         4, nx1 =      19, elements =        64
Solve Time =   0.2116E-07
 
nelt =      16, np =         4, nx1 =      19, elements =        64
Solve Time =   0.2159E-07
 
nelt =      16, np =         4, nx1 =      19, elements =        64
Solve Time =   0.2159E-07
 
nelt =      16, np =         4, nx1 =      19, elements =        64
Solve Time =   0.2159E-07
 
nelt =      16, np =         4, nx1 =      19, elements =        64
Solve Time =   0.2159E-07
 
nelt =      16, np =         4, nx1 =      19, elements =        64
Solve Time =   0.2159E-07
 
nelt =      16, np =         4, nx1 =      19, elements =        64
Solve Time =   0.2159E-07
 
nelt =      16, np =         4, nx1 =      19, elements =        64
Solve Time =   0.2159E-07
 
nelt =      16, np =         4, nx1 =      19, elements =        64
Solve Time =   0.2159E-07
 
nelt =      16, np =         4, nx1 =      19, elements =        64
Solve Time =   0.2159E-07
 
nelt =      16, np =         4, nx1 =      19, elements =        64
Solve Time =   0.2159E-07
 schfile:
 /gpfs/theta-fs1/home/thilina/env/lx19/b6.sch                                   
                                                      
 19       64  1.0000E+00  1.0000E+00  1.0000E+00  error v
 19       64  1.0000E+00  1.0000E+00  1.0000E+00  error v
 19       64  1.0000E+00  1.0000E+00  1.0000E+00  error v
 19       64  1.0000E+00  1.0000E+00  1.0000E+00  error v
 
nelt =      16, np =         4, nx1 =      19, elements =        64
Solve Time =   0.2260E-07
 
nelt =      16, np =         4, nx1 =      19, elements =        64
Solve Time =   0.2260E-07
 
nelt =      16, np =         4, nx1 =      19, elements =        64
Solve Time =   0.2261E-07
 
nelt =      16, np =         4, nx1 =      19, elements =        64
Solve Time =   0.2260E-07
 
nelt =      16, np =         4, nx1 =      19, elements =        64
Solve Time =   0.2260E-07
 
nelt =      16, np =         4, nx1 =      19, elements =        64
Solve Time =   0.2260E-07
 
nelt =      16, np =         4, nx1 =      19, elements =        64
Solve Time =   0.2261E-07
 
nelt =      16, np =         4, nx1 =      19, elements =        64
Solve Time =   0.2260E-07
 
nelt =      16, np =         4, nx1 =      19, elements =        64
Solve Time =   0.2260E-07
 
nelt =      16, np =         4, nx1 =      19, elements =        64
Solve Time =   0.2260E-07
 19       64  4.1469E-05  4.1469E-05  4.1469E-05  error s
 19       64  4.1469E-05  4.1469E-05  4.1469E-05  error s
 19       64  4.1469E-05  4.1469E-05  4.1469E-05  error s
 19       64  4.1469E-05  4.1469E-05  4.1469E-05  error s
 
nelt =      16, np =         4, nx1 =      19, elements =        64
Solve Time =   0.2619E-07
 
nelt =      16, np =         4, nx1 =      19, elements =        64
Solve Time =   0.2618E-07
 
nelt =      16, np =         4, nx1 =      19, elements =        64
Solve Time =   0.2618E-07
 
nelt =      16, np =         4, nx1 =      19, elements =        64
Solve Time =   0.2617E-07
 
nelt =      16, np =         4, nx1 =      19, elements =        64
Solve Time =   0.2618E-07
 
nelt =      16, np =         4, nx1 =      19, elements =        64
Solve Time =   0.2618E-07
 
nelt =      16, np =         4, nx1 =      19, elements =        64
Solve Time =   0.2618E-07
 
nelt =      16, np =         4, nx1 =      19, elements =        64
Solve Time =   0.2617E-07
 
nelt =      16, np =         4, nx1 =      19, elements =        64
Solve Time =   0.2617E-07
 
nelt =      16, np =         4, nx1 =      19, elements =        64
Solve Time =   0.2618E-07
 19       64  4.1674E-05  4.1674E-05  4.1674E-05  error n
 19       64  4.1674E-05  4.1674E-05  4.1674E-05  error n
  18       64  100  0.0000E+00  0.0000E+00  0.0000E+00 time for 3 hmholtz
 19       64  4.1674E-05  4.1674E-05  4.1674E-05  error n
 19       64  4.1674E-05  4.1674E-05  4.1674E-05  error n
EXIT: quit after cggov         18
  
call exitt: dying ...
  
backtrace(): obtained 8 stack frames.
./nek5000() [0x784f35]
./nek5000() [0x968cb9]
./nek5000() [0x40dfcc]
./nek5000() [0x428f26]
./nek5000() [0x4274de]
./nek5000() [0x4054fe]
/lib64/libc.so.6(__libc_start_main+0xf5) [0x2aaab1ca3b25]
./nek5000() [0x405409]
  
total elapsed time             :   2.96746E+02 sec
total solver time incl. I/O    :   0.00000E+00 sec
time/timestep                  :   0.00000E+00 sec
CPU seconds/timestep/gridpt    :   0.00000E+00 sec

Application 2259981 resources: utime ~1122s, stime ~43s, Rss ~184780, inblocks ~0, outblocks ~0
