/----------------------------------------------------------\\
|      _   __ ______ __ __  ______  ____   ____   ____     |
|     / | / // ____// //_/ / ____/ / __ \\/ __ \\/ __ \\   |
|    /  |/ // __/  / ,<   /___ \\ / / / // / / // / / /    |
|   / /|  // /___ / /| | ____/ / / /_/ // /_/ // /_/ /     |
|  /_/ |_//_____//_/ |_|/_____/  \\___/ \\___/ \\___/      |
|                                                          |
|----------------------------------------------------------|
|                                                          |
| NEK5000:  Open Source Spectral Element Solver            |
| COPYRIGHT (c) 2008-2016 UCHICAGO ARGONNE, LLC            |
| Version:  16.0.0                                         |
| Web:      http://nek5000.mcs.anl.gov                     |
|                                                          |
\\----------------------------------------------------------/
                                                              

 Number of processors:           2
 REAL    wdsize      :           8
 INTEGER wdsize      :           4
 Timer accuracy      : 5.01E-07
 Reading /gpfs/theta-fs1/home/thilina/env/lx19/b3.rea                                                                                        

 mapping elements to processors
 Reading /gpfs/theta-fs1/home/thilina/env/lx19/b3.map                                                                                        
           0           4           4           8           8  NELV
           1           4           4           8           8  NELV
 RANK     0 IEG       5       6       7       8
 element load imbalance:            0           4           4
 done :: mapping elements to processors
  
           0  objects found
 118   Parameters from file:
   1      1.00000     p001 DENSITY
   2     -100.000     p002 VISCOS
   7      1.00000     p007 RHOCP
   8      1.00000     p008 CONDUCT
  11      1.00        p011 NSTEPS
  12    -0.500000E-02 p012 DT
  21     0.100000E-05 p021 DIVERGENCE
  22     0.100000E-07 p022 HELMHOLTZ
  24     0.100000E-09 p024 TOLREL
  25     0.100000E-09 p025 TOLABS
  26     0.250000     p026 COURANT/NTAU
  27      2.00000     p027 TORDER
  66      6.00000     p066 output : <0=ascii, else binary
  67      6.00000     p067 restart: <0=ascii, else binary
  99      3.00000     p099 dealiasing: <0--> off/3--> old/4--> new
 103     0.500000E-01 p103 weight of stabilizing filter (.01)
  
 nelgt/nelgv/lelt:           8           8         100
 lx1  /lx2  /lx3 :          19          19          19
 done :: read .rea file   0.31296E-01 sec

 setup mesh topology
   Right-handed check complete for       8 elements. OK.
   setvert3d:  19       11349       50653       11349       11349
 call usrsetvert
 done :: usrsetvert

gs_setup: 1369 unique labels shared
   pairwise times (avg, min, max): 1.37091e-05 1.37091e-05 1.37091e-05
   crystal router                : 1.19925e-05 1.19925e-05 1.19925e-05
   all reduce                    : 4.29392e-05 4.28915e-05 4.29869e-05
   used all_to_all method: crystal router
   handle bytes (avg, min, max): 132540 132540 132540
   buffer bytes (avg, min, max): 43808 43808 43808
   setupds time 1.5461E-02 seconds   0 19       11349           8
           8  max multiplicity
 done :: setup mesh topology
  
 call usrdat
 done :: usrdat

 generate geometry data
 done :: generate geometry data
  
 call usrdat2
 done :: usrdat2

 regenerate geometry data           1
 NOTE: All elements deformed , param(59) ^=0
 done :: regenerate geometry data           1
  
 verify mesh topology
  0.000000000000000E+000   1.00000000000000       Xrange
  0.000000000000000E+000   1.00000000000000       Yrange
  0.000000000000000E+000   1.00000000000000       Zrange
 done :: verify mesh topology
  
 IFTRAN   = T
 IFFLOW   = T
 IFHEAT   = F
 IFSPLIT  = T
 IFLOMACH = F
 IFUSERVP = F
 IFUSERMV = F
 IFSTRS   = F
 IFCHAR   = F
 IFCYCLIC = F
 IFAXIS   = F
 IFMVBD   = F
 IFMELT   = F
 IFMODEL  = F
 IFKEPS   = F
 IFMOAB   = F
 IFNEKNEK = F
 IFSYNC   = T
   
 IFVCOR   = T
 IFINTQ   = F
 IFCWUZ   = F
 IFSWALL  = F
 IFGEOM   = F
 IFSURT   = F
 IFWCNO   = F
   
 IFTMSH for field           1    =  F
 IFADVC for field           1    =  T
 IFNONL for field           1    =  F
   
 Dealiasing enabled, lxd=          28
  
 Estimated eigenvalues
 EIGAA =    9.86960440108936     
 EIGGA =    571536.454618999     
 EIGAE =    9.86960440108936     
 EIGAS =   8.333333333333333E-002
 EIGGE =    571536.454618999     
 EIGGS =    2.00000000000000     
  
 verify mesh topology
  0.000000000000000E+000   1.00000000000000       Xrange
  0.000000000000000E+000   1.00000000000000       Yrange
  0.000000000000000E+000   1.00000000000000       Zrange
 done :: verify mesh topology
  
  E-solver strategy:  0 itr
 mg_nx:           1           9          18
 mg_ny:           1           9          18
 mg_nz:           1           9          18
 call usrsetvert
 done :: usrsetvert

gs_setup: 9 unique labels shared
   pairwise times (avg, min, max): 3.00407e-06 3.00407e-06 3.00407e-06
   crystal router                : 3.34978e-06 3.29018e-06 3.40939e-06
   all reduce                    : 1.5974e-06 1.5974e-06 1.5974e-06
   used all_to_all method: allreduce
   handle bytes (avg, min, max): 852 852 852
   buffer bytes (avg, min, max): 144 144 144
   setupds time 1.6739E-03 seconds   1  2          27           8
   setvert3d:   4         279         343         279         279
 call usrsetvert
 done :: usrsetvert

gs_setup: 49 unique labels shared
   pairwise times (avg, min, max): 2.90871e-06 2.90871e-06 2.90871e-06
   crystal router                : 3.09944e-06 3.09944e-06 3.09944e-06
   all reduce                    : 1.98841e-05 1.98841e-05 1.98841e-05
   used all_to_all method: pairwise
   handle bytes (avg, min, max): 2708 2708 2708
   buffer bytes (avg, min, max): 784 784 784
   setupds time 2.4810E-03 seconds   2  4         279           8
   setvert3d:  10        2763        6859        2763        2763
 call usrsetvert
 done :: usrsetvert

gs_setup: 361 unique labels shared
   pairwise times (avg, min, max): 3.60012e-06 3.60012e-06 3.60012e-06
   crystal router                : 2.28882e-06 2.28882e-06 2.28882e-06
   all reduce                    : 3.1209e-05 3.1209e-05 3.1209e-05
   used all_to_all method: crystal router
   handle bytes (avg, min, max): 35412 35412 35412
   buffer bytes (avg, min, max): 11552 11552 11552
   setupds time 5.0480E-03 seconds   3 10        2763           8
   setvert3d:  12        4167       12167        4167        4167
 call usrsetvert
 done :: usrsetvert

gs_setup: 529 unique labels shared
   pairwise times (avg, min, max): 3.79086e-06 3.79086e-06 3.79086e-06
   crystal router                : 2.81334e-06 2.81334e-06 2.81334e-06
   all reduce                    : 3.34978e-05 3.34978e-05 3.34978e-05
   used all_to_all method: crystal router
   handle bytes (avg, min, max): 51620 51620 51620
   buffer bytes (avg, min, max): 16928 16928 16928
   setupds time 6.7239E-03 seconds   4 12        4167           8
 regenerate geometry data           1
 NOTE: All elements deformed , param(59) ^=0
 done :: regenerate geometry data           1
  
 h1_mg_nx:           1           3          18
 h1_mg_ny:           1           3          18
 h1_mg_nz:           1           3          18
 call usrsetvert
 done :: usrsetvert

gs_setup: 9 unique labels shared
   pairwise times (avg, min, max): 3.29018e-06 3.29018e-06 3.29018e-06
   crystal router                : 4.13656e-06 3.98159e-06 4.29153e-06
   all reduce                    : 1.64509e-06 1.5974e-06 1.69277e-06
   used all_to_all method: allreduce
   handle bytes (avg, min, max): 852 852 852
   buffer bytes (avg, min, max): 144 144 144
   setupds time 1.9679E-03 seconds   5  2          27           8
   setvert3d:   4         279         343         279         279
 call usrsetvert
 done :: usrsetvert

gs_setup: 49 unique labels shared
   pairwise times (avg, min, max): 3.38554e-06 3.38554e-06 3.38554e-06
   crystal router                : 2.45571e-06 2.40803e-06 2.5034e-06
   all reduce                    : 2.55823e-05 2.55823e-05 2.55823e-05
   used all_to_all method: crystal router
   handle bytes (avg, min, max): 5220 5220 5220
   buffer bytes (avg, min, max): 1568 1568 1568
   setupds time 2.7859E-03 seconds   6  4         279           8
   setvert3d:   4         279         343         279         279
 call usrsetvert
 done :: usrsetvert

gs_setup: 49 unique labels shared
   pairwise times (avg, min, max): 9.69172e-06 9.58443e-06 9.799e-06
   crystal router                : 1.81198e-06 1.81198e-06 1.81198e-06
   all reduce                    : 1.90496e-05 1.9002e-05 1.90973e-05
   used all_to_all method: crystal router
   handle bytes (avg, min, max): 5220 5220 5220
   buffer bytes (avg, min, max): 1568 1568 1568
   setupds time 2.5480E-03 seconds   7  4         279           8
   setvert3d:   6         819        1331         819         819
 call usrsetvert
 done :: usrsetvert

gs_setup: 121 unique labels shared
   pairwise times (avg, min, max): 2.19345e-06 2.19345e-06 2.19345e-06
   crystal router                : 1.90735e-06 1.90735e-06 1.90735e-06
   all reduce                    : 2.10047e-05 2.10047e-05 2.10047e-05
   used all_to_all method: crystal router
   handle bytes (avg, min, max): 12212 12212 12212
   buffer bytes (avg, min, max): 3872 3872 3872
   setupds time 2.9991E-03 seconds   8  6         819           8
   setvert3d:  19       11349       50653       11349       11349
 call usrsetvert
 done :: usrsetvert

gs_setup: 1369 unique labels shared
   pairwise times (avg, min, max): 5.53131e-06 5.48363e-06 5.57899e-06
   crystal router                : 7.20024e-06 7.20024e-06 7.20024e-06
   all reduce                    : 4.04119e-05 4.04119e-05 4.04119e-05
   used all_to_all method: pairwise
   handle bytes (avg, min, max): 66668 66668 66668
   buffer bytes (avg, min, max): 21904 21904 21904
   setupds time 1.3806E-02 seconds   9 19       11349           8
   setvert3d:  21       14049       68921       14049       14049
 call usrsetvert
 done :: usrsetvert

gs_setup: 1681 unique labels shared
   pairwise times (avg, min, max): 5.91278e-06 5.91278e-06 5.91278e-06
   crystal router                : 5.6386e-06 5.57899e-06 5.6982e-06
   all reduce                    : 4.251e-05 4.251e-05 4.251e-05
   used all_to_all method: crystal router
   handle bytes (avg, min, max): 162572 162572 162572
   buffer bytes (avg, min, max): 53792 53792 53792
   setupds time 1.6362E-02 seconds  10 21       14049           8
 setup h1 coarse grid, nx_crs=           2
 call usrsetvert
 done :: usrsetvert

gs_setup: 9 unique labels shared
   pairwise times (avg, min, max): 5.80549e-06 5.79357e-06 5.81741e-06
   crystal router                : 6.85453e-06 6.29425e-06 7.41482e-06
   all reduce                    : 1.59979e-05 1.59979e-05 1.59979e-05
   used all_to_all method: pairwise
   handle bytes (avg, min, max): 708 708 708
   buffer bytes (avg, min, max): 144 144 144
 done :: setup h1 coarse grid   2.205610275268555E-002  sec
  
 call usrdat3
 done :: usrdat3

 set initial conditions
 nekuic (1) for ifld            1
 call nekuic for vel  
 xyz min     0.0000       0.0000       0.0000    
 uvwpt min   0.0000       0.0000       0.0000       0.0000       0.0000    
 PS min      0.0000       0.0000      0.99000E+22
 xyz max     1.0000       1.0000       1.0000    
 uvwpt max   0.0000       0.0000       0.0000       0.0000       0.0000    
 PS max      0.0000       0.0000     -0.99000E+22
 done :: set initial conditions
  
 call userchk
GFM max:  1.2283E-03  1.2283E-03  1.2283E-03  6.9191E-17  6.9191E-17  6.9191E-17
 
nelt =       4, np =         2, nx1 =      19, elements =         8
Solve Time =   0.4312E-07
 
nelt =       4, np =         2, nx1 =      19, elements =         8
Solve Time =   0.4303E-07
 
nelt =       4, np =         2, nx1 =      19, elements =         8
Solve Time =   0.4304E-07
 
nelt =       4, np =         2, nx1 =      19, elements =         8
Solve Time =   0.4303E-07
 
nelt =       4, np =         2, nx1 =      19, elements =         8
Solve Time =   0.4301E-07
 
nelt =       4, np =         2, nx1 =      19, elements =         8
Solve Time =   0.4306E-07
 
nelt =       4, np =         2, nx1 =      19, elements =         8
Solve Time =   0.4301E-07
 
nelt =       4, np =         2, nx1 =      19, elements =         8
Solve Time =   0.4306E-07
 
nelt =       4, np =         2, nx1 =      19, elements =         8
Solve Time =   0.4302E-07
 
nelt =       4, np =         2, nx1 =      19, elements =         8
Solve Time =   0.4304E-07
 
nelt =       4, np =         2, nx1 =      19, elements =         8
Solve Time =   0.4082E-07
 
nelt =       4, np =         2, nx1 =      19, elements =         8
Solve Time =   0.4149E-07
 
nelt =       4, np =         2, nx1 =      19, elements =         8
Solve Time =   0.4081E-07
 
nelt =       4, np =         2, nx1 =      19, elements =         8
Solve Time =   0.4082E-07
 
nelt =       4, np =         2, nx1 =      19, elements =         8
Solve Time =   0.4080E-07
 
nelt =       4, np =         2, nx1 =      19, elements =         8
Solve Time =   0.4080E-07
 
nelt =       4, np =         2, nx1 =      19, elements =         8
Solve Time =   0.4081E-07
 
nelt =       4, np =         2, nx1 =      19, elements =         8
Solve Time =   0.4079E-07
 
nelt =       4, np =         2, nx1 =      19, elements =         8
Solve Time =   0.4081E-07
 
nelt =       4, np =         2, nx1 =      19, elements =         8
Solve Time =   0.4081E-07
 
nelt =       4, np =         2, nx1 =      19, elements =         8
Solve Time =   0.4165E-07
 
nelt =       4, np =         2, nx1 =      19, elements =         8
Solve Time =   0.4178E-07
 
nelt =       4, np =         2, nx1 =      19, elements =         8
Solve Time =   0.4194E-07
 
nelt =       4, np =         2, nx1 =      19, elements =         8
Solve Time =   0.4200E-07
 
nelt =       4, np =         2, nx1 =      19, elements =         8
Solve Time =   0.4207E-07
 
nelt =       4, np =         2, nx1 =      19, elements =         8
Solve Time =   0.4195E-07
 
nelt =       4, np =         2, nx1 =      19, elements =         8
Solve Time =   0.4202E-07
 
nelt =       4, np =         2, nx1 =      19, elements =         8
Solve Time =   0.4191E-07
 
nelt =       4, np =         2, nx1 =      19, elements =         8
Solve Time =   0.4188E-07
 
nelt =       4, np =         2, nx1 =      19, elements =         8
Solve Time =   0.4197E-07
 
nelt =       4, np =         2, nx1 =      19, elements =         8
Solve Time =   0.4266E-07
 
nelt =       4, np =         2, nx1 =      19, elements =         8
Solve Time =   0.4251E-07
 
nelt =       4, np =         2, nx1 =      19, elements =         8
Solve Time =   0.4249E-07
 
nelt =       4, np =         2, nx1 =      19, elements =         8
Solve Time =   0.4259E-07
 
nelt =       4, np =         2, nx1 =      19, elements =         8
Solve Time =   0.4269E-07
 
nelt =       4, np =         2, nx1 =      19, elements =         8
Solve Time =   0.4257E-07
 
nelt =       4, np =         2, nx1 =      19, elements =         8
Solve Time =   0.4247E-07
 
nelt =       4, np =         2, nx1 =      19, elements =         8
Solve Time =   0.4456E-07
 
nelt =       4, np =         2, nx1 =      19, elements =         8
Solve Time =   0.4250E-07
 
nelt =       4, np =         2, nx1 =      19, elements =         8
Solve Time =   0.4263E-07
 
nelt =       4, np =         2, nx1 =      19, elements =         8
Solve Time =   0.4336E-07
 
nelt =       4, np =         2, nx1 =      19, elements =         8
Solve Time =   0.4322E-07
 
nelt =       4, np =         2, nx1 =      19, elements =         8
Solve Time =   0.4337E-07
 
nelt =       4, np =         2, nx1 =      19, elements =         8
Solve Time =   0.4329E-07
 
nelt =       4, np =         2, nx1 =      19, elements =         8
Solve Time =   0.4337E-07
 
nelt =       4, np =         2, nx1 =      19, elements =         8
Solve Time =   0.4326E-07
 
nelt =       4, np =         2, nx1 =      19, elements =         8
Solve Time =   0.4323E-07
 
nelt =       4, np =         2, nx1 =      19, elements =         8
Solve Time =   0.4329E-07
 
nelt =       4, np =         2, nx1 =      19, elements =         8
Solve Time =   0.4340E-07
 
nelt =       4, np =         2, nx1 =      19, elements =         8
Solve Time =   0.4319E-07
 schfile:
 /gpfs/theta-fs1/home/thilina/env/lx19/b3.sch                                   
                                                      
 19        8  1.0000E+00  1.0000E+00  1.0000E+00  error v
 19        8  1.0000E+00  1.0000E+00  1.0000E+00  error v
 
nelt =       4, np =         2, nx1 =      19, elements =         8
Solve Time =   0.4521E-07
 
nelt =       4, np =         2, nx1 =      19, elements =         8
Solve Time =   0.4517E-07
 
nelt =       4, np =         2, nx1 =      19, elements =         8
Solve Time =   0.4518E-07
 
nelt =       4, np =         2, nx1 =      19, elements =         8
Solve Time =   0.4517E-07
 
nelt =       4, np =         2, nx1 =      19, elements =         8
Solve Time =   0.4513E-07
 
nelt =       4, np =         2, nx1 =      19, elements =         8
Solve Time =   0.4518E-07
 
nelt =       4, np =         2, nx1 =      19, elements =         8
Solve Time =   0.4513E-07
 
nelt =       4, np =         2, nx1 =      19, elements =         8
Solve Time =   0.4517E-07
 
nelt =       4, np =         2, nx1 =      19, elements =         8
Solve Time =   0.4517E-07
 
nelt =       4, np =         2, nx1 =      19, elements =         8
Solve Time =   0.4519E-07
 19        8  2.4525E-05  2.4525E-05  2.4525E-05  error s
 19        8  2.4525E-05  2.4525E-05  2.4525E-05  error s
 
nelt =       4, np =         2, nx1 =      19, elements =         8
Solve Time =   0.5169E-07
 
nelt =       4, np =         2, nx1 =      19, elements =         8
Solve Time =   0.5167E-07
 
nelt =       4, np =         2, nx1 =      19, elements =         8
Solve Time =   0.5167E-07
 
nelt =       4, np =         2, nx1 =      19, elements =         8
Solve Time =   0.5168E-07
 
nelt =       4, np =         2, nx1 =      19, elements =         8
Solve Time =   0.5170E-07
 
nelt =       4, np =         2, nx1 =      19, elements =         8
Solve Time =   0.5168E-07
 
nelt =       4, np =         2, nx1 =      19, elements =         8
Solve Time =   0.5167E-07
 
nelt =       4, np =         2, nx1 =      19, elements =         8
Solve Time =   0.5223E-07
 
nelt =       4, np =         2, nx1 =      19, elements =         8
Solve Time =   0.5168E-07
 
nelt =       4, np =         2, nx1 =      19, elements =         8
Solve Time =   0.5168E-07
 19        8  2.4515E-05  2.4515E-05  2.4515E-05  error n
 19        8  2.4515E-05  2.4515E-05  2.4515E-05  error n
  18        8  100  0.0000E+00  0.0000E+00  0.0000E+00 time for 3 hmholtz
EXIT: quit after cggov         18
  
call exitt: dying ...
  
backtrace(): obtained 8 stack frames.
./nek5000() [0x784f35]
./nek5000() [0x968cb9]
./nek5000() [0x40dfcc]
./nek5000() [0x428f26]
./nek5000() [0x4274de]
./nek5000() [0x4054fe]
/lib64/libc.so.6(__libc_start_main+0xf5) [0x2aaab1ca3b25]
./nek5000() [0x405409]
  
total elapsed time             :   5.05944E+01 sec
total solver time incl. I/O    :   0.00000E+00 sec
time/timestep                  :   0.00000E+00 sec
CPU seconds/timestep/gridpt    :   0.00000E+00 sec

Application 2260106 resources: utime ~91s, stime ~6s, Rss ~95892, inblocks ~0, outblocks ~0
