/----------------------------------------------------------\\
|      _   __ ______ __ __  ______  ____   ____   ____     |
|     / | / // ____// //_/ / ____/ / __ \\/ __ \\/ __ \\   |
|    /  |/ // __/  / ,<   /___ \\ / / / // / / // / / /    |
|   / /|  // /___ / /| | ____/ / / /_/ // /_/ // /_/ /     |
|  /_/ |_//_____//_/ |_|/_____/  \\___/ \\___/ \\___/      |
|                                                          |
|----------------------------------------------------------|
|                                                          |
| NEK5000:  Open Source Spectral Element Solver            |
| COPYRIGHT (c) 2008-2016 UCHICAGO ARGONNE, LLC            |
| Version:  16.0.0                                         |
| Web:      http://nek5000.mcs.anl.gov                     |
|                                                          |
\\----------------------------------------------------------/
                                                              

 Number of processors:           8
 REAL    wdsize      :           8
 INTEGER wdsize      :           4
 Timer accuracy      : 5.01E-07
 Reading /gpfs/theta-fs1/home/thilina/env/lx19/b7.rea                                                                                        

 mapping elements to processors
 Reading /gpfs/theta-fs1/home/thilina/env/lx19/b7.map                                                                                        
           0          16          16         128         128  NELV
           6          16          16         128         128  NELV
           7          16          16         128         128  NELV
           5          16          16         128         128  NELV
           2          16          16         128         128  NELV
           3          16          16         128         128  NELV
           1          16          16         128         128  NELV
           4          16          16         128         128  NELV
 RANK     0 IEG      97      98      99     100     101     102     103     104
                    113     114     115     116     117     118     119     120
 element load imbalance:            0          16          16
 done :: mapping elements to processors
  
           0  objects found
 118   Parameters from file:
   1      1.00000     p001 DENSITY
   2     -100.000     p002 VISCOS
   7      1.00000     p007 RHOCP
   8      1.00000     p008 CONDUCT
  11      1.00        p011 NSTEPS
  12    -0.500000E-02 p012 DT
  21     0.100000E-05 p021 DIVERGENCE
  22     0.100000E-07 p022 HELMHOLTZ
  24     0.100000E-09 p024 TOLREL
  25     0.100000E-09 p025 TOLABS
  26     0.250000     p026 COURANT/NTAU
  27      2.00000     p027 TORDER
  66      6.00000     p066 output : <0=ascii, else binary
  67      6.00000     p067 restart: <0=ascii, else binary
  99      3.00000     p099 dealiasing: <0--> off/3--> old/4--> new
 103     0.500000E-01 p103 weight of stabilizing filter (.01)
  
 nelgt/nelgv/lelt:         128         128         100
 lx1  /lx2  /lx3 :          19          19          19
 done :: read .rea file   0.47012E-01 sec

 setup mesh topology
   Right-handed check complete for     128 elements. OK.
   setvert3d:  19      143841      772705      143841      143841
 call usrsetvert
 done :: usrsetvert

gs_setup: 26353 unique labels shared
   pairwise times (avg, min, max): 4.89503e-05 4.73976e-05 5.09024e-05
   crystal router                : 0.000261763 0.000257897 0.000265408
   all reduce                    : 0.000559077 0.000557208 0.000563407
   used all_to_all method: pairwise
   handle bytes (avg, min, max): 387404 355260 419548
   buffer bytes (avg, min, max): 109792 87600 131984
   setupds time 1.3919E-01 seconds   0 19      143841         128
           8  max multiplicity
 done :: setup mesh topology
  
 call usrdat
 done :: usrdat

 generate geometry data
 done :: generate geometry data
  
 call usrdat2
 done :: usrdat2

 regenerate geometry data           1
 NOTE: All elements deformed , param(59) ^=0
 done :: regenerate geometry data           1
  
 verify mesh topology
  0.000000000000000E+000   1.00000000000000       Xrange
  0.000000000000000E+000   1.00000000000000       Yrange
  0.000000000000000E+000   1.00000000000000       Zrange
 done :: verify mesh topology
  
 IFTRAN   = T
 IFFLOW   = T
 IFHEAT   = F
 IFSPLIT  = T
 IFLOMACH = F
 IFUSERVP = F
 IFUSERMV = F
 IFSTRS   = F
 IFCHAR   = F
 IFCYCLIC = F
 IFAXIS   = F
 IFMVBD   = F
 IFMELT   = F
 IFMODEL  = F
 IFKEPS   = F
 IFMOAB   = F
 IFNEKNEK = F
 IFSYNC   = T
   
 IFVCOR   = T
 IFINTQ   = F
 IFCWUZ   = F
 IFSWALL  = F
 IFGEOM   = F
 IFSURT   = F
 IFWCNO   = F
   
 IFTMSH for field           1    =  F
 IFADVC for field           1    =  T
 IFNONL for field           1    =  F
   
 Dealiasing enabled, lxd=          28
  
 Estimated eigenvalues
 EIGAA =    9.86960440108936     
 EIGGA =    3051845.03397772     
 EIGAE =    9.86960440108936     
 EIGAS =   8.333333333333333E-002
 EIGGE =    3051845.03397772     
 EIGGS =    2.00000000000000     
  
 verify mesh topology
  0.000000000000000E+000   1.00000000000000       Xrange
  0.000000000000000E+000   1.00000000000000       Yrange
  0.000000000000000E+000   1.00000000000000       Zrange
 done :: verify mesh topology
  
  E-solver strategy:  0 itr
 mg_nx:           1           9          18
 mg_ny:           1           9          18
 mg_nz:           1           9          18
 call usrsetvert
 done :: usrsetvert

gs_setup: 105 unique labels shared
   pairwise times (avg, min, max): 1.02967e-05 1.00851e-05 1.06096e-05
   crystal router                : 6.77109e-06 6.60419e-06 6.8903e-06
   all reduce                    : 3.06189e-05 3.04937e-05 3.08037e-05
   used all_to_all method: crystal router
   handle bytes (avg, min, max): 6152 5252 7052
   buffer bytes (avg, min, max): 1200 960 1440
   setupds time 3.1569E-03 seconds   1  2         225         128
   setvert3d:   4        3201        4225        3201        3201
 call usrsetvert
 done :: usrsetvert

gs_setup: 793 unique labels shared
   pairwise times (avg, min, max): 1.85549e-05 1.79052e-05 1.93119e-05
   crystal router                : 1.78456e-05 1.77145e-05 1.8096e-05
   all reduce                    : 5.69344e-05 5.66959e-05 5.71966e-05
   used all_to_all method: crystal router
   handle bytes (avg, min, max): 37336 30628 44044
   buffer bytes (avg, min, max): 8528 6656 10400
   setupds time 7.1490E-03 seconds   2  4        3201         128
   setvert3d:  10       34401       99937       34401       34401
 call usrsetvert
 done :: usrsetvert

gs_setup: 6697 unique labels shared
   pairwise times (avg, min, max): 2.09004e-05 2.0504e-05 2.13146e-05
   crystal router                : 5.45621e-05 5.40018e-05 5.50985e-05
   all reduce                    : 0.000144446 0.000143909 0.00014472
   used all_to_all method: pairwise
   handle bytes (avg, min, max): 100628 92316 108940
   buffer bytes (avg, min, max): 29008 23088 34928
   setupds time 2.7947E-02 seconds   3 10       34401         128
   setvert3d:  12       52225      180225       52225       52225
 call usrsetvert
 done :: usrsetvert

gs_setup: 9945 unique labels shared
   pairwise times (avg, min, max): 3.64274e-05 3.48091e-05 3.79086e-05
   crystal router                : 9.07451e-05 8.9407e-05 9.19819e-05
   all reduce                    : 0.000216576 0.000215602 0.00021801
   used all_to_all method: pairwise
   handle bytes (avg, min, max): 148228 135964 160492
   buffer bytes (avg, min, max): 42480 33840 51120
   setupds time 3.9437E-02 seconds   4 12       52225         128
 regenerate geometry data           1
 NOTE: All elements deformed , param(59) ^=0
 done :: regenerate geometry data           1
  
 h1_mg_nx:           1           3          18
 h1_mg_ny:           1           3          18
 h1_mg_nz:           1           3          18
 call usrsetvert
 done :: usrsetvert

gs_setup: 105 unique labels shared
   pairwise times (avg, min, max): 9.76622e-06 9.5129e-06 1.02043e-05
   crystal router                : 6.66082e-06 6.48499e-06 6.81877e-06
   all reduce                    : 2.63214e-05 2.62022e-05 2.64883e-05
   used all_to_all method: crystal router
   handle bytes (avg, min, max): 6152 5252 7052
   buffer bytes (avg, min, max): 1200 960 1440
   setupds time 2.7320E-03 seconds   5  2         225         128
   setvert3d:   4        3201        4225        3201        3201
 call usrsetvert
 done :: usrsetvert

gs_setup: 793 unique labels shared
   pairwise times (avg, min, max): 1.74165e-05 1.69039e-05 1.80006e-05
   crystal router                : 1.14113e-05 1.12772e-05 1.15156e-05
   all reduce                    : 5.74917e-05 5.7292e-05 5.77927e-05
   used all_to_all method: crystal router
   handle bytes (avg, min, max): 37336 30628 44044
   buffer bytes (avg, min, max): 8528 6656 10400
   setupds time 6.5210E-03 seconds   6  4        3201         128
   setvert3d:   4        3201        4225        3201        3201
 call usrsetvert
 done :: usrsetvert

gs_setup: 793 unique labels shared
   pairwise times (avg, min, max): 2.25157e-05 2.21014e-05 2.31028e-05
   crystal router                : 1.12474e-05 1.09911e-05 1.14918e-05
   all reduce                    : 5.03302e-05 5.00202e-05 5.04971e-05
   used all_to_all method: crystal router
   handle bytes (avg, min, max): 37336 30628 44044
   buffer bytes (avg, min, max): 8528 6656 10400
   setupds time 6.1629E-03 seconds   7  4        3201         128
   setvert3d:   6        9889       18081        9889        9889
 call usrsetvert
 done :: usrsetvert

gs_setup: 2121 unique labels shared
   pairwise times (avg, min, max): 1.8841e-05 1.75953e-05 1.9598e-05
   crystal router                : 2.03729e-05 2.00987e-05 2.06947e-05
   all reduce                    : 6.44028e-05 6.41108e-05 6.47068e-05
   used all_to_all method: pairwise
   handle bytes (avg, min, max): 33076 30364 35788
   buffer bytes (avg, min, max): 9744 7728 11760
   setupds time 1.0909E-02 seconds   8  6        9889         128
   setvert3d:  19      143841      772705      143841      143841
 call usrsetvert
 done :: usrsetvert

gs_setup: 26353 unique labels shared
   pairwise times (avg, min, max): 3.14415e-05 3.04937e-05 3.24011e-05
   crystal router                : 0.000234032 0.00023129 0.000236392
   all reduce                    : 0.000537115 0.000535107 0.000541306
   used all_to_all method: pairwise
   handle bytes (avg, min, max): 387404 355260 419548
   buffer bytes (avg, min, max): 109792 87600 131984
   setupds time 1.3720E-01 seconds   9 19      143841         128
   setvert3d:  21      178369     1056321      178369      178369
 call usrsetvert
 done :: usrsetvert

gs_setup: 32481 unique labels shared
   pairwise times (avg, min, max): 3.39717e-05 3.28779e-05 3.49998e-05
   crystal router                : 0.000280121 0.000275612 0.000285316
   all reduce                    : 0.000641909 0.000639892 0.0006464
   used all_to_all method: pairwise
   handle bytes (avg, min, max): 476476 436924 516028
   buffer bytes (avg, min, max): 134784 107568 162000
   setupds time 1.8510E-01 seconds  10 21      178369         128
 setup h1 coarse grid, nx_crs=           2
 call usrsetvert
 done :: usrsetvert

gs_setup: 105 unique labels shared
   pairwise times (avg, min, max): 8.66055e-06 8.10623e-06 9.08375e-06
   crystal router                : 6.98268e-06 6.79493e-06 7.10487e-06
   all reduce                    : 2.5931e-05 2.57015e-05 2.60115e-05
   used all_to_all method: crystal router
   handle bytes (avg, min, max): 6152 5252 7052
   buffer bytes (avg, min, max): 1200 960 1440
 done :: setup h1 coarse grid   8.484601974487305E-002  sec
  
 call usrdat3
 done :: usrdat3

 set initial conditions
 nekuic (1) for ifld            1
 call nekuic for vel  
 xyz min     0.0000       0.0000       0.0000    
 uvwpt min   0.0000       0.0000       0.0000       0.0000       0.0000    
 PS min      0.0000       0.0000      0.99000E+22
 xyz max     1.0000       1.0000       1.0000    
 uvwpt max   0.0000       0.0000       0.0000       0.0000       0.0000    
 PS max      0.0000       0.0000     -0.99000E+22
 done :: set initial conditions
  
 call userchk
GFM max:  3.0707E-04  3.0707E-04  1.2283E-03  3.7864E-17  1.4925E-16  1.4925E-16
 
nelt =      16, np =         8, nx1 =      19, elements =       128
Solve Time =   0.1103E-07
 
nelt =      16, np =         8, nx1 =      19, elements =       128
Solve Time =   0.1100E-07
 
nelt =      16, np =         8, nx1 =      19, elements =       128
Solve Time =   0.1100E-07
 
nelt =      16, np =         8, nx1 =      19, elements =       128
Solve Time =   0.1100E-07
 
nelt =      16, np =         8, nx1 =      19, elements =       128
Solve Time =   0.1100E-07
 
nelt =      16, np =         8, nx1 =      19, elements =       128
Solve Time =   0.1100E-07
 
nelt =      16, np =         8, nx1 =      19, elements =       128
Solve Time =   0.1100E-07
 
nelt =      16, np =         8, nx1 =      19, elements =       128
Solve Time =   0.1100E-07
 
nelt =      16, np =         8, nx1 =      19, elements =       128
Solve Time =   0.1100E-07
 
nelt =      16, np =         8, nx1 =      19, elements =       128
Solve Time =   0.1100E-07
 
nelt =      16, np =         8, nx1 =      19, elements =       128
Solve Time =   0.1022E-07
 
nelt =      16, np =         8, nx1 =      19, elements =       128
Solve Time =   0.1021E-07
 
nelt =      16, np =         8, nx1 =      19, elements =       128
Solve Time =   0.1021E-07
 
nelt =      16, np =         8, nx1 =      19, elements =       128
Solve Time =   0.1021E-07
 
nelt =      16, np =         8, nx1 =      19, elements =       128
Solve Time =   0.1021E-07
 
nelt =      16, np =         8, nx1 =      19, elements =       128
Solve Time =   0.1022E-07
 
nelt =      16, np =         8, nx1 =      19, elements =       128
Solve Time =   0.1021E-07
 
nelt =      16, np =         8, nx1 =      19, elements =       128
Solve Time =   0.1021E-07
 
nelt =      16, np =         8, nx1 =      19, elements =       128
Solve Time =   0.1022E-07
 
nelt =      16, np =         8, nx1 =      19, elements =       128
Solve Time =   0.1021E-07
 
nelt =      16, np =         8, nx1 =      19, elements =       128
Solve Time =   0.1044E-07
 
nelt =      16, np =         8, nx1 =      19, elements =       128
Solve Time =   0.1044E-07
 
nelt =      16, np =         8, nx1 =      19, elements =       128
Solve Time =   0.1044E-07
 
nelt =      16, np =         8, nx1 =      19, elements =       128
Solve Time =   0.1043E-07
 
nelt =      16, np =         8, nx1 =      19, elements =       128
Solve Time =   0.1044E-07
 
nelt =      16, np =         8, nx1 =      19, elements =       128
Solve Time =   0.1043E-07
 
nelt =      16, np =         8, nx1 =      19, elements =       128
Solve Time =   0.1044E-07
 
nelt =      16, np =         8, nx1 =      19, elements =       128
Solve Time =   0.1044E-07
 
nelt =      16, np =         8, nx1 =      19, elements =       128
Solve Time =   0.1043E-07
 
nelt =      16, np =         8, nx1 =      19, elements =       128
Solve Time =   0.1044E-07
 
nelt =      16, np =         8, nx1 =      19, elements =       128
Solve Time =   0.1067E-07
 
nelt =      16, np =         8, nx1 =      19, elements =       128
Solve Time =   0.1067E-07
 
nelt =      16, np =         8, nx1 =      19, elements =       128
Solve Time =   0.1066E-07
 
nelt =      16, np =         8, nx1 =      19, elements =       128
Solve Time =   0.1067E-07
 
nelt =      16, np =         8, nx1 =      19, elements =       128
Solve Time =   0.1066E-07
 
nelt =      16, np =         8, nx1 =      19, elements =       128
Solve Time =   0.1067E-07
 
nelt =      16, np =         8, nx1 =      19, elements =       128
Solve Time =   0.1066E-07
 
nelt =      16, np =         8, nx1 =      19, elements =       128
Solve Time =   0.1067E-07
 
nelt =      16, np =         8, nx1 =      19, elements =       128
Solve Time =   0.1066E-07
 
nelt =      16, np =         8, nx1 =      19, elements =       128
Solve Time =   0.1067E-07
 
nelt =      16, np =         8, nx1 =      19, elements =       128
Solve Time =   0.1091E-07
 
nelt =      16, np =         8, nx1 =      19, elements =       128
Solve Time =   0.1091E-07
 
nelt =      16, np =         8, nx1 =      19, elements =       128
Solve Time =   0.1090E-07
 
nelt =      16, np =         8, nx1 =      19, elements =       128
Solve Time =   0.1091E-07
 
nelt =      16, np =         8, nx1 =      19, elements =       128
Solve Time =   0.1091E-07
 
nelt =      16, np =         8, nx1 =      19, elements =       128
Solve Time =   0.1091E-07
 
nelt =      16, np =         8, nx1 =      19, elements =       128
Solve Time =   0.1091E-07
 
nelt =      16, np =         8, nx1 =      19, elements =       128
Solve Time =   0.1090E-07
 
nelt =      16, np =         8, nx1 =      19, elements =       128
Solve Time =   0.1091E-07
 
nelt =      16, np =         8, nx1 =      19, elements =       128
Solve Time =   0.1090E-07
 schfile:
 /gpfs/theta-fs1/home/thilina/env/lx19/b7.sch                                   
                                                      
 19      128  1.0000E+00  1.0000E+00  1.0000E+00  error v
 19      128  1.0000E+00  1.0000E+00  1.0000E+00  error v
 19      128  1.0000E+00  1.0000E+00  1.0000E+00  error v
 19      128  1.0000E+00  1.0000E+00  1.0000E+00  error v
 19      128  1.0000E+00  1.0000E+00  1.0000E+00  error v
 19      128  1.0000E+00  1.0000E+00  1.0000E+00  error v
 19      128  1.0000E+00  1.0000E+00  1.0000E+00  error v
 19      128  1.0000E+00  1.0000E+00  1.0000E+00  error v
 
nelt =      16, np =         8, nx1 =      19, elements =       128
Solve Time =   0.1145E-07
 
nelt =      16, np =         8, nx1 =      19, elements =       128
Solve Time =   0.1145E-07
 
nelt =      16, np =         8, nx1 =      19, elements =       128
Solve Time =   0.1144E-07
 
nelt =      16, np =         8, nx1 =      19, elements =       128
Solve Time =   0.1145E-07
 
nelt =      16, np =         8, nx1 =      19, elements =       128
Solve Time =   0.1145E-07
 
nelt =      16, np =         8, nx1 =      19, elements =       128
Solve Time =   0.1144E-07
 
nelt =      16, np =         8, nx1 =      19, elements =       128
Solve Time =   0.1144E-07
 
nelt =      16, np =         8, nx1 =      19, elements =       128
Solve Time =   0.1144E-07
 
nelt =      16, np =         8, nx1 =      19, elements =       128
Solve Time =   0.1145E-07
 
nelt =      16, np =         8, nx1 =      19, elements =       128
Solve Time =   0.1144E-07
 19      128  8.0752E-04  8.0752E-04  8.0752E-04  error s
 19      128  8.0752E-04  8.0752E-04  8.0752E-04  error s
 19      128  8.0752E-04  8.0752E-04  8.0752E-04  error s
 19      128  8.0752E-04  8.0752E-04  8.0752E-04  error s
 19      128  8.0752E-04  8.0752E-04  8.0752E-04  error s
 19      128  8.0752E-04  8.0752E-04  8.0752E-04  error s
 19      128  8.0752E-04  8.0752E-04  8.0752E-04  error s
 19      128  8.0752E-04  8.0752E-04  8.0752E-04  error s
 
nelt =      16, np =         8, nx1 =      19, elements =       128
Solve Time =   0.1316E-07
 
nelt =      16, np =         8, nx1 =      19, elements =       128
Solve Time =   0.1316E-07
 
nelt =      16, np =         8, nx1 =      19, elements =       128
Solve Time =   0.1316E-07
 
nelt =      16, np =         8, nx1 =      19, elements =       128
Solve Time =   0.1316E-07
 
nelt =      16, np =         8, nx1 =      19, elements =       128
Solve Time =   0.1316E-07
 
nelt =      16, np =         8, nx1 =      19, elements =       128
Solve Time =   0.1316E-07
 
nelt =      16, np =         8, nx1 =      19, elements =       128
Solve Time =   0.1316E-07
 
nelt =      16, np =         8, nx1 =      19, elements =       128
Solve Time =   0.1316E-07
 
nelt =      16, np =         8, nx1 =      19, elements =       128
Solve Time =   0.1316E-07
 
nelt =      16, np =         8, nx1 =      19, elements =       128
Solve Time =   0.1316E-07
 19      128  8.0732E-04  8.0732E-04  8.0732E-04  error n
 19      128  8.0732E-04  8.0732E-04  8.0732E-04  error n
 19      128  8.0732E-04  8.0732E-04  8.0732E-04  error n
 19      128  8.0732E-04  8.0732E-04  8.0732E-04  error n
 19      128  8.0732E-04  8.0732E-04  8.0732E-04  error n
 19      128  8.0732E-04  8.0732E-04  8.0732E-04  error n
 19      128  8.0732E-04  8.0732E-04  8.0732E-04  error n
 19      128  8.0732E-04  8.0732E-04  8.0732E-04  error n
  18      128  100  0.0000E+00  0.0000E+00  0.0000E+00 time for 3 hmholtz
EXIT: quit after cggov         18
  
call exitt: dying ...
  
backtrace(): obtained 8 stack frames.
./nek5000() [0x784f35]
./nek5000() [0x968cb9]
./nek5000() [0x40dfcc]
./nek5000() [0x428f26]
./nek5000() [0x4274de]
./nek5000() [0x4054fe]
/lib64/libc.so.6(__libc_start_main+0xf5) [0x2aaab1ca3b25]
./nek5000() [0x405409]
  
total elapsed time             :   3.91504E+02 sec
total solver time incl. I/O    :   0.00000E+00 sec
time/timestep                  :   0.00000E+00 sec
CPU seconds/timestep/gridpt    :   0.00000E+00 sec

Application 2260033 resources: utime ~2997s, stime ~90s, Rss ~185436, inblocks ~0, outblocks ~0
