/----------------------------------------------------------\\
|      _   __ ______ __ __  ______  ____   ____   ____     |
|     / | / // ____// //_/ / ____/ / __ \\/ __ \\/ __ \\   |
|    /  |/ // __/  / ,<   /___ \\ / / / // / / // / / /    |
|   / /|  // /___ / /| | ____/ / / /_/ // /_/ // /_/ /     |
|  /_/ |_//_____//_/ |_|/_____/  \\___/ \\___/ \\___/      |
|                                                          |
|----------------------------------------------------------|
|                                                          |
| NEK5000:  Open Source Spectral Element Solver            |
| COPYRIGHT (c) 2008-2016 UCHICAGO ARGONNE, LLC            |
| Version:  16.0.0                                         |
| Web:      http://nek5000.mcs.anl.gov                     |
|                                                          |
\\----------------------------------------------------------/
                                                              

 Number of processors:          64
 REAL    wdsize      :           8
 INTEGER wdsize      :           4
 Timer accuracy      : 3.10E-07
 Reading /gpfs/theta-fs1/home/thilina/env/lx19/b10.rea                                                                                       

 mapping elements to processors
 Reading /gpfs/theta-fs1/home/thilina/env/lx19/b10.map                                                                                       
           0          16          16        1024        1024  NELV
          17          16          16        1024        1024  NELV
          16          16          16        1024        1024  NELV
          24          16          16        1024        1024  NELV
          10          16          16        1024        1024  NELV
          11          16          16        1024        1024  NELV
           1          16          16        1024        1024  NELV
          13          16          16        1024        1024  NELV
          29          16          16        1024        1024  NELV
           5          16          16        1024        1024  NELV
          22          16          16        1024        1024  NELV
           7          16          16        1024        1024  NELV
          19          16          16        1024        1024  NELV
           6          16          16        1024        1024  NELV
          23          16          16        1024        1024  NELV
          25          16          16        1024        1024  NELV
           4          16          16        1024        1024  NELV
          21          16          16        1024        1024  NELV
          15          16          16        1024        1024  NELV
          12          16          16        1024        1024  NELV
          31          16          16        1024        1024  NELV
          28          16          16        1024        1024  NELV
           8          16          16        1024        1024  NELV
          55          16          16        1024        1024  NELV
          54          16          16        1024        1024  NELV
          48          16          16        1024        1024  NELV
          49          16          16        1024        1024  NELV
          40          16          16        1024        1024  NELV
          39          16          16        1024        1024  NELV
          62          16          16        1024        1024  NELV
          63          16          16        1024        1024  NELV
          20          16          16        1024        1024  NELV
          30          16          16        1024        1024  NELV
           2          16          16        1024        1024  NELV
           3          16          16        1024        1024  NELV
          18          16          16        1024        1024  NELV
          14          16          16        1024        1024  NELV
           9          16          16        1024        1024  NELV
          27          16          16        1024        1024  NELV
          26          16          16        1024        1024  NELV
 RANK     0 IEG     897     898     899     900     905     906     907     908
                    961     962     963     964     969     970     971     972
 element load imbalance:            0          16          16
 done :: mapping elements to processors
  
          52          16          16        1024        1024  NELV
          42          16          16        1024        1024  NELV
          36          16          16        1024        1024  NELV
          58          16          16        1024        1024  NELV
          50          16          16        1024        1024  NELV
          38          16          16        1024        1024  NELV
          41          16          16        1024        1024  NELV
          43          16          16        1024        1024  NELV
          35          16          16        1024        1024  NELV
          34          16          16        1024        1024  NELV
          47          16          16        1024        1024  NELV
          33          16          16        1024        1024  NELV
          37          16          16        1024        1024  NELV
          57          16          16        1024        1024  NELV
          56          16          16        1024        1024  NELV
          45          16          16        1024        1024  NELV
          61          16          16        1024        1024  NELV
          53          16          16        1024        1024  NELV
          46          16          16        1024        1024  NELV
          32          16          16        1024        1024  NELV
          44          16          16        1024        1024  NELV
          59          16          16        1024        1024  NELV
          60          16          16        1024        1024  NELV
          51          16          16        1024        1024  NELV
           0  objects found
 118   Parameters from file:
   1      1.00000     p001 DENSITY
   2     -100.000     p002 VISCOS
   7      1.00000     p007 RHOCP
   8      1.00000     p008 CONDUCT
  11      1.00        p011 NSTEPS
  12    -0.500000E-02 p012 DT
  21     0.100000E-05 p021 DIVERGENCE
  22     0.100000E-07 p022 HELMHOLTZ
  24     0.100000E-09 p024 TOLREL
  25     0.100000E-09 p025 TOLABS
  26     0.250000     p026 COURANT/NTAU
  27      2.00000     p027 TORDER
  66      6.00000     p066 output : <0=ascii, else binary
  67      6.00000     p067 restart: <0=ascii, else binary
  99      3.00000     p099 dealiasing: <0--> off/3--> old/4--> new
 103     0.500000E-01 p103 weight of stabilizing filter (.01)
  
 nelgt/nelgv/lelt:        1024        1024         100
 lx1  /lx2  /lx3 :          19          19          19
 done :: read .rea file   0.47076     sec

 setup mesh topology
   Right-handed check complete for    1024 elements. OK.
   setvert3d:  19     1045313     6076225     1045313     1045313
 call usrsetvert
 done :: usrsetvert

gs_setup: 309889 unique labels shared
   pairwise times (avg, min, max): 0.000154764 0.000138402 0.000169706
   crystal router                : 0.0010103 0.000994897 0.00102172
   used all_to_all method: pairwise
   handle bytes (avg, min, max): 467532 387644 515260
   buffer bytes (avg, min, max): 167388 110704 201872
   setupds time 3.5761E-01 seconds   0 19     1045313        1024
           8  max multiplicity
 done :: setup mesh topology
  
 call usrdat
 done :: usrdat

 generate geometry data
 done :: generate geometry data
  
 call usrdat2
 done :: usrdat2

 regenerate geometry data           1
 NOTE: All elements deformed , param(59) ^=0
 done :: regenerate geometry data           1
  
 verify mesh topology
  0.000000000000000E+000   1.00000000000000       Xrange
  0.000000000000000E+000   1.00000000000000       Yrange
  0.000000000000000E+000   1.00000000000000       Zrange
 done :: verify mesh topology
  
 IFTRAN   = T
 IFFLOW   = T
 IFHEAT   = F
 IFSPLIT  = T
 IFLOMACH = F
 IFUSERVP = F
 IFUSERMV = F
 IFSTRS   = F
 IFCHAR   = F
 IFCYCLIC = F
 IFAXIS   = F
 IFMVBD   = F
 IFMELT   = F
 IFMODEL  = F
 IFKEPS   = F
 IFMOAB   = F
 IFNEKNEK = F
 IFSYNC   = T
   
 IFVCOR   = T
 IFINTQ   = F
 IFCWUZ   = F
 IFSWALL  = F
 IFGEOM   = F
 IFSURT   = F
 IFWCNO   = F
   
 IFTMSH for field           1    =  F
 IFADVC for field           1    =  T
 IFNONL for field           1    =  F
   
 Dealiasing enabled, lxd=          28
  
 Estimated eigenvalues
 EIGAA =    9.86960440108936     
 EIGGA =    12208997.5662834     
 EIGAE =    9.86960440108936     
 EIGAS =   8.333333333333333E-002
 EIGGE =    12208997.5662834     
 EIGGS =    2.00000000000000     
  
 verify mesh topology
  0.000000000000000E+000   1.00000000000000       Xrange
  0.000000000000000E+000   1.00000000000000       Yrange
  0.000000000000000E+000   1.00000000000000       Zrange
 done :: verify mesh topology
  
  E-solver strategy:  0 itr
 mg_nx:           1           9          18
 mg_ny:           1           9          18
 mg_nz:           1           9          18
 call usrsetvert
 done :: usrsetvert

gs_setup: 897 unique labels shared
   pairwise times (avg, min, max): 7.98315e-05 6.93083e-05 9.10044e-05
   crystal router                : 3.0417e-05 3.00169e-05 3.08037e-05
   all reduce                    : 0.000117287 0.000116205 0.000118518
   used all_to_all method: crystal router
   handle bytes (avg, min, max): 12161 10100 13460
   buffer bytes (avg, min, max): 1668 1392 1856
   setupds time 9.0451E-03 seconds   1  2        1377        1024
   setvert3d:   4       22433       30625       22433       22433
 call usrsetvert
 done :: usrsetvert

gs_setup: 8449 unique labels shared
   pairwise times (avg, min, max): 7.67216e-05 6.65903e-05 8.93116e-05
   crystal router                : 6.16468e-05 6.09875e-05 6.22988e-05
   all reduce                    : 0.000513987 0.000511193 0.000517416
   used all_to_all method: crystal router
   handle bytes (avg, min, max): 79417 60820 91636
   buffer bytes (avg, min, max): 11728 9440 12880
   setupds time 3.6306E-02 seconds   2  4       22433        1024
   setvert3d:  10      248417      772705      248417      248417
 call usrsetvert
 done :: usrsetvert

gs_setup: 77185 unique labels shared
   pairwise times (avg, min, max): 9.80537e-05 7.9298e-05 0.000117707
   crystal router                : 0.000294736 0.000291109 0.000298715
   all reduce                    : 0.00166226 0.00165379 0.00166941
   used all_to_all method: pairwise
   handle bytes (avg, min, max): 121392 100796 133660
   buffer bytes (avg, min, max): 44916 29488 54416
   setupds time 1.1398E-01 seconds   3 10      248417        1024
   setvert3d:  12      378017     1402017      378017      378017
 call usrsetvert
 done :: usrsetvert

gs_setup: 115457 unique labels shared
   pairwise times (avg, min, max): 0.000112669 0.000101185 0.000124598
   crystal router                : 0.000415596 0.000410604 0.000422597
   used all_to_all method: pairwise
   handle bytes (avg, min, max): 178824 148412 196956
   buffer bytes (avg, min, max): 65412 43056 79120
   setupds time 8.7492E-02 seconds   4 12      378017        1024
 regenerate geometry data           1
 NOTE: All elements deformed , param(59) ^=0
 done :: regenerate geometry data           1
  
 h1_mg_nx:           1           3          18
 h1_mg_ny:           1           3          18
 h1_mg_nz:           1           3          18
 call usrsetvert
 done :: usrsetvert

gs_setup: 897 unique labels shared
   pairwise times (avg, min, max): 6.37434e-05 5.65052e-05 7.27892e-05
   crystal router                : 3.14299e-05 3.09944e-05 3.23057e-05
   all reduce                    : 0.000104574 0.000104094 0.000105095
   used all_to_all method: crystal router
   handle bytes (avg, min, max): 12161 10100 13460
   buffer bytes (avg, min, max): 1668 1392 1856
   setupds time 7.5870E-03 seconds   5  2        1377        1024
   setvert3d:   4       22433       30625       22433       22433
 call usrsetvert
 done :: usrsetvert

gs_setup: 8449 unique labels shared
   pairwise times (avg, min, max): 6.5409e-05 5.70059e-05 7.58886e-05
   crystal router                : 4.99591e-05 4.94003e-05 5.13077e-05
   all reduce                    : 0.000495087 0.000492692 0.000498605
   used all_to_all method: crystal router
   handle bytes (avg, min, max): 79417 60820 91636
   buffer bytes (avg, min, max): 11728 9440 12880
   setupds time 3.7789E-02 seconds   6  4       22433        1024
   setvert3d:   4       22433       30625       22433       22433
 call usrsetvert
 done :: usrsetvert

gs_setup: 8449 unique labels shared
   pairwise times (avg, min, max): 6.55342e-05 5.76019e-05 7.53164e-05
   crystal router                : 5.06293e-05 4.99964e-05 5.10931e-05
   all reduce                    : 0.000464345 0.000461602 0.000468206
   used all_to_all method: crystal router
   handle bytes (avg, min, max): 79417 60820 91636
   buffer bytes (avg, min, max): 11728 9440 12880
   setupds time 1.8206E-02 seconds   7  4       22433        1024
   setvert3d:   6       70625      136161       70625       70625
 call usrsetvert
 done :: usrsetvert

gs_setup: 23681 unique labels shared
   pairwise times (avg, min, max): 6.96607e-05 6.01053e-05 7.66993e-05
   crystal router                : 0.000119603 0.000116897 0.000122094
   all reduce                    : 0.000962599 0.0009583 0.000970697
   used all_to_all method: pairwise
   handle bytes (avg, min, max): 39936 33212 43932
   buffer bytes (avg, min, max): 15444 10032 18832
   setupds time 4.9561E-02 seconds   8  6       70625        1024
   setvert3d:  19     1045313     6076225     1045313     1045313
 call usrsetvert
 done :: usrsetvert

gs_setup: 309889 unique labels shared
   pairwise times (avg, min, max): 0.000124947 0.000111103 0.000138211
   crystal router                : 0.000972018 0.000956702 0.000983119
   used all_to_all method: pairwise
   handle bytes (avg, min, max): 467532 387644 515260
   buffer bytes (avg, min, max): 167388 110704 201872
   setupds time 3.2179E-01 seconds   9 19     1045313        1024
   setvert3d:  21     1297025     8320641     1297025     1297025
 call usrsetvert
 done :: usrsetvert

gs_setup: 382721 unique labels shared
   pairwise times (avg, min, max): 0.000126951 0.000112605 0.000142097
   crystal router                : 0.00114065 0.00112391 0.0011564
   used all_to_all method: pairwise
   handle bytes (avg, min, max): 575076 476732 633852
   buffer bytes (avg, min, max): 205164 135792 247312
   setupds time 4.2865E-01 seconds  10 21     1297025        1024
 setup h1 coarse grid, nx_crs=           2
 call usrsetvert
 done :: usrsetvert

gs_setup: 897 unique labels shared
   pairwise times (avg, min, max): 5.43602e-05 4.76122e-05 6.14882e-05
   crystal router                : 3.25117e-05 3.01123e-05 3.47137e-05
   all reduce                    : 9.79368e-05 9.72986e-05 9.83953e-05
   used all_to_all method: crystal router
   handle bytes (avg, min, max): 12161 10100 13460
   buffer bytes (avg, min, max): 1668 1392 1856
 done :: setup h1 coarse grid   0.123683929443359       sec
  
 call usrdat3
 done :: usrdat3

 set initial conditions
 nekuic (1) for ifld            1
 call nekuic for vel  
 xyz min     0.0000       0.0000       0.0000    
 uvwpt min   0.0000       0.0000       0.0000       0.0000       0.0000    
 PS min      0.0000       0.0000      0.99000E+22
 xyz max     1.0000       1.0000       1.0000    
 uvwpt max   0.0000       0.0000       0.0000       0.0000       0.0000    
 PS max      0.0000       0.0000     -0.99000E+22
 done :: set initial conditions
  
 call userchk
GFM max:  1.5354E-04  1.5354E-04  6.1415E-04  4.0665E-17  1.6221E-16  1.6221E-16
 
nelt =      16, np =        64, nx1 =      19, elements =      1024
Solve Time =   0.1492E-08
 
nelt =      16, np =        64, nx1 =      19, elements =      1024
Solve Time =   0.1480E-08
 
nelt =      16, np =        64, nx1 =      19, elements =      1024
Solve Time =   0.1480E-08
 
nelt =      16, np =        64, nx1 =      19, elements =      1024
Solve Time =   0.1484E-08
 
nelt =      16, np =        64, nx1 =      19, elements =      1024
Solve Time =   0.1480E-08
 
nelt =      16, np =        64, nx1 =      19, elements =      1024
Solve Time =   0.1481E-08
 
nelt =      16, np =        64, nx1 =      19, elements =      1024
Solve Time =   0.1484E-08
 
nelt =      16, np =        64, nx1 =      19, elements =      1024
Solve Time =   0.1480E-08
 
nelt =      16, np =        64, nx1 =      19, elements =      1024
Solve Time =   0.1480E-08
 
nelt =      16, np =        64, nx1 =      19, elements =      1024
Solve Time =   0.1484E-08
 
nelt =      16, np =        64, nx1 =      19, elements =      1024
Solve Time =   0.1328E-08
 
nelt =      16, np =        64, nx1 =      19, elements =      1024
Solve Time =   0.1328E-08
 
nelt =      16, np =        64, nx1 =      19, elements =      1024
Solve Time =   0.1332E-08
 
nelt =      16, np =        64, nx1 =      19, elements =      1024
Solve Time =   0.1328E-08
 
nelt =      16, np =        64, nx1 =      19, elements =      1024
Solve Time =   0.1328E-08
 
nelt =      16, np =        64, nx1 =      19, elements =      1024
Solve Time =   0.1328E-08
 
nelt =      16, np =        64, nx1 =      19, elements =      1024
Solve Time =   0.1332E-08
 
nelt =      16, np =        64, nx1 =      19, elements =      1024
Solve Time =   0.1328E-08
 
nelt =      16, np =        64, nx1 =      19, elements =      1024
Solve Time =   0.1328E-08
 
nelt =      16, np =        64, nx1 =      19, elements =      1024
Solve Time =   0.1328E-08
 
nelt =      16, np =        64, nx1 =      19, elements =      1024
Solve Time =   0.1380E-08
 
nelt =      16, np =        64, nx1 =      19, elements =      1024
Solve Time =   0.1375E-08
 
nelt =      16, np =        64, nx1 =      19, elements =      1024
Solve Time =   0.1375E-08
 
nelt =      16, np =        64, nx1 =      19, elements =      1024
Solve Time =   0.1380E-08
 
nelt =      16, np =        64, nx1 =      19, elements =      1024
Solve Time =   0.1375E-08
 
nelt =      16, np =        64, nx1 =      19, elements =      1024
Solve Time =   0.1375E-08
 
nelt =      16, np =        64, nx1 =      19, elements =      1024
Solve Time =   0.1380E-08
 
nelt =      16, np =        64, nx1 =      19, elements =      1024
Solve Time =   0.1375E-08
 
nelt =      16, np =        64, nx1 =      19, elements =      1024
Solve Time =   0.1375E-08
 
nelt =      16, np =        64, nx1 =      19, elements =      1024
Solve Time =   0.1375E-08
 
nelt =      16, np =        64, nx1 =      19, elements =      1024
Solve Time =   0.1433E-08
 
nelt =      16, np =        64, nx1 =      19, elements =      1024
Solve Time =   0.1428E-08
 
nelt =      16, np =        64, nx1 =      19, elements =      1024
Solve Time =   0.1428E-08
 
nelt =      16, np =        64, nx1 =      19, elements =      1024
Solve Time =   0.1432E-08
 
nelt =      16, np =        64, nx1 =      19, elements =      1024
Solve Time =   0.1427E-08
 
nelt =      16, np =        64, nx1 =      19, elements =      1024
Solve Time =   0.1427E-08
 
nelt =      16, np =        64, nx1 =      19, elements =      1024
Solve Time =   0.1427E-08
 
nelt =      16, np =        64, nx1 =      19, elements =      1024
Solve Time =   0.1432E-08
 
nelt =      16, np =        64, nx1 =      19, elements =      1024
Solve Time =   0.1428E-08
 
nelt =      16, np =        64, nx1 =      19, elements =      1024
Solve Time =   0.1428E-08
 
nelt =      16, np =        64, nx1 =      19, elements =      1024
Solve Time =   0.1488E-08
 
nelt =      16, np =        64, nx1 =      19, elements =      1024
Solve Time =   0.1482E-08
 
nelt =      16, np =        64, nx1 =      19, elements =      1024
Solve Time =   0.1483E-08
 
nelt =      16, np =        64, nx1 =      19, elements =      1024
Solve Time =   0.1486E-08
 
nelt =      16, np =        64, nx1 =      19, elements =      1024
Solve Time =   0.1482E-08
 
nelt =      16, np =        64, nx1 =      19, elements =      1024
Solve Time =   0.1483E-08
 
nelt =      16, np =        64, nx1 =      19, elements =      1024
Solve Time =   0.1487E-08
 
nelt =      16, np =        64, nx1 =      19, elements =      1024
Solve Time =   0.1483E-08
 
nelt =      16, np =        64, nx1 =      19, elements =      1024
Solve Time =   0.1483E-08
 
nelt =      16, np =        64, nx1 =      19, elements =      1024
Solve Time =   0.1487E-08
 schfile:
 /gpfs/theta-fs1/home/thilina/env/lx19/b10.sch                                  
                                                      
 19     1024  1.0000E+00  1.0000E+00  1.0000E+00  error v
 19     1024  1.0000E+00  1.0000E+00  1.0000E+00  error v
 19     1024  1.0000E+00  1.0000E+00  1.0000E+00  error v
 19     1024  1.0000E+00  1.0000E+00  1.0000E+00  error v
 19     1024  1.0000E+00  1.0000E+00  1.0000E+00  error v
 19     1024  1.0000E+00  1.0000E+00  1.0000E+00  error v
 19     1024  1.0000E+00  1.0000E+00  1.0000E+00  error v
 19     1024  1.0000E+00  1.0000E+00  1.0000E+00  error v
 19     1024  1.0000E+00  1.0000E+00  1.0000E+00  error v
 19     1024  1.0000E+00  1.0000E+00  1.0000E+00  error v
 19     1024  1.0000E+00  1.0000E+00  1.0000E+00  error v
 19     1024  1.0000E+00  1.0000E+00  1.0000E+00  error v
 19     1024  1.0000E+00  1.0000E+00  1.0000E+00  error v
 19     1024  1.0000E+00  1.0000E+00  1.0000E+00  error v
 19     1024  1.0000E+00  1.0000E+00  1.0000E+00  error v
 19     1024  1.0000E+00  1.0000E+00  1.0000E+00  error v
 19     1024  1.0000E+00  1.0000E+00  1.0000E+00  error v
 19     1024  1.0000E+00  1.0000E+00  1.0000E+00  error v
 19     1024  1.0000E+00  1.0000E+00  1.0000E+00  error v
 19     1024  1.0000E+00  1.0000E+00  1.0000E+00  error v
 19     1024  1.0000E+00  1.0000E+00  1.0000E+00  error v
 19     1024  1.0000E+00  1.0000E+00  1.0000E+00  error v
 19     1024  1.0000E+00  1.0000E+00  1.0000E+00  error v
 19     1024  1.0000E+00  1.0000E+00  1.0000E+00  error v
 19     1024  1.0000E+00  1.0000E+00  1.0000E+00  error v
 19     1024  1.0000E+00  1.0000E+00  1.0000E+00  error v
 19     1024  1.0000E+00  1.0000E+00  1.0000E+00  error v
 19     1024  1.0000E+00  1.0000E+00  1.0000E+00  error v
 19     1024  1.0000E+00  1.0000E+00  1.0000E+00  error v
 19     1024  1.0000E+00  1.0000E+00  1.0000E+00  error v
 19     1024  1.0000E+00  1.0000E+00  1.0000E+00  error v
 19     1024  1.0000E+00  1.0000E+00  1.0000E+00  error v
 19     1024  1.0000E+00  1.0000E+00  1.0000E+00  error v
 19     1024  1.0000E+00  1.0000E+00  1.0000E+00  error v
 19     1024  1.0000E+00  1.0000E+00  1.0000E+00  error v
 19     1024  1.0000E+00  1.0000E+00  1.0000E+00  error v
 19     1024  1.0000E+00  1.0000E+00  1.0000E+00  error v
 19     1024  1.0000E+00  1.0000E+00  1.0000E+00  error v
 19     1024  1.0000E+00  1.0000E+00  1.0000E+00  error v
 19     1024  1.0000E+00  1.0000E+00  1.0000E+00  error v
 19     1024  1.0000E+00  1.0000E+00  1.0000E+00  error v
 19     1024  1.0000E+00  1.0000E+00  1.0000E+00  error v
 19     1024  1.0000E+00  1.0000E+00  1.0000E+00  error v
 19     1024  1.0000E+00  1.0000E+00  1.0000E+00  error v
 19     1024  1.0000E+00  1.0000E+00  1.0000E+00  error v
 19     1024  1.0000E+00  1.0000E+00  1.0000E+00  error v
 19     1024  1.0000E+00  1.0000E+00  1.0000E+00  error v
 19     1024  1.0000E+00  1.0000E+00  1.0000E+00  error v
 19     1024  1.0000E+00  1.0000E+00  1.0000E+00  error v
 19     1024  1.0000E+00  1.0000E+00  1.0000E+00  error v
 19     1024  1.0000E+00  1.0000E+00  1.0000E+00  error v
 19     1024  1.0000E+00  1.0000E+00  1.0000E+00  error v
 19     1024  1.0000E+00  1.0000E+00  1.0000E+00  error v
 19     1024  1.0000E+00  1.0000E+00  1.0000E+00  error v
 19     1024  1.0000E+00  1.0000E+00  1.0000E+00  error v
 19     1024  1.0000E+00  1.0000E+00  1.0000E+00  error v
 19     1024  1.0000E+00  1.0000E+00  1.0000E+00  error v
 19     1024  1.0000E+00  1.0000E+00  1.0000E+00  error v
 19     1024  1.0000E+00  1.0000E+00  1.0000E+00  error v
 19     1024  1.0000E+00  1.0000E+00  1.0000E+00  error v
 19     1024  1.0000E+00  1.0000E+00  1.0000E+00  error v
 19     1024  1.0000E+00  1.0000E+00  1.0000E+00  error v
 19     1024  1.0000E+00  1.0000E+00  1.0000E+00  error v
 19     1024  1.0000E+00  1.0000E+00  1.0000E+00  error v
 
nelt =      16, np =        64, nx1 =      19, elements =      1024
Solve Time =   0.1586E-08
 
nelt =      16, np =        64, nx1 =      19, elements =      1024
Solve Time =   0.1583E-08
 
nelt =      16, np =        64, nx1 =      19, elements =      1024
Solve Time =   0.1588E-08
 
nelt =      16, np =        64, nx1 =      19, elements =      1024
Solve Time =   0.1584E-08
 
nelt =      16, np =        64, nx1 =      19, elements =      1024
Solve Time =   0.1584E-08
 
nelt =      16, np =        64, nx1 =      19, elements =      1024
Solve Time =   0.1587E-08
 
nelt =      16, np =        64, nx1 =      19, elements =      1024
Solve Time =   0.1584E-08
 
nelt =      16, np =        64, nx1 =      19, elements =      1024
Solve Time =   0.1584E-08
 
nelt =      16, np =        64, nx1 =      19, elements =      1024
Solve Time =   0.1588E-08
 
nelt =      16, np =        64, nx1 =      19, elements =      1024
Solve Time =   0.1584E-08
 19     1024  8.0193E-04  8.0193E-04  8.0193E-04  error s
 19     1024  8.0193E-04  8.0193E-04  8.0193E-04  error s
 19     1024  8.0193E-04  8.0193E-04  8.0193E-04  error s
 19     1024  8.0193E-04  8.0193E-04  8.0193E-04  error s
 19     1024  8.0193E-04  8.0193E-04  8.0193E-04  error s
 19     1024  8.0193E-04  8.0193E-04  8.0193E-04  error s
 19     1024  8.0193E-04  8.0193E-04  8.0193E-04  error s
 19     1024  8.0193E-04  8.0193E-04  8.0193E-04  error s
 19     1024  8.0193E-04  8.0193E-04  8.0193E-04  error s
 19     1024  8.0193E-04  8.0193E-04  8.0193E-04  error s
 19     1024  8.0193E-04  8.0193E-04  8.0193E-04  error s
 19     1024  8.0193E-04  8.0193E-04  8.0193E-04  error s
 19     1024  8.0193E-04  8.0193E-04  8.0193E-04  error s
 19     1024  8.0193E-04  8.0193E-04  8.0193E-04  error s
 19     1024  8.0193E-04  8.0193E-04  8.0193E-04  error s
 19     1024  8.0193E-04  8.0193E-04  8.0193E-04  error s
 19     1024  8.0193E-04  8.0193E-04  8.0193E-04  error s
 19     1024  8.0193E-04  8.0193E-04  8.0193E-04  error s
 19     1024  8.0193E-04  8.0193E-04  8.0193E-04  error s
 19     1024  8.0193E-04  8.0193E-04  8.0193E-04  error s
 19     1024  8.0193E-04  8.0193E-04  8.0193E-04  error s
 19     1024  8.0193E-04  8.0193E-04  8.0193E-04  error s
 19     1024  8.0193E-04  8.0193E-04  8.0193E-04  error s
 19     1024  8.0193E-04  8.0193E-04  8.0193E-04  error s
 19     1024  8.0193E-04  8.0193E-04  8.0193E-04  error s
 19     1024  8.0193E-04  8.0193E-04  8.0193E-04  error s
 19     1024  8.0193E-04  8.0193E-04  8.0193E-04  error s
 19     1024  8.0193E-04  8.0193E-04  8.0193E-04  error s
 19     1024  8.0193E-04  8.0193E-04  8.0193E-04  error s
 19     1024  8.0193E-04  8.0193E-04  8.0193E-04  error s
 19     1024  8.0193E-04  8.0193E-04  8.0193E-04  error s
 19     1024  8.0193E-04  8.0193E-04  8.0193E-04  error s
 19     1024  8.0193E-04  8.0193E-04  8.0193E-04  error s
 19     1024  8.0193E-04  8.0193E-04  8.0193E-04  error s
 19     1024  8.0193E-04  8.0193E-04  8.0193E-04  error s
 19     1024  8.0193E-04  8.0193E-04  8.0193E-04  error s
 19     1024  8.0193E-04  8.0193E-04  8.0193E-04  error s
 19     1024  8.0193E-04  8.0193E-04  8.0193E-04  error s
 19     1024  8.0193E-04  8.0193E-04  8.0193E-04  error s
 19     1024  8.0193E-04  8.0193E-04  8.0193E-04  error s
 19     1024  8.0193E-04  8.0193E-04  8.0193E-04  error s
 19     1024  8.0193E-04  8.0193E-04  8.0193E-04  error s
 19     1024  8.0193E-04  8.0193E-04  8.0193E-04  error s
 19     1024  8.0193E-04  8.0193E-04  8.0193E-04  error s
 19     1024  8.0193E-04  8.0193E-04  8.0193E-04  error s
 19     1024  8.0193E-04  8.0193E-04  8.0193E-04  error s
 19     1024  8.0193E-04  8.0193E-04  8.0193E-04  error s
 19     1024  8.0193E-04  8.0193E-04  8.0193E-04  error s
 19     1024  8.0193E-04  8.0193E-04  8.0193E-04  error s
 19     1024  8.0193E-04  8.0193E-04  8.0193E-04  error s
 19     1024  8.0193E-04  8.0193E-04  8.0193E-04  error s
 19     1024  8.0193E-04  8.0193E-04  8.0193E-04  error s
 19     1024  8.0193E-04  8.0193E-04  8.0193E-04  error s
 19     1024  8.0193E-04  8.0193E-04  8.0193E-04  error s
 19     1024  8.0193E-04  8.0193E-04  8.0193E-04  error s
 19     1024  8.0193E-04  8.0193E-04  8.0193E-04  error s
 19     1024  8.0193E-04  8.0193E-04  8.0193E-04  error s
 19     1024  8.0193E-04  8.0193E-04  8.0193E-04  error s
 19     1024  8.0193E-04  8.0193E-04  8.0193E-04  error s
 19     1024  8.0193E-04  8.0193E-04  8.0193E-04  error s
 19     1024  8.0193E-04  8.0193E-04  8.0193E-04  error s
 19     1024  8.0193E-04  8.0193E-04  8.0193E-04  error s
 19     1024  8.0193E-04  8.0193E-04  8.0193E-04  error s
 19     1024  8.0193E-04  8.0193E-04  8.0193E-04  error s
 
nelt =      16, np =        64, nx1 =      19, elements =      1024
Solve Time =   0.1809E-08
 
nelt =      16, np =        64, nx1 =      19, elements =      1024
Solve Time =   0.1803E-08
 
nelt =      16, np =        64, nx1 =      19, elements =      1024
Solve Time =   0.1803E-08
 
nelt =      16, np =        64, nx1 =      19, elements =      1024
Solve Time =   0.1806E-08
 
nelt =      16, np =        64, nx1 =      19, elements =      1024
Solve Time =   0.1803E-08
 
nelt =      16, np =        64, nx1 =      19, elements =      1024
Solve Time =   0.1806E-08
 
nelt =      16, np =        64, nx1 =      19, elements =      1024
Solve Time =   0.1803E-08
 
nelt =      16, np =        64, nx1 =      19, elements =      1024
Solve Time =   0.1803E-08
 
nelt =      16, np =        64, nx1 =      19, elements =      1024
Solve Time =   0.1806E-08
 
nelt =      16, np =        64, nx1 =      19, elements =      1024
Solve Time =   0.1803E-08
 19     1024  8.0180E-04  8.0180E-04  8.0180E-04  error n
 19     1024  8.0180E-04  8.0180E-04  8.0180E-04  error n
 19     1024  8.0180E-04  8.0180E-04  8.0180E-04  error n
 19     1024  8.0180E-04  8.0180E-04  8.0180E-04  error n
 19     1024  8.0180E-04  8.0180E-04  8.0180E-04  error n
 19     1024  8.0180E-04  8.0180E-04  8.0180E-04  error n
 19     1024  8.0180E-04  8.0180E-04  8.0180E-04  error n
 19     1024  8.0180E-04  8.0180E-04  8.0180E-04  error n
 19     1024  8.0180E-04  8.0180E-04  8.0180E-04  error n
 19     1024  8.0180E-04  8.0180E-04  8.0180E-04  error n
 19     1024  8.0180E-04  8.0180E-04  8.0180E-04  error n
 19     1024  8.0180E-04  8.0180E-04  8.0180E-04  error n
 19     1024  8.0180E-04  8.0180E-04  8.0180E-04  error n
 19     1024  8.0180E-04  8.0180E-04  8.0180E-04  error n
 19     1024  8.0180E-04  8.0180E-04  8.0180E-04  error n
 19     1024  8.0180E-04  8.0180E-04  8.0180E-04  error n
 19     1024  8.0180E-04  8.0180E-04  8.0180E-04  error n
 19     1024  8.0180E-04  8.0180E-04  8.0180E-04  error n
 19     1024  8.0180E-04  8.0180E-04  8.0180E-04  error n
 19     1024  8.0180E-04  8.0180E-04  8.0180E-04  error n
 19     1024  8.0180E-04  8.0180E-04  8.0180E-04  error n
 19     1024  8.0180E-04  8.0180E-04  8.0180E-04  error n
 19     1024  8.0180E-04  8.0180E-04  8.0180E-04  error n
 19     1024  8.0180E-04  8.0180E-04  8.0180E-04  error n
 19     1024  8.0180E-04  8.0180E-04  8.0180E-04  error n
 19     1024  8.0180E-04  8.0180E-04  8.0180E-04  error n
 19     1024  8.0180E-04  8.0180E-04  8.0180E-04  error n
 19     1024  8.0180E-04  8.0180E-04  8.0180E-04  error n
 19     1024  8.0180E-04  8.0180E-04  8.0180E-04  error n
 19     1024  8.0180E-04  8.0180E-04  8.0180E-04  error n
 19     1024  8.0180E-04  8.0180E-04  8.0180E-04  error n
 19     1024  8.0180E-04  8.0180E-04  8.0180E-04  error n
 19     1024  8.0180E-04  8.0180E-04  8.0180E-04  error n
 19     1024  8.0180E-04  8.0180E-04  8.0180E-04  error n
 19     1024  8.0180E-04  8.0180E-04  8.0180E-04  error n
 19     1024  8.0180E-04  8.0180E-04  8.0180E-04  error n
 19     1024  8.0180E-04  8.0180E-04  8.0180E-04  error n
 19     1024  8.0180E-04  8.0180E-04  8.0180E-04  error n
 19     1024  8.0180E-04  8.0180E-04  8.0180E-04  error n
 19     1024  8.0180E-04  8.0180E-04  8.0180E-04  error n
 19     1024  8.0180E-04  8.0180E-04  8.0180E-04  error n
 19     1024  8.0180E-04  8.0180E-04  8.0180E-04  error n
 19     1024  8.0180E-04  8.0180E-04  8.0180E-04  error n
 19     1024  8.0180E-04  8.0180E-04  8.0180E-04  error n
 19     1024  8.0180E-04  8.0180E-04  8.0180E-04  error n
 19     1024  8.0180E-04  8.0180E-04  8.0180E-04  error n
 19     1024  8.0180E-04  8.0180E-04  8.0180E-04  error n
 19     1024  8.0180E-04  8.0180E-04  8.0180E-04  error n
 19     1024  8.0180E-04  8.0180E-04  8.0180E-04  error n
 19     1024  8.0180E-04  8.0180E-04  8.0180E-04  error n
  18     1024  100  0.0000E+00  0.0000E+00  0.0000E+00 time for 3 hmholtz
EXIT: quit after cggov         18
 19     1024  8.0180E-04  8.0180E-04  8.0180E-04  error n
 19     1024  8.0180E-04  8.0180E-04  8.0180E-04  error n
 19     1024  8.0180E-04  8.0180E-04  8.0180E-04  error n
 19     1024  8.0180E-04  8.0180E-04  8.0180E-04  error n
 19     1024  8.0180E-04  8.0180E-04  8.0180E-04  error n
 19     1024  8.0180E-04  8.0180E-04  8.0180E-04  error n
 19     1024  8.0180E-04  8.0180E-04  8.0180E-04  error n
 19     1024  8.0180E-04  8.0180E-04  8.0180E-04  error n
  
call exitt: dying ...
  
 19     1024  8.0180E-04  8.0180E-04  8.0180E-04  error n
 19     1024  8.0180E-04  8.0180E-04  8.0180E-04  error n
 19     1024  8.0180E-04  8.0180E-04  8.0180E-04  error n
 19     1024  8.0180E-04  8.0180E-04  8.0180E-04  error n
 19     1024  8.0180E-04  8.0180E-04  8.0180E-04  error n
 19     1024  8.0180E-04  8.0180E-04  8.0180E-04  error n
backtrace(): obtained 8 stack frames.
./nek5000() [0x784f35]
./nek5000() [0x968cb9]
./nek5000() [0x40dfcc]
./nek5000() [0x428f26]
./nek5000() [0x4274de]
./nek5000() [0x4054fe]
/lib64/libc.so.6(__libc_start_main+0xf5) [0x2aaab1ca3b25]
./nek5000() [0x405409]
  
total elapsed time             :   1.70898E+03 sec
total solver time incl. I/O    :   0.00000E+00 sec
time/timestep                  :   0.00000E+00 sec
CPU seconds/timestep/gridpt    :   0.00000E+00 sec

Application 2260122 resources: utime ~108180s, stime ~900s, Rss ~196884, inblocks ~0, outblocks ~0
