/----------------------------------------------------------\\
|      _   __ ______ __ __  ______  ____   ____   ____     |
|     / | / // ____// //_/ / ____/ / __ \\/ __ \\/ __ \\   |
|    /  |/ // __/  / ,<   /___ \\ / / / // / / // / / /    |
|   / /|  // /___ / /| | ____/ / / /_/ // /_/ // /_/ /     |
|  /_/ |_//_____//_/ |_|/_____/  \\___/ \\___/ \\___/      |
|                                                          |
|----------------------------------------------------------|
|                                                          |
| NEK5000:  Open Source Spectral Element Solver            |
| COPYRIGHT (c) 2008-2016 UCHICAGO ARGONNE, LLC            |
| Version:  16.0.0                                         |
| Web:      http://nek5000.mcs.anl.gov                     |
|                                                          |
\\----------------------------------------------------------/
                                                              

 Number of processors:          32
 REAL    wdsize      :           8
 INTEGER wdsize      :           4
 Timer accuracy      : 2.86E-07
 Reading /gpfs/theta-fs1/home/thilina/env/lx19/b9.rea                                                                                        

 mapping elements to processors
 Reading /gpfs/theta-fs1/home/thilina/env/lx19/b9.map                                                                                        
           0          16          16         512         512  NELV
           6          16          16         512         512  NELV
          14          16          16         512         512  NELV
          25          16          16         512         512  NELV
          15          16          16         512         512  NELV
           8          16          16         512         512  NELV
          22          16          16         512         512  NELV
          13          16          16         512         512  NELV
          30          16          16         512         512  NELV
          24          16          16         512         512  NELV
          31          16          16         512         512  NELV
          11          16          16         512         512  NELV
          17          16          16         512         512  NELV
          12          16          16         512         512  NELV
          18          16          16         512         512  NELV
           3          16          16         512         512  NELV
           4          16          16         512         512  NELV
          20          16          16         512         512  NELV
           7          16          16         512         512  NELV
          26          16          16         512         512  NELV
           2          16          16         512         512  NELV
          28          16          16         512         512  NELV
          23          16          16         512         512  NELV
           5          16          16         512         512  NELV
          10          16          16         512         512  NELV
          19          16          16         512         512  NELV
          21          16          16         512         512  NELV
          27          16          16         512         512  NELV
           9          16          16         512         512  NELV
          16          16          16         512         512  NELV
          29          16          16         512         512  NELV
           1          16          16         512         512  NELV
 RANK     0 IEG     385     386     387     388     393     394     395     396
                    449     450     451     452     457     458     459     460
 element load imbalance:            0          16          16
 done :: mapping elements to processors
  
           0  objects found
 118   Parameters from file:
   1      1.00000     p001 DENSITY
   2     -100.000     p002 VISCOS
   7      1.00000     p007 RHOCP
   8      1.00000     p008 CONDUCT
  11      1.00        p011 NSTEPS
  12    -0.500000E-02 p012 DT
  21     0.100000E-05 p021 DIVERGENCE
  22     0.100000E-07 p022 HELMHOLTZ
  24     0.100000E-09 p024 TOLREL
  25     0.100000E-09 p025 TOLABS
  26     0.250000     p026 COURANT/NTAU
  27      2.00000     p027 TORDER
  66      6.00000     p066 output : <0=ascii, else binary
  67      6.00000     p067 restart: <0=ascii, else binary
  99      3.00000     p099 dealiasing: <0--> off/3--> old/4--> new
 103     0.500000E-01 p103 weight of stabilizing filter (.01)
  
 nelgt/nelgv/lelt:         512         512         100
 lx1  /lx2  /lx3 :          19          19          19
 done :: read .rea file   0.20205     sec

 setup mesh topology
   Right-handed check complete for     512 elements. OK.
   setvert3d:  19      533169     3048625      533169      533169
 call usrsetvert
 done :: usrsetvert

gs_setup: 145009 unique labels shared
   pairwise times (avg, min, max): 0.000104158 9.85861e-05 0.000109506
   crystal router                : 0.00063218 0.000627398 0.000636601
   used all_to_all method: pairwise
   handle bytes (avg, min, max): 451580 387644 515260
   buffer bytes (avg, min, max): 155992 110704 201872
   setupds time 2.9420E-01 seconds   0 19      533169         512
           8  max multiplicity
 done :: setup mesh topology
  
 call usrdat
 done :: usrdat

 generate geometry data
 done :: generate geometry data
  
 call usrdat2
 done :: usrdat2

 regenerate geometry data           1
 NOTE: All elements deformed , param(59) ^=0
 done :: regenerate geometry data           1
  
 verify mesh topology
  0.000000000000000E+000   1.00000000000000       Xrange
  0.000000000000000E+000   1.00000000000000       Yrange
  0.000000000000000E+000   1.00000000000000       Zrange
 done :: verify mesh topology
  
 IFTRAN   = T
 IFFLOW   = T
 IFHEAT   = F
 IFSPLIT  = T
 IFLOMACH = F
 IFUSERVP = F
 IFUSERMV = F
 IFSTRS   = F
 IFCHAR   = F
 IFCYCLIC = F
 IFAXIS   = F
 IFMVBD   = F
 IFMELT   = F
 IFMODEL  = F
 IFKEPS   = F
 IFMOAB   = F
 IFNEKNEK = F
 IFSYNC   = T
   
 IFVCOR   = T
 IFINTQ   = F
 IFCWUZ   = F
 IFSWALL  = F
 IFGEOM   = F
 IFSURT   = F
 IFWCNO   = F
   
 IFTMSH for field           1    =  F
 IFADVC for field           1    =  T
 IFNONL for field           1    =  F
   
 Dealiasing enabled, lxd=          28
  
 Estimated eigenvalues
 EIGAA =    9.86960440108936     
 EIGGA =    9144985.20817664     
 EIGAE =    9.86960440108936     
 EIGAS =   8.333333333333333E-002
 EIGGE =    9144985.20817664     
 EIGGS =    2.00000000000000     
  
 verify mesh topology
  0.000000000000000E+000   1.00000000000000       Xrange
  0.000000000000000E+000   1.00000000000000       Yrange
  0.000000000000000E+000   1.00000000000000       Zrange
 done :: verify mesh topology
  
  E-solver strategy:  0 itr
 mg_nx:           1           9          18
 mg_ny:           1           9          18
 mg_nz:           1           9          18
 call usrsetvert
 done :: usrsetvert

gs_setup: 441 unique labels shared
   pairwise times (avg, min, max): 5.60611e-05 5.51939e-05 5.92947e-05
   crystal router                : 1.81004e-05 1.7786e-05 1.84059e-05
   all reduce                    : 5.66922e-05 5.65052e-05 5.70059e-05
   used all_to_all method: crystal router
   handle bytes (avg, min, max): 10380 9276 11340
   buffer bytes (avg, min, max): 1520 1392 1616
   setupds time 6.3992E-03 seconds   1  2         729         512
   setvert3d:   4       11529       15625       11529       11529
 call usrsetvert
 done :: usrsetvert

gs_setup: 4009 unique labels shared
   pairwise times (avg, min, max): 4.72009e-05 4.47035e-05 4.94957e-05
   crystal router                : 2.87369e-05 2.8491e-05 2.91824e-05
   all reduce                    : 0.000181813 0.000180411 0.000182605
   used all_to_all method: crystal router
   handle bytes (avg, min, max): 66620 55772 76940
   buffer bytes (avg, min, max): 10968 9440 12880
   setupds time 1.4392E-02 seconds   2  4       11529         512
   setvert3d:  10      126873      389017      126873      126873
 call usrsetvert
 done :: usrsetvert

gs_setup: 36217 unique labels shared
   pairwise times (avg, min, max): 6.5545e-05 6.13928e-05 7.05957e-05
   crystal router                : 0.0001655 0.000164104 0.000167489
   all reduce                    : 0.000714418 0.000712514 0.000716805
   used all_to_all method: pairwise
   handle bytes (avg, min, max): 117284 100796 133660
   buffer bytes (avg, min, max): 41800 29488 54416
   setupds time 5.9038E-02 seconds   3 10      126873         512
   setvert3d:  12      192969      704969      192969      192969
 call usrsetvert
 done :: usrsetvert

gs_setup: 54121 unique labels shared
   pairwise times (avg, min, max): 7.19182e-05 6.7997e-05 7.63893e-05
   crystal router                : 0.000242148 0.000240207 0.000244999
   all reduce                    : 0.00103525 0.00102911 0.00103812
   used all_to_all method: pairwise
   handle bytes (avg, min, max): 172756 148412 196956
   buffer bytes (avg, min, max): 60904 43056 79120
   setupds time 8.4509E-02 seconds   4 12      192969         512
 regenerate geometry data           1
 NOTE: All elements deformed , param(59) ^=0
 done :: regenerate geometry data           1
  
 h1_mg_nx:           1           3          18
 h1_mg_ny:           1           3          18
 h1_mg_nz:           1           3          18
 call usrsetvert
 done :: usrsetvert

gs_setup: 441 unique labels shared
   pairwise times (avg, min, max): 3.95209e-05 3.75032e-05 4.27961e-05
   crystal router                : 1.18069e-05 1.15871e-05 1.19925e-05
   all reduce                    : 5.78046e-05 5.73874e-05 5.81026e-05
   used all_to_all method: crystal router
   handle bytes (avg, min, max): 10380 9276 11340
   buffer bytes (avg, min, max): 1520 1392 1616
   setupds time 5.7271E-03 seconds   5  2         729         512
   setvert3d:   4       11529       15625       11529       11529
 call usrsetvert
 done :: usrsetvert

gs_setup: 4009 unique labels shared
   pairwise times (avg, min, max): 4.44055e-05 4.18901e-05 4.75168e-05
   crystal router                : 2.67707e-05 2.62976e-05 2.72036e-05
   all reduce                    : 0.000145125 0.000143981 0.000145698
   used all_to_all method: crystal router
   handle bytes (avg, min, max): 66620 55772 76940
   buffer bytes (avg, min, max): 10968 9440 12880
   setupds time 1.2517E-02 seconds   6  4       11529         512
   setvert3d:   4       11529       15625       11529       11529
 call usrsetvert
 done :: usrsetvert

gs_setup: 4009 unique labels shared
   pairwise times (avg, min, max): 4.32536e-05 4.02927e-05 4.61102e-05
   crystal router                : 2.9625e-05 2.92063e-05 3.00884e-05
   all reduce                    : 0.000137836 0.000136685 0.000138593
   used all_to_all method: crystal router
   handle bytes (avg, min, max): 66620 55772 76940
   buffer bytes (avg, min, max): 10968 9440 12880
   setupds time 1.1195E-02 seconds   7  4       11529         512
   setvert3d:   6       36153       68921       36153       36153
 call usrsetvert
 done :: usrsetvert

gs_setup: 11161 unique labels shared
   pairwise times (avg, min, max): 3.98211e-05 3.86e-05 4.27961e-05
   crystal router                : 5.46157e-05 5.40018e-05 5.50985e-05
   all reduce                    : 0.00040445 0.000402522 0.000408292
   used all_to_all method: pairwise
   handle bytes (avg, min, max): 38596 33212 43932
   buffer bytes (avg, min, max): 14344 10032 18832
   setupds time 2.3230E-02 seconds   8  6       36153         512
   setvert3d:  19      533169     3048625      533169      533169
 call usrsetvert
 done :: usrsetvert

gs_setup: 145009 unique labels shared
   pairwise times (avg, min, max): 8.60833e-05 8.23021e-05 9.00984e-05
   crystal router                : 0.000620335 0.000616002 0.0006248
   used all_to_all method: pairwise
   handle bytes (avg, min, max): 451580 387644 515260
   buffer bytes (avg, min, max): 155992 110704 201872
   setupds time 2.6848E-01 seconds   9 19      533169         512
   setvert3d:  21      661473     4173281      661473      661473
 call usrsetvert
 done :: usrsetvert

gs_setup: 179041 unique labels shared
   pairwise times (avg, min, max): 9.10334e-05 8.62122e-05 9.62019e-05
   crystal router                : 0.000724123 0.000718904 0.000731206
   used all_to_all method: pairwise
   handle bytes (avg, min, max): 555436 476732 633852
   buffer bytes (avg, min, max): 191224 135792 247312
   setupds time 3.5479E-01 seconds  10 21      661473         512
 setup h1 coarse grid, nx_crs=           2
 call usrsetvert
 done :: usrsetvert

gs_setup: 441 unique labels shared
   pairwise times (avg, min, max): 3.60236e-05 3.40939e-05 3.86e-05
   crystal router                : 1.4285e-05 1.4019e-05 1.46151e-05
   all reduce                    : 5.27419e-05 5.24998e-05 5.31197e-05
   used all_to_all method: crystal router
   handle bytes (avg, min, max): 10380 9276 11340
   buffer bytes (avg, min, max): 1520 1392 1616
 done :: setup h1 coarse grid   0.112511873245239       sec
  
 call usrdat3
 done :: usrdat3

 set initial conditions
 nekuic (1) for ifld            1
 call nekuic for vel  
 xyz min     0.0000       0.0000       0.0000    
 uvwpt min   0.0000       0.0000       0.0000       0.0000       0.0000    
 PS min      0.0000       0.0000      0.99000E+22
 xyz max     1.0000       1.0000       1.0000    
 uvwpt max   0.0000       0.0000       0.0000       0.0000       0.0000    
 PS max      0.0000       0.0000     -0.99000E+22
 done :: set initial conditions
  
 call userchk
GFM max:  3.0707E-04  3.0707E-04  3.0707E-04  8.1331E-17  8.1331E-17  8.1331E-17
 
nelt =      16, np =        32, nx1 =      19, elements =       512
Solve Time =   0.2915E-08
 
nelt =      16, np =        32, nx1 =      19, elements =       512
Solve Time =   0.2892E-08
 
nelt =      16, np =        32, nx1 =      19, elements =       512
Solve Time =   0.2892E-08
 
nelt =      16, np =        32, nx1 =      19, elements =       512
Solve Time =   0.2891E-08
 
nelt =      16, np =        32, nx1 =      19, elements =       512
Solve Time =   0.2891E-08
 
nelt =      16, np =        32, nx1 =      19, elements =       512
Solve Time =   0.2892E-08
 
nelt =      16, np =        32, nx1 =      19, elements =       512
Solve Time =   0.2892E-08
 
nelt =      16, np =        32, nx1 =      19, elements =       512
Solve Time =   0.2891E-08
 
nelt =      16, np =        32, nx1 =      19, elements =       512
Solve Time =   0.2892E-08
 
nelt =      16, np =        32, nx1 =      19, elements =       512
Solve Time =   0.2892E-08
 
nelt =      16, np =        32, nx1 =      19, elements =       512
Solve Time =   0.2621E-08
 
nelt =      16, np =        32, nx1 =      19, elements =       512
Solve Time =   0.2620E-08
 
nelt =      16, np =        32, nx1 =      19, elements =       512
Solve Time =   0.2620E-08
 
nelt =      16, np =        32, nx1 =      19, elements =       512
Solve Time =   0.2620E-08
 
nelt =      16, np =        32, nx1 =      19, elements =       512
Solve Time =   0.2620E-08
 
nelt =      16, np =        32, nx1 =      19, elements =       512
Solve Time =   0.2619E-08
 
nelt =      16, np =        32, nx1 =      19, elements =       512
Solve Time =   0.2619E-08
 
nelt =      16, np =        32, nx1 =      19, elements =       512
Solve Time =   0.2619E-08
 
nelt =      16, np =        32, nx1 =      19, elements =       512
Solve Time =   0.2619E-08
 
nelt =      16, np =        32, nx1 =      19, elements =       512
Solve Time =   0.2619E-08
 
nelt =      16, np =        32, nx1 =      19, elements =       512
Solve Time =   0.2700E-08
 
nelt =      16, np =        32, nx1 =      19, elements =       512
Solve Time =   0.2698E-08
 
nelt =      16, np =        32, nx1 =      19, elements =       512
Solve Time =   0.2699E-08
 
nelt =      16, np =        32, nx1 =      19, elements =       512
Solve Time =   0.2698E-08
 
nelt =      16, np =        32, nx1 =      19, elements =       512
Solve Time =   0.2698E-08
 
nelt =      16, np =        32, nx1 =      19, elements =       512
Solve Time =   0.2698E-08
 
nelt =      16, np =        32, nx1 =      19, elements =       512
Solve Time =   0.2698E-08
 
nelt =      16, np =        32, nx1 =      19, elements =       512
Solve Time =   0.2699E-08
 
nelt =      16, np =        32, nx1 =      19, elements =       512
Solve Time =   0.2698E-08
 
nelt =      16, np =        32, nx1 =      19, elements =       512
Solve Time =   0.2698E-08
 
nelt =      16, np =        32, nx1 =      19, elements =       512
Solve Time =   0.2782E-08
 
nelt =      16, np =        32, nx1 =      19, elements =       512
Solve Time =   0.2781E-08
 
nelt =      16, np =        32, nx1 =      19, elements =       512
Solve Time =   0.2781E-08
 
nelt =      16, np =        32, nx1 =      19, elements =       512
Solve Time =   0.2780E-08
 
nelt =      16, np =        32, nx1 =      19, elements =       512
Solve Time =   0.2780E-08
 
nelt =      16, np =        32, nx1 =      19, elements =       512
Solve Time =   0.2780E-08
 
nelt =      16, np =        32, nx1 =      19, elements =       512
Solve Time =   0.2781E-08
 
nelt =      16, np =        32, nx1 =      19, elements =       512
Solve Time =   0.2781E-08
 
nelt =      16, np =        32, nx1 =      19, elements =       512
Solve Time =   0.2780E-08
 
nelt =      16, np =        32, nx1 =      19, elements =       512
Solve Time =   0.2780E-08
 
nelt =      16, np =        32, nx1 =      19, elements =       512
Solve Time =   0.2869E-08
 
nelt =      16, np =        32, nx1 =      19, elements =       512
Solve Time =   0.2867E-08
 
nelt =      16, np =        32, nx1 =      19, elements =       512
Solve Time =   0.2866E-08
 
nelt =      16, np =        32, nx1 =      19, elements =       512
Solve Time =   0.2866E-08
 
nelt =      16, np =        32, nx1 =      19, elements =       512
Solve Time =   0.2867E-08
 
nelt =      16, np =        32, nx1 =      19, elements =       512
Solve Time =   0.2866E-08
 
nelt =      16, np =        32, nx1 =      19, elements =       512
Solve Time =   0.2867E-08
 
nelt =      16, np =        32, nx1 =      19, elements =       512
Solve Time =   0.2867E-08
 
nelt =      16, np =        32, nx1 =      19, elements =       512
Solve Time =   0.2867E-08
 
nelt =      16, np =        32, nx1 =      19, elements =       512
Solve Time =   0.2866E-08
 schfile:
 /gpfs/theta-fs1/home/thilina/env/lx19/b9.sch                                   
                                                      
 19      512  1.0000E+00  1.0000E+00  1.0000E+00  error v
 19      512  1.0000E+00  1.0000E+00  1.0000E+00  error v
 19      512  1.0000E+00  1.0000E+00  1.0000E+00  error v
 19      512  1.0000E+00  1.0000E+00  1.0000E+00  error v
 19      512  1.0000E+00  1.0000E+00  1.0000E+00  error v
 19      512  1.0000E+00  1.0000E+00  1.0000E+00  error v
 19      512  1.0000E+00  1.0000E+00  1.0000E+00  error v
 19      512  1.0000E+00  1.0000E+00  1.0000E+00  error v
 19      512  1.0000E+00  1.0000E+00  1.0000E+00  error v
 19      512  1.0000E+00  1.0000E+00  1.0000E+00  error v
 19      512  1.0000E+00  1.0000E+00  1.0000E+00  error v
 19      512  1.0000E+00  1.0000E+00  1.0000E+00  error v
 19      512  1.0000E+00  1.0000E+00  1.0000E+00  error v
 19      512  1.0000E+00  1.0000E+00  1.0000E+00  error v
 19      512  1.0000E+00  1.0000E+00  1.0000E+00  error v
 19      512  1.0000E+00  1.0000E+00  1.0000E+00  error v
 19      512  1.0000E+00  1.0000E+00  1.0000E+00  error v
 19      512  1.0000E+00  1.0000E+00  1.0000E+00  error v
 19      512  1.0000E+00  1.0000E+00  1.0000E+00  error v
 19      512  1.0000E+00  1.0000E+00  1.0000E+00  error v
 19      512  1.0000E+00  1.0000E+00  1.0000E+00  error v
 19      512  1.0000E+00  1.0000E+00  1.0000E+00  error v
 19      512  1.0000E+00  1.0000E+00  1.0000E+00  error v
 19      512  1.0000E+00  1.0000E+00  1.0000E+00  error v
 19      512  1.0000E+00  1.0000E+00  1.0000E+00  error v
 19      512  1.0000E+00  1.0000E+00  1.0000E+00  error v
 19      512  1.0000E+00  1.0000E+00  1.0000E+00  error v
 19      512  1.0000E+00  1.0000E+00  1.0000E+00  error v
 19      512  1.0000E+00  1.0000E+00  1.0000E+00  error v
 19      512  1.0000E+00  1.0000E+00  1.0000E+00  error v
 19      512  1.0000E+00  1.0000E+00  1.0000E+00  error v
 19      512  1.0000E+00  1.0000E+00  1.0000E+00  error v
 
nelt =      16, np =        32, nx1 =      19, elements =       512
Solve Time =   0.3015E-08
 
nelt =      16, np =        32, nx1 =      19, elements =       512
Solve Time =   0.3013E-08
 
nelt =      16, np =        32, nx1 =      19, elements =       512
Solve Time =   0.3013E-08
 
nelt =      16, np =        32, nx1 =      19, elements =       512
Solve Time =   0.3013E-08
 
nelt =      16, np =        32, nx1 =      19, elements =       512
Solve Time =   0.3013E-08
 
nelt =      16, np =        32, nx1 =      19, elements =       512
Solve Time =   0.3014E-08
 
nelt =      16, np =        32, nx1 =      19, elements =       512
Solve Time =   0.3013E-08
 
nelt =      16, np =        32, nx1 =      19, elements =       512
Solve Time =   0.3014E-08
 
nelt =      16, np =        32, nx1 =      19, elements =       512
Solve Time =   0.3013E-08
 
nelt =      16, np =        32, nx1 =      19, elements =       512
Solve Time =   0.3012E-08
 19      512  4.6794E-05  4.6794E-05  4.6794E-05  error s
 19      512  4.6794E-05  4.6794E-05  4.6794E-05  error s
 19      512  4.6794E-05  4.6794E-05  4.6794E-05  error s
 19      512  4.6794E-05  4.6794E-05  4.6794E-05  error s
 19      512  4.6794E-05  4.6794E-05  4.6794E-05  error s
 19      512  4.6794E-05  4.6794E-05  4.6794E-05  error s
 19      512  4.6794E-05  4.6794E-05  4.6794E-05  error s
 19      512  4.6794E-05  4.6794E-05  4.6794E-05  error s
 19      512  4.6794E-05  4.6794E-05  4.6794E-05  error s
 19      512  4.6794E-05  4.6794E-05  4.6794E-05  error s
 19      512  4.6794E-05  4.6794E-05  4.6794E-05  error s
 19      512  4.6794E-05  4.6794E-05  4.6794E-05  error s
 19      512  4.6794E-05  4.6794E-05  4.6794E-05  error s
 19      512  4.6794E-05  4.6794E-05  4.6794E-05  error s
 19      512  4.6794E-05  4.6794E-05  4.6794E-05  error s
 19      512  4.6794E-05  4.6794E-05  4.6794E-05  error s
 19      512  4.6794E-05  4.6794E-05  4.6794E-05  error s
 19      512  4.6794E-05  4.6794E-05  4.6794E-05  error s
 19      512  4.6794E-05  4.6794E-05  4.6794E-05  error s
 19      512  4.6794E-05  4.6794E-05  4.6794E-05  error s
 19      512  4.6794E-05  4.6794E-05  4.6794E-05  error s
 19      512  4.6794E-05  4.6794E-05  4.6794E-05  error s
 19      512  4.6794E-05  4.6794E-05  4.6794E-05  error s
 19      512  4.6794E-05  4.6794E-05  4.6794E-05  error s
 19      512  4.6794E-05  4.6794E-05  4.6794E-05  error s
 19      512  4.6794E-05  4.6794E-05  4.6794E-05  error s
 19      512  4.6794E-05  4.6794E-05  4.6794E-05  error s
 19      512  4.6794E-05  4.6794E-05  4.6794E-05  error s
 19      512  4.6794E-05  4.6794E-05  4.6794E-05  error s
 19      512  4.6794E-05  4.6794E-05  4.6794E-05  error s
 19      512  4.6794E-05  4.6794E-05  4.6794E-05  error s
 19      512  4.6794E-05  4.6794E-05  4.6794E-05  error s
 
nelt =      16, np =        32, nx1 =      19, elements =       512
Solve Time =   0.3458E-08
 
nelt =      16, np =        32, nx1 =      19, elements =       512
Solve Time =   0.3453E-08
 
nelt =      16, np =        32, nx1 =      19, elements =       512
Solve Time =   0.3454E-08
 
nelt =      16, np =        32, nx1 =      19, elements =       512
Solve Time =   0.3453E-08
 
nelt =      16, np =        32, nx1 =      19, elements =       512
Solve Time =   0.3454E-08
 
nelt =      16, np =        32, nx1 =      19, elements =       512
Solve Time =   0.3454E-08
 
nelt =      16, np =        32, nx1 =      19, elements =       512
Solve Time =   0.3453E-08
 
nelt =      16, np =        32, nx1 =      19, elements =       512
Solve Time =   0.3454E-08
 
nelt =      16, np =        32, nx1 =      19, elements =       512
Solve Time =   0.3453E-08
 
nelt =      16, np =        32, nx1 =      19, elements =       512
Solve Time =   0.3454E-08
 19      512  4.6812E-05  4.6812E-05  4.6812E-05  error n
 19      512  4.6812E-05  4.6812E-05  4.6812E-05  error n
 19      512  4.6812E-05  4.6812E-05  4.6812E-05  error n
 19      512  4.6812E-05  4.6812E-05  4.6812E-05  error n
 19      512  4.6812E-05  4.6812E-05  4.6812E-05  error n
 19      512  4.6812E-05  4.6812E-05  4.6812E-05  error n
 19      512  4.6812E-05  4.6812E-05  4.6812E-05  error n
 19      512  4.6812E-05  4.6812E-05  4.6812E-05  error n
 19      512  4.6812E-05  4.6812E-05  4.6812E-05  error n
 19      512  4.6812E-05  4.6812E-05  4.6812E-05  error n
 19      512  4.6812E-05  4.6812E-05  4.6812E-05  error n
 19      512  4.6812E-05  4.6812E-05  4.6812E-05  error n
 19      512  4.6812E-05  4.6812E-05  4.6812E-05  error n
 19      512  4.6812E-05  4.6812E-05  4.6812E-05  error n
 19      512  4.6812E-05  4.6812E-05  4.6812E-05  error n
 19      512  4.6812E-05  4.6812E-05  4.6812E-05  error n
 19      512  4.6812E-05  4.6812E-05  4.6812E-05  error n
 19      512  4.6812E-05  4.6812E-05  4.6812E-05  error n
 19      512  4.6812E-05  4.6812E-05  4.6812E-05  error n
 19      512  4.6812E-05  4.6812E-05  4.6812E-05  error n
 19      512  4.6812E-05  4.6812E-05  4.6812E-05  error n
 19      512  4.6812E-05  4.6812E-05  4.6812E-05  error n
 19      512  4.6812E-05  4.6812E-05  4.6812E-05  error n
 19      512  4.6812E-05  4.6812E-05  4.6812E-05  error n
 19      512  4.6812E-05  4.6812E-05  4.6812E-05  error n
 19      512  4.6812E-05  4.6812E-05  4.6812E-05  error n
 19      512  4.6812E-05  4.6812E-05  4.6812E-05  error n
 19      512  4.6812E-05  4.6812E-05  4.6812E-05  error n
 19      512  4.6812E-05  4.6812E-05  4.6812E-05  error n
 19      512  4.6812E-05  4.6812E-05  4.6812E-05  error n
 19      512  4.6812E-05  4.6812E-05  4.6812E-05  error n
 19      512  4.6812E-05  4.6812E-05  4.6812E-05  error n
  18      512  100  0.0000E+00  0.0000E+00  0.0000E+00 time for 3 hmholtz
EXIT: quit after cggov         18
  
call exitt: dying ...
  
backtrace(): obtained 8 stack frames.
./nek5000() [0x784f35]
./nek5000() [0x968cb9]
./nek5000() [0x40dfcc]
./nek5000() [0x428f26]
./nek5000() [0x4274de]
./nek5000() [0x4054fe]
/lib64/libc.so.6(__libc_start_main+0xf5) [0x2aaab1ca3b25]
./nek5000() [0x405409]
  
total elapsed time             :   9.51875E+02 sec
total solver time incl. I/O    :   0.00000E+00 sec
time/timestep                  :   0.00000E+00 sec
CPU seconds/timestep/gridpt    :   0.00000E+00 sec

Application 2259829 resources: utime ~29838s, stime ~475s, Rss ~190896, inblocks ~0, outblocks ~0
