/----------------------------------------------------------\\
|      _   __ ______ __ __  ______  ____   ____   ____     |
|     / | / // ____// //_/ / ____/ / __ \\/ __ \\/ __ \\   |
|    /  |/ // __/  / ,<   /___ \\ / / / // / / // / / /    |
|   / /|  // /___ / /| | ____/ / / /_/ // /_/ // /_/ /     |
|  /_/ |_//_____//_/ |_|/_____/  \\___/ \\___/ \\___/      |
|                                                          |
|----------------------------------------------------------|
|                                                          |
| NEK5000:  Open Source Spectral Element Solver            |
| COPYRIGHT (c) 2008-2016 UCHICAGO ARGONNE, LLC            |
| Version:  16.0.0                                         |
| Web:      http://nek5000.mcs.anl.gov                     |
|                                                          |
\\----------------------------------------------------------/
                                                              

 Number of processors:          32
 REAL    wdsize      :           8
 INTEGER wdsize      :           4
 Timer accuracy      : 3.10E-07
 Reading /gpfs/theta-fs1/home/thilina/env/lx19/b5.rea                                                                                        

 mapping elements to processors
 Reading /gpfs/theta-fs1/home/thilina/env/lx19/b5.map                                                                                        
           0           1           1          32          32  NELV
          16           1           1          32          32  NELV
          23           1           1          32          32  NELV
          25           1           1          32          32  NELV
          24           1           1          32          32  NELV
           4           1           1          32          32  NELV
          20           1           1          32          32  NELV
           3           1           1          32          32  NELV
          21           1           1          32          32  NELV
           7           1           1          32          32  NELV
          29           1           1          32          32  NELV
          19           1           1          32          32  NELV
           6           1           1          32          32  NELV
          28           1           1          32          32  NELV
          12           1           1          32          32  NELV
          17           1           1          32          32  NELV
          22           1           1          32          32  NELV
          14           1           1          32          32  NELV
           2           1           1          32          32  NELV
          15           1           1          32          32  NELV
          10           1           1          32          32  NELV
          11           1           1          32          32  NELV
          31           1           1          32          32  NELV
          27           1           1          32          32  NELV
          26           1           1          32          32  NELV
           5           1           1          32          32  NELV
           8           1           1          32          32  NELV
           9           1           1          32          32  NELV
          13           1           1          32          32  NELV
          18           1           1          32          32  NELV
          30           1           1          32          32  NELV
           1           1           1          32          32  NELV
 RANK     0 IEG      27
 element load imbalance:            0           1           1
 done :: mapping elements to processors
  
           0  objects found
 118   Parameters from file:
   1      1.00000     p001 DENSITY
   2     -100.000     p002 VISCOS
   7      1.00000     p007 RHOCP
   8      1.00000     p008 CONDUCT
  11      1.00        p011 NSTEPS
  12    -0.500000E-02 p012 DT
  21     0.100000E-05 p021 DIVERGENCE
  22     0.100000E-07 p022 HELMHOLTZ
  24     0.100000E-09 p024 TOLREL
  25     0.100000E-09 p025 TOLABS
  26     0.250000     p026 COURANT/NTAU
  27      2.00000     p027 TORDER
  66      6.00000     p066 output : <0=ascii, else binary
  67      6.00000     p067 restart: <0=ascii, else binary
  99      3.00000     p099 dealiasing: <0--> off/3--> old/4--> new
 103     0.500000E-01 p103 weight of stabilizing filter (.01)
  
 nelgt/nelgv/lelt:          32          32         100
 lx1  /lx2  /lx3 :          19          19          19
 done :: read .rea file   0.56595E-01 sec

 setup mesh topology
   Right-handed check complete for      32 elements. OK.
   setvert3d:  19       39957      197173       39957       39957
 call usrsetvert
 done :: usrsetvert

gs_setup: 20773 unique labels shared
   pairwise times (avg, min, max): 6.20231e-05 5.80788e-05 6.58989e-05
   crystal router                : 0.000123455 0.000121307 0.00012629
   all reduce                    : 0.00152264 0.0015162 0.0015274
   used all_to_all method: pairwise
   handle bytes (avg, min, max): 34384 25924 42804
   buffer bytes (avg, min, max): 24736 18256 31376
   setupds time 5.9978E-02 seconds   0 19       39957          32
           8  max multiplicity
 done :: setup mesh topology
  
 call usrdat
 done :: usrdat

 generate geometry data
 done :: generate geometry data
  
 call usrdat2
 done :: usrdat2

 regenerate geometry data           1
 NOTE: All elements deformed , param(59) ^=0
 done :: regenerate geometry data           1
  
 verify mesh topology
  0.000000000000000E+000   1.00000000000000       Xrange
  0.000000000000000E+000   1.00000000000000       Yrange
  0.000000000000000E+000   1.00000000000000       Zrange
 done :: verify mesh topology
  
 IFTRAN   = T
 IFFLOW   = T
 IFHEAT   = F
 IFSPLIT  = T
 IFLOMACH = F
 IFUSERVP = F
 IFUSERMV = F
 IFSTRS   = F
 IFCHAR   = F
 IFCYCLIC = F
 IFAXIS   = F
 IFMVBD   = F
 IFMELT   = F
 IFMODEL  = F
 IFKEPS   = F
 IFMOAB   = F
 IFNEKNEK = F
 IFSYNC   = T
   
 IFVCOR   = T
 IFINTQ   = F
 IFCWUZ   = F
 IFSWALL  = F
 IFGEOM   = F
 IFSURT   = F
 IFWCNO   = F
   
 IFTMSH for field           1    =  F
 IFADVC for field           1    =  T
 IFNONL for field           1    =  F
   
 Dealiasing enabled, lxd=          28
  
 Estimated eigenvalues
 EIGAA =    9.86960440108936     
 EIGGA =    1524895.66550877     
 EIGAE =    9.86960440108936     
 EIGAS =   8.333333333333333E-002
 EIGGE =    1524895.66550877     
 EIGGS =    2.00000000000000     
  
 verify mesh topology
  0.000000000000000E+000   1.00000000000000       Xrange
  0.000000000000000E+000   1.00000000000000       Yrange
  0.000000000000000E+000   1.00000000000000       Zrange
 done :: verify mesh topology
  
  E-solver strategy:  0 itr
 mg_nx:           1           9          18
 mg_ny:           1           9          18
 mg_nz:           1           9          18
 call usrsetvert
 done :: usrsetvert

gs_setup: 67 unique labels shared
   pairwise times (avg, min, max): 4.41007e-05 4.03881e-05 4.68969e-05
   crystal router                : 1.35936e-05 1.33991e-05 1.41859e-05
   all reduce                    : 3.62001e-05 3.60012e-05 3.63827e-05
   used all_to_all method: crystal router
   handle bytes (avg, min, max): 2800 2500 3076
   buffer bytes (avg, min, max): 384 320 448
   setupds time 4.5471E-03 seconds   1  2          75          32
   setvert3d:   4         927        1183         927         927
 call usrsetvert
 done :: usrsetvert

gs_setup: 583 unique labels shared
   pairwise times (avg, min, max): 3.93048e-05 3.71933e-05 4.32014e-05
   crystal router                : 1.1944e-05 1.17779e-05 1.21117e-05
   all reduce                    : 6.03154e-05 6.001e-05 6.0606e-05
   used all_to_all method: crystal router
   handle bytes (avg, min, max): 10876 8836 12820
   buffer bytes (avg, min, max): 1968 1568 2368
   setupds time 6.6741E-03 seconds   2  4         927          32
   setvert3d:  10        9627       26011        9627        9627
 call usrsetvert
 done :: usrsetvert

gs_setup: 5203 unique labels shared
   pairwise times (avg, min, max): 4.90032e-05 4.63963e-05 5.49078e-05
   crystal router                : 3.27267e-05 3.24011e-05 3.31163e-05
   all reduce                    : 0.000169236 0.000168014 0.000170112
   used all_to_all method: crystal router
   handle bytes (avg, min, max): 73120 56644 89284
   buffer bytes (avg, min, max): 13848 10688 16576
   setupds time 1.3845E-02 seconds   3 10        9627          32
   setvert3d:  12       14575       46575       14575       14575
 call usrsetvert
 done :: usrsetvert

gs_setup: 7767 unique labels shared
   pairwise times (avg, min, max): 5.16742e-05 4.99964e-05 5.56946e-05
   crystal router                : 5.0921e-05 5.04017e-05 5.1713e-05
   all reduce                    : 0.000230438 0.000228405 0.0002316
   used all_to_all method: crystal router
   handle bytes (avg, min, max): 106540 82180 130516
   buffer bytes (avg, min, max): 20176 15520 24128
   setupds time 1.7723E-02 seconds   4 12       14575          32
 regenerate geometry data           1
 NOTE: All elements deformed , param(59) ^=0
 done :: regenerate geometry data           1
  
 h1_mg_nx:           1           3          18
 h1_mg_ny:           1           3          18
 h1_mg_nz:           1           3          18
 call usrsetvert
 done :: usrsetvert

gs_setup: 67 unique labels shared
   pairwise times (avg, min, max): 4.37856e-05 4.1604e-05 4.73976e-05
   crystal router                : 1.13048e-05 1.11818e-05 1.14202e-05
   all reduce                    : 3.90731e-05 3.89099e-05 3.92914e-05
   used all_to_all method: crystal router
   handle bytes (avg, min, max): 2800 2500 3076
   buffer bytes (avg, min, max): 384 320 448
   setupds time 5.2052E-03 seconds   5  2          75          32
   setvert3d:   4         927        1183         927         927
 call usrsetvert
 done :: usrsetvert

gs_setup: 583 unique labels shared
   pairwise times (avg, min, max): 4.33177e-05 4.17948e-05 4.68969e-05
   crystal router                : 1.64025e-05 1.61886e-05 1.64986e-05
   all reduce                    : 7.29047e-05 7.25031e-05 7.32899e-05
   used all_to_all method: crystal router
   handle bytes (avg, min, max): 10876 8836 12820
   buffer bytes (avg, min, max): 1968 1568 2368
   setupds time 7.0400E-03 seconds   6  4         927          32
   setvert3d:   4         927        1183         927         927
 call usrsetvert
 done :: usrsetvert

gs_setup: 583 unique labels shared
   pairwise times (avg, min, max): 4.37886e-05 4.20094e-05 4.8995e-05
   crystal router                : 1.59226e-05 1.55926e-05 1.65939e-05
   all reduce                    : 6.31407e-05 5.90086e-05 6.40154e-05
   used all_to_all method: crystal router
   handle bytes (avg, min, max): 10876 8836 12820
   buffer bytes (avg, min, max): 1968 1568 2368
   setupds time 5.7149E-03 seconds   7  4         927          32
   setvert3d:   6        2803        4851        2803        2803
 call usrsetvert
 done :: usrsetvert

gs_setup: 1611 unique labels shared
   pairwise times (avg, min, max): 4.22932e-05 4.06981e-05 4.69923e-05
   crystal router                : 1.95749e-05 1.91927e-05 2.00987e-05
   all reduce                    : 8.63217e-05 8.54969e-05 8.71897e-05
   used all_to_all method: crystal router
   handle bytes (avg, min, max): 25288 19972 30436
   buffer bytes (avg, min, max): 4744 3712 5696
   setupds time 7.0169E-03 seconds   8  6        2803          32
   setvert3d:  19       39957      197173       39957       39957
 call usrsetvert
 done :: usrsetvert

gs_setup: 20773 unique labels shared
   pairwise times (avg, min, max): 5.82799e-05 5.60999e-05 6.58989e-05
   crystal router                : 0.000113212 0.000111389 0.000115108
   all reduce                    : 0.00116513 0.001157 0.00117302
   used all_to_all method: pairwise
   handle bytes (avg, min, max): 34384 25924 42804
   buffer bytes (avg, min, max): 24736 18256 31376
   setupds time 4.4954E-02 seconds   9 19       39957          32
   setvert3d:  21       49513      269001       49513       49513
 call usrsetvert
 done :: usrsetvert

gs_setup: 25641 unique labels shared
   pairwise times (avg, min, max): 4.92252e-05 4.58002e-05 5.24044e-05
   crystal router                : 0.0001198 0.000118399 0.000121307
   all reduce                    : 0.00136696 0.00136321 0.0013757
   used all_to_all method: pairwise
   handle bytes (avg, min, max): 41980 31636 52276
   buffer bytes (avg, min, max): 30024 22192 38032
   setupds time 5.3585E-02 seconds  10 21       49513          32
 setup h1 coarse grid, nx_crs=           2
 call usrsetvert
 done :: usrsetvert

gs_setup: 67 unique labels shared
   pairwise times (avg, min, max): 3.65756e-05 3.53098e-05 3.94106e-05
   crystal router                : 1.11565e-05 1.0705e-05 1.15156e-05
   all reduce                    : 3.57375e-05 3.52859e-05 3.60966e-05
   used all_to_all method: crystal router
   handle bytes (avg, min, max): 2800 2500 3076
   buffer bytes (avg, min, max): 384 320 448
 done :: setup h1 coarse grid   1.547694206237793E-002  sec
  
 call usrdat3
 done :: usrdat3

 set initial conditions
 nekuic (1) for ifld            1
 call nekuic for vel  
 xyz min     0.0000       0.0000       0.0000    
 uvwpt min   0.0000       0.0000       0.0000       0.0000       0.0000    
 PS min      0.0000       0.0000      0.99000E+22
 xyz max     1.0000       1.0000       1.0000    
 uvwpt max   0.0000       0.0000       0.0000       0.0000       0.0000    
 PS max      0.0000       0.0000     -0.99000E+22
 done :: set initial conditions
  
 call userchk
GFM max:  3.0707E-04  1.2283E-03  1.2283E-03  6.9558E-17  6.9558E-17  1.5146E-16
 
nelt =       1, np =        32, nx1 =      19, elements =        32
Solve Time =   0.3348E-08
 
nelt =       1, np =        32, nx1 =      19, elements =        32
Solve Time =   0.3305E-08
 
nelt =       1, np =        32, nx1 =      19, elements =        32
Solve Time =   0.3295E-08
 
nelt =       1, np =        32, nx1 =      19, elements =        32
Solve Time =   0.3295E-08
 
nelt =       1, np =        32, nx1 =      19, elements =        32
Solve Time =   0.3288E-08
 
nelt =       1, np =        32, nx1 =      19, elements =        32
Solve Time =   0.3274E-08
 
nelt =       1, np =        32, nx1 =      19, elements =        32
Solve Time =   0.3282E-08
 
nelt =       1, np =        32, nx1 =      19, elements =        32
Solve Time =   0.3276E-08
 
nelt =       1, np =        32, nx1 =      19, elements =        32
Solve Time =   0.3283E-08
 
nelt =       1, np =        32, nx1 =      19, elements =        32
Solve Time =   0.3272E-08
 
nelt =       1, np =        32, nx1 =      19, elements =        32
Solve Time =   0.2840E-08
 
nelt =       1, np =        32, nx1 =      19, elements =        32
Solve Time =   0.2807E-08
 
nelt =       1, np =        32, nx1 =      19, elements =        32
Solve Time =   0.2811E-08
 
nelt =       1, np =        32, nx1 =      19, elements =        32
Solve Time =   0.2817E-08
 
nelt =       1, np =        32, nx1 =      19, elements =        32
Solve Time =   0.2812E-08
 
nelt =       1, np =        32, nx1 =      19, elements =        32
Solve Time =   0.2807E-08
 
nelt =       1, np =        32, nx1 =      19, elements =        32
Solve Time =   0.2809E-08
 
nelt =       1, np =        32, nx1 =      19, elements =        32
Solve Time =   0.2810E-08
 
nelt =       1, np =        32, nx1 =      19, elements =        32
Solve Time =   0.2810E-08
 
nelt =       1, np =        32, nx1 =      19, elements =        32
Solve Time =   0.2812E-08
 
nelt =       1, np =        32, nx1 =      19, elements =        32
Solve Time =   0.3058E-08
 
nelt =       1, np =        32, nx1 =      19, elements =        32
Solve Time =   0.3034E-08
 
nelt =       1, np =        32, nx1 =      19, elements =        32
Solve Time =   0.3037E-08
 
nelt =       1, np =        32, nx1 =      19, elements =        32
Solve Time =   0.3034E-08
 
nelt =       1, np =        32, nx1 =      19, elements =        32
Solve Time =   0.3062E-08
 
nelt =       1, np =        32, nx1 =      19, elements =        32
Solve Time =   0.3034E-08
 
nelt =       1, np =        32, nx1 =      19, elements =        32
Solve Time =   0.3033E-08
 
nelt =       1, np =        32, nx1 =      19, elements =        32
Solve Time =   0.3034E-08
 
nelt =       1, np =        32, nx1 =      19, elements =        32
Solve Time =   0.3033E-08
 
nelt =       1, np =        32, nx1 =      19, elements =        32
Solve Time =   0.3035E-08
 
nelt =       1, np =        32, nx1 =      19, elements =        32
Solve Time =   0.3167E-08
 
nelt =       1, np =        32, nx1 =      19, elements =        32
Solve Time =   0.3148E-08
 
nelt =       1, np =        32, nx1 =      19, elements =        32
Solve Time =   0.3149E-08
 
nelt =       1, np =        32, nx1 =      19, elements =        32
Solve Time =   0.3153E-08
 
nelt =       1, np =        32, nx1 =      19, elements =        32
Solve Time =   0.3152E-08
 
nelt =       1, np =        32, nx1 =      19, elements =        32
Solve Time =   0.3147E-08
 
nelt =       1, np =        32, nx1 =      19, elements =        32
Solve Time =   0.3147E-08
 
nelt =       1, np =        32, nx1 =      19, elements =        32
Solve Time =   0.3150E-08
 
nelt =       1, np =        32, nx1 =      19, elements =        32
Solve Time =   0.3154E-08
 
nelt =       1, np =        32, nx1 =      19, elements =        32
Solve Time =   0.3150E-08
 
nelt =       1, np =        32, nx1 =      19, elements =        32
Solve Time =   0.3301E-08
 
nelt =       1, np =        32, nx1 =      19, elements =        32
Solve Time =   0.3265E-08
 
nelt =       1, np =        32, nx1 =      19, elements =        32
Solve Time =   0.3268E-08
 
nelt =       1, np =        32, nx1 =      19, elements =        32
Solve Time =   0.3266E-08
 
nelt =       1, np =        32, nx1 =      19, elements =        32
Solve Time =   0.3265E-08
 
nelt =       1, np =        32, nx1 =      19, elements =        32
Solve Time =   0.3263E-08
 
nelt =       1, np =        32, nx1 =      19, elements =        32
Solve Time =   0.3265E-08
 
nelt =       1, np =        32, nx1 =      19, elements =        32
Solve Time =   0.3270E-08
 
nelt =       1, np =        32, nx1 =      19, elements =        32
Solve Time =   0.3269E-08
 
nelt =       1, np =        32, nx1 =      19, elements =        32
Solve Time =   0.3261E-08
 schfile:
 /gpfs/theta-fs1/home/thilina/env/lx19/b5.sch                                   
                                                      
 19       32  1.0000E+00  1.0000E+00  1.0000E+00  error v
 19       32  1.0000E+00  1.0000E+00  1.0000E+00  error v
 19       32  1.0000E+00  1.0000E+00  1.0000E+00  error v
 19       32  1.0000E+00  1.0000E+00  1.0000E+00  error v
 19       32  1.0000E+00  1.0000E+00  1.0000E+00  error v
 19       32  1.0000E+00  1.0000E+00  1.0000E+00  error v
 19       32  1.0000E+00  1.0000E+00  1.0000E+00  error v
 19       32  1.0000E+00  1.0000E+00  1.0000E+00  error v
 19       32  1.0000E+00  1.0000E+00  1.0000E+00  error v
 19       32  1.0000E+00  1.0000E+00  1.0000E+00  error v
 19       32  1.0000E+00  1.0000E+00  1.0000E+00  error v
 19       32  1.0000E+00  1.0000E+00  1.0000E+00  error v
 19       32  1.0000E+00  1.0000E+00  1.0000E+00  error v
 19       32  1.0000E+00  1.0000E+00  1.0000E+00  error v
 19       32  1.0000E+00  1.0000E+00  1.0000E+00  error v
 19       32  1.0000E+00  1.0000E+00  1.0000E+00  error v
 19       32  1.0000E+00  1.0000E+00  1.0000E+00  error v
 19       32  1.0000E+00  1.0000E+00  1.0000E+00  error v
 19       32  1.0000E+00  1.0000E+00  1.0000E+00  error v
 19       32  1.0000E+00  1.0000E+00  1.0000E+00  error v
 19       32  1.0000E+00  1.0000E+00  1.0000E+00  error v
 19       32  1.0000E+00  1.0000E+00  1.0000E+00  error v
 19       32  1.0000E+00  1.0000E+00  1.0000E+00  error v
 19       32  1.0000E+00  1.0000E+00  1.0000E+00  error v
 19       32  1.0000E+00  1.0000E+00  1.0000E+00  error v
 19       32  1.0000E+00  1.0000E+00  1.0000E+00  error v
 19       32  1.0000E+00  1.0000E+00  1.0000E+00  error v
 19       32  1.0000E+00  1.0000E+00  1.0000E+00  error v
 19       32  1.0000E+00  1.0000E+00  1.0000E+00  error v
 19       32  1.0000E+00  1.0000E+00  1.0000E+00  error v
 19       32  1.0000E+00  1.0000E+00  1.0000E+00  error v
 19       32  1.0000E+00  1.0000E+00  1.0000E+00  error v
 
nelt =       1, np =        32, nx1 =      19, elements =        32
Solve Time =   0.3889E-08
 
nelt =       1, np =        32, nx1 =      19, elements =        32
Solve Time =   0.3858E-08
 
nelt =       1, np =        32, nx1 =      19, elements =        32
Solve Time =   0.3871E-08
 
nelt =       1, np =        32, nx1 =      19, elements =        32
Solve Time =   0.3872E-08
 
nelt =       1, np =        32, nx1 =      19, elements =        32
Solve Time =   0.3871E-08
 
nelt =       1, np =        32, nx1 =      19, elements =        32
Solve Time =   0.3857E-08
 
nelt =       1, np =        32, nx1 =      19, elements =        32
Solve Time =   0.3864E-08
 
nelt =       1, np =        32, nx1 =      19, elements =        32
Solve Time =   0.3870E-08
 
nelt =       1, np =        32, nx1 =      19, elements =        32
Solve Time =   0.3870E-08
 
nelt =       1, np =        32, nx1 =      19, elements =        32
Solve Time =   0.3861E-08
 19       32  2.3108E-03  2.3108E-03  2.3108E-03  error s
 19       32  2.3108E-03  2.3108E-03  2.3108E-03  error s
 19       32  2.3108E-03  2.3108E-03  2.3108E-03  error s
 19       32  2.3108E-03  2.3108E-03  2.3108E-03  error s
 19       32  2.3108E-03  2.3108E-03  2.3108E-03  error s
 19       32  2.3108E-03  2.3108E-03  2.3108E-03  error s
 19       32  2.3108E-03  2.3108E-03  2.3108E-03  error s
 19       32  2.3108E-03  2.3108E-03  2.3108E-03  error s
 19       32  2.3108E-03  2.3108E-03  2.3108E-03  error s
 19       32  2.3108E-03  2.3108E-03  2.3108E-03  error s
 19       32  2.3108E-03  2.3108E-03  2.3108E-03  error s
 19       32  2.3108E-03  2.3108E-03  2.3108E-03  error s
 19       32  2.3108E-03  2.3108E-03  2.3108E-03  error s
 19       32  2.3108E-03  2.3108E-03  2.3108E-03  error s
 19       32  2.3108E-03  2.3108E-03  2.3108E-03  error s
 19       32  2.3108E-03  2.3108E-03  2.3108E-03  error s
 19       32  2.3108E-03  2.3108E-03  2.3108E-03  error s
 19       32  2.3108E-03  2.3108E-03  2.3108E-03  error s
 19       32  2.3108E-03  2.3108E-03  2.3108E-03  error s
 19       32  2.3108E-03  2.3108E-03  2.3108E-03  error s
 19       32  2.3108E-03  2.3108E-03  2.3108E-03  error s
 19       32  2.3108E-03  2.3108E-03  2.3108E-03  error s
 19       32  2.3108E-03  2.3108E-03  2.3108E-03  error s
 19       32  2.3108E-03  2.3108E-03  2.3108E-03  error s
 19       32  2.3108E-03  2.3108E-03  2.3108E-03  error s
 19       32  2.3108E-03  2.3108E-03  2.3108E-03  error s
 19       32  2.3108E-03  2.3108E-03  2.3108E-03  error s
 19       32  2.3108E-03  2.3108E-03  2.3108E-03  error s
 19       32  2.3108E-03  2.3108E-03  2.3108E-03  error s
 19       32  2.3108E-03  2.3108E-03  2.3108E-03  error s
 19       32  2.3108E-03  2.3108E-03  2.3108E-03  error s
 19       32  2.3108E-03  2.3108E-03  2.3108E-03  error s
 
nelt =       1, np =        32, nx1 =      19, elements =        32
Solve Time =   0.4130E-08
 
nelt =       1, np =        32, nx1 =      19, elements =        32
Solve Time =   0.4102E-08
 
nelt =       1, np =        32, nx1 =      19, elements =        32
Solve Time =   0.4100E-08
 
nelt =       1, np =        32, nx1 =      19, elements =        32
Solve Time =   0.4117E-08
 
nelt =       1, np =        32, nx1 =      19, elements =        32
Solve Time =   0.4107E-08
 
nelt =       1, np =        32, nx1 =      19, elements =        32
Solve Time =   0.4103E-08
 
nelt =       1, np =        32, nx1 =      19, elements =        32
Solve Time =   0.4107E-08
 
nelt =       1, np =        32, nx1 =      19, elements =        32
Solve Time =   0.4118E-08
 
nelt =       1, np =        32, nx1 =      19, elements =        32
Solve Time =   0.4099E-08
 
nelt =       1, np =        32, nx1 =      19, elements =        32
Solve Time =   0.4103E-08
 19       32  2.3117E-03  2.3117E-03  2.3117E-03  error n
 19       32  2.3117E-03  2.3117E-03  2.3117E-03  error n
 19       32  2.3117E-03  2.3117E-03  2.3117E-03  error n
 19       32  2.3117E-03  2.3117E-03  2.3117E-03  error n
 19       32  2.3117E-03  2.3117E-03  2.3117E-03  error n
 19       32  2.3117E-03  2.3117E-03  2.3117E-03  error n
 19       32  2.3117E-03  2.3117E-03  2.3117E-03  error n
 19       32  2.3117E-03  2.3117E-03  2.3117E-03  error n
 19       32  2.3117E-03  2.3117E-03  2.3117E-03  error n
 19       32  2.3117E-03  2.3117E-03  2.3117E-03  error n
 19       32  2.3117E-03  2.3117E-03  2.3117E-03  error n
 19       32  2.3117E-03  2.3117E-03  2.3117E-03  error n
 19       32  2.3117E-03  2.3117E-03  2.3117E-03  error n
 19       32  2.3117E-03  2.3117E-03  2.3117E-03  error n
 19       32  2.3117E-03  2.3117E-03  2.3117E-03  error n
 19       32  2.3117E-03  2.3117E-03  2.3117E-03  error n
 19       32  2.3117E-03  2.3117E-03  2.3117E-03  error n
 19       32  2.3117E-03  2.3117E-03  2.3117E-03  error n
 19       32  2.3117E-03  2.3117E-03  2.3117E-03  error n
 19       32  2.3117E-03  2.3117E-03  2.3117E-03  error n
 19       32  2.3117E-03  2.3117E-03  2.3117E-03  error n
 19       32  2.3117E-03  2.3117E-03  2.3117E-03  error n
 19       32  2.3117E-03  2.3117E-03  2.3117E-03  error n
 19       32  2.3117E-03  2.3117E-03  2.3117E-03  error n
 19       32  2.3117E-03  2.3117E-03  2.3117E-03  error n
 19       32  2.3117E-03  2.3117E-03  2.3117E-03  error n
 19       32  2.3117E-03  2.3117E-03  2.3117E-03  error n
 19       32  2.3117E-03  2.3117E-03  2.3117E-03  error n
 19       32  2.3117E-03  2.3117E-03  2.3117E-03  error n
 19       32  2.3117E-03  2.3117E-03  2.3117E-03  error n
 19       32  2.3117E-03  2.3117E-03  2.3117E-03  error n
 19       32  2.3117E-03  2.3117E-03  2.3117E-03  error n
  18       32  100  0.0000E+00  0.0000E+00  0.0000E+00 time for 3 hmholtz
EXIT: quit after cggov         18
  
call exitt: dying ...
  
backtrace(): obtained 8 stack frames.
./nek5000() [0x784f35]
./nek5000() [0x968cb9]
./nek5000() [0x40dfcc]
./nek5000() [0x428f26]
./nek5000() [0x4274de]
./nek5000() [0x4054fe]
/lib64/libc.so.6(__libc_start_main+0xf5) [0x2aaab1ca3b25]
./nek5000() [0x405409]
  
total elapsed time             :   6.32534E+01 sec
total solver time incl. I/O    :   0.00000E+00 sec
time/timestep                  :   0.00000E+00 sec
CPU seconds/timestep/gridpt    :   0.00000E+00 sec

Application 2260020 resources: utime ~1974s, stime ~52s, Rss ~80200, inblocks ~0, outblocks ~0
