/----------------------------------------------------------\\
|      _   __ ______ __ __  ______  ____   ____   ____     |
|     / | / // ____// //_/ / ____/ / __ \\/ __ \\/ __ \\   |
|    /  |/ // __/  / ,<   /___ \\ / / / // / / // / / /    |
|   / /|  // /___ / /| | ____/ / / /_/ // /_/ // /_/ /     |
|  /_/ |_//_____//_/ |_|/_____/  \\___/ \\___/ \\___/      |
|                                                          |
|----------------------------------------------------------|
|                                                          |
| NEK5000:  Open Source Spectral Element Solver            |
| COPYRIGHT (c) 2008-2016 UCHICAGO ARGONNE, LLC            |
| Version:  16.0.0                                         |
| Web:      http://nek5000.mcs.anl.gov                     |
|                                                          |
\\----------------------------------------------------------/
                                                              

 Number of processors:         128
 REAL    wdsize      :           8
 INTEGER wdsize      :           4
 Timer accuracy      : 5.01E-07
 Reading /gpfs/theta-fs1/home/thilina/env/lx19/b9.rea                                                                                        

 mapping elements to processors
 Reading /gpfs/theta-fs1/home/thilina/env/lx19/b9.map                                                                                        
 RANK     0 IEG     449     450     457     458
 element load imbalance:            0           4           4
 done :: mapping elements to processors
  
           0  objects found
 118   Parameters from file:
   1      1.00000     p001 DENSITY
   2     -100.000     p002 VISCOS
   7      1.00000     p007 RHOCP
   8      1.00000     p008 CONDUCT
  11      1.00        p011 NSTEPS
  12    -0.500000E-02 p012 DT
  21     0.100000E-05 p021 DIVERGENCE
  22     0.100000E-07 p022 HELMHOLTZ
  24     0.100000E-09 p024 TOLREL
  25     0.100000E-09 p025 TOLABS
  26     0.250000     p026 COURANT/NTAU
  27      2.00000     p027 TORDER
  66      6.00000     p066 output : <0=ascii, else binary
  67      6.00000     p067 restart: <0=ascii, else binary
  99      3.00000     p099 dealiasing: <0--> off/3--> old/4--> new
 103     0.500000E-01 p103 weight of stabilizing filter (.01)
  
 nelgt/nelgv/lelt:         512         512         100
 lx1  /lx2  /lx3 :          19          19          19
 done :: read .rea file   0.40053     sec

 setup mesh topology
   Right-handed check complete for     512 elements. OK.
   setvert3d:  19      533169     3048625      533169      533169
 call usrsetvert
 done :: usrsetvert

gs_setup: 265993 unique labels shared
   pairwise times (avg, min, max): 0.000227253 0.000198603 0.000254083
   crystal router                : 0.000657283 0.000651908 0.00066421
   used all_to_all method: pairwise
   handle bytes (avg, min, max): 140489 99836 164828
   buffer bytes (avg, min, max): 75931 45904 94880
   setupds time 1.8551E-01 seconds   0 19      533169         512
           8  max multiplicity
 done :: setup mesh topology
  
 call usrdat
 done :: usrdat

 generate geometry data
 done :: generate geometry data
  
 call usrdat2
 done :: usrdat2

 regenerate geometry data           1
 NOTE: All elements deformed , param(59) ^=0
 done :: regenerate geometry data           1
  
 verify mesh topology
  0.000000000000000E+000   1.00000000000000       Xrange
  0.000000000000000E+000   1.00000000000000       Yrange
  0.000000000000000E+000   1.00000000000000       Zrange
 done :: verify mesh topology
  
 IFTRAN   = T
 IFFLOW   = T
 IFHEAT   = F
 IFSPLIT  = T
 IFLOMACH = F
 IFUSERVP = F
 IFUSERMV = F
 IFSTRS   = F
 IFCHAR   = F
 IFCYCLIC = F
 IFAXIS   = F
 IFMVBD   = F
 IFMELT   = F
 IFMODEL  = F
 IFKEPS   = F
 IFMOAB   = F
 IFNEKNEK = F
 IFSYNC   = T
   
 IFVCOR   = T
 IFINTQ   = F
 IFCWUZ   = F
 IFSWALL  = F
 IFGEOM   = F
 IFSURT   = F
 IFWCNO   = F
   
 IFTMSH for field           1    =  F
 IFADVC for field           1    =  T
 IFNONL for field           1    =  F
   
 Dealiasing enabled, lxd=          28
  
 Estimated eigenvalues
 EIGAA =    9.86960440108936     
 EIGGA =    9145004.00026942     
 EIGAE =    9.86960440108936     
 EIGAS =   8.333333333333333E-002
 EIGGE =    9145004.00026942     
 EIGGS =    2.00000000000000     
  
 verify mesh topology
  0.000000000000000E+000   1.00000000000000       Xrange
  0.000000000000000E+000   1.00000000000000       Yrange
  0.000000000000000E+000   1.00000000000000       Zrange
 done :: verify mesh topology
  
  E-solver strategy:  0 itr
 mg_nx:           1           9          18
 mg_ny:           1           9          18
 mg_nz:           1           9          18
 call usrsetvert
 done :: usrsetvert

gs_setup: 657 unique labels shared
   pairwise times (avg, min, max): 0.000109182 9.62973e-05 0.000123119
   crystal router                : 5.13831e-05 5.11885e-05 5.16176e-05
   all reduce                    : 0.000124968 0.000124407 0.000125694
   used all_to_all method: crystal router
   handle bytes (avg, min, max): 7051 6436 7708
   buffer bytes (avg, min, max): 871 688 1008
   setupds time 9.0499E-03 seconds   1  2         729         512
   setvert3d:   4       11529       15625       11529       11529
 call usrsetvert
 done :: usrsetvert

gs_setup: 6913 unique labels shared
   pairwise times (avg, min, max): 0.000107687 9.31025e-05 0.000121093
   crystal router                : 4.99226e-05 4.94003e-05 5.04971e-05
   all reduce                    : 0.00044127 0.00043788 0.000446987
   used all_to_all method: crystal router
   handle bytes (avg, min, max): 39003 30996 45276
   buffer bytes (avg, min, max): 5253 4112 6256
   setupds time 2.2198E-02 seconds   2  4       11529         512
   setvert3d:  10      126873      389017      126873      126873
 call usrsetvert
 done :: usrsetvert

gs_setup: 65617 unique labels shared
   pairwise times (avg, min, max): 0.000131946 0.00011971 0.000145578
   crystal router                : 0.000168471 0.000165892 0.000171399
   all reduce                    : 0.0015898 0.00158539 0.00159769
   used all_to_all method: pairwise
   handle bytes (avg, min, max): 37583 26828 44084
   buffer bytes (avg, min, max): 21247 12640 26912
   setupds time 1.1893E-01 seconds   3 10      126873         512
   setvert3d:  12      192969      704969      192969      192969
 call usrsetvert
 done :: usrsetvert

gs_setup: 98497 unique labels shared
   pairwise times (avg, min, max): 0.000134692 0.000117111 0.000149202
   crystal router                : 0.00022381 0.000221205 0.000227404
   all reduce                    : 0.00268328 0.0026808 0.00268791
   used all_to_all method: pairwise
   handle bytes (avg, min, max): 54739 39020 64196
   buffer bytes (avg, min, max): 30487 18240 38432
   setupds time 1.3420E-01 seconds   4 12      192969         512
 regenerate geometry data           1
 NOTE: All elements deformed , param(59) ^=0
 done :: regenerate geometry data           1
  
 h1_mg_nx:           1           3          18
 h1_mg_ny:           1           3          18
 h1_mg_nz:           1           3          18
 call usrsetvert
 done :: usrsetvert

gs_setup: 657 unique labels shared
   pairwise times (avg, min, max): 0.000104389 9.30786e-05 0.000115204
   crystal router                : 4.7252e-05 4.68969e-05 4.81129e-05
   all reduce                    : 0.000122354 0.000120997 0.000124311
   used all_to_all method: crystal router
   handle bytes (avg, min, max): 7051 6436 7708
   buffer bytes (avg, min, max): 871 688 1008
   setupds time 9.5360E-03 seconds   5  2         729         512
   setvert3d:   4       11529       15625       11529       11529
 call usrsetvert
 done :: usrsetvert

gs_setup: 6913 unique labels shared
   pairwise times (avg, min, max): 0.000110065 9.91106e-05 0.000121498
   crystal router                : 5.13226e-05 5.07832e-05 5.21183e-05
   all reduce                    : 0.000482705 0.00048039 0.000485301
   used all_to_all method: crystal router
   handle bytes (avg, min, max): 39003 30996 45276
   buffer bytes (avg, min, max): 5253 4112 6256
   setupds time 2.2639E-02 seconds   6  4       11529         512
   setvert3d:   4       11529       15625       11529       11529
 call usrsetvert
 done :: usrsetvert

gs_setup: 6913 unique labels shared
   pairwise times (avg, min, max): 0.000105214 9.0909e-05 0.000117517
   crystal router                : 5.9098e-05 5.81026e-05 6.01053e-05
   all reduce                    : 0.000432365 0.000430107 0.000435495
   used all_to_all method: crystal router
   handle bytes (avg, min, max): 39003 30996 45276
   buffer bytes (avg, min, max): 5253 4112 6256
   setupds time 1.6001E-02 seconds   7  4       11529         512
   setvert3d:   6       36153       68921       36153       36153
 call usrsetvert
 done :: usrsetvert

gs_setup: 19825 unique labels shared
   pairwise times (avg, min, max): 0.000106792 9.36031e-05 0.000119805
   crystal router                : 8.60207e-05 8.51154e-05 8.76904e-05
   all reduce                    : 0.000987667 0.000980806 0.000998497
   used all_to_all method: crystal router
   handle bytes (avg, min, max): 98795 75524 116636
   buffer bytes (avg, min, max): 13287 10032 15600
   setupds time 4.7401E-02 seconds   8  6       36153         512
   setvert3d:  19      533169     3048625      533169      533169
 call usrsetvert
 done :: usrsetvert

gs_setup: 265993 unique labels shared
   pairwise times (avg, min, max): 0.000179069 0.000158 0.000202703
   crystal router                : 0.000633058 0.000625992 0.000641108
   used all_to_all method: pairwise
   handle bytes (avg, min, max): 140489 99836 164828
   buffer bytes (avg, min, max): 75931 45904 94880
   setupds time 1.6186E-01 seconds   9 19      533169         512
   setvert3d:  21      661473     4173281      661473      661473
 call usrsetvert
 done :: usrsetvert

gs_setup: 328825 unique labels shared
   pairwise times (avg, min, max): 0.000194783 0.000175405 0.000217509
   crystal router                : 0.000751951 0.000745201 0.000759697
   used all_to_all method: pairwise
   handle bytes (avg, min, max): 172333 122396 202220
   buffer bytes (avg, min, max): 92659 56112 115616
   setupds time 1.9297E-01 seconds  10 21      661473         512
 setup h1 coarse grid, nx_crs=           2
 call usrsetvert
 done :: usrsetvert

gs_setup: 657 unique labels shared
   pairwise times (avg, min, max): 9.36516e-05 8.34942e-05 0.000102997
   crystal router                : 4.84392e-05 4.73976e-05 4.96149e-05
   all reduce                    : 0.000120731 0.000119901 0.000121212
   used all_to_all method: crystal router
   handle bytes (avg, min, max): 7051 6436 7708
   buffer bytes (avg, min, max): 871 688 1008
 done :: setup h1 coarse grid   5.211687088012695E-002  sec
  
 call usrdat3
 done :: usrdat3

 set initial conditions
 nekuic (1) for ifld            1
 call nekuic for vel  
 xyz min     0.0000       0.0000       0.0000    
 uvwpt min   0.0000       0.0000       0.0000       0.0000       0.0000    
 PS min      0.0000       0.0000      0.99000E+22
 xyz max     1.0000       1.0000       1.0000    
 uvwpt max   0.0000       0.0000       0.0000       0.0000       0.0000    
 PS max      0.0000       0.0000     -0.99000E+22
 done :: set initial conditions
  
 call userchk
GFM max:  3.0707E-04  3.0707E-04  3.0707E-04  8.1331E-17  8.1331E-17  8.1331E-17
 
nelt =       4, np =       128, nx1 =      19, elements =       512
Solve Time =   0.8520E-09
 
nelt =       4, np =       128, nx1 =      19, elements =       512
Solve Time =   0.8430E-09
 
nelt =       4, np =       128, nx1 =      19, elements =       512
Solve Time =   0.8416E-09
 
nelt =       4, np =       128, nx1 =      19, elements =       512
Solve Time =   0.8422E-09
 
nelt =       4, np =       128, nx1 =      19, elements =       512
Solve Time =   0.8418E-09
 
nelt =       4, np =       128, nx1 =      19, elements =       512
Solve Time =   0.8433E-09
 
nelt =       4, np =       128, nx1 =      19, elements =       512
Solve Time =   0.8421E-09
 
nelt =       4, np =       128, nx1 =      19, elements =       512
Solve Time =   0.8423E-09
 
nelt =       4, np =       128, nx1 =      19, elements =       512
Solve Time =   0.8424E-09
 
nelt =       4, np =       128, nx1 =      19, elements =       512
Solve Time =   0.8430E-09
 
nelt =       4, np =       128, nx1 =      19, elements =       512
Solve Time =   0.7152E-09
 
nelt =       4, np =       128, nx1 =      19, elements =       512
Solve Time =   0.7135E-09
 
nelt =       4, np =       128, nx1 =      19, elements =       512
Solve Time =   0.7137E-09
 
nelt =       4, np =       128, nx1 =      19, elements =       512
Solve Time =   0.7145E-09
 
nelt =       4, np =       128, nx1 =      19, elements =       512
Solve Time =   0.7138E-09
 
nelt =       4, np =       128, nx1 =      19, elements =       512
Solve Time =   0.7143E-09
 
nelt =       4, np =       128, nx1 =      19, elements =       512
Solve Time =   0.7135E-09
 
nelt =       4, np =       128, nx1 =      19, elements =       512
Solve Time =   0.7143E-09
 
nelt =       4, np =       128, nx1 =      19, elements =       512
Solve Time =   0.7138E-09
 
nelt =       4, np =       128, nx1 =      19, elements =       512
Solve Time =   0.7133E-09
 
nelt =       4, np =       128, nx1 =      19, elements =       512
Solve Time =   0.7647E-09
 
nelt =       4, np =       128, nx1 =      19, elements =       512
Solve Time =   0.7627E-09
 
nelt =       4, np =       128, nx1 =      19, elements =       512
Solve Time =   0.7630E-09
 
nelt =       4, np =       128, nx1 =      19, elements =       512
Solve Time =   0.7626E-09
 
nelt =       4, np =       128, nx1 =      19, elements =       512
Solve Time =   0.7622E-09
 
nelt =       4, np =       128, nx1 =      19, elements =       512
Solve Time =   0.7630E-09
 
nelt =       4, np =       128, nx1 =      19, elements =       512
Solve Time =   0.7627E-09
 
nelt =       4, np =       128, nx1 =      19, elements =       512
Solve Time =   0.7626E-09
 
nelt =       4, np =       128, nx1 =      19, elements =       512
Solve Time =   0.7627E-09
 
nelt =       4, np =       128, nx1 =      19, elements =       512
Solve Time =   0.7664E-09
 
nelt =       4, np =       128, nx1 =      19, elements =       512
Solve Time =   0.8222E-09
 
nelt =       4, np =       128, nx1 =      19, elements =       512
Solve Time =   0.8215E-09
 
nelt =       4, np =       128, nx1 =      19, elements =       512
Solve Time =   0.8219E-09
 
nelt =       4, np =       128, nx1 =      19, elements =       512
Solve Time =   0.8226E-09
 
nelt =       4, np =       128, nx1 =      19, elements =       512
Solve Time =   0.8213E-09
 
nelt =       4, np =       128, nx1 =      19, elements =       512
Solve Time =   0.8217E-09
 
nelt =       4, np =       128, nx1 =      19, elements =       512
Solve Time =   0.8215E-09
 
nelt =       4, np =       128, nx1 =      19, elements =       512
Solve Time =   0.8215E-09
 
nelt =       4, np =       128, nx1 =      19, elements =       512
Solve Time =   0.8227E-09
 
nelt =       4, np =       128, nx1 =      19, elements =       512
Solve Time =   0.8220E-09
 
nelt =       4, np =       128, nx1 =      19, elements =       512
Solve Time =   0.8779E-09
 
nelt =       4, np =       128, nx1 =      19, elements =       512
Solve Time =   0.8757E-09
 
nelt =       4, np =       128, nx1 =      19, elements =       512
Solve Time =   0.8768E-09
 
nelt =       4, np =       128, nx1 =      19, elements =       512
Solve Time =   0.8765E-09
 
nelt =       4, np =       128, nx1 =      19, elements =       512
Solve Time =   0.8774E-09
 
nelt =       4, np =       128, nx1 =      19, elements =       512
Solve Time =   0.8767E-09
 
nelt =       4, np =       128, nx1 =      19, elements =       512
Solve Time =   0.8775E-09
 
nelt =       4, np =       128, nx1 =      19, elements =       512
Solve Time =   0.8764E-09
 
nelt =       4, np =       128, nx1 =      19, elements =       512
Solve Time =   0.8773E-09
 
nelt =       4, np =       128, nx1 =      19, elements =       512
Solve Time =   0.8779E-09
 schfile:
 /gpfs/theta-fs1/home/thilina/env/lx19/b9.sch                                   
                                                      
 19      512  1.0000E+00  1.0000E+00  1.0000E+00  error v
 19      512  1.0000E+00  1.0000E+00  1.0000E+00  error v
 19      512  1.0000E+00  1.0000E+00  1.0000E+00  error v
 19      512  1.0000E+00  1.0000E+00  1.0000E+00  error v
 19      512  1.0000E+00  1.0000E+00  1.0000E+00  error v
 19      512  1.0000E+00  1.0000E+00  1.0000E+00  error v
 19      512  1.0000E+00  1.0000E+00  1.0000E+00  error v
 19      512  1.0000E+00  1.0000E+00  1.0000E+00  error v
 19      512  1.0000E+00  1.0000E+00  1.0000E+00  error v
 19      512  1.0000E+00  1.0000E+00  1.0000E+00  error v
 19      512  1.0000E+00  1.0000E+00  1.0000E+00  error v
 19      512  1.0000E+00  1.0000E+00  1.0000E+00  error v
 19      512  1.0000E+00  1.0000E+00  1.0000E+00  error v
 19      512  1.0000E+00  1.0000E+00  1.0000E+00  error v
 19      512  1.0000E+00  1.0000E+00  1.0000E+00  error v
 19      512  1.0000E+00  1.0000E+00  1.0000E+00  error v
 19      512  1.0000E+00  1.0000E+00  1.0000E+00  error v
 19      512  1.0000E+00  1.0000E+00  1.0000E+00  error v
 19      512  1.0000E+00  1.0000E+00  1.0000E+00  error v
 19      512  1.0000E+00  1.0000E+00  1.0000E+00  error v
 19      512  1.0000E+00  1.0000E+00  1.0000E+00  error v
 19      512  1.0000E+00  1.0000E+00  1.0000E+00  error v
 19      512  1.0000E+00  1.0000E+00  1.0000E+00  error v
 19      512  1.0000E+00  1.0000E+00  1.0000E+00  error v
 19      512  1.0000E+00  1.0000E+00  1.0000E+00  error v
 19      512  1.0000E+00  1.0000E+00  1.0000E+00  error v
 19      512  1.0000E+00  1.0000E+00  1.0000E+00  error v
 19      512  1.0000E+00  1.0000E+00  1.0000E+00  error v
 19      512  1.0000E+00  1.0000E+00  1.0000E+00  error v
 19      512  1.0000E+00  1.0000E+00  1.0000E+00  error v
 19      512  1.0000E+00  1.0000E+00  1.0000E+00  error v
 19      512  1.0000E+00  1.0000E+00  1.0000E+00  error v
 19      512  1.0000E+00  1.0000E+00  1.0000E+00  error v
 19      512  1.0000E+00  1.0000E+00  1.0000E+00  error v
 19      512  1.0000E+00  1.0000E+00  1.0000E+00  error v
 19      512  1.0000E+00  1.0000E+00  1.0000E+00  error v
 19      512  1.0000E+00  1.0000E+00  1.0000E+00  error v
 19      512  1.0000E+00  1.0000E+00  1.0000E+00  error v
 19      512  1.0000E+00  1.0000E+00  1.0000E+00  error v
 19      512  1.0000E+00  1.0000E+00  1.0000E+00  error v
 19      512  1.0000E+00  1.0000E+00  1.0000E+00  error v
 19      512  1.0000E+00  1.0000E+00  1.0000E+00  error v
 19      512  1.0000E+00  1.0000E+00  1.0000E+00  error v
 19      512  1.0000E+00  1.0000E+00  1.0000E+00  error v
 19      512  1.0000E+00  1.0000E+00  1.0000E+00  error v
 19      512  1.0000E+00  1.0000E+00  1.0000E+00  error v
 19      512  1.0000E+00  1.0000E+00  1.0000E+00  error v
 19      512  1.0000E+00  1.0000E+00  1.0000E+00  error v
 19      512  1.0000E+00  1.0000E+00  1.0000E+00  error v
 19      512  1.0000E+00  1.0000E+00  1.0000E+00  error v
 19      512  1.0000E+00  1.0000E+00  1.0000E+00  error v
 19      512  1.0000E+00  1.0000E+00  1.0000E+00  error v
 19      512  1.0000E+00  1.0000E+00  1.0000E+00  error v
 19      512  1.0000E+00  1.0000E+00  1.0000E+00  error v
 19      512  1.0000E+00  1.0000E+00  1.0000E+00  error v
 19      512  1.0000E+00  1.0000E+00  1.0000E+00  error v
 19      512  1.0000E+00  1.0000E+00  1.0000E+00  error v
 19      512  1.0000E+00  1.0000E+00  1.0000E+00  error v
 19      512  1.0000E+00  1.0000E+00  1.0000E+00  error v
 19      512  1.0000E+00  1.0000E+00  1.0000E+00  error v
 19      512  1.0000E+00  1.0000E+00  1.0000E+00  error v
 19      512  1.0000E+00  1.0000E+00  1.0000E+00  error v
 19      512  1.0000E+00  1.0000E+00  1.0000E+00  error v
 19      512  1.0000E+00  1.0000E+00  1.0000E+00  error v
 19      512  1.0000E+00  1.0000E+00  1.0000E+00  error v
 19      512  1.0000E+00  1.0000E+00  1.0000E+00  error v
 19      512  1.0000E+00  1.0000E+00  1.0000E+00  error v
 19      512  1.0000E+00  1.0000E+00  1.0000E+00  error v
 19      512  1.0000E+00  1.0000E+00  1.0000E+00  error v
 19      512  1.0000E+00  1.0000E+00  1.0000E+00  error v
 19      512  1.0000E+00  1.0000E+00  1.0000E+00  error v
 19      512  1.0000E+00  1.0000E+00  1.0000E+00  error v
 19      512  1.0000E+00  1.0000E+00  1.0000E+00  error v
 19      512  1.0000E+00  1.0000E+00  1.0000E+00  error v
 19      512  1.0000E+00  1.0000E+00  1.0000E+00  error v
 19      512  1.0000E+00  1.0000E+00  1.0000E+00  error v
 19      512  1.0000E+00  1.0000E+00  1.0000E+00  error v
 19      512  1.0000E+00  1.0000E+00  1.0000E+00  error v
 19      512  1.0000E+00  1.0000E+00  1.0000E+00  error v
 19      512  1.0000E+00  1.0000E+00  1.0000E+00  error v
 19      512  1.0000E+00  1.0000E+00  1.0000E+00  error v
 19      512  1.0000E+00  1.0000E+00  1.0000E+00  error v
 19      512  1.0000E+00  1.0000E+00  1.0000E+00  error v
 19      512  1.0000E+00  1.0000E+00  1.0000E+00  error v
 19      512  1.0000E+00  1.0000E+00  1.0000E+00  error v
 19      512  1.0000E+00  1.0000E+00  1.0000E+00  error v
 19      512  1.0000E+00  1.0000E+00  1.0000E+00  error v
 19      512  1.0000E+00  1.0000E+00  1.0000E+00  error v
 19      512  1.0000E+00  1.0000E+00  1.0000E+00  error v
 19      512  1.0000E+00  1.0000E+00  1.0000E+00  error v
 19      512  1.0000E+00  1.0000E+00  1.0000E+00  error v
 19      512  1.0000E+00  1.0000E+00  1.0000E+00  error v
 19      512  1.0000E+00  1.0000E+00  1.0000E+00  error v
 19      512  1.0000E+00  1.0000E+00  1.0000E+00  error v
 19      512  1.0000E+00  1.0000E+00  1.0000E+00  error v
 19      512  1.0000E+00  1.0000E+00  1.0000E+00  error v
 19      512  1.0000E+00  1.0000E+00  1.0000E+00  error v
 19      512  1.0000E+00  1.0000E+00  1.0000E+00  error v
 19      512  1.0000E+00  1.0000E+00  1.0000E+00  error v
 19      512  1.0000E+00  1.0000E+00  1.0000E+00  error v
 19      512  1.0000E+00  1.0000E+00  1.0000E+00  error v
 19      512  1.0000E+00  1.0000E+00  1.0000E+00  error v
 19      512  1.0000E+00  1.0000E+00  1.0000E+00  error v
 19      512  1.0000E+00  1.0000E+00  1.0000E+00  error v
 19      512  1.0000E+00  1.0000E+00  1.0000E+00  error v
 19      512  1.0000E+00  1.0000E+00  1.0000E+00  error v
 19      512  1.0000E+00  1.0000E+00  1.0000E+00  error v
 19      512  1.0000E+00  1.0000E+00  1.0000E+00  error v
 19      512  1.0000E+00  1.0000E+00  1.0000E+00  error v
 19      512  1.0000E+00  1.0000E+00  1.0000E+00  error v
 19      512  1.0000E+00  1.0000E+00  1.0000E+00  error v
 19      512  1.0000E+00  1.0000E+00  1.0000E+00  error v
 19      512  1.0000E+00  1.0000E+00  1.0000E+00  error v
 19      512  1.0000E+00  1.0000E+00  1.0000E+00  error v
 19      512  1.0000E+00  1.0000E+00  1.0000E+00  error v
 19      512  1.0000E+00  1.0000E+00  1.0000E+00  error v
 19      512  1.0000E+00  1.0000E+00  1.0000E+00  error v
 19      512  1.0000E+00  1.0000E+00  1.0000E+00  error v
 19      512  1.0000E+00  1.0000E+00  1.0000E+00  error v
 19      512  1.0000E+00  1.0000E+00  1.0000E+00  error v
 19      512  1.0000E+00  1.0000E+00  1.0000E+00  error v
 19      512  1.0000E+00  1.0000E+00  1.0000E+00  error v
 19      512  1.0000E+00  1.0000E+00  1.0000E+00  error v
 19      512  1.0000E+00  1.0000E+00  1.0000E+00  error v
 19      512  1.0000E+00  1.0000E+00  1.0000E+00  error v
 19      512  1.0000E+00  1.0000E+00  1.0000E+00  error v
 19      512  1.0000E+00  1.0000E+00  1.0000E+00  error v
 19      512  1.0000E+00  1.0000E+00  1.0000E+00  error v
 
nelt =       4, np =       128, nx1 =      19, elements =       512
Solve Time =   0.1021E-08
 
nelt =       4, np =       128, nx1 =      19, elements =       512
Solve Time =   0.1015E-08
 
nelt =       4, np =       128, nx1 =      19, elements =       512
Solve Time =   0.1016E-08
 
nelt =       4, np =       128, nx1 =      19, elements =       512
Solve Time =   0.1014E-08
 
nelt =       4, np =       128, nx1 =      19, elements =       512
Solve Time =   0.1016E-08
 
nelt =       4, np =       128, nx1 =      19, elements =       512
Solve Time =   0.1016E-08
 
nelt =       4, np =       128, nx1 =      19, elements =       512
Solve Time =   0.1016E-08
 
nelt =       4, np =       128, nx1 =      19, elements =       512
Solve Time =   0.1015E-08
 
nelt =       4, np =       128, nx1 =      19, elements =       512
Solve Time =   0.1015E-08
 
nelt =       4, np =       128, nx1 =      19, elements =       512
Solve Time =   0.1016E-08
 19      512  4.6794E-05  4.6794E-05  4.6794E-05  error s
 19      512  4.6794E-05  4.6794E-05  4.6794E-05  error s
 19      512  4.6794E-05  4.6794E-05  4.6794E-05  error s
 19      512  4.6794E-05  4.6794E-05  4.6794E-05  error s
 19      512  4.6794E-05  4.6794E-05  4.6794E-05  error s
 19      512  4.6794E-05  4.6794E-05  4.6794E-05  error s
 19      512  4.6794E-05  4.6794E-05  4.6794E-05  error s
 19      512  4.6794E-05  4.6794E-05  4.6794E-05  error s
 19      512  4.6794E-05  4.6794E-05  4.6794E-05  error s
 19      512  4.6794E-05  4.6794E-05  4.6794E-05  error s
 19      512  4.6794E-05  4.6794E-05  4.6794E-05  error s
 19      512  4.6794E-05  4.6794E-05  4.6794E-05  error s
 19      512  4.6794E-05  4.6794E-05  4.6794E-05  error s
 19      512  4.6794E-05  4.6794E-05  4.6794E-05  error s
 19      512  4.6794E-05  4.6794E-05  4.6794E-05  error s
 19      512  4.6794E-05  4.6794E-05  4.6794E-05  error s
 19      512  4.6794E-05  4.6794E-05  4.6794E-05  error s
 19      512  4.6794E-05  4.6794E-05  4.6794E-05  error s
 19      512  4.6794E-05  4.6794E-05  4.6794E-05  error s
 19      512  4.6794E-05  4.6794E-05  4.6794E-05  error s
 19      512  4.6794E-05  4.6794E-05  4.6794E-05  error s
 19      512  4.6794E-05  4.6794E-05  4.6794E-05  error s
 19      512  4.6794E-05  4.6794E-05  4.6794E-05  error s
 19      512  4.6794E-05  4.6794E-05  4.6794E-05  error s
 19      512  4.6794E-05  4.6794E-05  4.6794E-05  error s
 19      512  4.6794E-05  4.6794E-05  4.6794E-05  error s
 19      512  4.6794E-05  4.6794E-05  4.6794E-05  error s
 19      512  4.6794E-05  4.6794E-05  4.6794E-05  error s
 19      512  4.6794E-05  4.6794E-05  4.6794E-05  error s
 19      512  4.6794E-05  4.6794E-05  4.6794E-05  error s
 19      512  4.6794E-05  4.6794E-05  4.6794E-05  error s
 19      512  4.6794E-05  4.6794E-05  4.6794E-05  error s
 19      512  4.6794E-05  4.6794E-05  4.6794E-05  error s
 19      512  4.6794E-05  4.6794E-05  4.6794E-05  error s
 19      512  4.6794E-05  4.6794E-05  4.6794E-05  error s
 19      512  4.6794E-05  4.6794E-05  4.6794E-05  error s
 19      512  4.6794E-05  4.6794E-05  4.6794E-05  error s
 19      512  4.6794E-05  4.6794E-05  4.6794E-05  error s
 19      512  4.6794E-05  4.6794E-05  4.6794E-05  error s
 19      512  4.6794E-05  4.6794E-05  4.6794E-05  error s
 19      512  4.6794E-05  4.6794E-05  4.6794E-05  error s
 19      512  4.6794E-05  4.6794E-05  4.6794E-05  error s
 19      512  4.6794E-05  4.6794E-05  4.6794E-05  error s
 19      512  4.6794E-05  4.6794E-05  4.6794E-05  error s
 19      512  4.6794E-05  4.6794E-05  4.6794E-05  error s
 19      512  4.6794E-05  4.6794E-05  4.6794E-05  error s
 19      512  4.6794E-05  4.6794E-05  4.6794E-05  error s
 19      512  4.6794E-05  4.6794E-05  4.6794E-05  error s
 19      512  4.6794E-05  4.6794E-05  4.6794E-05  error s
 19      512  4.6794E-05  4.6794E-05  4.6794E-05  error s
 19      512  4.6794E-05  4.6794E-05  4.6794E-05  error s
 19      512  4.6794E-05  4.6794E-05  4.6794E-05  error s
 19      512  4.6794E-05  4.6794E-05  4.6794E-05  error s
 19      512  4.6794E-05  4.6794E-05  4.6794E-05  error s
 19      512  4.6794E-05  4.6794E-05  4.6794E-05  error s
 19      512  4.6794E-05  4.6794E-05  4.6794E-05  error s
 19      512  4.6794E-05  4.6794E-05  4.6794E-05  error s
 19      512  4.6794E-05  4.6794E-05  4.6794E-05  error s
 19      512  4.6794E-05  4.6794E-05  4.6794E-05  error s
 19      512  4.6794E-05  4.6794E-05  4.6794E-05  error s
 19      512  4.6794E-05  4.6794E-05  4.6794E-05  error s
 19      512  4.6794E-05  4.6794E-05  4.6794E-05  error s
 19      512  4.6794E-05  4.6794E-05  4.6794E-05  error s
 19      512  4.6794E-05  4.6794E-05  4.6794E-05  error s
 19      512  4.6794E-05  4.6794E-05  4.6794E-05  error s
 19      512  4.6794E-05  4.6794E-05  4.6794E-05  error s
 19      512  4.6794E-05  4.6794E-05  4.6794E-05  error s
 19      512  4.6794E-05  4.6794E-05  4.6794E-05  error s
 19      512  4.6794E-05  4.6794E-05  4.6794E-05  error s
 19      512  4.6794E-05  4.6794E-05  4.6794E-05  error s
 19      512  4.6794E-05  4.6794E-05  4.6794E-05  error s
 19      512  4.6794E-05  4.6794E-05  4.6794E-05  error s
 19      512  4.6794E-05  4.6794E-05  4.6794E-05  error s
 19      512  4.6794E-05  4.6794E-05  4.6794E-05  error s
 19      512  4.6794E-05  4.6794E-05  4.6794E-05  error s
 19      512  4.6794E-05  4.6794E-05  4.6794E-05  error s
 19      512  4.6794E-05  4.6794E-05  4.6794E-05  error s
 19      512  4.6794E-05  4.6794E-05  4.6794E-05  error s
 19      512  4.6794E-05  4.6794E-05  4.6794E-05  error s
 19      512  4.6794E-05  4.6794E-05  4.6794E-05  error s
 19      512  4.6794E-05  4.6794E-05  4.6794E-05  error s
 19      512  4.6794E-05  4.6794E-05  4.6794E-05  error s
 19      512  4.6794E-05  4.6794E-05  4.6794E-05  error s
 19      512  4.6794E-05  4.6794E-05  4.6794E-05  error s
 19      512  4.6794E-05  4.6794E-05  4.6794E-05  error s
 19      512  4.6794E-05  4.6794E-05  4.6794E-05  error s
 19      512  4.6794E-05  4.6794E-05  4.6794E-05  error s
 19      512  4.6794E-05  4.6794E-05  4.6794E-05  error s
 19      512  4.6794E-05  4.6794E-05  4.6794E-05  error s
 19      512  4.6794E-05  4.6794E-05  4.6794E-05  error s
 19      512  4.6794E-05  4.6794E-05  4.6794E-05  error s
 19      512  4.6794E-05  4.6794E-05  4.6794E-05  error s
 19      512  4.6794E-05  4.6794E-05  4.6794E-05  error s
 19      512  4.6794E-05  4.6794E-05  4.6794E-05  error s
 19      512  4.6794E-05  4.6794E-05  4.6794E-05  error s
 19      512  4.6794E-05  4.6794E-05  4.6794E-05  error s
 19      512  4.6794E-05  4.6794E-05  4.6794E-05  error s
 19      512  4.6794E-05  4.6794E-05  4.6794E-05  error s
 19      512  4.6794E-05  4.6794E-05  4.6794E-05  error s
 19      512  4.6794E-05  4.6794E-05  4.6794E-05  error s
 19      512  4.6794E-05  4.6794E-05  4.6794E-05  error s
 19      512  4.6794E-05  4.6794E-05  4.6794E-05  error s
 19      512  4.6794E-05  4.6794E-05  4.6794E-05  error s
 19      512  4.6794E-05  4.6794E-05  4.6794E-05  error s
 19      512  4.6794E-05  4.6794E-05  4.6794E-05  error s
 19      512  4.6794E-05  4.6794E-05  4.6794E-05  error s
 19      512  4.6794E-05  4.6794E-05  4.6794E-05  error s
 19      512  4.6794E-05  4.6794E-05  4.6794E-05  error s
 19      512  4.6794E-05  4.6794E-05  4.6794E-05  error s
 19      512  4.6794E-05  4.6794E-05  4.6794E-05  error s
 19      512  4.6794E-05  4.6794E-05  4.6794E-05  error s
 19      512  4.6794E-05  4.6794E-05  4.6794E-05  error s
 19      512  4.6794E-05  4.6794E-05  4.6794E-05  error s
 19      512  4.6794E-05  4.6794E-05  4.6794E-05  error s
 19      512  4.6794E-05  4.6794E-05  4.6794E-05  error s
 19      512  4.6794E-05  4.6794E-05  4.6794E-05  error s
 19      512  4.6794E-05  4.6794E-05  4.6794E-05  error s
 19      512  4.6794E-05  4.6794E-05  4.6794E-05  error s
 19      512  4.6794E-05  4.6794E-05  4.6794E-05  error s
 19      512  4.6794E-05  4.6794E-05  4.6794E-05  error s
 19      512  4.6794E-05  4.6794E-05  4.6794E-05  error s
 19      512  4.6794E-05  4.6794E-05  4.6794E-05  error s
 19      512  4.6794E-05  4.6794E-05  4.6794E-05  error s
 19      512  4.6794E-05  4.6794E-05  4.6794E-05  error s
 19      512  4.6794E-05  4.6794E-05  4.6794E-05  error s
 19      512  4.6794E-05  4.6794E-05  4.6794E-05  error s
 19      512  4.6794E-05  4.6794E-05  4.6794E-05  error s
 19      512  4.6794E-05  4.6794E-05  4.6794E-05  error s
 
nelt =       4, np =       128, nx1 =      19, elements =       512
Solve Time =   0.1089E-08
 
nelt =       4, np =       128, nx1 =      19, elements =       512
Solve Time =   0.1085E-08
 
nelt =       4, np =       128, nx1 =      19, elements =       512
Solve Time =   0.1085E-08
 
nelt =       4, np =       128, nx1 =      19, elements =       512
Solve Time =   0.1085E-08
 
nelt =       4, np =       128, nx1 =      19, elements =       512
Solve Time =   0.1085E-08
 
nelt =       4, np =       128, nx1 =      19, elements =       512
Solve Time =   0.1084E-08
 
nelt =       4, np =       128, nx1 =      19, elements =       512
Solve Time =   0.1084E-08
 
nelt =       4, np =       128, nx1 =      19, elements =       512
Solve Time =   0.1085E-08
 
nelt =       4, np =       128, nx1 =      19, elements =       512
Solve Time =   0.1085E-08
 
nelt =       4, np =       128, nx1 =      19, elements =       512
Solve Time =   0.1085E-08
 19      512  4.6812E-05  4.6812E-05  4.6812E-05  error n
 19      512  4.6812E-05  4.6812E-05  4.6812E-05  error n
 19      512  4.6812E-05  4.6812E-05  4.6812E-05  error n
 19      512  4.6812E-05  4.6812E-05  4.6812E-05  error n
 19      512  4.6812E-05  4.6812E-05  4.6812E-05  error n
 19      512  4.6812E-05  4.6812E-05  4.6812E-05  error n
 19      512  4.6812E-05  4.6812E-05  4.6812E-05  error n
 19      512  4.6812E-05  4.6812E-05  4.6812E-05  error n
 19      512  4.6812E-05  4.6812E-05  4.6812E-05  error n
 19      512  4.6812E-05  4.6812E-05  4.6812E-05  error n
 19      512  4.6812E-05  4.6812E-05  4.6812E-05  error n
 19      512  4.6812E-05  4.6812E-05  4.6812E-05  error n
 19      512  4.6812E-05  4.6812E-05  4.6812E-05  error n
 19      512  4.6812E-05  4.6812E-05  4.6812E-05  error n
 19      512  4.6812E-05  4.6812E-05  4.6812E-05  error n
 19      512  4.6812E-05  4.6812E-05  4.6812E-05  error n
 19      512  4.6812E-05  4.6812E-05  4.6812E-05  error n
 19      512  4.6812E-05  4.6812E-05  4.6812E-05  error n
 19      512  4.6812E-05  4.6812E-05  4.6812E-05  error n
 19      512  4.6812E-05  4.6812E-05  4.6812E-05  error n
 19      512  4.6812E-05  4.6812E-05  4.6812E-05  error n
 19      512  4.6812E-05  4.6812E-05  4.6812E-05  error n
 19      512  4.6812E-05  4.6812E-05  4.6812E-05  error n
 19      512  4.6812E-05  4.6812E-05  4.6812E-05  error n
 19      512  4.6812E-05  4.6812E-05  4.6812E-05  error n
 19      512  4.6812E-05  4.6812E-05  4.6812E-05  error n
 19      512  4.6812E-05  4.6812E-05  4.6812E-05  error n
 19      512  4.6812E-05  4.6812E-05  4.6812E-05  error n
 19      512  4.6812E-05  4.6812E-05  4.6812E-05  error n
 19      512  4.6812E-05  4.6812E-05  4.6812E-05  error n
 19      512  4.6812E-05  4.6812E-05  4.6812E-05  error n
 19      512  4.6812E-05  4.6812E-05  4.6812E-05  error n
 19      512  4.6812E-05  4.6812E-05  4.6812E-05  error n
 19      512  4.6812E-05  4.6812E-05  4.6812E-05  error n
 19      512  4.6812E-05  4.6812E-05  4.6812E-05  error n
 19      512  4.6812E-05  4.6812E-05  4.6812E-05  error n
 19      512  4.6812E-05  4.6812E-05  4.6812E-05  error n
 19      512  4.6812E-05  4.6812E-05  4.6812E-05  error n
 19      512  4.6812E-05  4.6812E-05  4.6812E-05  error n
 19      512  4.6812E-05  4.6812E-05  4.6812E-05  error n
 19      512  4.6812E-05  4.6812E-05  4.6812E-05  error n
 19      512  4.6812E-05  4.6812E-05  4.6812E-05  error n
 19      512  4.6812E-05  4.6812E-05  4.6812E-05  error n
 19      512  4.6812E-05  4.6812E-05  4.6812E-05  error n
 19      512  4.6812E-05  4.6812E-05  4.6812E-05  error n
 19      512  4.6812E-05  4.6812E-05  4.6812E-05  error n
 19      512  4.6812E-05  4.6812E-05  4.6812E-05  error n
 19      512  4.6812E-05  4.6812E-05  4.6812E-05  error n
 19      512  4.6812E-05  4.6812E-05  4.6812E-05  error n
 19      512  4.6812E-05  4.6812E-05  4.6812E-05  error n
 19      512  4.6812E-05  4.6812E-05  4.6812E-05  error n
 19      512  4.6812E-05  4.6812E-05  4.6812E-05  error n
 19      512  4.6812E-05  4.6812E-05  4.6812E-05  error n
 19      512  4.6812E-05  4.6812E-05  4.6812E-05  error n
 19      512  4.6812E-05  4.6812E-05  4.6812E-05  error n
 19      512  4.6812E-05  4.6812E-05  4.6812E-05  error n
 19      512  4.6812E-05  4.6812E-05  4.6812E-05  error n
 19      512  4.6812E-05  4.6812E-05  4.6812E-05  error n
  18      512  100  0.0000E+00  0.0000E+00  0.0000E+00 time for 3 hmholtz
EXIT: quit after cggov         18
 19      512  4.6812E-05  4.6812E-05  4.6812E-05  error n
 19      512  4.6812E-05  4.6812E-05  4.6812E-05  error n
 19      512  4.6812E-05  4.6812E-05  4.6812E-05  error n
 19      512  4.6812E-05  4.6812E-05  4.6812E-05  error n
 19      512  4.6812E-05  4.6812E-05  4.6812E-05  error n
 19      512  4.6812E-05  4.6812E-05  4.6812E-05  error n
 19      512  4.6812E-05  4.6812E-05  4.6812E-05  error n
 19      512  4.6812E-05  4.6812E-05  4.6812E-05  error n
 19      512  4.6812E-05  4.6812E-05  4.6812E-05  error n
 19      512  4.6812E-05  4.6812E-05  4.6812E-05  error n
 19      512  4.6812E-05  4.6812E-05  4.6812E-05  error n
 19      512  4.6812E-05  4.6812E-05  4.6812E-05  error n
 19      512  4.6812E-05  4.6812E-05  4.6812E-05  error n
 19      512  4.6812E-05  4.6812E-05  4.6812E-05  error n
 19      512  4.6812E-05  4.6812E-05  4.6812E-05  error n
 19      512  4.6812E-05  4.6812E-05  4.6812E-05  error n
 19      512  4.6812E-05  4.6812E-05  4.6812E-05  error n
 19      512  4.6812E-05  4.6812E-05  4.6812E-05  error n
 19      512  4.6812E-05  4.6812E-05  4.6812E-05  error n
 19      512  4.6812E-05  4.6812E-05  4.6812E-05  error n
 19      512  4.6812E-05  4.6812E-05  4.6812E-05  error n
 19      512  4.6812E-05  4.6812E-05  4.6812E-05  error n
 19      512  4.6812E-05  4.6812E-05  4.6812E-05  error n
 19      512  4.6812E-05  4.6812E-05  4.6812E-05  error n
 19      512  4.6812E-05  4.6812E-05  4.6812E-05  error n
 19      512  4.6812E-05  4.6812E-05  4.6812E-05  error n
 19      512  4.6812E-05  4.6812E-05  4.6812E-05  error n
 19      512  4.6812E-05  4.6812E-05  4.6812E-05  error n
 19      512  4.6812E-05  4.6812E-05  4.6812E-05  error n
 19      512  4.6812E-05  4.6812E-05  4.6812E-05  error n
 19      512  4.6812E-05  4.6812E-05  4.6812E-05  error n
 19      512  4.6812E-05  4.6812E-05  4.6812E-05  error n
 19      512  4.6812E-05  4.6812E-05  4.6812E-05  error n
 19      512  4.6812E-05  4.6812E-05  4.6812E-05  error n
 19      512  4.6812E-05  4.6812E-05  4.6812E-05  error n
 19      512  4.6812E-05  4.6812E-05  4.6812E-05  error n
 19      512  4.6812E-05  4.6812E-05  4.6812E-05  error n
 19      512  4.6812E-05  4.6812E-05  4.6812E-05  error n
 19      512  4.6812E-05  4.6812E-05  4.6812E-05  error n
 19      512  4.6812E-05  4.6812E-05  4.6812E-05  error n
 19      512  4.6812E-05  4.6812E-05  4.6812E-05  error n
 19      512  4.6812E-05  4.6812E-05  4.6812E-05  error n
 19      512  4.6812E-05  4.6812E-05  4.6812E-05  error n
 19      512  4.6812E-05  4.6812E-05  4.6812E-05  error n
 19      512  4.6812E-05  4.6812E-05  4.6812E-05  error n
 19      512  4.6812E-05  4.6812E-05  4.6812E-05  error n
 19      512  4.6812E-05  4.6812E-05  4.6812E-05  error n
 19      512  4.6812E-05  4.6812E-05  4.6812E-05  error n
 19      512  4.6812E-05  4.6812E-05  4.6812E-05  error n
 19      512  4.6812E-05  4.6812E-05  4.6812E-05  error n
 19      512  4.6812E-05  4.6812E-05  4.6812E-05  error n
 19      512  4.6812E-05  4.6812E-05  4.6812E-05  error n
 19      512  4.6812E-05  4.6812E-05  4.6812E-05  error n
 19      512  4.6812E-05  4.6812E-05  4.6812E-05  error n
 19      512  4.6812E-05  4.6812E-05  4.6812E-05  error n
 19      512  4.6812E-05  4.6812E-05  4.6812E-05  error n
 19      512  4.6812E-05  4.6812E-05  4.6812E-05  error n
 19      512  4.6812E-05  4.6812E-05  4.6812E-05  error n
 19      512  4.6812E-05  4.6812E-05  4.6812E-05  error n
 19      512  4.6812E-05  4.6812E-05  4.6812E-05  error n
 19      512  4.6812E-05  4.6812E-05  4.6812E-05  error n
 19      512  4.6812E-05  4.6812E-05  4.6812E-05  error n
 19      512  4.6812E-05  4.6812E-05  4.6812E-05  error n
 19      512  4.6812E-05  4.6812E-05  4.6812E-05  error n
 19      512  4.6812E-05  4.6812E-05  4.6812E-05  error n
 19      512  4.6812E-05  4.6812E-05  4.6812E-05  error n
 19      512  4.6812E-05  4.6812E-05  4.6812E-05  error n
 19      512  4.6812E-05  4.6812E-05  4.6812E-05  error n
 19      512  4.6812E-05  4.6812E-05  4.6812E-05  error n
 19      512  4.6812E-05  4.6812E-05  4.6812E-05  error n
  
call exitt: dying ...
  
backtrace(): obtained 8 stack frames.
./nek5000() [0x784f35]
./nek5000() [0x968cb9]
./nek5000() [0x40dfcc]
./nek5000() [0x428f26]
./nek5000() [0x4274de]
./nek5000() [0x4054fe]
/lib64/libc.so.6(__libc_start_main+0xf5) [0x2aaab1ca3b25]
./nek5000() [0x405409]
  
total elapsed time             :   8.11573E+02 sec
total solver time incl. I/O    :   0.00000E+00 sec
time/timestep                  :   0.00000E+00 sec
CPU seconds/timestep/gridpt    :   0.00000E+00 sec

Application 2260098 resources: utime ~103236s, stime ~568s, Rss ~109800, inblocks ~0, outblocks ~0
