/----------------------------------------------------------\\
|      _   __ ______ __ __  ______  ____   ____   ____     |
|     / | / // ____// //_/ / ____/ / __ \\/ __ \\/ __ \\   |
|    /  |/ // __/  / ,<   /___ \\ / / / // / / // / / /    |
|   / /|  // /___ / /| | ____/ / / /_/ // /_/ // /_/ /     |
|  /_/ |_//_____//_/ |_|/_____/  \\___/ \\___/ \\___/      |
|                                                          |
|----------------------------------------------------------|
|                                                          |
| NEK5000:  Open Source Spectral Element Solver            |
| COPYRIGHT (c) 2008-2016 UCHICAGO ARGONNE, LLC            |
| Version:  16.0.0                                         |
| Web:      http://nek5000.mcs.anl.gov                     |
|                                                          |
\\----------------------------------------------------------/
                                                              

 Number of processors:         128
 REAL    wdsize      :           8
 INTEGER wdsize      :           4
 Timer accuracy      : 5.01E-07
 Reading /gpfs/theta-fs1/home/thilina/env/lx19/b10.rea                                                                                       

 mapping elements to processors
 Reading /gpfs/theta-fs1/home/thilina/env/lx19/b10.map                                                                                       
 RANK     0 IEG     897     898     905     906     961     962     969     970
 element load imbalance:            0           8           8
 done :: mapping elements to processors
  
           0  objects found
 118   Parameters from file:
   1      1.00000     p001 DENSITY
   2     -100.000     p002 VISCOS
   7      1.00000     p007 RHOCP
   8      1.00000     p008 CONDUCT
  11      1.00        p011 NSTEPS
  12    -0.500000E-02 p012 DT
  21     0.100000E-05 p021 DIVERGENCE
  22     0.100000E-07 p022 HELMHOLTZ
  24     0.100000E-09 p024 TOLREL
  25     0.100000E-09 p025 TOLABS
  26     0.250000     p026 COURANT/NTAU
  27      2.00000     p027 TORDER
  66      6.00000     p066 output : <0=ascii, else binary
  67      6.00000     p067 restart: <0=ascii, else binary
  99      3.00000     p099 dealiasing: <0--> off/3--> old/4--> new
 103     0.500000E-01 p103 weight of stabilizing filter (.01)
  
 nelgt/nelgv/lelt:        1024        1024         100
 lx1  /lx2  /lx3 :          19          19          19
 done :: read .rea file   0.73388     sec

 setup mesh topology
   Right-handed check complete for    1024 elements. OK.
   setvert3d:  19     1045313     6076225     1045313     1045313
 call usrsetvert
 done :: usrsetvert

gs_setup: 389977 unique labels shared
   pairwise times (avg, min, max): 0.00020852 0.000191689 0.000221705
   crystal router                : 0.000831421 0.000821304 0.000838304
   used all_to_all method: pairwise
   handle bytes (avg, min, max): 252229 195772 292300
   buffer bytes (avg, min, max): 108547 67504 138656
   setupds time 2.4179E-01 seconds   0 19     1045313        1024
           8  max multiplicity
 done :: setup mesh topology
  
 call usrdat
 done :: usrdat

 generate geometry data
 done :: generate geometry data
  
 call usrdat2
 done :: usrdat2

 regenerate geometry data           1
 NOTE: All elements deformed , param(59) ^=0
 done :: regenerate geometry data           1
  
 verify mesh topology
  0.000000000000000E+000   1.00000000000000       Xrange
  0.000000000000000E+000   1.00000000000000       Yrange
  0.000000000000000E+000   1.00000000000000       Zrange
 done :: verify mesh topology
  
 IFTRAN   = T
 IFFLOW   = T
 IFHEAT   = F
 IFSPLIT  = T
 IFLOMACH = F
 IFUSERVP = F
 IFUSERMV = F
 IFSTRS   = F
 IFCHAR   = F
 IFCYCLIC = F
 IFAXIS   = F
 IFMVBD   = F
 IFMELT   = F
 IFMODEL  = F
 IFKEPS   = F
 IFMOAB   = F
 IFNEKNEK = F
 IFSYNC   = T
   
 IFVCOR   = T
 IFINTQ   = F
 IFCWUZ   = F
 IFSWALL  = F
 IFGEOM   = F
 IFSURT   = F
 IFWCNO   = F
   
 IFTMSH for field           1    =  F
 IFADVC for field           1    =  T
 IFNONL for field           1    =  F
   
 Dealiasing enabled, lxd=          28
  
 Estimated eigenvalues
 EIGAA =    9.86960440108936     
 EIGGA =    12208991.8021141     
 EIGAE =    9.86960440108936     
 EIGAS =   8.333333333333333E-002
 EIGGE =    12208991.8021141     
 EIGGS =    2.00000000000000     
  
 verify mesh topology
  0.000000000000000E+000   1.00000000000000       Xrange
  0.000000000000000E+000   1.00000000000000       Yrange
  0.000000000000000E+000   1.00000000000000       Zrange
 done :: verify mesh topology
  
  E-solver strategy:  0 itr
 mg_nx:           1           9          18
 mg_ny:           1           9          18
 mg_nz:           1           9          18
 call usrsetvert
 done :: usrsetvert

gs_setup: 1017 unique labels shared
   pairwise times (avg, min, max): 0.000101037 9.25779e-05 0.000116301
   crystal router                : 6.63389e-05 6.57797e-05 6.74009e-05
   all reduce                    : 0.00013381 0.00013299 0.000134397
   used all_to_all method: crystal router
   handle bytes (avg, min, max): 9365 7844 10388
   buffer bytes (avg, min, max): 1236 944 1344
   setupds time 1.0102E-02 seconds   1  2        1377        1024
   setvert3d:   4       22433       30625       22433       22433
 call usrsetvert
 done :: usrsetvert

gs_setup: 10297 unique labels shared
   pairwise times (avg, min, max): 0.000109549 9.83953e-05 0.000127101
   crystal router                : 6.34084e-05 6.19888e-05 6.53028e-05
   all reduce                    : 0.000670354 0.0006675 0.000675607
   used all_to_all method: crystal router
   handle bytes (avg, min, max): 56345 42212 66260
   buffer bytes (avg, min, max): 7904 5872 8768
   setupds time 3.6526E-02 seconds   2  4       22433        1024
   setvert3d:  10      248417      772705      248417      248417
 call usrsetvert
 done :: usrsetvert

gs_setup: 96505 unique labels shared
   pairwise times (avg, min, max): 0.000120439 0.000110602 0.000136709
   crystal router                : 0.000246754 0.000243402 0.00024929
   all reduce                    : 0.00268258 0.00267611 0.0026911
   used all_to_all method: pairwise
   handle bytes (avg, min, max): 66253 51484 76732
   buffer bytes (avg, min, max): 29779 18256 38432
   setupds time 1.5866E-01 seconds   3 10      248417        1024
   setvert3d:  12      378017     1402017      378017      378017
 call usrsetvert
 done :: usrsetvert

gs_setup: 144697 unique labels shared
   pairwise times (avg, min, max): 0.000127692 0.000110102 0.00015099
   crystal router                : 0.000344975 0.000340199 0.00035429
   used all_to_all method: pairwise
   handle bytes (avg, min, max): 97165 75484 112540
   buffer bytes (avg, min, max): 43027 26512 55328
   setupds time 7.8281E-02 seconds   4 12      378017        1024
 regenerate geometry data           1
 NOTE: All elements deformed , param(59) ^=0
 done :: regenerate geometry data           1
  
 h1_mg_nx:           1           3          18
 h1_mg_ny:           1           3          18
 h1_mg_nz:           1           3          18
 call usrsetvert
 done :: usrsetvert

gs_setup: 1017 unique labels shared
   pairwise times (avg, min, max): 0.000101285 8.85963e-05 0.000116682
   crystal router                : 3.6387e-05 3.60012e-05 3.68118e-05
   all reduce                    : 0.000171921 0.000171018 0.000172901
   used all_to_all method: crystal router
   handle bytes (avg, min, max): 9365 7844 10388
   buffer bytes (avg, min, max): 1236 944 1344
   setupds time 1.0047E-02 seconds   5  2        1377        1024
   setvert3d:   4       22433       30625       22433       22433
 call usrsetvert
 done :: usrsetvert

gs_setup: 10297 unique labels shared
   pairwise times (avg, min, max): 0.000106022 9.84907e-05 0.000116301
   crystal router                : 6.22854e-05 6.1202e-05 6.32048e-05
   all reduce                    : 0.000697255 0.000694489 0.000701785
   used all_to_all method: crystal router
   handle bytes (avg, min, max): 56345 42212 66260
   buffer bytes (avg, min, max): 7904 5872 8768
   setupds time 3.5939E-02 seconds   6  4       22433        1024
   setvert3d:   4       22433       30625       22433       22433
 call usrsetvert
 done :: usrsetvert

gs_setup: 10297 unique labels shared
   pairwise times (avg, min, max): 9.58972e-05 8.44002e-05 0.000110006
   crystal router                : 7.27538e-05 7.17878e-05 7.42912e-05
   all reduce                    : 0.000672957 0.000670314 0.000676894
   used all_to_all method: crystal router
   handle bytes (avg, min, max): 56345 42212 66260
   buffer bytes (avg, min, max): 7904 5872 8768
   setupds time 2.5480E-02 seconds   7  4       22433        1024
   setvert3d:   6       70625      136161       70625       70625
 call usrsetvert
 done :: usrsetvert

gs_setup: 29305 unique labels shared
   pairwise times (avg, min, max): 0.000100087 8.98123e-05 0.000116396
   crystal router                : 9.44696e-05 9.31978e-05 9.53913e-05
   all reduce                    : 0.00128445 0.001278 0.00129511
   used all_to_all method: crystal router
   handle bytes (avg, min, max): 145181 105764 173588
   buffer bytes (avg, min, max): 20184 14896 22336
   setupds time 5.6285E-02 seconds   8  6       70625        1024
   setvert3d:  19     1045313     6076225     1045313     1045313
 call usrsetvert
 done :: usrsetvert

gs_setup: 389977 unique labels shared
   pairwise times (avg, min, max): 0.000163981 0.000152993 0.000177288
   crystal router                : 0.000820719 0.000809407 0.000827885
   used all_to_all method: pairwise
   handle bytes (avg, min, max): 252229 195772 292300
   buffer bytes (avg, min, max): 108547 67504 138656
   setupds time 2.2678E-01 seconds   9 19     1045313        1024
   setvert3d:  21     1297025     8320641     1297025     1297025
 call usrsetvert
 done :: usrsetvert

gs_setup: 481945 unique labels shared
   pairwise times (avg, min, max): 0.000169615 0.000159407 0.000182199
   crystal router                : 0.00095974 0.000947618 0.000968409
   used all_to_all method: pairwise
   handle bytes (avg, min, max): 309925 240508 359212
   buffer bytes (avg, min, max): 132739 82672 169376
   setupds time 2.7237E-01 seconds  10 21     1297025        1024
 setup h1 coarse grid, nx_crs=           2
 call usrsetvert
 done :: usrsetvert

gs_setup: 1017 unique labels shared
   pairwise times (avg, min, max): 8.63833e-05 7.50065e-05 9.99928e-05
   crystal router                : 4.73313e-05 4.42028e-05 4.87804e-05
   all reduce                    : 0.000127169 0.00012641 0.000128007
   used all_to_all method: crystal router
   handle bytes (avg, min, max): 9365 7844 10388
   buffer bytes (avg, min, max): 1236 944 1344
 done :: setup h1 coarse grid   8.124113082885742E-002  sec
  
 call usrdat3
 done :: usrdat3

 set initial conditions
 nekuic (1) for ifld            1
 call nekuic for vel  
 xyz min     0.0000       0.0000       0.0000    
 uvwpt min   0.0000       0.0000       0.0000       0.0000       0.0000    
 PS min      0.0000       0.0000      0.99000E+22
 xyz max     1.0000       1.0000       1.0000    
 uvwpt max   0.0000       0.0000       0.0000       0.0000       0.0000    
 PS max      0.0000       0.0000     -0.99000E+22
 done :: set initial conditions
  
 call userchk
GFM max:  1.5354E-04  1.5354E-04  6.1415E-04  4.0665E-17  1.6221E-16  1.6221E-16
 
nelt =       8, np =       128, nx1 =      19, elements =      1024
Solve Time =   0.7923E-09
 
nelt =       8, np =       128, nx1 =      19, elements =      1024
Solve Time =   0.7852E-09
 
nelt =       8, np =       128, nx1 =      19, elements =      1024
Solve Time =   0.7847E-09
 
nelt =       8, np =       128, nx1 =      19, elements =      1024
Solve Time =   0.7851E-09
 
nelt =       8, np =       128, nx1 =      19, elements =      1024
Solve Time =   0.7846E-09
 
nelt =       8, np =       128, nx1 =      19, elements =      1024
Solve Time =   0.7848E-09
 
nelt =       8, np =       128, nx1 =      19, elements =      1024
Solve Time =   0.7850E-09
 
nelt =       8, np =       128, nx1 =      19, elements =      1024
Solve Time =   0.7851E-09
 
nelt =       8, np =       128, nx1 =      19, elements =      1024
Solve Time =   0.7846E-09
 
nelt =       8, np =       128, nx1 =      19, elements =      1024
Solve Time =   0.7851E-09
 
nelt =       8, np =       128, nx1 =      19, elements =      1024
Solve Time =   0.6859E-09
 
nelt =       8, np =       128, nx1 =      19, elements =      1024
Solve Time =   0.6850E-09
 
nelt =       8, np =       128, nx1 =      19, elements =      1024
Solve Time =   0.6853E-09
 
nelt =       8, np =       128, nx1 =      19, elements =      1024
Solve Time =   0.6845E-09
 
nelt =       8, np =       128, nx1 =      19, elements =      1024
Solve Time =   0.6846E-09
 
nelt =       8, np =       128, nx1 =      19, elements =      1024
Solve Time =   0.6848E-09
 
nelt =       8, np =       128, nx1 =      19, elements =      1024
Solve Time =   0.6850E-09
 
nelt =       8, np =       128, nx1 =      19, elements =      1024
Solve Time =   0.6849E-09
 
nelt =       8, np =       128, nx1 =      19, elements =      1024
Solve Time =   0.6850E-09
 
nelt =       8, np =       128, nx1 =      19, elements =      1024
Solve Time =   0.6847E-09
 
nelt =       8, np =       128, nx1 =      19, elements =      1024
Solve Time =   0.7235E-09
 
nelt =       8, np =       128, nx1 =      19, elements =      1024
Solve Time =   0.7226E-09
 
nelt =       8, np =       128, nx1 =      19, elements =      1024
Solve Time =   0.7226E-09
 
nelt =       8, np =       128, nx1 =      19, elements =      1024
Solve Time =   0.7230E-09
 
nelt =       8, np =       128, nx1 =      19, elements =      1024
Solve Time =   0.7232E-09
 
nelt =       8, np =       128, nx1 =      19, elements =      1024
Solve Time =   0.7235E-09
 
nelt =       8, np =       128, nx1 =      19, elements =      1024
Solve Time =   0.7232E-09
 
nelt =       8, np =       128, nx1 =      19, elements =      1024
Solve Time =   0.7227E-09
 
nelt =       8, np =       128, nx1 =      19, elements =      1024
Solve Time =   0.7226E-09
 
nelt =       8, np =       128, nx1 =      19, elements =      1024
Solve Time =   0.7226E-09
 
nelt =       8, np =       128, nx1 =      19, elements =      1024
Solve Time =   0.7630E-09
 
nelt =       8, np =       128, nx1 =      19, elements =      1024
Solve Time =   0.7620E-09
 
nelt =       8, np =       128, nx1 =      19, elements =      1024
Solve Time =   0.7619E-09
 
nelt =       8, np =       128, nx1 =      19, elements =      1024
Solve Time =   0.7621E-09
 
nelt =       8, np =       128, nx1 =      19, elements =      1024
Solve Time =   0.7619E-09
 
nelt =       8, np =       128, nx1 =      19, elements =      1024
Solve Time =   0.7621E-09
 
nelt =       8, np =       128, nx1 =      19, elements =      1024
Solve Time =   0.7618E-09
 
nelt =       8, np =       128, nx1 =      19, elements =      1024
Solve Time =   0.7619E-09
 
nelt =       8, np =       128, nx1 =      19, elements =      1024
Solve Time =   0.7620E-09
 
nelt =       8, np =       128, nx1 =      19, elements =      1024
Solve Time =   0.7620E-09
 
nelt =       8, np =       128, nx1 =      19, elements =      1024
Solve Time =   0.8020E-09
 
nelt =       8, np =       128, nx1 =      19, elements =      1024
Solve Time =   0.8010E-09
 
nelt =       8, np =       128, nx1 =      19, elements =      1024
Solve Time =   0.8010E-09
 
nelt =       8, np =       128, nx1 =      19, elements =      1024
Solve Time =   0.8006E-09
 
nelt =       8, np =       128, nx1 =      19, elements =      1024
Solve Time =   0.8012E-09
 
nelt =       8, np =       128, nx1 =      19, elements =      1024
Solve Time =   0.8007E-09
 
nelt =       8, np =       128, nx1 =      19, elements =      1024
Solve Time =   0.8008E-09
 
nelt =       8, np =       128, nx1 =      19, elements =      1024
Solve Time =   0.8015E-09
 
nelt =       8, np =       128, nx1 =      19, elements =      1024
Solve Time =   0.8010E-09
 
nelt =       8, np =       128, nx1 =      19, elements =      1024
Solve Time =   0.8011E-09
 schfile:
 /gpfs/theta-fs1/home/thilina/env/lx19/b10.sch                                  
                                                      
 19     1024  1.0000E+00  1.0000E+00  1.0000E+00  error v
 19     1024  1.0000E+00  1.0000E+00  1.0000E+00  error v
 19     1024  1.0000E+00  1.0000E+00  1.0000E+00  error v
 19     1024  1.0000E+00  1.0000E+00  1.0000E+00  error v
 19     1024  1.0000E+00  1.0000E+00  1.0000E+00  error v
 19     1024  1.0000E+00  1.0000E+00  1.0000E+00  error v
 19     1024  1.0000E+00  1.0000E+00  1.0000E+00  error v
 19     1024  1.0000E+00  1.0000E+00  1.0000E+00  error v
 19     1024  1.0000E+00  1.0000E+00  1.0000E+00  error v
 19     1024  1.0000E+00  1.0000E+00  1.0000E+00  error v
 19     1024  1.0000E+00  1.0000E+00  1.0000E+00  error v
 19     1024  1.0000E+00  1.0000E+00  1.0000E+00  error v
 19     1024  1.0000E+00  1.0000E+00  1.0000E+00  error v
 19     1024  1.0000E+00  1.0000E+00  1.0000E+00  error v
 19     1024  1.0000E+00  1.0000E+00  1.0000E+00  error v
 19     1024  1.0000E+00  1.0000E+00  1.0000E+00  error v
 19     1024  1.0000E+00  1.0000E+00  1.0000E+00  error v
 19     1024  1.0000E+00  1.0000E+00  1.0000E+00  error v
 19     1024  1.0000E+00  1.0000E+00  1.0000E+00  error v
 19     1024  1.0000E+00  1.0000E+00  1.0000E+00  error v
 19     1024  1.0000E+00  1.0000E+00  1.0000E+00  error v
 19     1024  1.0000E+00  1.0000E+00  1.0000E+00  error v
 19     1024  1.0000E+00  1.0000E+00  1.0000E+00  error v
 19     1024  1.0000E+00  1.0000E+00  1.0000E+00  error v
 19     1024  1.0000E+00  1.0000E+00  1.0000E+00  error v
 19     1024  1.0000E+00  1.0000E+00  1.0000E+00  error v
 19     1024  1.0000E+00  1.0000E+00  1.0000E+00  error v
 19     1024  1.0000E+00  1.0000E+00  1.0000E+00  error v
 19     1024  1.0000E+00  1.0000E+00  1.0000E+00  error v
 19     1024  1.0000E+00  1.0000E+00  1.0000E+00  error v
 19     1024  1.0000E+00  1.0000E+00  1.0000E+00  error v
 19     1024  1.0000E+00  1.0000E+00  1.0000E+00  error v
 19     1024  1.0000E+00  1.0000E+00  1.0000E+00  error v
 19     1024  1.0000E+00  1.0000E+00  1.0000E+00  error v
 19     1024  1.0000E+00  1.0000E+00  1.0000E+00  error v
 19     1024  1.0000E+00  1.0000E+00  1.0000E+00  error v
 19     1024  1.0000E+00  1.0000E+00  1.0000E+00  error v
 19     1024  1.0000E+00  1.0000E+00  1.0000E+00  error v
 19     1024  1.0000E+00  1.0000E+00  1.0000E+00  error v
 19     1024  1.0000E+00  1.0000E+00  1.0000E+00  error v
 19     1024  1.0000E+00  1.0000E+00  1.0000E+00  error v
 19     1024  1.0000E+00  1.0000E+00  1.0000E+00  error v
 19     1024  1.0000E+00  1.0000E+00  1.0000E+00  error v
 19     1024  1.0000E+00  1.0000E+00  1.0000E+00  error v
 19     1024  1.0000E+00  1.0000E+00  1.0000E+00  error v
 19     1024  1.0000E+00  1.0000E+00  1.0000E+00  error v
 19     1024  1.0000E+00  1.0000E+00  1.0000E+00  error v
 19     1024  1.0000E+00  1.0000E+00  1.0000E+00  error v
 19     1024  1.0000E+00  1.0000E+00  1.0000E+00  error v
 19     1024  1.0000E+00  1.0000E+00  1.0000E+00  error v
 19     1024  1.0000E+00  1.0000E+00  1.0000E+00  error v
 19     1024  1.0000E+00  1.0000E+00  1.0000E+00  error v
 19     1024  1.0000E+00  1.0000E+00  1.0000E+00  error v
 19     1024  1.0000E+00  1.0000E+00  1.0000E+00  error v
 19     1024  1.0000E+00  1.0000E+00  1.0000E+00  error v
 19     1024  1.0000E+00  1.0000E+00  1.0000E+00  error v
 19     1024  1.0000E+00  1.0000E+00  1.0000E+00  error v
 19     1024  1.0000E+00  1.0000E+00  1.0000E+00  error v
 19     1024  1.0000E+00  1.0000E+00  1.0000E+00  error v
 19     1024  1.0000E+00  1.0000E+00  1.0000E+00  error v
 19     1024  1.0000E+00  1.0000E+00  1.0000E+00  error v
 19     1024  1.0000E+00  1.0000E+00  1.0000E+00  error v
 19     1024  1.0000E+00  1.0000E+00  1.0000E+00  error v
 19     1024  1.0000E+00  1.0000E+00  1.0000E+00  error v
 19     1024  1.0000E+00  1.0000E+00  1.0000E+00  error v
 19     1024  1.0000E+00  1.0000E+00  1.0000E+00  error v
 19     1024  1.0000E+00  1.0000E+00  1.0000E+00  error v
 19     1024  1.0000E+00  1.0000E+00  1.0000E+00  error v
 19     1024  1.0000E+00  1.0000E+00  1.0000E+00  error v
 19     1024  1.0000E+00  1.0000E+00  1.0000E+00  error v
 19     1024  1.0000E+00  1.0000E+00  1.0000E+00  error v
 19     1024  1.0000E+00  1.0000E+00  1.0000E+00  error v
 19     1024  1.0000E+00  1.0000E+00  1.0000E+00  error v
 19     1024  1.0000E+00  1.0000E+00  1.0000E+00  error v
 19     1024  1.0000E+00  1.0000E+00  1.0000E+00  error v
 19     1024  1.0000E+00  1.0000E+00  1.0000E+00  error v
 19     1024  1.0000E+00  1.0000E+00  1.0000E+00  error v
 19     1024  1.0000E+00  1.0000E+00  1.0000E+00  error v
 19     1024  1.0000E+00  1.0000E+00  1.0000E+00  error v
 19     1024  1.0000E+00  1.0000E+00  1.0000E+00  error v
 19     1024  1.0000E+00  1.0000E+00  1.0000E+00  error v
 19     1024  1.0000E+00  1.0000E+00  1.0000E+00  error v
 19     1024  1.0000E+00  1.0000E+00  1.0000E+00  error v
 19     1024  1.0000E+00  1.0000E+00  1.0000E+00  error v
 19     1024  1.0000E+00  1.0000E+00  1.0000E+00  error v
 19     1024  1.0000E+00  1.0000E+00  1.0000E+00  error v
 19     1024  1.0000E+00  1.0000E+00  1.0000E+00  error v
 19     1024  1.0000E+00  1.0000E+00  1.0000E+00  error v
 19     1024  1.0000E+00  1.0000E+00  1.0000E+00  error v
 19     1024  1.0000E+00  1.0000E+00  1.0000E+00  error v
 19     1024  1.0000E+00  1.0000E+00  1.0000E+00  error v
 19     1024  1.0000E+00  1.0000E+00  1.0000E+00  error v
 19     1024  1.0000E+00  1.0000E+00  1.0000E+00  error v
 19     1024  1.0000E+00  1.0000E+00  1.0000E+00  error v
 19     1024  1.0000E+00  1.0000E+00  1.0000E+00  error v
 19     1024  1.0000E+00  1.0000E+00  1.0000E+00  error v
 19     1024  1.0000E+00  1.0000E+00  1.0000E+00  error v
 19     1024  1.0000E+00  1.0000E+00  1.0000E+00  error v
 19     1024  1.0000E+00  1.0000E+00  1.0000E+00  error v
 19     1024  1.0000E+00  1.0000E+00  1.0000E+00  error v
 19     1024  1.0000E+00  1.0000E+00  1.0000E+00  error v
 19     1024  1.0000E+00  1.0000E+00  1.0000E+00  error v
 19     1024  1.0000E+00  1.0000E+00  1.0000E+00  error v
 19     1024  1.0000E+00  1.0000E+00  1.0000E+00  error v
 19     1024  1.0000E+00  1.0000E+00  1.0000E+00  error v
 19     1024  1.0000E+00  1.0000E+00  1.0000E+00  error v
 19     1024  1.0000E+00  1.0000E+00  1.0000E+00  error v
 19     1024  1.0000E+00  1.0000E+00  1.0000E+00  error v
 19     1024  1.0000E+00  1.0000E+00  1.0000E+00  error v
 19     1024  1.0000E+00  1.0000E+00  1.0000E+00  error v
 19     1024  1.0000E+00  1.0000E+00  1.0000E+00  error v
 19     1024  1.0000E+00  1.0000E+00  1.0000E+00  error v
 19     1024  1.0000E+00  1.0000E+00  1.0000E+00  error v
 19     1024  1.0000E+00  1.0000E+00  1.0000E+00  error v
 19     1024  1.0000E+00  1.0000E+00  1.0000E+00  error v
 19     1024  1.0000E+00  1.0000E+00  1.0000E+00  error v
 19     1024  1.0000E+00  1.0000E+00  1.0000E+00  error v
 19     1024  1.0000E+00  1.0000E+00  1.0000E+00  error v
 19     1024  1.0000E+00  1.0000E+00  1.0000E+00  error v
 19     1024  1.0000E+00  1.0000E+00  1.0000E+00  error v
 19     1024  1.0000E+00  1.0000E+00  1.0000E+00  error v
 19     1024  1.0000E+00  1.0000E+00  1.0000E+00  error v
 19     1024  1.0000E+00  1.0000E+00  1.0000E+00  error v
 19     1024  1.0000E+00  1.0000E+00  1.0000E+00  error v
 19     1024  1.0000E+00  1.0000E+00  1.0000E+00  error v
 19     1024  1.0000E+00  1.0000E+00  1.0000E+00  error v
 19     1024  1.0000E+00  1.0000E+00  1.0000E+00  error v
 19     1024  1.0000E+00  1.0000E+00  1.0000E+00  error v
 
nelt =       8, np =       128, nx1 =      19, elements =      1024
Solve Time =   0.8865E-09
 
nelt =       8, np =       128, nx1 =      19, elements =      1024
Solve Time =   0.8833E-09
 
nelt =       8, np =       128, nx1 =      19, elements =      1024
Solve Time =   0.8838E-09
 
nelt =       8, np =       128, nx1 =      19, elements =      1024
Solve Time =   0.8840E-09
 
nelt =       8, np =       128, nx1 =      19, elements =      1024
Solve Time =   0.8840E-09
 
nelt =       8, np =       128, nx1 =      19, elements =      1024
Solve Time =   0.8838E-09
 
nelt =       8, np =       128, nx1 =      19, elements =      1024
Solve Time =   0.8835E-09
 
nelt =       8, np =       128, nx1 =      19, elements =      1024
Solve Time =   0.8837E-09
 
nelt =       8, np =       128, nx1 =      19, elements =      1024
Solve Time =   0.8830E-09
 
nelt =       8, np =       128, nx1 =      19, elements =      1024
Solve Time =   0.8840E-09
 19     1024  8.0193E-04  8.0193E-04  8.0193E-04  error s
 19     1024  8.0193E-04  8.0193E-04  8.0193E-04  error s
 19     1024  8.0193E-04  8.0193E-04  8.0193E-04  error s
 19     1024  8.0193E-04  8.0193E-04  8.0193E-04  error s
 19     1024  8.0193E-04  8.0193E-04  8.0193E-04  error s
 19     1024  8.0193E-04  8.0193E-04  8.0193E-04  error s
 19     1024  8.0193E-04  8.0193E-04  8.0193E-04  error s
 19     1024  8.0193E-04  8.0193E-04  8.0193E-04  error s
 19     1024  8.0193E-04  8.0193E-04  8.0193E-04  error s
 19     1024  8.0193E-04  8.0193E-04  8.0193E-04  error s
 19     1024  8.0193E-04  8.0193E-04  8.0193E-04  error s
 19     1024  8.0193E-04  8.0193E-04  8.0193E-04  error s
 19     1024  8.0193E-04  8.0193E-04  8.0193E-04  error s
 19     1024  8.0193E-04  8.0193E-04  8.0193E-04  error s
 19     1024  8.0193E-04  8.0193E-04  8.0193E-04  error s
 19     1024  8.0193E-04  8.0193E-04  8.0193E-04  error s
 19     1024  8.0193E-04  8.0193E-04  8.0193E-04  error s
 19     1024  8.0193E-04  8.0193E-04  8.0193E-04  error s
 19     1024  8.0193E-04  8.0193E-04  8.0193E-04  error s
 19     1024  8.0193E-04  8.0193E-04  8.0193E-04  error s
 19     1024  8.0193E-04  8.0193E-04  8.0193E-04  error s
 19     1024  8.0193E-04  8.0193E-04  8.0193E-04  error s
 19     1024  8.0193E-04  8.0193E-04  8.0193E-04  error s
 19     1024  8.0193E-04  8.0193E-04  8.0193E-04  error s
 19     1024  8.0193E-04  8.0193E-04  8.0193E-04  error s
 19     1024  8.0193E-04  8.0193E-04  8.0193E-04  error s
 19     1024  8.0193E-04  8.0193E-04  8.0193E-04  error s
 19     1024  8.0193E-04  8.0193E-04  8.0193E-04  error s
 19     1024  8.0193E-04  8.0193E-04  8.0193E-04  error s
 19     1024  8.0193E-04  8.0193E-04  8.0193E-04  error s
 19     1024  8.0193E-04  8.0193E-04  8.0193E-04  error s
 19     1024  8.0193E-04  8.0193E-04  8.0193E-04  error s
 19     1024  8.0193E-04  8.0193E-04  8.0193E-04  error s
 19     1024  8.0193E-04  8.0193E-04  8.0193E-04  error s
 19     1024  8.0193E-04  8.0193E-04  8.0193E-04  error s
 19     1024  8.0193E-04  8.0193E-04  8.0193E-04  error s
 19     1024  8.0193E-04  8.0193E-04  8.0193E-04  error s
 19     1024  8.0193E-04  8.0193E-04  8.0193E-04  error s
 19     1024  8.0193E-04  8.0193E-04  8.0193E-04  error s
 19     1024  8.0193E-04  8.0193E-04  8.0193E-04  error s
 19     1024  8.0193E-04  8.0193E-04  8.0193E-04  error s
 19     1024  8.0193E-04  8.0193E-04  8.0193E-04  error s
 19     1024  8.0193E-04  8.0193E-04  8.0193E-04  error s
 19     1024  8.0193E-04  8.0193E-04  8.0193E-04  error s
 19     1024  8.0193E-04  8.0193E-04  8.0193E-04  error s
 19     1024  8.0193E-04  8.0193E-04  8.0193E-04  error s
 19     1024  8.0193E-04  8.0193E-04  8.0193E-04  error s
 19     1024  8.0193E-04  8.0193E-04  8.0193E-04  error s
 19     1024  8.0193E-04  8.0193E-04  8.0193E-04  error s
 19     1024  8.0193E-04  8.0193E-04  8.0193E-04  error s
 19     1024  8.0193E-04  8.0193E-04  8.0193E-04  error s
 19     1024  8.0193E-04  8.0193E-04  8.0193E-04  error s
 19     1024  8.0193E-04  8.0193E-04  8.0193E-04  error s
 19     1024  8.0193E-04  8.0193E-04  8.0193E-04  error s
 19     1024  8.0193E-04  8.0193E-04  8.0193E-04  error s
 19     1024  8.0193E-04  8.0193E-04  8.0193E-04  error s
 19     1024  8.0193E-04  8.0193E-04  8.0193E-04  error s
 19     1024  8.0193E-04  8.0193E-04  8.0193E-04  error s
 19     1024  8.0193E-04  8.0193E-04  8.0193E-04  error s
 19     1024  8.0193E-04  8.0193E-04  8.0193E-04  error s
 19     1024  8.0193E-04  8.0193E-04  8.0193E-04  error s
 19     1024  8.0193E-04  8.0193E-04  8.0193E-04  error s
 19     1024  8.0193E-04  8.0193E-04  8.0193E-04  error s
 19     1024  8.0193E-04  8.0193E-04  8.0193E-04  error s
 19     1024  8.0193E-04  8.0193E-04  8.0193E-04  error s
 19     1024  8.0193E-04  8.0193E-04  8.0193E-04  error s
 19     1024  8.0193E-04  8.0193E-04  8.0193E-04  error s
 19     1024  8.0193E-04  8.0193E-04  8.0193E-04  error s
 19     1024  8.0193E-04  8.0193E-04  8.0193E-04  error s
 19     1024  8.0193E-04  8.0193E-04  8.0193E-04  error s
 19     1024  8.0193E-04  8.0193E-04  8.0193E-04  error s
 19     1024  8.0193E-04  8.0193E-04  8.0193E-04  error s
 19     1024  8.0193E-04  8.0193E-04  8.0193E-04  error s
 19     1024  8.0193E-04  8.0193E-04  8.0193E-04  error s
 19     1024  8.0193E-04  8.0193E-04  8.0193E-04  error s
 19     1024  8.0193E-04  8.0193E-04  8.0193E-04  error s
 19     1024  8.0193E-04  8.0193E-04  8.0193E-04  error s
 19     1024  8.0193E-04  8.0193E-04  8.0193E-04  error s
 19     1024  8.0193E-04  8.0193E-04  8.0193E-04  error s
 19     1024  8.0193E-04  8.0193E-04  8.0193E-04  error s
 19     1024  8.0193E-04  8.0193E-04  8.0193E-04  error s
 19     1024  8.0193E-04  8.0193E-04  8.0193E-04  error s
 19     1024  8.0193E-04  8.0193E-04  8.0193E-04  error s
 19     1024  8.0193E-04  8.0193E-04  8.0193E-04  error s
 19     1024  8.0193E-04  8.0193E-04  8.0193E-04  error s
 19     1024  8.0193E-04  8.0193E-04  8.0193E-04  error s
 19     1024  8.0193E-04  8.0193E-04  8.0193E-04  error s
 19     1024  8.0193E-04  8.0193E-04  8.0193E-04  error s
 19     1024  8.0193E-04  8.0193E-04  8.0193E-04  error s
 19     1024  8.0193E-04  8.0193E-04  8.0193E-04  error s
 19     1024  8.0193E-04  8.0193E-04  8.0193E-04  error s
 19     1024  8.0193E-04  8.0193E-04  8.0193E-04  error s
 19     1024  8.0193E-04  8.0193E-04  8.0193E-04  error s
 19     1024  8.0193E-04  8.0193E-04  8.0193E-04  error s
 19     1024  8.0193E-04  8.0193E-04  8.0193E-04  error s
 19     1024  8.0193E-04  8.0193E-04  8.0193E-04  error s
 19     1024  8.0193E-04  8.0193E-04  8.0193E-04  error s
 19     1024  8.0193E-04  8.0193E-04  8.0193E-04  error s
 19     1024  8.0193E-04  8.0193E-04  8.0193E-04  error s
 19     1024  8.0193E-04  8.0193E-04  8.0193E-04  error s
 19     1024  8.0193E-04  8.0193E-04  8.0193E-04  error s
 19     1024  8.0193E-04  8.0193E-04  8.0193E-04  error s
 19     1024  8.0193E-04  8.0193E-04  8.0193E-04  error s
 19     1024  8.0193E-04  8.0193E-04  8.0193E-04  error s
 19     1024  8.0193E-04  8.0193E-04  8.0193E-04  error s
 19     1024  8.0193E-04  8.0193E-04  8.0193E-04  error s
 19     1024  8.0193E-04  8.0193E-04  8.0193E-04  error s
 19     1024  8.0193E-04  8.0193E-04  8.0193E-04  error s
 19     1024  8.0193E-04  8.0193E-04  8.0193E-04  error s
 19     1024  8.0193E-04  8.0193E-04  8.0193E-04  error s
 19     1024  8.0193E-04  8.0193E-04  8.0193E-04  error s
 19     1024  8.0193E-04  8.0193E-04  8.0193E-04  error s
 19     1024  8.0193E-04  8.0193E-04  8.0193E-04  error s
 19     1024  8.0193E-04  8.0193E-04  8.0193E-04  error s
 19     1024  8.0193E-04  8.0193E-04  8.0193E-04  error s
 19     1024  8.0193E-04  8.0193E-04  8.0193E-04  error s
 19     1024  8.0193E-04  8.0193E-04  8.0193E-04  error s
 19     1024  8.0193E-04  8.0193E-04  8.0193E-04  error s
 19     1024  8.0193E-04  8.0193E-04  8.0193E-04  error s
 19     1024  8.0193E-04  8.0193E-04  8.0193E-04  error s
 19     1024  8.0193E-04  8.0193E-04  8.0193E-04  error s
 19     1024  8.0193E-04  8.0193E-04  8.0193E-04  error s
 19     1024  8.0193E-04  8.0193E-04  8.0193E-04  error s
 19     1024  8.0193E-04  8.0193E-04  8.0193E-04  error s
 19     1024  8.0193E-04  8.0193E-04  8.0193E-04  error s
 19     1024  8.0193E-04  8.0193E-04  8.0193E-04  error s
 19     1024  8.0193E-04  8.0193E-04  8.0193E-04  error s
 19     1024  8.0193E-04  8.0193E-04  8.0193E-04  error s
 
nelt =       8, np =       128, nx1 =      19, elements =      1024
Solve Time =   0.9859E-09
 
nelt =       8, np =       128, nx1 =      19, elements =      1024
Solve Time =   0.9845E-09
 
nelt =       8, np =       128, nx1 =      19, elements =      1024
Solve Time =   0.9845E-09
 
nelt =       8, np =       128, nx1 =      19, elements =      1024
Solve Time =   0.9843E-09
 
nelt =       8, np =       128, nx1 =      19, elements =      1024
Solve Time =   0.9842E-09
 
nelt =       8, np =       128, nx1 =      19, elements =      1024
Solve Time =   0.9845E-09
 
nelt =       8, np =       128, nx1 =      19, elements =      1024
Solve Time =   0.9845E-09
 
nelt =       8, np =       128, nx1 =      19, elements =      1024
Solve Time =   0.9844E-09
 
nelt =       8, np =       128, nx1 =      19, elements =      1024
Solve Time =   0.9843E-09
 
nelt =       8, np =       128, nx1 =      19, elements =      1024
Solve Time =   0.9843E-09
 19     1024  8.0181E-04  8.0181E-04  8.0181E-04  error n
 19     1024  8.0181E-04  8.0181E-04  8.0181E-04  error n
 19     1024  8.0181E-04  8.0181E-04  8.0181E-04  error n
 19     1024  8.0181E-04  8.0181E-04  8.0181E-04  error n
 19     1024  8.0181E-04  8.0181E-04  8.0181E-04  error n
 19     1024  8.0181E-04  8.0181E-04  8.0181E-04  error n
 19     1024  8.0181E-04  8.0181E-04  8.0181E-04  error n
 19     1024  8.0181E-04  8.0181E-04  8.0181E-04  error n
 19     1024  8.0181E-04  8.0181E-04  8.0181E-04  error n
 19     1024  8.0181E-04  8.0181E-04  8.0181E-04  error n
 19     1024  8.0181E-04  8.0181E-04  8.0181E-04  error n
 19     1024  8.0181E-04  8.0181E-04  8.0181E-04  error n
 19     1024  8.0181E-04  8.0181E-04  8.0181E-04  error n
 19     1024  8.0181E-04  8.0181E-04  8.0181E-04  error n
 19     1024  8.0181E-04  8.0181E-04  8.0181E-04  error n
 19     1024  8.0181E-04  8.0181E-04  8.0181E-04  error n
 19     1024  8.0181E-04  8.0181E-04  8.0181E-04  error n
 19     1024  8.0181E-04  8.0181E-04  8.0181E-04  error n
 19     1024  8.0181E-04  8.0181E-04  8.0181E-04  error n
 19     1024  8.0181E-04  8.0181E-04  8.0181E-04  error n
 19     1024  8.0181E-04  8.0181E-04  8.0181E-04  error n
 19     1024  8.0181E-04  8.0181E-04  8.0181E-04  error n
 19     1024  8.0181E-04  8.0181E-04  8.0181E-04  error n
 19     1024  8.0181E-04  8.0181E-04  8.0181E-04  error n
 19     1024  8.0181E-04  8.0181E-04  8.0181E-04  error n
 19     1024  8.0181E-04  8.0181E-04  8.0181E-04  error n
 19     1024  8.0181E-04  8.0181E-04  8.0181E-04  error n
 19     1024  8.0181E-04  8.0181E-04  8.0181E-04  error n
 19     1024  8.0181E-04  8.0181E-04  8.0181E-04  error n
 19     1024  8.0181E-04  8.0181E-04  8.0181E-04  error n
 19     1024  8.0181E-04  8.0181E-04  8.0181E-04  error n
 19     1024  8.0181E-04  8.0181E-04  8.0181E-04  error n
 19     1024  8.0181E-04  8.0181E-04  8.0181E-04  error n
 19     1024  8.0181E-04  8.0181E-04  8.0181E-04  error n
 19     1024  8.0181E-04  8.0181E-04  8.0181E-04  error n
 19     1024  8.0181E-04  8.0181E-04  8.0181E-04  error n
  18     1024  100  0.0000E+00  0.0000E+00  0.0000E+00 time for 3 hmholtz
 19     1024  8.0181E-04  8.0181E-04  8.0181E-04  error n
 19     1024  8.0181E-04  8.0181E-04  8.0181E-04  error n
 19     1024  8.0181E-04  8.0181E-04  8.0181E-04  error n
 19     1024  8.0181E-04  8.0181E-04  8.0181E-04  error n
 19     1024  8.0181E-04  8.0181E-04  8.0181E-04  error n
 19     1024  8.0181E-04  8.0181E-04  8.0181E-04  error n
EXIT: quit after cggov         18
 19     1024  8.0181E-04  8.0181E-04  8.0181E-04  error n
 19     1024  8.0181E-04  8.0181E-04  8.0181E-04  error n
 19     1024  8.0181E-04  8.0181E-04  8.0181E-04  error n
 19     1024  8.0181E-04  8.0181E-04  8.0181E-04  error n
 19     1024  8.0181E-04  8.0181E-04  8.0181E-04  error n
 19     1024  8.0181E-04  8.0181E-04  8.0181E-04  error n
 19     1024  8.0181E-04  8.0181E-04  8.0181E-04  error n
 19     1024  8.0181E-04  8.0181E-04  8.0181E-04  error n
 19     1024  8.0181E-04  8.0181E-04  8.0181E-04  error n
 19     1024  8.0181E-04  8.0181E-04  8.0181E-04  error n
 19     1024  8.0181E-04  8.0181E-04  8.0181E-04  error n
 19     1024  8.0181E-04  8.0181E-04  8.0181E-04  error n
 19     1024  8.0181E-04  8.0181E-04  8.0181E-04  error n
 19     1024  8.0181E-04  8.0181E-04  8.0181E-04  error n
 19     1024  8.0181E-04  8.0181E-04  8.0181E-04  error n
 19     1024  8.0181E-04  8.0181E-04  8.0181E-04  error n
 19     1024  8.0181E-04  8.0181E-04  8.0181E-04  error n
 19     1024  8.0181E-04  8.0181E-04  8.0181E-04  error n
 19     1024  8.0181E-04  8.0181E-04  8.0181E-04  error n
 19     1024  8.0181E-04  8.0181E-04  8.0181E-04  error n
 19     1024  8.0181E-04  8.0181E-04  8.0181E-04  error n
 19     1024  8.0181E-04  8.0181E-04  8.0181E-04  error n
 19     1024  8.0181E-04  8.0181E-04  8.0181E-04  error n
 19     1024  8.0181E-04  8.0181E-04  8.0181E-04  error n
 19     1024  8.0181E-04  8.0181E-04  8.0181E-04  error n
 19     1024  8.0181E-04  8.0181E-04  8.0181E-04  error n
 19     1024  8.0181E-04  8.0181E-04  8.0181E-04  error n
 19     1024  8.0181E-04  8.0181E-04  8.0181E-04  error n
 19     1024  8.0181E-04  8.0181E-04  8.0181E-04  error n
 19     1024  8.0181E-04  8.0181E-04  8.0181E-04  error n
 19     1024  8.0181E-04  8.0181E-04  8.0181E-04  error n
 19     1024  8.0181E-04  8.0181E-04  8.0181E-04  error n
 19     1024  8.0181E-04  8.0181E-04  8.0181E-04  error n
 19     1024  8.0181E-04  8.0181E-04  8.0181E-04  error n
 19     1024  8.0181E-04  8.0181E-04  8.0181E-04  error n
 19     1024  8.0181E-04  8.0181E-04  8.0181E-04  error n
 19     1024  8.0181E-04  8.0181E-04  8.0181E-04  error n
 19     1024  8.0181E-04  8.0181E-04  8.0181E-04  error n
 19     1024  8.0181E-04  8.0181E-04  8.0181E-04  error n
 19     1024  8.0181E-04  8.0181E-04  8.0181E-04  error n
 19     1024  8.0181E-04  8.0181E-04  8.0181E-04  error n
 19     1024  8.0181E-04  8.0181E-04  8.0181E-04  error n
 19     1024  8.0181E-04  8.0181E-04  8.0181E-04  error n
 19     1024  8.0181E-04  8.0181E-04  8.0181E-04  error n
 19     1024  8.0181E-04  8.0181E-04  8.0181E-04  error n
 19     1024  8.0181E-04  8.0181E-04  8.0181E-04  error n
 19     1024  8.0181E-04  8.0181E-04  8.0181E-04  error n
 19     1024  8.0181E-04  8.0181E-04  8.0181E-04  error n
 19     1024  8.0181E-04  8.0181E-04  8.0181E-04  error n
 19     1024  8.0181E-04  8.0181E-04  8.0181E-04  error n
 19     1024  8.0181E-04  8.0181E-04  8.0181E-04  error n
 19     1024  8.0181E-04  8.0181E-04  8.0181E-04  error n
 19     1024  8.0181E-04  8.0181E-04  8.0181E-04  error n
 19     1024  8.0181E-04  8.0181E-04  8.0181E-04  error n
 19     1024  8.0181E-04  8.0181E-04  8.0181E-04  error n
 19     1024  8.0181E-04  8.0181E-04  8.0181E-04  error n
 19     1024  8.0181E-04  8.0181E-04  8.0181E-04  error n
 19     1024  8.0181E-04  8.0181E-04  8.0181E-04  error n
 19     1024  8.0181E-04  8.0181E-04  8.0181E-04  error n
 19     1024  8.0181E-04  8.0181E-04  8.0181E-04  error n
 19     1024  8.0181E-04  8.0181E-04  8.0181E-04  error n
 19     1024  8.0181E-04  8.0181E-04  8.0181E-04  error n
 19     1024  8.0181E-04  8.0181E-04  8.0181E-04  error n
 19     1024  8.0181E-04  8.0181E-04  8.0181E-04  error n
 19     1024  8.0181E-04  8.0181E-04  8.0181E-04  error n
 19     1024  8.0181E-04  8.0181E-04  8.0181E-04  error n
 19     1024  8.0181E-04  8.0181E-04  8.0181E-04  error n
 19     1024  8.0181E-04  8.0181E-04  8.0181E-04  error n
 19     1024  8.0181E-04  8.0181E-04  8.0181E-04  error n
 19     1024  8.0181E-04  8.0181E-04  8.0181E-04  error n
 19     1024  8.0181E-04  8.0181E-04  8.0181E-04  error n
 19     1024  8.0181E-04  8.0181E-04  8.0181E-04  error n
 19     1024  8.0181E-04  8.0181E-04  8.0181E-04  error n
 19     1024  8.0181E-04  8.0181E-04  8.0181E-04  error n
 19     1024  8.0181E-04  8.0181E-04  8.0181E-04  error n
 19     1024  8.0181E-04  8.0181E-04  8.0181E-04  error n
 19     1024  8.0181E-04  8.0181E-04  8.0181E-04  error n
 19     1024  8.0181E-04  8.0181E-04  8.0181E-04  error n
 19     1024  8.0181E-04  8.0181E-04  8.0181E-04  error n
 19     1024  8.0181E-04  8.0181E-04  8.0181E-04  error n
 19     1024  8.0181E-04  8.0181E-04  8.0181E-04  error n
 19     1024  8.0181E-04  8.0181E-04  8.0181E-04  error n
 19     1024  8.0181E-04  8.0181E-04  8.0181E-04  error n
 19     1024  8.0181E-04  8.0181E-04  8.0181E-04  error n
 19     1024  8.0181E-04  8.0181E-04  8.0181E-04  error n
 19     1024  8.0181E-04  8.0181E-04  8.0181E-04  error n
  
call exitt: dying ...
  
backtrace(): obtained 8 stack frames.
./nek5000() [0x784f35]
./nek5000() [0x968cb9]
./nek5000() [0x40dfcc]
./nek5000() [0x428f26]
./nek5000() [0x4274de]
./nek5000() [0x4054fe]
/lib64/libc.so.6(__libc_start_main+0xf5) [0x2aaab1ca3b25]
./nek5000() [0x405409]
  
total elapsed time             :   1.60648E+03 sec
total solver time incl. I/O    :   0.00000E+00 sec
time/timestep                  :   0.00000E+00 sec
CPU seconds/timestep/gridpt    :   0.00000E+00 sec

Application 2260140 resources: utime ~204354s, stime ~1046s, Rss ~137860, inblocks ~0, outblocks ~0
