/----------------------------------------------------------\\
|      _   __ ______ __ __  ______  ____   ____   ____     |
|     / | / // ____// //_/ / ____/ / __ \\/ __ \\/ __ \\   |
|    /  |/ // __/  / ,<   /___ \\ / / / // / / // / / /    |
|   / /|  // /___ / /| | ____/ / / /_/ // /_/ // /_/ /     |
|  /_/ |_//_____//_/ |_|/_____/  \\___/ \\___/ \\___/      |
|                                                          |
|----------------------------------------------------------|
|                                                          |
| NEK5000:  Open Source Spectral Element Solver            |
| COPYRIGHT (c) 2008-2016 UCHICAGO ARGONNE, LLC            |
| Version:  16.0.0                                         |
| Web:      http://nek5000.mcs.anl.gov                     |
|                                                          |
\\----------------------------------------------------------/
                                                              

 Number of processors:        1024
 REAL    wdsize      :           8
 INTEGER wdsize      :           4
 Timer accuracy      : 3.81E-07
 Reading /gpfs/theta-fs1/home/thilina/env/lx19/b14.rea                                                                                       

 mapping elements to processors
 Reading /gpfs/theta-fs1/home/thilina/env/lx19/b14.map                                                                                       
 RANK     0 IEG   15617   15618   15619   15620   15633   15634   15635   15636
                  16129   16130   16131   16132   16145   16146   16147   16148
 element load imbalance:            0          16          16
 done :: mapping elements to processors
  
           0  objects found
 118   Parameters from file:
   1      1.00000     p001 DENSITY
   2     -100.000     p002 VISCOS
   7      1.00000     p007 RHOCP
   8      1.00000     p008 CONDUCT
  11      1.00        p011 NSTEPS
  12    -0.500000E-02 p012 DT
  21     0.100000E-05 p021 DIVERGENCE
  22     0.100000E-07 p022 HELMHOLTZ
  24     0.100000E-09 p024 TOLREL
  25     0.100000E-09 p025 TOLABS
  26     0.250000     p026 COURANT/NTAU
  27      2.00000     p027 TORDER
  66      6.00000     p066 output : <0=ascii, else binary
  67      6.00000     p067 restart: <0=ascii, else binary
  99      3.00000     p099 dealiasing: <0--> off/3--> old/4--> new
 103     0.500000E-01 p103 weight of stabilizing filter (.01)
  
 nelgt/nelgv/lelt:       16384       16384         100
 lx1  /lx2  /lx3 :          19          19          19
 done :: read .rea file    92.986     sec

 setup mesh topology
   Right-handed check complete for   16384 elements. OK.
   setvert3d:  19    15721889    96216481    15721889    15721889
 call usrsetvert
 done :: usrsetvert

gs_setup: 5885097 unique labels shared
   pairwise times (avg, min, max): 0.000283238 0.000219989 0.000327396
   crystal router                : 0.00219724 0.00215709 0.0022223
   used all_to_all method: pairwise
   handle bytes (avg, min, max): 515378 387644 547244
   buffer bytes (avg, min, max): 202437 110704 226208
   setupds time 7.0648E-01 seconds   0 19    15721889       16384
           8  max multiplicity
 done :: setup mesh topology
  
 call usrdat
 done :: usrdat

 generate geometry data
 done :: generate geometry data
  
 call usrdat2
 done :: usrdat2

 regenerate geometry data           1
 NOTE: All elements deformed , param(59) ^=0
 done :: regenerate geometry data           1
  
 verify mesh topology
  0.000000000000000E+000   1.00000000000000       Xrange
  0.000000000000000E+000   1.00000000000000       Yrange
  0.000000000000000E+000   1.00000000000000       Zrange
 done :: verify mesh topology
  
 IFTRAN   = T
 IFFLOW   = T
 IFHEAT   = F
 IFSPLIT  = T
 IFLOMACH = F
 IFUSERVP = F
 IFUSERMV = F
 IFSTRS   = F
 IFCHAR   = F
 IFCYCLIC = F
 IFAXIS   = F
 IFMVBD   = F
 IFMELT   = F
 IFMODEL  = F
 IFKEPS   = F
 IFMOAB   = F
 IFNEKNEK = F
 IFSYNC   = T
   
 IFVCOR   = T
 IFINTQ   = F
 IFCWUZ   = F
 IFSWALL  = F
 IFGEOM   = F
 IFSURT   = F
 IFWCNO   = F
   
 IFTMSH for field           1    =  F
 IFADVC for field           1    =  T
 IFNONL for field           1    =  F
   
 Dealiasing enabled, lxd=          28
  
 Estimated eigenvalues
 EIGAA =    9.86960440108936     
 EIGGA =    97623713.1118917     
 EIGAE =    9.86960440108936     
 EIGAS =   8.333333333333333E-002
 EIGGE =    97623713.1118917     
 EIGGS =    2.00000000000000     
  
 verify mesh topology
  0.000000000000000E+000   1.00000000000000       Xrange
  0.000000000000000E+000   1.00000000000000       Yrange
  0.000000000000000E+000   1.00000000000000       Zrange
 done :: verify mesh topology
  
  E-solver strategy:  0 itr
 mg_nx:           1           9          18
 mg_ny:           1           9          18
 mg_nz:           1           9          18
 call usrsetvert
 done :: usrsetvert

gs_setup: 13977 unique labels shared
   pairwise times (avg, min, max): 0.000129217 0.000106001 0.000149012
   crystal router                : 0.000123574 0.000116682 0.00012629
   all reduce                    : 0.00117989 0.00116942 0.00119331
   used all_to_all method: crystal router
   handle bytes (avg, min, max): 19561.9 15964 22708
   buffer bytes (avg, min, max): 2046.12 1392 2288
   setupds time 4.3518E-02 seconds   1  2       18513       16384
   setvert3d:   4      329969      461041      329969      329969
 call usrsetvert
 done :: usrsetvert

gs_setup: 151737 unique labels shared
   pairwise times (avg, min, max): 0.000122989 0.000103092 0.000140595
   crystal router                : 0.000185133 0.000183082 0.000187898
   used all_to_all method: pairwise
   handle bytes (avg, min, max): 17595.9 13244 18764
   buffer bytes (avg, min, max): 8081.62 4144 9248
   setupds time 5.0845E-02 seconds   2  4      329969       16384
   setvert3d:  10     3721937    12110545     3721937     3721937
 call usrsetvert
 done :: usrsetvert

gs_setup: 1449753 unique labels shared
   pairwise times (avg, min, max): 0.000181778 0.0001508 0.000209117
   crystal router                : 0.000819295 0.0008044 0.000835419
   used all_to_all method: pairwise
   handle bytes (avg, min, max): 133765 100796 142028
   buffer bytes (avg, min, max): 54719.6 29488 61472
   setupds time 2.1293E-01 seconds   3 10     3721937       16384
   setvert3d:  12     5671793    22055793     5671793     5671793
 call usrsetvert
 done :: usrsetvert

gs_setup: 2177337 unique labels shared
   pairwise times (avg, min, max): 0.000184683 0.000157189 0.000205493
   crystal router                : 0.000970462 0.000954318 0.000984097
   used all_to_all method: pairwise
   handle bytes (avg, min, max): 197064 148412 209228
   buffer bytes (avg, min, max): 79481.6 43056 89120
   setupds time 2.2137E-01 seconds   4 12     5671793       16384
 regenerate geometry data           1
 NOTE: All elements deformed , param(59) ^=0
 done :: regenerate geometry data           1
  
 h1_mg_nx:           1           3          18
 h1_mg_ny:           1           3          18
 h1_mg_nz:           1           3          18
 call usrsetvert
 done :: usrsetvert

gs_setup: 13977 unique labels shared
   pairwise times (avg, min, max): 0.000107094 8.96215e-05 0.000130701
   crystal router                : 0.00011287 0.000107098 0.000116897
   all reduce                    : 0.00112705 0.00112081 0.00113978
   used all_to_all method: crystal router
   handle bytes (avg, min, max): 19561.9 15964 22708
   buffer bytes (avg, min, max): 2046.12 1392 2288
   setupds time 3.8010E-02 seconds   5  2       18513       16384
   setvert3d:   4      329969      461041      329969      329969
 call usrsetvert
 done :: usrsetvert

gs_setup: 151737 unique labels shared
   pairwise times (avg, min, max): 0.000118153 0.0001019 0.0001333
   crystal router                : 0.000182224 0.000177407 0.0001899
   used all_to_all method: pairwise
   handle bytes (avg, min, max): 17595.9 13244 18764
   buffer bytes (avg, min, max): 8081.62 4144 9248
   setupds time 5.2530E-02 seconds   6  4      329969       16384
   setvert3d:   4      329969      461041      329969      329969
 call usrsetvert
 done :: usrsetvert

gs_setup: 151737 unique labels shared
   pairwise times (avg, min, max): 0.000111445 9.59158e-05 0.000130701
   crystal router                : 0.000170834 0.000169206 0.000172997
   used all_to_all method: pairwise
   handle bytes (avg, min, max): 17595.9 13244 18764
   buffer bytes (avg, min, max): 8081.62 4144 9248
   setupds time 4.1585E-02 seconds   7  4      329969       16384
   setvert3d:   6     1051025     2099601     1051025     1051025
 call usrsetvert
 done :: usrsetvert

gs_setup: 436953 unique labels shared
   pairwise times (avg, min, max): 0.000123221 9.61781e-05 0.000144696
   crystal router                : 0.000366544 0.000347614 0.00037961
   used all_to_all method: pairwise
   handle bytes (avg, min, max): 44030.9 33212 46796
   buffer bytes (avg, min, max): 19019.6 10032 21536
   setupds time 7.5443E-02 seconds   8  6     1051025       16384
   setvert3d:  19    15721889    96216481    15721889    15721889
 call usrsetvert
 done :: usrsetvert

gs_setup: 5885097 unique labels shared
   pairwise times (avg, min, max): 0.000278024 0.000209498 0.000327516
   crystal router                : 0.00214641 0.0021044 0.0021734
   used all_to_all method: pairwise
   handle bytes (avg, min, max): 515378 387644 547244
   buffer bytes (avg, min, max): 202437 110704 226208
   setupds time 6.7257E-01 seconds   9 19    15721889       16384
   setvert3d:  21    19514945   131892801    19514945    19514945
 call usrsetvert
 done :: usrsetvert

gs_setup: 7276233 unique labels shared
   pairwise times (avg, min, max): 0.0003331 0.000242996 0.000392199
   crystal router                : 0.00260562 0.00255289 0.0026314
   used all_to_all method: pairwise
   handle bytes (avg, min, max): 633973 476732 673196
   buffer bytes (avg, min, max): 247935 135792 276896
   setupds time 9.1831E-01 seconds  10 21    19514945       16384
 setup h1 coarse grid, nx_crs=           2
 call usrsetvert
 done :: usrsetvert

gs_setup: 13977 unique labels shared
   pairwise times (avg, min, max): 9.70866e-05 8.35896e-05 0.000108409
   crystal router                : 0.000137732 0.000136113 0.000139689
   all reduce                    : 0.00107639 0.0010709 0.00108719
   used all_to_all method: pairwise
   handle bytes (avg, min, max): 3448.88 2492 3788
   buffer bytes (avg, min, max): 1751.62 816 2080
 done :: setup h1 coarse grid   0.683243036270142       sec
  
 call usrdat3
 done :: usrdat3

 set initial conditions
 nekuic (1) for ifld            1
 call nekuic for vel  
 xyz min     0.0000       0.0000       0.0000    
 uvwpt min   0.0000       0.0000       0.0000       0.0000       0.0000    
 PS min      0.0000       0.0000      0.99000E+22
 xyz max     1.0000       1.0000       1.0000    
 uvwpt max   0.0000       0.0000       0.0000       0.0000       0.0000    
 PS max      0.0000       0.0000     -0.99000E+22
 done :: set initial conditions
  
 call userchk
GFM max:  3.8384E-05  1.5354E-04  1.5354E-04  8.2350E-17  8.2350E-17  1.6809E-16
 
nelt =      16, np =      1024, nx1 =      19, elements =     16384
Solve Time =   0.1089E-09
 
nelt =      16, np =      1024, nx1 =      19, elements =     16384
Solve Time =   0.1083E-09
 
nelt =      16, np =      1024, nx1 =      19, elements =     16384
Solve Time =   0.1087E-09
 
nelt =      16, np =      1024, nx1 =      19, elements =     16384
Solve Time =   0.1086E-09
 
nelt =      16, np =      1024, nx1 =      19, elements =     16384
Solve Time =   0.1087E-09
 
nelt =      16, np =      1024, nx1 =      19, elements =     16384
Solve Time =   0.1086E-09
 
nelt =      16, np =      1024, nx1 =      19, elements =     16384
Solve Time =   0.1088E-09
 
nelt =      16, np =      1024, nx1 =      19, elements =     16384
Solve Time =   0.1089E-09
 
nelt =      16, np =      1024, nx1 =      19, elements =     16384
Solve Time =   0.1089E-09
 
nelt =      16, np =      1024, nx1 =      19, elements =     16384
Solve Time =   0.1088E-09
 
nelt =      16, np =      1024, nx1 =      19, elements =     16384
Solve Time =   0.9747E-10
 
nelt =      16, np =      1024, nx1 =      19, elements =     16384
Solve Time =   0.9707E-10
 
nelt =      16, np =      1024, nx1 =      19, elements =     16384
Solve Time =   0.9721E-10
 
nelt =      16, np =      1024, nx1 =      19, elements =     16384
Solve Time =   0.9752E-10
 
nelt =      16, np =      1024, nx1 =      19, elements =     16384
Solve Time =   0.9728E-10
 
nelt =      16, np =      1024, nx1 =      19, elements =     16384
Solve Time =   0.9733E-10
 
nelt =      16, np =      1024, nx1 =      19, elements =     16384
Solve Time =   0.9761E-10
 
nelt =      16, np =      1024, nx1 =      19, elements =     16384
Solve Time =   0.9740E-10
 
nelt =      16, np =      1024, nx1 =      19, elements =     16384
Solve Time =   0.9753E-10
 
nelt =      16, np =      1024, nx1 =      19, elements =     16384
Solve Time =   0.9757E-10
 
nelt =      16, np =      1024, nx1 =      19, elements =     16384
Solve Time =   0.1012E-09
 
nelt =      16, np =      1024, nx1 =      19, elements =     16384
Solve Time =   0.1012E-09
 
nelt =      16, np =      1024, nx1 =      19, elements =     16384
Solve Time =   0.1015E-09
 
nelt =      16, np =      1024, nx1 =      19, elements =     16384
Solve Time =   0.1011E-09
 
nelt =      16, np =      1024, nx1 =      19, elements =     16384
Solve Time =   0.1012E-09
 
nelt =      16, np =      1024, nx1 =      19, elements =     16384
Solve Time =   0.1014E-09
 
nelt =      16, np =      1024, nx1 =      19, elements =     16384
Solve Time =   0.1012E-09
 
nelt =      16, np =      1024, nx1 =      19, elements =     16384
Solve Time =   0.1012E-09
 
nelt =      16, np =      1024, nx1 =      19, elements =     16384
Solve Time =   0.1015E-09
 
nelt =      16, np =      1024, nx1 =      19, elements =     16384
Solve Time =   0.1013E-09
 
nelt =      16, np =      1024, nx1 =      19, elements =     16384
Solve Time =   0.1054E-09
 
nelt =      16, np =      1024, nx1 =      19, elements =     16384
Solve Time =   0.1056E-09
 
nelt =      16, np =      1024, nx1 =      19, elements =     16384
Solve Time =   0.1055E-09
 
nelt =      16, np =      1024, nx1 =      19, elements =     16384
Solve Time =   0.1055E-09
 
nelt =      16, np =      1024, nx1 =      19, elements =     16384
Solve Time =   0.1054E-09
 
nelt =      16, np =      1024, nx1 =      19, elements =     16384
Solve Time =   0.1055E-09
 
nelt =      16, np =      1024, nx1 =      19, elements =     16384
Solve Time =   0.1055E-09
 
nelt =      16, np =      1024, nx1 =      19, elements =     16384
Solve Time =   0.1055E-09
 
nelt =      16, np =      1024, nx1 =      19, elements =     16384
Solve Time =   0.1057E-09
 
nelt =      16, np =      1024, nx1 =      19, elements =     16384
Solve Time =   0.1057E-09
 
nelt =      16, np =      1024, nx1 =      19, elements =     16384
Solve Time =   0.1099E-09
 
nelt =      16, np =      1024, nx1 =      19, elements =     16384
Solve Time =   0.1098E-09
 
nelt =      16, np =      1024, nx1 =      19, elements =     16384
Solve Time =   0.1101E-09
 
nelt =      16, np =      1024, nx1 =      19, elements =     16384
Solve Time =   0.1098E-09
 
nelt =      16, np =      1024, nx1 =      19, elements =     16384
Solve Time =   0.1096E-09
 
nelt =      16, np =      1024, nx1 =      19, elements =     16384
Solve Time =   0.1097E-09
 
nelt =      16, np =      1024, nx1 =      19, elements =     16384
Solve Time =   0.1096E-09
 
nelt =      16, np =      1024, nx1 =      19, elements =     16384
Solve Time =   0.1097E-09
 
nelt =      16, np =      1024, nx1 =      19, elements =     16384
Solve Time =   0.1095E-09
 
nelt =      16, np =      1024, nx1 =      19, elements =     16384
Solve Time =   0.1098E-09
 schfile:
 /gpfs/theta-fs1/home/thilina/env/lx19/b14.sch                                  
                                                      
Application 2260924 exit codes: 1
Application 2260924 resources: utime ~115032s, stime ~337s, Rss ~201776, inblocks ~0, outblocks ~0
