/----------------------------------------------------------\\
|      _   __ ______ __ __  ______  ____   ____   ____     |
|     / | / // ____// //_/ / ____/ / __ \\/ __ \\/ __ \\   |
|    /  |/ // __/  / ,<   /___ \\ / / / // / / // / / /    |
|   / /|  // /___ / /| | ____/ / / /_/ // /_/ // /_/ /     |
|  /_/ |_//_____//_/ |_|/_____/  \\___/ \\___/ \\___/      |
|                                                          |
|----------------------------------------------------------|
|                                                          |
| NEK5000:  Open Source Spectral Element Solver            |
| COPYRIGHT (c) 2008-2016 UCHICAGO ARGONNE, LLC            |
| Version:  16.0.0                                         |
| Web:      http://nek5000.mcs.anl.gov                     |
|                                                          |
\\----------------------------------------------------------/
                                                              

 Number of processors:        2048
 REAL    wdsize      :           8
 INTEGER wdsize      :           4
 Timer accuracy      : 4.05E-07
 Reading /gpfs/theta-fs1/home/thilina/env/lx19/b15.rea                                                                                       

 mapping elements to processors
 Reading /gpfs/theta-fs1/home/thilina/env/lx19/b15.map                                                                                       
 RANK     0 IEG   31260   31292   31293   31323   31324   31325   31356   32283
                  32284   32285   32315   32316   32317   32347   32348   32349
 element load imbalance:            0          16          16
 done :: mapping elements to processors
  
           0  objects found
 118   Parameters from file:
   1      1.00000     p001 DENSITY
   2     -100.000     p002 VISCOS
   7      1.00000     p007 RHOCP
   8      1.00000     p008 CONDUCT
  11      1.00        p011 NSTEPS
  12    -0.500000E-02 p012 DT
  21     0.100000E-05 p021 DIVERGENCE
  22     0.100000E-07 p022 HELMHOLTZ
  24     0.100000E-09 p024 TOLREL
  25     0.100000E-09 p025 TOLABS
  26     0.250000     p026 COURANT/NTAU
  27      2.00000     p027 TORDER
  66      6.00000     p066 output : <0=ascii, else binary
  67      6.00000     p067 restart: <0=ascii, else binary
  99      3.00000     p099 dealiasing: <0--> off/3--> old/4--> new
 103     0.500000E-01 p103 weight of stabilizing filter (.01)
  
 nelgt/nelgv/lelt:       32768       32768         100
 lx1  /lx2  /lx3 :          19          19          19
 done :: read .rea file    323.70     sec

 setup mesh topology
   Right-handed check complete for   32768 elements. OK.
   setvert3d:  19    31110849   192100033    31110849    31110849
 call usrsetvert
 done :: usrsetvert

gs_setup: 14213559 unique labels shared
   pairwise times (avg, min, max): 0.000400626 0.00031991 0.0004565
   crystal router                : 0.00284981 0.00280511 0.00288939
   used all_to_all method: pairwise
   handle bytes (avg, min, max): 549135 387036 610444
   buffer bytes (avg, min, max): 243229 114720 311088
   setupds time 1.0979E+00 seconds   0 19    31110849       32768
           8  max multiplicity
 done :: setup mesh topology
  
 call usrdat
 done :: usrdat

 generate geometry data
 done :: generate geometry data
  
 call usrdat2
 done :: usrdat2

 regenerate geometry data           1
 NOTE: All elements deformed , param(59) ^=0
 done :: regenerate geometry data           1
  
 verify mesh topology
  0.000000000000000E+000   1.00000000000000       Xrange
  0.000000000000000E+000   1.00000000000000       Yrange
  0.000000000000000E+000   1.00000000000000       Zrange
 done :: verify mesh topology
  
 IFTRAN   = T
 IFFLOW   = T
 IFHEAT   = F
 IFSPLIT  = T
 IFLOMACH = F
 IFUSERVP = F
 IFUSERMV = F
 IFSTRS   = F
 IFCHAR   = F
 IFCYCLIC = F
 IFAXIS   = F
 IFMVBD   = F
 IFMELT   = F
 IFMODEL  = F
 IFKEPS   = F
 IFMOAB   = F
 IFNEKNEK = F
 IFSYNC   = T
   
 IFVCOR   = T
 IFINTQ   = F
 IFCWUZ   = F
 IFSWALL  = F
 IFGEOM   = F
 IFSURT   = F
 IFWCNO   = F
   
 IFTMSH for field           1    =  F
 IFADVC for field           1    =  T
 IFNONL for field           1    =  F
   
 Dealiasing enabled, lxd=          28
  
 Estimated eigenvalues
 EIGAA =    9.86960440108936     
 EIGGA =    146322974.469723     
 EIGAE =    9.86960440108936     
 EIGAS =   8.333333333333333E-002
 EIGGE =    146322974.469723     
 EIGGS =    2.00000000000000     
  
 verify mesh topology
  0.000000000000000E+000   1.00000000000000       Xrange
  0.000000000000000E+000   1.00000000000000       Yrange
  0.000000000000000E+000   1.00000000000000       Zrange
 done :: verify mesh topology
  
  E-solver strategy:  0 itr
 mg_nx:           1           9          18
 mg_ny:           1           9          18
 mg_nz:           1           9          18
 call usrsetvert
 done :: usrsetvert

gs_setup: 31343 unique labels shared
   pairwise times (avg, min, max): 0.000116336 9.21965e-05 0.000141597
   crystal router                : 0.000226439 0.000223088 0.0002316
   all reduce                    : 0.00185399 0.00184159 0.00187159
   used all_to_all method: pairwise
   handle bytes (avg, min, max): 3501.3 2428 4140
   buffer bytes (avg, min, max): 1916.08 752 2560
   setupds time 5.6849E-02 seconds   1  2       35937       32768
   setvert3d:   4      650529      912673      650529      650529
 call usrsetvert
 done :: usrsetvert

gs_setup: 359679 unique labels shared
   pairwise times (avg, min, max): 0.000136942 0.00010891 0.00016222
   crystal router                : 0.000291511 0.000288486 0.000296783
   used all_to_all method: pairwise
   handle bytes (avg, min, max): 18508.5 13116 20844
   buffer bytes (avg, min, max): 9365.83 4080 12000
   setupds time 8.4265E-02 seconds   2  4      650529       32768
   setvert3d:  10     7360353    24137569     7360353     7360353
 call usrsetvert
 done :: usrsetvert

gs_setup: 3488943 unique labels shared
   pairwise times (avg, min, max): 0.000238599 0.000189781 0.000272512
   crystal router                : 0.000951343 0.000937915 0.000963998
   used all_to_all method: pairwise
   handle bytes (avg, min, max): 142226 100476 157996
   buffer bytes (avg, min, max): 65219.1 30192 83136
   setupds time 2.4384E-01 seconds   3 10     7360353       32768
   setvert3d:  12    11218977    43986977    11218977    11218977
 call usrsetvert
 done :: usrsetvert

gs_setup: 5246783 unique labels shared
   pairwise times (avg, min, max): 0.000251925 0.000199485 0.000296307
   crystal router                : 0.00124918 0.00123229 0.001267
   used all_to_all method: pairwise
   handle bytes (avg, min, max): 209698 148028 233004
   buffer bytes (avg, min, max): 95004.8 44272 121248
   setupds time 3.0488E-01 seconds   4 12    11218977       32768
 regenerate geometry data           1
 NOTE: All elements deformed , param(59) ^=0
 done :: regenerate geometry data           1
  
 h1_mg_nx:           1           3          18
 h1_mg_ny:           1           3          18
 h1_mg_nz:           1           3          18
 call usrsetvert
 done :: usrsetvert

gs_setup: 31343 unique labels shared
   pairwise times (avg, min, max): 0.000102241 8.35896e-05 0.000121212
   crystal router                : 0.000143422 0.000140285 0.000147486
   all reduce                    : 0.0018201 0.0018105 0.0018374
   used all_to_all method: pairwise
   handle bytes (avg, min, max): 3501.3 2428 4140
   buffer bytes (avg, min, max): 1916.08 752 2560
   setupds time 5.0054E-02 seconds   5  2       35937       32768
   setvert3d:   4      650529      912673      650529      650529
 call usrsetvert
 done :: usrsetvert

gs_setup: 359679 unique labels shared
   pairwise times (avg, min, max): 0.000131805 0.000102592 0.000162601
   crystal router                : 0.000329358 0.000313401 0.000333691
   used all_to_all method: pairwise
   handle bytes (avg, min, max): 18508.5 13116 20844
   buffer bytes (avg, min, max): 9365.83 4080 12000
   setupds time 8.0897E-02 seconds   6  4      650529       32768
   setvert3d:   4      650529      912673      650529      650529
 call usrsetvert
 done :: usrsetvert

gs_setup: 359679 unique labels shared
   pairwise times (avg, min, max): 0.000130413 9.69887e-05 0.00015831
   crystal router                : 0.000340103 0.000333786 0.000352311
   used all_to_all method: pairwise
   handle bytes (avg, min, max): 18508.5 13116 20844
   buffer bytes (avg, min, max): 9365.83 4080 12000
   setupds time 5.9196E-02 seconds   7  4      650529       32768
   setvert3d:   6     2076129     4173281     2076129     2076129
 call usrsetvert
 done :: usrsetvert

gs_setup: 1045391 unique labels shared
   pairwise times (avg, min, max): 0.000189237 0.000137806 0.000227404
   crystal router                : 0.000421422 0.000415087 0.000430393
   used all_to_all method: pairwise
   handle bytes (avg, min, max): 46631.8 33020 51948
   buffer bytes (avg, min, max): 22399.6 10096 28416
   setupds time 9.4854E-02 seconds   8  6     2076129       32768
   setvert3d:  19    31110849   192100033    31110849    31110849
 call usrsetvert
 done :: usrsetvert

gs_setup: 14213559 unique labels shared
   pairwise times (avg, min, max): 0.000363655 0.000263405 0.000448203
   crystal router                : 0.00279849 0.00275769 0.00283849
   used all_to_all method: pairwise
   handle bytes (avg, min, max): 549135 387036 610444
   buffer bytes (avg, min, max): 243229 114720 311088
   setupds time 1.0464E+00 seconds   9 19    31110849       32768
   setvert3d:  21    38619009   263374721    38619009    38619009
 call usrsetvert
 done :: usrsetvert

gs_setup: 17579591 unique labels shared
   pairwise times (avg, min, max): 0.00040221 0.000296879 0.000474811
   crystal router                : 0.00329531 0.00324919 0.0033417
   used all_to_all method: pairwise
   handle bytes (avg, min, max): 675629 476060 751116
   buffer bytes (avg, min, max): 298143 140896 381456
   setupds time 1.3576E+00 seconds  10 21    38619009       32768
 setup h1 coarse grid, nx_crs=           2
 call usrsetvert
 done :: usrsetvert

gs_setup: 31343 unique labels shared
   pairwise times (avg, min, max): 9.87811e-05 7.8702e-05 0.000127316
   crystal router                : 0.000130213 0.000128603 0.000137305
   all reduce                    : 0.00178886 0.00177882 0.00180521
   used all_to_all method: pairwise
   handle bytes (avg, min, max): 3501.3 2428 4140
   buffer bytes (avg, min, max): 1916.08 752 2560
 done :: setup h1 coarse grid    2.19973611831665       sec
  
 call usrdat3
 done :: usrdat3

 set initial conditions
 nekuic (1) for ifld            1
 call nekuic for vel  
 xyz min     0.0000       0.0000       0.0000    
 uvwpt min   0.0000       0.0000       0.0000       0.0000       0.0000    
 PS min      0.0000       0.0000      0.99000E+22
 xyz max     1.0000       1.0000       1.0000    
 uvwpt max   0.0000       0.0000       0.0000       0.0000       0.0000    
 PS max      0.0000       0.0000     -0.99000E+22
 done :: set initial conditions
  
 call userchk
GFM max:  7.6768E-05  7.6768E-05  7.6768E-05  8.4047E-17  8.4047E-17  8.4047E-17
 
nelt =      16, np =      2048, nx1 =      19, elements =     32768
Solve Time =   0.5514E-10
 
nelt =      16, np =      2048, nx1 =      19, elements =     32768
Solve Time =   0.5504E-10
 
nelt =      16, np =      2048, nx1 =      19, elements =     32768
Solve Time =   0.5498E-10
 
nelt =      16, np =      2048, nx1 =      19, elements =     32768
Solve Time =   0.5508E-10
 
nelt =      16, np =      2048, nx1 =      19, elements =     32768
Solve Time =   0.5515E-10
 
nelt =      16, np =      2048, nx1 =      19, elements =     32768
Solve Time =   0.5508E-10
 
nelt =      16, np =      2048, nx1 =      19, elements =     32768
Solve Time =   0.5520E-10
 
nelt =      16, np =      2048, nx1 =      19, elements =     32768
Solve Time =   0.5513E-10
 
nelt =      16, np =      2048, nx1 =      19, elements =     32768
Solve Time =   0.5521E-10
 
nelt =      16, np =      2048, nx1 =      19, elements =     32768
Solve Time =   0.5539E-10
 
nelt =      16, np =      2048, nx1 =      19, elements =     32768
Solve Time =   0.4858E-10
 
nelt =      16, np =      2048, nx1 =      19, elements =     32768
Solve Time =   0.4862E-10
 
nelt =      16, np =      2048, nx1 =      19, elements =     32768
Solve Time =   0.4864E-10
 
nelt =      16, np =      2048, nx1 =      19, elements =     32768
Solve Time =   0.4853E-10
 
nelt =      16, np =      2048, nx1 =      19, elements =     32768
Solve Time =   0.4887E-10
 
nelt =      16, np =      2048, nx1 =      19, elements =     32768
Solve Time =   0.4873E-10
 
nelt =      16, np =      2048, nx1 =      19, elements =     32768
Solve Time =   0.4869E-10
 
nelt =      16, np =      2048, nx1 =      19, elements =     32768
Solve Time =   0.4881E-10
 
nelt =      16, np =      2048, nx1 =      19, elements =     32768
Solve Time =   0.4877E-10
 
nelt =      16, np =      2048, nx1 =      19, elements =     32768
Solve Time =   0.4886E-10
 
nelt =      16, np =      2048, nx1 =      19, elements =     32768
Solve Time =   0.5087E-10
 
nelt =      16, np =      2048, nx1 =      19, elements =     32768
Solve Time =   0.5093E-10
 
nelt =      16, np =      2048, nx1 =      19, elements =     32768
Solve Time =   0.5084E-10
 
nelt =      16, np =      2048, nx1 =      19, elements =     32768
Solve Time =   0.5098E-10
 
nelt =      16, np =      2048, nx1 =      19, elements =     32768
Solve Time =   0.5111E-10
 
nelt =      16, np =      2048, nx1 =      19, elements =     32768
Solve Time =   0.5067E-10
 
nelt =      16, np =      2048, nx1 =      19, elements =     32768
Solve Time =   0.5109E-10
 
nelt =      16, np =      2048, nx1 =      19, elements =     32768
Solve Time =   0.5054E-10
 
nelt =      16, np =      2048, nx1 =      19, elements =     32768
Solve Time =   0.5077E-10
 
nelt =      16, np =      2048, nx1 =      19, elements =     32768
Solve Time =   0.5101E-10
 
nelt =      16, np =      2048, nx1 =      19, elements =     32768
Solve Time =   0.5326E-10
 
nelt =      16, np =      2048, nx1 =      19, elements =     32768
Solve Time =   0.5353E-10
 
nelt =      16, np =      2048, nx1 =      19, elements =     32768
Solve Time =   0.5313E-10
 
nelt =      16, np =      2048, nx1 =      19, elements =     32768
Solve Time =   0.5335E-10
 
nelt =      16, np =      2048, nx1 =      19, elements =     32768
Solve Time =   0.5326E-10
 
nelt =      16, np =      2048, nx1 =      19, elements =     32768
Solve Time =   0.5349E-10
 
nelt =      16, np =      2048, nx1 =      19, elements =     32768
Solve Time =   0.5326E-10
 
nelt =      16, np =      2048, nx1 =      19, elements =     32768
Solve Time =   0.5346E-10
 
nelt =      16, np =      2048, nx1 =      19, elements =     32768
Solve Time =   0.5354E-10
 
nelt =      16, np =      2048, nx1 =      19, elements =     32768
Solve Time =   0.5323E-10
 
nelt =      16, np =      2048, nx1 =      19, elements =     32768
Solve Time =   0.5578E-10
 
nelt =      16, np =      2048, nx1 =      19, elements =     32768
Solve Time =   0.5576E-10
 
nelt =      16, np =      2048, nx1 =      19, elements =     32768
Solve Time =   0.5574E-10
 
nelt =      16, np =      2048, nx1 =      19, elements =     32768
Solve Time =   0.5567E-10
 
nelt =      16, np =      2048, nx1 =      19, elements =     32768
Solve Time =   0.5562E-10
 
nelt =      16, np =      2048, nx1 =      19, elements =     32768
Solve Time =   0.5570E-10
 
nelt =      16, np =      2048, nx1 =      19, elements =     32768
Solve Time =   0.5592E-10
 
nelt =      16, np =      2048, nx1 =      19, elements =     32768
Solve Time =   0.5565E-10
 
nelt =      16, np =      2048, nx1 =      19, elements =     32768
Solve Time =   0.5583E-10
 
nelt =      16, np =      2048, nx1 =      19, elements =     32768
Solve Time =   0.5559E-10
 schfile:
 /gpfs/theta-fs1/home/thilina/env/lx19/b15.sch                                  
                                                      
Application 2261406 exit codes: 1
Application 2261406 resources: utime ~229053s, stime ~656s, Rss ~202232, inblocks ~0, outblocks ~0
