/----------------------------------------------------------\\
|      _   __ ______ __ __  ______  ____   ____   ____     |
|     / | / // ____// //_/ / ____/ / __ \\/ __ \\/ __ \\   |
|    /  |/ // __/  / ,<   /___ \\ / / / // / / // / / /    |
|   / /|  // /___ / /| | ____/ / / /_/ // /_/ // /_/ /     |
|  /_/ |_//_____//_/ |_|/_____/  \\___/ \\___/ \\___/      |
|                                                          |
|----------------------------------------------------------|
|                                                          |
| NEK5000:  Open Source Spectral Element Solver            |
| COPYRIGHT (c) 2008-2016 UCHICAGO ARGONNE, LLC            |
| Version:  16.0.0                                         |
| Web:      http://nek5000.mcs.anl.gov                     |
|                                                          |
\\----------------------------------------------------------/
                                                              

 Number of processors:        2048
 REAL    wdsize      :           8
 INTEGER wdsize      :           4
 Timer accuracy      : 5.01E-07
 Reading /gpfs/theta-fs1/home/thilina/env/lx19/b13.rea                                                                                       

 mapping elements to processors
 Reading /gpfs/theta-fs1/home/thilina/env/lx19/b13.map                                                                                       
 RANK     0 IEG    7937    7938    7953    7954
 element load imbalance:            0           4           4
 done :: mapping elements to processors
  
           0  objects found
 118   Parameters from file:
   1      1.00000     p001 DENSITY
   2     -100.000     p002 VISCOS
   7      1.00000     p007 RHOCP
   8      1.00000     p008 CONDUCT
  11      1.00        p011 NSTEPS
  12    -0.500000E-02 p012 DT
  21     0.100000E-05 p021 DIVERGENCE
  22     0.100000E-07 p022 HELMHOLTZ
  24     0.100000E-09 p024 TOLREL
  25     0.100000E-09 p025 TOLABS
  26     0.250000     p026 COURANT/NTAU
  27      2.00000     p027 TORDER
  66      6.00000     p066 output : <0=ascii, else binary
  67      6.00000     p067 restart: <0=ascii, else binary
  99      3.00000     p099 dealiasing: <0--> off/3--> old/4--> new
 103     0.500000E-01 p103 weight of stabilizing filter (.01)
  
 nelgt/nelgv/lelt:        8192        8192         100
 lx1  /lx2  /lx3 :          19          19          19
 done :: read .rea file    97.512     sec

 setup mesh topology
   Right-handed check complete for    8192 elements. OK.
   setvert3d:  19     7944321    48191617     7944321     7944321
 call usrsetvert
 done :: usrsetvert

gs_setup: 4771513 unique labels shared
   pairwise times (avg, min, max): 0.00025761 0.000205088 0.00030961
   crystal router                : 0.00121182 0.00119162 0.0012284
   used all_to_all method: pairwise
   handle bytes (avg, min, max): 154677 99836 164828
   buffer bytes (avg, min, max): 86847.4 45904 94880
   setupds time 3.1230E-01 seconds   0 19     7944321        8192
           8  max multiplicity
 done :: setup mesh topology
  
 call usrdat
 done :: usrdat

 generate geometry data
 done :: generate geometry data
  
 call usrdat2
 done :: usrdat2

 regenerate geometry data           1
 NOTE: All elements deformed , param(59) ^=0
 done :: regenerate geometry data           1
  
 verify mesh topology
  0.000000000000000E+000   1.00000000000000       Xrange
  0.000000000000000E+000   1.00000000000000       Yrange
  0.000000000000000E+000   1.00000000000000       Zrange
 done :: verify mesh topology
  
 IFTRAN   = T
 IFFLOW   = T
 IFHEAT   = F
 IFSPLIT  = T
 IFLOMACH = F
 IFUSERVP = F
 IFUSERMV = F
 IFSTRS   = F
 IFCHAR   = F
 IFCYCLIC = F
 IFAXIS   = F
 IFMVBD   = F
 IFMELT   = F
 IFMODEL  = F
 IFKEPS   = F
 IFMOAB   = F
 IFNEKNEK = F
 IFSYNC   = T
   
 IFVCOR   = T
 IFINTQ   = F
 IFCWUZ   = F
 IFSWALL  = F
 IFGEOM   = F
 IFSURT   = F
 IFWCNO   = F
   
 IFTMSH for field           1    =  F
 IFADVC for field           1    =  T
 IFNONL for field           1    =  F
   
 Dealiasing enabled, lxd=          28
  
 Estimated eigenvalues
 EIGAA =    9.86960440108936     
 EIGGA =    48839004.0176135     
 EIGAE =    9.86960440108936     
 EIGAS =   8.333333333333333E-002
 EIGGE =    48839004.0176135     
 EIGGS =    2.00000000000000     
  
 verify mesh topology
  0.000000000000000E+000   1.00000000000000       Xrange
  0.000000000000000E+000   1.00000000000000       Yrange
  0.000000000000000E+000   1.00000000000000       Zrange
 done :: verify mesh topology
  
  E-solver strategy:  0 itr
 mg_nx:           1           9          18
 mg_ny:           1           9          18
 mg_nz:           1           9          18
 call usrsetvert
 done :: usrsetvert

gs_setup: 9337 unique labels shared
   pairwise times (avg, min, max): 0.000115365 9.63926e-05 0.000135708
   crystal router                : 0.000157737 0.000151896 0.000162315
   all reduce                    : 0.000975605 0.000969601 0.000982308
   used all_to_all method: pairwise
   handle bytes (avg, min, max): 1830.31 1100 2036
   buffer bytes (avg, min, max): 1133.44 480 1312
   setupds time 3.5527E-02 seconds   1  2        9537        8192
   setvert3d:   4      167361      232897      167361      167361
 call usrsetvert
 done :: usrsetvert

gs_setup: 116473 unique labels shared
   pairwise times (avg, min, max): 0.000123669 0.00010581 0.000139713
   crystal router                : 0.000224438 0.00022049 0.000227714
   used all_to_all method: pairwise
   handle bytes (avg, min, max): 6312.31 4076 6788
   buffer bytes (avg, min, max): 4137.44 1984 4640
   setupds time 4.0828E-02 seconds   2  4      167361        8192
   setvert3d:  10     1881921     6076225     1881921     1881921
 call usrsetvert
 done :: usrsetvert

gs_setup: 1162873 unique labels shared
   pairwise times (avg, min, max): 0.000180168 0.000139999 0.000215101
   crystal router                : 0.000505643 0.000498581 0.00052011
   used all_to_all method: pairwise
   handle bytes (avg, min, max): 41358.3 26828 44084
   buffer bytes (avg, min, max): 24477.4 12640 26912
   setupds time 1.3190E-01 seconds   3 10     1881921        8192
   setvert3d:  12     2867137    11059137     2867137     2867137
 call usrsetvert
 done :: usrsetvert

gs_setup: 1753337 unique labels shared
   pairwise times (avg, min, max): 0.000183006 0.000152993 0.000210285
   crystal router                : 0.00061408 0.000603414 0.000627089
   used all_to_all method: pairwise
   handle bytes (avg, min, max): 60240.3 39020 64196
   buffer bytes (avg, min, max): 35033.4 18240 38432
   setupds time 1.3741E-01 seconds   4 12     2867137        8192
 regenerate geometry data           1
 NOTE: All elements deformed , param(59) ^=0
 done :: regenerate geometry data           1
  
 h1_mg_nx:           1           3          18
 h1_mg_ny:           1           3          18
 h1_mg_nz:           1           3          18
 call usrsetvert
 done :: usrsetvert

gs_setup: 9337 unique labels shared
   pairwise times (avg, min, max): 0.000115552 9.98974e-05 0.000134087
   crystal router                : 0.000131141 0.000125194 0.000153899
   all reduce                    : 0.00104351 0.00103879 0.0010498
   used all_to_all method: pairwise
   handle bytes (avg, min, max): 1830.31 1100 2036
   buffer bytes (avg, min, max): 1133.44 480 1312
   setupds time 3.7204E-02 seconds   5  2        9537        8192
   setvert3d:   4      167361      232897      167361      167361
 call usrsetvert
 done :: usrsetvert

gs_setup: 116473 unique labels shared
   pairwise times (avg, min, max): 0.000119913 9.88007e-05 0.000139785
   crystal router                : 0.000227275 0.000223207 0.000231004
   used all_to_all method: pairwise
   handle bytes (avg, min, max): 6312.31 4076 6788
   buffer bytes (avg, min, max): 4137.44 1984 4640
   setupds time 3.8310E-02 seconds   6  4      167361        8192
   setvert3d:   4      167361      232897      167361      167361
 call usrsetvert
 done :: usrsetvert

gs_setup: 116473 unique labels shared
   pairwise times (avg, min, max): 0.000116154 9.54866e-05 0.000139308
   crystal router                : 0.000213174 0.000209808 0.000218606
   used all_to_all method: pairwise
   handle bytes (avg, min, max): 6312.31 4076 6788
   buffer bytes (avg, min, max): 4137.44 1984 4640
   setupds time 2.7047E-02 seconds   7  4      167361        8192
   setvert3d:   6      532033     1056321      532033      532033
 call usrsetvert
 done :: usrsetvert

gs_setup: 344441 unique labels shared
   pairwise times (avg, min, max): 0.000165723 0.000138903 0.000191879
   crystal router                : 0.000309332 0.000304699 0.000315213
   used all_to_all method: pairwise
   handle bytes (avg, min, max): 14394.3 9356 15380
   buffer bytes (avg, min, max): 9029.44 4512 10016
   setupds time 6.7391E-02 seconds   8  6      532033        8192
   setvert3d:  19     7944321    48191617     7944321     7944321
 call usrsetvert
 done :: usrsetvert

gs_setup: 4771513 unique labels shared
   pairwise times (avg, min, max): 0.000224723 0.00018189 0.000258803
   crystal router                : 0.00118633 0.00116389 0.0012078
   used all_to_all method: pairwise
   handle bytes (avg, min, max): 154677 99836 164828
   buffer bytes (avg, min, max): 86847.4 45904 94880
   setupds time 2.5930E-01 seconds   9 19     7944321        8192
   setvert3d:  21     9860353    66049281     9860353     9860353
 call usrsetvert
 done :: usrsetvert

gs_setup: 5905721 unique labels shared
   pairwise times (avg, min, max): 0.000229997 0.000191307 0.000262499
   crystal router                : 0.00136186 0.00133679 0.00138211
   used all_to_all method: pairwise
   handle bytes (avg, min, max): 189759 122396 202220
   buffer bytes (avg, min, max): 105899 56112 115616
   setupds time 3.2487E-01 seconds  10 21     9860353        8192
 setup h1 coarse grid, nx_crs=           2
 call usrsetvert
 done :: usrsetvert

gs_setup: 9337 unique labels shared
   pairwise times (avg, min, max): 0.000108953 8.95977e-05 0.000127697
   crystal router                : 0.000112383 0.000109506 0.000116587
   all reduce                    : 0.000968598 0.00096221 0.000974679
   used all_to_all method: crystal router
   handle bytes (avg, min, max): 10425.3 9132 12228
   buffer bytes (avg, min, max): 987.062 688 1056
 done :: setup h1 coarse grid   0.396544933319092       sec
  
 call usrdat3
 done :: usrdat3

 set initial conditions
 nekuic (1) for ifld            1
 call nekuic for vel  
 xyz min     0.0000       0.0000       0.0000    
 uvwpt min   0.0000       0.0000       0.0000       0.0000       0.0000    
 PS min      0.0000       0.0000      0.99000E+22
 xyz max     1.0000       1.0000       1.0000    
 uvwpt max   0.0000       0.0000       0.0000       0.0000       0.0000    
 PS max      0.0000       0.0000     -0.99000E+22
 done :: set initial conditions
  
 call userchk
GFM max:  7.6768E-05  7.6768E-05  3.0707E-04  4.1260E-17  1.6470E-16  1.6470E-16
 
nelt =       4, np =      2048, nx1 =      19, elements =      8192
Solve Time =   0.6082E-10
 
nelt =       4, np =      2048, nx1 =      19, elements =      8192
Solve Time =   0.6080E-10
 
nelt =       4, np =      2048, nx1 =      19, elements =      8192
Solve Time =   0.6031E-10
 
nelt =       4, np =      2048, nx1 =      19, elements =      8192
Solve Time =   0.6050E-10
 
nelt =       4, np =      2048, nx1 =      19, elements =      8192
Solve Time =   0.6076E-10
 
nelt =       4, np =      2048, nx1 =      19, elements =      8192
Solve Time =   0.6055E-10
 
nelt =       4, np =      2048, nx1 =      19, elements =      8192
Solve Time =   0.6064E-10
 
nelt =       4, np =      2048, nx1 =      19, elements =      8192
Solve Time =   0.6072E-10
 
nelt =       4, np =      2048, nx1 =      19, elements =      8192
Solve Time =   0.6070E-10
 
nelt =       4, np =      2048, nx1 =      19, elements =      8192
Solve Time =   0.6065E-10
 
nelt =       4, np =      2048, nx1 =      19, elements =      8192
Solve Time =   0.5052E-10
 
nelt =       4, np =      2048, nx1 =      19, elements =      8192
Solve Time =   0.5097E-10
 
nelt =       4, np =      2048, nx1 =      19, elements =      8192
Solve Time =   0.5051E-10
 
nelt =       4, np =      2048, nx1 =      19, elements =      8192
Solve Time =   0.5071E-10
 
nelt =       4, np =      2048, nx1 =      19, elements =      8192
Solve Time =   0.5080E-10
 
nelt =       4, np =      2048, nx1 =      19, elements =      8192
Solve Time =   0.5082E-10
 
nelt =       4, np =      2048, nx1 =      19, elements =      8192
Solve Time =   0.5079E-10
 
nelt =       4, np =      2048, nx1 =      19, elements =      8192
Solve Time =   0.5055E-10
 
nelt =       4, np =      2048, nx1 =      19, elements =      8192
Solve Time =   0.5090E-10
 
nelt =       4, np =      2048, nx1 =      19, elements =      8192
Solve Time =   0.5092E-10
 
nelt =       4, np =      2048, nx1 =      19, elements =      8192
Solve Time =   0.5507E-10
 
nelt =       4, np =      2048, nx1 =      19, elements =      8192
Solve Time =   0.5495E-10
 
nelt =       4, np =      2048, nx1 =      19, elements =      8192
Solve Time =   0.5525E-10
 
nelt =       4, np =      2048, nx1 =      19, elements =      8192
Solve Time =   0.5480E-10
 
nelt =       4, np =      2048, nx1 =      19, elements =      8192
Solve Time =   0.5512E-10
 
nelt =       4, np =      2048, nx1 =      19, elements =      8192
Solve Time =   0.5518E-10
 
nelt =       4, np =      2048, nx1 =      19, elements =      8192
Solve Time =   0.5525E-10
 
nelt =       4, np =      2048, nx1 =      19, elements =      8192
Solve Time =   0.5504E-10
 
nelt =       4, np =      2048, nx1 =      19, elements =      8192
Solve Time =   0.5485E-10
 
nelt =       4, np =      2048, nx1 =      19, elements =      8192
Solve Time =   0.5531E-10
 
nelt =       4, np =      2048, nx1 =      19, elements =      8192
Solve Time =   0.5945E-10
 
nelt =       4, np =      2048, nx1 =      19, elements =      8192
Solve Time =   0.5933E-10
 
nelt =       4, np =      2048, nx1 =      19, elements =      8192
Solve Time =   0.5927E-10
 
nelt =       4, np =      2048, nx1 =      19, elements =      8192
Solve Time =   0.5950E-10
 
nelt =       4, np =      2048, nx1 =      19, elements =      8192
Solve Time =   0.5901E-10
 
nelt =       4, np =      2048, nx1 =      19, elements =      8192
Solve Time =   0.5924E-10
 
nelt =       4, np =      2048, nx1 =      19, elements =      8192
Solve Time =   0.5949E-10
 
nelt =       4, np =      2048, nx1 =      19, elements =      8192
Solve Time =   0.5929E-10
 
nelt =       4, np =      2048, nx1 =      19, elements =      8192
Solve Time =   0.5943E-10
 
nelt =       4, np =      2048, nx1 =      19, elements =      8192
Solve Time =   0.5937E-10
 
nelt =       4, np =      2048, nx1 =      19, elements =      8192
Solve Time =   0.6362E-10
 
nelt =       4, np =      2048, nx1 =      19, elements =      8192
Solve Time =   0.6379E-10
 
nelt =       4, np =      2048, nx1 =      19, elements =      8192
Solve Time =   0.6351E-10
 
nelt =       4, np =      2048, nx1 =      19, elements =      8192
Solve Time =   0.6318E-10
 
nelt =       4, np =      2048, nx1 =      19, elements =      8192
Solve Time =   0.6350E-10
 
nelt =       4, np =      2048, nx1 =      19, elements =      8192
Solve Time =   0.6370E-10
 
nelt =       4, np =      2048, nx1 =      19, elements =      8192
Solve Time =   0.6365E-10
 
nelt =       4, np =      2048, nx1 =      19, elements =      8192
Solve Time =   0.6350E-10
 
nelt =       4, np =      2048, nx1 =      19, elements =      8192
Solve Time =   0.6368E-10
 
nelt =       4, np =      2048, nx1 =      19, elements =      8192
Solve Time =   0.6362E-10
 schfile:
 /gpfs/theta-fs1/home/thilina/env/lx19/b13.sch                                  
                                                      
Application 2261334 exit codes: 1
Application 2261334 resources: utime ~228849s, stime ~550s, Rss ~109588, inblocks ~0, outblocks ~0
