/----------------------------------------------------------\\
|      _   __ ______ __ __  ______  ____   ____   ____     |
|     / | / // ____// //_/ / ____/ / __ \\/ __ \\/ __ \\   |
|    /  |/ // __/  / ,<   /___ \\ / / / // / / // / / /    |
|   / /|  // /___ / /| | ____/ / / /_/ // /_/ // /_/ /     |
|  /_/ |_//_____//_/ |_|/_____/  \\___/ \\___/ \\___/      |
|                                                          |
|----------------------------------------------------------|
|                                                          |
| NEK5000:  Open Source Spectral Element Solver            |
| COPYRIGHT (c) 2008-2016 UCHICAGO ARGONNE, LLC            |
| Version:  16.0.0                                         |
| Web:      http://nek5000.mcs.anl.gov                     |
|                                                          |
\\----------------------------------------------------------/
                                                              

 Number of processors:        8192
 REAL    wdsize      :           8
 INTEGER wdsize      :           4
 Timer accuracy      : 4.05E-07
 Reading /gpfs/theta-fs1/home/thilina/env/lx19/b16.rea                                                                                       

 mapping elements to processors
 Reading /gpfs/theta-fs1/home/thilina/env/lx19/b16.map                                                                                       
 element load imbalance:            0           8           8
 done :: mapping elements to processors
  
           0  objects found
 118   Parameters from file:
   1      1.00000     p001 DENSITY
   2     -100.000     p002 VISCOS
   7      1.00000     p007 RHOCP
   8      1.00000     p008 CONDUCT
  11      1.00        p011 NSTEPS
  12    -0.500000E-02 p012 DT
  21     0.100000E-05 p021 DIVERGENCE
  22     0.100000E-07 p022 HELMHOLTZ
  24     0.100000E-09 p024 TOLREL
  25     0.100000E-09 p025 TOLABS
  26     0.250000     p026 COURANT/NTAU
  27      2.00000     p027 TORDER
  66      6.00000     p066 output : <0=ascii, else binary
  67      6.00000     p067 restart: <0=ascii, else binary
  99      3.00000     p099 dealiasing: <0--> off/3--> old/4--> new
 103     0.500000E-01 p103 weight of stabilizing filter (.01)
  
 nelgt/nelgv/lelt:       65536       65536         100
 lx1  /lx2  /lx3 :          19          19          19
 done :: read .rea file    2203.5     sec

 setup mesh topology
   Right-handed check complete for   65536 elements. OK.
   setvert3d:  19    61888769   383867137    61888769    61888769
 call usrsetvert
 done :: usrsetvert

gs_setup: 35802807 unique labels shared
   pairwise times (avg, min, max): 0.000364595 0.000274014 0.000446296
   crystal router                : 0.00233898 0.0022989 0.00238969
   used all_to_all method: pairwise
   handle bytes (avg, min, max): 301906 196140 333404
   buffer bytes (avg, min, max): 157493 77264 194560
   setupds time 7.4351E-01 seconds   0 19    61888769       65536
           8  max multiplicity
 done :: setup mesh topology
  
 call usrdat
 done :: usrdat

 generate geometry data
 done :: generate geometry data
  
 call usrdat2
 done :: usrdat2

 regenerate geometry data           1
 NOTE: All elements deformed , param(59) ^=0
 done :: regenerate geometry data           1
  
 verify mesh topology
  0.000000000000000E+000   1.00000000000000       Xrange
  0.000000000000000E+000   1.00000000000000       Yrange
  0.000000000000000E+000   1.00000000000000       Zrange
 done :: verify mesh topology
  
 IFTRAN   = T
 IFFLOW   = T
 IFHEAT   = F
 IFSPLIT  = T
 IFLOMACH = F
 IFUSERVP = F
 IFUSERMV = F
 IFSTRS   = F
 IFCHAR   = F
 IFCYCLIC = F
 IFAXIS   = F
 IFMVBD   = F
 IFMELT   = F
 IFMODEL  = F
 IFKEPS   = F
 IFMOAB   = F
 IFNEKNEK = F
 IFSYNC   = T
   
 IFVCOR   = T
 IFINTQ   = F
 IFCWUZ   = F
 IFSWALL  = F
 IFGEOM   = F
 IFSURT   = F
 IFWCNO   = F
   
 IFTMSH for field           1    =  F
 IFADVC for field           1    =  T
 IFNONL for field           1    =  F
   
 Dealiasing enabled, lxd=          28
  
 Estimated eigenvalues
 EIGAA =    9.86960440108936     
 EIGGA =    195363019.480803     
 EIGAE =    9.86960440108936     
 EIGAS =   8.333333333333333E-002
 EIGGE =    195363019.480803     
 EIGGS =    2.00000000000000     
  
 verify mesh topology
  0.000000000000000E+000   1.00000000000000       Xrange
  0.000000000000000E+000   1.00000000000000       Yrange
  0.000000000000000E+000   1.00000000000000       Zrange
 done :: verify mesh topology
  
  E-solver strategy:  0 itr
 mg_nx:           1           9          18
 mg_ny:           1           9          18
 mg_nz:           1           9          18
 call usrsetvert
 done :: usrsetvert

gs_setup: 67855 unique labels shared
   pairwise times (avg, min, max): 0.000120399 9.21011e-05 0.000146413
   crystal router                : 0.000214959 0.000210404 0.000219798
   all reduce                    : 0.00251123 0.00249581 0.00252929
   used all_to_all method: pairwise
   handle bytes (avg, min, max): 2459.21 1524 2940
   buffer bytes (avg, min, max): 1521.2 560 2032
   setupds time 8.7388E-02 seconds   1  2       70785       65536
   setvert3d:   4     1291649     1815937     1291649     1291649
 call usrsetvert
 done :: usrsetvert

gs_setup: 871647 unique labels shared
   pairwise times (avg, min, max): 0.000128295 0.000100493 0.000153613
   crystal router                : 0.00031929 0.000308514 0.000327921
   used all_to_all method: pairwise
   handle bytes (avg, min, max): 10896.4 7140 12284
   buffer bytes (avg, min, max): 6588.29 2864 8320
   setupds time 9.5258E-02 seconds   2  4     1291649       65536
   setvert3d:  10    14637185    48191617    14637185    14637185
 call usrsetvert
 done :: usrsetvert

gs_setup: 8723535 unique labels shared
   pairwise times (avg, min, max): 0.000239452 0.000179696 0.000289488
   crystal router                : 0.000903266 0.000883508 0.000926495
   used all_to_all method: pairwise
   handle bytes (avg, min, max): 79075 51636 87596
   buffer bytes (avg, min, max): 43041.6 20528 53440
   setupds time 2.1018E-01 seconds   3 10    14637185       65536
   setvert3d:  12    22313345    87849345    22313345    22313345
 call usrsetvert
 done :: usrsetvert

gs_setup: 13154335 unique labels shared
   pairwise times (avg, min, max): 0.000242063 0.000176215 0.000302505
   crystal router                : 0.001126 0.00110691 0.0011481
   used all_to_all method: pairwise
   handle bytes (avg, min, max): 116090 75684 128444
   buffer bytes (avg, min, max): 62276.7 30000 77184
   setupds time 2.5606E-01 seconds   4 12    22313345       65536
 regenerate geometry data           1
 NOTE: All elements deformed , param(59) ^=0
 done :: regenerate geometry data           1
  
 h1_mg_nx:           1           3          18
 h1_mg_ny:           1           3          18
 h1_mg_nz:           1           3          18
 call usrsetvert
 done :: usrsetvert

gs_setup: 67855 unique labels shared
   pairwise times (avg, min, max): 0.000115578 8.69036e-05 0.000142407
   crystal router                : 0.000211632 0.00020678 0.000229311
   all reduce                    : 0.00266066 0.00264039 0.00268011
   used all_to_all method: pairwise
   handle bytes (avg, min, max): 2459.21 1524 2940
   buffer bytes (avg, min, max): 1521.2 560 2032
   setupds time 7.1308E-02 seconds   5  2       70785       65536
   setvert3d:   4     1291649     1815937     1291649     1291649
 call usrsetvert
 done :: usrsetvert

gs_setup: 871647 unique labels shared
   pairwise times (avg, min, max): 0.000128156 9.57966e-05 0.000160122
   crystal router                : 0.000351001 0.000346589 0.000360394
   used all_to_all method: pairwise
   handle bytes (avg, min, max): 10896.4 7140 12284
   buffer bytes (avg, min, max): 6588.29 2864 8320
   setupds time 9.1478E-02 seconds   6  4     1291649       65536
   setvert3d:   4     1291649     1815937     1291649     1291649
 call usrsetvert
 done :: usrsetvert

gs_setup: 871647 unique labels shared
   pairwise times (avg, min, max): 0.000127349 9.88007e-05 0.000154805
   crystal router                : 0.000335623 0.000329399 0.000341702
   used all_to_all method: pairwise
   handle bytes (avg, min, max): 10896.4 7140 12284
   buffer bytes (avg, min, max): 6588.29 2864 8320
   setupds time 6.4872E-02 seconds   7  4     1291649       65536
   setvert3d:   6     4126337     8320641     4126337     4126337
 call usrsetvert
 done :: usrsetvert

gs_setup: 2582191 unique labels shared
   pairwise times (avg, min, max): 0.000184895 0.00014081 0.000225592
   crystal router                : 0.000449398 0.000440717 0.000456595
   used all_to_all method: pairwise
   handle bytes (avg, min, max): 26478.1 17364 29516
   buffer bytes (avg, min, max): 15197.4 6960 19008
   setupds time 1.2099E-01 seconds   8  6     4126337       65536
   setvert3d:  19    61888769   383867137    61888769    61888769
 call usrsetvert
 done :: usrsetvert

gs_setup: 35802807 unique labels shared
   pairwise times (avg, min, max): 0.000315692 0.000229907 0.000389409
   crystal router                : 0.00227446 0.00223999 0.0023185
   used all_to_all method: pairwise
   handle bytes (avg, min, max): 301906 196140 333404
   buffer bytes (avg, min, max): 157493 77264 194560
   setupds time 6.9083E-01 seconds   9 19    61888769       65536
   setvert3d:  21    76827137   526338561    76827137    76827137
 call usrsetvert
 done :: usrsetvert

gs_setup: 44313991 unique labels shared
   pairwise times (avg, min, max): 0.000336611 0.000244999 0.000404501
   crystal router                : 0.00304515 0.00299642 0.00315728
   used all_to_all method: pairwise
   handle bytes (avg, min, max): 371072 240924 409676
   buffer bytes (avg, min, max): 192667 94800 237888
   setupds time 9.1420E-01 seconds  10 21    76827137       65536
 setup h1 coarse grid, nx_crs=           2
 call usrsetvert
 done :: usrsetvert

gs_setup: 67855 unique labels shared
   pairwise times (avg, min, max): 0.000108192 8.32796e-05 0.000139999
   crystal router                : 0.000188868 0.000180602 0.000204492
   all reduce                    : 0.00251615 0.00249889 0.00253029
   used all_to_all method: pairwise
   handle bytes (avg, min, max): 2459.21 1524 2940
   buffer bytes (avg, min, max): 1521.2 560 2032
 done :: setup h1 coarse grid    3.54310989379883       sec
  
 call usrdat3
 done :: usrdat3

 set initial conditions
 nekuic (1) for ifld            1
 call nekuic for vel  
 xyz min     0.0000       0.0000       0.0000    
 uvwpt min   0.0000       0.0000       0.0000       0.0000       0.0000    
 PS min      0.0000       0.0000      0.99000E+22
 xyz max     1.0000       1.0000       1.0000    
 uvwpt max   0.0000       0.0000       0.0000       0.0000       0.0000    
 PS max      0.0000       0.0000     -0.99000E+22
 done :: set initial conditions
  
 call userchk
GFM max:  3.8384E-05  3.8384E-05  1.5354E-04  4.2024E-17  1.6640E-16  1.6640E-16
 
nelt =       8, np =      8192, nx1 =      19, elements =     65536
Solve Time =   0.1544E-10
 
nelt =       8, np =      8192, nx1 =      19, elements =     65536
Solve Time =   0.1539E-10
 
nelt =       8, np =      8192, nx1 =      19, elements =     65536
Solve Time =   0.1541E-10
 
nelt =       8, np =      8192, nx1 =      19, elements =     65536
Solve Time =   0.1537E-10
 
nelt =       8, np =      8192, nx1 =      19, elements =     65536
Solve Time =   0.1536E-10
 
nelt =       8, np =      8192, nx1 =      19, elements =     65536
Solve Time =   0.1542E-10
 
nelt =       8, np =      8192, nx1 =      19, elements =     65536
Solve Time =   0.1541E-10
 
nelt =       8, np =      8192, nx1 =      19, elements =     65536
Solve Time =   0.1534E-10
 
nelt =       8, np =      8192, nx1 =      19, elements =     65536
Solve Time =   0.1536E-10
 
nelt =       8, np =      8192, nx1 =      19, elements =     65536
Solve Time =   0.1533E-10
 
nelt =       8, np =      8192, nx1 =      19, elements =     65536
Solve Time =   0.1310E-10
 
nelt =       8, np =      8192, nx1 =      19, elements =     65536
Solve Time =   0.1313E-10
 
nelt =       8, np =      8192, nx1 =      19, elements =     65536
Solve Time =   0.1310E-10
 
nelt =       8, np =      8192, nx1 =      19, elements =     65536
Solve Time =   0.1309E-10
 
nelt =       8, np =      8192, nx1 =      19, elements =     65536
Solve Time =   0.1307E-10
 
nelt =       8, np =      8192, nx1 =      19, elements =     65536
Solve Time =   0.1308E-10
 
nelt =       8, np =      8192, nx1 =      19, elements =     65536
Solve Time =   0.1306E-10
 
nelt =       8, np =      8192, nx1 =      19, elements =     65536
Solve Time =   0.1313E-10
 
nelt =       8, np =      8192, nx1 =      19, elements =     65536
Solve Time =   0.1309E-10
 
nelt =       8, np =      8192, nx1 =      19, elements =     65536
Solve Time =   0.1307E-10
 
nelt =       8, np =      8192, nx1 =      19, elements =     65536
Solve Time =   0.1393E-10
 
nelt =       8, np =      8192, nx1 =      19, elements =     65536
Solve Time =   0.1398E-10
 
nelt =       8, np =      8192, nx1 =      19, elements =     65536
Solve Time =   0.1400E-10
 
nelt =       8, np =      8192, nx1 =      19, elements =     65536
Solve Time =   0.1400E-10
 
nelt =       8, np =      8192, nx1 =      19, elements =     65536
Solve Time =   0.1398E-10
 
nelt =       8, np =      8192, nx1 =      19, elements =     65536
Solve Time =   0.1396E-10
 
nelt =       8, np =      8192, nx1 =      19, elements =     65536
Solve Time =   0.1396E-10
 
nelt =       8, np =      8192, nx1 =      19, elements =     65536
Solve Time =   0.1399E-10
 
nelt =       8, np =      8192, nx1 =      19, elements =     65536
Solve Time =   0.1396E-10
 
nelt =       8, np =      8192, nx1 =      19, elements =     65536
Solve Time =   0.1399E-10
 
nelt =       8, np =      8192, nx1 =      19, elements =     65536
Solve Time =   0.1479E-10
 
nelt =       8, np =      8192, nx1 =      19, elements =     65536
Solve Time =   0.1482E-10
 
nelt =       8, np =      8192, nx1 =      19, elements =     65536
Solve Time =   0.1484E-10
 
nelt =       8, np =      8192, nx1 =      19, elements =     65536
Solve Time =   0.1487E-10
 
nelt =       8, np =      8192, nx1 =      19, elements =     65536
Solve Time =   0.1487E-10
 
nelt =       8, np =      8192, nx1 =      19, elements =     65536
Solve Time =   0.1489E-10
 
nelt =       8, np =      8192, nx1 =      19, elements =     65536
Solve Time =   0.1480E-10
 
nelt =       8, np =      8192, nx1 =      19, elements =     65536
Solve Time =   0.1481E-10
 
nelt =       8, np =      8192, nx1 =      19, elements =     65536
Solve Time =   0.1483E-10
 
nelt =       8, np =      8192, nx1 =      19, elements =     65536
Solve Time =   0.1481E-10
 
nelt =       8, np =      8192, nx1 =      19, elements =     65536
Solve Time =   0.1565E-10
 
nelt =       8, np =      8192, nx1 =      19, elements =     65536
Solve Time =   0.1561E-10
 
nelt =       8, np =      8192, nx1 =      19, elements =     65536
Solve Time =   0.1563E-10
 
nelt =       8, np =      8192, nx1 =      19, elements =     65536
Solve Time =   0.1564E-10
 
nelt =       8, np =      8192, nx1 =      19, elements =     65536
Solve Time =   0.1563E-10
 
nelt =       8, np =      8192, nx1 =      19, elements =     65536
Solve Time =   0.1560E-10
 
nelt =       8, np =      8192, nx1 =      19, elements =     65536
Solve Time =   0.1561E-10
 
nelt =       8, np =      8192, nx1 =      19, elements =     65536
Solve Time =   0.1567E-10
 
nelt =       8, np =      8192, nx1 =      19, elements =     65536
Solve Time =   0.1568E-10
 
nelt =       8, np =      8192, nx1 =      19, elements =     65536
Solve Time =   0.1563E-10
 schfile:
 /gpfs/theta-fs1/home/thilina/env/lx19/b16.sch                                  
                                                      
Application 2261695 exit codes: 1
Application 2261695 resources: utime ~914739s, stime ~1772s, Rss ~151096, inblocks ~0, outblocks ~0
