/----------------------------------------------------------\\
|      _   __ ______ __ __  ______  ____   ____   ____     |
|     / | / // ____// //_/ / ____/ / __ \\/ __ \\/ __ \\   |
|    /  |/ // __/  / ,<   /___ \\ / / / // / / // / / /    |
|   / /|  // /___ / /| | ____/ / / /_/ // /_/ // /_/ /     |
|  /_/ |_//_____//_/ |_|/_____/  \\___/ \\___/ \\___/      |
|                                                          |
|----------------------------------------------------------|
|                                                          |
| NEK5000:  Open Source Spectral Element Solver            |
| COPYRIGHT (c) 2008-2016 UCHICAGO ARGONNE, LLC            |
| Version:  16.0.0                                         |
| Web:      http://nek5000.mcs.anl.gov                     |
|                                                          |
\\----------------------------------------------------------/
                                                              

 Number of processors:        8192
 REAL    wdsize      :           8
 INTEGER wdsize      :           4
 Timer accuracy      : 4.05E-07
 Reading /gpfs/theta-fs1/home/thilina/env/lx19/b14.rea                                                                                       

 mapping elements to processors
 Reading /gpfs/theta-fs1/home/thilina/env/lx19/b14.map                                                                                       
 element load imbalance:            0           2           2
 done :: mapping elements to processors
  
           0  objects found
 118   Parameters from file:
   1      1.00000     p001 DENSITY
   2     -100.000     p002 VISCOS
   7      1.00000     p007 RHOCP
   8      1.00000     p008 CONDUCT
  11      1.00        p011 NSTEPS
  12    -0.500000E-02 p012 DT
  21     0.100000E-05 p021 DIVERGENCE
  22     0.100000E-07 p022 HELMHOLTZ
  24     0.100000E-09 p024 TOLREL
  25     0.100000E-09 p025 TOLABS
  26     0.250000     p026 COURANT/NTAU
  27      2.00000     p027 TORDER
  66      6.00000     p066 output : <0=ascii, else binary
  67      6.00000     p067 restart: <0=ascii, else binary
  99      3.00000     p099 dealiasing: <0--> off/3--> old/4--> new
 103     0.500000E-01 p103 weight of stabilizing filter (.01)
  
 nelgt/nelgv/lelt:       16384       16384         100
 lx1  /lx2  /lx3 :          19          19          19
 done :: read .rea file    3265.3     sec

 setup mesh topology
   Right-handed check complete for   16384 elements. OK.
   setvert3d:  19    15733738    96228330    15733738    15733738
 call usrsetvert
 done :: usrsetvert

gs_setup: 12147769 unique labels shared
   pairwise times (avg, min, max): 0.00021251 0.000156593 0.000251198
   crystal router                : 0.00114059 0.00111771 0.00115871
   used all_to_all method: pairwise
   handle bytes (avg, min, max): 87962.3 50860 92092
   buffer bytes (avg, min, max): 58082.9 29488 61472
   setupds time 3.1664E-01 seconds   0 19    15733738       16384
           8  max multiplicity
 done :: setup mesh topology
  
 call usrdat
 done :: usrdat

 generate geometry data
 done :: generate geometry data
  
 call usrdat2
 done :: usrdat2

 regenerate geometry data           1
 NOTE: All elements deformed , param(59) ^=0
 done :: regenerate geometry data           1
  
 verify mesh topology
  0.000000000000000E+000   1.00000000000000       Xrange
  0.000000000000000E+000   1.00000000000000       Yrange
  0.000000000000000E+000   1.00000000000000       Zrange
 done :: verify mesh topology
  
 IFTRAN   = T
 IFFLOW   = T
 IFHEAT   = F
 IFSPLIT  = T
 IFLOMACH = F
 IFUSERVP = F
 IFUSERMV = F
 IFSTRS   = F
 IFCHAR   = F
 IFCYCLIC = F
 IFAXIS   = F
 IFMVBD   = F
 IFMELT   = F
 IFMODEL  = F
 IFKEPS   = F
 IFMOAB   = F
 IFNEKNEK = F
 IFSYNC   = T
   
 IFVCOR   = T
 IFINTQ   = F
 IFCWUZ   = F
 IFSWALL  = F
 IFGEOM   = F
 IFSURT   = F
 IFWCNO   = F
   
 IFTMSH for field           1    =  F
 IFADVC for field           1    =  T
 IFNONL for field           1    =  F
   
 Dealiasing enabled, lxd=          28
  
 Estimated eigenvalues
 EIGAA =    9.86960440108936     
 EIGGA =    97629617.4657843     
 EIGAE =    9.86960440108936     
 EIGAS =   8.333333333333333E-002
 EIGGE =    97629617.4657843     
 EIGGS =    2.00000000000000     
  
 verify mesh topology
  0.000000000000000E+000   1.00000000000000       Xrange
  0.000000000000000E+000   1.00000000000000       Yrange
  0.000000000000000E+000   1.00000000000000       Zrange
 done :: verify mesh topology
  
  E-solver strategy:  0 itr
 mg_nx:           1           9          18
 mg_ny:           1           9          18
 mg_nz:           1           9          18
 call usrsetvert
 done :: usrsetvert

gs_setup: 18473 unique labels shared
   pairwise times (avg, min, max): 0.00012323 9.55105e-05 0.000152993
   crystal router                : 0.000183232 0.000178194 0.000197887
   all reduce                    : 0.00156262 0.00154989 0.0015775
   used all_to_all method: pairwise
   handle bytes (avg, min, max): 1522.58 812 1652
   buffer bytes (avg, min, max): 986.297 384 1088
   setupds time 4.7152E-02 seconds   1  2       18513       16384
   setvert3d:   4      330133      461205      330133      330133
 call usrsetvert
 done :: usrsetvert

gs_setup: 278089 unique labels shared
   pairwise times (avg, min, max): 0.000119208 9.54151e-05 0.000144315
   crystal router                : 0.000240541 0.000226688 0.000254703
   used all_to_all method: pairwise
   handle bytes (avg, min, max): 4131.95 2380 4372
   buffer bytes (avg, min, max): 3143.55 1408 3392
   setupds time 3.1380E-02 seconds   2  4      330133       16384
   setvert3d:  10     3724561    12113169     3724561     3724561
 call usrsetvert
 done :: usrsetvert

gs_setup: 2924713 unique labels shared
   pairwise times (avg, min, max): 0.000178292 0.000146008 0.000209379
   crystal router                : 0.000467783 0.000459099 0.000475478
   used all_to_all method: pairwise
   handle bytes (avg, min, max): 24056.1 13996 25204
   buffer bytes (avg, min, max): 16911.3 8320 17984
   setupds time 1.2231E-01 seconds   3 10     3724561       16384
   setvert3d:  12     5675893    22059893     5675893     5675893
 call usrsetvert
 done :: usrsetvert

gs_setup: 4429513 unique labels shared
   pairwise times (avg, min, max): 0.000178749 0.000141501 0.000203896
   crystal router                : 0.000583613 0.000574994 0.000595808
   used all_to_all method: pairwise
   handle bytes (avg, min, max): 34729.5 20172 36372
   buffer bytes (avg, min, max): 23932.5 11904 25408
   setupds time 1.3086E-01 seconds   4 12     5675893       16384
 regenerate geometry data           1
 NOTE: All elements deformed , param(59) ^=0
 done :: regenerate geometry data           1
  
 h1_mg_nx:           1           3          18
 h1_mg_ny:           1           3          18
 h1_mg_nz:           1           3          18
 call usrsetvert
 done :: usrsetvert

gs_setup: 18473 unique labels shared
   pairwise times (avg, min, max): 0.000118269 9.93967e-05 0.000141692
   crystal router                : 0.000213942 0.000202894 0.000226402
   all reduce                    : 0.00159932 0.00159011 0.00163009
   used all_to_all method: pairwise
   handle bytes (avg, min, max): 1522.58 812 1652
   buffer bytes (avg, min, max): 986.297 384 1088
   setupds time 4.4227E-02 seconds   5  2       18513       16384
   setvert3d:   4      330133      461205      330133      330133
 call usrsetvert
 done :: usrsetvert

gs_setup: 278089 unique labels shared
   pairwise times (avg, min, max): 0.00011996 0.000101495 0.000155711
   crystal router                : 0.000288642 0.000280809 0.000294805
   used all_to_all method: pairwise
   handle bytes (avg, min, max): 4131.95 2380 4372
   buffer bytes (avg, min, max): 3143.55 1408 3392
   setupds time 3.1549E-02 seconds   6  4      330133       16384
   setvert3d:   4      330133      461205      330133      330133
 call usrsetvert
 done :: usrsetvert

gs_setup: 278089 unique labels shared
   pairwise times (avg, min, max): 0.000119779 9.62973e-05 0.000152016
   crystal router                : 0.000237527 0.000220704 0.000255203
   used all_to_all method: pairwise
   handle bytes (avg, min, max): 4131.95 2380 4372
   buffer bytes (avg, min, max): 3143.55 1408 3392
   setupds time 2.1618E-02 seconds   7  4      330133       16384
   setvert3d:   6     1051681     2100257     1051681     1051681
 call usrsetvert
 done :: usrsetvert

gs_setup: 849001 unique labels shared
   pairwise times (avg, min, max): 0.000161571 0.000129914 0.000204396
   crystal router                : 0.000375164 0.000365305 0.000383902
   used all_to_all method: pairwise
   handle bytes (avg, min, max): 8757.33 5100 9204
   buffer bytes (avg, min, max): 6516.8 3072 6976
   setupds time 7.7620E-02 seconds   8  6     1051681       16384
   setvert3d:  19    15733738    96228330    15733738    15733738
 call usrsetvert
 done :: usrsetvert

gs_setup: 12147769 unique labels shared
   pairwise times (avg, min, max): 0.000200357 0.000160789 0.000240707
   crystal router                : 0.00115917 0.00114141 0.00118968
   used all_to_all method: pairwise
   handle bytes (avg, min, max): 87962.3 50860 92092
   buffer bytes (avg, min, max): 58082.9 29488 61472
   setupds time 2.7524E-01 seconds   9 19    15733738       16384
   setvert3d:  21    19529746   131907602    19529746    19529746
 call usrsetvert
 done :: usrsetvert

gs_setup: 15053401 unique labels shared
   pairwise times (avg, min, max): 0.000210428 0.000154185 0.000362515
   crystal router                : 0.00128211 0.0012579 0.00129921
   used all_to_all method: pairwise
   handle bytes (avg, min, max): 107708 62220 112764
   buffer bytes (avg, min, max): 70576.2 35952 74656
   setupds time 2.9986E-01 seconds  10 21    19529746       16384
 setup h1 coarse grid, nx_crs=           2
 call usrsetvert
 done :: usrsetvert

gs_setup: 18473 unique labels shared
   pairwise times (avg, min, max): 0.000112343 9.21011e-05 0.000132513
   crystal router                : 0.000178605 0.000174189 0.000198603
   all reduce                    : 0.00156577 0.00154288 0.00158038
   used all_to_all method: pairwise
   handle bytes (avg, min, max): 1522.58 812 1652
   buffer bytes (avg, min, max): 986.297 384 1088
 done :: setup h1 coarse grid   0.909377098083496       sec
  
 call usrdat3
 done :: usrdat3

 set initial conditions
 nekuic (1) for ifld            1
 call nekuic for vel  
 xyz min     0.0000       0.0000       0.0000    
 uvwpt min   0.0000       0.0000       0.0000       0.0000       0.0000    
 PS min      0.0000       0.0000      0.99000E+22
 xyz max     1.0000       1.0000       1.0000    
 uvwpt max   0.0000       0.0000       0.0000       0.0000       0.0000    
 PS max      0.0000       0.0000     -0.99000E+22
 done :: set initial conditions
  
 call userchk
GFM max:  3.8384E-05  1.5354E-04  1.5354E-04  8.2350E-17  8.2350E-17  1.6809E-16
 
nelt =       2, np =      8192, nx1 =      19, elements =     16384
Solve Time =   0.1919E-10
 
nelt =       2, np =      8192, nx1 =      19, elements =     16384
Solve Time =   0.1877E-10
 
nelt =       2, np =      8192, nx1 =      19, elements =     16384
Solve Time =   0.1903E-10
 
nelt =       2, np =      8192, nx1 =      19, elements =     16384
Solve Time =   0.1895E-10
 
nelt =       2, np =      8192, nx1 =      19, elements =     16384
Solve Time =   0.1881E-10
 
nelt =       2, np =      8192, nx1 =      19, elements =     16384
Solve Time =   0.1893E-10
 
nelt =       2, np =      8192, nx1 =      19, elements =     16384
Solve Time =   0.1881E-10
 
nelt =       2, np =      8192, nx1 =      19, elements =     16384
Solve Time =   0.1894E-10
 
nelt =       2, np =      8192, nx1 =      19, elements =     16384
Solve Time =   0.1897E-10
 
nelt =       2, np =      8192, nx1 =      19, elements =     16384
Solve Time =   0.1878E-10
 
nelt =       2, np =      8192, nx1 =      19, elements =     16384
Solve Time =   0.1563E-10
 
nelt =       2, np =      8192, nx1 =      19, elements =     16384
Solve Time =   0.1526E-10
 
nelt =       2, np =      8192, nx1 =      19, elements =     16384
Solve Time =   0.1540E-10
 
nelt =       2, np =      8192, nx1 =      19, elements =     16384
Solve Time =   0.1533E-10
 
nelt =       2, np =      8192, nx1 =      19, elements =     16384
Solve Time =   0.1547E-10
 
nelt =       2, np =      8192, nx1 =      19, elements =     16384
Solve Time =   0.1544E-10
 
nelt =       2, np =      8192, nx1 =      19, elements =     16384
Solve Time =   0.1543E-10
 
nelt =       2, np =      8192, nx1 =      19, elements =     16384
Solve Time =   0.1545E-10
 
nelt =       2, np =      8192, nx1 =      19, elements =     16384
Solve Time =   0.1535E-10
 
nelt =       2, np =      8192, nx1 =      19, elements =     16384
Solve Time =   0.1549E-10
 
nelt =       2, np =      8192, nx1 =      19, elements =     16384
Solve Time =   0.1737E-10
 
nelt =       2, np =      8192, nx1 =      19, elements =     16384
Solve Time =   0.1735E-10
 
nelt =       2, np =      8192, nx1 =      19, elements =     16384
Solve Time =   0.1728E-10
 
nelt =       2, np =      8192, nx1 =      19, elements =     16384
Solve Time =   0.1731E-10
 
nelt =       2, np =      8192, nx1 =      19, elements =     16384
Solve Time =   0.1724E-10
 
nelt =       2, np =      8192, nx1 =      19, elements =     16384
Solve Time =   0.1736E-10
 
nelt =       2, np =      8192, nx1 =      19, elements =     16384
Solve Time =   0.1736E-10
 
nelt =       2, np =      8192, nx1 =      19, elements =     16384
Solve Time =   0.1723E-10
 
nelt =       2, np =      8192, nx1 =      19, elements =     16384
Solve Time =   0.1747E-10
 
nelt =       2, np =      8192, nx1 =      19, elements =     16384
Solve Time =   0.1718E-10
 
nelt =       2, np =      8192, nx1 =      19, elements =     16384
Solve Time =   0.1907E-10
 
nelt =       2, np =      8192, nx1 =      19, elements =     16384
Solve Time =   0.1906E-10
 
nelt =       2, np =      8192, nx1 =      19, elements =     16384
Solve Time =   0.1889E-10
 
nelt =       2, np =      8192, nx1 =      19, elements =     16384
Solve Time =   0.1903E-10
 
nelt =       2, np =      8192, nx1 =      19, elements =     16384
Solve Time =   0.1901E-10
 
nelt =       2, np =      8192, nx1 =      19, elements =     16384
Solve Time =   0.1887E-10
 
nelt =       2, np =      8192, nx1 =      19, elements =     16384
Solve Time =   0.1909E-10
 
nelt =       2, np =      8192, nx1 =      19, elements =     16384
Solve Time =   0.1896E-10
 
nelt =       2, np =      8192, nx1 =      19, elements =     16384
Solve Time =   0.1882E-10
 
nelt =       2, np =      8192, nx1 =      19, elements =     16384
Solve Time =   0.1908E-10
 
nelt =       2, np =      8192, nx1 =      19, elements =     16384
Solve Time =   0.2071E-10
 
nelt =       2, np =      8192, nx1 =      19, elements =     16384
Solve Time =   0.2051E-10
 
nelt =       2, np =      8192, nx1 =      19, elements =     16384
Solve Time =   0.2063E-10
 
nelt =       2, np =      8192, nx1 =      19, elements =     16384
Solve Time =   0.2068E-10
 
nelt =       2, np =      8192, nx1 =      19, elements =     16384
Solve Time =   0.2054E-10
 
nelt =       2, np =      8192, nx1 =      19, elements =     16384
Solve Time =   0.2065E-10
 
nelt =       2, np =      8192, nx1 =      19, elements =     16384
Solve Time =   0.2072E-10
 
nelt =       2, np =      8192, nx1 =      19, elements =     16384
Solve Time =   0.2054E-10
 
nelt =       2, np =      8192, nx1 =      19, elements =     16384
Solve Time =   0.2079E-10
 
nelt =       2, np =      8192, nx1 =      19, elements =     16384
Solve Time =   0.2068E-10
 schfile:
 /gpfs/theta-fs1/home/thilina/env/lx19/b14.sch                                  
                                                      
ERROR: .sch file already exists. Use IFSCHCLOB=F todisable this check BUT BEWARE!!!!!!  ierr=  1 
  
call exitt: dying ...
  
backtrace(): obtained 9 stack frames.
./nek5000() [0x784f35]
./nek5000() [0x9681e9]
./nek5000() [0x515416]
./nek5000() [0x409f03]
./nek5000() [0x428f26]
./nek5000() [0x4274de]
./nek5000() [0x4054fe]
/lib64/libc.so.6(__libc_start_main+0xf5) [0x2aaab1ca3b25]
./nek5000() [0x405409]
  
total elapsed time             :   3.29912E+03 sec
total solver time incl. I/O    :   0.00000E+00 sec
time/timestep                  :   0.00000E+00 sec
CPU seconds/timestep/gridpt    :   0.00000E+00 sec

Application 2261769 resources: utime ~26938151s, stime ~9739s, Rss ~104544, inblocks ~0, outblocks ~0
