/----------------------------------------------------------\\
|      _   __ ______ __ __  ______  ____   ____   ____     |
|     / | / // ____// //_/ / ____/ / __ \\/ __ \\/ __ \\   |
|    /  |/ // __/  / ,<   /___ \\ / / / // / / // / / /    |
|   / /|  // /___ / /| | ____/ / / /_/ // /_/ // /_/ /     |
|  /_/ |_//_____//_/ |_|/_____/  \\___/ \\___/ \\___/      |
|                                                          |
|----------------------------------------------------------|
|                                                          |
| NEK5000:  Open Source Spectral Element Solver            |
| COPYRIGHT (c) 2008-2016 UCHICAGO ARGONNE, LLC            |
| Version:  16.0.0                                         |
| Web:      http://nek5000.mcs.anl.gov                     |
|                                                          |
\\----------------------------------------------------------/
                                                              

 Number of processors:        8192
 REAL    wdsize      :           8
 INTEGER wdsize      :           4
 Timer accuracy      : 2.15E-07
 Reading /gpfs/theta-fs1/home/thilina/env/lx19/b17.rea                                                                                       

 mapping elements to processors
 Reading /gpfs/theta-fs1/home/thilina/env/lx19/b17.map                                                                                       
 element load imbalance:            0          16          16
 done :: mapping elements to processors
  
           0  objects found
 118   Parameters from file:
   1      1.00000     p001 DENSITY
   2     -100.000     p002 VISCOS
   7      1.00000     p007 RHOCP
   8      1.00000     p008 CONDUCT
  11      1.00        p011 NSTEPS
  12    -0.500000E-02 p012 DT
  21     0.100000E-05 p021 DIVERGENCE
  22     0.100000E-07 p022 HELMHOLTZ
  24     0.100000E-09 p024 TOLREL
  25     0.100000E-09 p025 TOLABS
  26     0.250000     p026 COURANT/NTAU
  27      2.00000     p027 TORDER
  66      6.00000     p066 output : <0=ascii, else binary
  67      6.00000     p067 restart: <0=ascii, else binary
  99      3.00000     p099 dealiasing: <0--> off/3--> old/4--> new
 103     0.500000E-01 p103 weight of stabilizing filter (.01)
  
 nelgt/nelgv/lelt:      131072      131072         100
 lx1  /lx2  /lx3 :          19          19          19
 done :: read .rea file    3039.6     sec

 setup mesh topology
   Right-handed check complete for  131072 elements. OK.
   setvert3d:  19   123112257   767068993   123112257   123112257
 call usrsetvert
 done :: usrsetvert

gs_setup: 58065031 unique labels shared
   pairwise times (avg, min, max): 0.000413634 0.000318789 0.000469899
   crystal router                : 0.00328633 0.0032347 0.0033287
   used all_to_all method: pairwise
   handle bytes (avg, min, max): 557028 387036 610444
   buffer bytes (avg, min, max): 249039 114720 311088
   setupds time 1.3657E+00 seconds   0 19   123112257      131072
           8  max multiplicity
 done :: setup mesh topology
  
 call usrdat
 done :: usrdat

 generate geometry data
 done :: generate geometry data
  
 call usrdat2
 done :: usrdat2

 regenerate geometry data           1
 NOTE: All elements deformed , param(59) ^=0
 done :: regenerate geometry data           1
  
 verify mesh topology
  0.000000000000000E+000   1.00000000000000       Xrange
  0.000000000000000E+000   1.00000000000000       Yrange
  0.000000000000000E+000   1.00000000000000       Zrange
 done :: verify mesh topology
  
 IFTRAN   = T
 IFFLOW   = T
 IFHEAT   = F
 IFSPLIT  = T
 IFLOMACH = F
 IFUSERVP = F
 IFUSERMV = F
 IFSTRS   = F
 IFCHAR   = F
 IFCYCLIC = F
 IFAXIS   = F
 IFMVBD   = F
 IFMELT   = F
 IFMODEL  = F
 IFKEPS   = F
 IFMOAB   = F
 IFNEKNEK = F
 IFSYNC   = T
   
 IFVCOR   = T
 IFINTQ   = F
 IFCWUZ   = F
 IFSWALL  = F
 IFGEOM   = F
 IFSURT   = F
 IFWCNO   = F
   
 IFTMSH for field           1    =  F
 IFADVC for field           1    =  T
 IFNONL for field           1    =  F
   
 Dealiasing enabled, lxd=          28
  
 Estimated eigenvalues
 EIGAA =    9.86960440108936     
 EIGGA =    390503811.060511     
 EIGAE =    9.86960440108936     
 EIGAS =   8.333333333333333E-002
 EIGGE =    390503811.060511     
 EIGGS =    2.00000000000000     
  
 verify mesh topology
  0.000000000000000E+000   1.00000000000000       Xrange
  0.000000000000000E+000   1.00000000000000       Yrange
  0.000000000000000E+000   1.00000000000000       Zrange
 done :: verify mesh topology
  
  E-solver strategy:  0 itr
 mg_nx:           1           9          18
 mg_ny:           1           9          18
 mg_nz:           1           9          18
 call usrsetvert
 done :: usrsetvert

gs_setup: 123863 unique labels shared
   pairwise times (avg, min, max): 0.0001266 9.04083e-05 0.000155997
   crystal router                : 0.000284905 0.000265288 0.000294995
   used all_to_all method: pairwise
   handle bytes (avg, min, max): 3562.36 2428 4140
   buffer bytes (avg, min, max): 1981.53 752 2560
   setupds time 1.9858E-02 seconds   1  2      139425      131072
   setvert3d:   4     2564577     3613153     2564577     2564577
 call usrsetvert
 done :: usrsetvert

gs_setup: 1456951 unique labels shared
   pairwise times (avg, min, max): 0.00015152 0.000113297 0.000190997
   crystal router                : 0.000429195 0.000423002 0.00044241
   used all_to_all method: pairwise
   handle bytes (avg, min, max): 18771 13116 20844
   buffer bytes (avg, min, max): 9627.15 4080 12000
   setupds time 9.3945E-02 seconds   2  4     2564577      131072
   setvert3d:  10    29107617    96216481    29107617    29107617
 call usrsetvert
 done :: usrsetvert

gs_setup: 14229847 unique labels shared
   pairwise times (avg, min, max): 0.000252687 0.000196981 0.000299191
   crystal router                : 0.00115822 0.00113962 0.00118198
   used all_to_all method: pairwise
   handle bytes (avg, min, max): 144245 100476 157996
   buffer bytes (avg, min, max): 66836 30192 83136
   setupds time 3.0086E-01 seconds   3 10    29107617      131072
   setvert3d:  12    44377825   175449825    44377825    44377825
 call usrsetvert
 done :: usrsetvert

gs_setup: 21412023 unique labels shared
   pairwise times (avg, min, max): 0.00026031 0.000197887 0.000329804
   crystal router                : 0.0014885 0.00146329 0.0015166
   used all_to_all method: pairwise
   handle bytes (avg, min, max): 212685 148028 233004
   buffer bytes (avg, min, max): 97329.7 44272 121248
   setupds time 3.8117E-01 seconds   4 12    44377825      131072
 regenerate geometry data           1
 NOTE: All elements deformed , param(59) ^=0
 done :: regenerate geometry data           1
  
 h1_mg_nx:           1           3          18
 h1_mg_ny:           1           3          18
 h1_mg_nz:           1           3          18
 call usrsetvert
 done :: usrsetvert

gs_setup: 123863 unique labels shared
   pairwise times (avg, min, max): 0.000110594 8.38995e-05 0.000133991
   crystal router                : 0.000253028 0.000250888 0.000260401
   used all_to_all method: pairwise
   handle bytes (avg, min, max): 3562.36 2428 4140
   buffer bytes (avg, min, max): 1981.53 752 2560
   setupds time 2.0776E-02 seconds   5  2      139425      131072
   setvert3d:   4     2564577     3613153     2564577     2564577
 call usrsetvert
 done :: usrsetvert

gs_setup: 1456951 unique labels shared
   pairwise times (avg, min, max): 0.000145666 0.0001127 0.000175309
   crystal router                : 0.000402334 0.000386596 0.00042038
   used all_to_all method: pairwise
   handle bytes (avg, min, max): 18771 13116 20844
   buffer bytes (avg, min, max): 9627.15 4080 12000
   setupds time 1.0569E-01 seconds   6  4     2564577      131072
   setvert3d:   4     2564577     3613153     2564577     2564577
 call usrsetvert
 done :: usrsetvert

gs_setup: 1456951 unique labels shared
   pairwise times (avg, min, max): 0.00013799 0.000106287 0.000167298
   crystal router                : 0.00040362 0.000390601 0.000425196
   used all_to_all method: pairwise
   handle bytes (avg, min, max): 18771 13116 20844
   buffer bytes (avg, min, max): 9627.15 4080 12000
   setupds time 8.6076E-02 seconds   7  4     2564577      131072
   setvert3d:   6     8200993    16589601     8200993     8200993
 call usrsetvert
 done :: usrsetvert

gs_setup: 4252311 unique labels shared
   pairwise times (avg, min, max): 0.000196808 0.000149012 0.000236583
   crystal router                : 0.000599568 0.000591302 0.0006212
   used all_to_all method: pairwise
   handle bytes (avg, min, max): 47287.6 33020 51948
   buffer bytes (avg, min, max): 22984.8 10096 28416
   setupds time 1.4173E-01 seconds   8  6     8200993      131072
   setvert3d:  19   123112257   767068993   123112257   123112257
 call usrsetvert
 done :: usrsetvert

gs_setup: 58065031 unique labels shared
   pairwise times (avg, min, max): 0.000371281 0.000283194 0.000447202
   crystal router                : 0.00332778 0.003284 0.00345821
   used all_to_all method: pairwise
   handle bytes (avg, min, max): 557028 387036 610444
   buffer bytes (avg, min, max): 249039 114720 311088
   setupds time 1.2813E+00 seconds   9 19   123112257      131072
   setvert3d:  21   152833153  1051856001   152833153   152833153
 call usrsetvert
 done :: usrsetvert

gs_setup: 71827431 unique labels shared
   pairwise times (avg, min, max): 0.000441479 0.000324988 0.000527692
   crystal router                : 0.00383251 0.00376871 0.00387712
   used all_to_all method: pairwise
   handle bytes (avg, min, max): 685355 476060 751116
   buffer bytes (avg, min, max): 305237 140896 381456
   setupds time 1.6037E+00 seconds  10 21   152833153      131072
 setup h1 coarse grid, nx_crs=           2
 call usrsetvert
 done :: usrsetvert

gs_setup: 123863 unique labels shared
   pairwise times (avg, min, max): 0.000100549 7.90834e-05 0.000118303
   crystal router                : 0.000205697 0.000201797 0.000214791
   used all_to_all method: pairwise
   handle bytes (avg, min, max): 3562.36 2428 4140
   buffer bytes (avg, min, max): 1981.53 752 2560
 done :: setup h1 coarse grid    8.51665711402893       sec
  
 call usrdat3
 done :: usrdat3

 set initial conditions
 nekuic (1) for ifld            1
 call nekuic for vel  
 xyz min     0.0000       0.0000       0.0000    
 uvwpt min   0.0000       0.0000       0.0000       0.0000       0.0000    
 PS min      0.0000       0.0000      0.99000E+22
 xyz max     1.0000       1.0000       1.0000    
 uvwpt max   0.0000       0.0000       0.0000       0.0000       0.0000    
 PS max      0.0000       0.0000     -0.99000E+22
 done :: set initial conditions
  
 call userchk
GFM max:  1.9192E-05  7.6768E-05  7.6768E-05  8.3198E-17  8.3198E-17  1.7526E-16
 
nelt =      16, np =      8192, nx1 =      19, elements =    131072
Solve Time =  -0.2273E-10
 
nelt =      16, np =      8192, nx1 =      19, elements =    131072
Solve Time =  -0.2252E-10
 
nelt =      16, np =      8192, nx1 =      19, elements =    131072
Solve Time =  -0.2265E-10
 
nelt =      16, np =      8192, nx1 =      19, elements =    131072
Solve Time =  -0.2271E-10
 
nelt =      16, np =      8192, nx1 =      19, elements =    131072
Solve Time =  -0.2268E-10
 
nelt =      16, np =      8192, nx1 =      19, elements =    131072
Solve Time =  -0.2271E-10
 
nelt =      16, np =      8192, nx1 =      19, elements =    131072
Solve Time =  -0.2267E-10
 
nelt =      16, np =      8192, nx1 =      19, elements =    131072
Solve Time =  -0.2271E-10
 
nelt =      16, np =      8192, nx1 =      19, elements =    131072
Solve Time =  -0.2273E-10
 
nelt =      16, np =      8192, nx1 =      19, elements =    131072
Solve Time =  -0.2267E-10
 
nelt =      16, np =      8192, nx1 =      19, elements =    131072
Solve Time =  -0.1969E-10
 
nelt =      16, np =      8192, nx1 =      19, elements =    131072
Solve Time =  -0.1965E-10
 
nelt =      16, np =      8192, nx1 =      19, elements =    131072
Solve Time =  -0.1965E-10
 
nelt =      16, np =      8192, nx1 =      19, elements =    131072
Solve Time =  -0.1964E-10
 
nelt =      16, np =      8192, nx1 =      19, elements =    131072
Solve Time =  -0.1963E-10
 
nelt =      16, np =      8192, nx1 =      19, elements =    131072
Solve Time =  -0.1965E-10
 
nelt =      16, np =      8192, nx1 =      19, elements =    131072
Solve Time =  -0.1965E-10
 
nelt =      16, np =      8192, nx1 =      19, elements =    131072
Solve Time =  -0.1963E-10
 
nelt =      16, np =      8192, nx1 =      19, elements =    131072
Solve Time =  -0.1963E-10
 
nelt =      16, np =      8192, nx1 =      19, elements =    131072
Solve Time =  -0.1965E-10
 
nelt =      16, np =      8192, nx1 =      19, elements =    131072
Solve Time =  -0.2072E-10
 
nelt =      16, np =      8192, nx1 =      19, elements =    131072
Solve Time =  -0.2064E-10
 
nelt =      16, np =      8192, nx1 =      19, elements =    131072
Solve Time =  -0.2066E-10
 
nelt =      16, np =      8192, nx1 =      19, elements =    131072
Solve Time =  -0.2062E-10
 
nelt =      16, np =      8192, nx1 =      19, elements =    131072
Solve Time =  -0.2061E-10
 
nelt =      16, np =      8192, nx1 =      19, elements =    131072
Solve Time =  -0.2059E-10
 
nelt =      16, np =      8192, nx1 =      19, elements =    131072
Solve Time =  -0.2062E-10
 
nelt =      16, np =      8192, nx1 =      19, elements =    131072
Solve Time =  -0.2057E-10
 
nelt =      16, np =      8192, nx1 =      19, elements =    131072
Solve Time =  -0.2058E-10
 
nelt =      16, np =      8192, nx1 =      19, elements =    131072
Solve Time =  -0.2064E-10
 
nelt =      16, np =      8192, nx1 =      19, elements =    131072
Solve Time =  -0.2170E-10
 
nelt =      16, np =      8192, nx1 =      19, elements =    131072
Solve Time =  -0.2177E-10
 
nelt =      16, np =      8192, nx1 =      19, elements =    131072
Solve Time =  -0.2170E-10
 
nelt =      16, np =      8192, nx1 =      19, elements =    131072
Solve Time =  -0.2177E-10
 
nelt =      16, np =      8192, nx1 =      19, elements =    131072
Solve Time =  -0.2173E-10
 
nelt =      16, np =      8192, nx1 =      19, elements =    131072
Solve Time =  -0.2173E-10
 
nelt =      16, np =      8192, nx1 =      19, elements =    131072
Solve Time =  -0.2170E-10
 
nelt =      16, np =      8192, nx1 =      19, elements =    131072
Solve Time =  -0.2167E-10
 
nelt =      16, np =      8192, nx1 =      19, elements =    131072
Solve Time =  -0.2170E-10
 
nelt =      16, np =      8192, nx1 =      19, elements =    131072
Solve Time =  -0.2169E-10
 
nelt =      16, np =      8192, nx1 =      19, elements =    131072
Solve Time =  -0.2279E-10
 
nelt =      16, np =      8192, nx1 =      19, elements =    131072
Solve Time =  -0.2278E-10
 
nelt =      16, np =      8192, nx1 =      19, elements =    131072
Solve Time =  -0.2274E-10
 
nelt =      16, np =      8192, nx1 =      19, elements =    131072
Solve Time =  -0.2277E-10
 
nelt =      16, np =      8192, nx1 =      19, elements =    131072
Solve Time =  -0.2282E-10
 
nelt =      16, np =      8192, nx1 =      19, elements =    131072
Solve Time =  -0.2276E-10
 
nelt =      16, np =      8192, nx1 =      19, elements =    131072
Solve Time =  -0.2278E-10
 
nelt =      16, np =      8192, nx1 =      19, elements =    131072
Solve Time =  -0.2281E-10
 
nelt =      16, np =      8192, nx1 =      19, elements =    131072
Solve Time =  -0.2279E-10
 
nelt =      16, np =      8192, nx1 =      19, elements =    131072
Solve Time =  -0.2278E-10
 schfile:
 /gpfs/theta-fs1/home/thilina/env/lx19/b17.sch                                  
                                                      
Application 2261697 exit codes: 1
Application 2261697 resources: utime ~918945s, stime ~1492s, Rss ~212164, inblocks ~0, outblocks ~0
