/----------------------------------------------------------\\
|      _   __ ______ __ __  ______  ____   ____   ____     |
|     / | / // ____// //_/ / ____/ / __ \\/ __ \\/ __ \\   |
|    /  |/ // __/  / ,<   /___ \\ / / / // / / // / / /    |
|   / /|  // /___ / /| | ____/ / / /_/ // /_/ // /_/ /     |
|  /_/ |_//_____//_/ |_|/_____/  \\___/ \\___/ \\___/      |
|                                                          |
|----------------------------------------------------------|
|                                                          |
| NEK5000:  Open Source Spectral Element Solver            |
| COPYRIGHT (c) 2008-2016 UCHICAGO ARGONNE, LLC            |
| Version:  16.0.0                                         |
| Web:      http://nek5000.mcs.anl.gov                     |
|                                                          |
\\----------------------------------------------------------/
                                                              

 Number of processors:           8
 REAL    wdsize      :           8
 INTEGER wdsize      :           4
 Timer accuracy      : 4.77E-07
 Reading /gpfs/theta-fs1/home/thilina/env/lx13/b6.rea                                                                                        

 mapping elements to processors
 Reading /gpfs/theta-fs1/home/thilina/env/lx13/b6.map                                                                                        
           0           8           8          64          64  NELV
           7           8           8          64          64  NELV
           4           8           8          64          64  NELV
           6           8           8          64          64  NELV
           3           8           8          64          64  NELV
           2           8           8          64          64  NELV
           5           8           8          64          64  NELV
           1           8           8          64          64  NELV
 RANK     0 IEG      33      34      37      38      49      50      53      54
 element load imbalance:            0           8           8
 done :: mapping elements to processors
  
           0  objects found
 118   Parameters from file:
   1      1.00000     p001 DENSITY
   2     -100.000     p002 VISCOS
   7      1.00000     p007 RHOCP
   8      1.00000     p008 CONDUCT
  11      1.00        p011 NSTEPS
  12    -0.500000E-02 p012 DT
  21     0.100000E-05 p021 DIVERGENCE
  22     0.100000E-07 p022 HELMHOLTZ
  24     0.100000E-09 p024 TOLREL
  25     0.100000E-09 p025 TOLABS
  26     0.250000     p026 COURANT/NTAU
  27      2.00000     p027 TORDER
  66      6.00000     p066 output : <0=ascii, else binary
  67      6.00000     p067 restart: <0=ascii, else binary
  99      3.00000     p099 dealiasing: <0--> off/3--> old/4--> new
 103     0.500000E-01 p103 weight of stabilizing filter (.01)
  
 nelgt/nelgv/lelt:          64          64         100
 lx1  /lx2  /lx3 :          13          13          13
 done :: read .rea file   0.38984E-01 sec

 setup mesh topology
   Right-handed check complete for      64 elements. OK.
   setvert3d:  13       32465      117649       32465       32465
 call usrsetvert
 done :: usrsetvert

gs_setup: 7057 unique labels shared
   pairwise times (avg, min, max): 2.89977e-05 2.83957e-05 2.98977e-05
   crystal router                : 7.61718e-05 7.56979e-05 7.658e-05
   all reduce                    : 0.000165597 0.000164819 0.000165987
   used all_to_all method: pairwise
   handle bytes (avg, min, max): 89212 89212 89212
   buffer bytes (avg, min, max): 31216 31216 31216
   setupds time 3.0260E-02 seconds   0 13       32465          64
           8  max multiplicity
 done :: setup mesh topology
  
 call usrdat
 done :: usrdat

 generate geometry data
 done :: generate geometry data
  
 call usrdat2
 done :: usrdat2

 regenerate geometry data           1
 NOTE: All elements deformed , param(59) ^=0
 done :: regenerate geometry data           1
  
 verify mesh topology
  0.000000000000000E+000   1.00000000000000       Xrange
  0.000000000000000E+000   1.00000000000000       Yrange
  0.000000000000000E+000   1.00000000000000       Zrange
 done :: verify mesh topology
  
 IFTRAN   = T
 IFFLOW   = T
 IFHEAT   = F
 IFSPLIT  = T
 IFLOMACH = F
 IFUSERVP = F
 IFUSERMV = F
 IFSTRS   = F
 IFCHAR   = F
 IFCYCLIC = F
 IFAXIS   = F
 IFMVBD   = F
 IFMELT   = F
 IFMODEL  = F
 IFKEPS   = F
 IFMOAB   = F
 IFNEKNEK = F
 IFSYNC   = T
   
 IFVCOR   = T
 IFINTQ   = F
 IFCWUZ   = F
 IFSWALL  = F
 IFGEOM   = F
 IFSURT   = F
 IFWCNO   = F
   
 IFTMSH for field           1    =  F
 IFADVC for field           1    =  T
 IFNONL for field           1    =  F
   
 Dealiasing enabled, lxd=          19
  
 Estimated eigenvalues
 EIGAA =    9.86960440108936     
 EIGGA =    478575.964918854     
 EIGAE =    9.86960440108936     
 EIGAS =   8.333333333333333E-002
 EIGGE =    478575.964918854     
 EIGGS =    2.00000000000000     
  
 verify mesh topology
  0.000000000000000E+000   1.00000000000000       Xrange
  0.000000000000000E+000   1.00000000000000       Yrange
  0.000000000000000E+000   1.00000000000000       Zrange
 done :: verify mesh topology
  
  E-solver strategy:  0 itr
 mg_nx:           1           7          12
 mg_ny:           1           7          12
 mg_nz:           1           7          12
 call usrsetvert
 done :: usrsetvert

gs_setup: 61 unique labels shared
   pairwise times (avg, min, max): 1.75416e-05 1.72853e-05 1.8096e-05
   crystal router                : 1.18375e-05 1.18017e-05 1.18971e-05
   all reduce                    : 2.71529e-05 2.6989e-05 2.72989e-05
   used all_to_all method: crystal router
   handle bytes (avg, min, max): 4092 4092 4092
   buffer bytes (avg, min, max): 704 704 704
   setupds time 2.8141E-03 seconds   1  2         125          64
   setvert3d:   4        1685        2197        1685        1685
 call usrsetvert
 done :: usrsetvert

gs_setup: 469 unique labels shared
   pairwise times (avg, min, max): 1.23769e-05 1.21832e-05 1.25885e-05
   crystal router                : 8.4877e-06 8.41618e-06 8.51154e-06
   all reduce                    : 5.40555e-05 5.38826e-05 5.41925e-05
   used all_to_all method: crystal router
   handle bytes (avg, min, max): 22044 22044 22044
   buffer bytes (avg, min, max): 4352 4352 4352
   setupds time 4.9510E-03 seconds   2  4        1685          64
   setvert3d:   8       10565       24389       10565       10565
 call usrsetvert
 done :: usrsetvert

gs_setup: 2437 unique labels shared
   pairwise times (avg, min, max): 1.43647e-05 1.40905e-05 1.45912e-05
   crystal router                : 2.08944e-05 2.07901e-05 2.11e-05
   all reduce                    : 6.88344e-05 6.84023e-05 6.90937e-05
   used all_to_all method: pairwise
   handle bytes (avg, min, max): 32092 32092 32092
   buffer bytes (avg, min, max): 11536 11536 11536
   setupds time 1.1421E-02 seconds   3  8       10565          64
   setvert3d:  10       17885       50653       17885       17885
 call usrsetvert
 done :: usrsetvert

gs_setup: 3997 unique labels shared
   pairwise times (avg, min, max): 1.57297e-05 1.54018e-05 1.59979e-05
   crystal router                : 2.96831e-05 2.95162e-05 2.98977e-05
   all reduce                    : 8.47161e-05 8.4281e-05 8.49009e-05
   used all_to_all method: pairwise
   handle bytes (avg, min, max): 51484 51484 51484
   buffer bytes (avg, min, max): 18256 18256 18256
   setupds time 1.6385E-02 seconds   4 10       17885          64
 regenerate geometry data           1
 NOTE: All elements deformed , param(59) ^=0
 done :: regenerate geometry data           1
  
 h1_mg_nx:           1           3          12
 h1_mg_ny:           1           3          12
 h1_mg_nz:           1           3          12
 call usrsetvert
 done :: usrsetvert

gs_setup: 61 unique labels shared
   pairwise times (avg, min, max): 1.85966e-05 1.82152e-05 2.00987e-05
   crystal router                : 6.27041e-06 6.19888e-06 6.38962e-06
   all reduce                    : 3.01033e-05 2.98023e-05 3.03984e-05
   used all_to_all method: crystal router
   handle bytes (avg, min, max): 4092 4092 4092
   buffer bytes (avg, min, max): 704 704 704
   setupds time 3.1140E-03 seconds   5  2         125          64
   setvert3d:   4        1685        2197        1685        1685
 call usrsetvert
 done :: usrsetvert

gs_setup: 469 unique labels shared
   pairwise times (avg, min, max): 1.30892e-05 1.28984e-05 1.33991e-05
   crystal router                : 8.83937e-06 8.60691e-06 9.01222e-06
   all reduce                    : 5.21779e-05 5.19991e-05 5.23806e-05
   used all_to_all method: crystal router
   handle bytes (avg, min, max): 22044 22044 22044
   buffer bytes (avg, min, max): 4352 4352 4352
   setupds time 5.2271E-03 seconds   6  4        1685          64
   setvert3d:   4        1685        2197        1685        1685
 call usrsetvert
 done :: usrsetvert

gs_setup: 469 unique labels shared
   pairwise times (avg, min, max): 2.73257e-05 2.6989e-05 2.80142e-05
   crystal router                : 8.63075e-06 8.51154e-06 8.79765e-06
   all reduce                    : 4.54634e-05 4.52995e-05 4.57048e-05
   used all_to_all method: crystal router
   handle bytes (avg, min, max): 22044 22044 22044
   buffer bytes (avg, min, max): 4352 4352 4352
   setupds time 5.0330E-03 seconds   7  4        1685          64
   setvert3d:   6        5165        9261        5165        5165
 call usrsetvert
 done :: usrsetvert

gs_setup: 1261 unique labels shared
   pairwise times (avg, min, max): 1.26541e-05 1.24216e-05 1.28984e-05
   crystal router                : 1.48565e-05 1.47104e-05 1.51157e-05
   all reduce                    : 5.0658e-05 5.04971e-05 5.09024e-05
   used all_to_all method: pairwise
   handle bytes (avg, min, max): 17308 17308 17308
   buffer bytes (avg, min, max): 6352 6352 6352
   setupds time 7.3819E-03 seconds   8  6        5165          64
   setvert3d:  13       32465      117649       32465       32465
 call usrsetvert
 done :: usrsetvert

gs_setup: 7057 unique labels shared
   pairwise times (avg, min, max): 1.70618e-05 1.67847e-05 1.74046e-05
   crystal router                : 6.64562e-05 6.61135e-05 6.67095e-05
   all reduce                    : 0.000139797 0.000139189 0.000140095
   used all_to_all method: pairwise
   handle bytes (avg, min, max): 89212 89212 89212
   buffer bytes (avg, min, max): 31216 31216 31216
   setupds time 2.5801E-02 seconds   9 13       32465          64
   setvert3d:  15       44585      185193       44585       44585
 call usrsetvert
 done :: usrsetvert

gs_setup: 9577 unique labels shared
   pairwise times (avg, min, max): 3.57538e-05 3.52144e-05 3.65019e-05
   crystal router                : 7.57158e-05 7.52926e-05 7.60078e-05
   all reduce                    : 0.000207859 0.0002074 0.000208998
   used all_to_all method: pairwise
   handle bytes (avg, min, max): 120124 120124 120124
   buffer bytes (avg, min, max): 41776 41776 41776
   setupds time 3.4419E-02 seconds  10 15       44585          64
 setup h1 coarse grid, nx_crs=           2
 call usrsetvert
 done :: usrsetvert

gs_setup: 61 unique labels shared
   pairwise times (avg, min, max): 1.95116e-05 1.9002e-05 2.10047e-05
   crystal router                : 6.04987e-06 5.88894e-06 6.19888e-06
   all reduce                    : 2.64168e-05 2.62976e-05 2.64883e-05
   used all_to_all method: crystal router
   handle bytes (avg, min, max): 4092 4092 4092
   buffer bytes (avg, min, max): 704 704 704
 done :: setup h1 coarse grid   1.503491401672363E-002  sec
  
 call usrdat3
 done :: usrdat3

 set initial conditions
 nekuic (1) for ifld            1
 call nekuic for vel  
 xyz min     0.0000       0.0000       0.0000    
 uvwpt min   0.0000       0.0000       0.0000       0.0000       0.0000    
 PS min      0.0000       0.0000      0.99000E+22
 xyz max     1.0000       1.0000       1.0000    
 uvwpt max   0.0000       0.0000       0.0000       0.0000       0.0000    
 PS max      0.0000       0.0000     -0.99000E+22
 done :: set initial conditions
  
 call userchk
GFM max:  1.9987E-03  1.9987E-03  1.9987E-03  6.1264E-17  6.1264E-17  6.1264E-17
 
nelt =       8, np =         8, nx1 =      13, elements =        64
Solve Time =   0.8755E-08
 
nelt =       8, np =         8, nx1 =      13, elements =        64
Solve Time =   0.8681E-08
 
nelt =       8, np =         8, nx1 =      13, elements =        64
Solve Time =   0.8658E-08
 
nelt =       8, np =         8, nx1 =      13, elements =        64
Solve Time =   0.8659E-08
 
nelt =       8, np =         8, nx1 =      13, elements =        64
Solve Time =   0.8652E-08
 
nelt =       8, np =         8, nx1 =      13, elements =        64
Solve Time =   0.8647E-08
 
nelt =       8, np =         8, nx1 =      13, elements =        64
Solve Time =   0.8653E-08
 
nelt =       8, np =         8, nx1 =      13, elements =        64
Solve Time =   0.8647E-08
 
nelt =       8, np =         8, nx1 =      13, elements =        64
Solve Time =   0.8641E-08
 
nelt =       8, np =         8, nx1 =      13, elements =        64
Solve Time =   0.8643E-08
 
nelt =       8, np =         8, nx1 =      13, elements =        64
Solve Time =   0.7620E-08
 
nelt =       8, np =         8, nx1 =      13, elements =        64
Solve Time =   0.7614E-08
 
nelt =       8, np =         8, nx1 =      13, elements =        64
Solve Time =   0.7604E-08
 
nelt =       8, np =         8, nx1 =      13, elements =        64
Solve Time =   0.7606E-08
 
nelt =       8, np =         8, nx1 =      13, elements =        64
Solve Time =   0.7606E-08
 
nelt =       8, np =         8, nx1 =      13, elements =        64
Solve Time =   0.7603E-08
 
nelt =       8, np =         8, nx1 =      13, elements =        64
Solve Time =   0.7606E-08
 
nelt =       8, np =         8, nx1 =      13, elements =        64
Solve Time =   0.7606E-08
 
nelt =       8, np =         8, nx1 =      13, elements =        64
Solve Time =   0.7606E-08
 
nelt =       8, np =         8, nx1 =      13, elements =        64
Solve Time =   0.7604E-08
 
nelt =       8, np =         8, nx1 =      13, elements =        64
Solve Time =   0.8006E-08
 
nelt =       8, np =         8, nx1 =      13, elements =        64
Solve Time =   0.7997E-08
 
nelt =       8, np =         8, nx1 =      13, elements =        64
Solve Time =   0.7996E-08
 
nelt =       8, np =         8, nx1 =      13, elements =        64
Solve Time =   0.8005E-08
 
nelt =       8, np =         8, nx1 =      13, elements =        64
Solve Time =   0.7997E-08
 
nelt =       8, np =         8, nx1 =      13, elements =        64
Solve Time =   0.8003E-08
 
nelt =       8, np =         8, nx1 =      13, elements =        64
Solve Time =   0.7998E-08
 
nelt =       8, np =         8, nx1 =      13, elements =        64
Solve Time =   0.8000E-08
 
nelt =       8, np =         8, nx1 =      13, elements =        64
Solve Time =   0.7996E-08
 
nelt =       8, np =         8, nx1 =      13, elements =        64
Solve Time =   0.8002E-08
 
nelt =       8, np =         8, nx1 =      13, elements =        64
Solve Time =   0.8278E-08
 
nelt =       8, np =         8, nx1 =      13, elements =        64
Solve Time =   0.8281E-08
 
nelt =       8, np =         8, nx1 =      13, elements =        64
Solve Time =   0.8281E-08
 
nelt =       8, np =         8, nx1 =      13, elements =        64
Solve Time =   0.8281E-08
 
nelt =       8, np =         8, nx1 =      13, elements =        64
Solve Time =   0.8281E-08
 
nelt =       8, np =         8, nx1 =      13, elements =        64
Solve Time =   0.8283E-08
 
nelt =       8, np =         8, nx1 =      13, elements =        64
Solve Time =   0.8279E-08
 
nelt =       8, np =         8, nx1 =      13, elements =        64
Solve Time =   0.8279E-08
 
nelt =       8, np =         8, nx1 =      13, elements =        64
Solve Time =   0.8274E-08
 
nelt =       8, np =         8, nx1 =      13, elements =        64
Solve Time =   0.8282E-08
 
nelt =       8, np =         8, nx1 =      13, elements =        64
Solve Time =   0.8554E-08
 
nelt =       8, np =         8, nx1 =      13, elements =        64
Solve Time =   0.8551E-08
 
nelt =       8, np =         8, nx1 =      13, elements =        64
Solve Time =   0.8548E-08
 
nelt =       8, np =         8, nx1 =      13, elements =        64
Solve Time =   0.8543E-08
 
nelt =       8, np =         8, nx1 =      13, elements =        64
Solve Time =   0.8543E-08
 
nelt =       8, np =         8, nx1 =      13, elements =        64
Solve Time =   0.8543E-08
 
nelt =       8, np =         8, nx1 =      13, elements =        64
Solve Time =   0.8549E-08
 
nelt =       8, np =         8, nx1 =      13, elements =        64
Solve Time =   0.8543E-08
 
nelt =       8, np =         8, nx1 =      13, elements =        64
Solve Time =   0.8544E-08
 
nelt =       8, np =         8, nx1 =      13, elements =        64
Solve Time =   0.8542E-08
 schfile:
 /gpfs/theta-fs1/home/thilina/env/lx13/b6.sch                                   
                                                      
 13       64  1.0000E+00  1.0000E+00  1.0000E+00  error v
 13       64  1.0000E+00  1.0000E+00  1.0000E+00  error v
 13       64  1.0000E+00  1.0000E+00  1.0000E+00  error v
 13       64  1.0000E+00  1.0000E+00  1.0000E+00  error v
 13       64  1.0000E+00  1.0000E+00  1.0000E+00  error v
 13       64  1.0000E+00  1.0000E+00  1.0000E+00  error v
 13       64  1.0000E+00  1.0000E+00  1.0000E+00  error v
 13       64  1.0000E+00  1.0000E+00  1.0000E+00  error v
 
nelt =       8, np =         8, nx1 =      13, elements =        64
Solve Time =   0.9818E-08
 
nelt =       8, np =         8, nx1 =      13, elements =        64
Solve Time =   0.9793E-08
 
nelt =       8, np =         8, nx1 =      13, elements =        64
Solve Time =   0.9801E-08
 
nelt =       8, np =         8, nx1 =      13, elements =        64
Solve Time =   0.9792E-08
 
nelt =       8, np =         8, nx1 =      13, elements =        64
Solve Time =   0.9803E-08
 
nelt =       8, np =         8, nx1 =      13, elements =        64
Solve Time =   0.9795E-08
 
nelt =       8, np =         8, nx1 =      13, elements =        64
Solve Time =   0.9800E-08
 
nelt =       8, np =         8, nx1 =      13, elements =        64
Solve Time =   0.9800E-08
 
nelt =       8, np =         8, nx1 =      13, elements =        64
Solve Time =   0.9797E-08
 
nelt =       8, np =         8, nx1 =      13, elements =        64
Solve Time =   0.9795E-08
 13       64  1.2417E-10  1.2417E-10  1.2417E-10  error s
 13       64  1.2417E-10  1.2417E-10  1.2417E-10  error s
 13       64  1.2417E-10  1.2417E-10  1.2417E-10  error s
 13       64  1.2417E-10  1.2417E-10  1.2417E-10  error s
 13       64  1.2417E-10  1.2417E-10  1.2417E-10  error s
 13       64  1.2417E-10  1.2417E-10  1.2417E-10  error s
 13       64  1.2417E-10  1.2417E-10  1.2417E-10  error s
 13       64  1.2417E-10  1.2417E-10  1.2417E-10  error s
 
nelt =       8, np =         8, nx1 =      13, elements =        64
Solve Time =   0.1078E-07
 
nelt =       8, np =         8, nx1 =      13, elements =        64
Solve Time =   0.1077E-07
 
nelt =       8, np =         8, nx1 =      13, elements =        64
Solve Time =   0.1078E-07
 
nelt =       8, np =         8, nx1 =      13, elements =        64
Solve Time =   0.1077E-07
 
nelt =       8, np =         8, nx1 =      13, elements =        64
Solve Time =   0.1078E-07
 
nelt =       8, np =         8, nx1 =      13, elements =        64
Solve Time =   0.1077E-07
 
nelt =       8, np =         8, nx1 =      13, elements =        64
Solve Time =   0.1077E-07
 
nelt =       8, np =         8, nx1 =      13, elements =        64
Solve Time =   0.1076E-07
 
nelt =       8, np =         8, nx1 =      13, elements =        64
Solve Time =   0.1078E-07
 
nelt =       8, np =         8, nx1 =      13, elements =        64
Solve Time =   0.1077E-07
 13       64  1.2790E-10  1.2790E-10  1.2790E-10  error n
 13       64  1.2790E-10  1.2790E-10  1.2790E-10  error n
 13       64  1.2790E-10  1.2790E-10  1.2790E-10  error n
 13       64  1.2790E-10  1.2790E-10  1.2790E-10  error n
 13       64  1.2790E-10  1.2790E-10  1.2790E-10  error n
 13       64  1.2790E-10  1.2790E-10  1.2790E-10  error n
 13       64  1.2790E-10  1.2790E-10  1.2790E-10  error n
 13       64  1.2790E-10  1.2790E-10  1.2790E-10  error n
  12       64  100  0.0000E+00  0.0000E+00  0.0000E+00 time for 3 hmholtz
EXIT: quit after cggov         12
  
call exitt: dying ...
  
backtrace(): obtained 8 stack frames.
./nek5000() [0x77e8a5]
./nek5000() [0x962659]
./nek5000() [0x40e0bc]
./nek5000() [0x428ae6]
./nek5000() [0x42709e]
./nek5000() [0x4054fe]
/lib64/libc.so.6(__libc_start_main+0xf5) [0x2aaab1ca3b25]
./nek5000() [0x405409]
  
total elapsed time             :   6.14022E+01 sec
total solver time incl. I/O    :   0.00000E+00 sec
time/timestep                  :   0.00000E+00 sec
CPU seconds/timestep/gridpt    :   0.00000E+00 sec

Application 2258269 resources: utime ~462s, stime ~16s, Rss ~51860, inblocks ~0, outblocks ~0
