/----------------------------------------------------------\\
|      _   __ ______ __ __  ______  ____   ____   ____     |
|     / | / // ____// //_/ / ____/ / __ \\/ __ \\/ __ \\   |
|    /  |/ // __/  / ,<   /___ \\ / / / // / / // / / /    |
|   / /|  // /___ / /| | ____/ / / /_/ // /_/ // /_/ /     |
|  /_/ |_//_____//_/ |_|/_____/  \\___/ \\___/ \\___/      |
|                                                          |
|----------------------------------------------------------|
|                                                          |
| NEK5000:  Open Source Spectral Element Solver            |
| COPYRIGHT (c) 2008-2016 UCHICAGO ARGONNE, LLC            |
| Version:  16.0.0                                         |
| Web:      http://nek5000.mcs.anl.gov                     |
|                                                          |
\\----------------------------------------------------------/
                                                              

 Number of processors:          16
 REAL    wdsize      :           8
 INTEGER wdsize      :           4
 Timer accuracy      : 4.05E-07
 Reading /gpfs/theta-fs1/home/thilina/env/lx13/b5.rea                                                                                        

 mapping elements to processors
 Reading /gpfs/theta-fs1/home/thilina/env/lx13/b5.map                                                                                        
           0           2           2          32          32  NELV
          10           2           2          32          32  NELV
          15           2           2          32          32  NELV
           8           2           2          32          32  NELV
           2           2           2          32          32  NELV
           3           2           2          32          32  NELV
           9           2           2          32          32  NELV
           7           2           2          32          32  NELV
           5           2           2          32          32  NELV
           1           2           2          32          32  NELV
          14           2           2          32          32  NELV
           6           2           2          32          32  NELV
          11           2           2          32          32  NELV
           4           2           2          32          32  NELV
          12           2           2          32          32  NELV
          13           2           2          32          32  NELV
 RANK     0 IEG      27      28
 element load imbalance:            0           2           2
 done :: mapping elements to processors
  
           0  objects found
 118   Parameters from file:
   1      1.00000     p001 DENSITY
   2     -100.000     p002 VISCOS
   7      1.00000     p007 RHOCP
   8      1.00000     p008 CONDUCT
  11      1.00        p011 NSTEPS
  12    -0.500000E-02 p012 DT
  21     0.100000E-05 p021 DIVERGENCE
  22     0.100000E-07 p022 HELMHOLTZ
  24     0.100000E-09 p024 TOLREL
  25     0.100000E-09 p025 TOLABS
  26     0.250000     p026 COURANT/NTAU
  27      2.00000     p027 TORDER
  66      6.00000     p066 output : <0=ascii, else binary
  67      6.00000     p067 restart: <0=ascii, else binary
  99      3.00000     p099 dealiasing: <0--> off/3--> old/4--> new
 103     0.500000E-01 p103 weight of stabilizing filter (.01)
  
 nelgt/nelgv/lelt:          32          32         100
 lx1  /lx2  /lx3 :          13          13          13
 done :: read .rea file   0.39946E-01 sec

 setup mesh topology
   Right-handed check complete for      32 elements. OK.
   setvert3d:  13       17433       60025       17433       17433
 call usrsetvert
 done :: usrsetvert

gs_setup: 7125 unique labels shared
   pairwise times (avg, min, max): 2.92987e-05 2.87056e-05 3.0899e-05
   crystal router                : 4.99338e-05 4.94003e-05 5.03063e-05
   all reduce                    : 0.000207841 0.000206494 0.000208998
   used all_to_all method: pairwise
   handle bytes (avg, min, max): 27328 19724 34844
   buffer bytes (avg, min, max): 16500 10800 22400
   setupds time 2.3671E-02 seconds   0 13       17433          32
           8  max multiplicity
 done :: setup mesh topology
  
 call usrdat
 done :: usrdat

 generate geometry data
 done :: generate geometry data
  
 call usrdat2
 done :: usrdat2

 regenerate geometry data           1
 NOTE: All elements deformed , param(59) ^=0
 done :: regenerate geometry data           1
  
 verify mesh topology
  0.000000000000000E+000   1.00000000000000       Xrange
  0.000000000000000E+000   1.00000000000000       Yrange
  0.000000000000000E+000   1.00000000000000       Zrange
 done :: verify mesh topology
  
 IFTRAN   = T
 IFFLOW   = T
 IFHEAT   = F
 IFSPLIT  = T
 IFLOMACH = F
 IFUSERVP = F
 IFUSERMV = F
 IFSTRS   = F
 IFCHAR   = F
 IFCYCLIC = F
 IFAXIS   = F
 IFMVBD   = F
 IFMELT   = F
 IFMODEL  = F
 IFKEPS   = F
 IFMOAB   = F
 IFNEKNEK = F
 IFSYNC   = T
   
 IFVCOR   = T
 IFINTQ   = F
 IFCWUZ   = F
 IFSWALL  = F
 IFGEOM   = F
 IFSURT   = F
 IFWCNO   = F
   
 IFTMSH for field           1    =  F
 IFADVC for field           1    =  T
 IFNONL for field           1    =  F
   
 Dealiasing enabled, lxd=          19
  
 Estimated eigenvalues
 EIGAA =    9.86960440108936     
 EIGGA =    319539.825612913     
 EIGAE =    9.86960440108936     
 EIGAS =   8.333333333333333E-002
 EIGGE =    319539.825612913     
 EIGGS =    2.00000000000000     
  
 verify mesh topology
  0.000000000000000E+000   1.00000000000000       Xrange
  0.000000000000000E+000   1.00000000000000       Yrange
  0.000000000000000E+000   1.00000000000000       Zrange
 done :: verify mesh topology
  
  E-solver strategy:  0 itr
 mg_nx:           1           7          12
 mg_ny:           1           7          12
 mg_nz:           1           7          12
 call usrsetvert
 done :: usrsetvert

gs_setup: 63 unique labels shared
   pairwise times (avg, min, max): 2.21297e-05 2.08139e-05 2.35081e-05
   crystal router                : 9.45926e-06 9.39369e-06 9.58443e-06
   all reduce                    : 2.76923e-05 2.76089e-05 2.77996e-05
   used all_to_all method: crystal router
   handle bytes (avg, min, max): 2912 2516 3164
   buffer bytes (avg, min, max): 444 384 480
   setupds time 3.1009E-03 seconds   1  2          75          32
   setvert3d:   4         927        1183         927         927
 call usrsetvert
 done :: usrsetvert

gs_setup: 483 unique labels shared
   pairwise times (avg, min, max): 2.25037e-05 2.10047e-05 2.38895e-05
   crystal router                : 1.00315e-05 9.89437e-06 1.01805e-05
   all reduce                    : 4.7262e-05 4.68969e-05 4.73976e-05
   used all_to_all method: crystal router
   handle bytes (avg, min, max): 13160 10052 15932
   buffer bytes (avg, min, max): 2828 2240 3360
   setupds time 5.0039E-03 seconds   2  4         927          32
   setvert3d:   8        5703       12615        5703        5703
 call usrsetvert
 done :: usrsetvert

gs_setup: 2475 unique labels shared
   pairwise times (avg, min, max): 2.50936e-05 2.39849e-05 2.80142e-05
   crystal router                : 2.19256e-05 2.17915e-05 2.21014e-05
   all reduce                    : 0.000108393 0.000100493 0.000117993
   used all_to_all method: crystal router
   handle bytes (avg, min, max): 59000 42980 74300
   buffer bytes (avg, min, max): 13740 10560 16800
   setupds time 1.0080E-02 seconds   3  8        5703          32
   setvert3d:  10        9627       26011        9627        9627
 call usrsetvert
 done :: usrsetvert

gs_setup: 4047 unique labels shared
   pairwise times (avg, min, max): 2.48715e-05 2.40088e-05 2.65121e-05
   crystal router                : 3.18468e-05 3.15905e-05 3.2115e-05
   all reduce                    : 0.000115605 0.000114393 0.000116611
   used all_to_all method: pairwise
   handle bytes (avg, min, max): 16060 11636 20420
   buffer bytes (avg, min, max): 9804 6384 13376
   setupds time 1.3325E-02 seconds   4 10        9627          32
 regenerate geometry data           1
 NOTE: All elements deformed , param(59) ^=0
 done :: regenerate geometry data           1
  
 h1_mg_nx:           1           3          12
 h1_mg_ny:           1           3          12
 h1_mg_nz:           1           3          12
 call usrsetvert
 done :: usrsetvert

gs_setup: 63 unique labels shared
   pairwise times (avg, min, max): 2.06649e-05 1.97887e-05 2.19107e-05
   crystal router                : 9.43542e-06 9.39369e-06 9.48906e-06
   all reduce                    : 3.22804e-05 3.20911e-05 3.24965e-05
   used all_to_all method: crystal router
   handle bytes (avg, min, max): 2912 2516 3164
   buffer bytes (avg, min, max): 444 384 480
   setupds time 3.3591E-03 seconds   5  2          75          32
   setvert3d:   4         927        1183         927         927
 call usrsetvert
 done :: usrsetvert

gs_setup: 483 unique labels shared
   pairwise times (avg, min, max): 1.93551e-05 1.83105e-05 2.0504e-05
   crystal router                : 1.1684e-05 1.13964e-05 1.19925e-05
   all reduce                    : 5.86644e-05 5.84126e-05 5.88179e-05
   used all_to_all method: crystal router
   handle bytes (avg, min, max): 13160 10052 15932
   buffer bytes (avg, min, max): 2828 2240 3360
   setupds time 5.2280E-03 seconds   6  4         927          32
   setvert3d:   4         927        1183         927         927
 call usrsetvert
 done :: usrsetvert

gs_setup: 483 unique labels shared
   pairwise times (avg, min, max): 2.16097e-05 2.0504e-05 2.41995e-05
   crystal router                : 1.02162e-05 1.01089e-05 1.03951e-05
   all reduce                    : 5.50419e-05 5.48124e-05 5.52177e-05
   used all_to_all method: crystal router
   handle bytes (avg, min, max): 13160 10052 15932
   buffer bytes (avg, min, max): 2828 2240 3360
   setupds time 4.5910E-03 seconds   7  4         927          32
   setvert3d:   6        2803        4851        2803        2803
 call usrsetvert
 done :: usrsetvert

gs_setup: 1287 unique labels shared
   pairwise times (avg, min, max): 2.00227e-05 1.9002e-05 2.11e-05
   crystal router                : 1.6883e-05 1.64986e-05 1.74999e-05
   all reduce                    : 6.88463e-05 6.82831e-05 6.94036e-05
   used all_to_all method: crystal router
   handle bytes (avg, min, max): 31856 23540 39644
   buffer bytes (avg, min, max): 7260 5632 8800
   setupds time 6.2470E-03 seconds   8  6        2803          32
   setvert3d:  13       17433       60025       17433       17433
 call usrsetvert
 done :: usrsetvert

gs_setup: 7125 unique labels shared
   pairwise times (avg, min, max): 2.53364e-05 2.40088e-05 2.66075e-05
   crystal router                : 5.05328e-05 4.99964e-05 5.09977e-05
   all reduce                    : 0.000217572 0.000216413 0.000218821
   used all_to_all method: pairwise
   handle bytes (avg, min, max): 27328 19724 34844
   buffer bytes (avg, min, max): 16500 10800 22400
   setupds time 2.0299E-02 seconds   9 13       17433          32
   setvert3d:  15       23917       94221       23917       23917
 call usrsetvert
 done :: usrsetvert

gs_setup: 9657 unique labels shared
   pairwise times (avg, min, max): 2.55123e-05 2.37942e-05 2.7895e-05
   crystal router                : 6.87882e-05 6.7997e-05 6.9499e-05
   all reduce                    : 0.000277376 0.000275493 0.000279903
   used all_to_all method: pairwise
   handle bytes (avg, min, max): 36520 26316 46620
   buffer bytes (avg, min, max): 21924 14384 29696
   setupds time 2.6774E-02 seconds  10 15       23917          32
 setup h1 coarse grid, nx_crs=           2
 call usrsetvert
 done :: usrsetvert

gs_setup: 63 unique labels shared
   pairwise times (avg, min, max): 1.83627e-05 1.77145e-05 1.9908e-05
   crystal router                : 8.57264e-06 8.39233e-06 8.79765e-06
   all reduce                    : 2.87384e-05 2.83957e-05 2.90155e-05
   used all_to_all method: crystal router
   handle bytes (avg, min, max): 2912 2516 3164
   buffer bytes (avg, min, max): 444 384 480
 done :: setup h1 coarse grid   8.521080017089844E-003  sec
  
 call usrdat3
 done :: usrdat3

 set initial conditions
 nekuic (1) for ifld            1
 call nekuic for vel  
 xyz min     0.0000       0.0000       0.0000    
 uvwpt min   0.0000       0.0000       0.0000       0.0000       0.0000    
 PS min      0.0000       0.0000      0.99000E+22
 xyz max     1.0000       1.0000       1.0000    
 uvwpt max   0.0000       0.0000       0.0000       0.0000       0.0000    
 PS max      0.0000       0.0000     -0.99000E+22
 done :: set initial conditions
  
 call userchk
GFM max:  9.9936E-04  3.9975E-03  3.9975E-03  4.4221E-17  4.4221E-17  1.2253E-16
 
nelt =       2, np =        16, nx1 =      13, elements =        32
Solve Time =   0.4892E-08
 
nelt =       2, np =        16, nx1 =      13, elements =        32
Solve Time =   0.4804E-08
 
nelt =       2, np =        16, nx1 =      13, elements =        32
Solve Time =   0.4797E-08
 
nelt =       2, np =        16, nx1 =      13, elements =        32
Solve Time =   0.4797E-08
 
nelt =       2, np =        16, nx1 =      13, elements =        32
Solve Time =   0.4814E-08
 
nelt =       2, np =        16, nx1 =      13, elements =        32
Solve Time =   0.4805E-08
 
nelt =       2, np =        16, nx1 =      13, elements =        32
Solve Time =   0.4800E-08
 
nelt =       2, np =        16, nx1 =      13, elements =        32
Solve Time =   0.4829E-08
 
nelt =       2, np =        16, nx1 =      13, elements =        32
Solve Time =   0.4809E-08
 
nelt =       2, np =        16, nx1 =      13, elements =        32
Solve Time =   0.4794E-08
 
nelt =       2, np =        16, nx1 =      13, elements =        32
Solve Time =   0.4011E-08
 
nelt =       2, np =        16, nx1 =      13, elements =        32
Solve Time =   0.3967E-08
 
nelt =       2, np =        16, nx1 =      13, elements =        32
Solve Time =   0.3961E-08
 
nelt =       2, np =        16, nx1 =      13, elements =        32
Solve Time =   0.3961E-08
 
nelt =       2, np =        16, nx1 =      13, elements =        32
Solve Time =   0.3960E-08
 
nelt =       2, np =        16, nx1 =      13, elements =        32
Solve Time =   0.3969E-08
 
nelt =       2, np =        16, nx1 =      13, elements =        32
Solve Time =   0.3967E-08
 
nelt =       2, np =        16, nx1 =      13, elements =        32
Solve Time =   0.3964E-08
 
nelt =       2, np =        16, nx1 =      13, elements =        32
Solve Time =   0.3969E-08
 
nelt =       2, np =        16, nx1 =      13, elements =        32
Solve Time =   0.3985E-08
 
nelt =       2, np =        16, nx1 =      13, elements =        32
Solve Time =   0.4471E-08
 
nelt =       2, np =        16, nx1 =      13, elements =        32
Solve Time =   0.4439E-08
 
nelt =       2, np =        16, nx1 =      13, elements =        32
Solve Time =   0.4442E-08
 
nelt =       2, np =        16, nx1 =      13, elements =        32
Solve Time =   0.4432E-08
 
nelt =       2, np =        16, nx1 =      13, elements =        32
Solve Time =   0.4446E-08
 
nelt =       2, np =        16, nx1 =      13, elements =        32
Solve Time =   0.4462E-08
 
nelt =       2, np =        16, nx1 =      13, elements =        32
Solve Time =   0.4443E-08
 
nelt =       2, np =        16, nx1 =      13, elements =        32
Solve Time =   0.4441E-08
 
nelt =       2, np =        16, nx1 =      13, elements =        32
Solve Time =   0.4437E-08
 
nelt =       2, np =        16, nx1 =      13, elements =        32
Solve Time =   0.4440E-08
 
nelt =       2, np =        16, nx1 =      13, elements =        32
Solve Time =   0.4692E-08
 
nelt =       2, np =        16, nx1 =      13, elements =        32
Solve Time =   0.4659E-08
 
nelt =       2, np =        16, nx1 =      13, elements =        32
Solve Time =   0.4658E-08
 
nelt =       2, np =        16, nx1 =      13, elements =        32
Solve Time =   0.4663E-08
 
nelt =       2, np =        16, nx1 =      13, elements =        32
Solve Time =   0.4652E-08
 
nelt =       2, np =        16, nx1 =      13, elements =        32
Solve Time =   0.4658E-08
 
nelt =       2, np =        16, nx1 =      13, elements =        32
Solve Time =   0.4655E-08
 
nelt =       2, np =        16, nx1 =      13, elements =        32
Solve Time =   0.4667E-08
 
nelt =       2, np =        16, nx1 =      13, elements =        32
Solve Time =   0.4660E-08
 
nelt =       2, np =        16, nx1 =      13, elements =        32
Solve Time =   0.4657E-08
 
nelt =       2, np =        16, nx1 =      13, elements =        32
Solve Time =   0.4904E-08
 
nelt =       2, np =        16, nx1 =      13, elements =        32
Solve Time =   0.4864E-08
 
nelt =       2, np =        16, nx1 =      13, elements =        32
Solve Time =   0.4857E-08
 
nelt =       2, np =        16, nx1 =      13, elements =        32
Solve Time =   0.4857E-08
 
nelt =       2, np =        16, nx1 =      13, elements =        32
Solve Time =   0.4857E-08
 
nelt =       2, np =        16, nx1 =      13, elements =        32
Solve Time =   0.4857E-08
 
nelt =       2, np =        16, nx1 =      13, elements =        32
Solve Time =   0.4850E-08
 
nelt =       2, np =        16, nx1 =      13, elements =        32
Solve Time =   0.4882E-08
 
nelt =       2, np =        16, nx1 =      13, elements =        32
Solve Time =   0.4859E-08
 
nelt =       2, np =        16, nx1 =      13, elements =        32
Solve Time =   0.4857E-08
 schfile:
 /gpfs/theta-fs1/home/thilina/env/lx13/b5.sch                                   
                                                      
 13       32  1.0000E+00  1.0000E+00  1.0000E+00  error v
 13       32  1.0000E+00  1.0000E+00  1.0000E+00  error v
 13       32  1.0000E+00  1.0000E+00  1.0000E+00  error v
 13       32  1.0000E+00  1.0000E+00  1.0000E+00  error v
 13       32  1.0000E+00  1.0000E+00  1.0000E+00  error v
 13       32  1.0000E+00  1.0000E+00  1.0000E+00  error v
 13       32  1.0000E+00  1.0000E+00  1.0000E+00  error v
 13       32  1.0000E+00  1.0000E+00  1.0000E+00  error v
 13       32  1.0000E+00  1.0000E+00  1.0000E+00  error v
 13       32  1.0000E+00  1.0000E+00  1.0000E+00  error v
 13       32  1.0000E+00  1.0000E+00  1.0000E+00  error v
 13       32  1.0000E+00  1.0000E+00  1.0000E+00  error v
 13       32  1.0000E+00  1.0000E+00  1.0000E+00  error v
 13       32  1.0000E+00  1.0000E+00  1.0000E+00  error v
 13       32  1.0000E+00  1.0000E+00  1.0000E+00  error v
 13       32  1.0000E+00  1.0000E+00  1.0000E+00  error v
 
nelt =       2, np =        16, nx1 =      13, elements =        32
Solve Time =   0.6164E-08
 
nelt =       2, np =        16, nx1 =      13, elements =        32
Solve Time =   0.6099E-08
 
nelt =       2, np =        16, nx1 =      13, elements =        32
Solve Time =   0.6103E-08
 
nelt =       2, np =        16, nx1 =      13, elements =        32
Solve Time =   0.6103E-08
 
nelt =       2, np =        16, nx1 =      13, elements =        32
Solve Time =   0.6110E-08
 
nelt =       2, np =        16, nx1 =      13, elements =        32
Solve Time =   0.6113E-08
 
nelt =       2, np =        16, nx1 =      13, elements =        32
Solve Time =   0.6107E-08
 
nelt =       2, np =        16, nx1 =      13, elements =        32
Solve Time =   0.6102E-08
 
nelt =       2, np =        16, nx1 =      13, elements =        32
Solve Time =   0.6097E-08
 
nelt =       2, np =        16, nx1 =      13, elements =        32
Solve Time =   0.6114E-08
 13       32  1.6913E-06  1.6913E-06  1.6913E-06  error s
 13       32  1.6913E-06  1.6913E-06  1.6913E-06  error s
 13       32  1.6913E-06  1.6913E-06  1.6913E-06  error s
 13       32  1.6913E-06  1.6913E-06  1.6913E-06  error s
 13       32  1.6913E-06  1.6913E-06  1.6913E-06  error s
 13       32  1.6913E-06  1.6913E-06  1.6913E-06  error s
 13       32  1.6913E-06  1.6913E-06  1.6913E-06  error s
 13       32  1.6913E-06  1.6913E-06  1.6913E-06  error s
 13       32  1.6913E-06  1.6913E-06  1.6913E-06  error s
 13       32  1.6913E-06  1.6913E-06  1.6913E-06  error s
 13       32  1.6913E-06  1.6913E-06  1.6913E-06  error s
 13       32  1.6913E-06  1.6913E-06  1.6913E-06  error s
 13       32  1.6913E-06  1.6913E-06  1.6913E-06  error s
 13       32  1.6913E-06  1.6913E-06  1.6913E-06  error s
 13       32  1.6913E-06  1.6913E-06  1.6913E-06  error s
 13       32  1.6913E-06  1.6913E-06  1.6913E-06  error s
 
nelt =       2, np =        16, nx1 =      13, elements =        32
Solve Time =   0.6580E-08
 
nelt =       2, np =        16, nx1 =      13, elements =        32
Solve Time =   0.6511E-08
 
nelt =       2, np =        16, nx1 =      13, elements =        32
Solve Time =   0.6504E-08
 
nelt =       2, np =        16, nx1 =      13, elements =        32
Solve Time =   0.6508E-08
 
nelt =       2, np =        16, nx1 =      13, elements =        32
Solve Time =   0.6574E-08
 
nelt =       2, np =        16, nx1 =      13, elements =        32
Solve Time =   0.6511E-08
 
nelt =       2, np =        16, nx1 =      13, elements =        32
Solve Time =   0.6526E-08
 
nelt =       2, np =        16, nx1 =      13, elements =        32
Solve Time =   0.6510E-08
 
nelt =       2, np =        16, nx1 =      13, elements =        32
Solve Time =   0.6507E-08
 
nelt =       2, np =        16, nx1 =      13, elements =        32
Solve Time =   0.6503E-08
 13       32  1.6970E-06  1.6970E-06  1.6970E-06  error n
 13       32  1.6970E-06  1.6970E-06  1.6970E-06  error n
 13       32  1.6970E-06  1.6970E-06  1.6970E-06  error n
 13       32  1.6970E-06  1.6970E-06  1.6970E-06  error n
  12       32  100  0.0000E+00  0.0000E+00  0.0000E+00 time for 3 hmholtz
 13       32  1.6970E-06  1.6970E-06  1.6970E-06  error n
 13       32  1.6970E-06  1.6970E-06  1.6970E-06  error n
 13       32  1.6970E-06  1.6970E-06  1.6970E-06  error n
 13       32  1.6970E-06  1.6970E-06  1.6970E-06  error n
 13       32  1.6970E-06  1.6970E-06  1.6970E-06  error n
 13       32  1.6970E-06  1.6970E-06  1.6970E-06  error n
 13       32  1.6970E-06  1.6970E-06  1.6970E-06  error n
 13       32  1.6970E-06  1.6970E-06  1.6970E-06  error n
 13       32  1.6970E-06  1.6970E-06  1.6970E-06  error n
 13       32  1.6970E-06  1.6970E-06  1.6970E-06  error n
 13       32  1.6970E-06  1.6970E-06  1.6970E-06  error n
 13       32  1.6970E-06  1.6970E-06  1.6970E-06  error n
EXIT: quit after cggov         12
  
call exitt: dying ...
  
backtrace(): obtained 8 stack frames.
./nek5000() [0x77e8a5]
./nek5000() [0x962659]
./nek5000() [0x40e0bc]
./nek5000() [0x428ae6]
./nek5000() [0x42709e]
./nek5000() [0x4054fe]
/lib64/libc.so.6(__libc_start_main+0xf5) [0x2aaab1ca3b25]
./nek5000() [0x405409]
  
total elapsed time             :   2.25764E+01 sec
total solver time incl. I/O    :   0.00000E+00 sec
time/timestep                  :   0.00000E+00 sec
CPU seconds/timestep/gridpt    :   0.00000E+00 sec

Application 2258295 resources: utime ~350s, stime ~10s, Rss ~37064, inblocks ~0, outblocks ~0
