/----------------------------------------------------------\\
|      _   __ ______ __ __  ______  ____   ____   ____     |
|     / | / // ____// //_/ / ____/ / __ \\/ __ \\/ __ \\   |
|    /  |/ // __/  / ,<   /___ \\ / / / // / / // / / /    |
|   / /|  // /___ / /| | ____/ / / /_/ // /_/ // /_/ /     |
|  /_/ |_//_____//_/ |_|/_____/  \\___/ \\___/ \\___/      |
|                                                          |
|----------------------------------------------------------|
|                                                          |
| NEK5000:  Open Source Spectral Element Solver            |
| COPYRIGHT (c) 2008-2016 UCHICAGO ARGONNE, LLC            |
| Version:  16.0.0                                         |
| Web:      http://nek5000.mcs.anl.gov                     |
|                                                          |
\\----------------------------------------------------------/
                                                              

 Number of processors:         256
 REAL    wdsize      :           8
 INTEGER wdsize      :           4
 Timer accuracy      : 3.10E-07
 Reading /gpfs/theta-fs1/home/thilina/env/lx13/b9.rea                                                                                        

 mapping elements to processors
 Reading /gpfs/theta-fs1/home/thilina/env/lx13/b9.map                                                                                        
 RANK     0 IEG     457     458
 element load imbalance:            0           2           2
 done :: mapping elements to processors
  
           0  objects found
 118   Parameters from file:
   1      1.00000     p001 DENSITY
   2     -100.000     p002 VISCOS
   7      1.00000     p007 RHOCP
   8      1.00000     p008 CONDUCT
  11      1.00        p011 NSTEPS
  12    -0.500000E-02 p012 DT
  21     0.100000E-05 p021 DIVERGENCE
  22     0.100000E-07 p022 HELMHOLTZ
  24     0.100000E-09 p024 TOLREL
  25     0.100000E-09 p025 TOLABS
  26     0.250000     p026 COURANT/NTAU
  27      2.00000     p027 TORDER
  66      6.00000     p066 output : <0=ascii, else binary
  67      6.00000     p067 restart: <0=ascii, else binary
  99      3.00000     p099 dealiasing: <0--> off/3--> old/4--> new
 103     0.500000E-01 p103 weight of stabilizing filter (.01)
  
 nelgt/nelgv/lelt:         512         512         100
 lx1  /lx2  /lx3 :          13          13          13
 done :: read .rea file   0.87143     sec

 setup mesh topology
   Right-handed check complete for     512 elements. OK.
   setvert3d:  13      231443      912915      231443      231443
 call usrsetvert
 done :: usrsetvert

gs_setup: 151273 unique labels shared
   pairwise times (avg, min, max): 0.000147231 0.000118089 0.000166202
   crystal router                : 0.000317359 0.000308013 0.000323009
   used all_to_all method: pairwise
   handle bytes (avg, min, max): 37017.5 23692 42748
   buffer bytes (avg, min, max): 24646.5 13936 29600
   setupds time 1.1499E-01 seconds   0 13      231443         512
           8  max multiplicity
 done :: setup mesh topology
  
 call usrdat
 done :: usrdat

 generate geometry data
 done :: generate geometry data
  
 call usrdat2
 done :: usrdat2

 regenerate geometry data           1
 NOTE: All elements deformed , param(59) ^=0
 done :: regenerate geometry data           1
  
 verify mesh topology
  0.000000000000000E+000   1.00000000000000       Xrange
  0.000000000000000E+000   1.00000000000000       Yrange
  0.000000000000000E+000   1.00000000000000       Zrange
 done :: verify mesh topology
  
 IFTRAN   = T
 IFFLOW   = T
 IFHEAT   = F
 IFSPLIT  = T
 IFLOMACH = F
 IFUSERVP = F
 IFUSERMV = F
 IFSTRS   = F
 IFCHAR   = F
 IFCYCLIC = F
 IFAXIS   = F
 IFMVBD   = F
 IFMELT   = F
 IFMODEL  = F
 IFKEPS   = F
 IFMOAB   = F
 IFNEKNEK = F
 IFSYNC   = T
   
 IFVCOR   = T
 IFINTQ   = F
 IFCWUZ   = F
 IFSWALL  = F
 IFGEOM   = F
 IFSURT   = F
 IFWCNO   = F
   
 IFTMSH for field           1    =  F
 IFADVC for field           1    =  T
 IFNONL for field           1    =  F
   
 Dealiasing enabled, lxd=          19
  
 Estimated eigenvalues
 EIGAA =    9.86960440108936     
 EIGGA =    1914339.57561208     
 EIGAE =    9.86960440108936     
 EIGAS =   8.333333333333333E-002
 EIGGE =    1914339.57561208     
 EIGGS =    2.00000000000000     
  
 verify mesh topology
  0.000000000000000E+000   1.00000000000000       Xrange
  0.000000000000000E+000   1.00000000000000       Yrange
  0.000000000000000E+000   1.00000000000000       Zrange
 done :: verify mesh topology
  
  E-solver strategy:  0 itr
 mg_nx:           1           7          12
 mg_ny:           1           7          12
 mg_nz:           1           7          12
 call usrsetvert
 done :: usrsetvert

gs_setup: 705 unique labels shared
   pairwise times (avg, min, max): 0.000113614 0.000102997 0.000131416
   crystal router                : 7.57053e-05 7.51019e-05 7.63893e-05
   all reduce                    : 0.000146351 0.000145793 0.0001472
   used all_to_all method: crystal router
   handle bytes (avg, min, max): 5881 5380 6460
   buffer bytes (avg, min, max): 651 496 720
   setupds time 1.0268E-02 seconds   1  2         729         512
   setvert3d:   4       11537       15633       11537       11537
 call usrsetvert
 done :: usrsetvert

gs_setup: 8497 unique labels shared
   pairwise times (avg, min, max): 0.000139984 9.76801e-05 0.000171804
   crystal router                : 6.58864e-05 6.49214e-05 6.7091e-05
   all reduce                    : 0.000683249 0.000680089 0.000688314
   used all_to_all method: crystal router
   handle bytes (avg, min, max): 29341 23524 33724
   buffer bytes (avg, min, max): 3780.5 2704 4560
   setupds time 2.6186E-02 seconds   2  4       11537         512
   setvert3d:   8       74673      185265       74673       74673
 call usrsetvert
 done :: usrsetvert

gs_setup: 50193 unique labels shared
   pairwise times (avg, min, max): 0.000124574 0.000104499 0.000145006
   crystal router                : 0.000140899 0.000139594 0.000143099
   all reduce                    : 0.00135193 0.00134511 0.00136309
   used all_to_all method: crystal router
   handle bytes (avg, min, max): 136453 100804 159676
   buffer bytes (avg, min, max): 17593.5 12464 20688
   setupds time 6.8378E-02 seconds   3  8       74673         512
   setvert3d:  10      127001      389145      127001      127001
 call usrsetvert
 done :: usrsetvert

gs_setup: 84097 unique labels shared
   pairwise times (avg, min, max): 0.000129433 0.000112605 0.000143409
   crystal router                : 0.000151751 0.000149798 0.000153708
   all reduce                    : 0.00199935 0.00198772 0.00200858
   used all_to_all method: pairwise
   handle bytes (avg, min, max): 21810.5 13996 25204
   buffer bytes (avg, min, max): 14884.5 8320 17984
   setupds time 1.1627E-01 seconds   4 10      127001         512
 regenerate geometry data           1
 NOTE: All elements deformed , param(59) ^=0
 done :: regenerate geometry data           1
  
 h1_mg_nx:           1           3          12
 h1_mg_ny:           1           3          12
 h1_mg_nz:           1           3          12
 call usrsetvert
 done :: usrsetvert

gs_setup: 705 unique labels shared
   pairwise times (avg, min, max): 0.00010571 8.90017e-05 0.0001194
   crystal router                : 6.24566e-05 6.14882e-05 6.36816e-05
   all reduce                    : 0.000160667 0.000159502 0.000161719
   used all_to_all method: crystal router
   handle bytes (avg, min, max): 5881 5380 6460
   buffer bytes (avg, min, max): 651 496 720
   setupds time 1.0455E-02 seconds   5  2         729         512
   setvert3d:   4       11537       15633       11537       11537
 call usrsetvert
 done :: usrsetvert

gs_setup: 8497 unique labels shared
   pairwise times (avg, min, max): 0.000108531 9.33886e-05 0.000120902
   crystal router                : 6.90559e-05 6.82116e-05 6.99043e-05
   all reduce                    : 0.000704814 0.00070231 0.000708485
   used all_to_all method: crystal router
   handle bytes (avg, min, max): 29341 23524 33724
   buffer bytes (avg, min, max): 3780.5 2704 4560
   setupds time 2.5993E-02 seconds   6  4       11537         512
   setvert3d:   4       11537       15633       11537       11537
 call usrsetvert
 done :: usrsetvert

gs_setup: 8497 unique labels shared
   pairwise times (avg, min, max): 0.000103787 8.9097e-05 0.00011642
   crystal router                : 6.60701e-05 6.43015e-05 6.75917e-05
   all reduce                    : 0.000650107 0.000646901 0.000655293
   used all_to_all method: crystal router
   handle bytes (avg, min, max): 29341 23524 33724
   buffer bytes (avg, min, max): 3780.5 2704 4560
   setupds time 2.2852E-02 seconds   7  4       11537         512
   setvert3d:   6       36185       68953       36185       36185
 call usrsetvert
 done :: usrsetvert

gs_setup: 24993 unique labels shared
   pairwise times (avg, min, max): 0.000110076 9.42945e-05 0.000120902
   crystal router                : 8.17242e-05 8.07047e-05 8.30173e-05
   all reduce                    : 0.00128072 0.00127561 0.00128989
   used all_to_all method: crystal router
   handle bytes (avg, min, max): 72865 55252 84796
   buffer bytes (avg, min, max): 9371.5 6832 11216
   setupds time 5.4499E-02 seconds   8  6       36185         512
   setvert3d:  13      231443      912915      231443      231443
 call usrsetvert
 done :: usrsetvert

gs_setup: 151273 unique labels shared
   pairwise times (avg, min, max): 0.000124912 0.000102592 0.000138903
   crystal router                : 0.000271156 0.000267196 0.000274897
   used all_to_all method: pairwise
   handle bytes (avg, min, max): 37017.5 23692 42748
   buffer bytes (avg, min, max): 24646.5 13936 29600
   setupds time 5.5058E-02 seconds   9 13      231443         512
   setvert3d:  15      318371     1443235      318371      318371
 call usrsetvert
 done :: usrsetvert

gs_setup: 206937 unique labels shared
   pairwise times (avg, min, max): 0.000134277 0.000112605 0.000154018
   crystal router                : 0.000307829 0.000303602 0.000314403
   used all_to_all method: pairwise
   handle bytes (avg, min, max): 49435.5 31596 57084
   buffer bytes (avg, min, max): 32514.5 18480 38944
   setupds time 8.2395E-02 seconds  10 15      318371         512
 setup h1 coarse grid, nx_crs=           2
 call usrsetvert
 done :: usrsetvert

gs_setup: 705 unique labels shared
   pairwise times (avg, min, max): 9.97878e-05 8.84056e-05 0.000111198
   crystal router                : 5.86968e-05 5.76973e-05 5.97954e-05
   all reduce                    : 0.000161569 0.000160599 0.000162601
   used all_to_all method: crystal router
   handle bytes (avg, min, max): 5881 5380 6460
   buffer bytes (avg, min, max): 651 496 720
 done :: setup h1 coarse grid   3.500914573669434E-002  sec
  
 call usrdat3
 done :: usrdat3

 set initial conditions
 nekuic (1) for ifld            1
 call nekuic for vel  
 xyz min     0.0000       0.0000       0.0000    
 uvwpt min   0.0000       0.0000       0.0000       0.0000       0.0000    
 PS min      0.0000       0.0000      0.99000E+22
 xyz max     1.0000       1.0000       1.0000    
 uvwpt max   0.0000       0.0000       0.0000       0.0000       0.0000    
 PS max      0.0000       0.0000     -0.99000E+22
 done :: set initial conditions
  
 call userchk
GFM max:  9.9936E-04  9.9936E-04  9.9936E-04  6.0845E-17  6.0845E-17  6.0845E-17
 
nelt =       2, np =       256, nx1 =      13, elements =       512
Solve Time =   0.5649E-09
 
nelt =       2, np =       256, nx1 =      13, elements =       512
Solve Time =   0.5550E-09
 
nelt =       2, np =       256, nx1 =      13, elements =       512
Solve Time =   0.5541E-09
 
nelt =       2, np =       256, nx1 =      13, elements =       512
Solve Time =   0.5623E-09
 
nelt =       2, np =       256, nx1 =      13, elements =       512
Solve Time =   0.5574E-09
 
nelt =       2, np =       256, nx1 =      13, elements =       512
Solve Time =   0.5555E-09
 
nelt =       2, np =       256, nx1 =      13, elements =       512
Solve Time =   0.5534E-09
 
nelt =       2, np =       256, nx1 =      13, elements =       512
Solve Time =   0.5575E-09
 
nelt =       2, np =       256, nx1 =      13, elements =       512
Solve Time =   0.5604E-09
 
nelt =       2, np =       256, nx1 =      13, elements =       512
Solve Time =   0.5578E-09
 
nelt =       2, np =       256, nx1 =      13, elements =       512
Solve Time =   0.4080E-09
 
nelt =       2, np =       256, nx1 =      13, elements =       512
Solve Time =   0.4022E-09
 
nelt =       2, np =       256, nx1 =      13, elements =       512
Solve Time =   0.3985E-09
 
nelt =       2, np =       256, nx1 =      13, elements =       512
Solve Time =   0.4029E-09
 
nelt =       2, np =       256, nx1 =      13, elements =       512
Solve Time =   0.3983E-09
 
nelt =       2, np =       256, nx1 =      13, elements =       512
Solve Time =   0.4024E-09
 
nelt =       2, np =       256, nx1 =      13, elements =       512
Solve Time =   0.4025E-09
 
nelt =       2, np =       256, nx1 =      13, elements =       512
Solve Time =   0.4022E-09
 
nelt =       2, np =       256, nx1 =      13, elements =       512
Solve Time =   0.4029E-09
 
nelt =       2, np =       256, nx1 =      13, elements =       512
Solve Time =   0.3991E-09
 
nelt =       2, np =       256, nx1 =      13, elements =       512
Solve Time =   0.5154E-09
 
nelt =       2, np =       256, nx1 =      13, elements =       512
Solve Time =   0.5093E-09
 
nelt =       2, np =       256, nx1 =      13, elements =       512
Solve Time =   0.5138E-09
 
nelt =       2, np =       256, nx1 =      13, elements =       512
Solve Time =   0.5120E-09
 
nelt =       2, np =       256, nx1 =      13, elements =       512
Solve Time =   0.5100E-09
 
nelt =       2, np =       256, nx1 =      13, elements =       512
Solve Time =   0.5064E-09
 
nelt =       2, np =       256, nx1 =      13, elements =       512
Solve Time =   0.5126E-09
 
nelt =       2, np =       256, nx1 =      13, elements =       512
Solve Time =   0.5100E-09
 
nelt =       2, np =       256, nx1 =      13, elements =       512
Solve Time =   0.5110E-09
 
nelt =       2, np =       256, nx1 =      13, elements =       512
Solve Time =   0.5130E-09
 
nelt =       2, np =       256, nx1 =      13, elements =       512
Solve Time =   0.5814E-09
 
nelt =       2, np =       256, nx1 =      13, elements =       512
Solve Time =   0.5807E-09
 
nelt =       2, np =       256, nx1 =      13, elements =       512
Solve Time =   0.5803E-09
 
nelt =       2, np =       256, nx1 =      13, elements =       512
Solve Time =   0.5814E-09
 
nelt =       2, np =       256, nx1 =      13, elements =       512
Solve Time =   0.5801E-09
 
nelt =       2, np =       256, nx1 =      13, elements =       512
Solve Time =   0.5782E-09
 
nelt =       2, np =       256, nx1 =      13, elements =       512
Solve Time =   0.5772E-09
 
nelt =       2, np =       256, nx1 =      13, elements =       512
Solve Time =   0.5798E-09
 
nelt =       2, np =       256, nx1 =      13, elements =       512
Solve Time =   0.5850E-09
 
nelt =       2, np =       256, nx1 =      13, elements =       512
Solve Time =   0.5807E-09
 
nelt =       2, np =       256, nx1 =      13, elements =       512
Solve Time =   0.6512E-09
 
nelt =       2, np =       256, nx1 =      13, elements =       512
Solve Time =   0.6433E-09
 
nelt =       2, np =       256, nx1 =      13, elements =       512
Solve Time =   0.6446E-09
 
nelt =       2, np =       256, nx1 =      13, elements =       512
Solve Time =   0.6459E-09
 
nelt =       2, np =       256, nx1 =      13, elements =       512
Solve Time =   0.6454E-09
 
nelt =       2, np =       256, nx1 =      13, elements =       512
Solve Time =   0.6436E-09
 
nelt =       2, np =       256, nx1 =      13, elements =       512
Solve Time =   0.6473E-09
 
nelt =       2, np =       256, nx1 =      13, elements =       512
Solve Time =   0.6462E-09
 
nelt =       2, np =       256, nx1 =      13, elements =       512
Solve Time =   0.6472E-09
 
nelt =       2, np =       256, nx1 =      13, elements =       512
Solve Time =   0.6482E-09
 schfile:
 /gpfs/theta-fs1/home/thilina/env/lx13/b9.sch                                   
                                                      
 13      512  1.0000E+00  1.0000E+00  1.0000E+00  error v
 13      512  1.0000E+00  1.0000E+00  1.0000E+00  error v
 13      512  1.0000E+00  1.0000E+00  1.0000E+00  error v
 13      512  1.0000E+00  1.0000E+00  1.0000E+00  error v
 13      512  1.0000E+00  1.0000E+00  1.0000E+00  error v
 13      512  1.0000E+00  1.0000E+00  1.0000E+00  error v
 13      512  1.0000E+00  1.0000E+00  1.0000E+00  error v
 13      512  1.0000E+00  1.0000E+00  1.0000E+00  error v
 13      512  1.0000E+00  1.0000E+00  1.0000E+00  error v
 13      512  1.0000E+00  1.0000E+00  1.0000E+00  error v
 13      512  1.0000E+00  1.0000E+00  1.0000E+00  error v
 13      512  1.0000E+00  1.0000E+00  1.0000E+00  error v
 13      512  1.0000E+00  1.0000E+00  1.0000E+00  error v
 13      512  1.0000E+00  1.0000E+00  1.0000E+00  error v
 13      512  1.0000E+00  1.0000E+00  1.0000E+00  error v
 13      512  1.0000E+00  1.0000E+00  1.0000E+00  error v
 13      512  1.0000E+00  1.0000E+00  1.0000E+00  error v
 13      512  1.0000E+00  1.0000E+00  1.0000E+00  error v
 13      512  1.0000E+00  1.0000E+00  1.0000E+00  error v
 13      512  1.0000E+00  1.0000E+00  1.0000E+00  error v
 13      512  1.0000E+00  1.0000E+00  1.0000E+00  error v
 13      512  1.0000E+00  1.0000E+00  1.0000E+00  error v
 13      512  1.0000E+00  1.0000E+00  1.0000E+00  error v
 13      512  1.0000E+00  1.0000E+00  1.0000E+00  error v
 13      512  1.0000E+00  1.0000E+00  1.0000E+00  error v
 13      512  1.0000E+00  1.0000E+00  1.0000E+00  error v
 13      512  1.0000E+00  1.0000E+00  1.0000E+00  error v
 13      512  1.0000E+00  1.0000E+00  1.0000E+00  error v
 13      512  1.0000E+00  1.0000E+00  1.0000E+00  error v
 13      512  1.0000E+00  1.0000E+00  1.0000E+00  error v
 13      512  1.0000E+00  1.0000E+00  1.0000E+00  error v
 13      512  1.0000E+00  1.0000E+00  1.0000E+00  error v
 13      512  1.0000E+00  1.0000E+00  1.0000E+00  error v
 13      512  1.0000E+00  1.0000E+00  1.0000E+00  error v
 13      512  1.0000E+00  1.0000E+00  1.0000E+00  error v
 13      512  1.0000E+00  1.0000E+00  1.0000E+00  error v
 13      512  1.0000E+00  1.0000E+00  1.0000E+00  error v
 13      512  1.0000E+00  1.0000E+00  1.0000E+00  error v
 13      512  1.0000E+00  1.0000E+00  1.0000E+00  error v
 13      512  1.0000E+00  1.0000E+00  1.0000E+00  error v
 13      512  1.0000E+00  1.0000E+00  1.0000E+00  error v
 13      512  1.0000E+00  1.0000E+00  1.0000E+00  error v
 13      512  1.0000E+00  1.0000E+00  1.0000E+00  error v
 13      512  1.0000E+00  1.0000E+00  1.0000E+00  error v
 13      512  1.0000E+00  1.0000E+00  1.0000E+00  error v
 13      512  1.0000E+00  1.0000E+00  1.0000E+00  error v
 13      512  1.0000E+00  1.0000E+00  1.0000E+00  error v
 13      512  1.0000E+00  1.0000E+00  1.0000E+00  error v
 13      512  1.0000E+00  1.0000E+00  1.0000E+00  error v
 13      512  1.0000E+00  1.0000E+00  1.0000E+00  error v
 13      512  1.0000E+00  1.0000E+00  1.0000E+00  error v
 13      512  1.0000E+00  1.0000E+00  1.0000E+00  error v
 13      512  1.0000E+00  1.0000E+00  1.0000E+00  error v
 13      512  1.0000E+00  1.0000E+00  1.0000E+00  error v
 13      512  1.0000E+00  1.0000E+00  1.0000E+00  error v
 13      512  1.0000E+00  1.0000E+00  1.0000E+00  error v
 13      512  1.0000E+00  1.0000E+00  1.0000E+00  error v
 13      512  1.0000E+00  1.0000E+00  1.0000E+00  error v
 13      512  1.0000E+00  1.0000E+00  1.0000E+00  error v
 13      512  1.0000E+00  1.0000E+00  1.0000E+00  error v
 13      512  1.0000E+00  1.0000E+00  1.0000E+00  error v
 13      512  1.0000E+00  1.0000E+00  1.0000E+00  error v
 13      512  1.0000E+00  1.0000E+00  1.0000E+00  error v
 13      512  1.0000E+00  1.0000E+00  1.0000E+00  error v
 13      512  1.0000E+00  1.0000E+00  1.0000E+00  error v
 13      512  1.0000E+00  1.0000E+00  1.0000E+00  error v
 13      512  1.0000E+00  1.0000E+00  1.0000E+00  error v
 13      512  1.0000E+00  1.0000E+00  1.0000E+00  error v
 13      512  1.0000E+00  1.0000E+00  1.0000E+00  error v
 13      512  1.0000E+00  1.0000E+00  1.0000E+00  error v
 13      512  1.0000E+00  1.0000E+00  1.0000E+00  error v
 13      512  1.0000E+00  1.0000E+00  1.0000E+00  error v
 13      512  1.0000E+00  1.0000E+00  1.0000E+00  error v
 13      512  1.0000E+00  1.0000E+00  1.0000E+00  error v
 13      512  1.0000E+00  1.0000E+00  1.0000E+00  error v
 13      512  1.0000E+00  1.0000E+00  1.0000E+00  error v
 13      512  1.0000E+00  1.0000E+00  1.0000E+00  error v
 13      512  1.0000E+00  1.0000E+00  1.0000E+00  error v
 13      512  1.0000E+00  1.0000E+00  1.0000E+00  error v
 13      512  1.0000E+00  1.0000E+00  1.0000E+00  error v
 13      512  1.0000E+00  1.0000E+00  1.0000E+00  error v
 13      512  1.0000E+00  1.0000E+00  1.0000E+00  error v
 13      512  1.0000E+00  1.0000E+00  1.0000E+00  error v
 13      512  1.0000E+00  1.0000E+00  1.0000E+00  error v
 13      512  1.0000E+00  1.0000E+00  1.0000E+00  error v
 13      512  1.0000E+00  1.0000E+00  1.0000E+00  error v
 13      512  1.0000E+00  1.0000E+00  1.0000E+00  error v
 13      512  1.0000E+00  1.0000E+00  1.0000E+00  error v
 13      512  1.0000E+00  1.0000E+00  1.0000E+00  error v
 13      512  1.0000E+00  1.0000E+00  1.0000E+00  error v
 13      512  1.0000E+00  1.0000E+00  1.0000E+00  error v
 13      512  1.0000E+00  1.0000E+00  1.0000E+00  error v
 13      512  1.0000E+00  1.0000E+00  1.0000E+00  error v
 13      512  1.0000E+00  1.0000E+00  1.0000E+00  error v
 13      512  1.0000E+00  1.0000E+00  1.0000E+00  error v
 13      512  1.0000E+00  1.0000E+00  1.0000E+00  error v
 13      512  1.0000E+00  1.0000E+00  1.0000E+00  error v
 13      512  1.0000E+00  1.0000E+00  1.0000E+00  error v
 13      512  1.0000E+00  1.0000E+00  1.0000E+00  error v
 13      512  1.0000E+00  1.0000E+00  1.0000E+00  error v
 13      512  1.0000E+00  1.0000E+00  1.0000E+00  error v
 13      512  1.0000E+00  1.0000E+00  1.0000E+00  error v
 13      512  1.0000E+00  1.0000E+00  1.0000E+00  error v
 13      512  1.0000E+00  1.0000E+00  1.0000E+00  error v
 13      512  1.0000E+00  1.0000E+00  1.0000E+00  error v
 13      512  1.0000E+00  1.0000E+00  1.0000E+00  error v
 13      512  1.0000E+00  1.0000E+00  1.0000E+00  error v
 13      512  1.0000E+00  1.0000E+00  1.0000E+00  error v
 13      512  1.0000E+00  1.0000E+00  1.0000E+00  error v
 13      512  1.0000E+00  1.0000E+00  1.0000E+00  error v
 13      512  1.0000E+00  1.0000E+00  1.0000E+00  error v
 13      512  1.0000E+00  1.0000E+00  1.0000E+00  error v
 13      512  1.0000E+00  1.0000E+00  1.0000E+00  error v
 13      512  1.0000E+00  1.0000E+00  1.0000E+00  error v
 13      512  1.0000E+00  1.0000E+00  1.0000E+00  error v
 13      512  1.0000E+00  1.0000E+00  1.0000E+00  error v
 13      512  1.0000E+00  1.0000E+00  1.0000E+00  error v
 13      512  1.0000E+00  1.0000E+00  1.0000E+00  error v
 13      512  1.0000E+00  1.0000E+00  1.0000E+00  error v
 13      512  1.0000E+00  1.0000E+00  1.0000E+00  error v
 13      512  1.0000E+00  1.0000E+00  1.0000E+00  error v
 13      512  1.0000E+00  1.0000E+00  1.0000E+00  error v
 13      512  1.0000E+00  1.0000E+00  1.0000E+00  error v
 13      512  1.0000E+00  1.0000E+00  1.0000E+00  error v
 13      512  1.0000E+00  1.0000E+00  1.0000E+00  error v
 13      512  1.0000E+00  1.0000E+00  1.0000E+00  error v
 13      512  1.0000E+00  1.0000E+00  1.0000E+00  error v
 13      512  1.0000E+00  1.0000E+00  1.0000E+00  error v
 13      512  1.0000E+00  1.0000E+00  1.0000E+00  error v
 13      512  1.0000E+00  1.0000E+00  1.0000E+00  error v
 13      512  1.0000E+00  1.0000E+00  1.0000E+00  error v
 13      512  1.0000E+00  1.0000E+00  1.0000E+00  error v
 13      512  1.0000E+00  1.0000E+00  1.0000E+00  error v
 13      512  1.0000E+00  1.0000E+00  1.0000E+00  error v
 13      512  1.0000E+00  1.0000E+00  1.0000E+00  error v
 13      512  1.0000E+00  1.0000E+00  1.0000E+00  error v
 13      512  1.0000E+00  1.0000E+00  1.0000E+00  error v
 13      512  1.0000E+00  1.0000E+00  1.0000E+00  error v
 13      512  1.0000E+00  1.0000E+00  1.0000E+00  error v
 13      512  1.0000E+00  1.0000E+00  1.0000E+00  error v
 13      512  1.0000E+00  1.0000E+00  1.0000E+00  error v
 13      512  1.0000E+00  1.0000E+00  1.0000E+00  error v
 13      512  1.0000E+00  1.0000E+00  1.0000E+00  error v
 13      512  1.0000E+00  1.0000E+00  1.0000E+00  error v
 13      512  1.0000E+00  1.0000E+00  1.0000E+00  error v
 13      512  1.0000E+00  1.0000E+00  1.0000E+00  error v
 13      512  1.0000E+00  1.0000E+00  1.0000E+00  error v
 13      512  1.0000E+00  1.0000E+00  1.0000E+00  error v
 13      512  1.0000E+00  1.0000E+00  1.0000E+00  error v
 13      512  1.0000E+00  1.0000E+00  1.0000E+00  error v
 13      512  1.0000E+00  1.0000E+00  1.0000E+00  error v
 13      512  1.0000E+00  1.0000E+00  1.0000E+00  error v
 13      512  1.0000E+00  1.0000E+00  1.0000E+00  error v
 13      512  1.0000E+00  1.0000E+00  1.0000E+00  error v
 13      512  1.0000E+00  1.0000E+00  1.0000E+00  error v
 13      512  1.0000E+00  1.0000E+00  1.0000E+00  error v
 13      512  1.0000E+00  1.0000E+00  1.0000E+00  error v
 13      512  1.0000E+00  1.0000E+00  1.0000E+00  error v
 13      512  1.0000E+00  1.0000E+00  1.0000E+00  error v
 13      512  1.0000E+00  1.0000E+00  1.0000E+00  error v
 13      512  1.0000E+00  1.0000E+00  1.0000E+00  error v
 13      512  1.0000E+00  1.0000E+00  1.0000E+00  error v
 13      512  1.0000E+00  1.0000E+00  1.0000E+00  error v
 13      512  1.0000E+00  1.0000E+00  1.0000E+00  error v
 13      512  1.0000E+00  1.0000E+00  1.0000E+00  error v
 13      512  1.0000E+00  1.0000E+00  1.0000E+00  error v
 13      512  1.0000E+00  1.0000E+00  1.0000E+00  error v
 13      512  1.0000E+00  1.0000E+00  1.0000E+00  error v
 13      512  1.0000E+00  1.0000E+00  1.0000E+00  error v
 13      512  1.0000E+00  1.0000E+00  1.0000E+00  error v
 13      512  1.0000E+00  1.0000E+00  1.0000E+00  error v
 13      512  1.0000E+00  1.0000E+00  1.0000E+00  error v
 13      512  1.0000E+00  1.0000E+00  1.0000E+00  error v
 13      512  1.0000E+00  1.0000E+00  1.0000E+00  error v
 13      512  1.0000E+00  1.0000E+00  1.0000E+00  error v
 13      512  1.0000E+00  1.0000E+00  1.0000E+00  error v
 13      512  1.0000E+00  1.0000E+00  1.0000E+00  error v
 13      512  1.0000E+00  1.0000E+00  1.0000E+00  error v
 13      512  1.0000E+00  1.0000E+00  1.0000E+00  error v
 13      512  1.0000E+00  1.0000E+00  1.0000E+00  error v
 13      512  1.0000E+00  1.0000E+00  1.0000E+00  error v
 13      512  1.0000E+00  1.0000E+00  1.0000E+00  error v
 13      512  1.0000E+00  1.0000E+00  1.0000E+00  error v
 13      512  1.0000E+00  1.0000E+00  1.0000E+00  error v
 13      512  1.0000E+00  1.0000E+00  1.0000E+00  error v
 13      512  1.0000E+00  1.0000E+00  1.0000E+00  error v
 13      512  1.0000E+00  1.0000E+00  1.0000E+00  error v
 13      512  1.0000E+00  1.0000E+00  1.0000E+00  error v
 13      512  1.0000E+00  1.0000E+00  1.0000E+00  error v
 13      512  1.0000E+00  1.0000E+00  1.0000E+00  error v
 13      512  1.0000E+00  1.0000E+00  1.0000E+00  error v
 13      512  1.0000E+00  1.0000E+00  1.0000E+00  error v
 13      512  1.0000E+00  1.0000E+00  1.0000E+00  error v
 13      512  1.0000E+00  1.0000E+00  1.0000E+00  error v
 13      512  1.0000E+00  1.0000E+00  1.0000E+00  error v
 13      512  1.0000E+00  1.0000E+00  1.0000E+00  error v
 13      512  1.0000E+00  1.0000E+00  1.0000E+00  error v
 13      512  1.0000E+00  1.0000E+00  1.0000E+00  error v
 13      512  1.0000E+00  1.0000E+00  1.0000E+00  error v
 13      512  1.0000E+00  1.0000E+00  1.0000E+00  error v
 13      512  1.0000E+00  1.0000E+00  1.0000E+00  error v
 13      512  1.0000E+00  1.0000E+00  1.0000E+00  error v
 13      512  1.0000E+00  1.0000E+00  1.0000E+00  error v
 13      512  1.0000E+00  1.0000E+00  1.0000E+00  error v
 13      512  1.0000E+00  1.0000E+00  1.0000E+00  error v
 13      512  1.0000E+00  1.0000E+00  1.0000E+00  error v
 13      512  1.0000E+00  1.0000E+00  1.0000E+00  error v
 13      512  1.0000E+00  1.0000E+00  1.0000E+00  error v
 13      512  1.0000E+00  1.0000E+00  1.0000E+00  error v
 13      512  1.0000E+00  1.0000E+00  1.0000E+00  error v
 13      512  1.0000E+00  1.0000E+00  1.0000E+00  error v
 13      512  1.0000E+00  1.0000E+00  1.0000E+00  error v
 13      512  1.0000E+00  1.0000E+00  1.0000E+00  error v
 13      512  1.0000E+00  1.0000E+00  1.0000E+00  error v
 13      512  1.0000E+00  1.0000E+00  1.0000E+00  error v
 13      512  1.0000E+00  1.0000E+00  1.0000E+00  error v
 13      512  1.0000E+00  1.0000E+00  1.0000E+00  error v
 13      512  1.0000E+00  1.0000E+00  1.0000E+00  error v
 13      512  1.0000E+00  1.0000E+00  1.0000E+00  error v
 13      512  1.0000E+00  1.0000E+00  1.0000E+00  error v
 13      512  1.0000E+00  1.0000E+00  1.0000E+00  error v
 13      512  1.0000E+00  1.0000E+00  1.0000E+00  error v
 13      512  1.0000E+00  1.0000E+00  1.0000E+00  error v
 13      512  1.0000E+00  1.0000E+00  1.0000E+00  error v
 13      512  1.0000E+00  1.0000E+00  1.0000E+00  error v
 13      512  1.0000E+00  1.0000E+00  1.0000E+00  error v
 13      512  1.0000E+00  1.0000E+00  1.0000E+00  error v
 13      512  1.0000E+00  1.0000E+00  1.0000E+00  error v
 13      512  1.0000E+00  1.0000E+00  1.0000E+00  error v
 13      512  1.0000E+00  1.0000E+00  1.0000E+00  error v
 13      512  1.0000E+00  1.0000E+00  1.0000E+00  error v
 13      512  1.0000E+00  1.0000E+00  1.0000E+00  error v
 13      512  1.0000E+00  1.0000E+00  1.0000E+00  error v
 13      512  1.0000E+00  1.0000E+00  1.0000E+00  error v
 13      512  1.0000E+00  1.0000E+00  1.0000E+00  error v
 13      512  1.0000E+00  1.0000E+00  1.0000E+00  error v
 13      512  1.0000E+00  1.0000E+00  1.0000E+00  error v
 13      512  1.0000E+00  1.0000E+00  1.0000E+00  error v
 13      512  1.0000E+00  1.0000E+00  1.0000E+00  error v
 13      512  1.0000E+00  1.0000E+00  1.0000E+00  error v
 13      512  1.0000E+00  1.0000E+00  1.0000E+00  error v
 13      512  1.0000E+00  1.0000E+00  1.0000E+00  error v
 13      512  1.0000E+00  1.0000E+00  1.0000E+00  error v
 13      512  1.0000E+00  1.0000E+00  1.0000E+00  error v
 13      512  1.0000E+00  1.0000E+00  1.0000E+00  error v
 13      512  1.0000E+00  1.0000E+00  1.0000E+00  error v
 13      512  1.0000E+00  1.0000E+00  1.0000E+00  error v
 13      512  1.0000E+00  1.0000E+00  1.0000E+00  error v
 13      512  1.0000E+00  1.0000E+00  1.0000E+00  error v
 13      512  1.0000E+00  1.0000E+00  1.0000E+00  error v
 13      512  1.0000E+00  1.0000E+00  1.0000E+00  error v
 13      512  1.0000E+00  1.0000E+00  1.0000E+00  error v
 13      512  1.0000E+00  1.0000E+00  1.0000E+00  error v
 13      512  1.0000E+00  1.0000E+00  1.0000E+00  error v
 13      512  1.0000E+00  1.0000E+00  1.0000E+00  error v
 13      512  1.0000E+00  1.0000E+00  1.0000E+00  error v
 
nelt =       2, np =       256, nx1 =      13, elements =       512
Solve Time =   0.1009E-08
 
nelt =       2, np =       256, nx1 =      13, elements =       512
Solve Time =   0.9809E-09
 
nelt =       2, np =       256, nx1 =      13, elements =       512
Solve Time =   0.9812E-09
 
nelt =       2, np =       256, nx1 =      13, elements =       512
Solve Time =   0.9869E-09
 
nelt =       2, np =       256, nx1 =      13, elements =       512
Solve Time =   0.9837E-09
 
nelt =       2, np =       256, nx1 =      13, elements =       512
Solve Time =   0.9810E-09
 
nelt =       2, np =       256, nx1 =      13, elements =       512
Solve Time =   0.9846E-09
 
nelt =       2, np =       256, nx1 =      13, elements =       512
Solve Time =   0.9854E-09
 
nelt =       2, np =       256, nx1 =      13, elements =       512
Solve Time =   0.9825E-09
 
nelt =       2, np =       256, nx1 =      13, elements =       512
Solve Time =   0.9869E-09
 13      512  7.4834E-11  7.4834E-11  7.4834E-11  error s
 13      512  7.4834E-11  7.4834E-11  7.4834E-11  error s
 13      512  7.4834E-11  7.4834E-11  7.4834E-11  error s
 13      512  7.4834E-11  7.4834E-11  7.4834E-11  error s
 13      512  7.4834E-11  7.4834E-11  7.4834E-11  error s
 13      512  7.4834E-11  7.4834E-11  7.4834E-11  error s
 13      512  7.4834E-11  7.4834E-11  7.4834E-11  error s
 13      512  7.4834E-11  7.4834E-11  7.4834E-11  error s
 13      512  7.4834E-11  7.4834E-11  7.4834E-11  error s
 13      512  7.4834E-11  7.4834E-11  7.4834E-11  error s
 13      512  7.4834E-11  7.4834E-11  7.4834E-11  error s
 13      512  7.4834E-11  7.4834E-11  7.4834E-11  error s
 13      512  7.4834E-11  7.4834E-11  7.4834E-11  error s
 13      512  7.4834E-11  7.4834E-11  7.4834E-11  error s
 13      512  7.4834E-11  7.4834E-11  7.4834E-11  error s
 13      512  7.4834E-11  7.4834E-11  7.4834E-11  error s
 13      512  7.4834E-11  7.4834E-11  7.4834E-11  error s
 13      512  7.4834E-11  7.4834E-11  7.4834E-11  error s
 13      512  7.4834E-11  7.4834E-11  7.4834E-11  error s
 13      512  7.4834E-11  7.4834E-11  7.4834E-11  error s
 13      512  7.4834E-11  7.4834E-11  7.4834E-11  error s
 13      512  7.4834E-11  7.4834E-11  7.4834E-11  error s
 13      512  7.4834E-11  7.4834E-11  7.4834E-11  error s
 13      512  7.4834E-11  7.4834E-11  7.4834E-11  error s
 13      512  7.4834E-11  7.4834E-11  7.4834E-11  error s
 13      512  7.4834E-11  7.4834E-11  7.4834E-11  error s
 13      512  7.4834E-11  7.4834E-11  7.4834E-11  error s
 13      512  7.4834E-11  7.4834E-11  7.4834E-11  error s
 13      512  7.4834E-11  7.4834E-11  7.4834E-11  error s
 13      512  7.4834E-11  7.4834E-11  7.4834E-11  error s
 13      512  7.4834E-11  7.4834E-11  7.4834E-11  error s
 13      512  7.4834E-11  7.4834E-11  7.4834E-11  error s
 13      512  7.4834E-11  7.4834E-11  7.4834E-11  error s
 13      512  7.4834E-11  7.4834E-11  7.4834E-11  error s
 13      512  7.4834E-11  7.4834E-11  7.4834E-11  error s
 13      512  7.4834E-11  7.4834E-11  7.4834E-11  error s
 13      512  7.4834E-11  7.4834E-11  7.4834E-11  error s
 13      512  7.4834E-11  7.4834E-11  7.4834E-11  error s
 13      512  7.4834E-11  7.4834E-11  7.4834E-11  error s
 13      512  7.4834E-11  7.4834E-11  7.4834E-11  error s
 13      512  7.4834E-11  7.4834E-11  7.4834E-11  error s
 13      512  7.4834E-11  7.4834E-11  7.4834E-11  error s
 13      512  7.4834E-11  7.4834E-11  7.4834E-11  error s
 13      512  7.4834E-11  7.4834E-11  7.4834E-11  error s
 13      512  7.4834E-11  7.4834E-11  7.4834E-11  error s
 13      512  7.4834E-11  7.4834E-11  7.4834E-11  error s
 13      512  7.4834E-11  7.4834E-11  7.4834E-11  error s
 13      512  7.4834E-11  7.4834E-11  7.4834E-11  error s
 13      512  7.4834E-11  7.4834E-11  7.4834E-11  error s
 13      512  7.4834E-11  7.4834E-11  7.4834E-11  error s
 13      512  7.4834E-11  7.4834E-11  7.4834E-11  error s
 13      512  7.4834E-11  7.4834E-11  7.4834E-11  error s
 13      512  7.4834E-11  7.4834E-11  7.4834E-11  error s
 13      512  7.4834E-11  7.4834E-11  7.4834E-11  error s
 13      512  7.4834E-11  7.4834E-11  7.4834E-11  error s
 13      512  7.4834E-11  7.4834E-11  7.4834E-11  error s
 13      512  7.4834E-11  7.4834E-11  7.4834E-11  error s
 13      512  7.4834E-11  7.4834E-11  7.4834E-11  error s
 13      512  7.4834E-11  7.4834E-11  7.4834E-11  error s
 13      512  7.4834E-11  7.4834E-11  7.4834E-11  error s
 13      512  7.4834E-11  7.4834E-11  7.4834E-11  error s
 13      512  7.4834E-11  7.4834E-11  7.4834E-11  error s
 13      512  7.4834E-11  7.4834E-11  7.4834E-11  error s
 13      512  7.4834E-11  7.4834E-11  7.4834E-11  error s
 13      512  7.4834E-11  7.4834E-11  7.4834E-11  error s
 13      512  7.4834E-11  7.4834E-11  7.4834E-11  error s
 13      512  7.4834E-11  7.4834E-11  7.4834E-11  error s
 13      512  7.4834E-11  7.4834E-11  7.4834E-11  error s
 13      512  7.4834E-11  7.4834E-11  7.4834E-11  error s
 13      512  7.4834E-11  7.4834E-11  7.4834E-11  error s
 13      512  7.4834E-11  7.4834E-11  7.4834E-11  error s
 13      512  7.4834E-11  7.4834E-11  7.4834E-11  error s
 13      512  7.4834E-11  7.4834E-11  7.4834E-11  error s
 13      512  7.4834E-11  7.4834E-11  7.4834E-11  error s
 13      512  7.4834E-11  7.4834E-11  7.4834E-11  error s
 13      512  7.4834E-11  7.4834E-11  7.4834E-11  error s
 13      512  7.4834E-11  7.4834E-11  7.4834E-11  error s
 13      512  7.4834E-11  7.4834E-11  7.4834E-11  error s
 13      512  7.4834E-11  7.4834E-11  7.4834E-11  error s
 13      512  7.4834E-11  7.4834E-11  7.4834E-11  error s
 13      512  7.4834E-11  7.4834E-11  7.4834E-11  error s
 13      512  7.4834E-11  7.4834E-11  7.4834E-11  error s
 13      512  7.4834E-11  7.4834E-11  7.4834E-11  error s
 13      512  7.4834E-11  7.4834E-11  7.4834E-11  error s
 13      512  7.4834E-11  7.4834E-11  7.4834E-11  error s
 13      512  7.4834E-11  7.4834E-11  7.4834E-11  error s
 13      512  7.4834E-11  7.4834E-11  7.4834E-11  error s
 13      512  7.4834E-11  7.4834E-11  7.4834E-11  error s
 13      512  7.4834E-11  7.4834E-11  7.4834E-11  error s
 13      512  7.4834E-11  7.4834E-11  7.4834E-11  error s
 13      512  7.4834E-11  7.4834E-11  7.4834E-11  error s
 13      512  7.4834E-11  7.4834E-11  7.4834E-11  error s
 13      512  7.4834E-11  7.4834E-11  7.4834E-11  error s
 13      512  7.4834E-11  7.4834E-11  7.4834E-11  error s
 13      512  7.4834E-11  7.4834E-11  7.4834E-11  error s
 13      512  7.4834E-11  7.4834E-11  7.4834E-11  error s
 13      512  7.4834E-11  7.4834E-11  7.4834E-11  error s
 13      512  7.4834E-11  7.4834E-11  7.4834E-11  error s
 13      512  7.4834E-11  7.4834E-11  7.4834E-11  error s
 13      512  7.4834E-11  7.4834E-11  7.4834E-11  error s
 13      512  7.4834E-11  7.4834E-11  7.4834E-11  error s
 13      512  7.4834E-11  7.4834E-11  7.4834E-11  error s
 13      512  7.4834E-11  7.4834E-11  7.4834E-11  error s
 13      512  7.4834E-11  7.4834E-11  7.4834E-11  error s
 13      512  7.4834E-11  7.4834E-11  7.4834E-11  error s
 13      512  7.4834E-11  7.4834E-11  7.4834E-11  error s
 13      512  7.4834E-11  7.4834E-11  7.4834E-11  error s
 13      512  7.4834E-11  7.4834E-11  7.4834E-11  error s
 13      512  7.4834E-11  7.4834E-11  7.4834E-11  error s
 13      512  7.4834E-11  7.4834E-11  7.4834E-11  error s
 13      512  7.4834E-11  7.4834E-11  7.4834E-11  error s
 13      512  7.4834E-11  7.4834E-11  7.4834E-11  error s
 13      512  7.4834E-11  7.4834E-11  7.4834E-11  error s
 13      512  7.4834E-11  7.4834E-11  7.4834E-11  error s
 13      512  7.4834E-11  7.4834E-11  7.4834E-11  error s
 13      512  7.4834E-11  7.4834E-11  7.4834E-11  error s
 13      512  7.4834E-11  7.4834E-11  7.4834E-11  error s
 13      512  7.4834E-11  7.4834E-11  7.4834E-11  error s
 13      512  7.4834E-11  7.4834E-11  7.4834E-11  error s
 13      512  7.4834E-11  7.4834E-11  7.4834E-11  error s
 13      512  7.4834E-11  7.4834E-11  7.4834E-11  error s
 13      512  7.4834E-11  7.4834E-11  7.4834E-11  error s
 13      512  7.4834E-11  7.4834E-11  7.4834E-11  error s
 13      512  7.4834E-11  7.4834E-11  7.4834E-11  error s
 13      512  7.4834E-11  7.4834E-11  7.4834E-11  error s
 13      512  7.4834E-11  7.4834E-11  7.4834E-11  error s
 13      512  7.4834E-11  7.4834E-11  7.4834E-11  error s
 13      512  7.4834E-11  7.4834E-11  7.4834E-11  error s
 13      512  7.4834E-11  7.4834E-11  7.4834E-11  error s
 13      512  7.4834E-11  7.4834E-11  7.4834E-11  error s
 13      512  7.4834E-11  7.4834E-11  7.4834E-11  error s
 13      512  7.4834E-11  7.4834E-11  7.4834E-11  error s
 13      512  7.4834E-11  7.4834E-11  7.4834E-11  error s
 13      512  7.4834E-11  7.4834E-11  7.4834E-11  error s
 13      512  7.4834E-11  7.4834E-11  7.4834E-11  error s
 13      512  7.4834E-11  7.4834E-11  7.4834E-11  error s
 13      512  7.4834E-11  7.4834E-11  7.4834E-11  error s
 13      512  7.4834E-11  7.4834E-11  7.4834E-11  error s
 13      512  7.4834E-11  7.4834E-11  7.4834E-11  error s
 13      512  7.4834E-11  7.4834E-11  7.4834E-11  error s
 13      512  7.4834E-11  7.4834E-11  7.4834E-11  error s
 13      512  7.4834E-11  7.4834E-11  7.4834E-11  error s
 13      512  7.4834E-11  7.4834E-11  7.4834E-11  error s
 13      512  7.4834E-11  7.4834E-11  7.4834E-11  error s
 13      512  7.4834E-11  7.4834E-11  7.4834E-11  error s
 13      512  7.4834E-11  7.4834E-11  7.4834E-11  error s
 13      512  7.4834E-11  7.4834E-11  7.4834E-11  error s
 13      512  7.4834E-11  7.4834E-11  7.4834E-11  error s
 13      512  7.4834E-11  7.4834E-11  7.4834E-11  error s
 13      512  7.4834E-11  7.4834E-11  7.4834E-11  error s
 13      512  7.4834E-11  7.4834E-11  7.4834E-11  error s
 13      512  7.4834E-11  7.4834E-11  7.4834E-11  error s
 13      512  7.4834E-11  7.4834E-11  7.4834E-11  error s
 13      512  7.4834E-11  7.4834E-11  7.4834E-11  error s
 13      512  7.4834E-11  7.4834E-11  7.4834E-11  error s
 13      512  7.4834E-11  7.4834E-11  7.4834E-11  error s
 13      512  7.4834E-11  7.4834E-11  7.4834E-11  error s
 13      512  7.4834E-11  7.4834E-11  7.4834E-11  error s
 13      512  7.4834E-11  7.4834E-11  7.4834E-11  error s
 13      512  7.4834E-11  7.4834E-11  7.4834E-11  error s
 13      512  7.4834E-11  7.4834E-11  7.4834E-11  error s
 13      512  7.4834E-11  7.4834E-11  7.4834E-11  error s
 13      512  7.4834E-11  7.4834E-11  7.4834E-11  error s
 13      512  7.4834E-11  7.4834E-11  7.4834E-11  error s
 13      512  7.4834E-11  7.4834E-11  7.4834E-11  error s
 13      512  7.4834E-11  7.4834E-11  7.4834E-11  error s
 13      512  7.4834E-11  7.4834E-11  7.4834E-11  error s
 13      512  7.4834E-11  7.4834E-11  7.4834E-11  error s
 13      512  7.4834E-11  7.4834E-11  7.4834E-11  error s
 13      512  7.4834E-11  7.4834E-11  7.4834E-11  error s
 13      512  7.4834E-11  7.4834E-11  7.4834E-11  error s
 13      512  7.4834E-11  7.4834E-11  7.4834E-11  error s
 13      512  7.4834E-11  7.4834E-11  7.4834E-11  error s
 13      512  7.4834E-11  7.4834E-11  7.4834E-11  error s
 13      512  7.4834E-11  7.4834E-11  7.4834E-11  error s
 13      512  7.4834E-11  7.4834E-11  7.4834E-11  error s
 13      512  7.4834E-11  7.4834E-11  7.4834E-11  error s
 13      512  7.4834E-11  7.4834E-11  7.4834E-11  error s
 13      512  7.4834E-11  7.4834E-11  7.4834E-11  error s
 13      512  7.4834E-11  7.4834E-11  7.4834E-11  error s
 13      512  7.4834E-11  7.4834E-11  7.4834E-11  error s
 13      512  7.4834E-11  7.4834E-11  7.4834E-11  error s
 13      512  7.4834E-11  7.4834E-11  7.4834E-11  error s
 13      512  7.4834E-11  7.4834E-11  7.4834E-11  error s
 13      512  7.4834E-11  7.4834E-11  7.4834E-11  error s
 13      512  7.4834E-11  7.4834E-11  7.4834E-11  error s
 13      512  7.4834E-11  7.4834E-11  7.4834E-11  error s
 13      512  7.4834E-11  7.4834E-11  7.4834E-11  error s
 13      512  7.4834E-11  7.4834E-11  7.4834E-11  error s
 13      512  7.4834E-11  7.4834E-11  7.4834E-11  error s
 13      512  7.4834E-11  7.4834E-11  7.4834E-11  error s
 13      512  7.4834E-11  7.4834E-11  7.4834E-11  error s
 13      512  7.4834E-11  7.4834E-11  7.4834E-11  error s
 13      512  7.4834E-11  7.4834E-11  7.4834E-11  error s
 13      512  7.4834E-11  7.4834E-11  7.4834E-11  error s
 13      512  7.4834E-11  7.4834E-11  7.4834E-11  error s
 13      512  7.4834E-11  7.4834E-11  7.4834E-11  error s
 13      512  7.4834E-11  7.4834E-11  7.4834E-11  error s
 13      512  7.4834E-11  7.4834E-11  7.4834E-11  error s
 13      512  7.4834E-11  7.4834E-11  7.4834E-11  error s
 13      512  7.4834E-11  7.4834E-11  7.4834E-11  error s
 13      512  7.4834E-11  7.4834E-11  7.4834E-11  error s
 13      512  7.4834E-11  7.4834E-11  7.4834E-11  error s
 13      512  7.4834E-11  7.4834E-11  7.4834E-11  error s
 13      512  7.4834E-11  7.4834E-11  7.4834E-11  error s
 13      512  7.4834E-11  7.4834E-11  7.4834E-11  error s
 13      512  7.4834E-11  7.4834E-11  7.4834E-11  error s
 13      512  7.4834E-11  7.4834E-11  7.4834E-11  error s
 13      512  7.4834E-11  7.4834E-11  7.4834E-11  error s
 13      512  7.4834E-11  7.4834E-11  7.4834E-11  error s
 13      512  7.4834E-11  7.4834E-11  7.4834E-11  error s
 13      512  7.4834E-11  7.4834E-11  7.4834E-11  error s
 13      512  7.4834E-11  7.4834E-11  7.4834E-11  error s
 13      512  7.4834E-11  7.4834E-11  7.4834E-11  error s
 13      512  7.4834E-11  7.4834E-11  7.4834E-11  error s
 13      512  7.4834E-11  7.4834E-11  7.4834E-11  error s
 13      512  7.4834E-11  7.4834E-11  7.4834E-11  error s
 13      512  7.4834E-11  7.4834E-11  7.4834E-11  error s
 13      512  7.4834E-11  7.4834E-11  7.4834E-11  error s
 13      512  7.4834E-11  7.4834E-11  7.4834E-11  error s
 13      512  7.4834E-11  7.4834E-11  7.4834E-11  error s
 13      512  7.4834E-11  7.4834E-11  7.4834E-11  error s
 13      512  7.4834E-11  7.4834E-11  7.4834E-11  error s
 13      512  7.4834E-11  7.4834E-11  7.4834E-11  error s
 13      512  7.4834E-11  7.4834E-11  7.4834E-11  error s
 13      512  7.4834E-11  7.4834E-11  7.4834E-11  error s
 13      512  7.4834E-11  7.4834E-11  7.4834E-11  error s
 13      512  7.4834E-11  7.4834E-11  7.4834E-11  error s
 13      512  7.4834E-11  7.4834E-11  7.4834E-11  error s
 13      512  7.4834E-11  7.4834E-11  7.4834E-11  error s
 13      512  7.4834E-11  7.4834E-11  7.4834E-11  error s
 13      512  7.4834E-11  7.4834E-11  7.4834E-11  error s
 13      512  7.4834E-11  7.4834E-11  7.4834E-11  error s
 13      512  7.4834E-11  7.4834E-11  7.4834E-11  error s
 13      512  7.4834E-11  7.4834E-11  7.4834E-11  error s
 13      512  7.4834E-11  7.4834E-11  7.4834E-11  error s
 13      512  7.4834E-11  7.4834E-11  7.4834E-11  error s
 13      512  7.4834E-11  7.4834E-11  7.4834E-11  error s
 13      512  7.4834E-11  7.4834E-11  7.4834E-11  error s
 13      512  7.4834E-11  7.4834E-11  7.4834E-11  error s
 13      512  7.4834E-11  7.4834E-11  7.4834E-11  error s
 13      512  7.4834E-11  7.4834E-11  7.4834E-11  error s
 13      512  7.4834E-11  7.4834E-11  7.4834E-11  error s
 13      512  7.4834E-11  7.4834E-11  7.4834E-11  error s
 13      512  7.4834E-11  7.4834E-11  7.4834E-11  error s
 13      512  7.4834E-11  7.4834E-11  7.4834E-11  error s
 13      512  7.4834E-11  7.4834E-11  7.4834E-11  error s
 13      512  7.4834E-11  7.4834E-11  7.4834E-11  error s
 13      512  7.4834E-11  7.4834E-11  7.4834E-11  error s
 13      512  7.4834E-11  7.4834E-11  7.4834E-11  error s
 13      512  7.4834E-11  7.4834E-11  7.4834E-11  error s
 13      512  7.4834E-11  7.4834E-11  7.4834E-11  error s
 13      512  7.4834E-11  7.4834E-11  7.4834E-11  error s
 13      512  7.4834E-11  7.4834E-11  7.4834E-11  error s
 13      512  7.4834E-11  7.4834E-11  7.4834E-11  error s
 13      512  7.4834E-11  7.4834E-11  7.4834E-11  error s
 
nelt =       2, np =       256, nx1 =      13, elements =       512
Solve Time =   0.9344E-09
 
nelt =       2, np =       256, nx1 =      13, elements =       512
Solve Time =   0.9254E-09
 
nelt =       2, np =       256, nx1 =      13, elements =       512
Solve Time =   0.9193E-09
 
nelt =       2, np =       256, nx1 =      13, elements =       512
Solve Time =   0.9177E-09
 
nelt =       2, np =       256, nx1 =      13, elements =       512
Solve Time =   0.9199E-09
 
nelt =       2, np =       256, nx1 =      13, elements =       512
Solve Time =   0.9201E-09
 
nelt =       2, np =       256, nx1 =      13, elements =       512
Solve Time =   0.9186E-09
 
nelt =       2, np =       256, nx1 =      13, elements =       512
Solve Time =   0.9177E-09
 
nelt =       2, np =       256, nx1 =      13, elements =       512
Solve Time =   0.9200E-09
 
nelt =       2, np =       256, nx1 =      13, elements =       512
Solve Time =   0.9214E-09
 13      512  7.4802E-11  7.4802E-11  7.4802E-11  error n
 13      512  7.4802E-11  7.4802E-11  7.4802E-11  error n
 13      512  7.4802E-11  7.4802E-11  7.4802E-11  error n
 13      512  7.4802E-11  7.4802E-11  7.4802E-11  error n
 13      512  7.4802E-11  7.4802E-11  7.4802E-11  error n
  12      512  100  0.0000E+00  0.0000E+00  0.0000E+00 time for 3 hmholtz
 13      512  7.4802E-11  7.4802E-11  7.4802E-11  error n
 13      512  7.4802E-11  7.4802E-11  7.4802E-11  error n
 13      512  7.4802E-11  7.4802E-11  7.4802E-11  error n
EXIT: quit after cggov         12
 13      512  7.4802E-11  7.4802E-11  7.4802E-11  error n
 13      512  7.4802E-11  7.4802E-11  7.4802E-11  error n
 13      512  7.4802E-11  7.4802E-11  7.4802E-11  error n
 13      512  7.4802E-11  7.4802E-11  7.4802E-11  error n
 13      512  7.4802E-11  7.4802E-11  7.4802E-11  error n
 13      512  7.4802E-11  7.4802E-11  7.4802E-11  error n
 13      512  7.4802E-11  7.4802E-11  7.4802E-11  error n
 13      512  7.4802E-11  7.4802E-11  7.4802E-11  error n
 13      512  7.4802E-11  7.4802E-11  7.4802E-11  error n
 13      512  7.4802E-11  7.4802E-11  7.4802E-11  error n
 13      512  7.4802E-11  7.4802E-11  7.4802E-11  error n
 13      512  7.4802E-11  7.4802E-11  7.4802E-11  error n
 13      512  7.4802E-11  7.4802E-11  7.4802E-11  error n
 13      512  7.4802E-11  7.4802E-11  7.4802E-11  error n
 13      512  7.4802E-11  7.4802E-11  7.4802E-11  error n
 13      512  7.4802E-11  7.4802E-11  7.4802E-11  error n
 13      512  7.4802E-11  7.4802E-11  7.4802E-11  error n
 13      512  7.4802E-11  7.4802E-11  7.4802E-11  error n
 13      512  7.4802E-11  7.4802E-11  7.4802E-11  error n
 13      512  7.4802E-11  7.4802E-11  7.4802E-11  error n
 13      512  7.4802E-11  7.4802E-11 13      512  7.4802E-11  7.4802E-11  7.4802E-11  error n
 13      512  7.4802E-11  7.4802E-11  7.4802E-11  error n
 13      512  7.4802E-11  7.4802E-11  7.4802E-11  error n
 13      512  7.4802E-11  7.4802E-11  7.4802E-11  error n
 13      512  7.4802E-11  7.4802E-11  7.4802E-11  error n
 13      512  7.4802E-11  7.4802E-11  7.4802E-11  error n
 13      512  7.4802E-11  7.4802E-11 13      512  7.4802E-11  7.4802E-11  7.4802E-11  error n
 13      512  7.4802E-11  7.4802E-11  7.4802E-11  error n
 13      512  7.4802E-11  7.4802E-11  7.4802E-11  error n
 13      512  7.4802E-11  7.4802E-11  7.4802E-11  error n
 13      512  7.4802E-11  7.4802E-11  7.4802E-11  error n
 13      512  7.4802E-11  7.4802E-11  7.4802E-11  error n
 13      512  7.4802E-11  7.4802E-11  7.4802E-11  error n
 13      512  7.4802E-11  7.4802E-11  7.4802E-11  error n
 13      512  7.4802E-11  7.4802E-11  7.4802E-11  error n
 13      512  7.4802E-11  7.4802E-11  7.4802E-11  error n
 13      512  7.4802E-11  7.4802E-11  7.4802E-11  error n
 13      512  7.4802E-11  7.4802E-11  7.4802E-11  error n
 13      512  7.4802E-11  7.4802E-11  7.4802E-11  error n
 13      512  7.4802E-11  7.4802E-11  7.4802E-11  error n
 13      512  7.4802E-11  7.4802E-11  7.4802E-11  error n
 13      512  7.4802E-11  7.4802E-11  7.4802E-11  error n
 13      512  7.4802E-11  7.4802E-11  7.4802E-11  error n
 13      512  7.4802E-11  7.4802E-11  7.4802E-11  error n
 13      512  7.4802E-11  7.4802E-11  7.4802E-11  error n
 13      512  7.4802E-11  7.4802E-11  7.4802E-11  error n
 13      512  7.4802E-11  7.4802E-11  7.4802E-11  error n
 13      512  7.4802E-11  7.4802E-11  7.4802E-11  error n
 13      512  7.4802E-11  7.4802E-11  7.4802E-11  error n
 13      512  7.4802E-11  7.4802E-11 13      512  7.4802E-11  7.4802E-11  7.4802E-11  error n
 13      512  7.4802E-11  7.4802E-11  7.4802E-11  error n
 13      512  7.4802E-11  7.4802E-11  7.4802E-11  error n
 13      512  7.4802E-11  7.4802E-11  7.4802E-11  error n
 13      512  7.4802E-11  7.4802E-11  7.4802E-11  error n
 13      512  7.4802E-11  7.4802E-11  7.4802E-11  error n
 13      512  7.4802E-11  7.4802E-11  7.4802E-11  error n
 13      512  7.4802E-11  7.4802E-11  7.4802E-11  error n
 13      512  7.4802E-11  7.4802E-11  7.4802E-11  error n
 13      512  7.4802E-11  7.4802E-11  7.4802E-11  error n
 13      512  7.4802E-11  7.4802E-11  7.4802E-11  error n
 13      512  7.4802E-11  7.4802E-11  7.4802E-11  error n
 13      512  7.4802E-11  7.4802E-11  7.4802E-11  error n
 13      512  7.4802E-11  7.4802E-11  7.4802E-11  error n
 13      512  7.4802E-11  7.4802E-11  7.4802E-11  error n
 13      512  7.4802E-11  7.4802E-11  7.4802E-11  error n
  
  7.4802E-11  error n
 13      512  7.4802E-11  7.4802E-11  7.4802E-11  error n
 13      512  7.4802E-11  7.4802E-11  7.4802E-11  error n
 13      512  7.4802E-11  7.4802E-11  7.4802E-11  error n
 13      512  7.4802E-11  7.4802E-11  7.4802E-11  error n
 13      512  7.4802E-11  7.4802E-11  7.4802E-11  error n
 13      512  7.4802E-11  7.4802E-11  7.4802E-11  error n
 13      512  7.4802E-11  7.4802E-11  7.4802E-11  error n
 13      512  7.4802E-11  7.4802E-11  7.4802E-11  error n
 13      512  7.4802E-11  7.4802E-11  7.4802E-11  error n
 13      512  7.4802E-11  7.4802E-11  7.4802E-11  error n
 13      512  7.4802E-11  7.4802E-11  7.4802E-11  error n
 13      512  7.4802E-11  7.4802E-11  7.4802E-11  error n
 13      512  7.4802E-11  7.4802E-11  7.4802E-11  error n
 13      512  7.4802E-11  7.4802E-11  7.4802E-11  error n
 13      512  7.4802E-11  7.4802E-11  7.4802E-11  error n
 13      512  7.4802E-11  7.4802E-11  7.4802E-11  error n
 13      512  7.4802E-11  7.4802E-11  7.4802E-11  error n
 13      512  7.4802E-11  7.4802E-11  7.4802E-11  error n
 13      512  7.4802E-11  7.4802E-11  7.4802E-11  error n
 13      512  7.4802E-11  7.4802E-11  7.4802E-11  error n
 13      512  7.4802E-11  7.4802E-11  7.4802E-11  error n
 13      512  7.4802E-11  7.4802E-11  7.4802E-11  error n
 13      512  7.4802E-11  7.4802E-11  7.4802E-11  error n
 13      512  7.4802E-11  7.4802E-11  7.4802E-11  error n
 13      512  7.4802E-11  7.4802E-11  7.4802E-11  error n
 13      512  7.4802E-11  7.4802E-11  7.4802E-11  error n
 13      512  7.4802E-11  7.4802E-11  7.4802E-11  error n
 13      512  7.4802E-11  7.4802E-11  7.4802E-11  error n
 13      512  7.4802E-11  7.4802E-11  7.4802E-11  error n
 13      512  7.4802E-11  7.4802E-11  7.4802E-11  error n
 13      512  7.4802E-11  7.4802E-11  7.4802E-11  error n
 13      512  7.4802E-11  7.4802E-11  7.4802E-11  error n
 13      512  7.4802E-11  7.4802E-11  7.4802E-11  error n
 13      512  7.4802E-11  7.4802E-11  7.4802E-11  error n
 13      512  7.4802E-11  7.4802E-11  7.4802E-11  error n
 13      512  7.4802E-11  7.4802E-11  7.4802E-11  error n
 13      512  7.4802E-11  7.4802E-11  7.4802E-11  error n
 13      512  7.4802E-11  7.4802E-11  7.4802E-11  error n
 13      512  7.4802E-11  7.4802E-11  7.4802E-11  error n
 13      512  7.4802E-11  7.4802E-11  7.4802E-11  error n
 13      512  7.4802E-11  7.4802E-11  7.4802E-11  error n
 13      512  7.4802E-11  7.4802E-11  7.4802E-11  error n
 13      512  7.4802E-11  7.4802E-11  7.4802E-11  error n
 13      512  7.4802E-11  7.4802E-11  7.4802E-11  error n
 13      512  7.4802E-11  7.4802E-11  7.4802E-11  error n
 13      512  7.4802E-11  7.4802E-11  7.4802E-11  error n
 13      512  7.4802E-11  7.4802E-11  7.4802E-11  error n
 13      512  7.4802E-11  7.4802E-11  7.4802E-11  error n
 13      512  7.4802E-11  7.4802E-11  7.4802E-11  error n
 13      512  7.4802E-11  7.4802E-11  7.4802E-11  error n
 13      512  7.4802E-11  7.4802E-11  7.4802E-11  error n
 13      512  7.4802E-11  7.4802E-11  7.4802E-11  error n
 13      512  7.4802E-11  7.4802E-11  7.4802E-11  error n
 13      512  7.4802E-11  7.4802E-11  7.4802E-11  error n
 13      512  7.4802E-11  7.4802E-11  7.4802E-11  error n
 13      512  7.4802E-11  7.4802E-11  7.4802E-11  error n
 13      512  7.4802E-11  7.4802E-11  7.4802E-11  error n
  7.4802E-11  error n
 13      512  7.4802E-11  7.4802E-11  7.4802E-11  error n
 13      512  7.4802E-11  7.4802E-11  7.4802E-11  error n
 13      512  7.4802E-11  7.4802E-11  7.4802E-11  error n
 13      512  7.4802E-11  7.4802E-11  7.4802E-11  error n
 13      512  7.4802E-11  7.4802E-11  7.4802E-11  error n
 13      512  7.4802E-11  7.4802E-11  7.4802E-11  error n
 13      512  7.4802E-11  7.4802E-11  7.4802E-11  error n
 13      512  7.4802E-11  7.4802E-11  7.4802E-11  error n
 13      512  7.4802E-11  7.4802E-11  7.4802E-11  error n
 13      512  7.4802E-11  7.4802E-11  7.4802E-11  error n
 13      512  7.4802E-11  7.4802E-11  7.4802E-11  error n
 13      512  7.4802E-11  7.4802E-11  7.4802E-11  error n
 13      512  7.4802E-11  7.4802E-11  7.4802E-11  error n
  7.4802E-11  error n
 13      512  7.4802E-11  7.4802E-11  7.4802E-11  error n
 13      512  7.4802E-11  7.4802E-11  7.4802E-11  error n
 13      512  7.4802E-11  7.4802E-11  7.4802E-11  error n
 13      512  7.4802E-11  7.4802E-11  7.4802E-11  error n
 13      512  7.4802E-11  7.4802E-11  7.4802E-11  error n
 13      512  7.4802E-11  7.4802E-11  7.4802E-11  error n
 13      512  7.4802E-11  7.4802E-11  7.4802E-11  error n
 13      512  7.4802E-11  7.4802E-11  7.4802E-11  error n
 13      512  7.4802E-11  7.4802E-11  7.4802E-11  error n
 13      512  7.4802E-11  7.4802E-11  7.4802E-11  error n
 13      512  7.4802E-11  7.4802E-11  7.4802E-11  error n
 13      512  7.4802E-11  7.4802E-11  7.4802E-11  error n
 13      512  7.4802E-11  7.4802E-11  7.4802E-11  error n
 13      512  7.4802E-11  7.4802E-11  7.4802E-11  error n
 13      512  7.4802E-11  7.4802E-11  7.4802E-11  error n
 13      512  7.4802E-11  7.4802E-11  7.4802E-11  error n
 13      512  7.4802E-11  7.4802E-11  7.4802E-11  error n
 13      512  7.4802E-11  7.4802E-11  7.4802E-11  error n
 13      512  7.4802E-11  7.4802E-11  7.4802E-11  error n
 13      512  7.4802E-11  7.4802E-11  7.4802E-11  error n
 13      512  7.4802E-11  7.4802E-11  7.4802E-11  error n
 13      512  7.4802E-11  7.4802E-11  7.4802E-11  error n
 13      512  7.4802E-11  7.4802E-11  7.4802E-11  error n
 13      512  7.4802E-11  7.4802E-11  7.4802E-11  error n
 13      512  7.4802E-11  7.4802E-11  7.4802E-11  error n
 13      512  7.4802E-11  7.4802E-11  7.4802E-11  error n
 13      512  7.4802E-11  7.4802E-11  7.4802E-11  error n
 13      512  7.4802E-11  7.4802E-11  7.4802E-11  error n
 13      512  7.4802E-11  7.4802E-11  7.4802E-11  error n
 13      512  7.4802E-11  7.4802E-11  7.4802E-11  error n
 13      512  7.4802E-11  7.4802E-11  7.4802E-11  error n
 13      512  7.4802E-11  7.4802E-11  7.4802E-11  error n
 13      512  7.4802E-11  7.4802E-11  7.4802E-11  error n
 13      512  7.4802E-11  7.4802E-11  7.4802E-11  error n
 13      512  7.4802E-11  7.4802E-11  7.4802E-11  error n
 13      512  7.4802E-11  7.4802E-11  7.4802E-11  error n
 13      512  7.4802E-11  7.4802E-11  7.4802E-11  error n
 13      512  7.4802E-11  7.4802E-11  7.4802E-11  error n
 13      512  7.4802E-11  7.4802E-11  7.4802E-11  error n
 13      512  7.4802E-11  7.4802E-11  7.4802E-11  error n
 13      512  7.4802E-11  7.4802E-11  7.4802E-11  error n
 13      512  7.4802E-11  7.4802E-11  7.4802E-11  error n
 13      512  7.4802E-11  7.4802E-11  7.4802E-11  error n
 13      512  7.4802E-11  7.4802E-11  7.4802E-11  error n
 13      512  7.4802E-11  7.4802E-11  7.4802E-11  error n
 13      512  7.4802E-11  7.4802E-11  7.4802E-11  error n
 13      512  7.4802E-11  7.4802E-11  7.4802E-11  error n
 13      512  7.4802E-11  7.4802E-11  7.4802E-11  error n
 13      512  7.4802E-11  7.4802E-11  7.4802E-11  error n
 13      512  7.4802E-11  7.4802E-11  7.4802E-11  error n
 13      512  7.4802E-11  7.4802E-11  7.4802E-11  error n
 13      512  7.4802E-11  7.4802E-11  7.4802E-11  error n
 13      512  7.4802E-11  7.4802E-11  7.4802E-11  error n
 13      512  7.4802E-11  7.4802E-11  7.4802E-11  error n
 13      512  7.4802E-11  7.4802E-11  7.4802E-11  error n
 13      512  7.4802E-11  7.4802E-11  7.4802E-11  error n
 13      512  7.4802E-11  7.4802E-11  7.4802E-11  error n
 13      512  7.4802E-11  7.4802E-11  7.4802E-11  error n
 13      512  7.4802E-11  7.4802E-11  7.4802E-11  error n
 13      512  7.4802E-11  7.4802E-11  7.4802E-11  error n
 13      512  7.4802E-11  7.4802E-11  7.4802E-11  error n
 13      512  7.4802E-11  7.4802E-11  7.4802E-11  error n
 13      512  7.4802E-11  7.4802E-11  7.4802E-11  error n
 13      512  7.4802E-11  7.4802E-11  7.4802E-11  error n
 13      512  7.4802E-11  7.4802E-11  7.4802E-11  error n
 13      512  7.4802E-11  7.4802E-11  7.4802E-11  error n
 13      512  7.4802E-11  7.4802E-11  7.4802E-11  error n
 13      512  7.4802E-11  7.4802E-11  7.4802E-11  error n
 13      512  7.4802E-11  7.4802E-11  7.4802E-11  error n
 13      512  7.4802E-11  7.4802E-11  7.4802E-11  error n
 13      512  7.4802E-11  7.4802E-11  7.4802E-11  error n
 13      512  7.4802E-11  7.4802E-11  7.4802E-11  error n
 13      512  7.4802E-11  7.4802E-11  7.4802E-11  error n
 13      512  7.4802E-11  7.4802E-11  7.4802E-11  error n
 13      512  7.4802E-11  7.4802E-11  7.4802E-11  error n
 13      512  7.4802E-11  7.4802E-11  7.4802E-11  error n
 13      512  7.4802E-11  7.4802E-11  7.4802E-11  error n
 13      512  7.4802E-11  7.4802E-11  7.4802E-11  error n
 13      512  7.4802E-11  7.4802E-11  7.4802E-11  error n
 13      512  7.4802E-11  7.4802E-11  7.4802E-11  error n
 13      512  7.4802E-11  7.4802E-11  7.4802E-11  error n
 13      512  7.4802E-11  7.4802E-11  7.4802E-11  error n
 13      512  7.4802E-11  7.4802E-11  7.4802E-11  error n
 13      512  7.4802E-11  7.4802E-11  7.4802E-11  error n
 13      512  7.4802E-11  7.4802E-11  7.4802E-11  error n
 13      512  7.4802E-11  7.4802E-11  7.4802E-11  error n
 13      512  7.4802E-11  7.4802E-11  7.4802E-11  error n
 13      512  7.4802E-11  7.4802E-11  7.4802E-11  error n
 13      512  7.4802E-11  7.4802E-11  7.4802E-11  error n
 13      512  7.4802E-11  7.4802E-11  7.4802E-11  error n
 13      512  7.4802E-11  7.4802E-11  7.4802E-11  error n
 13      512  7.4802E-11  7.4802E-11  7.4802E-11  error n
 13      512  7.4802E-11  7.4802E-11  7.4802E-11  error n
 13      512  7.4802E-11  7.4802E-11  7.4802E-11  error n
 13      512  7.4802E-11  7.4802E-11  7.4802E-11  error n
 13      512  7.4802E-11  7.4802E-11  7.4802E-11  error n
call exitt: dying ...
  
backtrace(): obtained 8 stack frames.
./nek5000() [0x77e8a5]
./nek5000() [0x962659]
./nek5000() [0x40e0bc]
./nek5000() [0x428ae6]
./nek5000() [0x42709e]
./nek5000() [0x4054fe]
/lib64/libc.so.6(__libc_start_main+0xf5) [0x2aaab1ca3b25]
./nek5000() [0x405409]
  
total elapsed time             :   2.68121E+02 sec
total solver time incl. I/O    :   0.00000E+00 sec
time/timestep                  :   0.00000E+00 sec
CPU seconds/timestep/gridpt    :   0.00000E+00 sec

 13      512  7.4802E-11  7.4802E-11  7.4802E-11  error n
 13      512  7.4802E-11  7.4802E-11  7.4802E-11  error n
 13      512  7.4802E-11  7.4802E-11  7.4802E-11  error n
 13      512  7.4802E-11  7.4802E-11  7.4802E-11  error n
 13      512  7.4802E-11  7.4802E-11  7.4802E-11  error n
 13      512  7.4802E-11  7.4802E-11  7.4802E-11  error n
 13      512  7.4802E-11  7.4802E-11  7.4802E-11  error n
 13      512  7.4802E-11  7.4802E-11  7.4802E-11  error n
 13      512  7.4802E-11  7.4802E-11  7.4802E-11  error n
 13      512  7.4802E-11  7.4802E-11  7.4802E-11  error n
 13      512  7.4802E-11  7.4802E-11  7.4802E-11  error n
 13      512  7.4802E-11  7.4802E-11  7.4802E-11  error n
 13      512  7.4802E-11  7.4802E-11  7.4802E-11  error n
 13      512  7.4802E-11  7.4802E-11  7.4802E-11  error n
Application 2258322 resources: utime ~68394s, stime ~305s, Rss ~45804, inblocks ~0, outblocks ~0
