/----------------------------------------------------------\\
|      _   __ ______ __ __  ______  ____   ____   ____     |
|     / | / // ____// //_/ / ____/ / __ \\/ __ \\/ __ \\   |
|    /  |/ // __/  / ,<   /___ \\ / / / // / / // / / /    |
|   / /|  // /___ / /| | ____/ / / /_/ // /_/ // /_/ /     |
|  /_/ |_//_____//_/ |_|/_____/  \\___/ \\___/ \\___/      |
|                                                          |
|----------------------------------------------------------|
|                                                          |
| NEK5000:  Open Source Spectral Element Solver            |
| COPYRIGHT (c) 2008-2016 UCHICAGO ARGONNE, LLC            |
| Version:  16.0.0                                         |
| Web:      http://nek5000.mcs.anl.gov                     |
|                                                          |
\\----------------------------------------------------------/
                                                              

 Number of processors:         256
 REAL    wdsize      :           8
 INTEGER wdsize      :           4
 Timer accuracy      : 5.01E-07
 Reading /gpfs/theta-fs1/home/thilina/env/lx13/b10.rea                                                                                       

 mapping elements to processors
 Reading /gpfs/theta-fs1/home/thilina/env/lx13/b10.map                                                                                       
 RANK     0 IEG     961     962     969     970
 element load imbalance:            0           4           4
 done :: mapping elements to processors
  
           0  objects found
 118   Parameters from file:
   1      1.00000     p001 DENSITY
   2     -100.000     p002 VISCOS
   7      1.00000     p007 RHOCP
   8      1.00000     p008 CONDUCT
  11      1.00        p011 NSTEPS
  12    -0.500000E-02 p012 DT
  21     0.100000E-05 p021 DIVERGENCE
  22     0.100000E-07 p022 HELMHOLTZ
  24     0.100000E-09 p024 TOLREL
  25     0.100000E-09 p025 TOLABS
  26     0.250000     p026 COURANT/NTAU
  27      2.00000     p027 TORDER
  66      6.00000     p066 output : <0=ascii, else binary
  67      6.00000     p067 restart: <0=ascii, else binary
  99      3.00000     p099 dealiasing: <0--> off/3--> old/4--> new
 103     0.500000E-01 p103 weight of stabilizing filter (.01)
  
 nelgt/nelgv/lelt:        1024        1024         100
 lx1  /lx2  /lx3 :          13          13          13
 done :: read .rea file    1.6837     sec

 setup mesh topology
   Right-handed check complete for    1024 elements. OK.
   setvert3d:  13      452993     1815937      452993      452993
 call usrsetvert
 done :: usrsetvert

gs_setup: 243129 unique labels shared
   pairwise times (avg, min, max): 0.000158602 0.000140214 0.000181508
   crystal router                : 0.000362121 0.000349712 0.000370097
   used all_to_all method: pairwise
   handle bytes (avg, min, max): 66366.5 45980 75692
   buffer bytes (avg, min, max): 37135.5 21424 44960
   setupds time 1.0691E-01 seconds   0 13      452993        1024
           8  max multiplicity
 done :: setup mesh topology
  
 call usrdat
 done :: usrdat

 generate geometry data
 done :: generate geometry data
  
 call usrdat2
 done :: usrdat2

 regenerate geometry data           1
 NOTE: All elements deformed , param(59) ^=0
 done :: regenerate geometry data           1
  
 verify mesh topology
  0.000000000000000E+000   1.00000000000000       Xrange
  0.000000000000000E+000   1.00000000000000       Yrange
  0.000000000000000E+000   1.00000000000000       Zrange
 done :: verify mesh topology
  
 IFTRAN   = T
 IFFLOW   = T
 IFHEAT   = F
 IFSPLIT  = T
 IFLOMACH = F
 IFUSERVP = F
 IFUSERMV = F
 IFSTRS   = F
 IFCHAR   = F
 IFCYCLIC = F
 IFAXIS   = F
 IFMVBD   = F
 IFMELT   = F
 IFMODEL  = F
 IFKEPS   = F
 IFMOAB   = F
 IFNEKNEK = F
 IFSYNC   = T
   
 IFVCOR   = T
 IFINTQ   = F
 IFCWUZ   = F
 IFSWALL  = F
 IFGEOM   = F
 IFSURT   = F
 IFWCNO   = F
   
 IFTMSH for field           1    =  F
 IFADVC for field           1    =  T
 IFNONL for field           1    =  F
   
 Dealiasing enabled, lxd=          19
  
 Estimated eigenvalues
 EIGAA =    9.86960440108936     
 EIGGA =    3825536.01241772     
 EIGAE =    9.86960440108936     
 EIGAS =   8.333333333333333E-002
 EIGGE =    3825536.01241772     
 EIGGS =    2.00000000000000     
  
 verify mesh topology
  0.000000000000000E+000   1.00000000000000       Xrange
  0.000000000000000E+000   1.00000000000000       Yrange
  0.000000000000000E+000   1.00000000000000       Zrange
 done :: verify mesh topology
  
  E-solver strategy:  0 itr
 mg_nx:           1           7          12
 mg_ny:           1           7          12
 mg_nz:           1           7          12
 call usrsetvert
 done :: usrsetvert

gs_setup: 1305 unique labels shared
   pairwise times (avg, min, max): 0.00011508 0.000105381 0.00013299
   crystal router                : 5.46948e-05 5.35011e-05 5.58138e-05
   all reduce                    : 0.000231524 0.000230098 0.000234079
   used all_to_all method: crystal router
   handle bytes (avg, min, max): 7882.5 6900 8844
   buffer bytes (avg, min, max): 903.5 688 1008
   setupds time 1.1904E-02 seconds   1  2        1377        1024
   setvert3d:   4       22433       30625       22433       22433
 call usrsetvert
 done :: usrsetvert

gs_setup: 14169 unique labels shared
   pairwise times (avg, min, max): 0.000117555 0.000105906 0.000127697
   crystal router                : 6.91339e-05 6.84977e-05 7.02143e-05
   all reduce                    : 0.000901605 0.000897884 0.000907302
   used all_to_all method: crystal router
   handle bytes (avg, min, max): 44274.5 33236 52364
   buffer bytes (avg, min, max): 5462.5 4112 6256
   setupds time 3.0992E-02 seconds   2  4       22433        1024
   setvert3d:   8      145953      367137      145953      145953
 call usrsetvert
 done :: usrsetvert

gs_setup: 81369 unique labels shared
   pairwise times (avg, min, max): 0.000124717 0.000106812 0.000140119
   crystal router                : 0.000169361 0.000167203 0.000171685
   all reduce                    : 0.00196535 0.00195608 0.0019769
   used all_to_all method: pairwise
   handle bytes (avg, min, max): 24346.5 16940 27812
   buffer bytes (avg, min, max): 14215.5 8064 17440
   setupds time 1.3675E-01 seconds   3  8      145953        1024
   setvert3d:  10      248417      772705      248417      248417
 call usrsetvert
 done :: usrsetvert

gs_setup: 135705 unique labels shared
   pairwise times (avg, min, max): 0.000132951 0.0001158 0.000148892
   crystal router                : 0.000231129 0.00022738 0.000234985
   used all_to_all method: pairwise
   handle bytes (avg, min, max): 38634.5 26828 44084
   buffer bytes (avg, min, max): 22087.5 12640 26912
   setupds time 6.3989E-02 seconds   4 10      248417        1024
 regenerate geometry data           1
 NOTE: All elements deformed , param(59) ^=0
 done :: regenerate geometry data           1
  
 h1_mg_nx:           1           3          12
 h1_mg_ny:           1           3          12
 h1_mg_nz:           1           3          12
 call usrsetvert
 done :: usrsetvert

gs_setup: 1305 unique labels shared
   pairwise times (avg, min, max): 0.000105253 9.21011e-05 0.00011549
   crystal router                : 7.36929e-05 6.38008e-05 9.17196e-05
   all reduce                    : 0.000222799 0.000221395 0.000226092
   used all_to_all method: crystal router
   handle bytes (avg, min, max): 7882.5 6900 8844
   buffer bytes (avg, min, max): 903.5 688 1008
   setupds time 1.1849E-02 seconds   5  2        1377        1024
   setvert3d:   4       22433       30625       22433       22433
 call usrsetvert
 done :: usrsetvert

gs_setup: 14169 unique labels shared
   pairwise times (avg, min, max): 0.000113944 9.93967e-05 0.000133395
   crystal router                : 8.68682e-05 8.54969e-05 8.95023e-05
   all reduce                    : 0.000885788 0.000882292 0.00089128
   used all_to_all method: crystal router
   handle bytes (avg, min, max): 44274.5 33236 52364
   buffer bytes (avg, min, max): 5462.5 4112 6256
   setupds time 3.4162E-02 seconds   6  4       22433        1024
   setvert3d:   4       22433       30625       22433       22433
 call usrsetvert
 done :: usrsetvert

gs_setup: 14169 unique labels shared
   pairwise times (avg, min, max): 0.000109828 9.16958e-05 0.000120997
   crystal router                : 7.20426e-05 7.0405e-05 7.31945e-05
   all reduce                    : 0.000884677 0.000880814 0.000890422
   used all_to_all method: crystal router
   handle bytes (avg, min, max): 44274.5 33236 52364
   buffer bytes (avg, min, max): 5462.5 4112 6256
   setupds time 2.3342E-02 seconds   7  4       22433        1024
   setvert3d:   6       70625      136161       70625       70625
 call usrsetvert
 done :: usrsetvert

gs_setup: 40857 unique labels shared
   pairwise times (avg, min, max): 0.000112625 9.46999e-05 0.000125694
   crystal router                : 0.000106587 0.000105596 0.000108099
   all reduce                    : 0.00107932 0.00107281 0.00108631
   used all_to_all method: crystal router
   handle bytes (avg, min, max): 112634 81076 135052
   buffer bytes (avg, min, max): 13819.5 10032 15600
   setupds time 5.0276E-02 seconds   8  6       70625        1024
   setvert3d:  13      452993     1815937      452993      452993
 call usrsetvert
 done :: usrsetvert

gs_setup: 243129 unique labels shared
   pairwise times (avg, min, max): 0.000136519 0.000116301 0.000153995
   crystal router                : 0.000339329 0.000334787 0.000343394
   used all_to_all method: pairwise
   handle bytes (avg, min, max): 66366.5 45980 75692
   buffer bytes (avg, min, max): 37135.5 21424 44960
   setupds time 8.6832E-02 seconds   9 13      452993        1024
   setvert3d:  15      623297     2873025      623297      623297
 call usrsetvert
 done :: usrsetvert

gs_setup: 332025 unique labels shared
   pairwise times (avg, min, max): 0.000141803 0.000124383 0.000160599
   crystal router                : 0.000485142 0.000476789 0.000490904
   used all_to_all method: pairwise
   handle bytes (avg, min, max): 89054.5 61628 101564
   buffer bytes (avg, min, max): 49327.5 28560 59552
   setupds time 1.2292E-01 seconds  10 15      623297        1024
 setup h1 coarse grid, nx_crs=           2
 call usrsetvert
 done :: usrsetvert

gs_setup: 1305 unique labels shared
   pairwise times (avg, min, max): 9.56225e-05 8.13961e-05 0.0001086
   crystal router                : 6.08618e-05 5.95808e-05 6.22034e-05
   all reduce                    : 0.000206098 0.0002038 0.000212002
   used all_to_all method: crystal router
   handle bytes (avg, min, max): 7882.5 6900 8844
   buffer bytes (avg, min, max): 903.5 688 1008
 done :: setup h1 coarse grid   4.663896560668945E-002  sec
  
 call usrdat3
 done :: usrdat3

 set initial conditions
 nekuic (1) for ifld            1
 call nekuic for vel  
 xyz min     0.0000       0.0000       0.0000    
 uvwpt min   0.0000       0.0000       0.0000       0.0000       0.0000    
 PS min      0.0000       0.0000      0.99000E+22
 xyz max     1.0000       1.0000       1.0000    
 uvwpt max   0.0000       0.0000       0.0000       0.0000       0.0000    
 PS max      0.0000       0.0000     -0.99000E+22
 done :: set initial conditions
  
 call userchk
GFM max:  4.9968E-04  4.9968E-04  1.9987E-03  3.0423E-17  1.1169E-16  1.1169E-16
 
nelt =       4, np =       256, nx1 =      13, elements =      1024
Solve Time =   0.4430E-09
 
nelt =       4, np =       256, nx1 =      13, elements =      1024
Solve Time =   0.4379E-09
 
nelt =       4, np =       256, nx1 =      13, elements =      1024
Solve Time =   0.4403E-09
 
nelt =       4, np =       256, nx1 =      13, elements =      1024
Solve Time =   0.4342E-09
 
nelt =       4, np =       256, nx1 =      13, elements =      1024
Solve Time =   0.4340E-09
 
nelt =       4, np =       256, nx1 =      13, elements =      1024
Solve Time =   0.4373E-09
 
nelt =       4, np =       256, nx1 =      13, elements =      1024
Solve Time =   0.4403E-09
 
nelt =       4, np =       256, nx1 =      13, elements =      1024
Solve Time =   0.4382E-09
 
nelt =       4, np =       256, nx1 =      13, elements =      1024
Solve Time =   0.4377E-09
 
nelt =       4, np =       256, nx1 =      13, elements =      1024
Solve Time =   0.4390E-09
 
nelt =       4, np =       256, nx1 =      13, elements =      1024
Solve Time =   0.3351E-09
 
nelt =       4, np =       256, nx1 =      13, elements =      1024
Solve Time =   0.3329E-09
 
nelt =       4, np =       256, nx1 =      13, elements =      1024
Solve Time =   0.3345E-09
 
nelt =       4, np =       256, nx1 =      13, elements =      1024
Solve Time =   0.3339E-09
 
nelt =       4, np =       256, nx1 =      13, elements =      1024
Solve Time =   0.3328E-09
 
nelt =       4, np =       256, nx1 =      13, elements =      1024
Solve Time =   0.3325E-09
 
nelt =       4, np =       256, nx1 =      13, elements =      1024
Solve Time =   0.3337E-09
 
nelt =       4, np =       256, nx1 =      13, elements =      1024
Solve Time =   0.3341E-09
 
nelt =       4, np =       256, nx1 =      13, elements =      1024
Solve Time =   0.3339E-09
 
nelt =       4, np =       256, nx1 =      13, elements =      1024
Solve Time =   0.3324E-09
 
nelt =       4, np =       256, nx1 =      13, elements =      1024
Solve Time =   0.3917E-09
 
nelt =       4, np =       256, nx1 =      13, elements =      1024
Solve Time =   0.3903E-09
 
nelt =       4, np =       256, nx1 =      13, elements =      1024
Solve Time =   0.3909E-09
 
nelt =       4, np =       256, nx1 =      13, elements =      1024
Solve Time =   0.3898E-09
 
nelt =       4, np =       256, nx1 =      13, elements =      1024
Solve Time =   0.3907E-09
 
nelt =       4, np =       256, nx1 =      13, elements =      1024
Solve Time =   0.3922E-09
 
nelt =       4, np =       256, nx1 =      13, elements =      1024
Solve Time =   0.3901E-09
 
nelt =       4, np =       256, nx1 =      13, elements =      1024
Solve Time =   0.3899E-09
 
nelt =       4, np =       256, nx1 =      13, elements =      1024
Solve Time =   0.3925E-09
 
nelt =       4, np =       256, nx1 =      13, elements =      1024
Solve Time =   0.3900E-09
 
nelt =       4, np =       256, nx1 =      13, elements =      1024
Solve Time =   0.4318E-09
 
nelt =       4, np =       256, nx1 =      13, elements =      1024
Solve Time =   0.4286E-09
 
nelt =       4, np =       256, nx1 =      13, elements =      1024
Solve Time =   0.4326E-09
 
nelt =       4, np =       256, nx1 =      13, elements =      1024
Solve Time =   0.4313E-09
 
nelt =       4, np =       256, nx1 =      13, elements =      1024
Solve Time =   0.4296E-09
 
nelt =       4, np =       256, nx1 =      13, elements =      1024
Solve Time =   0.4306E-09
 
nelt =       4, np =       256, nx1 =      13, elements =      1024
Solve Time =   0.4327E-09
 
nelt =       4, np =       256, nx1 =      13, elements =      1024
Solve Time =   0.4286E-09
 
nelt =       4, np =       256, nx1 =      13, elements =      1024
Solve Time =   0.4294E-09
 
nelt =       4, np =       256, nx1 =      13, elements =      1024
Solve Time =   0.4320E-09
 
nelt =       4, np =       256, nx1 =      13, elements =      1024
Solve Time =   0.4746E-09
 
nelt =       4, np =       256, nx1 =      13, elements =      1024
Solve Time =   0.4705E-09
 
nelt =       4, np =       256, nx1 =      13, elements =      1024
Solve Time =   0.4739E-09
 
nelt =       4, np =       256, nx1 =      13, elements =      1024
Solve Time =   0.4717E-09
 
nelt =       4, np =       256, nx1 =      13, elements =      1024
Solve Time =   0.4766E-09
 
nelt =       4, np =       256, nx1 =      13, elements =      1024
Solve Time =   0.4737E-09
 
nelt =       4, np =       256, nx1 =      13, elements =      1024
Solve Time =   0.4737E-09
 
nelt =       4, np =       256, nx1 =      13, elements =      1024
Solve Time =   0.4711E-09
 
nelt =       4, np =       256, nx1 =      13, elements =      1024
Solve Time =   0.4738E-09
 
nelt =       4, np =       256, nx1 =      13, elements =      1024
Solve Time =   0.4733E-09
 schfile:
 /gpfs/theta-fs1/home/thilina/env/lx13/b10.sch                                  
                                                      
 13     1024  1.0000E+00  1.0000E+00  1.0000E+00  error v
 13     1024  1.0000E+00  1.0000E+00  1.0000E+00  error v
 13     1024  1.0000E+00  1.0000E+00  1.0000E+00  error v
 13     1024  1.0000E+00  1.0000E+00  1.0000E+00  error v
 13     1024  1.0000E+00  1.0000E+00  1.0000E+00  error v
 13     1024  1.0000E+00  1.0000E+00  1.0000E+00  error v
 13     1024  1.0000E+00  1.0000E+00  1.0000E+00  error v
 13     1024  1.0000E+00  1.0000E+00  1.0000E+00  error v
 13     1024  1.0000E+00  1.0000E+00  1.0000E+00  error v
 13     1024  1.0000E+00  1.0000E+00  1.0000E+00  error v
 13     1024  1.0000E+00  1.0000E+00  1.0000E+00  error v
 13     1024  1.0000E+00  1.0000E+00  1.0000E+00  error v
 13     1024  1.0000E+00  1.0000E+00  1.0000E+00  error v
 13     1024  1.0000E+00  1.0000E+00  1.0000E+00  error v
 13     1024  1.0000E+00  1.0000E+00  1.0000E+00  error v
 13     1024  1.0000E+00  1.0000E+00  1.0000E+00  error v
 13     1024  1.0000E+00  1.0000E+00  1.0000E+00  error v
 13     1024  1.0000E+00  1.0000E+00  1.0000E+00  error v
 13     1024  1.0000E+00  1.0000E+00  1.0000E+00  error v
 13     1024  1.0000E+00  1.0000E+00  1.0000E+00  error v
 13     1024  1.0000E+00  1.0000E+00  1.0000E+00  error v
 13     1024  1.0000E+00  1.0000E+00  1.0000E+00  error v
 13     1024  1.0000E+00  1.0000E+00  1.0000E+00  error v
 13     1024  1.0000E+00  1.0000E+00  1.0000E+00  error v
 13     1024  1.0000E+00  1.0000E+00  1.0000E+00  error v
 13     1024  1.0000E+00  1.0000E+00  1.0000E+00  error v
 13     1024  1.0000E+00  1.0000E+00  1.0000E+00  error v
 13     1024  1.0000E+00  1.0000E+00  1.0000E+00  error v
 13     1024  1.0000E+00  1.0000E+00  1.0000E+00  error v
 13     1024  1.0000E+00  1.0000E+00  1.0000E+00  error v
 13     1024  1.0000E+00  1.0000E+00  1.0000E+00  error v
 13     1024  1.0000E+00  1.0000E+00  1.0000E+00  error v
 13     1024  1.0000E+00  1.0000E+00  1.0000E+00  error v
 13     1024  1.0000E+00  1.0000E+00  1.0000E+00  error v
 13     1024  1.0000E+00  1.0000E+00  1.0000E+00  error v
 13     1024  1.0000E+00  1.0000E+00  1.0000E+00  error v
 13     1024  1.0000E+00  1.0000E+00  1.0000E+00  error v
 13     1024  1.0000E+00  1.0000E+00  1.0000E+00  error v
 13     1024  1.0000E+00  1.0000E+00  1.0000E+00  error v
 13     1024  1.0000E+00  1.0000E+00  1.0000E+00  error v
 13     1024  1.0000E+00  1.0000E+00  1.0000E+00  error v
 13     1024  1.0000E+00  1.0000E+00  1.0000E+00  error v
 13     1024  1.0000E+00  1.0000E+00  1.0000E+00  error v
 13     1024  1.0000E+00  1.0000E+00  1.0000E+00  error v
 13     1024  1.0000E+00  1.0000E+00  1.0000E+00  error v
 13     1024  1.0000E+00  1.0000E+00  1.0000E+00  error v
 13     1024  1.0000E+00  1.0000E+00  1.0000E+00  error v
 13     1024  1.0000E+00  1.0000E+00  1.0000E+00  error v
 13     1024  1.0000E+00  1.0000E+00  1.0000E+00  error v
 13     1024  1.0000E+00  1.0000E+00  1.0000E+00  error v
 13     1024  1.0000E+00  1.0000E+00  1.0000E+00  error v
 13     1024  1.0000E+00  1.0000E+00  1.0000E+00  error v
 13     1024  1.0000E+00  1.0000E+00  1.0000E+00  error v
 13     1024  1.0000E+00  1.0000E+00  1.0000E+00  error v
 13     1024  1.0000E+00  1.0000E+00  1.0000E+00  error v
 13     1024  1.0000E+00  1.0000E+00  1.0000E+00  error v
 13     1024  1.0000E+00  1.0000E+00  1.0000E+00  error v
 13     1024  1.0000E+00  1.0000E+00  1.0000E+00  error v
 13     1024  1.0000E+00  1.0000E+00  1.0000E+00  error v
 13     1024  1.0000E+00  1.0000E+00  1.0000E+00  error v
 13     1024  1.0000E+00  1.0000E+00  1.0000E+00  error v
 13     1024  1.0000E+00  1.0000E+00  1.0000E+00  error v
 13     1024  1.0000E+00  1.0000E+00  1.0000E+00  error v
 13     1024  1.0000E+00  1.0000E+00  1.0000E+00  error v
 13     1024  1.0000E+00  1.0000E+00  1.0000E+00  error v
 13     1024  1.0000E+00  1.0000E+00  1.0000E+00  error v
 13     1024  1.0000E+00  1.0000E+00  1.0000E+00  error v
 13     1024  1.0000E+00  1.0000E+00  1.0000E+00  error v
 13     1024  1.0000E+00  1.0000E+00  1.0000E+00  error v
 13     1024  1.0000E+00  1.0000E+00  1.0000E+00  error v
 13     1024  1.0000E+00  1.0000E+00  1.0000E+00  error v
 13     1024  1.0000E+00  1.0000E+00  1.0000E+00  error v
 13     1024  1.0000E+00  1.0000E+00  1.0000E+00  error v
 13     1024  1.0000E+00  1.0000E+00  1.0000E+00  error v
 13     1024  1.0000E+00  1.0000E+00  1.0000E+00  error v
 13     1024  1.0000E+00  1.0000E+00  1.0000E+00  error v
 13     1024  1.0000E+00  1.0000E+00  1.0000E+00  error v
 13     1024  1.0000E+00  1.0000E+00  1.0000E+00  error v
 13     1024  1.0000E+00  1.0000E+00  1.0000E+00  error v
 13     1024  1.0000E+00  1.0000E+00  1.0000E+00  error v
 13     1024  1.0000E+00  1.0000E+00  1.0000E+00  error v
 13     1024  1.0000E+00  1.0000E+00  1.0000E+00  error v
 13     1024  1.0000E+00  1.0000E+00  1.0000E+00  error v
 13     1024  1.0000E+00  1.0000E+00  1.0000E+00  error v
 13     1024  1.0000E+00  1.0000E+00  1.0000E+00  error v
 13     1024  1.0000E+00  1.0000E+00  1.0000E+00  error v
 13     1024  1.0000E+00  1.0000E+00  1.0000E+00  error v
 13     1024  1.0000E+00  1.0000E+00  1.0000E+00  error v
 13     1024  1.0000E+00  1.0000E+00  1.0000E+00  error v
 13     1024  1.0000E+00  1.0000E+00  1.0000E+00  error v
 13     1024  1.0000E+00  1.0000E+00  1.0000E+00  error v
 13     1024  1.0000E+00  1.0000E+00  1.0000E+00  error v
 13     1024  1.0000E+00  1.0000E+00  1.0000E+00  error v
 13     1024  1.0000E+00  1.0000E+00  1.0000E+00  error v
 13     1024  1.0000E+00  1.0000E+00  1.0000E+00  error v
 13     1024  1.0000E+00  1.0000E+00  1.0000E+00  error v
 13     1024  1.0000E+00  1.0000E+00  1.0000E+00  error v
 13     1024  1.0000E+00  1.0000E+00  1.0000E+00  error v
 13     1024  1.0000E+00  1.0000E+00  1.0000E+00  error v
 13     1024  1.0000E+00  1.0000E+00  1.0000E+00  error v
 13     1024  1.0000E+00  1.0000E+00  1.0000E+00  error v
 13     1024  1.0000E+00  1.0000E+00  1.0000E+00  error v
 13     1024  1.0000E+00  1.0000E+00  1.0000E+00  error v
 13     1024  1.0000E+00  1.0000E+00  1.0000E+00  error v
 13     1024  1.0000E+00  1.0000E+00  1.0000E+00  error v
 13     1024  1.0000E+00  1.0000E+00  1.0000E+00  error v
 13     1024  1.0000E+00  1.0000E+00  1.0000E+00  error v
 13     1024  1.0000E+00  1.0000E+00  1.0000E+00  error v
 13     1024  1.0000E+00  1.0000E+00  1.0000E+00  error v
 13     1024  1.0000E+00  1.0000E+00  1.0000E+00  error v
 13     1024  1.0000E+00  1.0000E+00  1.0000E+00  error v
 13     1024  1.0000E+00  1.0000E+00  1.0000E+00  error v
 13     1024  1.0000E+00  1.0000E+00  1.0000E+00  error v
 13     1024  1.0000E+00  1.0000E+00  1.0000E+00  error v
 13     1024  1.0000E+00  1.0000E+00  1.0000E+00  error v
 13     1024  1.0000E+00  1.0000E+00  1.0000E+00  error v
 13     1024  1.0000E+00  1.0000E+00  1.0000E+00  error v
 13     1024  1.0000E+00  1.0000E+00  1.0000E+00  error v
 13     1024  1.0000E+00  1.0000E+00  1.0000E+00  error v
 13     1024  1.0000E+00  1.0000E+00  1.0000E+00  error v
 13     1024  1.0000E+00  1.0000E+00  1.0000E+00  error v
 13     1024  1.0000E+00  1.0000E+00  1.0000E+00  error v
 13     1024  1.0000E+00  1.0000E+00  1.0000E+00  error v
 13     1024  1.0000E+00  1.0000E+00  1.0000E+00  error v
 13     1024  1.0000E+00  1.0000E+00  1.0000E+00  error v
 13     1024  1.0000E+00  1.0000E+00  1.0000E+00  error v
 13     1024  1.0000E+00  1.0000E+00  1.0000E+00  error v
 13     1024  1.0000E+00  1.0000E+00  1.0000E+00  error v
 13     1024  1.0000E+00  1.0000E+00  1.0000E+00  error v
 13     1024  1.0000E+00  1.0000E+00  1.0000E+00  error v
 13     1024  1.0000E+00  1.0000E+00  1.0000E+00  error v
 13     1024  1.0000E+00  1.0000E+00  1.0000E+00  error v
 13     1024  1.0000E+00  1.0000E+00  1.0000E+00  error v
 13     1024  1.0000E+00  1.0000E+00  1.0000E+00  error v
 13     1024  1.0000E+00  1.0000E+00  1.0000E+00  error v
 13     1024  1.0000E+00  1.0000E+00  1.0000E+00  error v
 13     1024  1.0000E+00  1.0000E+00  1.0000E+00  error v
 13     1024  1.0000E+00  1.0000E+00  1.0000E+00  error v
 13     1024  1.0000E+00  1.0000E+00  1.0000E+00  error v
 13     1024  1.0000E+00  1.0000E+00  1.0000E+00  error v
 13     1024  1.0000E+00  1.0000E+00  1.0000E+00  error v
 13     1024  1.0000E+00  1.0000E+00  1.0000E+00  error v
 13     1024  1.0000E+00  1.0000E+00  1.0000E+00  error v
 13     1024  1.0000E+00  1.0000E+00  1.0000E+00  error v
 13     1024  1.0000E+00  1.0000E+00  1.0000E+00  error v
 13     1024  1.0000E+00  1.0000E+00  1.0000E+00  error v
 13     1024  1.0000E+00  1.0000E+00  1.0000E+00  error v
 13     1024  1.0000E+00  1.0000E+00  1.0000E+00  error v
 13     1024  1.0000E+00  1.0000E+00  1.0000E+00  error v
 13     1024  1.0000E+00  1.0000E+00  1.0000E+00  error v
 13     1024  1.0000E+00  1.0000E+00  1.0000E+00  error v
 13     1024  1.0000E+00  1.0000E+00  1.0000E+00  error v
 13     1024  1.0000E+00  1.0000E+00  1.0000E+00  error v
 13     1024  1.0000E+00  1.0000E+00  1.0000E+00  error v
 13     1024  1.0000E+00  1.0000E+00  1.0000E+00  error v
 13     1024  1.0000E+00  1.0000E+00  1.0000E+00  error v
 13     1024  1.0000E+00  1.0000E+00  1.0000E+00  error v
 13     1024  1.0000E+00  1.0000E+00  1.0000E+00  error v
 13     1024  1.0000E+00  1.0000E+00  1.0000E+00  error v
 13     1024  1.0000E+00  1.0000E+00  1.0000E+00  error v
 13     1024  1.0000E+00  1.0000E+00  1.0000E+00  error v
 13     1024  1.0000E+00  1.0000E+00  1.0000E+00  error v
 13     1024  1.0000E+00  1.0000E+00  1.0000E+00  error v
 13     1024  1.0000E+00  1.0000E+00  1.0000E+00  error v
 13     1024  1.0000E+00  1.0000E+00  1.0000E+00  error v
 13     1024  1.0000E+00  1.0000E+00  1.0000E+00  error v
 13     1024  1.0000E+00  1.0000E+00  1.0000E+00  error v
 13     1024  1.0000E+00  1.0000E+00  1.0000E+00  error v
 13     1024  1.0000E+00  1.0000E+00  1.0000E+00  error v
 13     1024  1.0000E+00  1.0000E+00  1.0000E+00  error v
 13     1024  1.0000E+00  1.0000E+00  1.0000E+00  error v
 13     1024  1.0000E+00  1.0000E+00  1.0000E+00  error v
 13     1024  1.0000E+00  1.0000E+00  1.0000E+00  error v
 13     1024  1.0000E+00  1.0000E+00  1.0000E+00  error v
 13     1024  1.0000E+00  1.0000E+00  1.0000E+00  error v
 13     1024  1.0000E+00  1.0000E+00  1.0000E+00  error v
 13     1024  1.0000E+00  1.0000E+00  1.0000E+00  error v
 13     1024  1.0000E+00  1.0000E+00  1.0000E+00  error v
 13     1024  1.0000E+00  1.0000E+00  1.0000E+00  error v
 13     1024  1.0000E+00  1.0000E+00  1.0000E+00  error v
 13     1024  1.0000E+00  1.0000E+00  1.0000E+00  error v
 13     1024  1.0000E+00  1.0000E+00  1.0000E+00  error v
 13     1024  1.0000E+00  1.0000E+00  1.0000E+00  error v
 13     1024  1.0000E+00  1.0000E+00  1.0000E+00  error v
 13     1024  1.0000E+00  1.0000E+00  1.0000E+00  error v
 13     1024  1.0000E+00  1.0000E+00  1.0000E+00  error v
 13     1024  1.0000E+00  1.0000E+00  1.0000E+00  error v
 13     1024  1.0000E+00  1.0000E+00  1.0000E+00  error v
 13     1024  1.0000E+00  1.0000E+00  1.0000E+00  error v
 13     1024  1.0000E+00  1.0000E+00  1.0000E+00  error v
 13     1024  1.0000E+00  1.0000E+00  1.0000E+00  error v
 13     1024  1.0000E+00  1.0000E+00  1.0000E+00  error v
 13     1024  1.0000E+00  1.0000E+00  1.0000E+00  error v
 13     1024  1.0000E+00  1.0000E+00  1.0000E+00  error v
 13     1024  1.0000E+00  1.0000E+00  1.0000E+00  error v
 13     1024  1.0000E+00  1.0000E+00  1.0000E+00  error v
 13     1024  1.0000E+00  1.0000E+00  1.0000E+00  error v
 13     1024  1.0000E+00  1.0000E+00  1.0000E+00  error v
 13     1024  1.0000E+00  1.0000E+00  1.0000E+00  error v
 13     1024  1.0000E+00  1.0000E+00  1.0000E+00  error v
 13     1024  1.0000E+00  1.0000E+00  1.0000E+00  error v
 13     1024  1.0000E+00  1.0000E+00  1.0000E+00  error v
 13     1024  1.0000E+00  1.0000E+00  1.0000E+00  error v
 13     1024  1.0000E+00  1.0000E+00  1.0000E+00  error v
 13     1024  1.0000E+00  1.0000E+00  1.0000E+00  error v
 13     1024  1.0000E+00  1.0000E+00  1.0000E+00  error v
 13     1024  1.0000E+00  1.0000E+00  1.0000E+00  error v
 13     1024  1.0000E+00  1.0000E+00  1.0000E+00  error v
 13     1024  1.0000E+00  1.0000E+00  1.0000E+00  error v
 13     1024  1.0000E+00  1.0000E+00  1.0000E+00  error v
 13     1024  1.0000E+00  1.0000E+00  1.0000E+00  error v
 13     1024  1.0000E+00  1.0000E+00  1.0000E+00  error v
 13     1024  1.0000E+00  1.0000E+00  1.0000E+00  error v
 13     1024  1.0000E+00  1.0000E+00  1.0000E+00  error v
 13     1024  1.0000E+00  1.0000E+00  1.0000E+00  error v
 13     1024  1.0000E+00  1.0000E+00  1.0000E+00  error v
 13     1024  1.0000E+00  1.0000E+00  1.0000E+00  error v
 13     1024  1.0000E+00  1.0000E+00  1.0000E+00  error v
 13     1024  1.0000E+00  1.0000E+00  1.0000E+00  error v
 13     1024  1.0000E+00  1.0000E+00  1.0000E+00  error v
 13     1024  1.0000E+00  1.0000E+00  1.0000E+00  error v
 13     1024  1.0000E+00  1.0000E+00  1.0000E+00  error v
 13     1024  1.0000E+00  1.0000E+00  1.0000E+00  error v
 13     1024  1.0000E+00  1.0000E+00  1.0000E+00  error v
 13     1024  1.0000E+00  1.0000E+00  1.0000E+00  error v
 13     1024  1.0000E+00  1.0000E+00  1.0000E+00  error v
 13     1024  1.0000E+00  1.0000E+00  1.0000E+00  error v
 13     1024  1.0000E+00  1.0000E+00  1.0000E+00  error v
 13     1024  1.0000E+00  1.0000E+00  1.0000E+00  error v
 13     1024  1.0000E+00  1.0000E+00  1.0000E+00  error v
 13     1024  1.0000E+00  1.0000E+00  1.0000E+00  error v
 13     1024  1.0000E+00  1.0000E+00  1.0000E+00  error v
 13     1024  1.0000E+00  1.0000E+00  1.0000E+00  error v
 13     1024  1.0000E+00  1.0000E+00  1.0000E+00  error v
 13     1024  1.0000E+00  1.0000E+00  1.0000E+00  error v
 13     1024  1.0000E+00  1.0000E+00  1.0000E+00  error v
 13     1024  1.0000E+00  1.0000E+00  1.0000E+00  error v
 13     1024  1.0000E+00  1.0000E+00  1.0000E+00  error v
 13     1024  1.0000E+00  1.0000E+00  1.0000E+00  error v
 13     1024  1.0000E+00  1.0000E+00  1.0000E+00  error v
 13     1024  1.0000E+00  1.0000E+00  1.0000E+00  error v
 13     1024  1.0000E+00  1.0000E+00  1.0000E+00  error v
 13     1024  1.0000E+00  1.0000E+00  1.0000E+00  error v
 13     1024  1.0000E+00  1.0000E+00  1.0000E+00  error v
 13     1024  1.0000E+00  1.0000E+00  1.0000E+00  error v
 13     1024  1.0000E+00  1.0000E+00  1.0000E+00  error v
 13     1024  1.0000E+00  1.0000E+00  1.0000E+00  error v
 13     1024  1.0000E+00  1.0000E+00  1.0000E+00  error v
 13     1024  1.0000E+00  1.0000E+00  1.0000E+00  error v
 13     1024  1.0000E+00  1.0000E+00  1.0000E+00  error v
 13     1024  1.0000E+00  1.0000E+00  1.0000E+00  error v
 13     1024  1.0000E+00  1.0000E+00  1.0000E+00  error v
 13     1024  1.0000E+00  1.0000E+00  1.0000E+00  error v
 13     1024  1.0000E+00  1.0000E+00  1.0000E+00  error v
 13     1024  1.0000E+00  1.0000E+00  1.0000E+00  error v
 13     1024  1.0000E+00  1.0000E+00  1.0000E+00  error v
 
nelt =       4, np =       256, nx1 =      13, elements =      1024
Solve Time =   0.6777E-09
 
nelt =       4, np =       256, nx1 =      13, elements =      1024
Solve Time =   0.6691E-09
 
nelt =       4, np =       256, nx1 =      13, elements =      1024
Solve Time =   0.6655E-09
 
nelt =       4, np =       256, nx1 =      13, elements =      1024
Solve Time =   0.6699E-09
 
nelt =       4, np =       256, nx1 =      13, elements =      1024
Solve Time =   0.6661E-09
 
nelt =       4, np =       256, nx1 =      13, elements =      1024
Solve Time =   0.6672E-09
 
nelt =       4, np =       256, nx1 =      13, elements =      1024
Solve Time =   0.6681E-09
 
nelt =       4, np =       256, nx1 =      13, elements =      1024
Solve Time =   0.6665E-09
 
nelt =       4, np =       256, nx1 =      13, elements =      1024
Solve Time =   0.6680E-09
 
nelt =       4, np =       256, nx1 =      13, elements =      1024
Solve Time =   0.6656E-09
 13     1024  5.2584E-07  5.2584E-07  5.2584E-07  error s
 13     1024  5.2584E-07  5.2584E-07  5.2584E-07  error s
 13     1024  5.2584E-07  5.2584E-07  5.2584E-07  error s
 13     1024  5.2584E-07  5.2584E-07  5.2584E-07  error s
 13     1024  5.2584E-07  5.2584E-07  5.2584E-07  error s
 13     1024  5.2584E-07  5.2584E-07  5.2584E-07  error s
 13     1024  5.2584E-07  5.2584E-07  5.2584E-07  error s
 13     1024  5.2584E-07  5.2584E-07  5.2584E-07  error s
 13     1024  5.2584E-07  5.2584E-07  5.2584E-07  error s
 13     1024  5.2584E-07  5.2584E-07  5.2584E-07  error s
 13     1024  5.2584E-07  5.2584E-07  5.2584E-07  error s
 13     1024  5.2584E-07  5.2584E-07  5.2584E-07  error s
 13     1024  5.2584E-07  5.2584E-07  5.2584E-07  error s
 13     1024  5.2584E-07  5.2584E-07  5.2584E-07  error s
 13     1024  5.2584E-07  5.2584E-07  5.2584E-07  error s
 13     1024  5.2584E-07  5.2584E-07  5.2584E-07  error s
 13     1024  5.2584E-07  5.2584E-07  5.2584E-07  error s
 13     1024  5.2584E-07  5.2584E-07  5.2584E-07  error s
 13     1024  5.2584E-07  5.2584E-07  5.2584E-07  error s
 13     1024  5.2584E-07  5.2584E-07  5.2584E-07  error s
 13     1024  5.2584E-07  5.2584E-07  5.2584E-07  error s
 13     1024  5.2584E-07  5.2584E-07  5.2584E-07  error s
 13     1024  5.2584E-07  5.2584E-07  5.2584E-07  error s
 13     1024  5.2584E-07  5.2584E-07  5.2584E-07  error s
 13     1024  5.2584E-07  5.2584E-07  5.2584E-07  error s
 13     1024  5.2584E-07  5.2584E-07  5.2584E-07  error s
 13     1024  5.2584E-07  5.2584E-07  5.2584E-07  error s
 13     1024  5.2584E-07  5.2584E-07  5.2584E-07  error s
 13     1024  5.2584E-07  5.2584E-07  5.2584E-07  error s
 13     1024  5.2584E-07  5.2584E-07  5.2584E-07  error s
 13     1024  5.2584E-07  5.2584E-07  5.2584E-07  error s
 13     1024  5.2584E-07  5.2584E-07  5.2584E-07  error s
 13     1024  5.2584E-07  5.2584E-07  5.2584E-07  error s
 13     1024  5.2584E-07  5.2584E-07  5.2584E-07  error s
 13     1024  5.2584E-07  5.2584E-07  5.2584E-07  error s
 13     1024  5.2584E-07  5.2584E-07  5.2584E-07  error s
 13     1024  5.2584E-07  5.2584E-07  5.2584E-07  error s
 13     1024  5.2584E-07  5.2584E-07  5.2584E-07  error s
 13     1024  5.2584E-07  5.2584E-07  5.2584E-07  error s
 13     1024  5.2584E-07  5.2584E-07  5.2584E-07  error s
 13     1024  5.2584E-07  5.2584E-07  5.2584E-07  error s
 13     1024  5.2584E-07  5.2584E-07  5.2584E-07  error s
 13     1024  5.2584E-07  5.2584E-07  5.2584E-07  error s
 13     1024  5.2584E-07  5.2584E-07  5.2584E-07  error s
 13     1024  5.2584E-07  5.2584E-07  5.2584E-07  error s
 13     1024  5.2584E-07  5.2584E-07  5.2584E-07  error s
 13     1024  5.2584E-07  5.2584E-07  5.2584E-07  error s
 13     1024  5.2584E-07  5.2584E-07  5.2584E-07  error s
 13     1024  5.2584E-07  5.2584E-07  5.2584E-07  error s
 13     1024  5.2584E-07  5.2584E-07  5.2584E-07  error s
 13     1024  5.2584E-07  5.2584E-07  5.2584E-07  error s
 13     1024  5.2584E-07  5.2584E-07  5.2584E-07  error s
 13     1024  5.2584E-07  5.2584E-07  5.2584E-07  error s
 13     1024  5.2584E-07  5.2584E-07  5.2584E-07  error s
 13     1024  5.2584E-07  5.2584E-07  5.2584E-07  error s
 13     1024  5.2584E-07  5.2584E-07  5.2584E-07  error s
 13     1024  5.2584E-07  5.2584E-07  5.2584E-07  error s
 13     1024  5.2584E-07  5.2584E-07  5.2584E-07  error s
 13     1024  5.2584E-07  5.2584E-07  5.2584E-07  error s
 13     1024  5.2584E-07  5.2584E-07  5.2584E-07  error s
 13     1024  5.2584E-07  5.2584E-07  5.2584E-07  error s
 13     1024  5.2584E-07  5.2584E-07  5.2584E-07  error s
 13     1024  5.2584E-07  5.2584E-07  5.2584E-07  error s
 13     1024  5.2584E-07  5.2584E-07  5.2584E-07  error s
 13     1024  5.2584E-07  5.2584E-07  5.2584E-07  error s
 13     1024  5.2584E-07  5.2584E-07  5.2584E-07  error s
 13     1024  5.2584E-07  5.2584E-07  5.2584E-07  error s
 13     1024  5.2584E-07  5.2584E-07  5.2584E-07  error s
 13     1024  5.2584E-07  5.2584E-07  5.2584E-07  error s
 13     1024  5.2584E-07  5.2584E-07  5.2584E-07  error s
 13     1024  5.2584E-07  5.2584E-07  5.2584E-07  error s
 13     1024  5.2584E-07  5.2584E-07  5.2584E-07  error s
 13     1024  5.2584E-07  5.2584E-07  5.2584E-07  error s
 13     1024  5.2584E-07  5.2584E-07  5.2584E-07  error s
 13     1024  5.2584E-07  5.2584E-07  5.2584E-07  error s
 13     1024  5.2584E-07  5.2584E-07  5.2584E-07  error s
 13     1024  5.2584E-07  5.2584E-07  5.2584E-07  error s
 13     1024  5.2584E-07  5.2584E-07  5.2584E-07  error s
 13     1024  5.2584E-07  5.2584E-07  5.2584E-07  error s
 13     1024  5.2584E-07  5.2584E-07  5.2584E-07  error s
 13     1024  5.2584E-07  5.2584E-07  5.2584E-07  error s
 13     1024  5.2584E-07  5.2584E-07  5.2584E-07  error s
 13     1024  5.2584E-07  5.2584E-07  5.2584E-07  error s
 13     1024  5.2584E-07  5.2584E-07  5.2584E-07  error s
 13     1024  5.2584E-07  5.2584E-07  5.2584E-07  error s
 13     1024  5.2584E-07  5.2584E-07  5.2584E-07  error s
 13     1024  5.2584E-07  5.2584E-07  5.2584E-07  error s
 13     1024  5.2584E-07  5.2584E-07  5.2584E-07  error s
 13     1024  5.2584E-07  5.2584E-07  5.2584E-07  error s
 13     1024  5.2584E-07  5.2584E-07  5.2584E-07  error s
 13     1024  5.2584E-07  5.2584E-07  5.2584E-07  error s
 13     1024  5.2584E-07  5.2584E-07  5.2584E-07  error s
 13     1024  5.2584E-07  5.2584E-07  5.2584E-07  error s
 13     1024  5.2584E-07  5.2584E-07  5.2584E-07  error s
 13     1024  5.2584E-07  5.2584E-07  5.2584E-07  error s
 13     1024  5.2584E-07  5.2584E-07  5.2584E-07  error s
 13     1024  5.2584E-07  5.2584E-07  5.2584E-07  error s
 13     1024  5.2584E-07  5.2584E-07  5.2584E-07  error s
 13     1024  5.2584E-07  5.2584E-07  5.2584E-07  error s
 13     1024  5.2584E-07  5.2584E-07  5.2584E-07  error s
 13     1024  5.2584E-07  5.2584E-07  5.2584E-07  error s
 13     1024  5.2584E-07  5.2584E-07  5.2584E-07  error s
 13     1024  5.2584E-07  5.2584E-07  5.2584E-07  error s
 13     1024  5.2584E-07  5.2584E-07  5.2584E-07  error s
 13     1024  5.2584E-07  5.2584E-07  5.2584E-07  error s
 13     1024  5.2584E-07  5.2584E-07  5.2584E-07  error s
 13     1024  5.2584E-07  5.2584E-07  5.2584E-07  error s
 13     1024  5.2584E-07  5.2584E-07  5.2584E-07  error s
 13     1024  5.2584E-07  5.2584E-07  5.2584E-07  error s
 13     1024  5.2584E-07  5.2584E-07  5.2584E-07  error s
 13     1024  5.2584E-07  5.2584E-07  5.2584E-07  error s
 13     1024  5.2584E-07  5.2584E-07  5.2584E-07  error s
 13     1024  5.2584E-07  5.2584E-07  5.2584E-07  error s
 13     1024  5.2584E-07  5.2584E-07  5.2584E-07  error s
 13     1024  5.2584E-07  5.2584E-07  5.2584E-07  error s
 13     1024  5.2584E-07  5.2584E-07  5.2584E-07  error s
 13     1024  5.2584E-07  5.2584E-07  5.2584E-07  error s
 13     1024  5.2584E-07  5.2584E-07  5.2584E-07  error s
 13     1024  5.2584E-07  5.2584E-07  5.2584E-07  error s
 13     1024  5.2584E-07  5.2584E-07  5.2584E-07  error s
 13     1024  5.2584E-07  5.2584E-07  5.2584E-07  error s
 13     1024  5.2584E-07  5.2584E-07  5.2584E-07  error s
 13     1024  5.2584E-07  5.2584E-07  5.2584E-07  error s
 13     1024  5.2584E-07  5.2584E-07  5.2584E-07  error s
 13     1024  5.2584E-07  5.2584E-07  5.2584E-07  error s
 13     1024  5.2584E-07  5.2584E-07  5.2584E-07  error s
 13     1024  5.2584E-07  5.2584E-07  5.2584E-07  error s
 13     1024  5.2584E-07  5.2584E-07  5.2584E-07  error s
 13     1024  5.2584E-07  5.2584E-07  5.2584E-07  error s
 13     1024  5.2584E-07  5.2584E-07  5.2584E-07  error s
 13     1024  5.2584E-07  5.2584E-07  5.2584E-07  error s
 13     1024  5.2584E-07  5.2584E-07  5.2584E-07  error s
 13     1024  5.2584E-07  5.2584E-07  5.2584E-07  error s
 13     1024  5.2584E-07  5.2584E-07  5.2584E-07  error s
 13     1024  5.2584E-07  5.2584E-07  5.2584E-07  error s
 13     1024  5.2584E-07  5.2584E-07  5.2584E-07  error s
 13     1024  5.2584E-07  5.2584E-07  5.2584E-07  error s
 13     1024  5.2584E-07  5.2584E-07  5.2584E-07  error s
 13     1024  5.2584E-07  5.2584E-07  5.2584E-07  error s
 13     1024  5.2584E-07  5.2584E-07  5.2584E-07  error s
 13     1024  5.2584E-07  5.2584E-07  5.2584E-07  error s
 13     1024  5.2584E-07  5.2584E-07  5.2584E-07  error s
 13     1024  5.2584E-07  5.2584E-07  5.2584E-07  error s
 13     1024  5.2584E-07  5.2584E-07  5.2584E-07  error s
 13     1024  5.2584E-07  5.2584E-07  5.2584E-07  error s
 13     1024  5.2584E-07  5.2584E-07  5.2584E-07  error s
 13     1024  5.2584E-07  5.2584E-07  5.2584E-07  error s
 13     1024  5.2584E-07  5.2584E-07  5.2584E-07  error s
 13     1024  5.2584E-07  5.2584E-07  5.2584E-07  error s
 13     1024  5.2584E-07  5.2584E-07  5.2584E-07  error s
 13     1024  5.2584E-07  5.2584E-07  5.2584E-07  error s
 13     1024  5.2584E-07  5.2584E-07  5.2584E-07  error s
 13     1024  5.2584E-07  5.2584E-07  5.2584E-07  error s
 13     1024  5.2584E-07  5.2584E-07  5.2584E-07  error s
 13     1024  5.2584E-07  5.2584E-07  5.2584E-07  error s
 13     1024  5.2584E-07  5.2584E-07  5.2584E-07  error s
 13     1024  5.2584E-07  5.2584E-07  5.2584E-07  error s
 13     1024  5.2584E-07  5.2584E-07  5.2584E-07  error s
 13     1024  5.2584E-07  5.2584E-07  5.2584E-07  error s
 13     1024  5.2584E-07  5.2584E-07  5.2584E-07  error s
 13     1024  5.2584E-07  5.2584E-07  5.2584E-07  error s
 13     1024  5.2584E-07  5.2584E-07  5.2584E-07  error s
 13     1024  5.2584E-07  5.2584E-07  5.2584E-07  error s
 13     1024  5.2584E-07  5.2584E-07  5.2584E-07  error s
 13     1024  5.2584E-07  5.2584E-07  5.2584E-07  error s
 13     1024  5.2584E-07  5.2584E-07  5.2584E-07  error s
 13     1024  5.2584E-07  5.2584E-07  5.2584E-07  error s
 13     1024  5.2584E-07  5.2584E-07  5.2584E-07  error s
 13     1024  5.2584E-07  5.2584E-07  5.2584E-07  error s
 13     1024  5.2584E-07  5.2584E-07  5.2584E-07  error s
 13     1024  5.2584E-07  5.2584E-07  5.2584E-07  error s
 13     1024  5.2584E-07  5.2584E-07  5.2584E-07  error s
 13     1024  5.2584E-07  5.2584E-07  5.2584E-07  error s
 13     1024  5.2584E-07  5.2584E-07  5.2584E-07  error s
 13     1024  5.2584E-07  5.2584E-07  5.2584E-07  error s
 13     1024  5.2584E-07  5.2584E-07  5.2584E-07  error s
 13     1024  5.2584E-07  5.2584E-07  5.2584E-07  error s
 13     1024  5.2584E-07  5.2584E-07  5.2584E-07  error s
 13     1024  5.2584E-07  5.2584E-07  5.2584E-07  error s
 13     1024  5.2584E-07  5.2584E-07  5.2584E-07  error s
 13     1024  5.2584E-07  5.2584E-07  5.2584E-07  error s
 13     1024  5.2584E-07  5.2584E-07  5.2584E-07  error s
 13     1024  5.2584E-07  5.2584E-07  5.2584E-07  error s
 13     1024  5.2584E-07  5.2584E-07  5.2584E-07  error s
 13     1024  5.2584E-07  5.2584E-07  5.2584E-07  error s
 13     1024  5.2584E-07  5.2584E-07  5.2584E-07  error s
 13     1024  5.2584E-07  5.2584E-07  5.2584E-07  error s
 13     1024  5.2584E-07  5.2584E-07  5.2584E-07  error s
 13     1024  5.2584E-07  5.2584E-07  5.2584E-07  error s
 13     1024  5.2584E-07  5.2584E-07  5.2584E-07  error s
 13     1024  5.2584E-07  5.2584E-07  5.2584E-07  error s
 13     1024  5.2584E-07  5.2584E-07  5.2584E-07  error s
 13     1024  5.2584E-07  5.2584E-07  5.2584E-07  error s
 13     1024  5.2584E-07  5.2584E-07  5.2584E-07  error s
 13     1024  5.2584E-07  5.2584E-07  5.2584E-07  error s
 13     1024  5.2584E-07  5.2584E-07  5.2584E-07  error s
 13     1024  5.2584E-07  5.2584E-07  5.2584E-07  error s
 13     1024  5.2584E-07  5.2584E-07  5.2584E-07  error s
 13     1024  5.2584E-07  5.2584E-07  5.2584E-07  error s
 13     1024  5.2584E-07  5.2584E-07  5.2584E-07  error s
 13     1024  5.2584E-07  5.2584E-07  5.2584E-07  error s
 13     1024  5.2584E-07  5.2584E-07  5.2584E-07  error s
 13     1024  5.2584E-07  5.2584E-07  5.2584E-07  error s
 13     1024  5.2584E-07  5.2584E-07  5.2584E-07  error s
 13     1024  5.2584E-07  5.2584E-07  5.2584E-07  error s
 13     1024  5.2584E-07  5.2584E-07  5.2584E-07  error s
 13     1024  5.2584E-07  5.2584E-07  5.2584E-07  error s
 13     1024  5.2584E-07  5.2584E-07  5.2584E-07  error s
 13     1024  5.2584E-07  5.2584E-07  5.2584E-07  error s
 13     1024  5.2584E-07  5.2584E-07  5.2584E-07  error s
 13     1024  5.2584E-07  5.2584E-07  5.2584E-07  error s
 13     1024  5.2584E-07  5.2584E-07  5.2584E-07  error s
 13     1024  5.2584E-07  5.2584E-07  5.2584E-07  error s
 13     1024  5.2584E-07  5.2584E-07  5.2584E-07  error s
 13     1024  5.2584E-07  5.2584E-07  5.2584E-07  error s
 13     1024  5.2584E-07  5.2584E-07  5.2584E-07  error s
 13     1024  5.2584E-07  5.2584E-07  5.2584E-07  error s
 13     1024  5.2584E-07  5.2584E-07  5.2584E-07  error s
 13     1024  5.2584E-07  5.2584E-07  5.2584E-07  error s
 13     1024  5.2584E-07  5.2584E-07  5.2584E-07  error s
 13     1024  5.2584E-07  5.2584E-07  5.2584E-07  error s
 13     1024  5.2584E-07  5.2584E-07  5.2584E-07  error s
 13     1024  5.2584E-07  5.2584E-07  5.2584E-07  error s
 13     1024  5.2584E-07  5.2584E-07  5.2584E-07  error s
 13     1024  5.2584E-07  5.2584E-07  5.2584E-07  error s
 13     1024  5.2584E-07  5.2584E-07  5.2584E-07  error s
 13     1024  5.2584E-07  5.2584E-07  5.2584E-07  error s
 13     1024  5.2584E-07  5.2584E-07  5.2584E-07  error s
 13     1024  5.2584E-07  5.2584E-07  5.2584E-07  error s
 13     1024  5.2584E-07  5.2584E-07  5.2584E-07  error s
 13     1024  5.2584E-07  5.2584E-07  5.2584E-07  error s
 13     1024  5.2584E-07  5.2584E-07  5.2584E-07  error s
 13     1024  5.2584E-07  5.2584E-07  5.2584E-07  error s
 13     1024  5.2584E-07  5.2584E-07  5.2584E-07  error s
 13     1024  5.2584E-07  5.2584E-07  5.2584E-07  error s
 13     1024  5.2584E-07  5.2584E-07  5.2584E-07  error s
 13     1024  5.2584E-07  5.2584E-07  5.2584E-07  error s
 13     1024  5.2584E-07  5.2584E-07  5.2584E-07  error s
 13     1024  5.2584E-07  5.2584E-07  5.2584E-07  error s
 13     1024  5.2584E-07  5.2584E-07  5.2584E-07  error s
 13     1024  5.2584E-07  5.2584E-07  5.2584E-07  error s
 13     1024  5.2584E-07  5.2584E-07  5.2584E-07  error s
 13     1024  5.2584E-07  5.2584E-07  5.2584E-07  error s
 13     1024  5.2584E-07  5.2584E-07  5.2584E-07  error s
 13     1024  5.2584E-07  5.2584E-07  5.2584E-07  error s
 13     1024  5.2584E-07  5.2584E-07  5.2584E-07  error s
 13     1024  5.2584E-07  5.2584E-07  5.2584E-07  error s
 13     1024  5.2584E-07  5.2584E-07  5.2584E-07  error s
 13     1024  5.2584E-07  5.2584E-07  5.2584E-07  error s
 13     1024  5.2584E-07  5.2584E-07  5.2584E-07  error s
 13     1024  5.2584E-07  5.2584E-07  5.2584E-07  error s
 13     1024  5.2584E-07  5.2584E-07  5.2584E-07  error s
 13     1024  5.2584E-07  5.2584E-07  5.2584E-07  error s
 13     1024  5.2584E-07  5.2584E-07  5.2584E-07  error s
 13     1024  5.2584E-07  5.2584E-07  5.2584E-07  error s
 13     1024  5.2584E-07  5.2584E-07  5.2584E-07  error s
 
nelt =       4, np =       256, nx1 =      13, elements =      1024
Solve Time =   0.6596E-09
 
nelt =       4, np =       256, nx1 =      13, elements =      1024
Solve Time =   0.6532E-09
 
nelt =       4, np =       256, nx1 =      13, elements =      1024
Solve Time =   0.6571E-09
 
nelt =       4, np =       256, nx1 =      13, elements =      1024
Solve Time =   0.6549E-09
 
nelt =       4, np =       256, nx1 =      13, elements =      1024
Solve Time =   0.6573E-09
 
nelt =       4, np =       256, nx1 =      13, elements =      1024
Solve Time =   0.6539E-09
 
nelt =       4, np =       256, nx1 =      13, elements =      1024
Solve Time =   0.6569E-09
 
nelt =       4, np =       256, nx1 =      13, elements =      1024
Solve Time =   0.6556E-09
 
nelt =       4, np =       256, nx1 =      13, elements =      1024
Solve Time =   0.6574E-09
 
nelt =       4, np =       256, nx1 =      13, elements =      1024
Solve Time =   0.6543E-09
 13     1024  5.2708E-07  5.2708E-07  5.2708E-07  error n
 13     1024  5.2708E-07  5.2708E-07  5.2708E-07  error n
 13     1024  5.2708E-07  5.2708E-07  5.2708E-07  error n
 13     1024  5.2708E-07  5.2708E-07  5.2708E-07  error n
 13     1024  5.2708E-07  5.2708E-07  5.2708E-07  error n
 13     1024  5.2708E-07  5.2708E-07  5.2708E-07  error n
 13     1024  5.2708E-07  5.2708E-07  5.2708E-07  error n
 13     1024  5.2708E-07  5.2708E-07  5.2708E-07  error n
 13     1024  5.2708E-07  5.2708E-07  5.2708E-07  error n
 13     1024  5.2708E-07  5.2708E-07  5.2708E-07  error n
 13     1024  5.2708E-07  5.2708E-07  5.2708E-07  error n
 13     1024  5.2708E-07  5.2708E-07  5.2708E-07  error n
 13     1024  5.2708E-07  5.2708E-07  5.2708E-07  error n
 13     1024  5.2708E-07  5.2708E-07  5.2708E-07  error n
 13     1024  5.2708E-07  5.2708E-07  5.2708E-07  error n
 13     1024  5.2708E-07  5.2708E-07  5.2708E-07  error n
 13     1024  5.2708E-07  5.2708E-07  5.2708E-07  error n
 13     1024  5.2708E-07  5.2708E-07  5.2708E-07  error n
  12     1024  100  0.0000E+00  0.0000E+00  0.0000E+00 time for 3 hmholtz
 13     1024  5.2708E-07  5.2708E-07  5.2708E-07  error n
 13     1024  5.2708E-07  5.2708E-07  5.2708E-07  error n
 13     1024  5.2708E-07  5.2708E-07  5.2708E-07  error n
 13     1024  5.2708E-07  5.2708E-07  5.2708E-07  error n
 13     1024  5.2708E-07  5.2708E-07  5.2708E-07  error n
 13     1024  5.2708E-07  5.2708E-07  5.2708E-07  error n
 13     1024  5.2708E-07  5.2708E-07  5.2708E-07  error n
 13     1024  5.2708E-07  5.2708E-07  5.2708E-07  error n
 13     1024  5.2708E-07  5.2708E-07  5.2708E-07  error n
 13     1024  5.2708E-07  5.2708E-07  5.2708E-07  error n
 13     1024  5.2708E-07  5.2708E-07  5.2708E-07  error n
EXIT: quit after cggov         12
 13     1024  5.2708E-07  5.2708E-07  5.2708E-07  error n
 13     1024  5.2708E-07  5.2708E-07  5.2708E-07  error n
 13     1024  5.2708E-07  5.2708E-07  5.2708E-07  error n
 13     1024  5.2708E-07  5.2708E-07  5.2708E-07  error n
 13     1024  5.2708E-07  5.2708E-07  5.2708E-07  error n
 13     1024  5.2708E-07  5.2708E-07  5.2708E-07  error n
 13     1024  5.2708E-07  5.2708E-07  5.2708E-07  error n
 13     1024  5.2708E-07  5.2708E-07  5.2708E-07  error n
 13     1024  5.2708E-07  5.2708E-07  5.2708E-07  error n
 13     1024  5.2708E-07  5.2708E-07  5.2708E-07  error n
 13     1024  5.2708E-07  5.2708E-07  5.2708E-07  error n
 13     1024  5.2708E-07  5.2708E-07  5.2708E-07  error n
 13     1024  5.2708E-07  5.2708E-07  5.2708E-07  error n
 13     1024  5.2708E-07  5.2708E-07  5.2708E-07  error n
 13     1024  5.2708E-07  5.2708E-07  5.2708E-07  error n
 13     1024  5.2708E-07  5.2708E-07  5.2708E-07  error n
 13     1024  5.2708E-07  5.2708E-07  5.2708E-07  error n
 13     1024  5.2708E-07  5.2708E-07  5.2708E-07  error n
 13     1024  5.2708E-07  5.2708E-07  5.2708E-07  error n
 13     1024  5.2708E-07  5.2708E-07  5.2708E-07  error n
 13     1024  5.2708E-07  5.2708E-07  5.2708E-07  error n
 13     1024  5.2708E-07  5.2708E-07  5.2708E-07  error n
 13     1024  5.2708E-07  5.2708E-07  5.2708E-07  error n
 13     1024  5.2708E-07  5.2708E-07  5.2708E-07  error n
 13     1024  5.2708E-07  5.2708E-07  5.2708E-07  error n
 13     1024  5.2708E-07  5.2708E-07  5.2708E-07  error n
 13     1024  5.2708E-07  5.2708E-07  5.2708E-07  error n
 13     1024  5.2708E-07  5.2708E-07  5.2708E-07  error n
 13     1024  5.2708E-07  5.2708E-07  5.2708E-07  error n
 13     1024  5.2708E-07  5.2708E-07  5.2708E-07  error n
 13     1024  5.2708E-07  5.2708E-07  5.2708E-07  error n
 13     1024  5.2708E-07  5.2708E-07  5.2708E-07  error n
 13     1024  5.2708E-07  5.2708E-07  5.2708E-07  error n
 13     1024  5.2708E-07  5.2708E-07  5.2708E-07  error n
 13     1024  5.2708E-07  5.2708E-07  5.2708E-07  error n
 13     1024  5.2708E-07  5.2708E-07  5.2708E-07  error n
 13     1024  5.2708E-07  5.2708E-07  5.2708E-07  error n
 13     1024  5.2708E-07  5.2708E-07  5.2708E-07  error n
 13     1024  5.2708E-07  5.2708E-07  5.2708E-07  error n
 13     1024  5.2708E-07  5.2708E-07  5.2708E-07  error n
 13     1024  5.2708E-07  5.2708E-07  5.2708E-07  error n
 13     1024  5.2708E-07  5.2708E-07  5.2708E-07  error n
 13     1024  5.2708E-07  5.2708E-07  5.2708E-07  error n
 13     1024  5.2708E-07  5.2708E-07  5.2708E-07  error n
 13     1024  5.2708E-07  5.2708E-07  5.2708E-07  error n
 13     1024  5.2708E-07  5.2708E-07  5.2708E-07  error n
 13     1024  5.2708E-07  5.2708E-07  5.2708E-07  error n
 13     1024  5.2708E-07  5.2708E-07  5.2708E-07  error n
 13     1024  5.2708E-07  5.2708E-07  5.2708E-07  error n
 13     1024  5.2708E-07  5.2708E-07  5.2708E-07  error n
 13     1024  5.2708E-07  5.2708E-07  5.2708E-07  error n
 13     1024  5.2708E-07  5.2708E-07  5.2708E-07  error n
 13     1024  5.2708E-07  5.2708E-07  5.2708E-07  error n
 13     1024  5.2708E-07  5.2708E-07  5.2708E-07  error n
 13     1024  5.2708E-07  5.2708E-07  5.2708E-07  error n
 13     1024  5.2708E-07  5.2708E-07  5.2708E-07  error n
 13     1024  5.2708E-07  5.2708E-07  5.2708E-07  error n
 13     1024  5.2708E-07  5.2708E-07  5.2708E-07  error n
 13     1024  5.2708E-07  5.2708E-07  5.2708E-07  error n
 13     1024  5.2708E-07  5.2708E-07  5.2708E-07  error n
 13     1024  5.2708E-07  5.2708E-07  5.2708E-07  error n
 13     1024  5.2708E-07  5.2708E-07  5.2708E-07  error n
 13     1024  5.2708E-07  5.2708E-07  5.2708E-07  error n
 13     1024  5.2708E-07  5.2708E-07  5.2708E-07  error n
 13     1024  5.2708E-07  5.2708E-07  5.2708E-07  error n
 13     1024  5.2708E-07  5.2708E-07  5.2708E-07  error n
 13     1024  5.2708E-07  5.2708E-07  5.2708E-07  error n
 13     1024  5.2708E-07  5.2708E-07  5.2708E-07  error n
 13     1024  5.2708E-07  5.2708E-07  5.2708E-07  error n
 13     1024  5.2708E-07  5.2708E-07  5.2708E-07  error n
 13     1024  5.2708E-07  5.2708E-07  5.2708E-07  error n
 13     1024  5.2708E-07  5.2708E-07  5.2708E-07  error n
 13     1024  5.2708E-07  5.2708E-07  5.2708E-07  error n
 13     1024  5.2708E-07  5.2708E-07  5.2708E-07  error n
 13     1024  5.2708E-07  5.2708E-07  5.2708E-07  error n
 13     1024  5.2708E-07  5.2708E-07  5.2708E-07  error n
 13     1024  5.2708E-07  5.2708E-07  5.2708E-07  error n
 13     1024  5.2708E-07  5.2708E-07  5.2708E-07  error n
 13     1024  5.2708E-07  5.2708E-07  5.2708E-07  error n
 13     1024  5.2708E-07  5.2708E-07  5.2708E-07  error n
 13     1024  5.2708E-07  5.2708E-07  5.2708E-07  error n
 13     1024  5.2708E-07  5.2708E-07  5.2708E-07  error n
 13     1024  5.2708E-07  5.2708E-07  5.2708E-07  error n
 13     1024  5.2708E-07  5.2708E-07  5.2708E-07  error n
 13     1024  5.2708E-07  5.2708E-07  5.2708E-07  error n
 13     1024  5.2708E-07  5.2708E-07  5.2708E-07  error n
 13     1024  5.2708E-07  5.2708E-07  5.2708E-07  error n
 13     1024  5.2708E-07  5.2708E-07  5.2708E-07  error n
 13     1024  5.2708E-07  5.2708E-07  5.2708E-07  error n
 13     1024  5.2708E-07  5.2708E-07  5.2708E-07  error n
 13     1024  5.2708E-07  5.2708E-07  5.2708E-07  error n
 13     1024  5.2708E-07  5.2708E-07  5.2708E-07  error n
 13     1024  5.2708E-07  5.2708E-07  5.2708E-07  error n
 13     1024  5.2708E-07  5.2708E-07  5.2708E-07  error n
 13     1024  5.2708E-07  5.2708E-07  5.2708E-07  error n
 13     1024  5.2708E-07  5.2708E-07  5.2708E-07  error n
 13     1024  5.2708E-07  5.2708E-07  5.2708E-07  error n
 13     1024  5.2708E-07  5.2708E-07  5.2708E-07  error n
 13     1024  5.2708E-07  5.2708E-07  5.2708E-07  error n
 13     1024  5.2708E-07  5.2708E-07  5.2708E-07  error n
 13     1024  5.2708E-07  5.2708E-07  5.2708E-07  error n
 13     1024  5.2708E-07  5.2708E-07  5.2708E-07  error n
 13     1024  5.2708E-07  5.2708E-07  5.2708E-07  error n
 13     1024  5.2708E-07  5.2708E-07  5.2708E-07  error n
 13     1024  5.2708E-07  5.2708E-07  5.2708E-07  error n
 13     1024  5.2708E-07  5.2708E-07  5.2708E-07  error n
 13     1024  5.2708E-07  5.2708E-07  5.2708E-07  error n
 13     1024  5.2708E-07  5.2708E-07  5.2708E-07  error n
 13     1024  5.2708E-07  5.2708E-07  5.2708E-07  error n
 13     1024  5.2708E-07  5.2708E-07  5.2708E-07  error n
 13     1024  5.2708E-07  5.2708E-07  5.2708E-07  error n
 13     1024  5.2708E-07  5.2708E-07  5.2708E-07  error n
 13     1024  5.2708E-07  5.2708E-07  5.2708E-07  error n
 13     1024  5.2708E-07  5.2708E-07  5.2708E-07  error n
 13     1024  5.2708E-07  5.2708E-07  5.2708E-07  error n
 13     1024  5.2708E-07  5.2708E-07  5.2708E-07  error n
 13     1024  5.2708E-07  5.2708E-07  5.2708E-07  error n
 13     1024  5.2708E-07  5.2708E-07  5.2708E-07  error n
 13     1024  5.2708E-07  5.2708E-07  5.2708E-07  error n
 13     1024  5.2708E-07  5.2708E-07  5.2708E-07  error n
 13     1024  5.2708E-07  5.2708E-07  5.2708E-07  error n
 13     1024  5.2708E-07  5.2708E-07  5.2708E-07  error n
 13     1024  5.2708E-07  5.2708E-07  5.2708E-07  error n
 13     1024  5.2708E-07  5.2708E-07  5.2708E-07  error n
 13     1024  5.2708E-07  5.2708E-07  5.2708E-07  error n
  
call exitt: dying ...
  
backtrace(): obtained 8 stack frames.
./nek5000() [0x77e8a5]
./nek5000() [0x962659]
./nek5000() [0x40e0bc]
./nek5000() [0x428ae6]
./nek5000() [0x42709e]
./nek5000() [0x4054fe]
/lib64/libc.so.6(__libc_start_main+0xf5) [0x2aaab1ca3b25]
./nek5000() [0x405409]
  
total elapsed time             :   4.96867E+02 sec
total solver time incl. I/O    :   0.00000E+00 sec
time/timestep                  :   0.00000E+00 sec
CPU seconds/timestep/gridpt    :   0.00000E+00 sec

 13     1024  5.2708E-07  5.2708E-07  5.2708E-07  error n
 13     1024  5.2708E-07  5.2708E-07  5.2708E-07  error n
 13     1024  5.2708E-07  5.2708E-07  5.2708E-07  error n
 13     1024  5.2708E-07  5.2708E-07  5.2708E-07  error n
 13     1024  5.2708E-07  5.2708E-07  5.2708E-07  error n
 13     1024  5.2708E-07  5.2708E-07  5.2708E-07  error n
 13     1024  5.2708E-07  5.2708E-07  5.2708E-07  error n
 13     1024  5.2708E-07  5.2708E-07  5.2708E-07  error n
 13     1024  5.2708E-07  5.2708E-07  5.2708E-07  error n
 13     1024  5.2708E-07  5.2708E-07  5.2708E-07  error n
 13     1024  5.2708E-07  5.2708E-07  5.2708E-07  error n
 13     1024  5.2708E-07  5.2708E-07  5.2708E-07  error n
 13     1024  5.2708E-07  5.2708E-07  5.2708E-07  error n
 13     1024  5.2708E-07  5.2708E-07  5.2708E-07  error n
 13     1024  5.2708E-07  5.2708E-07  5.2708E-07  error n
 13     1024  5.2708E-07  5.2708E-07  5.2708E-07  error n
 13     1024  5.2708E-07  5.2708E-07  5.2708E-07  error n
 13     1024  5.2708E-07  5.2708E-07  5.2708E-07  error n
 13     1024  5.2708E-07  5.2708E-07  5.2708E-07  error n
 13     1024  5.2708E-07  5.2708E-07  5.2708E-07  error n
 13     1024  5.2708E-07  5.2708E-07  5.2708E-07  error n
 13     1024  5.2708E-07  5.2708E-07  5.2708E-07  error n
 13     1024  5.2708E-07  5.2708E-07  5.2708E-07  error n
 13     1024  5.2708E-07  5.2708E-07  5.2708E-07  error n
 13     1024  5.2708E-07  5.2708E-07  5.2708E-07  error n
 13     1024  5.2708E-07  5.2708E-07  5.2708E-07  error n
 13     1024  5.2708E-07  5.2708E-07  5.2708E-07  error n
 13     1024  5.2708E-07  5.2708E-07  5.2708E-07  error n
 13     1024  5.2708E-07  5.2708E-07  5.2708E-07  error n
 13     1024  5.2708E-07  5.2708E-07  5.2708E-07  error n
 13     1024  5.2708E-07  5.2708E-07  5.2708E-07  error n
 13     1024  5.2708E-07  5.2708E-07  5.2708E-07  error n
 13     1024  5.2708E-07  5.2708E-07  5.2708E-07  error n
 13     1024  5.2708E-07  5.2708E-07  5.2708E-07  error n
 13     1024  5.2708E-07  5.2708E-07  5.2708E-07  error n
 13     1024  5.2708E-07  5.2708E-07  5.2708E-07  error n
 13     1024  5.2708E-07  5.2708E-07  5.2708E-07  error n
 13     1024  5.2708E-07  5.2708E-07  5.2708E-07  error n
 13     1024  5.2708E-07  5.2708E-07  5.2708E-07  error n
 13     1024  5.2708E-07  5.2708E-07  5.2708E-07  error n
 13     1024  5.2708E-07  5.2708E-07  5.2708E-07  error n
 13     1024  5.2708E-07  5.2708E-07  5.2708E-07  error n
 13     1024  5.2708E-07  5.2708E-07  5.2708E-07  error n
 13     1024  5.2708E-07  5.2708E-07  5.2708E-07  error n
 13     1024  5.2708E-07  5.2708E-07  5.2708E-07  error n
 13     1024  5.2708E-07  5.2708E-07  5.2708E-07  error n
 13     1024  5.2708E-07  5.2708E-07  5.2708E-07  error n
 13     1024  5.2708E-07  5.2708E-07  5.2708E-07  error n
 13     1024  5.2708E-07  5.2708E-07  5.2708E-07  error n
 13     1024  5.2708E-07  5.2708E-07  5.2708E-07  error n
 13     1024  5.2708E-07  5.2708E-07  5.2708E-07  error n
 13     1024  5.2708E-07  5.2708E-07  5.2708E-07  error n
 13     1024  5.2708E-07  5.2708E-07  5.2708E-07  error n
 13     1024  5.2708E-07  5.2708E-07  5.2708E-07  error n
 13     1024  5.2708E-07  5.2708E-07  5.2708E-07  error n
 13     1024  5.2708E-07  5.2708E-07  5.2708E-07  error n
 13     1024  5.2708E-07  5.2708E-07  5.2708E-07  error n
 13     1024  5.2708E-07  5.2708E-07  5.2708E-07  error n
 13     1024  5.2708E-07  5.2708E-07  5.2708E-07  error n
 13     1024  5.2708E-07  5.2708E-07  5.2708E-07  error n
 13     1024  5.2708E-07  5.2708E-07  5.2708E-07  error n
 13     1024  5.2708E-07  5.2708E-07  5.2708E-07  error n
 13     1024  5.2708E-07  5.2708E-07  5.2708E-07  error n
 13     1024  5.2708E-07  5.2708E-07  5.2708E-07  error n
 13     1024  5.2708E-07  5.2708E-07  5.2708E-07  error n
 13     1024  5.2708E-07  5.2708E-07  5.2708E-07  error n
 13     1024  5.2708E-07  5.2708E-07  5.2708E-07  error n
 13     1024  5.2708E-07  5.2708E-07  5.2708E-07  error n
 13     1024  5.2708E-07  5.2708E-07  5.2708E-07  error n
 13     1024  5.2708E-07  5.2708E-07  5.2708E-07  error n
 13     1024  5.2708E-07  5.2708E-07  5.2708E-07  error n
 13     1024  5.2708E-07  5.2708E-07  5.2708E-07  error n
 13     1024  5.2708E-07  5.2708E-07  5.2708E-07  error n
 13     1024  5.2708E-07  5.2708E-07  5.2708E-07  error n
 13     1024  5.2708E-07  5.2708E-07  5.2708E-07  error n
 13     1024  5.2708E-07  5.2708E-07  5.2708E-07  error n
 13     1024  5.2708E-07  5.2708E-07  5.2708E-07  error n
 13     1024  5.2708E-07  5.2708E-07  5.2708E-07  error n
 13     1024  5.2708E-07  5.2708E-07  5.2708E-07  error n
 13     1024  5.2708E-07  5.2708E-07  5.2708E-07  error n
 13     1024  5.2708E-07  5.2708E-07  5.2708E-07  error n
 13     1024  5.2708E-07  5.2708E-07  5.2708E-07  error n
 13     1024  5.2708E-07  5.2708E-07  5.2708E-07  error n
 13     1024  5.2708E-07  5.2708E-07  5.2708E-07  error n
 13     1024  5.2708E-07  5.2708E-07  5.2708E-07  error n
 13     1024  5.2708E-07  5.2708E-07  5.2708E-07  error n
 13     1024  5.2708E-07  5.2708E-07  5.2708E-07  error n
 13     1024  5.2708E-07  5.2708E-07  5.2708E-07  error n
 13     1024  5.2708E-07  5.2708E-07  5.2708E-07  error n
 13     1024  5.2708E-07  5.2708E-07  5.2708E-07  error n
 13     1024  5.2708E-07  5.2708E-07  5.2708E-07  error n
 13     1024  5.2708E-07  5.2708E-07  5.2708E-07  error n
 13     1024  5.2708E-07  5.2708E-07  5.2708E-07  error n
 13     1024  5.2708E-07  5.2708E-07  5.2708E-07  error n
 13     1024  5.2708E-07  5.2708E-07  5.2708E-07  error n
 13     1024  5.2708E-07  5.2708E-07  5.2708E-07  error n
 13     1024  5.2708E-07  5.2708E-07  5.2708E-07  error n
 13     1024  5.2708E-07  5.2708E-07  5.2708E-07  error n
 13     1024  5.2708E-07  5.2708E-07  5.2708E-07  error n
 13     1024  5.2708E-07  5.2708E-07  5.2708E-07  error n
 13     1024  5.2708E-07  5.2708E-07  5.2708E-07  error n
 13     1024  5.2708E-07  5.2708E-07  5.2708E-07  error n
Application 2258409 resources: utime ~126748s, stime ~455s, Rss ~51124, inblocks ~0, outblocks ~0
