/----------------------------------------------------------\\
|      _   __ ______ __ __  ______  ____   ____   ____     |
|     / | / // ____// //_/ / ____/ / __ \\/ __ \\/ __ \\   |
|    /  |/ // __/  / ,<   /___ \\ / / / // / / // / / /    |
|   / /|  // /___ / /| | ____/ / / /_/ // /_/ // /_/ /     |
|  /_/ |_//_____//_/ |_|/_____/  \\___/ \\___/ \\___/      |
|                                                          |
|----------------------------------------------------------|
|                                                          |
| NEK5000:  Open Source Spectral Element Solver            |
| COPYRIGHT (c) 2008-2016 UCHICAGO ARGONNE, LLC            |
| Version:  16.0.0                                         |
| Web:      http://nek5000.mcs.anl.gov                     |
|                                                          |
\\----------------------------------------------------------/
                                                              

 Number of processors:        2048
 REAL    wdsize      :           8
 INTEGER wdsize      :           4
 Timer accuracy      : 3.10E-07
 Reading /gpfs/theta-fs1/home/thilina/env/lx13/b14.rea                                                                                       

 mapping elements to processors
 Reading /gpfs/theta-fs1/home/thilina/env/lx13/b14.map                                                                                       
 RANK     0 IEG   15617   15618   15633   15634   16129   16130   16145   16146
 element load imbalance:            0           8           8
 done :: mapping elements to processors
  
           0  objects found
 118   Parameters from file:
   1      1.00000     p001 DENSITY
   2     -100.000     p002 VISCOS
   7      1.00000     p007 RHOCP
   8      1.00000     p008 CONDUCT
  11      1.00        p011 NSTEPS
  12    -0.500000E-02 p012 DT
  21     0.100000E-05 p021 DIVERGENCE
  22     0.100000E-07 p022 HELMHOLTZ
  24     0.100000E-09 p024 TOLREL
  25     0.100000E-09 p025 TOLABS
  26     0.250000     p026 COURANT/NTAU
  27      2.00000     p027 TORDER
  66      6.00000     p066 output : <0=ascii, else binary
  67      6.00000     p067 restart: <0=ascii, else binary
  99      3.00000     p099 dealiasing: <0--> off/3--> old/4--> new
 103     0.500000E-01 p103 weight of stabilizing filter (.01)
  
 nelgt/nelgv/lelt:       16384       16384         100
 lx1  /lx2  /lx3 :          13          13          13
 done :: read .rea file    190.01     sec

 setup mesh topology
   Right-handed check complete for   16384 elements. OK.
   setvert3d:  13     6800321    28607425     6800321     6800321
 call usrsetvert
 done :: usrsetvert

gs_setup: 3144025 unique labels shared
   pairwise times (avg, min, max): 0.000219253 0.000172806 0.000271082
   crystal router                : 0.000967642 0.000953293 0.000984311
   used all_to_all method: pairwise
   handle bytes (avg, min, max): 125774 89212 133036
   buffer bytes (avg, min, max): 59129.7 31216 64928
   setupds time 2.4061E-01 seconds   0 13     6800321       16384
           8  max multiplicity
 done :: setup mesh topology
  
 call usrdat
 done :: usrdat

 generate geometry data
 done :: generate geometry data
  
 call usrdat2
 done :: usrdat2

 regenerate geometry data           1
 NOTE: All elements deformed , param(59) ^=0
 done :: regenerate geometry data           1
  
 verify mesh topology
  0.000000000000000E+000   1.00000000000000       Xrange
  0.000000000000000E+000   1.00000000000000       Yrange
  0.000000000000000E+000   1.00000000000000       Zrange
 done :: verify mesh topology
  
 IFTRAN   = T
 IFFLOW   = T
 IFHEAT   = F
 IFSPLIT  = T
 IFLOMACH = F
 IFUSERVP = F
 IFUSERMV = F
 IFSTRS   = F
 IFCHAR   = F
 IFCYCLIC = F
 IFAXIS   = F
 IFMVBD   = F
 IFMELT   = F
 IFMODEL  = F
 IFKEPS   = F
 IFMOAB   = F
 IFNEKNEK = F
 IFSYNC   = T
   
 IFVCOR   = T
 IFINTQ   = F
 IFCWUZ   = F
 IFSWALL  = F
 IFGEOM   = F
 IFSURT   = F
 IFWCNO   = F
   
 IFTMSH for field           1    =  F
 IFADVC for field           1    =  T
 IFNONL for field           1    =  F
   
 Dealiasing enabled, lxd=          19
  
 Estimated eigenvalues
 EIGAA =    9.86960440108936     
 EIGGA =    20473492.5168486     
 EIGAE =    9.86960440108936     
 EIGAS =   8.333333333333333E-002
 EIGGE =    20473492.5168486     
 EIGGS =    2.00000000000000     
  
 verify mesh topology
  0.000000000000000E+000   1.00000000000000       Xrange
  0.000000000000000E+000   1.00000000000000       Yrange
  0.000000000000000E+000   1.00000000000000       Zrange
 done :: verify mesh topology
  
  E-solver strategy:  0 itr
 mg_nx:           1           7          12
 mg_ny:           1           7          12
 mg_nz:           1           7          12
 call usrsetvert
 done :: usrsetvert

gs_setup: 15273 unique labels shared
   pairwise times (avg, min, max): 0.000113241 9.61065e-05 0.00013051
   crystal router                : 0.000111091 0.000109601 0.000114512
   all reduce                    : 0.00126919 0.00125489 0.00127962
   used all_to_all method: crystal router
   handle bytes (avg, min, max): 14185.7 11836 16204
   buffer bytes (avg, min, max): 1436.25 944 1552
   setupds time 3.6035E-02 seconds   1  2       18513       16384
   setvert3d:   4      329969      461041      329969      329969
 call usrsetvert
 done :: usrsetvert

gs_setup: 178633 unique labels shared
   pairwise times (avg, min, max): 0.000130959 0.00010612 0.000158501
   crystal router                : 0.000278643 0.000265002 0.00028429
   used all_to_all method: pairwise
   handle bytes (avg, min, max): 10152.8 7132 10780
   buffer bytes (avg, min, max): 5539.19 2704 6176
   setupds time 4.4122E-02 seconds   2  4      329969       16384
   setvert3d:   8     2181681     5720625     2181681     2181681
 call usrsetvert
 done :: usrsetvert

gs_setup: 1046025 unique labels shared
   pairwise times (avg, min, max): 0.000175921 0.000141406 0.000217104
   crystal router                : 0.000461248 0.00044961 0.000476599
   used all_to_all method: pairwise
   handle bytes (avg, min, max): 45219.8 32092 47836
   buffer bytes (avg, min, max): 22317.2 11536 24608
   setupds time 1.0440E-01 seconds   3  8     2181681       16384
   setvert3d:  10     3721937    12110545     3721937     3721937
 call usrsetvert
 done :: usrsetvert

gs_setup: 1750057 unique labels shared
   pairwise times (avg, min, max): 0.0001819 0.000149798 0.000220513
   crystal router                : 0.00063113 0.0006078 0.000641012
   used all_to_all method: pairwise
   handle bytes (avg, min, max): 72545.3 51484 76732
   buffer bytes (avg, min, max): 34930.2 18256 38432
   setupds time 1.4958E-01 seconds   4 10     3721937       16384
 regenerate geometry data           1
 NOTE: All elements deformed , param(59) ^=0
 done :: regenerate geometry data           1
  
 h1_mg_nx:           1           3          12
 h1_mg_ny:           1           3          12
 h1_mg_nz:           1           3          12
 call usrsetvert
 done :: usrsetvert

gs_setup: 15273 unique labels shared
   pairwise times (avg, min, max): 0.000111678 9.48906e-05 0.000136805
   crystal router                : 0.000136328 0.0001297 0.000151992
   all reduce                    : 0.00129376 0.00128369 0.00130851
   used all_to_all method: pairwise
   handle bytes (avg, min, max): 2411.31 1564 2620
   buffer bytes (avg, min, max): 1374.19 592 1568
   setupds time 3.6811E-02 seconds   5  2       18513       16384
   setvert3d:   4      329969      461041      329969      329969
 call usrsetvert
 done :: usrsetvert

gs_setup: 178633 unique labels shared
   pairwise times (avg, min, max): 0.000121168 0.000100493 0.000140095
   crystal router                : 0.000259025 0.000253296 0.000264001
   used all_to_all method: pairwise
   handle bytes (avg, min, max): 10152.8 7132 10780
   buffer bytes (avg, min, max): 5539.19 2704 6176
   setupds time 5.0257E-02 seconds   6  4      329969       16384
   setvert3d:   4      329969      461041      329969      329969
 call usrsetvert
 done :: usrsetvert

gs_setup: 178633 unique labels shared
   pairwise times (avg, min, max): 0.000123034 9.77993e-05 0.000172496
   crystal router                : 0.000239751 0.000236392 0.000248504
   used all_to_all method: pairwise
   handle bytes (avg, min, max): 10152.8 7132 10780
   buffer bytes (avg, min, max): 5539.19 2704 6176
   setupds time 3.9457E-02 seconds   7  4      329969       16384
   setvert3d:   6     1051025     2099601     1051025     1051025
 call usrsetvert
 done :: usrsetvert

gs_setup: 522217 unique labels shared
   pairwise times (avg, min, max): 0.000164654 0.0001405 0.000189805
   crystal router                : 0.000326952 0.000319791 0.000336099
   used all_to_all method: pairwise
   handle bytes (avg, min, max): 24422.3 17308 25852
   buffer bytes (avg, min, max): 12520.2 6352 13856
   setupds time 7.8210E-02 seconds   8  6     1051025       16384
   setvert3d:  13     6800321    28607425     6800321     6800321
 call usrsetvert
 done :: usrsetvert

gs_setup: 3144025 unique labels shared
   pairwise times (avg, min, max): 0.000195864 0.000159979 0.000237417
   crystal router                : 0.000946432 0.000927711 0.000965691
   used all_to_all method: pairwise
   handle bytes (avg, min, max): 125774 89212 133036
   buffer bytes (avg, min, max): 59129.7 31216 64928
   setupds time 2.2603E-01 seconds   9 13     6800321       16384
   setvert3d:  15     9364577    45360225     9364577     9364577
 call usrsetvert
 done :: usrsetvert

gs_setup: 4298617 unique labels shared
   pairwise times (avg, min, max): 0.00020285 0.000166798 0.00023942
   crystal router                : 0.00113962 0.00111899 0.00115719
   used all_to_all method: pairwise
   handle bytes (avg, min, max): 169419 120124 179212
   buffer bytes (avg, min, max): 78782.7 41776 86432
   setupds time 2.6352E-01 seconds  10 15     9364577       16384
 setup h1 coarse grid, nx_crs=           2
 call usrsetvert
 done :: usrsetvert

gs_setup: 15273 unique labels shared
   pairwise times (avg, min, max): 0.000106368 8.9097e-05 0.00012331
   crystal router                : 0.000110961 0.000108504 0.000114202
   all reduce                    : 0.00122284 0.00121591 0.00124309
   used all_to_all method: crystal router
   handle bytes (avg, min, max): 14185.7 11836 16204
   buffer bytes (avg, min, max): 1436.25 944 1552
 done :: setup h1 coarse grid   0.662734985351562       sec
  
 call usrdat3
 done :: usrdat3

 set initial conditions
 nekuic (1) for ifld            1
 call nekuic for vel  
 xyz min     0.0000       0.0000       0.0000    
 uvwpt min   0.0000       0.0000       0.0000       0.0000       0.0000    
 PS min      0.0000       0.0000      0.99000E+22
 xyz max     1.0000       1.0000       1.0000    
 uvwpt max   0.0000       0.0000       0.0000       0.0000       0.0000    
 PS max      0.0000       0.0000     -0.99000E+22
 done :: set initial conditions
  
 call userchk
GFM max:  1.2492E-04  4.9968E-04  4.9968E-04  5.8961E-17  5.8961E-17  1.3266E-16
 
nelt =       8, np =      2048, nx1 =      13, elements =     16384
Solve Time =   0.5416E-10
 
nelt =       8, np =      2048, nx1 =      13, elements =     16384
Solve Time =   0.5400E-10
 
nelt =       8, np =      2048, nx1 =      13, elements =     16384
Solve Time =   0.5401E-10
 
nelt =       8, np =      2048, nx1 =      13, elements =     16384
Solve Time =   0.5355E-10
 
nelt =       8, np =      2048, nx1 =      13, elements =     16384
Solve Time =   0.5335E-10
 
nelt =       8, np =      2048, nx1 =      13, elements =     16384
Solve Time =   0.5363E-10
 
nelt =       8, np =      2048, nx1 =      13, elements =     16384
Solve Time =   0.5337E-10
 
nelt =       8, np =      2048, nx1 =      13, elements =     16384
Solve Time =   0.5368E-10
 
nelt =       8, np =      2048, nx1 =      13, elements =     16384
Solve Time =   0.5364E-10
 
nelt =       8, np =      2048, nx1 =      13, elements =     16384
Solve Time =   0.5391E-10
 
nelt =       8, np =      2048, nx1 =      13, elements =     16384
Solve Time =   0.4187E-10
 
nelt =       8, np =      2048, nx1 =      13, elements =     16384
Solve Time =   0.4201E-10
 
nelt =       8, np =      2048, nx1 =      13, elements =     16384
Solve Time =   0.4146E-10
 
nelt =       8, np =      2048, nx1 =      13, elements =     16384
Solve Time =   0.4167E-10
 
nelt =       8, np =      2048, nx1 =      13, elements =     16384
Solve Time =   0.4184E-10
 
nelt =       8, np =      2048, nx1 =      13, elements =     16384
Solve Time =   0.4185E-10
 
nelt =       8, np =      2048, nx1 =      13, elements =     16384
Solve Time =   0.4195E-10
 
nelt =       8, np =      2048, nx1 =      13, elements =     16384
Solve Time =   0.4161E-10
 
nelt =       8, np =      2048, nx1 =      13, elements =     16384
Solve Time =   0.4179E-10
 
nelt =       8, np =      2048, nx1 =      13, elements =     16384
Solve Time =   0.4153E-10
 
nelt =       8, np =      2048, nx1 =      13, elements =     16384
Solve Time =   0.4775E-10
 
nelt =       8, np =      2048, nx1 =      13, elements =     16384
Solve Time =   0.4752E-10
 
nelt =       8, np =      2048, nx1 =      13, elements =     16384
Solve Time =   0.4762E-10
 
nelt =       8, np =      2048, nx1 =      13, elements =     16384
Solve Time =   0.4752E-10
 
nelt =       8, np =      2048, nx1 =      13, elements =     16384
Solve Time =   0.4706E-10
 
nelt =       8, np =      2048, nx1 =      13, elements =     16384
Solve Time =   0.4745E-10
 
nelt =       8, np =      2048, nx1 =      13, elements =     16384
Solve Time =   0.4727E-10
 
nelt =       8, np =      2048, nx1 =      13, elements =     16384
Solve Time =   0.4744E-10
 
nelt =       8, np =      2048, nx1 =      13, elements =     16384
Solve Time =   0.4784E-10
 
nelt =       8, np =      2048, nx1 =      13, elements =     16384
Solve Time =   0.4758E-10
 
nelt =       8, np =      2048, nx1 =      13, elements =     16384
Solve Time =   0.5317E-10
 
nelt =       8, np =      2048, nx1 =      13, elements =     16384
Solve Time =   0.5310E-10
 
nelt =       8, np =      2048, nx1 =      13, elements =     16384
Solve Time =   0.5315E-10
 
nelt =       8, np =      2048, nx1 =      13, elements =     16384
Solve Time =   0.5326E-10
 
nelt =       8, np =      2048, nx1 =      13, elements =     16384
Solve Time =   0.5289E-10
 
nelt =       8, np =      2048, nx1 =      13, elements =     16384
Solve Time =   0.5306E-10
 
nelt =       8, np =      2048, nx1 =      13, elements =     16384
Solve Time =   0.5296E-10
 
nelt =       8, np =      2048, nx1 =      13, elements =     16384
Solve Time =   0.5286E-10
 
nelt =       8, np =      2048, nx1 =      13, elements =     16384
Solve Time =   0.5282E-10
 
nelt =       8, np =      2048, nx1 =      13, elements =     16384
Solve Time =   0.5289E-10
 
nelt =       8, np =      2048, nx1 =      13, elements =     16384
Solve Time =   0.5866E-10
 
nelt =       8, np =      2048, nx1 =      13, elements =     16384
Solve Time =   0.5816E-10
 
nelt =       8, np =      2048, nx1 =      13, elements =     16384
Solve Time =   0.5779E-10
 
nelt =       8, np =      2048, nx1 =      13, elements =     16384
Solve Time =   0.5828E-10
 
nelt =       8, np =      2048, nx1 =      13, elements =     16384
Solve Time =   0.5820E-10
 
nelt =       8, np =      2048, nx1 =      13, elements =     16384
Solve Time =   0.5835E-10
 
nelt =       8, np =      2048, nx1 =      13, elements =     16384
Solve Time =   0.5812E-10
 
nelt =       8, np =      2048, nx1 =      13, elements =     16384
Solve Time =   0.5864E-10
 
nelt =       8, np =      2048, nx1 =      13, elements =     16384
Solve Time =   0.5849E-10
 
nelt =       8, np =      2048, nx1 =      13, elements =     16384
Solve Time =   0.5850E-10
 schfile:
 /gpfs/theta-fs1/home/thilina/env/lx13/b14.sch                                  
                                                      
Application 2260242 exit codes: 1
Application 2260242 resources: utime ~229393s, stime ~514s, Rss ~63028, inblocks ~0, outblocks ~0
