/----------------------------------------------------------\\
|      _   __ ______ __ __  ______  ____   ____   ____     |
|     / | / // ____// //_/ / ____/ / __ \\/ __ \\/ __ \\   |
|    /  |/ // __/  / ,<   /___ \\ / / / // / / // / / /    |
|   / /|  // /___ / /| | ____/ / / /_/ // /_/ // /_/ /     |
|  /_/ |_//_____//_/ |_|/_____/  \\___/ \\___/ \\___/      |
|                                                          |
|----------------------------------------------------------|
|                                                          |
| NEK5000:  Open Source Spectral Element Solver            |
| COPYRIGHT (c) 2008-2016 UCHICAGO ARGONNE, LLC            |
| Version:  16.0.0                                         |
| Web:      http://nek5000.mcs.anl.gov                     |
|                                                          |
\\----------------------------------------------------------/
                                                              

 Number of processors:        4096
 REAL    wdsize      :           8
 INTEGER wdsize      :           4
 Timer accuracy      : 5.01E-07
 Reading /gpfs/theta-fs1/home/thilina/env/lx13/b15.rea                                                                                       

 mapping elements to processors
 Reading /gpfs/theta-fs1/home/thilina/env/lx13/b15.map                                                                                       
 element load imbalance:            0           8           8
 done :: mapping elements to processors
  
           0  objects found
 118   Parameters from file:
   1      1.00000     p001 DENSITY
   2     -100.000     p002 VISCOS
   7      1.00000     p007 RHOCP
   8      1.00000     p008 CONDUCT
  11      1.00        p011 NSTEPS
  12    -0.500000E-02 p012 DT
  21     0.100000E-05 p021 DIVERGENCE
  22     0.100000E-07 p022 HELMHOLTZ
  24     0.100000E-09 p024 TOLREL
  25     0.100000E-09 p025 TOLABS
  26     0.250000     p026 COURANT/NTAU
  27      2.00000     p027 TORDER
  66      6.00000     p066 output : <0=ascii, else binary
  67      6.00000     p067 restart: <0=ascii, else binary
  99      3.00000     p099 dealiasing: <0--> off/3--> old/4--> new
 103     0.500000E-01 p103 weight of stabilizing filter (.01)
  
 nelgt/nelgv/lelt:       32768       32768         100
 lx1  /lx2  /lx3 :          13          13          13
 done :: read .rea file    766.46     sec

 setup mesh topology
   Right-handed check complete for   32768 elements. OK.
   setvert3d:  13    13452417    57066625    13452417    13452417
 call usrsetvert
 done :: usrsetvert

gs_setup: 7793575 unique labels shared
   pairwise times (avg, min, max): 0.000277472 0.000203896 0.000340605
   crystal router                : 0.00117922 0.001159 0.0011991
   used all_to_all method: pairwise
   handle bytes (avg, min, max): 136378 89436 151820
   buffer bytes (avg, min, max): 72503.6 35408 90688
   setupds time 3.2602E-01 seconds   0 13    13452417       32768
           8  max multiplicity
 done :: setup mesh topology
  
 call usrdat
 done :: usrdat

 generate geometry data
 done :: generate geometry data
  
 call usrdat2
 done :: usrdat2

 regenerate geometry data           1
 NOTE: All elements deformed , param(59) ^=0
 done :: regenerate geometry data           1
  
 verify mesh topology
  0.000000000000000E+000   1.00000000000000       Xrange
  0.000000000000000E+000   1.00000000000000       Yrange
  0.000000000000000E+000   1.00000000000000       Zrange
 done :: verify mesh topology
  
 IFTRAN   = T
 IFFLOW   = T
 IFHEAT   = F
 IFSPLIT  = T
 IFLOMACH = F
 IFUSERVP = F
 IFUSERMV = F
 IFSTRS   = F
 IFCHAR   = F
 IFCYCLIC = F
 IFAXIS   = F
 IFMVBD   = F
 IFMELT   = F
 IFMODEL  = F
 IFKEPS   = F
 IFMOAB   = F
 IFNEKNEK = F
 IFSYNC   = T
   
 IFVCOR   = T
 IFINTQ   = F
 IFCWUZ   = F
 IFSWALL  = F
 IFGEOM   = F
 IFSURT   = F
 IFWCNO   = F
   
 IFTMSH for field           1    =  F
 IFADVC for field           1    =  T
 IFNONL for field           1    =  F
   
 Dealiasing enabled, lxd=          19
  
 Estimated eigenvalues
 EIGAA =    9.86960440108936     
 EIGGA =    30631304.9535190     
 EIGAE =    9.86960440108936     
 EIGAS =   8.333333333333333E-002
 EIGGE =    30631304.9535190     
 EIGGS =    2.00000000000000     
  
 verify mesh topology
  0.000000000000000E+000   1.00000000000000       Xrange
  0.000000000000000E+000   1.00000000000000       Yrange
  0.000000000000000E+000   1.00000000000000       Zrange
 done :: verify mesh topology
  
  E-solver strategy:  0 itr
 mg_nx:           1           7          12
 mg_ny:           1           7          12
 mg_nz:           1           7          12
 call usrsetvert
 done :: usrsetvert

gs_setup: 34263 unique labels shared
   pairwise times (avg, min, max): 0.000114284 8.33035e-05 0.000143409
   crystal router                : 0.000128189 0.000124907 0.000132298
   all reduce                    : 0.00163073 0.00162292 0.0016418
   used all_to_all method: crystal router
   handle bytes (avg, min, max): 17273 12556 23244
   buffer bytes (avg, min, max): 1528.57 880 2128
   setupds time 5.2707E-02 seconds   1  2       35937       32768
   setvert3d:   4      650529      912673      650529      650529
 call usrsetvert
 done :: usrsetvert

gs_setup: 434167 unique labels shared
   pairwise times (avg, min, max): 0.000128009 9.79185e-05 0.000156093
   crystal router                : 0.000280332 0.00026989 0.000299096
   used all_to_all method: pairwise
   handle bytes (avg, min, max): 10822.9 7140 12284
   buffer bytes (avg, min, max): 6511.4 2864 8320
   setupds time 7.8568E-02 seconds   2  4      650529       32768
   setvert3d:   8     4312737    11390625     4312737     4312737
 call usrsetvert
 done :: usrsetvert

gs_setup: 2581815 unique labels shared
   pairwise times (avg, min, max): 0.000227717 0.000171804 0.000272298
   crystal router                : 0.000602639 0.000593901 0.000617218
   used all_to_all method: pairwise
   handle bytes (avg, min, max): 48884.1 32196 54620
   buffer bytes (avg, min, max): 27066.3 12848 34048
   setupds time 1.7457E-01 seconds   3  8     4312737       32768
   setvert3d:  10     7360353    24137569     7360353     7360353
 call usrsetvert
 done :: usrsetvert

gs_setup: 4329559 unique labels shared
   pairwise times (avg, min, max): 0.000234562 0.000171685 0.000282407
   crystal router                : 0.000803551 0.00079062 0.00082171
   used all_to_all method: pairwise
   handle bytes (avg, min, max): 78559.4 51636 87596
   buffer bytes (avg, min, max): 42608.7 20528 53440
   setupds time 2.0484E-01 seconds   4 10     7360353       32768
 regenerate geometry data           1
 NOTE: All elements deformed , param(59) ^=0
 done :: regenerate geometry data           1
  
 h1_mg_nx:           1           3          12
 h1_mg_ny:           1           3          12
 h1_mg_nz:           1           3          12
 call usrsetvert
 done :: usrsetvert

gs_setup: 34263 unique labels shared
   pairwise times (avg, min, max): 0.000111191 8.79049e-05 0.000128317
   crystal router                : 0.000194631 0.000188398 0.000199103
   all reduce                    : 0.00168311 0.00166669 0.0016932
   used all_to_all method: pairwise
   handle bytes (avg, min, max): 2437.05 1524 2940
   buffer bytes (avg, min, max): 1498.96 560 2032
   setupds time 5.2360E-02 seconds   5  2       35937       32768
   setvert3d:   4      650529      912673      650529      650529
 call usrsetvert
 done :: usrsetvert

gs_setup: 434167 unique labels shared
   pairwise times (avg, min, max): 0.000126735 9.74894e-05 0.000155187
   crystal router                : 0.000290497 0.000284195 0.000295711
   used all_to_all method: pairwise
   handle bytes (avg, min, max): 10822.9 7140 12284
   buffer bytes (avg, min, max): 6511.4 2864 8320
   setupds time 7.9196E-02 seconds   6  4      650529       32768
   setvert3d:   4      650529      912673      650529      650529
 call usrsetvert
 done :: usrsetvert

gs_setup: 434167 unique labels shared
   pairwise times (avg, min, max): 0.000127196 9.65118e-05 0.000155616
   crystal router                : 0.000262275 0.000256681 0.000267005
   used all_to_all method: pairwise
   handle bytes (avg, min, max): 10822.9 7140 12284
   buffer bytes (avg, min, max): 6511.4 2864 8320
   setupds time 6.9061E-02 seconds   7  4      650529       32768
   setvert3d:   6     2076129     4173281     2076129     2076129
 call usrsetvert
 done :: usrsetvert

gs_setup: 1283351 unique labels shared
   pairwise times (avg, min, max): 0.000184371 0.000141215 0.000236201
   crystal router                : 0.000386244 0.000380778 0.000405407
   used all_to_all method: pairwise
   handle bytes (avg, min, max): 26305.2 17364 29516
   buffer bytes (avg, min, max): 15033.8 6960 19008
   setupds time 1.0974E-01 seconds   8  6     2076129       32768
   setvert3d:  13    13452417    57066625    13452417    13452417
 call usrsetvert
 done :: usrsetvert

gs_setup: 7793575 unique labels shared
   pairwise times (avg, min, max): 0.000247786 0.000185895 0.000296187
   crystal router                : 0.00117442 0.00115578 0.001194
   used all_to_all method: pairwise
   handle bytes (avg, min, max): 136378 89436 151820
   buffer bytes (avg, min, max): 72503.6 35408 90688
   setupds time 3.2392E-01 seconds   9 13    13452417       32768
   setvert3d:  15    18527553    90518849    18527553    18527553
 call usrsetvert
 done :: usrsetvert

gs_setup: 10664519 unique labels shared
   pairwise times (avg, min, max): 0.000280085 0.000194979 0.000349402
   crystal router                : 0.00143491 0.00141649 0.00146379
   used all_to_all method: pairwise
   handle bytes (avg, min, max): 183795 120396 204476
   buffer bytes (avg, min, max): 96821.1 47568 120960
   setupds time 3.9914E-01 seconds  10 15    18527553       32768
 setup h1 coarse grid, nx_crs=           2
 call usrsetvert
 done :: usrsetvert

gs_setup: 34263 unique labels shared
   pairwise times (avg, min, max): 0.000106539 8.38041e-05 0.000125122
   crystal router                : 0.000133679 0.000129986 0.00013721
   all reduce                    : 0.00168915 0.00167999 0.00171721
   used all_to_all method: pairwise
   handle bytes (avg, min, max): 2437.05 1524 2940
   buffer bytes (avg, min, max): 1498.96 560 2032
 done :: setup h1 coarse grid    2.00441408157349       sec
  
 call usrdat3
 done :: usrdat3

 set initial conditions
 nekuic (1) for ifld            1
 call nekuic for vel  
 xyz min     0.0000       0.0000       0.0000    
 uvwpt min   0.0000       0.0000       0.0000       0.0000       0.0000    
 PS min      0.0000       0.0000      0.99000E+22
 xyz max     1.0000       1.0000       1.0000    
 uvwpt max   0.0000       0.0000       0.0000       0.0000       0.0000    
 PS max      0.0000       0.0000     -0.99000E+22
 done :: set initial conditions
  
 call userchk
GFM max:  2.4984E-04  2.4984E-04  2.4984E-04  6.6331E-17  6.6331E-17  6.6331E-17
 
nelt =       8, np =      4096, nx1 =      13, elements =     32768
Solve Time =   0.2898E-10
 
nelt =       8, np =      4096, nx1 =      13, elements =     32768
Solve Time =   0.2879E-10
 
nelt =       8, np =      4096, nx1 =      13, elements =     32768
Solve Time =   0.2867E-10
 
nelt =       8, np =      4096, nx1 =      13, elements =     32768
Solve Time =   0.2847E-10
 
nelt =       8, np =      4096, nx1 =      13, elements =     32768
Solve Time =   0.2871E-10
 
nelt =       8, np =      4096, nx1 =      13, elements =     32768
Solve Time =   0.2851E-10
 
nelt =       8, np =      4096, nx1 =      13, elements =     32768
Solve Time =   0.2844E-10
 
nelt =       8, np =      4096, nx1 =      13, elements =     32768
Solve Time =   0.2844E-10
 
nelt =       8, np =      4096, nx1 =      13, elements =     32768
Solve Time =   0.2855E-10
 
nelt =       8, np =      4096, nx1 =      13, elements =     32768
Solve Time =   0.2873E-10
 
nelt =       8, np =      4096, nx1 =      13, elements =     32768
Solve Time =   0.2216E-10
 
nelt =       8, np =      4096, nx1 =      13, elements =     32768
Solve Time =   0.2220E-10
 
nelt =       8, np =      4096, nx1 =      13, elements =     32768
Solve Time =   0.2209E-10
 
nelt =       8, np =      4096, nx1 =      13, elements =     32768
Solve Time =   0.2245E-10
 
nelt =       8, np =      4096, nx1 =      13, elements =     32768
Solve Time =   0.2214E-10
 
nelt =       8, np =      4096, nx1 =      13, elements =     32768
Solve Time =   0.2219E-10
 
nelt =       8, np =      4096, nx1 =      13, elements =     32768
Solve Time =   0.2218E-10
 
nelt =       8, np =      4096, nx1 =      13, elements =     32768
Solve Time =   0.2223E-10
 
nelt =       8, np =      4096, nx1 =      13, elements =     32768
Solve Time =   0.2225E-10
 
nelt =       8, np =      4096, nx1 =      13, elements =     32768
Solve Time =   0.2224E-10
 
nelt =       8, np =      4096, nx1 =      13, elements =     32768
Solve Time =   0.2554E-10
 
nelt =       8, np =      4096, nx1 =      13, elements =     32768
Solve Time =   0.2545E-10
 
nelt =       8, np =      4096, nx1 =      13, elements =     32768
Solve Time =   0.2532E-10
 
nelt =       8, np =      4096, nx1 =      13, elements =     32768
Solve Time =   0.2564E-10
 
nelt =       8, np =      4096, nx1 =      13, elements =     32768
Solve Time =   0.2534E-10
 
nelt =       8, np =      4096, nx1 =      13, elements =     32768
Solve Time =   0.2534E-10
 
nelt =       8, np =      4096, nx1 =      13, elements =     32768
Solve Time =   0.2552E-10
 
nelt =       8, np =      4096, nx1 =      13, elements =     32768
Solve Time =   0.2555E-10
 
nelt =       8, np =      4096, nx1 =      13, elements =     32768
Solve Time =   0.2557E-10
 
nelt =       8, np =      4096, nx1 =      13, elements =     32768
Solve Time =   0.2542E-10
 
nelt =       8, np =      4096, nx1 =      13, elements =     32768
Solve Time =   0.2869E-10
 
nelt =       8, np =      4096, nx1 =      13, elements =     32768
Solve Time =   0.2854E-10
 
nelt =       8, np =      4096, nx1 =      13, elements =     32768
Solve Time =   0.2886E-10
 
nelt =       8, np =      4096, nx1 =      13, elements =     32768
Solve Time =   0.2860E-10
 
nelt =       8, np =      4096, nx1 =      13, elements =     32768
Solve Time =   0.2861E-10
 
nelt =       8, np =      4096, nx1 =      13, elements =     32768
Solve Time =   0.2885E-10
 
nelt =       8, np =      4096, nx1 =      13, elements =     32768
Solve Time =   0.2857E-10
 
nelt =       8, np =      4096, nx1 =      13, elements =     32768
Solve Time =   0.2870E-10
 
nelt =       8, np =      4096, nx1 =      13, elements =     32768
Solve Time =   0.2856E-10
 
nelt =       8, np =      4096, nx1 =      13, elements =     32768
Solve Time =   0.2841E-10
 
nelt =       8, np =      4096, nx1 =      13, elements =     32768
Solve Time =   0.3198E-10
 
nelt =       8, np =      4096, nx1 =      13, elements =     32768
Solve Time =   0.3177E-10
 
nelt =       8, np =      4096, nx1 =      13, elements =     32768
Solve Time =   0.3173E-10
 
nelt =       8, np =      4096, nx1 =      13, elements =     32768
Solve Time =   0.3177E-10
 
nelt =       8, np =      4096, nx1 =      13, elements =     32768
Solve Time =   0.3200E-10
 
nelt =       8, np =      4096, nx1 =      13, elements =     32768
Solve Time =   0.3170E-10
 
nelt =       8, np =      4096, nx1 =      13, elements =     32768
Solve Time =   0.3177E-10
 
nelt =       8, np =      4096, nx1 =      13, elements =     32768
Solve Time =   0.3207E-10
 
nelt =       8, np =      4096, nx1 =      13, elements =     32768
Solve Time =   0.3172E-10
 
nelt =       8, np =      4096, nx1 =      13, elements =     32768
Solve Time =   0.3163E-10
 schfile:
 /gpfs/theta-fs1/home/thilina/env/lx13/b15.sch                                  
                                                      
Application 2260427 exit codes: 1
Application 2260427 resources: utime ~457796s, stime ~1031s, Rss ~66860, inblocks ~0, outblocks ~0
