/----------------------------------------------------------\\
|      _   __ ______ __ __  ______  ____   ____   ____     |
|     / | / // ____// //_/ / ____/ / __ \\/ __ \\/ __ \\   |
|    /  |/ // __/  / ,<   /___ \\ / / / // / / // / / /    |
|   / /|  // /___ / /| | ____/ / / /_/ // /_/ // /_/ /     |
|  /_/ |_//_____//_/ |_|/_____/  \\___/ \\___/ \\___/      |
|                                                          |
|----------------------------------------------------------|
|                                                          |
| NEK5000:  Open Source Spectral Element Solver            |
| COPYRIGHT (c) 2008-2016 UCHICAGO ARGONNE, LLC            |
| Version:  16.0.0                                         |
| Web:      http://nek5000.mcs.anl.gov                     |
|                                                          |
\\----------------------------------------------------------/
                                                              

 Number of processors:        2048
 REAL    wdsize      :           8
 INTEGER wdsize      :           4
 Timer accuracy      : 3.10E-07
 Reading /gpfs/theta-fs1/home/thilina/env/lx13/b15.rea                                                                                       

 mapping elements to processors
 Reading /gpfs/theta-fs1/home/thilina/env/lx13/b15.map                                                                                       
 RANK     0 IEG   31260   31292   31293   31323   31324   31325   31356   32283
                  32284   32285   32315   32316   32317   32347   32348   32349
 element load imbalance:            0          16          16
 done :: mapping elements to processors
  
           0  objects found
 118   Parameters from file:
   1      1.00000     p001 DENSITY
   2     -100.000     p002 VISCOS
   7      1.00000     p007 RHOCP
   8      1.00000     p008 CONDUCT
  11      1.00        p011 NSTEPS
  12    -0.500000E-02 p012 DT
  21     0.100000E-05 p021 DIVERGENCE
  22     0.100000E-07 p022 HELMHOLTZ
  24     0.100000E-09 p024 TOLREL
  25     0.100000E-09 p025 TOLABS
  26     0.250000     p026 COURANT/NTAU
  27      2.00000     p027 TORDER
  66      6.00000     p066 output : <0=ascii, else binary
  67      6.00000     p067 restart: <0=ascii, else binary
  99      3.00000     p099 dealiasing: <0--> off/3--> old/4--> new
 103     0.500000E-01 p103 weight of stabilizing filter (.01)
  
 nelgt/nelgv/lelt:       32768       32768         100
 lx1  /lx2  /lx3 :          13          13          13
 done :: read .rea file    321.42     sec

 setup mesh topology
   Right-handed check complete for   32768 elements. OK.
   setvert3d:  13    13452417    57066625    13452417    13452417
 call usrsetvert
 done :: usrsetvert

gs_setup: 6259719 unique labels shared
   pairwise times (avg, min, max): 0.000296397 0.000233698 0.000340486
   crystal router                : 0.00145989 0.0014327 0.00149269
   used all_to_all method: pairwise
   handle bytes (avg, min, max): 248352 175260 275980
   buffer bytes (avg, min, max): 111992 52320 142992
   setupds time 3.9907E-01 seconds   0 13    13452417       32768
           8  max multiplicity
 done :: setup mesh topology
  
 call usrdat
 done :: usrdat

 generate geometry data
 done :: generate geometry data
  
 call usrdat2
 done :: usrdat2

 regenerate geometry data           1
 NOTE: All elements deformed , param(59) ^=0
 done :: regenerate geometry data           1
  
 verify mesh topology
  0.000000000000000E+000   1.00000000000000       Xrange
  0.000000000000000E+000   1.00000000000000       Yrange
  0.000000000000000E+000   1.00000000000000       Zrange
 done :: verify mesh topology
  
 IFTRAN   = T
 IFFLOW   = T
 IFHEAT   = F
 IFSPLIT  = T
 IFLOMACH = F
 IFUSERVP = F
 IFUSERMV = F
 IFSTRS   = F
 IFCHAR   = F
 IFCYCLIC = F
 IFAXIS   = F
 IFMVBD   = F
 IFMELT   = F
 IFMODEL  = F
 IFKEPS   = F
 IFMOAB   = F
 IFNEKNEK = F
 IFSYNC   = T
   
 IFVCOR   = T
 IFINTQ   = F
 IFCWUZ   = F
 IFSWALL  = F
 IFGEOM   = F
 IFSURT   = F
 IFWCNO   = F
   
 IFTMSH for field           1    =  F
 IFADVC for field           1    =  T
 IFNONL for field           1    =  F
   
 Dealiasing enabled, lxd=          19
  
 Estimated eigenvalues
 EIGAA =    9.86960440108936     
 EIGGA =    30631333.1377233     
 EIGAE =    9.86960440108936     
 EIGAS =   8.333333333333333E-002
 EIGGE =    30631333.1377233     
 EIGGS =    2.00000000000000     
  
 verify mesh topology
  0.000000000000000E+000   1.00000000000000       Xrange
  0.000000000000000E+000   1.00000000000000       Yrange
  0.000000000000000E+000   1.00000000000000       Zrange
 done :: verify mesh topology
  
  E-solver strategy:  0 itr
 mg_nx:           1           7          12
 mg_ny:           1           7          12
 mg_nz:           1           7          12
 call usrsetvert
 done :: usrsetvert

gs_setup: 31343 unique labels shared
   pairwise times (avg, min, max): 0.000106241 8.40902e-05 0.000135088
   crystal router                : 0.00014798 0.000143909 0.000154781
   all reduce                    : 0.00179011 0.00177932 0.0018214
   used all_to_all method: pairwise
   handle bytes (avg, min, max): 3501.3 2428 4140
   buffer bytes (avg, min, max): 1916.08 752 2560
   setupds time 4.8520E-02 seconds   1  2       35937       32768
   setvert3d:   4      650529      912673      650529      650529
 call usrsetvert
 done :: usrsetvert

gs_setup: 359679 unique labels shared
   pairwise times (avg, min, max): 0.000136751 0.000107789 0.000162196
   crystal router                : 0.000294117 0.000285101 0.000300789
   used all_to_all method: pairwise
   handle bytes (avg, min, max): 18508.5 13116 20844
   buffer bytes (avg, min, max): 9365.83 4080 12000
   setupds time 8.3999E-02 seconds   2  4      650529       32768
   setvert3d:   8     4312737    11390625     4312737     4312737
 call usrsetvert
 done :: usrsetvert

gs_setup: 2088479 unique labels shared
   pairwise times (avg, min, max): 0.000228402 0.00017128 0.000268316
   crystal router                : 0.0007345 0.000719213 0.000752807
   used all_to_all method: pairwise
   handle bytes (avg, min, max): 87871 62140 97580
   buffer bytes (avg, min, max): 41017.3 18800 52192
   setupds time 1.8156E-01 seconds   3  8     4312737       32768
   setvert3d:  10     7360353    24137569     7360353     7360353
 call usrsetvert
 done :: usrsetvert

gs_setup: 3488943 unique labels shared
   pairwise times (avg, min, max): 0.000238069 0.000187397 0.000282311
   crystal router                : 0.000969562 0.000951719 0.000987506
   used all_to_all method: pairwise
   handle bytes (avg, min, max): 142226 100476 157996
   buffer bytes (avg, min, max): 65219.1 30192 83136
   setupds time 2.4188E-01 seconds   4 10     7360353       32768
 regenerate geometry data           1
 NOTE: All elements deformed , param(59) ^=0
 done :: regenerate geometry data           1
  
 h1_mg_nx:           1           3          12
 h1_mg_ny:           1           3          12
 h1_mg_nz:           1           3          12
 call usrsetvert
 done :: usrsetvert

gs_setup: 31343 unique labels shared
   pairwise times (avg, min, max): 0.0001052 8.18968e-05 0.00012629
   crystal router                : 0.000132177 0.000130796 0.000135088
   all reduce                    : 0.00180779 0.00179629 0.0018271
   used all_to_all method: pairwise
   handle bytes (avg, min, max): 3501.3 2428 4140
   buffer bytes (avg, min, max): 1916.08 752 2560
   setupds time 4.7391E-02 seconds   5  2       35937       32768
   setvert3d:   4      650529      912673      650529      650529
 call usrsetvert
 done :: usrsetvert

gs_setup: 359679 unique labels shared
   pairwise times (avg, min, max): 0.000133962 0.000107694 0.000161099
   crystal router                : 0.000282666 0.00027411 0.000292993
   used all_to_all method: pairwise
   handle bytes (avg, min, max): 18508.5 13116 20844
   buffer bytes (avg, min, max): 9365.83 4080 12000
   setupds time 7.7519E-02 seconds   6  4      650529       32768
   setvert3d:   4      650529      912673      650529      650529
 call usrsetvert
 done :: usrsetvert

gs_setup: 359679 unique labels shared
   pairwise times (avg, min, max): 0.000130985 9.91106e-05 0.0001616
   crystal router                : 0.000288067 0.00028429 0.00029459
   used all_to_all method: pairwise
   handle bytes (avg, min, max): 18508.5 13116 20844
   buffer bytes (avg, min, max): 9365.83 4080 12000
   setupds time 5.4490E-02 seconds   7  4      650529       32768
   setvert3d:   6     2076129     4173281     2076129     2076129
 call usrsetvert
 done :: usrsetvert

gs_setup: 1045391 unique labels shared
   pairwise times (avg, min, max): 0.00018885 0.000140786 0.000222993
   crystal router                : 0.000422453 0.000416422 0.000431585
   used all_to_all method: pairwise
   handle bytes (avg, min, max): 46631.8 33020 51948
   buffer bytes (avg, min, max): 22399.6 10096 28416
   setupds time 9.6478E-02 seconds   8  6     2076129       32768
   setvert3d:  13    13452417    57066625    13452417    13452417
 call usrsetvert
 done :: usrsetvert

gs_setup: 6259719 unique labels shared
   pairwise times (avg, min, max): 0.000262349 0.000217009 0.000305486
   crystal router                : 0.00142434 0.00140581 0.00144582
   used all_to_all method: pairwise
   handle bytes (avg, min, max): 248352 175260 275980
   buffer bytes (avg, min, max): 111992 52320 142992
   setupds time 4.2383E-01 seconds   9 13    13452417       32768
   setvert3d:  15    18527553    90518849    18527553    18527553
 call usrsetvert
 done :: usrsetvert

gs_setup: 8553623 unique labels shared
   pairwise times (avg, min, max): 0.000302211 0.000241804 0.000348592
   crystal router                : 0.00184168 0.00181401 0.00186889
   used all_to_all method: pairwise
   handle bytes (avg, min, max): 335497 236636 372876
   buffer bytes (avg, min, max): 150153 70432 191856
   setupds time 5.6915E-01 seconds  10 15    18527553       32768
 setup h1 coarse grid, nx_crs=           2
 call usrsetvert
 done :: usrsetvert

gs_setup: 31343 unique labels shared
   pairwise times (avg, min, max): 9.85493e-05 7.7796e-05 0.00011909
   crystal router                : 0.000172511 0.000167894 0.000174403
   all reduce                    : 0.00187023 0.00185342 0.0018863
   used all_to_all method: pairwise
   handle bytes (avg, min, max): 3501.3 2428 4140
   buffer bytes (avg, min, max): 1916.08 752 2560
 done :: setup h1 coarse grid    2.13619613647461       sec
  
 call usrdat3
 done :: usrdat3

 set initial conditions
 nekuic (1) for ifld            1
 call nekuic for vel  
 xyz min     0.0000       0.0000       0.0000    
 uvwpt min   0.0000       0.0000       0.0000       0.0000       0.0000    
 PS min      0.0000       0.0000      0.99000E+22
 xyz max     1.0000       1.0000       1.0000    
 uvwpt max   0.0000       0.0000       0.0000       0.0000       0.0000    
 PS max      0.0000       0.0000     -0.99000E+22
 done :: set initial conditions
  
 call userchk
GFM max:  2.4984E-04  2.4984E-04  2.4984E-04  6.6331E-17  6.6331E-17  6.6331E-17
 
nelt =      16, np =      2048, nx1 =      13, elements =     32768
Solve Time =   0.4748E-10
 
nelt =      16, np =      2048, nx1 =      13, elements =     32768
Solve Time =   0.4698E-10
 
nelt =      16, np =      2048, nx1 =      13, elements =     32768
Solve Time =   0.4698E-10
 
nelt =      16, np =      2048, nx1 =      13, elements =     32768
Solve Time =   0.4710E-10
 
nelt =      16, np =      2048, nx1 =      13, elements =     32768
Solve Time =   0.4699E-10
 
nelt =      16, np =      2048, nx1 =      13, elements =     32768
Solve Time =   0.4734E-10
 
nelt =      16, np =      2048, nx1 =      13, elements =     32768
Solve Time =   0.4694E-10
 
nelt =      16, np =      2048, nx1 =      13, elements =     32768
Solve Time =   0.4729E-10
 
nelt =      16, np =      2048, nx1 =      13, elements =     32768
Solve Time =   0.4774E-10
 
nelt =      16, np =      2048, nx1 =      13, elements =     32768
Solve Time =   0.4780E-10
 
nelt =      16, np =      2048, nx1 =      13, elements =     32768
Solve Time =   0.3839E-10
 
nelt =      16, np =      2048, nx1 =      13, elements =     32768
Solve Time =   0.3819E-10
 
nelt =      16, np =      2048, nx1 =      13, elements =     32768
Solve Time =   0.3823E-10
 
nelt =      16, np =      2048, nx1 =      13, elements =     32768
Solve Time =   0.3824E-10
 
nelt =      16, np =      2048, nx1 =      13, elements =     32768
Solve Time =   0.3813E-10
 
nelt =      16, np =      2048, nx1 =      13, elements =     32768
Solve Time =   0.3812E-10
 
nelt =      16, np =      2048, nx1 =      13, elements =     32768
Solve Time =   0.3833E-10
 
nelt =      16, np =      2048, nx1 =      13, elements =     32768
Solve Time =   0.3810E-10
 
nelt =      16, np =      2048, nx1 =      13, elements =     32768
Solve Time =   0.3829E-10
 
nelt =      16, np =      2048, nx1 =      13, elements =     32768
Solve Time =   0.3813E-10
 
nelt =      16, np =      2048, nx1 =      13, elements =     32768
Solve Time =   0.4249E-10
 
nelt =      16, np =      2048, nx1 =      13, elements =     32768
Solve Time =   0.4214E-10
 
nelt =      16, np =      2048, nx1 =      13, elements =     32768
Solve Time =   0.4249E-10
 
nelt =      16, np =      2048, nx1 =      13, elements =     32768
Solve Time =   0.4234E-10
 
nelt =      16, np =      2048, nx1 =      13, elements =     32768
Solve Time =   0.4230E-10
 
nelt =      16, np =      2048, nx1 =      13, elements =     32768
Solve Time =   0.4231E-10
 
nelt =      16, np =      2048, nx1 =      13, elements =     32768
Solve Time =   0.4212E-10
 
nelt =      16, np =      2048, nx1 =      13, elements =     32768
Solve Time =   0.4244E-10
 
nelt =      16, np =      2048, nx1 =      13, elements =     32768
Solve Time =   0.4218E-10
 
nelt =      16, np =      2048, nx1 =      13, elements =     32768
Solve Time =   0.4236E-10
 
nelt =      16, np =      2048, nx1 =      13, elements =     32768
Solve Time =   0.4610E-10
 
nelt =      16, np =      2048, nx1 =      13, elements =     32768
Solve Time =   0.4615E-10
 
nelt =      16, np =      2048, nx1 =      13, elements =     32768
Solve Time =   0.4621E-10
 
nelt =      16, np =      2048, nx1 =      13, elements =     32768
Solve Time =   0.4627E-10
 
nelt =      16, np =      2048, nx1 =      13, elements =     32768
Solve Time =   0.4622E-10
 
nelt =      16, np =      2048, nx1 =      13, elements =     32768
Solve Time =   0.4624E-10
 
nelt =      16, np =      2048, nx1 =      13, elements =     32768
Solve Time =   0.4608E-10
 
nelt =      16, np =      2048, nx1 =      13, elements =     32768
Solve Time =   0.4637E-10
 
nelt =      16, np =      2048, nx1 =      13, elements =     32768
Solve Time =   0.4617E-10
 
nelt =      16, np =      2048, nx1 =      13, elements =     32768
Solve Time =   0.4627E-10
 
nelt =      16, np =      2048, nx1 =      13, elements =     32768
Solve Time =   0.5018E-10
 
nelt =      16, np =      2048, nx1 =      13, elements =     32768
Solve Time =   0.5013E-10
 
nelt =      16, np =      2048, nx1 =      13, elements =     32768
Solve Time =   0.5019E-10
 
nelt =      16, np =      2048, nx1 =      13, elements =     32768
Solve Time =   0.5017E-10
 
nelt =      16, np =      2048, nx1 =      13, elements =     32768
Solve Time =   0.5014E-10
 
nelt =      16, np =      2048, nx1 =      13, elements =     32768
Solve Time =   0.5017E-10
 
nelt =      16, np =      2048, nx1 =      13, elements =     32768
Solve Time =   0.4989E-10
 
nelt =      16, np =      2048, nx1 =      13, elements =     32768
Solve Time =   0.5027E-10
 
nelt =      16, np =      2048, nx1 =      13, elements =     32768
Solve Time =   0.5018E-10
 
nelt =      16, np =      2048, nx1 =      13, elements =     32768
Solve Time =   0.4999E-10
 schfile:
 /gpfs/theta-fs1/home/thilina/env/lx13/b15.sch                                  
                                                      
Application 2260254 exit codes: 1
Application 2260254 resources: utime ~229306s, stime ~558s, Rss ~84028, inblocks ~0, outblocks ~0
