/----------------------------------------------------------\\
|      _   __ ______ __ __  ______  ____   ____   ____     |
|     / | / // ____// //_/ / ____/ / __ \\/ __ \\/ __ \\   |
|    /  |/ // __/  / ,<   /___ \\ / / / // / / // / / /    |
|   / /|  // /___ / /| | ____/ / / /_/ // /_/ // /_/ /     |
|  /_/ |_//_____//_/ |_|/_____/  \\___/ \\___/ \\___/      |
|                                                          |
|----------------------------------------------------------|
|                                                          |
| NEK5000:  Open Source Spectral Element Solver            |
| COPYRIGHT (c) 2008-2016 UCHICAGO ARGONNE, LLC            |
| Version:  16.0.0                                         |
| Web:      http://nek5000.mcs.anl.gov                     |
|                                                          |
\\----------------------------------------------------------/
                                                              

 Number of processors:       16384
 REAL    wdsize      :           8
 INTEGER wdsize      :           4
 Timer accuracy      : 4.05E-07
 Reading /gpfs/theta-fs1/home/thilina/env/lx13/b15.rea                                                                                       

 mapping elements to processors
 Reading /gpfs/theta-fs1/home/thilina/env/lx13/b15.map                                                                                       
 element load imbalance:            0           2           2
 done :: mapping elements to processors
  
           0  objects found
 118   Parameters from file:
   1      1.00000     p001 DENSITY
   2     -100.000     p002 VISCOS
   7      1.00000     p007 RHOCP
   8      1.00000     p008 CONDUCT
  11      1.00        p011 NSTEPS
  12    -0.500000E-02 p012 DT
  21     0.100000E-05 p021 DIVERGENCE
  22     0.100000E-07 p022 HELMHOLTZ
  24     0.100000E-09 p024 TOLREL
  25     0.100000E-09 p025 TOLABS
  26     0.250000     p026 COURANT/NTAU
  27      2.00000     p027 TORDER
  66      6.00000     p066 output : <0=ascii, else binary
  67      6.00000     p067 restart: <0=ascii, else binary
  99      3.00000     p099 dealiasing: <0--> off/3--> old/4--> new
 103     0.500000E-01 p103 weight of stabilizing filter (.01)
  
 nelgt/nelgv/lelt:       32768       32768         100
 lx1  /lx2  /lx3 :          13          13          13
 done :: read .rea file    2677.9     sec

 setup mesh topology
   Right-handed check complete for   32768 elements. OK.
   setvert3d:  13    13466453    57080661    13466453    13466453
 call usrsetvert
 done :: usrsetvert

gs_setup: 11046753 unique labels shared
   pairwise times (avg, min, max): 0.000249834 0.000193405 0.000321007
   crystal router                : 0.000804225 0.000785398 0.000830412
   used all_to_all method: pairwise
   handle bytes (avg, min, max): 41753.6 23436 46636
   buffer bytes (avg, min, max): 29047.9 13520 35952
   setupds time 3.4043E-01 seconds   0 13    13466453       32768
           8  max multiplicity
 done :: setup mesh topology
  
 call usrdat
 done :: usrdat

 generate geometry data
 done :: generate geometry data
  
 call usrdat2
 done :: usrdat2

 regenerate geometry data           1
 NOTE: All elements deformed , param(59) ^=0
 done :: regenerate geometry data           1
  
 verify mesh topology
  0.000000000000000E+000   1.00000000000000       Xrange
  0.000000000000000E+000   1.00000000000000       Yrange
  0.000000000000000E+000   1.00000000000000       Zrange
 done :: verify mesh topology
  
 IFTRAN   = T
 IFFLOW   = T
 IFHEAT   = F
 IFSPLIT  = T
 IFLOMACH = F
 IFUSERVP = F
 IFUSERMV = F
 IFSTRS   = F
 IFCHAR   = F
 IFCYCLIC = F
 IFAXIS   = F
 IFMVBD   = F
 IFMELT   = F
 IFMODEL  = F
 IFKEPS   = F
 IFMOAB   = F
 IFNEKNEK = F
 IFSYNC   = T
   
 IFVCOR   = T
 IFINTQ   = F
 IFCWUZ   = F
 IFSWALL  = F
 IFGEOM   = F
 IFSURT   = F
 IFWCNO   = F
   
 IFTMSH for field           1    =  F
 IFADVC for field           1    =  T
 IFNONL for field           1    =  F
   
 Dealiasing enabled, lxd=          19
  
 Estimated eigenvalues
 EIGAA =    9.86960440108936     
 EIGGA =    30631360.4209012     
 EIGAE =    9.86960440108936     
 EIGAS =   8.333333333333333E-002
 EIGGE =    30631360.4209012     
 EIGGS =    2.00000000000000     
  
 verify mesh topology
  0.000000000000000E+000   1.00000000000000       Xrange
  0.000000000000000E+000   1.00000000000000       Yrange
  0.000000000000000E+000   1.00000000000000       Zrange
 done :: verify mesh topology
  
  E-solver strategy:  0 itr
 mg_nx:           1           7          12
 mg_ny:           1           7          12
 mg_nz:           1           7          12
 call usrsetvert
 done :: usrsetvert

gs_setup: 35863 unique labels shared
   pairwise times (avg, min, max): 0.00013028 9.9802e-05 0.0001652
   crystal router                : 0.000269223 0.000263 0.000290799
   all reduce                    : 0.0023408 0.00232749 0.0023684
   used all_to_all method: pairwise
   handle bytes (avg, min, max): 1513.73 732 1892
   buffer bytes (avg, min, max): 993.23 320 1312
   setupds time 9.1625E-02 seconds   1  2       35937       32768
   setvert3d:   4      650993      913137      650993      650993
 call usrsetvert
 done :: usrsetvert

gs_setup: 567315 unique labels shared
   pairwise times (avg, min, max): 0.000129082 9.5892e-05 0.000159788
   crystal router                : 0.000290119 0.000280094 0.000310898
   used all_to_all method: pairwise
   handle bytes (avg, min, max): 4164.98 2268 4820
   buffer bytes (avg, min, max): 3221.96 1280 4128
   setupds time 3.8021E-02 seconds   2  4      650993       32768
   setvert3d:   8     4316913    11394801     4316913     4316913
 call usrsetvert
 done :: usrsetvert

gs_setup: 3590923 unique labels shared
   pairwise times (avg, min, max): 0.000217413 0.000170708 0.000260305
   crystal router                : 0.000470449 0.000451303 0.000496888
   used all_to_all method: pairwise
   handle bytes (avg, min, max): 15687.6 8796 17636
   buffer bytes (avg, min, max): 11508.9 5120 14432
   setupds time 1.0744E-01 seconds   3  8     4316913       32768
   setvert3d:  10     7367777    24144993     7367777     7367777
 call usrsetvert
 done :: usrsetvert

gs_setup: 6083079 unique labels shared
   pairwise times (avg, min, max): 0.000227664 0.000172591 0.000303006
   crystal router                : 0.000525724 0.000515318 0.000540996
   used all_to_all method: pairwise
   handle bytes (avg, min, max): 24559 13788 27508
   buffer bytes (avg, min, max): 17567.1 8000 21888
   setupds time 9.6204E-02 seconds   4 10     7367777       32768
 regenerate geometry data           1
 NOTE: All elements deformed , param(59) ^=0
 done :: regenerate geometry data           1
  
 h1_mg_nx:           1           3          12
 h1_mg_ny:           1           3          12
 h1_mg_nz:           1           3          12
 call usrsetvert
 done :: usrsetvert

gs_setup: 35863 unique labels shared
   pairwise times (avg, min, max): 0.000126159 0.000101399 0.000156307
   crystal router                : 0.00023893 0.000227189 0.000250506
   all reduce                    : 0.00233579 0.00231769 0.0023685
   used all_to_all method: pairwise
   handle bytes (avg, min, max): 1513.73 732 1892
   buffer bytes (avg, min, max): 993.23 320 1312
   setupds time 6.0441E-02 seconds   5  2       35937       32768
   setvert3d:   4      650993      913137      650993      650993
 call usrsetvert
 done :: usrsetvert

gs_setup: 567315 unique labels shared
   pairwise times (avg, min, max): 0.000126197 0.000100207 0.000153089
   crystal router                : 0.000282716 0.000274897 0.000293803
   used all_to_all method: pairwise
   handle bytes (avg, min, max): 4164.98 2268 4820
   buffer bytes (avg, min, max): 3221.96 1280 4128
   setupds time 3.8412E-02 seconds   6  4      650993       32768
   setvert3d:   4      650993      913137      650993      650993
 call usrsetvert
 done :: usrsetvert

gs_setup: 567315 unique labels shared
   pairwise times (avg, min, max): 0.000136095 9.96113e-05 0.000206995
   crystal router                : 0.000301299 0.000289106 0.00031569
   used all_to_all method: pairwise
   handle bytes (avg, min, max): 4164.98 2268 4820
   buffer bytes (avg, min, max): 3221.96 1280 4128
   setupds time 3.0745E-02 seconds   7  4      650993       32768
   setvert3d:   6     2077985     4175137     2077985     2077985
 call usrsetvert
 done :: usrsetvert

gs_setup: 1752335 unique labels shared
   pairwise times (avg, min, max): 0.000154828 0.000116205 0.000190902
   crystal router                : 0.000438108 0.0004287 0.000444913
   used all_to_all method: pairwise
   handle bytes (avg, min, max): 8889.61 4956 10068
   buffer bytes (avg, min, max): 6727.18 2880 8512
   setupds time 1.0629E-01 seconds   8  6     2077985       32768
   setvert3d:  13    13466453    57080661    13466453    13466453
 call usrsetvert
 done :: usrsetvert

gs_setup: 11046753 unique labels shared
   pairwise times (avg, min, max): 0.000227492 0.000173402 0.00028441
   crystal router                : 0.000822982 0.000801086 0.000852299
   used all_to_all method: pairwise
   handle bytes (avg, min, max): 41753.6 23436 46636
   buffer bytes (avg, min, max): 29047.9 13520 35952
   setupds time 1.9222E-01 seconds   9 13    13466453       32768
   setvert3d:  15    18547157    90538453    18547157    18547157
 call usrsetvert
 done :: usrsetvert

gs_setup: 15172829 unique labels shared
   pairwise times (avg, min, max): 0.000229261 0.000168204 0.000293803
   crystal router                : 0.000954463 0.000929093 0.00103469
   used all_to_all method: pairwise
   handle bytes (avg, min, max): 55808.4 31308 62284
   buffer bytes (avg, min, max): 38297.4 18000 47248
   setupds time 2.4052E-01 seconds  10 15    18547157       32768
 setup h1 coarse grid, nx_crs=           2
 call usrsetvert
 done :: usrsetvert

gs_setup: 35863 unique labels shared
   pairwise times (avg, min, max): 0.000121088 9.5892e-05 0.000142097
   crystal router                : 0.000231387 0.000225902 0.000254703
   all reduce                    : 0.00221708 0.00220449 0.0022347
   used all_to_all method: pairwise
   handle bytes (avg, min, max): 1513.73 732 1892
   buffer bytes (avg, min, max): 993.23 320 1312
 done :: setup h1 coarse grid    2.08187294006348       sec
  
 call usrdat3
 done :: usrdat3

 set initial conditions
 nekuic (1) for ifld            1
 call nekuic for vel  
 xyz min     0.0000       0.0000       0.0000    
 uvwpt min   0.0000       0.0000       0.0000       0.0000       0.0000    
 PS min      0.0000       0.0000      0.99000E+22
 xyz max     1.0000       1.0000       1.0000    
 uvwpt max   0.0000       0.0000       0.0000       0.0000       0.0000    
 PS max      0.0000       0.0000     -0.99000E+22
 done :: set initial conditions
  
 call userchk
GFM max:  2.4984E-04  2.4984E-04  2.4984E-04  6.6331E-17  6.6331E-17  6.6331E-17
 
nelt =       2, np =     16384, nx1 =      13, elements =     32768
Solve Time =   0.1579E-10
 
nelt =       2, np =     16384, nx1 =      13, elements =     32768
Solve Time =   0.1583E-10
 
nelt =       2, np =     16384, nx1 =      13, elements =     32768
Solve Time =   0.1554E-10
 
nelt =       2, np =     16384, nx1 =      13, elements =     32768
Solve Time =   0.1507E-10
 
nelt =       2, np =     16384, nx1 =      13, elements =     32768
Solve Time =   0.1566E-10
 
nelt =       2, np =     16384, nx1 =      13, elements =     32768
Solve Time =   0.1560E-10
 
nelt =       2, np =     16384, nx1 =      13, elements =     32768
Solve Time =   0.1544E-10
 
nelt =       2, np =     16384, nx1 =      13, elements =     32768
Solve Time =   0.1603E-10
 
nelt =       2, np =     16384, nx1 =      13, elements =     32768
Solve Time =   0.1611E-10
 
nelt =       2, np =     16384, nx1 =      13, elements =     32768
Solve Time =   0.1492E-10
 
nelt =       2, np =     16384, nx1 =      13, elements =     32768
Solve Time =   0.1197E-10
 
nelt =       2, np =     16384, nx1 =      13, elements =     32768
Solve Time =   0.1160E-10
 
nelt =       2, np =     16384, nx1 =      13, elements =     32768
Solve Time =   0.1116E-10
 
nelt =       2, np =     16384, nx1 =      13, elements =     32768
Solve Time =   0.1121E-10
 
nelt =       2, np =     16384, nx1 =      13, elements =     32768
Solve Time =   0.1173E-10
 
nelt =       2, np =     16384, nx1 =      13, elements =     32768
Solve Time =   0.1164E-10
 
nelt =       2, np =     16384, nx1 =      13, elements =     32768
Solve Time =   0.1134E-10
 
nelt =       2, np =     16384, nx1 =      13, elements =     32768
Solve Time =   0.1111E-10
 
nelt =       2, np =     16384, nx1 =      13, elements =     32768
Solve Time =   0.1175E-10
 
nelt =       2, np =     16384, nx1 =      13, elements =     32768
Solve Time =   0.1179E-10
 
nelt =       2, np =     16384, nx1 =      13, elements =     32768
Solve Time =   0.1413E-10
 
nelt =       2, np =     16384, nx1 =      13, elements =     32768
Solve Time =   0.1424E-10
 
nelt =       2, np =     16384, nx1 =      13, elements =     32768
Solve Time =   0.1488E-10
 
nelt =       2, np =     16384, nx1 =      13, elements =     32768
Solve Time =   0.1447E-10
 
nelt =       2, np =     16384, nx1 =      13, elements =     32768
Solve Time =   0.1427E-10
 
nelt =       2, np =     16384, nx1 =      13, elements =     32768
Solve Time =   0.1541E-10
 
nelt =       2, np =     16384, nx1 =      13, elements =     32768
Solve Time =   0.1446E-10
 
nelt =       2, np =     16384, nx1 =      13, elements =     32768
Solve Time =   0.1416E-10
 
nelt =       2, np =     16384, nx1 =      13, elements =     32768
Solve Time =   0.1468E-10
 
nelt =       2, np =     16384, nx1 =      13, elements =     32768
Solve Time =   0.1464E-10
 
nelt =       2, np =     16384, nx1 =      13, elements =     32768
Solve Time =   0.1664E-10
 
nelt =       2, np =     16384, nx1 =      13, elements =     32768
Solve Time =   0.1728E-10
 
nelt =       2, np =     16384, nx1 =      13, elements =     32768
Solve Time =   0.1685E-10
 
nelt =       2, np =     16384, nx1 =      13, elements =     32768
Solve Time =   0.1665E-10
 
nelt =       2, np =     16384, nx1 =      13, elements =     32768
Solve Time =   0.1728E-10
 
nelt =       2, np =     16384, nx1 =      13, elements =     32768
Solve Time =   0.1669E-10
 
nelt =       2, np =     16384, nx1 =      13, elements =     32768
Solve Time =   0.1700E-10
 
nelt =       2, np =     16384, nx1 =      13, elements =     32768
Solve Time =   0.1731E-10
 
nelt =       2, np =     16384, nx1 =      13, elements =     32768
Solve Time =   0.1678E-10
 
nelt =       2, np =     16384, nx1 =      13, elements =     32768
Solve Time =   0.1727E-10
 
nelt =       2, np =     16384, nx1 =      13, elements =     32768
Solve Time =   0.1982E-10
 
nelt =       2, np =     16384, nx1 =      13, elements =     32768
Solve Time =   0.1904E-10
 
nelt =       2, np =     16384, nx1 =      13, elements =     32768
Solve Time =   0.1967E-10
 
nelt =       2, np =     16384, nx1 =      13, elements =     32768
Solve Time =   0.1879E-10
 
nelt =       2, np =     16384, nx1 =      13, elements =     32768
Solve Time =   0.1963E-10
 
nelt =       2, np =     16384, nx1 =      13, elements =     32768
Solve Time =   0.1914E-10
 
nelt =       2, np =     16384, nx1 =      13, elements =     32768
Solve Time =   0.1913E-10
 
nelt =       2, np =     16384, nx1 =      13, elements =     32768
Solve Time =   0.1944E-10
 
nelt =       2, np =     16384, nx1 =      13, elements =     32768
Solve Time =   0.1887E-10
 
nelt =       2, np =     16384, nx1 =      13, elements =     32768
Solve Time =   0.1987E-10
 schfile:
 /gpfs/theta-fs1/home/thilina/env/lx13/b15.sch                                  
                                                      
ERROR: .sch file already exists. Use IFSCHCLOB=F todisable this check BUT BEWARE!!!!!!  ierr=  1 
  
call exitt: dying ...
  
backtrace(): obtained 9 stack frames.
./nek5000() [0x77e8a5]
./nek5000() [0x961b89]
./nek5000() [0x513852]
./nek5000() [0x409ecb]
./nek5000() [0x428ae6]
./nek5000() [0x42709e]
./nek5000() [0x4054fe]
/lib64/libc.so.6(__libc_start_main+0xf5) [0x2aaab1ca3b25]
./nek5000() [0x405409]
  
total elapsed time             :   2.69864E+03 sec
total solver time incl. I/O    :   0.00000E+00 sec
time/timestep                  :   0.00000E+00 sec
CPU seconds/timestep/gridpt    :   0.00000E+00 sec

Application 2260426 resources: utime ~44160197s, stime ~12864s, Rss ~70700, inblocks ~0, outblocks ~0
