/----------------------------------------------------------\\
|      _   __ ______ __ __  ______  ____   ____   ____     |
|     / | / // ____// //_/ / ____/ / __ \\/ __ \\/ __ \\   |
|    /  |/ // __/  / ,<   /___ \\ / / / // / / // / / /    |
|   / /|  // /___ / /| | ____/ / / /_/ // /_/ // /_/ /     |
|  /_/ |_//_____//_/ |_|/_____/  \\___/ \\___/ \\___/      |
|                                                          |
|----------------------------------------------------------|
|                                                          |
| NEK5000:  Open Source Spectral Element Solver            |
| COPYRIGHT (c) 2008-2016 UCHICAGO ARGONNE, LLC            |
| Version:  16.0.0                                         |
| Web:      http://nek5000.mcs.anl.gov                     |
|                                                          |
\\----------------------------------------------------------/
                                                              

 Number of processors:         128
 REAL    wdsize      :           8
 INTEGER wdsize      :           4
 Timer accuracy      : 5.01E-07
 Reading /gpfs/theta-fs1/home/thilina/env/lx18/b9.rea                                                                                        

 mapping elements to processors
 Reading /gpfs/theta-fs1/home/thilina/env/lx18/b9.map                                                                                        
 RANK     0 IEG     449     450     457     458
 element load imbalance:            0           4           4
 done :: mapping elements to processors
  
           0  objects found
 118   Parameters from file:
   1      1.00000     p001 DENSITY
   2     -100.000     p002 VISCOS
   7      1.00000     p007 RHOCP
   8      1.00000     p008 CONDUCT
  11      1.00        p011 NSTEPS
  12    -0.500000E-02 p012 DT
  21     0.100000E-05 p021 DIVERGENCE
  22     0.100000E-07 p022 HELMHOLTZ
  24     0.100000E-09 p024 TOLREL
  25     0.100000E-09 p025 TOLABS
  26     0.250000     p026 COURANT/NTAU
  27      2.00000     p027 TORDER
  66      6.00000     p066 output : <0=ascii, else binary
  67      6.00000     p067 restart: <0=ascii, else binary
  99      3.00000     p099 dealiasing: <0--> off/3--> old/4--> new
 103     0.500000E-01 p103 weight of stabilizing filter (.01)
  
 nelgt/nelgv/lelt:         512         512         100
 lx1  /lx2  /lx3 :          18          18          18
 done :: read .rea file   0.35832     sec

 setup mesh topology
   Right-handed check complete for     512 elements. OK.
   setvert3d:  18      474201     2571353      474201      474201
 call usrsetvert
 done :: usrsetvert

gs_setup: 237073 unique labels shared
   pairwise times (avg, min, max): 0.000225986 0.000201583 0.000255203
   crystal router                : 0.000594718 0.000584006 0.000605392
   used all_to_all method: pairwise
   handle bytes (avg, min, max): 125791 89420 147572
   buffer bytes (avg, min, max): 68191 41184 85280
   setupds time 1.6517E-01 seconds   0 18      474201         512
           8  max multiplicity
 done :: setup mesh topology
  
 call usrdat
 done :: usrdat

 generate geometry data
 done :: generate geometry data
  
 call usrdat2
 done :: usrdat2

 regenerate geometry data           1
 NOTE: All elements deformed , param(59) ^=0
 done :: regenerate geometry data           1
  
 verify mesh topology
  0.000000000000000E+000   1.00000000000000       Xrange
  0.000000000000000E+000   1.00000000000000       Yrange
  0.000000000000000E+000   1.00000000000000       Zrange
 done :: verify mesh topology
  
 IFTRAN   = T
 IFFLOW   = T
 IFHEAT   = F
 IFSPLIT  = T
 IFLOMACH = F
 IFUSERVP = F
 IFUSERMV = F
 IFSTRS   = F
 IFCHAR   = F
 IFCYCLIC = F
 IFAXIS   = F
 IFMVBD   = F
 IFMELT   = F
 IFMODEL  = F
 IFKEPS   = F
 IFMOAB   = F
 IFNEKNEK = F
 IFSYNC   = T
   
 IFVCOR   = T
 IFINTQ   = F
 IFCWUZ   = F
 IFSWALL  = F
 IFGEOM   = F
 IFSURT   = F
 IFWCNO   = F
   
 IFTMSH for field           1    =  F
 IFADVC for field           1    =  T
 IFNONL for field           1    =  F
   
 Dealiasing enabled, lxd=          27
  
 Estimated eigenvalues
 EIGAA =    9.86960440108936     
 EIGGA =    7324099.45790028     
 EIGAE =    9.86960440108936     
 EIGAS =   8.333333333333333E-002
 EIGGE =    7324099.45790028     
 EIGGS =    2.00000000000000     
  
 verify mesh topology
  0.000000000000000E+000   1.00000000000000       Xrange
  0.000000000000000E+000   1.00000000000000       Yrange
  0.000000000000000E+000   1.00000000000000       Zrange
 done :: verify mesh topology
  
  E-solver strategy:  0 itr
 mg_nx:           1           9          17
 mg_ny:           1           9          17
 mg_nz:           1           9          17
 call usrsetvert
 done :: usrsetvert

gs_setup: 657 unique labels shared
   pairwise times (avg, min, max): 0.000110976 0.000101089 0.000122094
   crystal router                : 5.38699e-05 5.33819e-05 5.45979e-05
   all reduce                    : 0.000129363 0.000128794 0.00013001
   used all_to_all method: crystal router
   handle bytes (avg, min, max): 7051 6436 7708
   buffer bytes (avg, min, max): 871 688 1008
   setupds time 1.0656E-02 seconds   1  2         729         512
   setvert3d:   4       11529       15625       11529       11529
 call usrsetvert
 done :: usrsetvert

gs_setup: 6913 unique labels shared
   pairwise times (avg, min, max): 0.000107365 9.56059e-05 0.000119805
   crystal router                : 5.08979e-05 5.04971e-05 5.18799e-05
   all reduce                    : 0.000437283 0.000434804 0.000439501
   used all_to_all method: crystal router
   handle bytes (avg, min, max): 39003 30996 45276
   buffer bytes (avg, min, max): 5253 4112 6256
   setupds time 2.2406E-02 seconds   2  4       11529         512
   setvert3d:  10      126873      389017      126873      126873
 call usrsetvert
 done :: usrsetvert

gs_setup: 65617 unique labels shared
   pairwise times (avg, min, max): 0.000129709 0.000113201 0.000144196
   crystal router                : 0.000172541 0.000168991 0.000177288
   all reduce                    : 0.00160937 0.00160279 0.00161819
   used all_to_all method: pairwise
   handle bytes (avg, min, max): 37583 26828 44084
   buffer bytes (avg, min, max): 21247 12640 26912
   setupds time 1.1251E-01 seconds   3 10      126873         512
   setvert3d:  12      192969      704969      192969      192969
 call usrsetvert
 done :: usrsetvert

gs_setup: 98497 unique labels shared
   pairwise times (avg, min, max): 0.000132949 0.00011642 0.0001472
   crystal router                : 0.000243871 0.000241399 0.000247502
   all reduce                    : 0.00275131 0.00274692 0.0027585
   used all_to_all method: pairwise
   handle bytes (avg, min, max): 54739 39020 64196
   buffer bytes (avg, min, max): 30487 18240 38432
   setupds time 1.3568E-01 seconds   4 12      192969         512
 regenerate geometry data           1
 NOTE: All elements deformed , param(59) ^=0
 done :: regenerate geometry data           1
  
 h1_mg_nx:           1           3          17
 h1_mg_ny:           1           3          17
 h1_mg_nz:           1           3          17
 call usrsetvert
 done :: usrsetvert

gs_setup: 657 unique labels shared
   pairwise times (avg, min, max): 0.000109146 9.81808e-05 0.000121593
   crystal router                : 4.5104e-05 4.40836e-05 4.60148e-05
   all reduce                    : 0.000132409 0.000131202 0.000133705
   used all_to_all method: crystal router
   handle bytes (avg, min, max): 7051 6436 7708
   buffer bytes (avg, min, max): 871 688 1008
   setupds time 9.4740E-03 seconds   5  2         729         512
   setvert3d:   4       11529       15625       11529       11529
 call usrsetvert
 done :: usrsetvert

gs_setup: 6913 unique labels shared
   pairwise times (avg, min, max): 0.000113613 0.000103378 0.000123
   crystal router                : 5.91286e-05 5.8198e-05 5.98907e-05
   all reduce                    : 0.00048794 0.00048461 0.000492096
   used all_to_all method: crystal router
   handle bytes (avg, min, max): 39003 30996 45276
   buffer bytes (avg, min, max): 5253 4112 6256
   setupds time 2.2708E-02 seconds   6  4       11529         512
   setvert3d:   4       11529       15625       11529       11529
 call usrsetvert
 done :: usrsetvert

gs_setup: 6913 unique labels shared
   pairwise times (avg, min, max): 0.000111176 0.000100207 0.000122786
   crystal router                : 6.04756e-05 5.97954e-05 6.14882e-05
   all reduce                    : 0.000450976 0.000447607 0.000455594
   used all_to_all method: crystal router
   handle bytes (avg, min, max): 39003 30996 45276
   buffer bytes (avg, min, max): 5253 4112 6256
   setupds time 1.5962E-02 seconds   7  4       11529         512
   setvert3d:   6       36153       68921       36153       36153
 call usrsetvert
 done :: usrsetvert

gs_setup: 19825 unique labels shared
   pairwise times (avg, min, max): 0.000106419 9.34839e-05 0.000119305
   crystal router                : 8.23503e-05 8.08001e-05 8.39949e-05
   all reduce                    : 0.000985861 0.000978208 0.000996399
   used all_to_all method: crystal router
   handle bytes (avg, min, max): 98795 75524 116636
   buffer bytes (avg, min, max): 13287 10032 15600
   setupds time 4.7253E-02 seconds   8  6       36153         512
   setvert3d:  18      474201     2571353      474201      474201
 call usrsetvert
 done :: usrsetvert

gs_setup: 237073 unique labels shared
   pairwise times (avg, min, max): 0.00018865 0.000169778 0.000209188
   crystal router                : 0.000566914 0.000560617 0.000572205
   used all_to_all method: pairwise
   handle bytes (avg, min, max): 125791 89420 147572
   buffer bytes (avg, min, max): 68191 41184 85280
   setupds time 1.5939E-01 seconds   9 18      474201         512
   setvert3d:  20      595593     3581577      595593      595593
 call usrsetvert
 done :: usrsetvert

gs_setup: 296577 unique labels shared
   pairwise times (avg, min, max): 0.000181912 0.000159597 0.000204515
   crystal router                : 0.000682846 0.000675583 0.000694895
   used all_to_all method: pairwise
   handle bytes (avg, min, max): 156003 110828 183044
   buffer bytes (avg, min, max): 84087 50880 104992
   setupds time 1.6944E-01 seconds  10 20      595593         512
 setup h1 coarse grid, nx_crs=           2
 call usrsetvert
 done :: usrsetvert

gs_setup: 657 unique labels shared
   pairwise times (avg, min, max): 9.90434e-05 8.67844e-05 0.000111103
   crystal router                : 4.41998e-05 4.32968e-05 4.50134e-05
   all reduce                    : 0.000124604 0.000123882 0.000125217
   used all_to_all method: crystal router
   handle bytes (avg, min, max): 7051 6436 7708
   buffer bytes (avg, min, max): 871 688 1008
 done :: setup h1 coarse grid   4.633998870849609E-002  sec
  
 call usrdat3
 done :: usrdat3

 set initial conditions
 nekuic (1) for ifld            1
 call nekuic for vel  
 xyz min     0.0000       0.0000       0.0000    
 uvwpt min   0.0000       0.0000       0.0000       0.0000       0.0000    
 PS min      0.0000       0.0000      0.99000E+22
 xyz max     1.0000       1.0000       1.0000    
 uvwpt max   0.0000       0.0000       0.0000       0.0000       0.0000    
 PS max      0.0000       0.0000     -0.99000E+22
 done :: set initial conditions
  
 call userchk
GFM max:  3.5855E-04  3.5855E-04  3.5855E-04  7.8345E-17  7.8345E-17  7.8345E-17
 
nelt =       4, np =       128, nx1 =      18, elements =       512
Solve Time =   0.8133E-09
 
nelt =       4, np =       128, nx1 =      18, elements =       512
Solve Time =   0.8050E-09
 
nelt =       4, np =       128, nx1 =      18, elements =       512
Solve Time =   0.8050E-09
 
nelt =       4, np =       128, nx1 =      18, elements =       512
Solve Time =   0.8039E-09
 
nelt =       4, np =       128, nx1 =      18, elements =       512
Solve Time =   0.8052E-09
 
nelt =       4, np =       128, nx1 =      18, elements =       512
Solve Time =   0.8050E-09
 
nelt =       4, np =       128, nx1 =      18, elements =       512
Solve Time =   0.8044E-09
 
nelt =       4, np =       128, nx1 =      18, elements =       512
Solve Time =   0.8047E-09
 
nelt =       4, np =       128, nx1 =      18, elements =       512
Solve Time =   0.8033E-09
 
nelt =       4, np =       128, nx1 =      18, elements =       512
Solve Time =   0.8032E-09
 
nelt =       4, np =       128, nx1 =      18, elements =       512
Solve Time =   0.6731E-09
 
nelt =       4, np =       128, nx1 =      18, elements =       512
Solve Time =   0.6726E-09
 
nelt =       4, np =       128, nx1 =      18, elements =       512
Solve Time =   0.6718E-09
 
nelt =       4, np =       128, nx1 =      18, elements =       512
Solve Time =   0.6734E-09
 
nelt =       4, np =       128, nx1 =      18, elements =       512
Solve Time =   0.6721E-09
 
nelt =       4, np =       128, nx1 =      18, elements =       512
Solve Time =   0.6714E-09
 
nelt =       4, np =       128, nx1 =      18, elements =       512
Solve Time =   0.6717E-09
 
nelt =       4, np =       128, nx1 =      18, elements =       512
Solve Time =   0.6717E-09
 
nelt =       4, np =       128, nx1 =      18, elements =       512
Solve Time =   0.6723E-09
 
nelt =       4, np =       128, nx1 =      18, elements =       512
Solve Time =   0.6725E-09
 
nelt =       4, np =       128, nx1 =      18, elements =       512
Solve Time =   0.7350E-09
Application 2259603 exit codes: 1
Application 2259603 resources: utime ~68s, stime ~18s, Rss ~94712, inblocks ~0, outblocks ~0
