/----------------------------------------------------------\\
|      _   __ ______ __ __  ______  ____   ____   ____     |
|     / | / // ____// //_/ / ____/ / __ \\/ __ \\/ __ \\   |
|    /  |/ // __/  / ,<   /___ \\ / / / // / / // / / /    |
|   / /|  // /___ / /| | ____/ / / /_/ // /_/ // /_/ /     |
|  /_/ |_//_____//_/ |_|/_____/  \\___/ \\___/ \\___/      |
|                                                          |
|----------------------------------------------------------|
|                                                          |
| NEK5000:  Open Source Spectral Element Solver            |
| COPYRIGHT (c) 2008-2016 UCHICAGO ARGONNE, LLC            |
| Version:  16.0.0                                         |
| Web:      http://nek5000.mcs.anl.gov                     |
|                                                          |
\\----------------------------------------------------------/
                                                              

 Number of processors:          64
 REAL    wdsize      :           8
 INTEGER wdsize      :           4
 Timer accuracy      : 4.05E-07
 Reading /gpfs/theta-fs1/home/thilina/env/lx18/b7.rea                                                                                        

 mapping elements to processors
 Reading /gpfs/theta-fs1/home/thilina/env/lx18/b7.map                                                                                        
           0           2           2         128         128  NELV
          24           2           2         128         128  NELV
          15           2           2         128         128  NELV
          25           2           2         128         128  NELV
          21           2           2         128         128  NELV
          23           2           2         128         128  NELV
           7           2           2         128         128  NELV
          29           2           2         128         128  NELV
           5           2           2         128         128  NELV
          14           2           2         128         128  NELV
          26           2           2         128         128  NELV
          19           2           2         128         128  NELV
           9           2           2         128         128  NELV
           8           2           2         128         128  NELV
          20           2           2         128         128  NELV
           2           2           2         128         128  NELV
          30           2           2         128         128  NELV
          22           2           2         128         128  NELV
          31           2           2         128         128  NELV
           3           2           2         128         128  NELV
          10           2           2         128         128  NELV
          11           2           2         128         128  NELV
          18           2           2         128         128  NELV
           6           2           2         128         128  NELV
          28           2           2         128         128  NELV
           4           2           2         128         128  NELV
           1           2           2         128         128  NELV
          13           2           2         128         128  NELV
          12           2           2         128         128  NELV
          37           2           2         128         128  NELV
          44           2           2         128         128  NELV
          34           2           2         128         128  NELV
          60           2           2         128         128  NELV
          55           2           2         128         128  NELV
          36           2           2         128         128  NELV
          56           2           2         128         128  NELV
          54           2           2         128         128  NELV
          39           2           2         128         128  NELV
          16           2           2         128         128  NELV
          17           2           2         128         128  NELV
          27           2           2         128         128  NELV
          41           2           2         128         128  NELV
          47           2           2         128         128  NELV
          45           2           2         128         128  NELV
          52           2           2         128         128  NELV
          50           2           2         128         128  NELV
          59           2           2         128         128  NELV
          58           2           2         128         128  NELV
          38           2           2         128         128  NELV
          35           2           2         128         128  NELV
          33           2           2         128         128  NELV
          57           2           2         128         128  NELV
          61           2           2         128         128  NELV
          62           2           2         128         128  NELV
          63           2           2         128         128  NELV
          51           2           2         128         128  NELV
          40           2           2         128         128  NELV
          48           2           2         128         128  NELV
          46           2           2         128         128  NELV
          53           2           2         128         128  NELV
          49           2           2         128         128  NELV
          43           2           2         128         128  NELV
          42           2           2         128         128  NELV
          32           2           2         128         128  NELV
 RANK     0 IEG     117     118
 element load imbalance:            0           2           2
 done :: mapping elements to processors
  
           0  objects found
 118   Parameters from file:
   1      1.00000     p001 DENSITY
   2     -100.000     p002 VISCOS
   7      1.00000     p007 RHOCP
   8      1.00000     p008 CONDUCT
  11      1.00        p011 NSTEPS
  12    -0.500000E-02 p012 DT
  21     0.100000E-05 p021 DIVERGENCE
  22     0.100000E-07 p022 HELMHOLTZ
  24     0.100000E-09 p024 TOLREL
  25     0.100000E-09 p025 TOLABS
  26     0.250000     p026 COURANT/NTAU
  27      2.00000     p027 TORDER
  66      6.00000     p066 output : <0=ascii, else binary
  67      6.00000     p067 restart: <0=ascii, else binary
  99      3.00000     p099 dealiasing: <0--> off/3--> old/4--> new
 103     0.500000E-01 p103 weight of stabilizing filter (.01)
  
 nelgt/nelgv/lelt:         128         128         100
 lx1  /lx2  /lx3 :          18          18          18
 done :: read .rea file   0.14590     sec

 setup mesh topology
   Right-handed check complete for     128 elements. OK.
   setvert3d:  18      127969      652257      127969      127969
 call usrsetvert
 done :: usrsetvert

gs_setup: 68817 unique labels shared
   pairwise times (avg, min, max): 9.76786e-05 8.74996e-05 0.00010941
   crystal router                : 0.000273582 0.00026958 0.000276995
   all reduce                    : 0.00160691 0.0016021 0.00161171
   used all_to_all method: pairwise
   handle bytes (avg, min, max): 64054 45612 75036
   buffer bytes (avg, min, max): 40392 26496 48960
   setupds time 1.2416E-01 seconds   0 18      127969         128
           8  max multiplicity
 done :: setup mesh topology
  
 call usrdat
 done :: usrdat

 generate geometry data
 done :: generate geometry data
  
 call usrdat2
 done :: usrdat2

 regenerate geometry data           1
 NOTE: All elements deformed , param(59) ^=0
 done :: regenerate geometry data           1
  
 verify mesh topology
  0.000000000000000E+000   1.00000000000000       Xrange
  0.000000000000000E+000   1.00000000000000       Yrange
  0.000000000000000E+000   1.00000000000000       Zrange
 done :: verify mesh topology
  
 IFTRAN   = T
 IFFLOW   = T
 IFHEAT   = F
 IFSPLIT  = T
 IFLOMACH = F
 IFUSERVP = F
 IFUSERMV = F
 IFSTRS   = F
 IFCHAR   = F
 IFCYCLIC = F
 IFAXIS   = F
 IFMVBD   = F
 IFMELT   = F
 IFMODEL  = F
 IFKEPS   = F
 IFMOAB   = F
 IFNEKNEK = F
 IFSYNC   = T
   
 IFVCOR   = T
 IFINTQ   = F
 IFCWUZ   = F
 IFSWALL  = F
 IFGEOM   = F
 IFSURT   = F
 IFWCNO   = F
   
 IFTMSH for field           1    =  F
 IFADVC for field           1    =  T
 IFNONL for field           1    =  F
   
 Dealiasing enabled, lxd=          27
  
 Estimated eigenvalues
 EIGAA =    9.86960440108936     
 EIGGA =    2444748.66852705     
 EIGAE =    9.86960440108936     
 EIGAS =   8.333333333333333E-002
 EIGGE =    2444748.66852705     
 EIGGS =    2.00000000000000     
  
 verify mesh topology
  0.000000000000000E+000   1.00000000000000       Xrange
  0.000000000000000E+000   1.00000000000000       Yrange
  0.000000000000000E+000   1.00000000000000       Zrange
 done :: verify mesh topology
  
  E-solver strategy:  0 itr
 mg_nx:           1           9          17
 mg_ny:           1           9          17
 mg_nz:           1           9          17
 call usrsetvert
 done :: usrsetvert

gs_setup: 209 unique labels shared
   pairwise times (avg, min, max): 5.84692e-05 5.18084e-05 6.6781e-05
   crystal router                : 2.57775e-05 2.54154e-05 2.61068e-05
   all reduce                    : 6.83375e-05 6.59943e-05 7.0715e-05
   used all_to_all method: crystal router
   handle bytes (avg, min, max): 4455 3948 4764
   buffer bytes (avg, min, max): 590 496 656
   setupds time 6.7399E-03 seconds   1  2         225         128
   setvert3d:   4        3201        4225        3201        3201
 call usrsetvert
 done :: usrsetvert

gs_setup: 2065 unique labels shared
   pairwise times (avg, min, max): 6.44535e-05 5.58853e-05 7.4482e-05
   crystal router                : 4.47813e-05 4.43935e-05 4.52995e-05
   all reduce                    : 0.000207527 0.000205898 0.000209713
   used all_to_all method: crystal router
   handle bytes (avg, min, max): 21315 16668 24300
   buffer bytes (avg, min, max): 3296 2704 3600
   setupds time 1.4974E-02 seconds   2  4        3201         128
   setvert3d:  10       34401       99937       34401       34401
 call usrsetvert
 done :: usrsetvert

gs_setup: 19153 unique labels shared
   pairwise times (avg, min, max): 7.88145e-05 6.8593e-05 9.52005e-05
   crystal router                : 7.65454e-05 7.56979e-05 7.72953e-05
   all reduce                    : 0.000845909 0.000842309 0.000852799
   used all_to_all method: crystal router
   handle bytes (avg, min, max): 156567 114732 184284
   buffer bytes (avg, min, max): 25508 19760 28384
   setupds time 4.4729E-02 seconds   3 10       34401         128
   setvert3d:  12       52225      180225       52225       52225
 call usrsetvert
 done :: usrsetvert

gs_setup: 28689 unique labels shared
   pairwise times (avg, min, max): 8.10485e-05 6.94036e-05 9.48906e-05
   crystal router                : 0.000104528 0.000103593 0.000106001
   all reduce                    : 0.00110458 0.00109799 0.00111611
   used all_to_all method: pairwise
   handle bytes (avg, min, max): 28210 20172 32988
   buffer bytes (avg, min, max): 18288 11904 22272
   setupds time 7.5788E-02 seconds   4 12       52225         128
 regenerate geometry data           1
 NOTE: All elements deformed , param(59) ^=0
 done :: regenerate geometry data           1
  
 h1_mg_nx:           1           3          17
 h1_mg_ny:           1           3          17
 h1_mg_nz:           1           3          17
 call usrsetvert
 done :: usrsetvert

gs_setup: 209 unique labels shared
   pairwise times (avg, min, max): 6.13585e-05 5.33819e-05 7.12156e-05
   crystal router                : 2.70296e-05 2.67982e-05 2.77996e-05
   all reduce                    : 5.92906e-05 5.56946e-05 6.27995e-05
   used all_to_all method: crystal router
   handle bytes (avg, min, max): 4455 3948 4764
   buffer bytes (avg, min, max): 590 496 656
   setupds time 6.6628E-03 seconds   5  2         225         128
   setvert3d:   4        3201        4225        3201        3201
 call usrsetvert
 done :: usrsetvert

gs_setup: 2065 unique labels shared
   pairwise times (avg, min, max): 6.39491e-05 5.62906e-05 7.41005e-05
   crystal router                : 3.47037e-05 3.44038e-05 3.50952e-05
   all reduce                    : 0.000217816 0.000216913 0.000219703
   used all_to_all method: crystal router
   handle bytes (avg, min, max): 21315 16668 24300
   buffer bytes (avg, min, max): 3296 2704 3600
   setupds time 1.5746E-02 seconds   6  4        3201         128
   setvert3d:   4        3201        4225        3201        3201
 call usrsetvert
 done :: usrsetvert

gs_setup: 2065 unique labels shared
   pairwise times (avg, min, max): 6.39111e-05 5.57184e-05 7.35044e-05
   crystal router                : 3.18844e-05 3.14951e-05 3.24011e-05
   all reduce                    : 0.000214322 0.000213194 0.000216699
   used all_to_all method: crystal router
   handle bytes (avg, min, max): 21315 16668 24300
   buffer bytes (avg, min, max): 3296 2704 3600
   setupds time 1.4485E-02 seconds   7  4        3201         128
   setvert3d:   6        9889       18081        9889        9889
 call usrsetvert
 done :: usrsetvert

gs_setup: 5841 unique labels shared
   pairwise times (avg, min, max): 6.84373e-05 5.91993e-05 7.89165e-05
   crystal router                : 3.90559e-05 3.86e-05 3.94821e-05
   all reduce                    : 0.000337676 0.000335908 0.000340915
   used all_to_all method: crystal router
   handle bytes (avg, min, max): 52287 39372 60732
   buffer bytes (avg, min, max): 8336 6832 9056
   setupds time 1.4052E-02 seconds   8  6        9889         128
   setvert3d:  18      127969      652257      127969      127969
 call usrsetvert
 done :: usrsetvert

gs_setup: 68817 unique labels shared
   pairwise times (avg, min, max): 8.65407e-05 7.16925e-05 0.000102091
   crystal router                : 0.000268663 0.000265598 0.000272202
   all reduce                    : 0.00153391 0.00152941 0.0015403
   used all_to_all method: pairwise
   handle bytes (avg, min, max): 64054 45612 75036
   buffer bytes (avg, min, max): 40392 26496 48960
   setupds time 9.9105E-02 seconds   9 18      127969         128
   setvert3d:  20      160641      907137      160641      160641
 call usrsetvert
 done :: usrsetvert

gs_setup: 86033 unique labels shared
   pairwise times (avg, min, max): 8.08295e-05 7.05004e-05 9.41992e-05
   crystal router                : 0.000306914 0.0003021 0.000310802
   all reduce                    : 0.00184237 0.0018362 0.0018517
   used all_to_all method: pairwise
   handle bytes (avg, min, max): 79266 56396 92892
   buffer bytes (avg, min, max): 49680 32640 60160
   setupds time 1.2930E-01 seconds  10 20      160641         128
 setup h1 coarse grid, nx_crs=           2
 call usrsetvert
 done :: usrsetvert

gs_setup: 209 unique labels shared
   pairwise times (avg, min, max): 5.79916e-05 4.99964e-05 6.78062e-05
   crystal router                : 2.65386e-05 2.62022e-05 2.68936e-05
   all reduce                    : 5.39653e-05 5.32866e-05 5.45025e-05
   used all_to_all method: crystal router
   handle bytes (avg, min, max): 4455 3948 4764
   buffer bytes (avg, min, max): 590 496 656
 done :: setup h1 coarse grid   2.429008483886719E-002  sec
  
 call usrdat3
 done :: usrdat3

 set initial conditions
 nekuic (1) for ifld            1
 call nekuic for vel  
 xyz min     0.0000       0.0000       0.0000    
 uvwpt min   0.0000       0.0000       0.0000       0.0000       0.0000    
 PS min      0.0000       0.0000      0.99000E+22
 xyz max     1.0000       1.0000       1.0000    
 uvwpt max   0.0000       0.0000       0.0000       0.0000       0.0000    
 PS max      0.0000       0.0000     -0.99000E+22
 done :: set initial conditions
  
 call userchk
GFM max:  3.5855E-04  3.5855E-04  1.4342E-03  3.7333E-17  1.4598E-16  1.4598E-16
 
nelt =       2, np =        64, nx1 =      18, elements =       128
Solve Time =   0.1704E-08
 
nelt =       2, np =        64, nx1 =      18, elements =       128
Solve Time =   0.1683E-08
 
nelt =       2, np =        64, nx1 =      18, elements =       128
Solve Time =   0.1678E-08
 
nelt =       2, np =        64, nx1 =      18, elements =       128
Solve Time =   0.1679E-08
 
nelt =       2, np =        64, nx1 =      18, elements =       128
Solve Time =   0.1679E-08
 
nelt =       2, np =        64, nx1 =      18, elements =       128
Solve Time =   0.1682E-08
 
nelt =       2, np =        64, nx1 =      18, elements =       128
Solve Time =   0.1680E-08
 
nelt =       2, np =        64, nx1 =      18, elements =       128
Solve Time =   0.1679E-08
 
nelt =       2, np =        64, nx1 =      18, elements =       128
Solve Time =   0.1682E-08
 
nelt =       2, np =        64, nx1 =      18, elements =       128
Solve Time =   0.1680E-08
 
nelt =       2, np =        64, nx1 =      18, elements =       128
Solve Time =   0.1417E-08
 
nelt =       2, np =        64, nx1 =      18, elements =       128
Solve Time =   0.1408E-08
 
nelt =       2, np =        64, nx1 =      18, elements =       128
Solve Time =   0.1408E-08
 
nelt =       2, np =        64, nx1 =      18, elements =       128
Solve Time =   0.1409E-08
 
nelt =       2, np =        64, nx1 =      18, elements =       128
Solve Time =   0.1410E-08
 
nelt =       2, np =        64, nx1 =      18, elements =       128
Solve Time =   0.1410E-08
 
nelt =       2, np =        64, nx1 =      18, elements =       128
Solve Time =   0.1409E-08
 
nelt =       2, np =        64, nx1 =      18, elements =       128
Solve Time =   0.1409E-08
 
nelt =       2, np =        64, nx1 =      18, elements =       128
Solve Time =   0.1408E-08
 
nelt =       2, np =        64, nx1 =      18, elements =       128
Solve Time =   0.1409E-08
 
nelt =       2, np =        64, nx1 =      18, elements =       128
Solve Time =   0.1536E-08
 
nelt =       2, np =        64, nx1 =      18, elements =       128
Solve Time =   0.1529E-08
 
nelt =       2, np =        64, nx1 =      18, elements =       128
Solve Time =   0.1530E-08
 
nelt =       2, np =        64, nx1 =      18, elements =       128
Solve Time =   0.1528E-08
 
nelt =       2, np =        64, nx1 =      18, elements =       128
Solve Time =   0.1528E-08
 
nelt =       2, np =        64, nx1 =      18, elements =       128
Solve Time =   0.1530E-08
 
nelt =       2, np =        64, nx1 =      18, elements =       128
Solve Time =   0.1531E-08
 
nelt =       2, np =        64, nx1 =      18, elements =       128
Solve Time =   0.1529E-08
 
nelt =       2, np =        64, nx1 =      18, elements =       128
Solve Time =   0.1531E-08
 
nelt =       2, np =        64, nx1 =      18, elements =       128
Solve Time =   0.1530E-08
 
nelt =       2, np =        64, nx1 =      18, elements =       128
Solve Time =   0.1617E-08
 
nelt =       2, np =        64, nx1 =      18, elements =       128
Solve Time =   0.1613E-08
 
nelt =       2, np =        64, nx1 =      18, elements =       128
Solve Time =   0.1610E-08
 
nelt =       2, np =        64, nx1 =      18, elements =       128
Solve Time =   0.1613E-08
 
nelt =       2, np =        64, nx1 =      18, elements =       128
Solve Time =   0.1613E-08
 
nelt =       2, np =        64, nx1 =      18, elements =       128
Solve Time =   0.1612E-08
 
nelt =       2, np =        64, nx1 =      18, elements =       128
Solve Time =   0.1613E-08
 
nelt =       2, np =        64, nx1 =      18, elements =       128
Solve Time =   0.1612E-08
 
nelt =       2, np =        64, nx1 =      18, elements =       128
Solve Time =   0.1613E-08
 
nelt =       2, np =        64, nx1 =      18, elements =       128
Solve Time =   0.1612E-08
 
nelt =       2, np =        64, nx1 =      18, elements =       128
Solve Time =   0.1702E-08
 
nelt =       2, np =        64, nx1 =      18, elements =       128
Solve Time =   0.1694E-08
 
nelt =       2, np =        64, nx1 =      18, elements =       128
Solve Time =   0.1695E-08
 
nelt =       2, np =        64, nx1 =      18, elements =       128
Solve Time =   0.1698E-08
 
nelt =       2, np =        64, nx1 =      18, elements =       128
Solve Time =   0.1694E-08
 
nelt =       2, np =        64, nx1 =      18, elements =       128
Solve Time =   0.1694E-08
 
nelt =       2, np =        64, nx1 =      18, elements =       128
Solve Time =   0.1702E-08
 
nelt =       2, np =        64, nx1 =      18, elements =       128
Solve Time =   0.1694E-08
 
nelt =       2, np =        64, nx1 =      18, elements =       128
Solve Time =   0.1696E-08
 
nelt =       2, np =        64, nx1 =      18, elements =       128
Solve Time =   0.1695E-08
 schfile:
 /gpfs/theta-fs1/home/thilina/env/lx18/b7.sch                                   
                                                      
 18      128  1.0000E+00  1.0000E+00  1.0000E+00  error v
 18      128  1.0000E+00  1.0000E+00  1.0000E+00  error v
 18      128  1.0000E+00  1.0000E+00  1.0000E+00  error v
 18      128  1.0000E+00  1.0000E+00  1.0000E+00  error v
 18      128  1.0000E+00  1.0000E+00  1.0000E+00  error v
 18      128  1.0000E+00  1.0000E+00  1.0000E+00  error v
 18      128  1.0000E+00  1.0000E+00  1.0000E+00  error v
 18      128  1.0000E+00  1.0000E+00  1.0000E+00  error v
 18      128  1.0000E+00  1.0000E+00  1.0000E+00  error v
 18      128  1.0000E+00  1.0000E+00  1.0000E+00  error v
 18      128  1.0000E+00  1.0000E+00  1.0000E+00  error v
 18      128  1.0000E+00  1.0000E+00  1.0000E+00  error v
 18      128  1.0000E+00  1.0000E+00  1.0000E+00  error v
 18      128  1.0000E+00  1.0000E+00  1.0000E+00  error v
 18      128  1.0000E+00  1.0000E+00  1.0000E+00  error v
 18      128  1.0000E+00  1.0000E+00  1.0000E+00  error v
 18      128  1.0000E+00  1.0000E+00  1.0000E+00  error v
 18      128  1.0000E+00  1.0000E+00  1.0000E+00  error v
 18      128  1.0000E+00  1.0000E+00  1.0000E+00  error v
 18      128  1.0000E+00  1.0000E+00  1.0000E+00  error v
 18      128  1.0000E+00  1.0000E+00  1.0000E+00  error v
 18      128  1.0000E+00  1.0000E+00  1.0000E+00  error v
 18      128  1.0000E+00  1.0000E+00  1.0000E+00  error v
 18      128  1.0000E+00  1.0000E+00  1.0000E+00  error v
 18      128  1.0000E+00  1.0000E+00  1.0000E+00  error v
 18      128  1.0000E+00  1.0000E+00  1.0000E+00  error v
 18      128  1.0000E+00  1.0000E+00  1.0000E+00  error v
 18      128  1.0000E+00  1.0000E+00  1.0000E+00  error v
 18      128  1.0000E+00  1.0000E+00  1.0000E+00  error v
 18      128  1.0000E+00  1.0000E+00  1.0000E+00  error v
 18      128  1.0000E+00  1.0000E+00  1.0000E+00  error v
 18      128  1.0000E+00  1.0000E+00  1.0000E+00  error v
 18      128  1.0000E+00  1.0000E+00  1.0000E+00  error v
 18      128  1.0000E+00  1.0000E+00  1.0000E+00  error v
 18      128  1.0000E+00  1.0000E+00  1.0000E+00  error v
 18      128  1.0000E+00  1.0000E+00  1.0000E+00  error v
 18      128  1.0000E+00  1.0000E+00  1.0000E+00  error v
 18      128  1.0000E+00  1.0000E+00  1.0000E+00  error v
 18      128  1.0000E+00  1.0000E+00  1.0000E+00  error v
 18      128  1.0000E+00  1.0000E+00  1.0000E+00  error v
 18      128  1.0000E+00  1.0000E+00  1.0000E+00  error v
 18      128  1.0000E+00  1.0000E+00  1.0000E+00  error v
 18      128  1.0000E+00  1.0000E+00  1.0000E+00  error v
 18      128  1.0000E+00  1.0000E+00  1.0000E+00  error v
 18      128  1.0000E+00  1.0000E+00  1.0000E+00  error v
 18      128  1.0000E+00  1.0000E+00  1.0000E+00  error v
 18      128  1.0000E+00  1.0000E+00  1.0000E+00  error v
 18      128  1.0000E+00  1.0000E+00  1.0000E+00  error v
 18      128  1.0000E+00  1.0000E+00  1.0000E+00  error v
 18      128  1.0000E+00  1.0000E+00  1.0000E+00  error v
 18      128  1.0000E+00  1.0000E+00  1.0000E+00  error v
 18      128  1.0000E+00  1.0000E+00  1.0000E+00  error v
 18      128  1.0000E+00  1.0000E+00  1.0000E+00  error v
 18      128  1.0000E+00  1.0000E+00  1.0000E+00  error v
 18      128  1.0000E+00  1.0000E+00  1.0000E+00  error v
 18      128  1.0000E+00  1.0000E+00  1.0000E+00  error v
 18      128  1.0000E+00  1.0000E+00  1.0000E+00  error v
 18      128  1.0000E+00  1.0000E+00  1.0000E+00  error v
 18      128  1.0000E+00  1.0000E+00  1.0000E+00  error v
 18      128  1.0000E+00  1.0000E+00  1.0000E+00  error v
 18      128  1.0000E+00  1.0000E+00  1.0000E+00  error v
 18      128  1.0000E+00  1.0000E+00  1.0000E+00  error v
 18      128  1.0000E+00  1.0000E+00  1.0000E+00  error v
 18      128  1.0000E+00  1.0000E+00  1.0000E+00  error v
 
nelt =       2, np =        64, nx1 =      18, elements =       128
Solve Time =   0.2131E-08
 
nelt =       2, np =        64, nx1 =      18, elements =       128
Solve Time =   0.2116E-08
 
nelt =       2, np =        64, nx1 =      18, elements =       128
Solve Time =   0.2121E-08
 
nelt =       2, np =        64, nx1 =      18, elements =       128
Solve Time =   0.2119E-08
 
nelt =       2, np =        64, nx1 =      18, elements =       128
Solve Time =   0.2120E-08
 
nelt =       2, np =        64, nx1 =      18, elements =       128
Solve Time =   0.2122E-08
 
nelt =       2, np =        64, nx1 =      18, elements =       128
Solve Time =   0.2120E-08
 
nelt =       2, np =        64, nx1 =      18, elements =       128
Solve Time =   0.2121E-08
 
nelt =       2, np =        64, nx1 =      18, elements =       128
Solve Time =   0.2119E-08
 
nelt =       2, np =        64, nx1 =      18, elements =       128
Solve Time =   0.2127E-08
 18      128  5.2977E-04  5.2977E-04  5.2977E-04  error s
 18      128  5.2977E-04  5.2977E-04  5.2977E-04  error s
 18      128  5.2977E-04  5.2977E-04  5.2977E-04  error s
 18      128  5.2977E-04  5.2977E-04  5.2977E-04  error s
 18      128  5.2977E-04  5.2977E-04  5.2977E-04  error s
 18      128  5.2977E-04  5.2977E-04  5.2977E-04  error s
 18      128  5.2977E-04  5.2977E-04  5.2977E-04  error s
 18      128  5.2977E-04  5.2977E-04  5.2977E-04  error s
 18      128  5.2977E-04  5.2977E-04  5.2977E-04  error s
 18      128  5.2977E-04  5.2977E-04  5.2977E-04  error s
 18      128  5.2977E-04  5.2977E-04  5.2977E-04  error s
 18      128  5.2977E-04  5.2977E-04  5.2977E-04  error s
 18      128  5.2977E-04  5.2977E-04  5.2977E-04  error s
 18      128  5.2977E-04  5.2977E-04  5.2977E-04  error s
 18      128  5.2977E-04  5.2977E-04  5.2977E-04  error s
 18      128  5.2977E-04  5.2977E-04  5.2977E-04  error s
 18      128  5.2977E-04  5.2977E-04  5.2977E-04  error s
 18      128  5.2977E-04  5.2977E-04  5.2977E-04  error s
 18      128  5.2977E-04  5.2977E-04  5.2977E-04  error s
 18      128  5.2977E-04  5.2977E-04  5.2977E-04  error s
 18      128  5.2977E-04  5.2977E-04  5.2977E-04  error s
 18      128  5.2977E-04  5.2977E-04  5.2977E-04  error s
 18      128  5.2977E-04  5.2977E-04  5.2977E-04  error s
 18      128  5.2977E-04  5.2977E-04  5.2977E-04  error s
 18      128  5.2977E-04  5.2977E-04  5.2977E-04  error s
 18      128  5.2977E-04  5.2977E-04  5.2977E-04  error s
 18      128  5.2977E-04  5.2977E-04  5.2977E-04  error s
 18      128  5.2977E-04  5.2977E-04  5.2977E-04  error s
 18      128  5.2977E-04  5.2977E-04  5.2977E-04  error s
 18      128  5.2977E-04  5.2977E-04  5.2977E-04  error s
 18      128  5.2977E-04  5.2977E-04  5.2977E-04  error s
 18      128  5.2977E-04  5.2977E-04  5.2977E-04  error s
 18      128  5.2977E-04  5.2977E-04  5.2977E-04  error s
 18      128  5.2977E-04  5.2977E-04  5.2977E-04  error s
 18      128  5.2977E-04  5.2977E-04  5.2977E-04  error s
 18      128  5.2977E-04  5.2977E-04  5.2977E-04  error s
 18      128  5.2977E-04  5.2977E-04  5.2977E-04  error s
 18      128  5.2977E-04  5.2977E-04  5.2977E-04  error s
 18      128  5.2977E-04  5.2977E-04  5.2977E-04  error s
 18      128  5.2977E-04  5.2977E-04  5.2977E-04  error s
 18      128  5.2977E-04  5.2977E-04  5.2977E-04  error s
 18      128  5.2977E-04  5.2977E-04  5.2977E-04  error s
 18      128  5.2977E-04  5.2977E-04  5.2977E-04  error s
 18      128  5.2977E-04  5.2977E-04  5.2977E-04  error s
 18      128  5.2977E-04  5.2977E-04  5.2977E-04  error s
 18      128  5.2977E-04  5.2977E-04  5.2977E-04  error s
 18      128  5.2977E-04  5.2977E-04  5.2977E-04  error s
 18      128  5.2977E-04  5.2977E-04  5.2977E-04  error s
 18      128  5.2977E-04  5.2977E-04  5.2977E-04  error s
 18      128  5.2977E-04  5.2977E-04  5.2977E-04  error s
 18      128  5.2977E-04  5.2977E-04  5.2977E-04  error s
 18      128  5.2977E-04  5.2977E-04  5.2977E-04  error s
 18      128  5.2977E-04  5.2977E-04  5.2977E-04  error s
 18      128  5.2977E-04  5.2977E-04  5.2977E-04  error s
 18      128  5.2977E-04  5.2977E-04  5.2977E-04  error s
 18      128  5.2977E-04  5.2977E-04  5.2977E-04  error s
 18      128  5.2977E-04  5.2977E-04  5.2977E-04  error s
 18      128  5.2977E-04  5.2977E-04  5.2977E-04  error s
 18      128  5.2977E-04  5.2977E-04  5.2977E-04  error s
 18      128  5.2977E-04  5.2977E-04  5.2977E-04  error s
 18      128  5.2977E-04  5.2977E-04  5.2977E-04  error s
 18      128  5.2977E-04  5.2977E-04  5.2977E-04  error s
 18      128  5.2977E-04  5.2977E-04  5.2977E-04  error s
 18      128  5.2977E-04  5.2977E-04  5.2977E-04  error s
 
nelt =       2, np =        64, nx1 =      18, elements =       128
Solve Time =   0.2207E-08
 
nelt =       2, np =        64, nx1 =      18, elements =       128
Solve Time =   0.2202E-08
 
nelt =       2, np =        64, nx1 =      18, elements =       128
Solve Time =   0.2200E-08
 
nelt =       2, np =        64, nx1 =      18, elements =       128
Solve Time =   0.2199E-08
 
nelt =       2, np =        64, nx1 =      18, elements =       128
Solve Time =   0.2200E-08
 
nelt =       2, np =        64, nx1 =      18, elements =       128
Solve Time =   0.2200E-08
 
nelt =       2, np =        64, nx1 =      18, elements =       128
Solve Time =   0.2200E-08
 
nelt =       2, np =        64, nx1 =      18, elements =       128
Solve Time =   0.2201E-08
 
nelt =       2, np =        64, nx1 =      18, elements =       128
Solve Time =   0.2200E-08
 
nelt =       2, np =        64, nx1 =      18, elements =       128
Solve Time =   0.2201E-08
 18      128  5.2935E-04  5.2935E-04  5.2935E-04  error n
 18      128  5.2935E-04  5.2935E-04  5.2935E-04  error n
 18      128  5.2935E-04  5.2935E-04  5.2935E-04  error n
 18      128  5.2935E-04  5.2935E-04  5.2935E-04  error n
 18      128  5.2935E-04  5.2935E-04  5.2935E-04  error n
 18      128  5.2935E-04  5.2935E-04  5.2935E-04  error n
 18      128  5.2935E-04  5.2935E-04  5.2935E-04  error n
 18      128  5.2935E-04  5.2935E-04  5.2935E-04  error n
 18      128  5.2935E-04  5.2935E-04  5.2935E-04  error n
 18      128  5.2935E-04  5.2935E-04  5.2935E-04  error n
 18      128  5.2935E-04  5.2935E-04  5.2935E-04  error n
 18      128  5.2935E-04  5.2935E-04  5.2935E-04  error n
 18      128  5.2935E-04  5.2935E-04  5.2935E-04  error n
 18      128  5.2935E-04  5.2935E-04  5.2935E-04  error n
 18      128  5.2935E-04  5.2935E-04  5.2935E-04  error n
 18      128  5.2935E-04  5.2935E-04  5.2935E-04  error n
 18      128  5.2935E-04  5.2935E-04  5.2935E-04  error n
 18      128  5.2935E-04  5.2935E-04  5.2935E-04  error n
 18      128  5.2935E-04  5.2935E-04  5.2935E-04  error n
 18      128  5.2935E-04  5.2935E-04  5.2935E-04  error n
 18      128  5.2935E-04  5.2935E-04  5.2935E-04  error n
 18      128  5.2935E-04  5.2935E-04  5.2935E-04  error n
 18      128  5.2935E-04  5.2935E-04  5.2935E-04  error n
 18      128  5.2935E-04  5.2935E-04  5.2935E-04  error n
 18      128  5.2935E-04  5.2935E-04  5.2935E-04  error n
 18      128  5.2935E-04  5.2935E-04  5.2935E-04  error n
 18      128  5.2935E-04  5.2935E-04  5.2935E-04  error n
 18      128  5.2935E-04  5.2935E-04  5.2935E-04  error n
 18      128  5.2935E-04  5.2935E-04  5.2935E-04  error n
 18      128  5.2935E-04  5.2935E-04  5.2935E-04  error n
 18      128  5.2935E-04  5.2935E-04  5.2935E-04  error n
 18      128  5.2935E-04  5.2935E-04  5.2935E-04  error n
 18      128  5.2935E-04  5.2935E-04  5.2935E-04  error n
 18      128  5.2935E-04  5.2935E-04  5.2935E-04  error n
 18      128  5.2935E-04  5.2935E-04  5.2935E-04  error n
 18      128  5.2935E-04  5.2935E-04  5.2935E-04  error n
 18      128  5.2935E-04  5.2935E-04  5.2935E-04  error n
 18      128  5.2935E-04  5.2935E-04  5.2935E-04  error n
 18      128  5.2935E-04  5.2935E-04  5.2935E-04  error n
 18      128  5.2935E-04  5.2935E-04  5.2935E-04  error n
 18      128  5.2935E-04  5.2935E-04  5.2935E-04  error n
 18      128  5.2935E-04  5.2935E-04  5.2935E-04  error n
 18      128  5.2935E-04  5.2935E-04  5.2935E-04  error n
 18      128  5.2935E-04  5.2935E-04  5.2935E-04  error n
  17      128  100  0.0000E+00  0.0000E+00  0.0000E+00 time for 3 hmholtz
 18      128  5.2935E-04  5.2935E-04  5.2935E-04  error n
 18      128  5.2935E-04  5.2935E-04  5.2935E-04  error n
 18      128  5.2935E-04  5.2935E-04  5.2935E-04  error n
 18      128  5.2935E-04  5.2935E-04  5.2935E-04  error n
 18      128  5.2935E-04  5.2935E-04  5.2935E-04  error n
 18      128  5.2935E-04  5.2935E-04  5.2935E-04  error n
 18      128  5.2935E-04  5.2935E-04  5.2935E-04  error n
 18      128  5.2935E-04  5.2935E-04  5.2935E-04  error n
 18      128  5.2935E-04  5.2935E-04  5.2935E-04  error n
 18      128  5.2935E-04  5.2935E-04  5.2935E-04  error n
 18      128  5.2935E-04  5.2935E-04  5.2935E-04  error n
 18      128  5.2935E-04  5.2935E-04  5.2935E-04  error n
EXIT: quit after cggov         17
 18      128  5.2935E-04  5.2935E-04  5.2935E-04  error n
 18      128  5.2935E-04  5.2935E-04  5.2935E-04  error n
 18      128  5.2935E-04  5.2935E-04  5.2935E-04  error n
 18      128  5.2935E-04  5.2935E-04  5.2935E-04  error n
 18      128  5.2935E-04  5.2935E-04  5.2935E-04  error n
 18      128  5.2935E-04  5.2935E-04  5.2935E-04  error n
 18      128  5.2935E-04  5.2935E-04  5.2935E-04  error n
 18      128  5.2935E-04  5.2935E-04  5.2935E-04  error n
  
call exitt: dying ...
  
backtrace(): obtained 8 stack frames.
./nek5000() [0x782ad5]
./nek5000() [0x9667f9]
./nek5000() [0x40decc]
./nek5000() [0x427556]
./nek5000() [0x425b0e]
./nek5000() [0x4054fe]
/lib64/libc.so.6(__libc_start_main+0xf5) [0x2aaab1ca3b25]
./nek5000() [0x405409]
  
total elapsed time             :   1.86880E+02 sec
total solver time incl. I/O    :   0.00000E+00 sec
time/timestep                  :   0.00000E+00 sec
CPU seconds/timestep/gridpt    :   0.00000E+00 sec

Application 2259578 resources: utime ~11823s, stime ~135s, Rss ~83144, inblocks ~0, outblocks ~0
