/----------------------------------------------------------\\
|      _   __ ______ __ __  ______  ____   ____   ____     |
|     / | / // ____// //_/ / ____/ / __ \\/ __ \\/ __ \\   |
|    /  |/ // __/  / ,<   /___ \\ / / / // / / // / / /    |
|   / /|  // /___ / /| | ____/ / / /_/ // /_/ // /_/ /     |
|  /_/ |_//_____//_/ |_|/_____/  \\___/ \\___/ \\___/      |
|                                                          |
|----------------------------------------------------------|
|                                                          |
| NEK5000:  Open Source Spectral Element Solver            |
| COPYRIGHT (c) 2008-2016 UCHICAGO ARGONNE, LLC            |
| Version:  16.0.0                                         |
| Web:      http://nek5000.mcs.anl.gov                     |
|                                                          |
\\----------------------------------------------------------/
                                                              

 Number of processors:          64
 REAL    wdsize      :           8
 INTEGER wdsize      :           4
 Timer accuracy      : 5.01E-07
 Reading /gpfs/theta-fs1/home/thilina/env/lx18/b8.rea                                                                                        

 mapping elements to processors
 Reading /gpfs/theta-fs1/home/thilina/env/lx18/b8.map                                                                                        
           0           4           4         256         256  NELV
           5           4           4         256         256  NELV
           4           4           4         256         256  NELV
          28           4           4         256         256  NELV
          19           4           4         256         256  NELV
           9           4           4         256         256  NELV
          29           4           4         256         256  NELV
          18           4           4         256         256  NELV
           6           4           4         256         256  NELV
          16           4           4         256         256  NELV
           3           4           4         256         256  NELV
          20           4           4         256         256  NELV
          14           4           4         256         256  NELV
          27           4           4         256         256  NELV
          26           4           4         256         256  NELV
          13           4           4         256         256  NELV
          25           4           4         256         256  NELV
          12           4           4         256         256  NELV
          30           4           4         256         256  NELV
          17           4           4         256         256  NELV
           7           4           4         256         256  NELV
          21           4           4         256         256  NELV
           8           4           4         256         256  NELV
          31           4           4         256         256  NELV
          23           4           4         256         256  NELV
          10           4           4         256         256  NELV
           2           4           4         256         256  NELV
          22           4           4         256         256  NELV
          11           4           4         256         256  NELV
          15           4           4         256         256  NELV
          24           4           4         256         256  NELV
           1           4           4         256         256  NELV
          43           4           4         256         256  NELV
          56           4           4         256         256  NELV
          46           4           4         256         256  NELV
          63           4           4         256         256  NELV
          57           4           4         256         256  NELV
          41           4           4         256         256  NELV
          55           4           4         256         256  NELV
          54           4           4         256         256  NELV
          62           4           4         256         256  NELV
          50           4           4         256         256  NELV
          34           4           4         256         256  NELV
          39           4           4         256         256  NELV
          35           4           4         256         256  NELV
          47           4           4         256         256  NELV
          52           4           4         256         256  NELV
          58           4           4         256         256  NELV
          60           4           4         256         256  NELV
          36           4           4         256         256  NELV
          44           4           4         256         256  NELV
          45           4           4         256         256  NELV
          40           4           4         256         256  NELV
          61           4           4         256         256  NELV
          42           4           4         256         256  NELV
          49           4           4         256         256  NELV
          53           4           4         256         256  NELV
          51           4           4         256         256  NELV
          33           4           4         256         256  NELV
          59           4           4         256         256  NELV
          37           4           4         256         256  NELV
          38           4           4         256         256  NELV
          48           4           4         256         256  NELV
          32           4           4         256         256  NELV
 RANK     0 IEG     241     242     245     246
 element load imbalance:            0           4           4
 done :: mapping elements to processors
  
           0  objects found
 118   Parameters from file:
   1      1.00000     p001 DENSITY
   2     -100.000     p002 VISCOS
   7      1.00000     p007 RHOCP
   8      1.00000     p008 CONDUCT
  11      1.00        p011 NSTEPS
  12    -0.500000E-02 p012 DT
  21     0.100000E-05 p021 DIVERGENCE
  22     0.100000E-07 p022 HELMHOLTZ
  24     0.100000E-09 p024 TOLREL
  25     0.100000E-09 p025 TOLABS
  26     0.250000     p026 COURANT/NTAU
  27      2.00000     p027 TORDER
  66      6.00000     p066 output : <0=ascii, else binary
  67      6.00000     p067 restart: <0=ascii, else binary
  99      3.00000     p099 dealiasing: <0--> off/3--> old/4--> new
 103     0.500000E-01 p103 weight of stabilizing filter (.01)
  
 nelgt/nelgv/lelt:         256         256         100
 lx1  /lx2  /lx3 :          18          18          18
 done :: read .rea file   0.18544     sec

 setup mesh topology
   Right-handed check complete for     256 elements. OK.
   setvert3d:  18      246485     1295061      246485      246485
 call usrsetvert
 done :: usrsetvert

gs_setup: 110501 unique labels shared
   pairwise times (avg, min, max): 0.00014524 0.000132012 0.000160313
   crystal router                : 0.000438091 0.000432801 0.000443506
   used all_to_all method: pairwise
   handle bytes (avg, min, max): 118470 89420 132988
   buffer bytes (avg, min, max): 62424 41184 73440
   setupds time 1.2433E-01 seconds   0 18      246485         256
           8  max multiplicity
 done :: setup mesh topology
  
 call usrdat
 done :: usrdat

 generate geometry data
 done :: generate geometry data
  
 call usrdat2
 done :: usrdat2

 regenerate geometry data           1
 NOTE: All elements deformed , param(59) ^=0
 done :: regenerate geometry data           1
  
 verify mesh topology
  0.000000000000000E+000   1.00000000000000       Xrange
  0.000000000000000E+000   1.00000000000000       Yrange
  0.000000000000000E+000   1.00000000000000       Zrange
 done :: verify mesh topology
  
 IFTRAN   = T
 IFFLOW   = T
 IFHEAT   = F
 IFSPLIT  = T
 IFLOMACH = F
 IFUSERVP = F
 IFUSERMV = F
 IFSTRS   = F
 IFCHAR   = F
 IFCYCLIC = F
 IFAXIS   = F
 IFMVBD   = F
 IFMELT   = F
 IFMODEL  = F
 IFKEPS   = F
 IFMOAB   = F
 IFNEKNEK = F
 IFSYNC   = T
   
 IFVCOR   = T
 IFINTQ   = F
 IFCWUZ   = F
 IFSWALL  = F
 IFGEOM   = F
 IFSURT   = F
 IFWCNO   = F
   
 IFTMSH for field           1    =  F
 IFADVC for field           1    =  T
 IFNONL for field           1    =  F
   
 Dealiasing enabled, lxd=          27
  
 Estimated eigenvalues
 EIGAA =    9.86960440108936     
 EIGGA =    4886304.79291543     
 EIGAE =    9.86960440108936     
 EIGAS =   8.333333333333333E-002
 EIGGE =    4886304.79291543     
 EIGGS =    2.00000000000000     
  
 verify mesh topology
  0.000000000000000E+000   1.00000000000000       Xrange
  0.000000000000000E+000   1.00000000000000       Yrange
  0.000000000000000E+000   1.00000000000000       Zrange
 done :: verify mesh topology
  
  E-solver strategy:  0 itr
 mg_nx:           1           9          17
 mg_ny:           1           9          17
 mg_nz:           1           9          17
 call usrsetvert
 done :: usrsetvert

gs_setup: 357 unique labels shared
   pairwise times (avg, min, max): 7.01897e-05 6.1202e-05 8.11815e-05
   crystal router                : 2.4882e-05 2.4581e-05 2.51055e-05
   all reduce                    : 8.271e-05 8.20875e-05 8.34227e-05
   used all_to_all method: crystal router
   handle bytes (avg, min, max): 5993 5156 6692
   buffer bytes (avg, min, max): 794 624 960
   setupds time 7.1681E-03 seconds   1  2         405         256
   setvert3d:   4        6077        8125        6077        6077
 call usrsetvert
 done :: usrsetvert

gs_setup: 3373 unique labels shared
   pairwise times (avg, min, max): 7.12298e-05 6.31094e-05 8.25882e-05
   crystal router                : 3.47733e-05 3.42131e-05 3.58105e-05
   all reduce                    : 0.000244975 0.000243592 0.000247192
   used all_to_all method: crystal router
   handle bytes (avg, min, max): 32317 25156 37588
   buffer bytes (avg, min, max): 4730 3584 5568
   setupds time 1.7020E-02 seconds   2  4        6077         256
   setvert3d:  10       66101      197173       66101       66101
 call usrsetvert
 done :: usrsetvert

gs_setup: 30853 unique labels shared
   pairwise times (avg, min, max): 8.99956e-05 7.87973e-05 0.000102401
   crystal router                : 0.00010557 0.000104499 0.000107217
   all reduce                    : 0.00117099 0.0011658 0.00118079
   used all_to_all method: pairwise
   handle bytes (avg, min, max): 35382 26828 39676
   buffer bytes (avg, min, max): 19320 12640 22880
   setupds time 8.6750E-02 seconds   3 10       66101         256
   setvert3d:  12      100445      356445      100445      100445
 call usrsetvert
 done :: usrsetvert

gs_setup: 46157 unique labels shared
   pairwise times (avg, min, max): 0.000107171 9.40084e-05 0.00012219
   crystal router                : 0.000156857 0.000155187 0.000158691
   all reduce                    : 0.00108539 0.0010824 0.00109091
   used all_to_all method: pairwise
   handle bytes (avg, min, max): 51546 39020 57820
   buffer bytes (avg, min, max): 27792 18240 32832
   setupds time 7.3512E-02 seconds   4 12      100445         256
 regenerate geometry data           1
 NOTE: All elements deformed , param(59) ^=0
 done :: regenerate geometry data           1
  
 h1_mg_nx:           1           3          17
 h1_mg_ny:           1           3          17
 h1_mg_nz:           1           3          17
 call usrsetvert
 done :: usrsetvert

gs_setup: 357 unique labels shared
   pairwise times (avg, min, max): 7.84039e-05 6.90222e-05 8.58068e-05
   crystal router                : 2.92994e-05 2.89917e-05 2.96116e-05
   all reduce                    : 8.69349e-05 8.64029e-05 8.74996e-05
   used all_to_all method: crystal router
   handle bytes (avg, min, max): 5993 5156 6692
   buffer bytes (avg, min, max): 794 624 960
   setupds time 7.2901E-03 seconds   5  2         405         256
   setvert3d:   4        6077        8125        6077        6077
 call usrsetvert
 done :: usrsetvert

gs_setup: 3373 unique labels shared
   pairwise times (avg, min, max): 7.20304e-05 6.38962e-05 8.23021e-05
   crystal router                : 8.08354e-05 8.04186e-05 8.12054e-05
   all reduce                    : 0.000262231 0.000260806 0.000264907
   used all_to_all method: crystal router
   handle bytes (avg, min, max): 32317 25156 37588
   buffer bytes (avg, min, max): 4730 3584 5568
   setupds time 1.7839E-02 seconds   6  4        6077         256
   setvert3d:   4        6077        8125        6077        6077
 call usrsetvert
 done :: usrsetvert

gs_setup: 3373 unique labels shared
   pairwise times (avg, min, max): 6.41391e-05 5.54085e-05 7.56025e-05
   crystal router                : 4.43883e-05 4.37975e-05 4.50134e-05
   all reduce                    : 0.000240544 0.000238895 0.000246191
   used all_to_all method: crystal router
   handle bytes (avg, min, max): 32317 25156 37588
   buffer bytes (avg, min, max): 4730 3584 5568
   setupds time 1.1668E-02 seconds   7  4        6077         256
   setvert3d:   6       18917       35301       18917       18917
 call usrsetvert
 done :: usrsetvert

gs_setup: 9461 unique labels shared
   pairwise times (avg, min, max): 6.87137e-05 5.9104e-05 7.8392e-05
   crystal router                : 6.27145e-05 6.17981e-05 6.41823e-05
   all reduce                    : 0.000516507 0.000513887 0.000519896
   used all_to_all method: crystal router
   handle bytes (avg, min, max): 81297 61668 95364
   buffer bytes (avg, min, max): 11940 9072 13760
   setupds time 3.2548E-02 seconds   8  6       18917         256
   setvert3d:  18      246485     1295061      246485      246485
 call usrsetvert
 done :: usrsetvert

gs_setup: 110501 unique labels shared
   pairwise times (avg, min, max): 0.000117251 0.000103498 0.000131798
   crystal router                : 0.000420624 0.000415182 0.000426793
   used all_to_all method: pairwise
   handle bytes (avg, min, max): 118470 89420 132988
   buffer bytes (avg, min, max): 62424 41184 73440
   setupds time 1.1142E-01 seconds   9 18      246485         256
   setvert3d:  20      309501     1802493      309501      309501
 call usrsetvert
 done :: usrsetvert

gs_setup: 138093 unique labels shared
   pairwise times (avg, min, max): 0.000123657 0.000107288 0.000142097
   crystal router                : 0.000506119 0.000498009 0.00051291
   used all_to_all method: pairwise
   handle bytes (avg, min, max): 146922 110828 164956
   buffer bytes (avg, min, max): 77040 50880 90560
   setupds time 1.2005E-01 seconds  10 20      309501         256
 setup h1 coarse grid, nx_crs=           2
 call usrsetvert
 done :: usrsetvert

gs_setup: 357 unique labels shared
   pairwise times (avg, min, max): 6.04793e-05 5.22137e-05 6.9809e-05
   crystal router                : 2.88285e-05 2.83003e-05 2.92063e-05
   all reduce                    : 8.2719e-05 8.20875e-05 8.31127e-05
   used all_to_all method: crystal router
   handle bytes (avg, min, max): 5993 5156 6692
   buffer bytes (avg, min, max): 794 624 960
 done :: setup h1 coarse grid   3.669500350952148E-002  sec
  
 call usrdat3
 done :: usrdat3

 set initial conditions
 nekuic (1) for ifld            1
 call nekuic for vel  
 xyz min     0.0000       0.0000       0.0000    
 uvwpt min   0.0000       0.0000       0.0000       0.0000       0.0000    
 PS min      0.0000       0.0000      0.99000E+22
 xyz max     1.0000       1.0000       1.0000    
 uvwpt max   0.0000       0.0000       0.0000       0.0000       0.0000    
 PS max      0.0000       0.0000     -0.99000E+22
 done :: set initial conditions
  
 call userchk
GFM max:  1.7928E-04  7.1711E-04  7.1711E-04  7.2992E-17  7.2992E-17  1.5669E-16
 
nelt =       4, np =        64, nx1 =      18, elements =       256
Solve Time =   0.1552E-08
 
nelt =       4, np =        64, nx1 =      18, elements =       256
Solve Time =   0.1537E-08
 
nelt =       4, np =        64, nx1 =      18, elements =       256
Solve Time =   0.1536E-08
 
nelt =       4, np =        64, nx1 =      18, elements =       256
Solve Time =   0.1538E-08
 
nelt =       4, np =        64, nx1 =      18, elements =       256
Solve Time =   0.1535E-08
 
nelt =       4, np =        64, nx1 =      18, elements =       256
Solve Time =   0.1535E-08
 
nelt =       4, np =        64, nx1 =      18, elements =       256
Solve Time =   0.1537E-08
 
nelt =       4, np =        64, nx1 =      18, elements =       256
Solve Time =   0.1536E-08
 
nelt =       4, np =        64, nx1 =      18, elements =       256
Solve Time =   0.1535E-08
 
nelt =       4, np =        64, nx1 =      18, elements =       256
Solve Time =   0.1537E-08
 
nelt =       4, np =        64, nx1 =      18, elements =       256
Solve Time =   0.1318E-08
 
nelt =       4, np =        64, nx1 =      18, elements =       256
Solve Time =   0.1315E-08
 
nelt =       4, np =        64, nx1 =      18, elements =       256
Solve Time =   0.1315E-08
 
nelt =       4, np =        64, nx1 =      18, elements =       256
Solve Time =   0.1314E-08
 
nelt =       4, np =        64, nx1 =      18, elements =       256
Solve Time =   0.1315E-08
 
nelt =       4, np =        64, nx1 =      18, elements =       256
Solve Time =   0.1316E-08
 
nelt =       4, np =        64, nx1 =      18, elements =       256
Solve Time =   0.1314E-08
 
nelt =       4, np =        64, nx1 =      18, elements =       256
Solve Time =   0.1315E-08
 
nelt =       4, np =        64, nx1 =      18, elements =       256
Solve Time =   0.1315E-08
 
nelt =       4, np =        64, nx1 =      18, elements =       256
Solve Time =   0.1316E-08
 
nelt =       4, np =        64, nx1 =      18, elements =       256
Solve Time =   0.1416E-08
 
nelt =       4, np =        64, nx1 =      18, elements =       256
Solve Time =   0.1415E-08
 
nelt =       4, np =        64, nx1 =      18, elements =       256
Solve Time =   0.1414E-08
 
nelt =       4, np =        64, nx1 =      18, elements =       256
Solve Time =   0.1414E-08
 
nelt =       4, np =        64, nx1 =      18, elements =       256
Solve Time =   0.1414E-08
 
nelt =       4, np =        64, nx1 =      18, elements =       256
Solve Time =   0.1414E-08
 
nelt =       4, np =        64, nx1 =      18, elements =       256
Solve Time =   0.1414E-08
 
nelt =       4, np =        64, nx1 =      18, elements =       256
Solve Time =   0.1415E-08
 
nelt =       4, np =        64, nx1 =      18, elements =       256
Solve Time =   0.1416E-08
 
nelt =       4, np =        64, nx1 =      18, elements =       256
Solve Time =   0.1414E-08
 
nelt =       4, np =        64, nx1 =      18, elements =       256
Solve Time =   0.1510E-08
 
nelt =       4, np =        64, nx1 =      18, elements =       256
Solve Time =   0.1508E-08
 
nelt =       4, np =        64, nx1 =      18, elements =       256
Solve Time =   0.1507E-08
 
nelt =       4, np =        64, nx1 =      18, elements =       256
Solve Time =   0.1508E-08
 
nelt =       4, np =        64, nx1 =      18, elements =       256
Solve Time =   0.1510E-08
 
nelt =       4, np =        64, nx1 =      18, elements =       256
Solve Time =   0.1507E-08
 
nelt =       4, np =        64, nx1 =      18, elements =       256
Solve Time =   0.1508E-08
 
nelt =       4, np =        64, nx1 =      18, elements =       256
Solve Time =   0.1507E-08
 
nelt =       4, np =        64, nx1 =      18, elements =       256
Solve Time =   0.1507E-08
 
nelt =       4, np =        64, nx1 =      18, elements =       256
Solve Time =   0.1507E-08
 
nelt =       4, np =        64, nx1 =      18, elements =       256
Solve Time =   0.1606E-08
 
nelt =       4, np =        64, nx1 =      18, elements =       256
Solve Time =   0.1602E-08
 
nelt =       4, np =        64, nx1 =      18, elements =       256
Solve Time =   0.1603E-08
 
nelt =       4, np =        64, nx1 =      18, elements =       256
Solve Time =   0.1604E-08
 
nelt =       4, np =        64, nx1 =      18, elements =       256
Solve Time =   0.1603E-08
 
nelt =       4, np =        64, nx1 =      18, elements =       256
Solve Time =   0.1602E-08
 
nelt =       4, np =        64, nx1 =      18, elements =       256
Solve Time =   0.1604E-08
 
nelt =       4, np =        64, nx1 =      18, elements =       256
Solve Time =   0.1601E-08
 
nelt =       4, np =        64, nx1 =      18, elements =       256
Solve Time =   0.1603E-08
 
nelt =       4, np =        64, nx1 =      18, elements =       256
Solve Time =   0.1603E-08
 schfile:
 /gpfs/theta-fs1/home/thilina/env/lx18/b8.sch                                   
                                                      
 18      256  1.0000E+00  1.0000E+00  1.0000E+00  error v
 18      256  1.0000E+00  1.0000E+00  1.0000E+00  error v
 18      256  1.0000E+00  1.0000E+00  1.0000E+00  error v
 18      256  1.0000E+00  1.0000E+00  1.0000E+00  error v
 18      256  1.0000E+00  1.0000E+00  1.0000E+00  error v
 18      256  1.0000E+00  1.0000E+00  1.0000E+00  error v
 18      256  1.0000E+00  1.0000E+00  1.0000E+00  error v
 18      256  1.0000E+00  1.0000E+00  1.0000E+00  error v
 18      256  1.0000E+00  1.0000E+00  1.0000E+00  error v
 18      256  1.0000E+00  1.0000E+00  1.0000E+00  error v
 18      256  1.0000E+00  1.0000E+00  1.0000E+00  error v
 18      256  1.0000E+00  1.0000E+00  1.0000E+00  error v
 18      256  1.0000E+00  1.0000E+00  1.0000E+00  error v
 18      256  1.0000E+00  1.0000E+00  1.0000E+00  error v
 18      256  1.0000E+00  1.0000E+00  1.0000E+00  error v
 18      256  1.0000E+00  1.0000E+00  1.0000E+00  error v
 18      256  1.0000E+00  1.0000E+00  1.0000E+00  error v
 18      256  1.0000E+00  1.0000E+00  1.0000E+00  error v
 18      256  1.0000E+00  1.0000E+00  1.0000E+00  error v
 18      256  1.0000E+00  1.0000E+00  1.0000E+00  error v
 18      256  1.0000E+00  1.0000E+00  1.0000E+00  error v
 18      256  1.0000E+00  1.0000E+00  1.0000E+00  error v
 18      256  1.0000E+00  1.0000E+00  1.0000E+00  error v
 18      256  1.0000E+00  1.0000E+00  1.0000E+00  error v
 18      256  1.0000E+00  1.0000E+00  1.0000E+00  error v
 18      256  1.0000E+00  1.0000E+00  1.0000E+00  error v
 18      256  1.0000E+00  1.0000E+00  1.0000E+00  error v
 18      256  1.0000E+00  1.0000E+00  1.0000E+00  error v
 18      256  1.0000E+00  1.0000E+00  1.0000E+00  error v
 18      256  1.0000E+00  1.0000E+00  1.0000E+00  error v
 18      256  1.0000E+00  1.0000E+00  1.0000E+00  error v
 18      256  1.0000E+00  1.0000E+00  1.0000E+00  error v
 18      256  1.0000E+00  1.0000E+00  1.0000E+00  error v
 18      256  1.0000E+00  1.0000E+00  1.0000E+00  error v
 18      256  1.0000E+00  1.0000E+00  1.0000E+00  error v
 18      256  1.0000E+00  1.0000E+00  1.0000E+00  error v
 18      256  1.0000E+00  1.0000E+00  1.0000E+00  error v
 18      256  1.0000E+00  1.0000E+00  1.0000E+00  error v
 18      256  1.0000E+00  1.0000E+00  1.0000E+00  error v
 18      256  1.0000E+00  1.0000E+00  1.0000E+00  error v
 18      256  1.0000E+00  1.0000E+00  1.0000E+00  error v
 18      256  1.0000E+00  1.0000E+00  1.0000E+00  error v
 18      256  1.0000E+00  1.0000E+00  1.0000E+00  error v
 18      256  1.0000E+00  1.0000E+00  1.0000E+00  error v
 18      256  1.0000E+00  1.0000E+00  1.0000E+00  error v
 18      256  1.0000E+00  1.0000E+00  1.0000E+00  error v
 18      256  1.0000E+00  1.0000E+00  1.0000E+00  error v
 18      256  1.0000E+00  1.0000E+00  1.0000E+00  error v
 18      256  1.0000E+00  1.0000E+00  1.0000E+00  error v
 18      256  1.0000E+00  1.0000E+00  1.0000E+00  error v
 18      256  1.0000E+00  1.0000E+00  1.0000E+00  error v
 18      256  1.0000E+00  1.0000E+00  1.0000E+00  error v
 18      256  1.0000E+00  1.0000E+00  1.0000E+00  error v
 18      256  1.0000E+00  1.0000E+00  1.0000E+00  error v
 18      256  1.0000E+00  1.0000E+00  1.0000E+00  error v
 18      256  1.0000E+00  1.0000E+00  1.0000E+00  error v
 18      256  1.0000E+00  1.0000E+00  1.0000E+00  error v
 18      256  1.0000E+00  1.0000E+00  1.0000E+00  error v
 18      256  1.0000E+00  1.0000E+00  1.0000E+00  error v
 18      256  1.0000E+00  1.0000E+00  1.0000E+00  error v
 18      256  1.0000E+00  1.0000E+00  1.0000E+00  error v
 18      256  1.0000E+00  1.0000E+00  1.0000E+00  error v
 18      256  1.0000E+00  1.0000E+00  1.0000E+00  error v
 18      256  1.0000E+00  1.0000E+00  1.0000E+00  error v
 
nelt =       4, np =        64, nx1 =      18, elements =       256
Solve Time =   0.1885E-08
 
nelt =       4, np =        64, nx1 =      18, elements =       256
Solve Time =   0.1880E-08
 
nelt =       4, np =        64, nx1 =      18, elements =       256
Solve Time =   0.1878E-08
 
nelt =       4, np =        64, nx1 =      18, elements =       256
Solve Time =   0.1881E-08
 
nelt =       4, np =        64, nx1 =      18, elements =       256
Solve Time =   0.1878E-08
 
nelt =       4, np =        64, nx1 =      18, elements =       256
Solve Time =   0.1878E-08
 
nelt =       4, np =        64, nx1 =      18, elements =       256
Solve Time =   0.1879E-08
 
nelt =       4, np =        64, nx1 =      18, elements =       256
Solve Time =   0.1878E-08
 
nelt =       4, np =        64, nx1 =      18, elements =       256
Solve Time =   0.1880E-08
 
nelt =       4, np =        64, nx1 =      18, elements =       256
Solve Time =   0.1881E-08
 18      256  1.2523E-03  1.2523E-03  1.2523E-03  error s
 18      256  1.2523E-03  1.2523E-03  1.2523E-03  error s
 18      256  1.2523E-03  1.2523E-03  1.2523E-03  error s
 18      256  1.2523E-03  1.2523E-03  1.2523E-03  error s
 18      256  1.2523E-03  1.2523E-03  1.2523E-03  error s
 18      256  1.2523E-03  1.2523E-03  1.2523E-03  error s
 18      256  1.2523E-03  1.2523E-03  1.2523E-03  error s
 18      256  1.2523E-03  1.2523E-03  1.2523E-03  error s
 18      256  1.2523E-03  1.2523E-03  1.2523E-03  error s
 18      256  1.2523E-03  1.2523E-03  1.2523E-03  error s
 18      256  1.2523E-03  1.2523E-03  1.2523E-03  error s
 18      256  1.2523E-03  1.2523E-03  1.2523E-03  error s
 18      256  1.2523E-03  1.2523E-03  1.2523E-03  error s
 18      256  1.2523E-03  1.2523E-03  1.2523E-03  error s
 18      256  1.2523E-03  1.2523E-03  1.2523E-03  error s
 18      256  1.2523E-03  1.2523E-03  1.2523E-03  error s
 18      256  1.2523E-03  1.2523E-03  1.2523E-03  error s
 18      256  1.2523E-03  1.2523E-03  1.2523E-03  error s
 18      256  1.2523E-03  1.2523E-03  1.2523E-03  error s
 18      256  1.2523E-03  1.2523E-03  1.2523E-03  error s
 18      256  1.2523E-03  1.2523E-03  1.2523E-03  error s
 18      256  1.2523E-03  1.2523E-03  1.2523E-03  error s
 18      256  1.2523E-03  1.2523E-03  1.2523E-03  error s
 18      256  1.2523E-03  1.2523E-03  1.2523E-03  error s
 18      256  1.2523E-03  1.2523E-03  1.2523E-03  error s
 18      256  1.2523E-03  1.2523E-03  1.2523E-03  error s
 18      256  1.2523E-03  1.2523E-03  1.2523E-03  error s
 18      256  1.2523E-03  1.2523E-03  1.2523E-03  error s
 18      256  1.2523E-03  1.2523E-03  1.2523E-03  error s
 18      256  1.2523E-03  1.2523E-03  1.2523E-03  error s
 18      256  1.2523E-03  1.2523E-03  1.2523E-03  error s
 18      256  1.2523E-03  1.2523E-03  1.2523E-03  error s
 18      256  1.2523E-03  1.2523E-03  1.2523E-03  error s
 18      256  1.2523E-03  1.2523E-03  1.2523E-03  error s
 18      256  1.2523E-03  1.2523E-03  1.2523E-03  error s
 18      256  1.2523E-03  1.2523E-03  1.2523E-03  error s
 18      256  1.2523E-03  1.2523E-03  1.2523E-03  error s
 18      256  1.2523E-03  1.2523E-03  1.2523E-03  error s
 18      256  1.2523E-03  1.2523E-03  1.2523E-03  error s
 18      256  1.2523E-03  1.2523E-03  1.2523E-03  error s
 18      256  1.2523E-03  1.2523E-03  1.2523E-03  error s
 18      256  1.2523E-03  1.2523E-03  1.2523E-03  error s
 18      256  1.2523E-03  1.2523E-03  1.2523E-03  error s
 18      256  1.2523E-03  1.2523E-03  1.2523E-03  error s
 18      256  1.2523E-03  1.2523E-03  1.2523E-03  error s
 18      256  1.2523E-03  1.2523E-03  1.2523E-03  error s
 18      256  1.2523E-03  1.2523E-03  1.2523E-03  error s
 18      256  1.2523E-03  1.2523E-03  1.2523E-03  error s
 18      256  1.2523E-03  1.2523E-03  1.2523E-03  error s
 18      256  1.2523E-03  1.2523E-03  1.2523E-03  error s
 18      256  1.2523E-03  1.2523E-03  1.2523E-03  error s
 18      256  1.2523E-03  1.2523E-03  1.2523E-03  error s
 18      256  1.2523E-03  1.2523E-03  1.2523E-03  error s
 18      256  1.2523E-03  1.2523E-03  1.2523E-03  error s
 18      256  1.2523E-03  1.2523E-03  1.2523E-03  error s
 18      256  1.2523E-03  1.2523E-03  1.2523E-03  error s
 18      256  1.2523E-03  1.2523E-03  1.2523E-03  error s
 18      256  1.2523E-03  1.2523E-03  1.2523E-03  error s
 18      256  1.2523E-03  1.2523E-03  1.2523E-03  error s
 18      256  1.2523E-03  1.2523E-03  1.2523E-03  error s
 18      256  1.2523E-03  1.2523E-03  1.2523E-03  error s
 18      256  1.2523E-03  1.2523E-03  1.2523E-03  error s
 18      256  1.2523E-03  1.2523E-03  1.2523E-03  error s
 18      256  1.2523E-03  1.2523E-03  1.2523E-03  error s
 
nelt =       4, np =        64, nx1 =      18, elements =       256
Solve Time =   0.1985E-08
 
nelt =       4, np =        64, nx1 =      18, elements =       256
Solve Time =   0.1982E-08
 
nelt =       4, np =        64, nx1 =      18, elements =       256
Solve Time =   0.1981E-08
 
nelt =       4, np =        64, nx1 =      18, elements =       256
Solve Time =   0.1982E-08
 
nelt =       4, np =        64, nx1 =      18, elements =       256
Solve Time =   0.1983E-08
 
nelt =       4, np =        64, nx1 =      18, elements =       256
Solve Time =   0.1983E-08
 
nelt =       4, np =        64, nx1 =      18, elements =       256
Solve Time =   0.1981E-08
 
nelt =       4, np =        64, nx1 =      18, elements =       256
Solve Time =   0.1981E-08
 
nelt =       4, np =        64, nx1 =      18, elements =       256
Solve Time =   0.1983E-08
 
nelt =       4, np =        64, nx1 =      18, elements =       256
Solve Time =   0.1981E-08
 18      256  1.2546E-03  1.2546E-03  1.2546E-03  error n
 18      256  1.2546E-03  1.2546E-03  1.2546E-03  error n
 18      256  1.2546E-03  1.2546E-03  1.2546E-03  error n
 18      256  1.2546E-03  1.2546E-03  1.2546E-03  error n
 18      256  1.2546E-03  1.2546E-03  1.2546E-03  error n
 18      256  1.2546E-03  1.2546E-03  1.2546E-03  error n
 18      256  1.2546E-03  1.2546E-03  1.2546E-03  error n
 18      256  1.2546E-03  1.2546E-03  1.2546E-03  error n
 18      256  1.2546E-03  1.2546E-03  1.2546E-03  error n
 18      256  1.2546E-03  1.2546E-03  1.2546E-03  error n
 18      256  1.2546E-03  1.2546E-03  1.2546E-03  error n
 18      256  1.2546E-03  1.2546E-03  1.2546E-03  error n
 18      256  1.2546E-03  1.2546E-03  1.2546E-03  error n
 18      256  1.2546E-03  1.2546E-03  1.2546E-03  error n
 18      256  1.2546E-03  1.2546E-03  1.2546E-03  error n
 18      256  1.2546E-03  1.2546E-03  1.2546E-03  error n
 18      256  1.2546E-03  1.2546E-03  1.2546E-03  error n
 18      256  1.2546E-03  1.2546E-03  1.2546E-03  error n
 18      256  1.2546E-03  1.2546E-03  1.2546E-03  error n
 18      256  1.2546E-03  1.2546E-03  1.2546E-03  error n
 18      256  1.2546E-03  1.2546E-03  1.2546E-03  error n
 18      256  1.2546E-03  1.2546E-03  1.2546E-03  error n
 18      256  1.2546E-03  1.2546E-03  1.2546E-03  error n
 18      256  1.2546E-03  1.2546E-03  1.2546E-03  error n
 18      256  1.2546E-03  1.2546E-03  1.2546E-03  error n
 18      256  1.2546E-03  1.2546E-03  1.2546E-03  error n
 18      256  1.2546E-03  1.2546E-03  1.2546E-03  error n
 18      256  1.2546E-03  1.2546E-03  1.2546E-03  error n
 18      256  1.2546E-03  1.2546E-03  1.2546E-03  error n
 18      256  1.2546E-03  1.2546E-03  1.2546E-03  error n
 18      256  1.2546E-03  1.2546E-03  1.2546E-03  error n
 18      256  1.2546E-03  1.2546E-03  1.2546E-03  error n
 18      256  1.2546E-03  1.2546E-03  1.2546E-03  error n
 18      256  1.2546E-03  1.2546E-03  1.2546E-03  error n
 18      256  1.2546E-03  1.2546E-03  1.2546E-03  error n
 18      256  1.2546E-03  1.2546E-03  1.2546E-03  error n
 18      256  1.2546E-03  1.2546E-03  1.2546E-03  error n
 18      256  1.2546E-03  1.2546E-03  1.2546E-03  error n
 18      256  1.2546E-03  1.2546E-03  1.2546E-03  error n
 18      256  1.2546E-03  1.2546E-03  1.2546E-03  error n
 18      256  1.2546E-03  1.2546E-03  1.2546E-03  error n
 18      256  1.2546E-03  1.2546E-03  1.2546E-03  error n
 18      256  1.2546E-03  1.2546E-03  1.2546E-03  error n
 18      256  1.2546E-03  1.2546E-03  1.2546E-03  error n
 18      256  1.2546E-03  1.2546E-03  1.2546E-03  error n
 18      256  1.2546E-03  1.2546E-03  1.2546E-03  error n
 18      256  1.2546E-03  1.2546E-03  1.2546E-03  error n
 18      256  1.2546E-03  1.2546E-03  1.2546E-03  error n
 18      256  1.2546E-03  1.2546E-03  1.2546E-03  error n
  17      256  100  0.0000E+00  0.0000E+00  0.0000E+00 time for 3 hmholtz
EXIT: quit after cggov         17
 18      256  1.2546E-03  1.2546E-03  1.2546E-03  error n
 18      256  1.2546E-03  1.2546E-03  1.2546E-03  error n
 18      256  1.2546E-03  1.2546E-03  1.2546E-03  error n
 18      256  1.2546E-03  1.2546E-03  1.2546E-03  error n
 18      256  1.2546E-03  1.2546E-03  1.2546E-03  error n
 18      256  1.2546E-03  1.2546E-03  1.2546E-03  error n
 18      256  1.2546E-03  1.2546E-03  1.2546E-03  error n
 18      256  1.2546E-03  1.2546E-03  1.2546E-03  error n
 18      256  1.2546E-03  1.2546E-03  1.2546E-03  error n
 18      256  1.2546E-03  1.2546E-03  1.2546E-03  error n
 18      256  1.2546E-03  1.2546E-03  1.2546E-03  error n
 18      256  1.2546E-03  1.2546E-03  1.2546E-03  error n
 18      256  1.2546E-03  1.2546E-03  1.2546E-03  error n
 18      256  1.2546E-03  1.2546E-03  1.2546E-03  error n
 18      256  1.2546E-03  1.2546E-03  1.2546E-03  error n
  
call exitt: dying ...
  
backtrace(): obtained 8 stack frames.
./nek5000() [0x782ad5]
./nek5000() [0x9667f9]
./nek5000() [0x40decc]
./nek5000() [0x427556]
./nek5000() [0x425b0e]
./nek5000() [0x4054fe]
/lib64/libc.so.6(__libc_start_main+0xf5) [0x2aaab1ca3b25]
./nek5000() [0x405409]
  
total elapsed time             :   3.70995E+02 sec
total solver time incl. I/O    :   0.00000E+00 sec
time/timestep                  :   0.00000E+00 sec
CPU seconds/timestep/gridpt    :   0.00000E+00 sec

Application 2259865 resources: utime ~23482s, stime ~219s, Rss ~95072, inblocks ~0, outblocks ~0
