/----------------------------------------------------------\\
|      _   __ ______ __ __  ______  ____   ____   ____     |
|     / | / // ____// //_/ / ____/ / __ \\/ __ \\/ __ \\   |
|    /  |/ // __/  / ,<   /___ \\ / / / // / / // / / /    |
|   / /|  // /___ / /| | ____/ / / /_/ // /_/ // /_/ /     |
|  /_/ |_//_____//_/ |_|/_____/  \\___/ \\___/ \\___/      |
|                                                          |
|----------------------------------------------------------|
|                                                          |
| NEK5000:  Open Source Spectral Element Solver            |
| COPYRIGHT (c) 2008-2016 UCHICAGO ARGONNE, LLC            |
| Version:  16.0.0                                         |
| Web:      http://nek5000.mcs.anl.gov                     |
|                                                          |
\\----------------------------------------------------------/
                                                              

 Number of processors:         256
 REAL    wdsize      :           8
 INTEGER wdsize      :           4
 Timer accuracy      : 5.01E-07
 Reading /gpfs/theta-fs1/home/thilina/env/lx18/b10.rea                                                                                       

 mapping elements to processors
 Reading /gpfs/theta-fs1/home/thilina/env/lx18/b10.map                                                                                       
 RANK     0 IEG     961     962     969     970
 element load imbalance:            0           4           4
 done :: mapping elements to processors
  
           0  objects found
 118   Parameters from file:
   1      1.00000     p001 DENSITY
   2     -100.000     p002 VISCOS
   7      1.00000     p007 RHOCP
   8      1.00000     p008 CONDUCT
  11      1.00        p011 NSTEPS
  12    -0.500000E-02 p012 DT
  21     0.100000E-05 p021 DIVERGENCE
  22     0.100000E-07 p022 HELMHOLTZ
  24     0.100000E-09 p024 TOLREL
  25     0.100000E-09 p025 TOLABS
  26     0.250000     p026 COURANT/NTAU
  27      2.00000     p027 TORDER
  66      6.00000     p066 output : <0=ascii, else binary
  67      6.00000     p067 restart: <0=ascii, else binary
  99      3.00000     p099 dealiasing: <0--> off/3--> old/4--> new
 103     0.500000E-01 p103 weight of stabilizing filter (.01)
  
 nelgt/nelgv/lelt:        1024        1024         100
 lx1  /lx2  /lx3 :          18          18          18
 done :: read .rea file    1.6492     sec

 setup mesh topology
   Right-handed check complete for    1024 elements. OK.
   setvert3d:  18      929633     5123937      929633      929633
 call usrsetvert
 done :: usrsetvert

gs_setup: 491289 unique labels shared
   pairwise times (avg, min, max): 0.000237061 0.00021069 0.000265789
   crystal router                : 0.000700125 0.000691605 0.000709605
   used all_to_all method: pairwise
   handle bytes (avg, min, max): 129386 89420 147572
   buffer bytes (avg, min, max): 70855.5 41184 85280
   setupds time 1.8031E-01 seconds   0 18      929633        1024
           8  max multiplicity
 done :: setup mesh topology
  
 call usrdat
 done :: usrdat

 generate geometry data
 done :: generate geometry data
  
 call usrdat2
 done :: usrdat2

 regenerate geometry data           1
 NOTE: All elements deformed , param(59) ^=0
 done :: regenerate geometry data           1
  
 verify mesh topology
  0.000000000000000E+000   1.00000000000000       Xrange
  0.000000000000000E+000   1.00000000000000       Yrange
  0.000000000000000E+000   1.00000000000000       Zrange
 done :: verify mesh topology
  
 IFTRAN   = T
 IFFLOW   = T
 IFHEAT   = F
 IFSPLIT  = T
 IFLOMACH = F
 IFUSERVP = F
 IFUSERMV = F
 IFSTRS   = F
 IFCHAR   = F
 IFCYCLIC = F
 IFAXIS   = F
 IFMVBD   = F
 IFMELT   = F
 IFMODEL  = F
 IFKEPS   = F
 IFMOAB   = F
 IFNEKNEK = F
 IFSYNC   = T
   
 IFVCOR   = T
 IFINTQ   = F
 IFCWUZ   = F
 IFSWALL  = F
 IFGEOM   = F
 IFSURT   = F
 IFWCNO   = F
   
 IFTMSH for field           1    =  F
 IFADVC for field           1    =  T
 IFNONL for field           1    =  F
   
 Dealiasing enabled, lxd=          27
  
 Estimated eigenvalues
 EIGAA =    9.86960440108936     
 EIGGA =    9780461.26980633     
 EIGAE =    9.86960440108936     
 EIGAS =   8.333333333333333E-002
 EIGGE =    9780461.26980633     
 EIGGS =    2.00000000000000     
  
 verify mesh topology
  0.000000000000000E+000   1.00000000000000       Xrange
  0.000000000000000E+000   1.00000000000000       Yrange
  0.000000000000000E+000   1.00000000000000       Zrange
 done :: verify mesh topology
  
  E-solver strategy:  0 itr
 mg_nx:           1           9          17
 mg_ny:           1           9          17
 mg_nz:           1           9          17
 call usrsetvert
 done :: usrsetvert

gs_setup: 1305 unique labels shared
   pairwise times (avg, min, max): 0.00010967 0.000101089 0.000125718
   crystal router                : 6.98851e-05 6.94036e-05 7.06196e-05
   all reduce                    : 0.000210568 0.000208712 0.000216603
   used all_to_all method: crystal router
   handle bytes (avg, min, max): 7882.5 6900 8844
   buffer bytes (avg, min, max): 903.5 688 1008
   setupds time 1.2509E-02 seconds   1  2        1377        1024
   setvert3d:   4       22433       30625       22433       22433
 call usrsetvert
 done :: usrsetvert

gs_setup: 14169 unique labels shared
   pairwise times (avg, min, max): 0.000113918 0.000101495 0.000129604
   crystal router                : 7.99257e-05 7.89165e-05 8.12054e-05
   all reduce                    : 0.000884742 0.000880909 0.000893712
   used all_to_all method: crystal router
   handle bytes (avg, min, max): 44274.5 33236 52364
   buffer bytes (avg, min, max): 5462.5 4112 6256
   setupds time 3.5281E-02 seconds   2  4       22433        1024
   setvert3d:  10      248417      772705      248417      248417
 call usrsetvert
 done :: usrsetvert

gs_setup: 135705 unique labels shared
   pairwise times (avg, min, max): 0.00013161 0.00011301 0.000146794
   crystal router                : 0.000244057 0.000241303 0.000250101
   used all_to_all method: pairwise
   handle bytes (avg, min, max): 38634.5 26828 44084
   buffer bytes (avg, min, max): 22087.5 12640 26912
   setupds time 7.2117E-02 seconds   3 10      248417        1024
   setvert3d:  12      378017     1402017      378017      378017
 call usrsetvert
 done :: usrsetvert

gs_setup: 203865 unique labels shared
   pairwise times (avg, min, max): 0.000139519 0.000115609 0.000155091
   crystal router                : 0.000293212 0.0002882 0.000299501
   used all_to_all method: pairwise
   handle bytes (avg, min, max): 56282.5 39020 64196
   buffer bytes (avg, min, max): 31687.5 18240 38432
   setupds time 9.3816E-02 seconds   4 12      378017        1024
 regenerate geometry data           1
 NOTE: All elements deformed , param(59) ^=0
 done :: regenerate geometry data           1
  
 h1_mg_nx:           1           3          17
 h1_mg_ny:           1           3          17
 h1_mg_nz:           1           3          17
 call usrsetvert
 done :: usrsetvert

gs_setup: 1305 unique labels shared
   pairwise times (avg, min, max): 0.00011064 9.57012e-05 0.000123501
   crystal router                : 5.9973e-05 5.8794e-05 6.10113e-05
   all reduce                    : 0.000252966 0.000250196 0.000257587
   used all_to_all method: crystal router
   handle bytes (avg, min, max): 7882.5 6900 8844
   buffer bytes (avg, min, max): 903.5 688 1008
   setupds time 1.1671E-02 seconds   5  2        1377        1024
   setvert3d:   4       22433       30625       22433       22433
 call usrsetvert
 done :: usrsetvert

gs_setup: 14169 unique labels shared
   pairwise times (avg, min, max): 0.000110532 9.38892e-05 0.000125813
   crystal router                : 7.67211e-05 7.48873e-05 7.78913e-05
   all reduce                    : 0.000923278 0.000919414 0.000929594
   used all_to_all method: crystal router
   handle bytes (avg, min, max): 44274.5 33236 52364
   buffer bytes (avg, min, max): 5462.5 4112 6256
   setupds time 3.1209E-02 seconds   6  4       22433        1024
   setvert3d:   4       22433       30625       22433       22433
 call usrsetvert
 done :: usrsetvert

gs_setup: 14169 unique labels shared
   pairwise times (avg, min, max): 0.000107472 9.15051e-05 0.000122309
   crystal router                : 8.03212e-05 7.61032e-05 8.43048e-05
   all reduce                    : 0.000899104 0.000893497 0.000906301
   used all_to_all method: crystal router
   handle bytes (avg, min, max): 44274.5 33236 52364
   buffer bytes (avg, min, max): 5462.5 4112 6256
   setupds time 2.7526E-02 seconds   7  4       22433        1024
   setvert3d:   6       70625      136161       70625       70625
 call usrsetvert
 done :: usrsetvert

gs_setup: 40857 unique labels shared
   pairwise times (avg, min, max): 0.00011486 9.59873e-05 0.000128412
   crystal router                : 0.000105616 0.000104189 0.000107312
   all reduce                    : 0.00117737 0.00117021 0.00120611
   used all_to_all method: crystal router
   handle bytes (avg, min, max): 112634 81076 135052
   buffer bytes (avg, min, max): 13819.5 10032 15600
   setupds time 5.4615E-02 seconds   8  6       70625        1024
   setvert3d:  18      929633     5123937      929633      929633
 call usrsetvert
 done :: usrsetvert

gs_setup: 491289 unique labels shared
   pairwise times (avg, min, max): 0.000185377 0.000164199 0.000203395
   crystal router                : 0.000664036 0.000652981 0.000677395
   used all_to_all method: pairwise
   handle bytes (avg, min, max): 129386 89420 147572
   buffer bytes (avg, min, max): 70855.5 41184 85280
   setupds time 1.5880E-01 seconds   9 18      929633        1024
   setvert3d:  20     1167777     7139745     1167777     1167777
 call usrsetvert
 done :: usrsetvert

gs_setup: 614745 unique labels shared
   pairwise times (avg, min, max): 0.000193723 0.000171399 0.000211811
   crystal router                : 0.000797546 0.000787997 0.000808311
   used all_to_all method: pairwise
   handle bytes (avg, min, max): 160474 110828 183044
   buffer bytes (avg, min, max): 87367.5 50880 104992
   setupds time 2.0397E-01 seconds  10 20     1167777        1024
 setup h1 coarse grid, nx_crs=           2
 call usrsetvert
 done :: usrsetvert

gs_setup: 1305 unique labels shared
   pairwise times (avg, min, max): 9.69086e-05 8.18968e-05 0.000106907
   crystal router                : 5.75712e-05 5.67913e-05 5.86987e-05
   all reduce                    : 0.000224121 0.000222707 0.000228
   used all_to_all method: crystal router
   handle bytes (avg, min, max): 7882.5 6900 8844
   buffer bytes (avg, min, max): 903.5 688 1008
 done :: setup h1 coarse grid   6.114697456359863E-002  sec
  
 call usrdat3
 done :: usrdat3

 set initial conditions
 nekuic (1) for ifld            1
 call nekuic for vel  
 xyz min     0.0000       0.0000       0.0000    
 uvwpt min   0.0000       0.0000       0.0000       0.0000       0.0000    
 PS min      0.0000       0.0000      0.99000E+22
 xyz max     1.0000       1.0000       1.0000    
 uvwpt max   0.0000       0.0000       0.0000       0.0000       0.0000    
 PS max      0.0000       0.0000     -0.99000E+22
 done :: set initial conditions
  
 call userchk
GFM max:  1.7928E-04  1.7928E-04  7.1711E-04  3.9172E-17  1.5106E-16  1.5106E-16
 
nelt =       4, np =       256, nx1 =      18, elements =      1024
Solve Time =   0.4150E-09
 
nelt =       4, np =       256, nx1 =      18, elements =      1024
Solve Time =   0.4119E-09
 
nelt =       4, np =       256, nx1 =      18, elements =      1024
Solve Time =   0.4155E-09
 
nelt =       4, np =       256, nx1 =      18, elements =      1024
Solve Time =   0.4110E-09
 
nelt =       4, np =       256, nx1 =      18, elements =      1024
Solve Time =   0.4111E-09
 
nelt =       4, np =       256, nx1 =      18, elements =      1024
Solve Time =   0.4116E-09
 
nelt =       4, np =       256, nx1 =      18, elements =      1024
Solve Time =   0.4114E-09
 
nelt =       4, np =       256, nx1 =      18, elements =      1024
Solve Time =   0.4110E-09
 
nelt =       4, np =       256, nx1 =      18, elements =      1024
Solve Time =   0.4158E-09
 
nelt =       4, np =       256, nx1 =      18, elements =      1024
Solve Time =   0.4116E-09
 
nelt =       4, np =       256, nx1 =      18, elements =      1024
Solve Time =   0.3486E-09
 
nelt =       4, np =       256, nx1 =      18, elements =      1024
Solve Time =   0.3480E-09
 
nelt =       4, np =       256, nx1 =      18, elements =      1024
Solve Time =   0.3425E-09
 
nelt =       4, np =       256, nx1 =      18, elements =      1024
Solve Time =   0.3434E-09
 
nelt =       4, np =       256, nx1 =      18, elements =      1024
Solve Time =   0.3429E-09
 
nelt =       4, np =       256, nx1 =      18, elements =      1024
Solve Time =   0.3429E-09
 
nelt =       4, np =       256, nx1 =      18, elements =      1024
Solve Time =   0.3482E-09
 
nelt =       4, np =       256, nx1 =      18, elements =      1024
Solve Time =   0.3427E-09
 
nelt =       4, np =       256, nx1 =      18, elements =      1024
Solve Time =   0.3426E-09
 
nelt =       4, np =       256, nx1 =      18, elements =      1024
Solve Time =   0.3427E-09
 
nelt =       4, np =       256, nx1 =      18, elements =      1024
Solve Time =   0.3758E-09
 
nelt =       4, np =       256, nx1 =      18, elements =      1024
Solve Time =   0.3749E-09
 
nelt =       4, np =       256, nx1 =      18, elements =      1024
Solve Time =   0.3749E-09
 
nelt =       4, np =       256, nx1 =      18, elements =      1024
Solve Time =   0.3748E-09
 
nelt =       4, np =       256, nx1 =      18, elements =      1024
Solve Time =   0.3802E-09
 
nelt =       4, np =       256, nx1 =      18, elements =      1024
Solve Time =   0.3798E-09
 
nelt =       4, np =       256, nx1 =      18, elements =      1024
Solve Time =   0.3751E-09
 
nelt =       4, np =       256, nx1 =      18, elements =      1024
Solve Time =   0.3803E-09
 
nelt =       4, np =       256, nx1 =      18, elements =      1024
Solve Time =   0.3755E-09
 
nelt =       4, np =       256, nx1 =      18, elements =      1024
Solve Time =   0.3743E-09
 
nelt =       4, np =       256, nx1 =      18, elements =      1024
Solve Time =   0.4062E-09
 
nelt =       4, np =       256, nx1 =      18, elements =      1024
Solve Time =   0.4101E-09
 
nelt =       4, np =       256, nx1 =      18, elements =      1024
Solve Time =   0.4053E-09
 
nelt =       4, np =       256, nx1 =      18, elements =      1024
Solve Time =   0.4053E-09
 
nelt =       4, np =       256, nx1 =      18, elements =      1024
Solve Time =   0.4052E-09
 
nelt =       4, np =       256, nx1 =      18, elements =      1024
Solve Time =   0.4067E-09
 
nelt =       4, np =       256, nx1 =      18, elements =      1024
Solve Time =   0.4057E-09
 
nelt =       4, np =       256, nx1 =      18, elements =      1024
Solve Time =   0.4061E-09
 
nelt =       4, np =       256, nx1 =      18, elements =      1024
Solve Time =   0.4104E-09
 
nelt =       4, np =       256, nx1 =      18, elements =      1024
Solve Time =   0.4097E-09
 
nelt =       4, np =       256, nx1 =      18, elements =      1024
Solve Time =   0.4379E-09
 
nelt =       4, np =       256, nx1 =      18, elements =      1024
Solve Time =   0.4410E-09
 
nelt =       4, np =       256, nx1 =      18, elements =      1024
Solve Time =   0.4378E-09
 
nelt =       4, np =       256, nx1 =      18, elements =      1024
Solve Time =   0.4378E-09
 
nelt =       4, np =       256, nx1 =      18, elements =      1024
Solve Time =   0.4382E-09
 
nelt =       4, np =       256, nx1 =      18, elements =      1024
Solve Time =   0.4406E-09
 
nelt =       4, np =       256, nx1 =      18, elements =      1024
Solve Time =   0.4362E-09
 
nelt =       4, np =       256, nx1 =      18, elements =      1024
Solve Time =   0.4369E-09
 
nelt =       4, np =       256, nx1 =      18, elements =      1024
Solve Time =   0.4371E-09
 
nelt =       4, np =       256, nx1 =      18, elements =      1024
Solve Time =   0.4374E-09
 schfile:
 /gpfs/theta-fs1/home/thilina/env/lx18/b10.sch                                  
                                                      
 18     1024  1.0000E+00  1.0000E+00  1.0000E+00  error v
 18     1024  1.0000E+00  1.0000E+00  1.0000E+00  error v
 18     1024  1.0000E+00  1.0000E+00  1.0000E+00  error v
 18     1024  1.0000E+00  1.0000E+00  1.0000E+00  error v
 18     1024  1.0000E+00  1.0000E+00  1.0000E+00  error v
 18     1024  1.0000E+00  1.0000E+00  1.0000E+00  error v
 18     1024  1.0000E+00  1.0000E+00  1.0000E+00  error v
 18     1024  1.0000E+00  1.0000E+00  1.0000E+00  error v
 18     1024  1.0000E+00  1.0000E+00  1.0000E+00  error v
 18     1024  1.0000E+00  1.0000E+00  1.0000E+00  error v
 18     1024  1.0000E+00  1.0000E+00  1.0000E+00  error v
 18     1024  1.0000E+00  1.0000E+00  1.0000E+00  error v
 18     1024  1.0000E+00  1.0000E+00  1.0000E+00  error v
 18     1024  1.0000E+00  1.0000E+00  1.0000E+00  error v
 18     1024  1.0000E+00  1.0000E+00  1.0000E+00  error v
 18     1024  1.0000E+00  1.0000E+00  1.0000E+00  error v
 18     1024  1.0000E+00  1.0000E+00  1.0000E+00  error v
 18     1024  1.0000E+00  1.0000E+00  1.0000E+00  error v
 18     1024  1.0000E+00  1.0000E+00  1.0000E+00  error v
 18     1024  1.0000E+00  1.0000E+00  1.0000E+00  error v
 18     1024  1.0000E+00  1.0000E+00  1.0000E+00  error v
 18     1024  1.0000E+00  1.0000E+00  1.0000E+00  error v
 18     1024  1.0000E+00  1.0000E+00  1.0000E+00  error v
 18     1024  1.0000E+00  1.0000E+00  1.0000E+00  error v
 18     1024  1.0000E+00  1.0000E+00  1.0000E+00  error v
 18     1024  1.0000E+00  1.0000E+00  1.0000E+00  error v
 18     1024  1.0000E+00  1.0000E+00  1.0000E+00  error v
 18     1024  1.0000E+00  1.0000E+00  1.0000E+00  error v
 18     1024  1.0000E+00  1.0000E+00  1.0000E+00  error v
 18     1024  1.0000E+00  1.0000E+00  1.0000E+00  error v
 18     1024  1.0000E+00  1.0000E+00  1.0000E+00  error v
 18     1024  1.0000E+00  1.0000E+00  1.0000E+00  error v
 18     1024  1.0000E+00  1.0000E+00  1.0000E+00  error v
 18     1024  1.0000E+00  1.0000E+00  1.0000E+00  error v
 18     1024  1.0000E+00  1.0000E+00  1.0000E+00  error v
 18     1024  1.0000E+00  1.0000E+00  1.0000E+00  error v
 18     1024  1.0000E+00  1.0000E+00  1.0000E+00  error v
 18     1024  1.0000E+00  1.0000E+00  1.0000E+00  error v
 18     1024  1.0000E+00  1.0000E+00  1.0000E+00  error v
 18     1024  1.0000E+00  1.0000E+00  1.0000E+00  error v
 18     1024  1.0000E+00  1.0000E+00  1.0000E+00  error v
 18     1024  1.0000E+00  1.0000E+00  1.0000E+00  error v
 18     1024  1.0000E+00  1.0000E+00  1.0000E+00  error v
 18     1024  1.0000E+00  1.0000E+00  1.0000E+00  error v
 18     1024  1.0000E+00  1.0000E+00  1.0000E+00  error v
 18     1024  1.0000E+00  1.0000E+00  1.0000E+00  error v
 18     1024  1.0000E+00  1.0000E+00  1.0000E+00  error v
 18     1024  1.0000E+00  1.0000E+00  1.0000E+00  error v
 18     1024  1.0000E+00  1.0000E+00  1.0000E+00  error v
 18     1024  1.0000E+00  1.0000E+00  1.0000E+00  error v
 18     1024  1.0000E+00  1.0000E+00  1.0000E+00  error v
 18     1024  1.0000E+00  1.0000E+00  1.0000E+00  error v
 18     1024  1.0000E+00  1.0000E+00  1.0000E+00  error v
 18     1024  1.0000E+00  1.0000E+00  1.0000E+00  error v
 18     1024  1.0000E+00  1.0000E+00  1.0000E+00  error v
 18     1024  1.0000E+00  1.0000E+00  1.0000E+00  error v
 18     1024  1.0000E+00  1.0000E+00  1.0000E+00  error v
 18     1024  1.0000E+00  1.0000E+00  1.0000E+00  error v
 18     1024  1.0000E+00  1.0000E+00  1.0000E+00  error v
 18     1024  1.0000E+00  1.0000E+00  1.0000E+00  error v
 18     1024  1.0000E+00  1.0000E+00  1.0000E+00  error v
 18     1024  1.0000E+00  1.0000E+00  1.0000E+00  error v
 18     1024  1.0000E+00  1.0000E+00  1.0000E+00  error v
 18     1024  1.0000E+00  1.0000E+00  1.0000E+00  error v
 18     1024  1.0000E+00  1.0000E+00  1.0000E+00  error v
 18     1024  1.0000E+00  1.0000E+00  1.0000E+00  error v
 18     1024  1.0000E+00  1.0000E+00  1.0000E+00  error v
 18     1024  1.0000E+00  1.0000E+00  1.0000E+00  error v
 18     1024  1.0000E+00  1.0000E+00  1.0000E+00  error v
 18     1024  1.0000E+00  1.0000E+00  1.0000E+00  error v
 18     1024  1.0000E+00  1.0000E+00  1.0000E+00  error v
 18     1024  1.0000E+00  1.0000E+00  1.0000E+00  error v
 18     1024  1.0000E+00  1.0000E+00  1.0000E+00  error v
 18     1024  1.0000E+00  1.0000E+00  1.0000E+00  error v
 18     1024  1.0000E+00  1.0000E+00  1.0000E+00  error v
 18     1024  1.0000E+00  1.0000E+00  1.0000E+00  error v
 18     1024  1.0000E+00  1.0000E+00  1.0000E+00  error v
 18     1024  1.0000E+00  1.0000E+00  1.0000E+00  error v
 18     1024  1.0000E+00  1.0000E+00  1.0000E+00  error v
 18     1024  1.0000E+00  1.0000E+00  1.0000E+00  error v
 18     1024  1.0000E+00  1.0000E+00  1.0000E+00  error v
 18     1024  1.0000E+00  1.0000E+00  1.0000E+00  error v
 18     1024  1.0000E+00  1.0000E+00  1.0000E+00  error v
 18     1024  1.0000E+00  1.0000E+00  1.0000E+00  error v
 18     1024  1.0000E+00  1.0000E+00  1.0000E+00  error v
 18     1024  1.0000E+00  1.0000E+00  1.0000E+00  error v
 18     1024  1.0000E+00  1.0000E+00  1.0000E+00  error v
 18     1024  1.0000E+00  1.0000E+00  1.0000E+00  error v
 18     1024  1.0000E+00  1.0000E+00  1.0000E+00  error v
 18     1024  1.0000E+00  1.0000E+00  1.0000E+00  error v
 18     1024  1.0000E+00  1.0000E+00  1.0000E+00  error v
 18     1024  1.0000E+00  1.0000E+00  1.0000E+00  error v
 18     1024  1.0000E+00  1.0000E+00  1.0000E+00  error v
 18     1024  1.0000E+00  1.0000E+00  1.0000E+00  error v
 18     1024  1.0000E+00  1.0000E+00  1.0000E+00  error v
 18     1024  1.0000E+00  1.0000E+00  1.0000E+00  error v
 18     1024  1.0000E+00  1.0000E+00  1.0000E+00  error v
 18     1024  1.0000E+00  1.0000E+00  1.0000E+00  error v
 18     1024  1.0000E+00  1.0000E+00  1.0000E+00  error v
 18     1024  1.0000E+00  1.0000E+00  1.0000E+00  error v
 18     1024  1.0000E+00  1.0000E+00  1.0000E+00  error v
 18     1024  1.0000E+00  1.0000E+00  1.0000E+00  error v
 18     1024  1.0000E+00  1.0000E+00  1.0000E+00  error v
 18     1024  1.0000E+00  1.0000E+00  1.0000E+00  error v
 18     1024  1.0000E+00  1.0000E+00  1.0000E+00  error v
 18     1024  1.0000E+00  1.0000E+00  1.0000E+00  error v
 18     1024  1.0000E+00  1.0000E+00  1.0000E+00  error v
 18     1024  1.0000E+00  1.0000E+00  1.0000E+00  error v
 18     1024  1.0000E+00  1.0000E+00  1.0000E+00  error v
 18     1024  1.0000E+00  1.0000E+00  1.0000E+00  error v
 18     1024  1.0000E+00  1.0000E+00  1.0000E+00  error v
 18     1024  1.0000E+00  1.0000E+00  1.0000E+00  error v
 18     1024  1.0000E+00  1.0000E+00  1.0000E+00  error v
 18     1024  1.0000E+00  1.0000E+00  1.0000E+00  error v
 18     1024  1.0000E+00  1.0000E+00  1.0000E+00  error v
 18     1024  1.0000E+00  1.0000E+00  1.0000E+00  error v
 18     1024  1.0000E+00  1.0000E+00  1.0000E+00  error v
 18     1024  1.0000E+00  1.0000E+00  1.0000E+00  error v
 18     1024  1.0000E+00  1.0000E+00  1.0000E+00  error v
 18     1024  1.0000E+00  1.0000E+00  1.0000E+00  error v
 18     1024  1.0000E+00  1.0000E+00  1.0000E+00  error v
 18     1024  1.0000E+00  1.0000E+00  1.0000E+00  error v
 18     1024  1.0000E+00  1.0000E+00  1.0000E+00  error v
 18     1024  1.0000E+00  1.0000E+00  1.0000E+00  error v
 18     1024  1.0000E+00  1.0000E+00  1.0000E+00  error v
 18     1024  1.0000E+00  1.0000E+00  1.0000E+00  error v
 18     1024  1.0000E+00  1.0000E+00  1.0000E+00  error v
 18     1024  1.0000E+00  1.0000E+00  1.0000E+00  error v
 18     1024  1.0000E+00  1.0000E+00  1.0000E+00  error v
 18     1024  1.0000E+00  1.0000E+00  1.0000E+00  error v
 18     1024  1.0000E+00  1.0000E+00  1.0000E+00  error v
 18     1024  1.0000E+00  1.0000E+00  1.0000E+00  error v
 18     1024  1.0000E+00  1.0000E+00  1.0000E+00  error v
 18     1024  1.0000E+00  1.0000E+00  1.0000E+00  error v
 18     1024  1.0000E+00  1.0000E+00  1.0000E+00  error v
 18     1024  1.0000E+00  1.0000E+00  1.0000E+00  error v
 18     1024  1.0000E+00  1.0000E+00  1.0000E+00  error v
 18     1024  1.0000E+00  1.0000E+00  1.0000E+00  error v
 18     1024  1.0000E+00  1.0000E+00  1.0000E+00  error v
 18     1024  1.0000E+00  1.0000E+00  1.0000E+00  error v
 18     1024  1.0000E+00  1.0000E+00  1.0000E+00  error v
 18     1024  1.0000E+00  1.0000E+00  1.0000E+00  error v
 18     1024  1.0000E+00  1.0000E+00  1.0000E+00  error v
 18     1024  1.0000E+00  1.0000E+00  1.0000E+00  error v
 18     1024  1.0000E+00  1.0000E+00  1.0000E+00  error v
 18     1024  1.0000E+00  1.0000E+00  1.0000E+00  error v
 18     1024  1.0000E+00  1.0000E+00  1.0000E+00  error v
 18     1024  1.0000E+00  1.0000E+00  1.0000E+00  error v
 18     1024  1.0000E+00  1.0000E+00  1.0000E+00  error v
 18     1024  1.0000E+00  1.0000E+00  1.0000E+00  error v
 18     1024  1.0000E+00  1.0000E+00  1.0000E+00  error v
 18     1024  1.0000E+00  1.0000E+00  1.0000E+00  error v
 18     1024  1.0000E+00  1.0000E+00  1.0000E+00  error v
 18     1024  1.0000E+00  1.0000E+00  1.0000E+00  error v
 18     1024  1.0000E+00  1.0000E+00  1.0000E+00  error v
 18     1024  1.0000E+00  1.0000E+00  1.0000E+00  error v
 18     1024  1.0000E+00  1.0000E+00  1.0000E+00  error v
 18     1024  1.0000E+00  1.0000E+00  1.0000E+00  error v
 18     1024  1.0000E+00  1.0000E+00  1.0000E+00  error v
 18     1024  1.0000E+00  1.0000E+00  1.0000E+00  error v
 18     1024  1.0000E+00  1.0000E+00  1.0000E+00  error v
 18     1024  1.0000E+00  1.0000E+00  1.0000E+00  error v
 18     1024  1.0000E+00  1.0000E+00  1.0000E+00  error v
 18     1024  1.0000E+00  1.0000E+00  1.0000E+00  error v
 18     1024  1.0000E+00  1.0000E+00  1.0000E+00  error v
 18     1024  1.0000E+00  1.0000E+00  1.0000E+00  error v
 18     1024  1.0000E+00  1.0000E+00  1.0000E+00  error v
 18     1024  1.0000E+00  1.0000E+00  1.0000E+00  error v
 18     1024  1.0000E+00  1.0000E+00  1.0000E+00  error v
 18     1024  1.0000E+00  1.0000E+00  1.0000E+00  error v
 18     1024  1.0000E+00  1.0000E+00  1.0000E+00  error v
 18     1024  1.0000E+00  1.0000E+00  1.0000E+00  error v
 18     1024  1.0000E+00  1.0000E+00  1.0000E+00  error v
 18     1024  1.0000E+00  1.0000E+00  1.0000E+00  error v
 18     1024  1.0000E+00  1.0000E+00  1.0000E+00  error v
 18     1024  1.0000E+00  1.0000E+00  1.0000E+00  error v
 18     1024  1.0000E+00  1.0000E+00  1.0000E+00  error v
 18     1024  1.0000E+00  1.0000E+00  1.0000E+00  error v
 18     1024  1.0000E+00  1.0000E+00  1.0000E+00  error v
 18     1024  1.0000E+00  1.0000E+00  1.0000E+00  error v
 18     1024  1.0000E+00  1.0000E+00  1.0000E+00  error v
 18     1024  1.0000E+00  1.0000E+00  1.0000E+00  error v
 18     1024  1.0000E+00  1.0000E+00  1.0000E+00  error v
 18     1024  1.0000E+00  1.0000E+00  1.0000E+00  error v
 18     1024  1.0000E+00  1.0000E+00  1.0000E+00  error v
 18     1024  1.0000E+00  1.0000E+00  1.0000E+00  error v
 18     1024  1.0000E+00  1.0000E+00  1.0000E+00  error v
 18     1024  1.0000E+00  1.0000E+00  1.0000E+00  error v
 18     1024  1.0000E+00  1.0000E+00  1.0000E+00  error v
 18     1024  1.0000E+00  1.0000E+00  1.0000E+00  error v
 18     1024  1.0000E+00  1.0000E+00  1.0000E+00  error v
 18     1024  1.0000E+00  1.0000E+00  1.0000E+00  error v
 18     1024  1.0000E+00  1.0000E+00  1.0000E+00  error v
 18     1024  1.0000E+00  1.0000E+00  1.0000E+00  error v
 18     1024  1.0000E+00  1.0000E+00  1.0000E+00  error v
 18     1024  1.0000E+00  1.0000E+00  1.0000E+00  error v
 18     1024  1.0000E+00  1.0000E+00  1.0000E+00  error v
 18     1024  1.0000E+00  1.0000E+00  1.0000E+00  error v
 18     1024  1.0000E+00  1.0000E+00  1.0000E+00  error v
 18     1024  1.0000E+00  1.0000E+00  1.0000E+00  error v
 18     1024  1.0000E+00  1.0000E+00  1.0000E+00  error v
 18     1024  1.0000E+00  1.0000E+00  1.0000E+00  error v
 18     1024  1.0000E+00  1.0000E+00  1.0000E+00  error v
 18     1024  1.0000E+00  1.0000E+00  1.0000E+00  error v
 18     1024  1.0000E+00  1.0000E+00  1.0000E+00  error v
 18     1024  1.0000E+00  1.0000E+00  1.0000E+00  error v
 18     1024  1.0000E+00  1.0000E+00  1.0000E+00  error v
 18     1024  1.0000E+00  1.0000E+00  1.0000E+00  error v
 18     1024  1.0000E+00  1.0000E+00  1.0000E+00  error v
 18     1024  1.0000E+00  1.0000E+00  1.0000E+00  error v
 18     1024  1.0000E+00  1.0000E+00  1.0000E+00  error v
 18     1024  1.0000E+00  1.0000E+00  1.0000E+00  error v
 18     1024  1.0000E+00  1.0000E+00  1.0000E+00  error v
 18     1024  1.0000E+00  1.0000E+00  1.0000E+00  error v
 18     1024  1.0000E+00  1.0000E+00  1.0000E+00  error v
 18     1024  1.0000E+00  1.0000E+00  1.0000E+00  error v
 18     1024  1.0000E+00  1.0000E+00  1.0000E+00  error v
 18     1024  1.0000E+00  1.0000E+00  1.0000E+00  error v
 18     1024  1.0000E+00  1.0000E+00  1.0000E+00  error v
 18     1024  1.0000E+00  1.0000E+00  1.0000E+00  error v
 18     1024  1.0000E+00  1.0000E+00  1.0000E+00  error v
 18     1024  1.0000E+00  1.0000E+00  1.0000E+00  error v
 18     1024  1.0000E+00  1.0000E+00  1.0000E+00  error v
 18     1024  1.0000E+00  1.0000E+00  1.0000E+00  error v
 18     1024  1.0000E+00  1.0000E+00  1.0000E+00  error v
 18     1024  1.0000E+00  1.0000E+00  1.0000E+00  error v
 18     1024  1.0000E+00  1.0000E+00  1.0000E+00  error v
 18     1024  1.0000E+00  1.0000E+00  1.0000E+00  error v
 18     1024  1.0000E+00  1.0000E+00  1.0000E+00  error v
 18     1024  1.0000E+00  1.0000E+00  1.0000E+00  error v
 18     1024  1.0000E+00  1.0000E+00  1.0000E+00  error v
 18     1024  1.0000E+00  1.0000E+00  1.0000E+00  error v
 18     1024  1.0000E+00  1.0000E+00  1.0000E+00  error v
 18     1024  1.0000E+00  1.0000E+00  1.0000E+00  error v
 18     1024  1.0000E+00  1.0000E+00  1.0000E+00  error v
 18     1024  1.0000E+00  1.0000E+00  1.0000E+00  error v
 18     1024  1.0000E+00  1.0000E+00  1.0000E+00  error v
 18     1024  1.0000E+00  1.0000E+00  1.0000E+00  error v
 18     1024  1.0000E+00  1.0000E+00  1.0000E+00  error v
 18     1024  1.0000E+00  1.0000E+00  1.0000E+00  error v
 18     1024  1.0000E+00  1.0000E+00  1.0000E+00  error v
 18     1024  1.0000E+00  1.0000E+00  1.0000E+00  error v
 18     1024  1.0000E+00  1.0000E+00  1.0000E+00  error v
 18     1024  1.0000E+00  1.0000E+00  1.0000E+00  error v
 18     1024  1.0000E+00  1.0000E+00  1.0000E+00  error v
 18     1024  1.0000E+00  1.0000E+00  1.0000E+00  error v
 18     1024  1.0000E+00  1.0000E+00  1.0000E+00  error v
 18     1024  1.0000E+00  1.0000E+00  1.0000E+00  error v
 18     1024  1.0000E+00  1.0000E+00  1.0000E+00  error v
 18     1024  1.0000E+00  1.0000E+00  1.0000E+00  error v
 18     1024  1.0000E+00  1.0000E+00  1.0000E+00  error v
 18     1024  1.0000E+00  1.0000E+00  1.0000E+00  error v
 18     1024  1.0000E+00  1.0000E+00  1.0000E+00  error v
 18     1024  1.0000E+00  1.0000E+00  1.0000E+00  error v
 18     1024  1.0000E+00  1.0000E+00  1.0000E+00  error v
 18     1024  1.0000E+00  1.0000E+00  1.0000E+00  error v
 
nelt =       4, np =       256, nx1 =      18, elements =      1024
Solve Time =   0.5392E-09
 
nelt =       4, np =       256, nx1 =      18, elements =      1024
Solve Time =   0.5387E-09
 
nelt =       4, np =       256, nx1 =      18, elements =      1024
Solve Time =   0.5378E-09
 
nelt =       4, np =       256, nx1 =      18, elements =      1024
Solve Time =   0.5392E-09
 
nelt =       4, np =       256, nx1 =      18, elements =      1024
Solve Time =   0.5346E-09
 
nelt =       4, np =       256, nx1 =      18, elements =      1024
Solve Time =   0.5365E-09
 
nelt =       4, np =       256, nx1 =      18, elements =      1024
Solve Time =   0.5385E-09
 
nelt =       4, np =       256, nx1 =      18, elements =      1024
Solve Time =   0.5343E-09
 
nelt =       4, np =       256, nx1 =      18, elements =      1024
Solve Time =   0.5339E-09
 
nelt =       4, np =       256, nx1 =      18, elements =      1024
Solve Time =   0.5345E-09
 18     1024  5.1879E-04  5.1879E-04  5.1879E-04  error s
 18     1024  5.1879E-04  5.1879E-04  5.1879E-04  error s
 18     1024  5.1879E-04  5.1879E-04  5.1879E-04  error s
 18     1024  5.1879E-04  5.1879E-04  5.1879E-04  error s
 18     1024  5.1879E-04  5.1879E-04  5.1879E-04  error s
 18     1024  5.1879E-04  5.1879E-04  5.1879E-04  error s
 18     1024  5.1879E-04  5.1879E-04  5.1879E-04  error s
 18     1024  5.1879E-04  5.1879E-04  5.1879E-04  error s
 18     1024  5.1879E-04  5.1879E-04  5.1879E-04  error s
 18     1024  5.1879E-04  5.1879E-04  5.1879E-04  error s
 18     1024  5.1879E-04  5.1879E-04  5.1879E-04  error s
 18     1024  5.1879E-04  5.1879E-04  5.1879E-04  error s
 18     1024  5.1879E-04  5.1879E-04  5.1879E-04  error s
 18     1024  5.1879E-04  5.1879E-04  5.1879E-04  error s
 18     1024  5.1879E-04  5.1879E-04  5.1879E-04  error s
 18     1024  5.1879E-04  5.1879E-04  5.1879E-04  error s
 18     1024  5.1879E-04  5.1879E-04  5.1879E-04  error s
 18     1024  5.1879E-04  5.1879E-04  5.1879E-04  error s
 18     1024  5.1879E-04  5.1879E-04  5.1879E-04  error s
 18     1024  5.1879E-04  5.1879E-04  5.1879E-04  error s
 18     1024  5.1879E-04  5.1879E-04  5.1879E-04  error s
 18     1024  5.1879E-04  5.1879E-04  5.1879E-04  error s
 18     1024  5.1879E-04  5.1879E-04  5.1879E-04  error s
 18     1024  5.1879E-04  5.1879E-04  5.1879E-04  error s
 18     1024  5.1879E-04  5.1879E-04  5.1879E-04  error s
 18     1024  5.1879E-04  5.1879E-04  5.1879E-04  error s
 18     1024  5.1879E-04  5.1879E-04  5.1879E-04  error s
 18     1024  5.1879E-04  5.1879E-04  5.1879E-04  error s
 18     1024  5.1879E-04  5.1879E-04  5.1879E-04  error s
 18     1024  5.1879E-04  5.1879E-04  5.1879E-04  error s
 18     1024  5.1879E-04  5.1879E-04  5.1879E-04  error s
 18     1024  5.1879E-04  5.1879E-04  5.1879E-04  error s
 18     1024  5.1879E-04  5.1879E-04  5.1879E-04  error s
 18     1024  5.1879E-04  5.1879E-04  5.1879E-04  error s
 18     1024  5.1879E-04  5.1879E-04  5.1879E-04  error s
 18     1024  5.1879E-04  5.1879E-04  5.1879E-04  error s
 18     1024  5.1879E-04  5.1879E-04  5.1879E-04  error s
 18     1024  5.1879E-04  5.1879E-04  5.1879E-04  error s
 18     1024  5.1879E-04  5.1879E-04  5.1879E-04  error s
 18     1024  5.1879E-04  5.1879E-04  5.1879E-04  error s
 18     1024  5.1879E-04  5.1879E-04  5.1879E-04  error s
 18     1024  5.1879E-04  5.1879E-04  5.1879E-04  error s
 18     1024  5.1879E-04  5.1879E-04  5.1879E-04  error s
 18     1024  5.1879E-04  5.1879E-04  5.1879E-04  error s
 18     1024  5.1879E-04  5.1879E-04  5.1879E-04  error s
 18     1024  5.1879E-04  5.1879E-04  5.1879E-04  error s
 18     1024  5.1879E-04  5.1879E-04  5.1879E-04  error s
 18     1024  5.1879E-04  5.1879E-04  5.1879E-04  error s
 18     1024  5.1879E-04  5.1879E-04  5.1879E-04  error s
 18     1024  5.1879E-04  5.1879E-04  5.1879E-04  error s
 18     1024  5.1879E-04  5.1879E-04  5.1879E-04  error s
 18     1024  5.1879E-04  5.1879E-04  5.1879E-04  error s
 18     1024  5.1879E-04  5.1879E-04  5.1879E-04  error s
 18     1024  5.1879E-04  5.1879E-04  5.1879E-04  error s
 18     1024  5.1879E-04  5.1879E-04  5.1879E-04  error s
 18     1024  5.1879E-04  5.1879E-04  5.1879E-04  error s
 18     1024  5.1879E-04  5.1879E-04  5.1879E-04  error s
 18     1024  5.1879E-04  5.1879E-04  5.1879E-04  error s
 18     1024  5.1879E-04  5.1879E-04  5.1879E-04  error s
 18     1024  5.1879E-04  5.1879E-04  5.1879E-04  error s
 18     1024  5.1879E-04  5.1879E-04  5.1879E-04  error s
 18     1024  5.1879E-04  5.1879E-04  5.1879E-04  error s
 18     1024  5.1879E-04  5.1879E-04  5.1879E-04  error s
 18     1024  5.1879E-04  5.1879E-04  5.1879E-04  error s
 18     1024  5.1879E-04  5.1879E-04  5.1879E-04  error s
 18     1024  5.1879E-04  5.1879E-04  5.1879E-04  error s
 18     1024  5.1879E-04  5.1879E-04  5.1879E-04  error s
 18     1024  5.1879E-04  5.1879E-04  5.1879E-04  error s
 18     1024  5.1879E-04  5.1879E-04  5.1879E-04  error s
 18     1024  5.1879E-04  5.1879E-04  5.1879E-04  error s
 18     1024  5.1879E-04  5.1879E-04  5.1879E-04  error s
 18     1024  5.1879E-04  5.1879E-04  5.1879E-04  error s
 18     1024  5.1879E-04  5.1879E-04  5.1879E-04  error s
 18     1024  5.1879E-04  5.1879E-04  5.1879E-04  error s
 18     1024  5.1879E-04  5.1879E-04  5.1879E-04  error s
 18     1024  5.1879E-04  5.1879E-04  5.1879E-04  error s
 18     1024  5.1879E-04  5.1879E-04  5.1879E-04  error s
 18     1024  5.1879E-04  5.1879E-04  5.1879E-04  error s
 18     1024  5.1879E-04  5.1879E-04  5.1879E-04  error s
 18     1024  5.1879E-04  5.1879E-04  5.1879E-04  error s
 18     1024  5.1879E-04  5.1879E-04  5.1879E-04  error s
 18     1024  5.1879E-04  5.1879E-04  5.1879E-04  error s
 18     1024  5.1879E-04  5.1879E-04  5.1879E-04  error s
 18     1024  5.1879E-04  5.1879E-04  5.1879E-04  error s
 18     1024  5.1879E-04  5.1879E-04  5.1879E-04  error s
 18     1024  5.1879E-04  5.1879E-04  5.1879E-04  error s
 18     1024  5.1879E-04  5.1879E-04  5.1879E-04  error s
 18     1024  5.1879E-04  5.1879E-04  5.1879E-04  error s
 18     1024  5.1879E-04  5.1879E-04  5.1879E-04  error s
 18     1024  5.1879E-04  5.1879E-04  5.1879E-04  error s
 18     1024  5.1879E-04  5.1879E-04  5.1879E-04  error s
 18     1024  5.1879E-04  5.1879E-04  5.1879E-04  error s
 18     1024  5.1879E-04  5.1879E-04  5.1879E-04  error s
 18     1024  5.1879E-04  5.1879E-04  5.1879E-04  error s
 18     1024  5.1879E-04  5.1879E-04  5.1879E-04  error s
 18     1024  5.1879E-04  5.1879E-04  5.1879E-04  error s
 18     1024  5.1879E-04  5.1879E-04  5.1879E-04  error s
 18     1024  5.1879E-04  5.1879E-04  5.1879E-04  error s
 18     1024  5.1879E-04  5.1879E-04  5.1879E-04  error s
 18     1024  5.1879E-04  5.1879E-04  5.1879E-04  error s
 18     1024  5.1879E-04  5.1879E-04  5.1879E-04  error s
 18     1024  5.1879E-04  5.1879E-04  5.1879E-04  error s
 18     1024  5.1879E-04  5.1879E-04  5.1879E-04  error s
 18     1024  5.1879E-04  5.1879E-04  5.1879E-04  error s
 18     1024  5.1879E-04  5.1879E-04  5.1879E-04  error s
 18     1024  5.1879E-04  5.1879E-04  5.1879E-04  error s
 18     1024  5.1879E-04  5.1879E-04  5.1879E-04  error s
 18     1024  5.1879E-04  5.1879E-04  5.1879E-04  error s
 18     1024  5.1879E-04  5.1879E-04  5.1879E-04  error s
 18     1024  5.1879E-04  5.1879E-04  5.1879E-04  error s
 18     1024  5.1879E-04  5.1879E-04  5.1879E-04  error s
 18     1024  5.1879E-04  5.1879E-04  5.1879E-04  error s
 18     1024  5.1879E-04  5.1879E-04  5.1879E-04  error s
 18     1024  5.1879E-04  5.1879E-04  5.1879E-04  error s
 18     1024  5.1879E-04  5.1879E-04  5.1879E-04  error s
 18     1024  5.1879E-04  5.1879E-04  5.1879E-04  error s
 18     1024  5.1879E-04  5.1879E-04  5.1879E-04  error s
 18     1024  5.1879E-04  5.1879E-04  5.1879E-04  error s
 18     1024  5.1879E-04  5.1879E-04  5.1879E-04  error s
 18     1024  5.1879E-04  5.1879E-04  5.1879E-04  error s
 18     1024  5.1879E-04  5.1879E-04  5.1879E-04  error s
 18     1024  5.1879E-04  5.1879E-04  5.1879E-04  error s
 18     1024  5.1879E-04  5.1879E-04  5.1879E-04  error s
 18     1024  5.1879E-04  5.1879E-04  5.1879E-04  error s
 18     1024  5.1879E-04  5.1879E-04  5.1879E-04  error s
 18     1024  5.1879E-04  5.1879E-04  5.1879E-04  error s
 18     1024  5.1879E-04  5.1879E-04  5.1879E-04  error s
 18     1024  5.1879E-04  5.1879E-04  5.1879E-04  error s
 18     1024  5.1879E-04  5.1879E-04  5.1879E-04  error s
 18     1024  5.1879E-04  5.1879E-04  5.1879E-04  error s
 18     1024  5.1879E-04  5.1879E-04  5.1879E-04  error s
 18     1024  5.1879E-04  5.1879E-04  5.1879E-04  error s
 18     1024  5.1879E-04  5.1879E-04  5.1879E-04  error s
 18     1024  5.1879E-04  5.1879E-04  5.1879E-04  error s
 18     1024  5.1879E-04  5.1879E-04  5.1879E-04  error s
 18     1024  5.1879E-04  5.1879E-04  5.1879E-04  error s
 18     1024  5.1879E-04  5.1879E-04  5.1879E-04  error s
 18     1024  5.1879E-04  5.1879E-04  5.1879E-04  error s
 18     1024  5.1879E-04  5.1879E-04  5.1879E-04  error s
 18     1024  5.1879E-04  5.1879E-04  5.1879E-04  error s
 18     1024  5.1879E-04  5.1879E-04  5.1879E-04  error s
 18     1024  5.1879E-04  5.1879E-04  5.1879E-04  error s
 18     1024  5.1879E-04  5.1879E-04  5.1879E-04  error s
 18     1024  5.1879E-04  5.1879E-04  5.1879E-04  error s
 18     1024  5.1879E-04  5.1879E-04  5.1879E-04  error s
 18     1024  5.1879E-04  5.1879E-04  5.1879E-04  error s
 18     1024  5.1879E-04  5.1879E-04  5.1879E-04  error s
 18     1024  5.1879E-04  5.1879E-04  5.1879E-04  error s
 18     1024  5.1879E-04  5.1879E-04  5.1879E-04  error s
 18     1024  5.1879E-04  5.1879E-04  5.1879E-04  error s
 18     1024  5.1879E-04  5.1879E-04  5.1879E-04  error s
 18     1024  5.1879E-04  5.1879E-04  5.1879E-04  error s
 18     1024  5.1879E-04  5.1879E-04  5.1879E-04  error s
 18     1024  5.1879E-04  5.1879E-04  5.1879E-04  error s
 18     1024  5.1879E-04  5.1879E-04  5.1879E-04  error s
 18     1024  5.1879E-04  5.1879E-04  5.1879E-04  error s
 18     1024  5.1879E-04  5.1879E-04  5.1879E-04  error s
 18     1024  5.1879E-04  5.1879E-04  5.1879E-04  error s
 18     1024  5.1879E-04  5.1879E-04  5.1879E-04  error s
 18     1024  5.1879E-04  5.1879E-04  5.1879E-04  error s
 18     1024  5.1879E-04  5.1879E-04  5.1879E-04  error s
 18     1024  5.1879E-04  5.1879E-04  5.1879E-04  error s
 18     1024  5.1879E-04  5.1879E-04  5.1879E-04  error s
 18     1024  5.1879E-04  5.1879E-04  5.1879E-04  error s
 18     1024  5.1879E-04  5.1879E-04  5.1879E-04  error s
 18     1024  5.1879E-04  5.1879E-04  5.1879E-04  error s
 18     1024  5.1879E-04  5.1879E-04  5.1879E-04  error s
 18     1024  5.1879E-04  5.1879E-04  5.1879E-04  error s
 18     1024  5.1879E-04  5.1879E-04  5.1879E-04  error s
 18     1024  5.1879E-04  5.1879E-04  5.1879E-04  error s
 18     1024  5.1879E-04  5.1879E-04  5.1879E-04  error s
 18     1024  5.1879E-04  5.1879E-04  5.1879E-04  error s
 18     1024  5.1879E-04  5.1879E-04  5.1879E-04  error s
 18     1024  5.1879E-04  5.1879E-04  5.1879E-04  error s
 18     1024  5.1879E-04  5.1879E-04  5.1879E-04  error s
 18     1024  5.1879E-04  5.1879E-04  5.1879E-04  error s
 18     1024  5.1879E-04  5.1879E-04  5.1879E-04  error s
 18     1024  5.1879E-04  5.1879E-04  5.1879E-04  error s
 18     1024  5.1879E-04  5.1879E-04  5.1879E-04  error s
 18     1024  5.1879E-04  5.1879E-04  5.1879E-04  error s
 18     1024  5.1879E-04  5.1879E-04  5.1879E-04  error s
 18     1024  5.1879E-04  5.1879E-04  5.1879E-04  error s
 18     1024  5.1879E-04  5.1879E-04  5.1879E-04  error s
 18     1024  5.1879E-04  5.1879E-04  5.1879E-04  error s
 18     1024  5.1879E-04  5.1879E-04  5.1879E-04  error s
 18     1024  5.1879E-04  5.1879E-04  5.1879E-04  error s
 18     1024  5.1879E-04  5.1879E-04  5.1879E-04  error s
 18     1024  5.1879E-04  5.1879E-04  5.1879E-04  error s
 18     1024  5.1879E-04  5.1879E-04  5.1879E-04  error s
 18     1024  5.1879E-04  5.1879E-04  5.1879E-04  error s
 18     1024  5.1879E-04  5.1879E-04  5.1879E-04  error s
 18     1024  5.1879E-04  5.1879E-04  5.1879E-04  error s
 18     1024  5.1879E-04  5.1879E-04  5.1879E-04  error s
 18     1024  5.1879E-04  5.1879E-04  5.1879E-04  error s
 18     1024  5.1879E-04  5.1879E-04  5.1879E-04  error s
 18     1024  5.1879E-04  5.1879E-04  5.1879E-04  error s
 18     1024  5.1879E-04  5.1879E-04  5.1879E-04  error s
 18     1024  5.1879E-04  5.1879E-04  5.1879E-04  error s
 18     1024  5.1879E-04  5.1879E-04  5.1879E-04  error s
 18     1024  5.1879E-04  5.1879E-04  5.1879E-04  error s
 18     1024  5.1879E-04  5.1879E-04  5.1879E-04  error s
 18     1024  5.1879E-04  5.1879E-04  5.1879E-04  error s
 18     1024  5.1879E-04  5.1879E-04  5.1879E-04  error s
 18     1024  5.1879E-04  5.1879E-04  5.1879E-04  error s
 18     1024  5.1879E-04  5.1879E-04  5.1879E-04  error s
 18     1024  5.1879E-04  5.1879E-04  5.1879E-04  error s
 18     1024  5.1879E-04  5.1879E-04  5.1879E-04  error s
 18     1024  5.1879E-04  5.1879E-04  5.1879E-04  error s
 18     1024  5.1879E-04  5.1879E-04  5.1879E-04  error s
 18     1024  5.1879E-04  5.1879E-04  5.1879E-04  error s
 18     1024  5.1879E-04  5.1879E-04  5.1879E-04  error s
 18     1024  5.1879E-04  5.1879E-04  5.1879E-04  error s
 18     1024  5.1879E-04  5.1879E-04  5.1879E-04  error s
 18     1024  5.1879E-04  5.1879E-04  5.1879E-04  error s
 18     1024  5.1879E-04  5.1879E-04  5.1879E-04  error s
 18     1024  5.1879E-04  5.1879E-04  5.1879E-04  error s
 18     1024  5.1879E-04  5.1879E-04  5.1879E-04  error s
 18     1024  5.1879E-04  5.1879E-04  5.1879E-04  error s
 18     1024  5.1879E-04  5.1879E-04  5.1879E-04  error s
 18     1024  5.1879E-04  5.1879E-04  5.1879E-04  error s
 18     1024  5.1879E-04  5.1879E-04  5.1879E-04  error s
 18     1024  5.1879E-04  5.1879E-04  5.1879E-04  error s
 18     1024  5.1879E-04  5.1879E-04  5.1879E-04  error s
 18     1024  5.1879E-04  5.1879E-04  5.1879E-04  error s
 18     1024  5.1879E-04  5.1879E-04  5.1879E-04  error s
 18     1024  5.1879E-04  5.1879E-04  5.1879E-04  error s
 18     1024  5.1879E-04  5.1879E-04  5.1879E-04  error s
 18     1024  5.1879E-04  5.1879E-04  5.1879E-04  error s
 18     1024  5.1879E-04  5.1879E-04  5.1879E-04  error s
 18     1024  5.1879E-04  5.1879E-04  5.1879E-04  error s
 18     1024  5.1879E-04  5.1879E-04  5.1879E-04  error s
 18     1024  5.1879E-04  5.1879E-04  5.1879E-04  error s
 18     1024  5.1879E-04  5.1879E-04  5.1879E-04  error s
 18     1024  5.1879E-04  5.1879E-04  5.1879E-04  error s
 18     1024  5.1879E-04  5.1879E-04  5.1879E-04  error s
 18     1024  5.1879E-04  5.1879E-04  5.1879E-04  error s
 18     1024  5.1879E-04  5.1879E-04  5.1879E-04  error s
 18     1024  5.1879E-04  5.1879E-04  5.1879E-04  error s
 18     1024  5.1879E-04  5.1879E-04  5.1879E-04  error s
 18     1024  5.1879E-04  5.1879E-04  5.1879E-04  error s
 18     1024  5.1879E-04  5.1879E-04  5.1879E-04  error s
 18     1024  5.1879E-04  5.1879E-04  5.1879E-04  error s
 18     1024  5.1879E-04  5.1879E-04  5.1879E-04  error s
 18     1024  5.1879E-04  5.1879E-04  5.1879E-04  error s
 18     1024  5.1879E-04  5.1879E-04  5.1879E-04  error s
 18     1024  5.1879E-04  5.1879E-04  5.1879E-04  error s
 18     1024  5.1879E-04  5.1879E-04  5.1879E-04  error s
 18     1024  5.1879E-04  5.1879E-04  5.1879E-04  error s
 18     1024  5.1879E-04  5.1879E-04  5.1879E-04  error s
 18     1024  5.1879E-04  5.1879E-04  5.1879E-04  error s
 18     1024  5.1879E-04  5.1879E-04  5.1879E-04  error s
 18     1024  5.1879E-04  5.1879E-04  5.1879E-04  error s
 18     1024  5.1879E-04  5.1879E-04  5.1879E-04  error s
 18     1024  5.1879E-04  5.1879E-04  5.1879E-04  error s
 18     1024  5.1879E-04  5.1879E-04  5.1879E-04  error s
 18     1024  5.1879E-04  5.1879E-04  5.1879E-04  error s
 
nelt =       4, np =       256, nx1 =      18, elements =      1024
Solve Time =   0.5581E-09
 
nelt =       4, np =       256, nx1 =      18, elements =      1024
Solve Time =   0.5566E-09
 
nelt =       4, np =       256, nx1 =      18, elements =      1024
Solve Time =   0.5570E-09
 
nelt =       4, np =       256, nx1 =      18, elements =      1024
Solve Time =   0.5549E-09
 
nelt =       4, np =       256, nx1 =      18, elements =      1024
Solve Time =   0.5546E-09
 
nelt =       4, np =       256, nx1 =      18, elements =      1024
Solve Time =   0.5572E-09
 
nelt =       4, np =       256, nx1 =      18, elements =      1024
Solve Time =   0.5547E-09
 
nelt =       4, np =       256, nx1 =      18, elements =      1024
Solve Time =   0.5542E-09
 
nelt =       4, np =       256, nx1 =      18, elements =      1024
Solve Time =   0.5546E-09
 
nelt =       4, np =       256, nx1 =      18, elements =      1024
Solve Time =   0.5544E-09
 18     1024  5.1786E-04  5.1786E-04  5.1786E-04  error n
 18     1024  5.1786E-04  5.1786E-04  5.1786E-04  error n
 18     1024  5.1786E-04  5.1786E-04  5.1786E-04  error n
 18     1024  5.1786E-04  5.1786E-04  5.1786E-04  error n
 18     1024  5.1786E-04  5.1786E-04  5.1786E-04  error n
 18     1024  5.1786E-04  5.1786E-04  5.1786E-04  error n
 18     1024  5.1786E-04  5.1786E-04  5.1786E-04  error n
 18     1024  5.1786E-04  5.1786E-04  5.1786E-04  error n
 18     1024  5.1786E-04  5.1786E-04  5.1786E-04  error n
 18     1024  5.1786E-04  5.1786E-04  5.1786E-04  error n
 18     1024  5.1786E-04  5.1786E-04  5.1786E-04  error n
 18     1024  5.1786E-04  5.1786E-04  5.1786E-04  error n
 18     1024  5.1786E-04  5.1786E-04  5.1786E-04  error n
 18     1024  5.1786E-04  5.1786E-04  5.1786E-04  error n
 18     1024  5.1786E-04  5.1786E-04  5.1786E-04  error n
 18     1024  5.1786E-04  5.1786E-04  5.1786E-04  error n
 18     1024  5.1786E-04  5.1786E-04  5.1786E-04  error n
 18     1024  5.1786E-04  5.1786E-04  5.1786E-04  error n
 18     1024  5.1786E-04  5.1786E-04  5.1786E-04  error n
 18     1024  5.1786E-04  5.1786E-04  5.1786E-04  error n
 18     1024  5.1786E-04  5.1786E-04  5.1786E-04  error n
 18     1024  5.1786E-04  5.1786E-04  5.1786E-04  error n
 18     1024  5.1786E-04  5.1786E-04  5.1786E-04  error n
 18     1024  5.1786E-04  5.1786E-04  5.1786E-04  error n
 18     1024  5.1786E-04  5.1786E-04  5.1786E-04  error n
 18     1024  5.1786E-04  5.1786E-04  5.1786E-04  error n
 18     1024  5.1786E-04  5.1786E-04  5.1786E-04  error n
 18     1024  5.1786E-04  5.1786E-04  5.1786E-04  error n
 18     1024  5.1786E-04  5.1786E-04  5.1786E-04  error n
 18     1024  5.1786E-04  5.1786E-04  5.1786E-04  error n
 18     1024  5.1786E-04  5.1786E-04  5.1786E-04  error n
 18     1024  5.1786E-04  5.1786E-04  5.1786E-04  error n
 18     1024  5.1786E-04  5.1786E-04  5.1786E-04  error n
 18     1024  5.1786E-04  5.1786E-04  5.1786E-04  error n
 18     1024  5.1786E-04  5.1786E-04  5.1786E-04  error n
 18     1024  5.1786E-04  5.1786E-04  5.1786E-04  error n
 18     1024  5.1786E-04  5.1786E-04  5.1786E-04  error n
 18     1024  5.1786E-04  5.1786E-04  5.1786E-04  error n
 18     1024  5.1786E-04  5.1786E-04  5.1786E-04  error n
 18     1024  5.1786E-04  5.1786E-04  5.1786E-04  error n
 18     1024  5.1786E-04  5.1786E-04  5.1786E-04  error n
 18     1024  5.1786E-04  5.1786E-04  5.1786E-04  error n
 18     1024  5.1786E-04  5.1786E-04  5.1786E-04  error n
 18     1024  5.1786E-04  5.1786E-04  5.1786E-04  error n
 18     1024  5.1786E-04  5.1786E-04  5.1786E-04  error n
 18     1024  5.1786E-04  5.1786E-04  5.1786E-04  error n
 18     1024  5.1786E-04  5.1786E-04  5.1786E-04  error n
 18     1024  5.1786E-04  5.1786E-04  5.1786E-04  error n
 18     1024  5.1786E-04  5.1786E-04  5.1786E-04  error n
 18     1024  5.1786E-04  5.1786E-04  5.1786E-04  error n
 18     1024  5.1786E-04  5.1786E-04  5.1786E-04  error n
 18     1024  5.1786E-04  5.1786E-04  5.1786E-04  error n
 18     1024  5.1786E-04  5.1786E-04  5.1786E-04  error n
 18     1024  5.1786E-04  5.1786E-04  5.1786E-04  error n
 18     1024  5.1786E-04  5.1786E-04  5.1786E-04  error n
 18     1024  5.1786E-04  5.1786E-04  5.1786E-04  error n
 18     1024  5.1786E-04  5.1786E-04  5.1786E-04  error n
 18     1024  5.1786E-04  5.1786E-04  5.1786E-04  error n
 18     1024  5.1786E-04  5.1786E-04  5.1786E-04  error n
 18     1024  5.1786E-04  5.1786E-04  5.1786E-04  error n
 18     1024  5.1786E-04  5.1786E-04  5.1786E-04  error n
 18     1024  5.1786E-04  5.1786E-04  5.1786E-04  error n
 18     1024  5.1786E-04  5.1786E-04  5.1786E-04  error n
 18     1024  5.1786E-04  5.1786E-04  5.1786E-04  error n
 18     1024  5.1786E-04  5.1786E-04  5.1786E-04  error n
 18     1024  5.1786E-04  5.1786E-04  5.1786E-04  error n
 18     1024  5.1786E-04  5.1786E-04  5.1786E-04  error n
 18     1024  5.1786E-04  5.1786E-04  5.1786E-04  error n
 18     1024  5.1786E-04  5.1786E-04  5.1786E-04  error n
 18     1024  5.1786E-04  5.1786E-04  5.1786E-04  error n
 18     1024  5.1786E-04  5.1786E-04  5.1786E-04  error n
 18     1024  5.1786E-04  5.1786E-04  5.1786E-04  error n
 18     1024  5.1786E-04  5.1786E-04  5.1786E-04  error n
 18     1024  5.1786E-04  5.1786E-04  5.1786E-04  error n
 18     1024  5.1786E-04  5.1786E-04  5.1786E-04  error n
 18     1024  5.1786E-04  5.1786E-04  5.1786E-04  error n
 18     1024  5.1786E-04  5.1786E-04  5.1786E-04  error n
 18     1024  5.1786E-04  5.1786E-04  5.1786E-04  error n
 18     1024  5.1786E-04  5.1786E-04  5.1786E-04  error n
 18     1024  5.1786E-04  5.1786E-04  5.1786E-04  error n
 18     1024  5.1786E-04  5.1786E-04  5.1786E-04  error n
 18     1024  5.1786E-04  5.1786E-04  5.1786E-04  error n
 18     1024  5.1786E-04  5.1786E-04  5.1786E-04  error n
 18     1024  5.1786E-04  5.1786E-04  5.1786E-04  error n
 18     1024  5.1786E-04  5.1786E-04  5.1786E-04  error n
 18     1024  5.1786E-04  5.1786E-04  5.1786E-04  error n
 18     1024  5.1786E-04  5.1786E-04  5.1786E-04  error n
 18     1024  5.1786E-04  5.1786E-04  5.1786E-04  error n
 18     1024  5.1786E-04  5.1786E-04  5.1786E-04  error n
 18     1024  5.1786E-04  5.1786E-04  5.1786E-04  error n
 18     1024  5.1786E-04  5.1786E-04  5.1786E-04  error n
 18     1024  5.1786E-04  5.1786E-04  5.1786E-04  error n
 18     1024  5.1786E-04  5.1786E-04  5.1786E-04  error n
 18     1024  5.1786E-04  5.1786E-04  5.1786E-04  error n
 18     1024  5.1786E-04  5.1786E-04  5.1786E-04  error n
 18     1024  5.1786E-04  5.1786E-04  5.1786E-04  error n
 18     1024  5.1786E-04  5.1786E-04  5.1786E-04  error n
 18     1024  5.1786E-04  5.1786E-04  5.1786E-04  error n
 18     1024  5.1786E-04  5.1786E-04  5.1786E-04  error n
 18     1024  5.1786E-04  5.1786E-04  5.1786E-04  error n
 18     1024  5.1786E-04  5.1786E-04  5.1786E-04  error n
 18     1024  5.1786E-04  5.1786E-04  5.1786E-04  error n
 18     1024  5.1786E-04  5.1786E-04  5.1786E-04  error n
 18     1024  5.1786E-04  5.1786E-04  5.1786E-04  error n
 18     1024  5.1786E-04  5.1786E-04  5.1786E-04  error n
 18     1024  5.1786E-04  5.1786E-04  5.1786E-04  error n
 18     1024  5.1786E-04  5.1786E-04  5.1786E-04  error n
 18     1024  5.1786E-04  5.1786E-04  5.1786E-04  error n
 18     1024  5.1786E-04  5.1786E-04  5.1786E-04  error n
 18     1024  5.1786E-04  5.1786E-04  5.1786E-04  error n
 18     1024  5.1786E-04  5.1786E-04  5.1786E-04  error n
 18     1024  5.1786E-04  5.1786E-04  5.1786E-04  error n
 18     1024  5.1786E-04  5.1786E-04  5.1786E-04  error n
 18     1024  5.1786E-04  5.1786E-04  5.1786E-04  error n
 18     1024  5.1786E-04  5.1786E-04  5.1786E-04  error n
 18     1024  5.1786E-04  5.1786E-04  5.1786E-04  error n
 18     1024  5.1786E-04  5.1786E-04  5.1786E-04  error n
 18     1024  5.1786E-04  5.1786E-04  5.1786E-04  error n
 18     1024  5.1786E-04  5.1786E-04  5.1786E-04  error n
 18     1024  5.1786E-04  5.1786E-04  5.1786E-04  error n
 18     1024  5.1786E-04  5.1786E-04  5.1786E-04  error n
 18     1024  5.1786E-04  5.1786E-04  5.1786E-04  error n
 18     1024  5.1786E-04  5.1786E-04  5.1786E-04  error n
 18     1024  5.1786E-04  5.1786E-04  5.1786E-04  error n
 18     1024  5.1786E-04  5.1786E-04  5.1786E-04  error n
 18     1024  5.1786E-04  5.1786E-04  5.1786E-04  error n
 18     1024  5.1786E-04  5.1786E-04  5.1786E-04  error n
 18     1024  5.1786E-04  5.1786E-04  5.1786E-04  error n
 18     1024  5.1786E-04  5.1786E-04  5.1786E-04  error n
 18     1024  5.1786E-04  5.1786E-04  5.1786E-04  error n
 18     1024  5.1786E-04  5.1786E-04  5.1786E-04  error n
 18     1024  5.1786E-04  5.1786E-04  5.1786E-04  error n
 18     1024  5.1786E-04  5.1786E-04  5.1786E-04  error n
 18     1024  5.1786E-04  5.1786E-04  5.1786E-04  error n
 18     1024  5.1786E-04  5.1786E-04  5.1786E-04  error n
 18     1024  5.1786E-04  5.1786E-04  5.1786E-04  error n
 18     1024  5.1786E-04  5.1786E-04  5.1786E-04  error n
 18     1024  5.1786E-04  5.1786E-04  5.1786E-04  error n
 18     1024  5.1786E-04  5.1786E-04  5.1786E-04  error n
 18     1024  5.1786E-04  5.1786E-04  5.1786E-04  error n
 18     1024  5.1786E-04  5.1786E-04  5.1786E-04  error n
 18     1024  5.1786E-04  5.1786E-04  5.1786E-04  error n
 18     1024  5.1786E-04  5.1786E-04  5.1786E-04  error n
 18     1024  5.1786E-04  5.1786E-04  5.1786E-04  error n
 18     1024  5.1786E-04  5.1786E-04  5.1786E-04  error n
 18     1024  5.1786E-04  5.1786E-04  5.1786E-04  error n
 18     1024  5.1786E-04  5.1786E-04  5.1786E-04  error n
 18     1024  5.1786E-04  5.1786E-04  5.1786E-04  error n
 18     1024  5.1786E-04  5.1786E-04  5.1786E-04  error n
 18     1024  5.1786E-04  5.1786E-04  5.1786E-04  error n
 18     1024  5.1786E-04  5.1786E-04  5.1786E-04  error n
 18     1024  5.1786E-04  5.1786E-04  5.1786E-04  error n
 18     1024  5.1786E-04  5.1786E-04  5.1786E-04  error n
 18     1024  5.1786E-04  5.1786E-04  5.1786E-04  error n
 18     1024  5.1786E-04  5.1786E-04  5.1786E-04  error n
  17     1024  100  0.0000E+00  0.0000E+00  0.0000E+00 time for 3 hmholtz
 18     1024  5.1786E-04  5.1786E-04  5.1786E-04  error n
EXIT: quit after cggov         17
  
call exitt: dying ...
  
 18     1024  5.1786E-04  5.1786E-04  5.1786E-04  error n
 18     1024  5.1786E-04  5.1786E-04  5.1786E-04  error n
 18     1024  5.1786E-04  5.1786E-04  5.1786E-04  error n
 18     1024  5.1786E-04  5.1786E-04  5.1786E-04  error n
 18     1024  5.1786E-04  5.1786E-04  5.1786E-04  error n
 18     1024  5.1786E-04  5.1786E-04  5.1786E-04  error n
 18     1024  5.1786E-04  5.1786E-04  5.1786E-04  error n
 18     1024  5.1786E-04  5.1786E-04  5.1786E-04  error n
 18     1024  5.1786E-04  5.1786E-04  5.1786E-04  error n
 18     1024  5.1786E-04  5.1786E-04  5.1786E-04  error n
 18     1024  5.1786E-04  5.1786E-04  5.1786E-04  error n
 18     1024  5.1786E-04  5.1786E-04  5.1786E-04  error n
 18     1024  5.1786E-04  5.1786E-04  5.1786E-04  error n
 18     1024  5.1786E-04  5.1786E-04  5.1786E-04  error n
 18     1024  5.1786E-04  5.1786E-04  5.1786E-04  error n
 18     1024  5.1786E-04  5.1786E-04  5.1786E-04  error n
 18     1024  5.1786E-04  5.1786E-04  5.1786E-04  error n
 18     1024  5.1786E-04  5.1786E-04  5.1786E-04  error n
 18     1024  5.1786E-04  5.1786E-04  5.1786E-04  error n
 18     1024  5.1786E-04  5.1786E-04  5.1786E-04  error n
 18     1024  5.1786E-04  5.1786E-04  5.1786E-04  error n
 18     1024  5.1786E-04  5.1786E-04  5.1786E-04  error n
 18     1024  5.1786E-04  5.1786E-04  5.1786E-04  error n
 18     1024  5.1786E-04  5.1786E-04  5.1786E-04  error n
 18     1024  5.1786E-04  5.1786E-04  5.1786E-04  error n
 18     1024  5.1786E-04  5.1786E-04  5.1786E-04  error n
 18     1024  5.1786E-04  5.1786E-04  5.1786E-04  error n
 18     1024  5.1786E-04  5.1786E-04  5.1786E-04  error n
 18     1024  5.1786E-04  5.1786E-04  5.1786E-04  error n
 18     1024  5.1786E-04  5.1786E-04  5.1786E-04  error n
 18     1024  5.1786E-04  5.1786E-04  5.1786E-04  error n
 18     1024  5.1786E-04  5.1786E-04  5.1786E-04  error n
 18     1024  5.1786E-04  5.1786E-04  5.1786E-04  error n
 18     1024  5.1786E-04  5.1786E-04  5.1786E-04  error n
 18     1024  5.1786E-04  5.1786E-04  5.1786E-04  error n
 18     1024  5.1786E-04  5.1786E-04  5.1786E-04  error n
 18     1024  5.1786E-04  5.1786E-04  5.1786E-04  error n
 18     1024  5.1786E-04  5.1786E-04  5.1786E-04  error n
 18     1024  5.1786E-04  5.1786E-04  5.1786E-04  error n
 18     1024  5.1786E-04  5.1786E-04  5.1786E-04  error n
 18     1024  5.1786E-04  5.1786E-04  5.1786E-04  error n
 18     1024  5.1786E-04  5.1786E-04  5.1786E-04  error n
 18     1024  5.1786E-04  5.1786E-04  5.1786E-04  error n
 18     1024  5.1786E-04  5.1786E-04  5.1786E-04  error n
 18     1024  5.1786E-04  5.1786E-04  5.1786E-04  error n
 18     1024  5.1786E-04  5.1786E-04  5.1786E-04  error n
 18     1024  5.1786E-04  5.1786E-04  5.1786E-04  error n
 18     1024  5.1786E-04  5.1786E-04  5.1786E-04  error n
 18     1024  5.1786E-04  5.1786E-04  5.1786E-04  error n
 18     1024  5.1786E-04  5.1786E-04  5.1786E-04  error n
 18     1024  5.1786E-04  5.1786E-04  5.1786E-04  error n
 18     1024  5.1786E-04  5.1786E-04  5.1786E-04  error n
 18     1024  5.1786E-04  5.1786E-04  5.1786E-04  error n
 18     1024  5.1786E-04  5.1786E-04  5.1786E-04  error n
 18     1024  5.1786E-04  5.1786E-04  5.1786E-04  error n
 18     1024  5.1786E-04  5.1786E-04  5.1786E-04  error n
 18     1024  5.1786E-04  5.1786E-04  5.1786E-04  error n
 18     1024  5.1786E-04  5.1786E-04  5.1786E-04  error n
 18     1024  5.1786E-04  5.1786E-04  5.1786E-04  error n
 18     1024  5.1786E-04  5.1786E-04  5.1786E-04  error n
 18     1024  5.1786E-04  5.1786E-04  5.1786E-04  error n
 18     1024  5.1786E-04  5.1786E-04  5.1786E-04  error n
 18     1024  5.1786E-04  5.1786E-04  5.1786E-04  error n
 18     1024  5.1786E-04  5.1786E-04  5.1786E-04  error n
 18     1024  5.1786E-04  5.1786E-04  5.1786E-04  error n
 18     1024  5.1786E-04  5.1786E-04  5.1786E-04  error n
 18     1024  5.1786E-04  5.1786E-04  5.1786E-04  error n
 18     1024  5.1786E-04  5.1786E-04  5.1786E-04  error n
 18     1024  5.1786E-04  5.1786E-04  5.1786E-04  error n
 18     1024  5.1786E-04  5.1786E-04  5.1786E-04  error n
 18     1024  5.1786E-04  5.1786E-04  5.1786E-04  error n
 18     1024  5.1786E-04  5.1786E-04  5.1786E-04  error n
 18     1024  5.1786E-04  5.1786E-04  5.1786E-04  error n
 18     1024  5.1786E-04  5.1786E-04  5.1786E-04  error n
 18     1024  5.1786E-04  5.1786E-04  5.1786E-04  error n
 18     1024  5.1786E-04  5.1786E-04  5.1786E-04  error n
 18     1024  5.1786E-04  5.1786E-04  5.1786E-04  error n
 18     1024  5.1786E-04  5.1786E-04  5.1786E-04  error n
 18     1024  5.1786E-04  5.1786E-04  5.1786E-04  error n
 18     1024  5.1786E-04  5.1786E-04  5.1786E-04  error n
 18     1024  5.1786E-04  5.1786E-04  5.1786E-04  error n
 18     1024  5.1786E-04  5.1786E-04  5.1786E-04  error n
 18     1024  5.1786E-04  5.1786E-04  5.1786E-04  error n
 18     1024  5.1786E-04  5.1786E-04  5.1786E-04  error n
 18     1024  5.1786E-04  5.1786E-04  5.1786E-04  error n
 18     1024  5.1786E-04  5.1786E-04  5.1786E-04  error n
 18     1024  5.1786E-04  5.1786E-04  5.1786E-04  error n
 18     1024  5.1786E-04  5.1786E-04  5.1786E-04  error n
 18     1024  5.1786E-04  5.1786E-04  5.1786E-04  error n
 18     1024  5.1786E-04  5.1786E-04  5.1786E-04  error n
 18     1024  5.1786E-04  5.1786E-04  5.1786E-04  error n
 18     1024  5.1786E-04  5.1786E-04  5.1786E-04  error n
backtrace(): obtained 8 stack frames.
./nek5000() [0x782ad5]
./nek5000() [0x9667f9]
./nek5000() [0x40decc]
./nek5000() [0x427556]
./nek5000() [0x425b0e]
./nek5000() [0x4054fe]
/lib64/libc.so.6(__libc_start_main+0xf5) [0x2aaab1ca3b25]
./nek5000() [0x405409]
  
total elapsed time             :   1.33946E+03 sec
total solver time incl. I/O    :   0.00000E+00 sec
time/timestep                  :   0.00000E+00 sec
CPU seconds/timestep/gridpt    :   0.00000E+00 sec

 18     1024  5.1786E-04  5.1786E-04  5.1786E-04  error n
 18     1024  5.1786E-04  5.1786E-04  5.1786E-04  error n
 18     1024  5.1786E-04  5.1786E-04  5.1786E-04  error n
 18     1024  5.1786E-04  5.1786E-04  5.1786E-04  error n
 18     1024  5.1786E-04  5.1786E-04  5.1786E-04  error n
 18     1024  5.1786E-04  5.1786E-04  5.1786E-04  error n
 18     1024  5.1786E-04  5.1786E-04  5.1786E-04  error n
 18     1024  5.1786E-04  5.1786E-04  5.1786E-04  error n
Application 2260121 resources: utime ~341687s, stime ~1123s, Rss ~95176, inblocks ~0, outblocks ~0
