/----------------------------------------------------------\\
|      _   __ ______ __ __  ______  ____   ____   ____     |
|     / | / // ____// //_/ / ____/ / __ \\/ __ \\/ __ \\   |
|    /  |/ // __/  / ,<   /___ \\ / / / // / / // / / /    |
|   / /|  // /___ / /| | ____/ / / /_/ // /_/ // /_/ /     |
|  /_/ |_//_____//_/ |_|/_____/  \\___/ \\___/ \\___/      |
|                                                          |
|----------------------------------------------------------|
|                                                          |
| NEK5000:  Open Source Spectral Element Solver            |
| COPYRIGHT (c) 2008-2016 UCHICAGO ARGONNE, LLC            |
| Version:  16.0.0                                         |
| Web:      http://nek5000.mcs.anl.gov                     |
|                                                          |
\\----------------------------------------------------------/
                                                              

 Number of processors:        2048
 REAL    wdsize      :           8
 INTEGER wdsize      :           4
 Timer accuracy      : 4.29E-07
 Reading /gpfs/theta-fs1/home/thilina/env/lx18/b13.rea                                                                                       

 mapping elements to processors
 Reading /gpfs/theta-fs1/home/thilina/env/lx18/b13.map                                                                                       
 RANK     0 IEG    7937    7938    7953    7954
 element load imbalance:            0           4           4
 done :: mapping elements to processors
  
           0  objects found
 118   Parameters from file:
   1      1.00000     p001 DENSITY
   2     -100.000     p002 VISCOS
   7      1.00000     p007 RHOCP
   8      1.00000     p008 CONDUCT
  11      1.00        p011 NSTEPS
  12    -0.500000E-02 p012 DT
  21     0.100000E-05 p021 DIVERGENCE
  22     0.100000E-07 p022 HELMHOLTZ
  24     0.100000E-09 p024 TOLREL
  25     0.100000E-09 p025 TOLABS
  26     0.250000     p026 COURANT/NTAU
  27      2.00000     p027 TORDER
  66      6.00000     p066 output : <0=ascii, else binary
  67      6.00000     p067 restart: <0=ascii, else binary
  99      3.00000     p099 dealiasing: <0--> off/3--> old/4--> new
 103     0.500000E-01 p103 weight of stabilizing filter (.01)
  
 nelgt/nelgv/lelt:        8192        8192         100
 lx1  /lx2  /lx3 :          18          18          18
 done :: read .rea file    97.935     sec

 setup mesh topology
   Right-handed check complete for    8192 elements. OK.
   setvert3d:  18     7063873    40618305     7063873     7063873
 call usrsetvert
 done :: usrsetvert

gs_setup: 4249721 unique labels shared
   pairwise times (avg, min, max): 0.000256931 0.000207281 0.000300598
   crystal router                : 0.00111747 0.0010936 0.0011349
   used all_to_all method: pairwise
   handle bytes (avg, min, max): 138486 89420 147572
   buffer bytes (avg, min, max): 78029.4 41184 85280
   setupds time 2.9277E-01 seconds   0 18     7063873        8192
           8  max multiplicity
 done :: setup mesh topology
  
 call usrdat
 done :: usrdat

 generate geometry data
 done :: generate geometry data
  
 call usrdat2
 done :: usrdat2

 regenerate geometry data           1
 NOTE: All elements deformed , param(59) ^=0
 done :: regenerate geometry data           1
  
 verify mesh topology
  0.000000000000000E+000   1.00000000000000       Xrange
  0.000000000000000E+000   1.00000000000000       Yrange
  0.000000000000000E+000   1.00000000000000       Zrange
 done :: verify mesh topology
  
 IFTRAN   = T
 IFFLOW   = T
 IFHEAT   = F
 IFSPLIT  = T
 IFLOMACH = F
 IFUSERVP = F
 IFUSERMV = F
 IFSTRS   = F
 IFCHAR   = F
 IFCYCLIC = F
 IFAXIS   = F
 IFMVBD   = F
 IFMELT   = F
 IFMODEL  = F
 IFKEPS   = F
 IFMOAB   = F
 IFNEKNEK = F
 IFSYNC   = T
   
 IFVCOR   = T
 IFINTQ   = F
 IFCWUZ   = F
 IFSWALL  = F
 IFGEOM   = F
 IFSURT   = F
 IFWCNO   = F
   
 IFTMSH for field           1    =  F
 IFADVC for field           1    =  T
 IFNONL for field           1    =  F
   
 Dealiasing enabled, lxd=          27
  
 Estimated eigenvalues
 EIGAA =    9.86960440108936     
 EIGGA =    39124750.9684122     
 EIGAE =    9.86960440108936     
 EIGAS =   8.333333333333333E-002
 EIGGE =    39124750.9684122     
 EIGGS =    2.00000000000000     
  
 verify mesh topology
  0.000000000000000E+000   1.00000000000000       Xrange
  0.000000000000000E+000   1.00000000000000       Yrange
  0.000000000000000E+000   1.00000000000000       Zrange
 done :: verify mesh topology
  
  E-solver strategy:  0 itr
 mg_nx:           1           9          17
 mg_ny:           1           9          17
 mg_nz:           1           9          17
 call usrsetvert
 done :: usrsetvert

gs_setup: 9337 unique labels shared
   pairwise times (avg, min, max): 0.000113155 8.88109e-05 0.000132418
   crystal router                : 0.000160904 0.000150299 0.000170207
   all reduce                    : 0.000951462 0.000944495 0.000964999
   used all_to_all method: pairwise
   handle bytes (avg, min, max): 1830.31 1100 2036
   buffer bytes (avg, min, max): 1133.44 480 1312
   setupds time 4.6969E-02 seconds   1  2        9537        8192
   setvert3d:   4      167361      232897      167361      167361
 call usrsetvert
 done :: usrsetvert

gs_setup: 116473 unique labels shared
   pairwise times (avg, min, max): 0.000121701 9.91106e-05 0.000137901
   crystal router                : 0.000236961 0.000231004 0.000241208
   used all_to_all method: pairwise
   handle bytes (avg, min, max): 6312.31 4076 6788
   buffer bytes (avg, min, max): 4137.44 1984 4640
   setupds time 3.6991E-02 seconds   2  4      167361        8192
   setvert3d:  10     1881921     6076225     1881921     1881921
 call usrsetvert
 done :: usrsetvert

gs_setup: 1162873 unique labels shared
   pairwise times (avg, min, max): 0.000176017 0.000145793 0.000205994
   crystal router                : 0.000495825 0.000488496 0.000509119
   used all_to_all method: pairwise
   handle bytes (avg, min, max): 41358.3 26828 44084
   buffer bytes (avg, min, max): 24477.4 12640 26912
   setupds time 1.3740E-01 seconds   3 10     1881921        8192
   setvert3d:  12     2867137    11059137     2867137     2867137
 call usrsetvert
 done :: usrsetvert

gs_setup: 1753337 unique labels shared
   pairwise times (avg, min, max): 0.000179513 0.0001436 0.000206017
   crystal router                : 0.000612435 0.000603294 0.000622892
   used all_to_all method: pairwise
   handle bytes (avg, min, max): 60240.3 39020 64196
   buffer bytes (avg, min, max): 35033.4 18240 38432
   setupds time 1.4301E-01 seconds   4 12     2867137        8192
 regenerate geometry data           1
 NOTE: All elements deformed , param(59) ^=0
 done :: regenerate geometry data           1
  
 h1_mg_nx:           1           3          17
 h1_mg_ny:           1           3          17
 h1_mg_nz:           1           3          17
 call usrsetvert
 done :: usrsetvert

gs_setup: 9337 unique labels shared
   pairwise times (avg, min, max): 0.000115209 9.34124e-05 0.000132084
   crystal router                : 0.000127944 0.000120592 0.000142288
   all reduce                    : 0.00104808 0.00104361 0.00105622
   used all_to_all method: pairwise
   handle bytes (avg, min, max): 1830.31 1100 2036
   buffer bytes (avg, min, max): 1133.44 480 1312
   setupds time 3.6765E-02 seconds   5  2        9537        8192
   setvert3d:   4      167361      232897      167361      167361
 call usrsetvert
 done :: usrsetvert

gs_setup: 116473 unique labels shared
   pairwise times (avg, min, max): 0.000122449 0.000102901 0.000149107
   crystal router                : 0.000261967 0.000254107 0.000268507
   used all_to_all method: pairwise
   handle bytes (avg, min, max): 6312.31 4076 6788
   buffer bytes (avg, min, max): 4137.44 1984 4640
   setupds time 3.3974E-02 seconds   6  4      167361        8192
   setvert3d:   4      167361      232897      167361      167361
 call usrsetvert
 done :: usrsetvert

gs_setup: 116473 unique labels shared
   pairwise times (avg, min, max): 0.000118737 9.52005e-05 0.000136995
   crystal router                : 0.000220926 0.000216985 0.000226402
   used all_to_all method: pairwise
   handle bytes (avg, min, max): 6312.31 4076 6788
   buffer bytes (avg, min, max): 4137.44 1984 4640
   setupds time 2.2992E-02 seconds   7  4      167361        8192
   setvert3d:   6      532033     1056321      532033      532033
 call usrsetvert
 done :: usrsetvert

gs_setup: 344441 unique labels shared
   pairwise times (avg, min, max): 0.000164695 0.000139189 0.000189304
   crystal router                : 0.000307229 0.000293994 0.000320697
   used all_to_all method: pairwise
   handle bytes (avg, min, max): 14394.3 9356 15380
   buffer bytes (avg, min, max): 9029.44 4512 10016
   setupds time 6.7180E-02 seconds   8  6      532033        8192
   setvert3d:  18     7063873    40618305     7063873     7063873
 call usrsetvert
 done :: usrsetvert

gs_setup: 4249721 unique labels shared
   pairwise times (avg, min, max): 0.000220473 0.000180387 0.000254703
   crystal router                : 0.00112699 0.0011091 0.00115559
   used all_to_all method: pairwise
   handle bytes (avg, min, max): 138486 89420 147572
   buffer bytes (avg, min, max): 78029.4 41184 85280
   setupds time 2.5851E-01 seconds   9 18     7063873        8192
   setvert3d:  20     8876481    56652225     8876481     8876481
 call usrsetvert
 done :: usrsetvert

gs_setup: 5323513 unique labels shared
   pairwise times (avg, min, max): 0.000228046 0.000179696 0.000265503
   crystal router                : 0.00127277 0.00124779 0.00129189
   used all_to_all method: pairwise
   handle bytes (avg, min, max): 171768 110828 183044
   buffer bytes (avg, min, max): 96137.4 50880 104992
   setupds time 2.9461E-01 seconds  10 20     8876481        8192
 setup h1 coarse grid, nx_crs=           2
 call usrsetvert
 done :: usrsetvert

gs_setup: 9337 unique labels shared
   pairwise times (avg, min, max): 0.000109467 8.92878e-05 0.000131297
   crystal router                : 0.000168179 0.000161409 0.000171089
   all reduce                    : 0.000967391 0.000946784 0.000974393
   used all_to_all method: pairwise
   handle bytes (avg, min, max): 1830.31 1100 2036
   buffer bytes (avg, min, max): 1133.44 480 1312
 done :: setup h1 coarse grid   0.386487007141113       sec
  
 call usrdat3
 done :: usrdat3

 set initial conditions
 nekuic (1) for ifld            1
 call nekuic for vel  
 xyz min     0.0000       0.0000       0.0000    
 uvwpt min   0.0000       0.0000       0.0000       0.0000       0.0000    
 PS min      0.0000       0.0000      0.99000E+22
 xyz max     1.0000       1.0000       1.0000    
 uvwpt max   0.0000       0.0000       0.0000       0.0000       0.0000    
 PS max      0.0000       0.0000     -0.99000E+22
 done :: set initial conditions
  
 call userchk
GFM max:  8.9638E-05  8.9638E-05  3.5855E-04  4.1775E-17  1.6532E-16  1.6532E-16
 
nelt =       4, np =      2048, nx1 =      18, elements =      8192
Solve Time =   0.5988E-10
 
nelt =       4, np =      2048, nx1 =      18, elements =      8192
Solve Time =   0.5955E-10
 
nelt =       4, np =      2048, nx1 =      18, elements =      8192
Solve Time =   0.5955E-10
 
nelt =       4, np =      2048, nx1 =      18, elements =      8192
Solve Time =   0.5940E-10
 
nelt =       4, np =      2048, nx1 =      18, elements =      8192
Solve Time =   0.5940E-10
 
nelt =       4, np =      2048, nx1 =      18, elements =      8192
Solve Time =   0.5917E-10
 
nelt =       4, np =      2048, nx1 =      18, elements =      8192
Solve Time =   0.5930E-10
 
nelt =       4, np =      2048, nx1 =      18, elements =      8192
Solve Time =   0.5908E-10
 
nelt =       4, np =      2048, nx1 =      18, elements =      8192
Solve Time =   0.5935E-10
 
nelt =       4, np =      2048, nx1 =      18, elements =      8192
Solve Time =   0.5941E-10
 
nelt =       4, np =      2048, nx1 =      18, elements =      8192
Solve Time =   0.4976E-10
 
nelt =       4, np =      2048, nx1 =      18, elements =      8192
Solve Time =   0.4931E-10
 
nelt =       4, np =      2048, nx1 =      18, elements =      8192
Solve Time =   0.4983E-10
 
nelt =       4, np =      2048, nx1 =      18, elements =      8192
Solve Time =   0.4975E-10
 
nelt =       4, np =      2048, nx1 =      18, elements =      8192
Solve Time =   0.4929E-10
 
nelt =       4, np =      2048, nx1 =      18, elements =      8192
Solve Time =   0.4967E-10
 
nelt =       4, np =      2048, nx1 =      18, elements =      8192
Solve Time =   0.4964E-10
 
nelt =       4, np =      2048, nx1 =      18, elements =      8192
Solve Time =   0.4975E-10
 
nelt =       4, np =      2048, nx1 =      18, elements =      8192
Solve Time =   0.4941E-10
 
nelt =       4, np =      2048, nx1 =      18, elements =      8192
Solve Time =   0.4961E-10
 
nelt =       4, np =      2048, nx1 =      18, elements =      8192
Solve Time =   0.5424E-10
 
nelt =       4, np =      2048, nx1 =      18, elements =      8192
Solve Time =   0.5446E-10
 
nelt =       4, np =      2048, nx1 =      18, elements =      8192
Solve Time =   0.5406E-10
 
nelt =       4, np =      2048, nx1 =      18, elements =      8192
Solve Time =   0.5446E-10
 
nelt =       4, np =      2048, nx1 =      18, elements =      8192
Solve Time =   0.5452E-10
 
nelt =       4, np =      2048, nx1 =      18, elements =      8192
Solve Time =   0.5465E-10
 
nelt =       4, np =      2048, nx1 =      18, elements =      8192
Solve Time =   0.5421E-10
 
nelt =       4, np =      2048, nx1 =      18, elements =      8192
Solve Time =   0.5445E-10
 
nelt =       4, np =      2048, nx1 =      18, elements =      8192
Solve Time =   0.5444E-10
 
nelt =       4, np =      2048, nx1 =      18, elements =      8192
Solve Time =   0.5440E-10
 
nelt =       4, np =      2048, nx1 =      18, elements =      8192
Solve Time =   0.5889E-10
 
nelt =       4, np =      2048, nx1 =      18, elements =      8192
Solve Time =   0.5850E-10
 
nelt =       4, np =      2048, nx1 =      18, elements =      8192
Solve Time =   0.5855E-10
 
nelt =       4, np =      2048, nx1 =      18, elements =      8192
Solve Time =   0.5854E-10
 
nelt =       4, np =      2048, nx1 =      18, elements =      8192
Solve Time =   0.5896E-10
 
nelt =       4, np =      2048, nx1 =      18, elements =      8192
Solve Time =   0.5895E-10
 
nelt =       4, np =      2048, nx1 =      18, elements =      8192
Solve Time =   0.5887E-10
 
nelt =       4, np =      2048, nx1 =      18, elements =      8192
Solve Time =   0.5900E-10
 
nelt =       4, np =      2048, nx1 =      18, elements =      8192
Solve Time =   0.5840E-10
 
nelt =       4, np =      2048, nx1 =      18, elements =      8192
Solve Time =   0.5887E-10
 
nelt =       4, np =      2048, nx1 =      18, elements =      8192
Solve Time =   0.6370E-10
 
nelt =       4, np =      2048, nx1 =      18, elements =      8192
Solve Time =   0.6344E-10
 
nelt =       4, np =      2048, nx1 =      18, elements =      8192
Solve Time =   0.6368E-10
 
nelt =       4, np =      2048, nx1 =      18, elements =      8192
Solve Time =   0.6309E-10
 
nelt =       4, np =      2048, nx1 =      18, elements =      8192
Solve Time =   0.6319E-10
 
nelt =       4, np =      2048, nx1 =      18, elements =      8192
Solve Time =   0.6346E-10
 
nelt =       4, np =      2048, nx1 =      18, elements =      8192
Solve Time =   0.6358E-10
 
nelt =       4, np =      2048, nx1 =      18, elements =      8192
Solve Time =   0.6369E-10
 
nelt =       4, np =      2048, nx1 =      18, elements =      8192
Solve Time =   0.6330E-10
 
nelt =       4, np =      2048, nx1 =      18, elements =      8192
Solve Time =   0.6352E-10
 schfile:
 /gpfs/theta-fs1/home/thilina/env/lx18/b13.sch                                  
                                                      
Application 2261211 exit codes: 1
Application 2261211 resources: utime ~230247s, stime ~572s, Rss ~97144, inblocks ~0, outblocks ~0
