/----------------------------------------------------------\\
|      _   __ ______ __ __  ______  ____   ____   ____     |
|     / | / // ____// //_/ / ____/ / __ \\/ __ \\/ __ \\   |
|    /  |/ // __/  / ,<   /___ \\ / / / // / / // / / /    |
|   / /|  // /___ / /| | ____/ / / /_/ // /_/ // /_/ /     |
|  /_/ |_//_____//_/ |_|/_____/  \\___/ \\___/ \\___/      |
|                                                          |
|----------------------------------------------------------|
|                                                          |
| NEK5000:  Open Source Spectral Element Solver            |
| COPYRIGHT (c) 2008-2016 UCHICAGO ARGONNE, LLC            |
| Version:  16.0.0                                         |
| Web:      http://nek5000.mcs.anl.gov                     |
|                                                          |
\\----------------------------------------------------------/
                                                              

 Number of processors:        8192
 REAL    wdsize      :           8
 INTEGER wdsize      :           4
 Timer accuracy      : 3.10E-07
 Reading /gpfs/theta-fs1/home/thilina/env/lx18/b14.rea                                                                                       

 mapping elements to processors
 Reading /gpfs/theta-fs1/home/thilina/env/lx18/b14.map                                                                                       
 element load imbalance:            0           2           2
 done :: mapping elements to processors
  
           0  objects found
 118   Parameters from file:
   1      1.00000     p001 DENSITY
   2     -100.000     p002 VISCOS
   7      1.00000     p007 RHOCP
   8      1.00000     p008 CONDUCT
  11      1.00        p011 NSTEPS
  12    -0.500000E-02 p012 DT
  21     0.100000E-05 p021 DIVERGENCE
  22     0.100000E-07 p022 HELMHOLTZ
  24     0.100000E-09 p024 TOLREL
  25     0.100000E-09 p025 TOLABS
  26     0.250000     p026 COURANT/NTAU
  27      2.00000     p027 TORDER
  66      6.00000     p066 output : <0=ascii, else binary
  67      6.00000     p067 restart: <0=ascii, else binary
  99      3.00000     p099 dealiasing: <0--> off/3--> old/4--> new
 103     0.500000E-01 p103 weight of stabilizing filter (.01)
  
 nelgt/nelgv/lelt:       16384       16384         100
 lx1  /lx2  /lx3 :          18          18          18
 done :: read .rea file    862.03     sec

 setup mesh topology
   Right-handed check complete for   16384 elements. OK.
   setvert3d:  18    13989457    81098321    13989457    13989457
 call usrsetvert
 done :: usrsetvert

gs_setup: 10811689 unique labels shared
   pairwise times (avg, min, max): 0.00021409 0.000160789 0.000280404
   crystal router                : 0.00106236 0.00104141 0.0010839
   used all_to_all method: pairwise
   handle bytes (avg, min, max): 78845.6 45612 82548
   buffer bytes (avg, min, max): 52292.3 26496 55360
   setupds time 3.0167E-01 seconds   0 18    13989457       16384
           8  max multiplicity
 done :: setup mesh topology
  
 call usrdat
 done :: usrdat

 generate geometry data
 done :: generate geometry data
  
 call usrdat2
 done :: usrdat2

 regenerate geometry data           1
 NOTE: All elements deformed , param(59) ^=0
 done :: regenerate geometry data           1
  
 verify mesh topology
  0.000000000000000E+000   1.00000000000000       Xrange
  0.000000000000000E+000   1.00000000000000       Yrange
  0.000000000000000E+000   1.00000000000000       Zrange
 done :: verify mesh topology
  
 IFTRAN   = T
 IFFLOW   = T
 IFHEAT   = F
 IFSPLIT  = T
 IFLOMACH = F
 IFUSERVP = F
 IFUSERMV = F
 IFSTRS   = F
 IFCHAR   = F
 IFCYCLIC = F
 IFAXIS   = F
 IFMVBD   = F
 IFMELT   = F
 IFMODEL  = F
 IFKEPS   = F
 IFMOAB   = F
 IFNEKNEK = F
 IFSYNC   = T
   
 IFVCOR   = T
 IFINTQ   = F
 IFCWUZ   = F
 IFSWALL  = F
 IFGEOM   = F
 IFSURT   = F
 IFWCNO   = F
   
 IFTMSH for field           1    =  F
 IFADVC for field           1    =  T
 IFNONL for field           1    =  F
   
 Dealiasing enabled, lxd=          27
  
 Estimated eigenvalues
 EIGAA =    9.86960440108936     
 EIGGA =    78185928.9908734     
 EIGAE =    9.86960440108936     
 EIGAS =   8.333333333333333E-002
 EIGGE =    78185928.9908734     
 EIGGS =    2.00000000000000     
  
 verify mesh topology
  0.000000000000000E+000   1.00000000000000       Xrange
  0.000000000000000E+000   1.00000000000000       Yrange
  0.000000000000000E+000   1.00000000000000       Zrange
 done :: verify mesh topology
  
  E-solver strategy:  0 itr
 mg_nx:           1           9          17
 mg_ny:           1           9          17
 mg_nz:           1           9          17
 call usrsetvert
 done :: usrsetvert

gs_setup: 18473 unique labels shared
   pairwise times (avg, min, max): 0.000123474 9.36031e-05 0.000155687
   crystal router                : 0.000161878 0.0001544 0.000174212
   all reduce                    : 0.00160399 0.00158999 0.0016222
   used all_to_all method: pairwise
   handle bytes (avg, min, max): 1522.58 812 1652
   buffer bytes (avg, min, max): 986.297 384 1088
   setupds time 4.4515E-02 seconds   1  2       18513       16384
   setvert3d:   4      330133      461205      330133      330133
 call usrsetvert
 done :: usrsetvert

gs_setup: 278089 unique labels shared
   pairwise times (avg, min, max): 0.000121697 0.000100803 0.000141788
   crystal router                : 0.000308776 0.000293493 0.000329399
   used all_to_all method: pairwise
   handle bytes (avg, min, max): 4131.95 2380 4372
   buffer bytes (avg, min, max): 3143.55 1408 3392
   setupds time 2.8018E-02 seconds   2  4      330133       16384
   setvert3d:  10     3724561    12113169     3724561     3724561
 call usrsetvert
 done :: usrsetvert

gs_setup: 2924713 unique labels shared
   pairwise times (avg, min, max): 0.000177881 0.000146413 0.000214815
   crystal router                : 0.00050505 0.000497293 0.000526905
   used all_to_all method: pairwise
   handle bytes (avg, min, max): 24056.1 13996 25204
   buffer bytes (avg, min, max): 16911.3 8320 17984
   setupds time 1.1693E-01 seconds   3 10     3724561       16384
   setvert3d:  12     5675893    22059893     5675893     5675893
 call usrsetvert
 done :: usrsetvert

gs_setup: 4429513 unique labels shared
   pairwise times (avg, min, max): 0.000177542 0.000140309 0.000205612
   crystal router                : 0.000592964 0.000582314 0.000606108
   used all_to_all method: pairwise
   handle bytes (avg, min, max): 34729.5 20172 36372
   buffer bytes (avg, min, max): 23932.5 11904 25408
   setupds time 1.3481E-01 seconds   4 12     5675893       16384
 regenerate geometry data           1
 NOTE: All elements deformed , param(59) ^=0
 done :: regenerate geometry data           1
  
 h1_mg_nx:           1           3          17
 h1_mg_ny:           1           3          17
 h1_mg_nz:           1           3          17
 call usrsetvert
 done :: usrsetvert

gs_setup: 18473 unique labels shared
   pairwise times (avg, min, max): 0.000129286 9.46045e-05 0.000205803
   crystal router                : 0.000257453 0.000245404 0.000268388
   all reduce                    : 0.00192051 0.00190711 0.00196261
   used all_to_all method: pairwise
   handle bytes (avg, min, max): 1522.58 812 1652
   buffer bytes (avg, min, max): 986.297 384 1088
   setupds time 5.7575E-02 seconds   5  2       18513       16384
   setvert3d:   4      330133      461205      330133      330133
 call usrsetvert
 done :: usrsetvert

gs_setup: 278089 unique labels shared
   pairwise times (avg, min, max): 0.000120123 9.72033e-05 0.000143886
   crystal router                : 0.000286776 0.000267386 0.0002918
   used all_to_all method: pairwise
   handle bytes (avg, min, max): 4131.95 2380 4372
   buffer bytes (avg, min, max): 3143.55 1408 3392
   setupds time 2.8349E-02 seconds   6  4      330133       16384
   setvert3d:   4      330133      461205      330133      330133
 call usrsetvert
 done :: usrsetvert

gs_setup: 278089 unique labels shared
   pairwise times (avg, min, max): 0.000119224 9.7394e-05 0.000143003
   crystal router                : 0.000239462 0.000233912 0.000246286
   used all_to_all method: pairwise
   handle bytes (avg, min, max): 4131.95 2380 4372
   buffer bytes (avg, min, max): 3143.55 1408 3392
   setupds time 2.5139E-02 seconds   7  4      330133       16384
   setvert3d:   6     1051681     2100257     1051681     1051681
 call usrsetvert
 done :: usrsetvert

gs_setup: 849001 unique labels shared
   pairwise times (avg, min, max): 0.000161654 0.000130415 0.000191903
   crystal router                : 0.000379126 0.000361013 0.000386715
   used all_to_all method: pairwise
   handle bytes (avg, min, max): 8757.33 5100 9204
   buffer bytes (avg, min, max): 6516.8 3072 6976
   setupds time 7.8661E-02 seconds   8  6     1051681       16384
   setvert3d:  18    13989457    81098321    13989457    13989457
 call usrsetvert
 done :: usrsetvert

gs_setup: 10811689 unique labels shared
   pairwise times (avg, min, max): 0.000198776 0.000155616 0.000229096
   crystal router                : 0.00111637 0.00109351 0.00114021
   used all_to_all method: pairwise
   handle bytes (avg, min, max): 78845.6 45612 82548
   buffer bytes (avg, min, max): 52292.3 26496 55360
   setupds time 2.6013E-01 seconds   9 18    13989457       16384
   setvert3d:  20    17580501   113131989    17580501    17580501
 call usrsetvert
 done :: usrsetvert

gs_setup: 13561673 unique labels shared
   pairwise times (avg, min, max): 0.000198408 0.000158 0.000229287
   crystal router                : 0.00139324 0.00136771 0.0014168
   used all_to_all method: pairwise
   handle bytes (avg, min, max): 97583 56396 102164
   buffer bytes (avg, min, max): 64177.5 32640 67904
   setupds time 2.8801E-01 seconds  10 20    17580501       16384
 setup h1 coarse grid, nx_crs=           2
 call usrsetvert
 done :: usrsetvert

gs_setup: 18473 unique labels shared
   pairwise times (avg, min, max): 0.000120291 8.48055e-05 0.000158286
   crystal router                : 0.000262484 0.000255895 0.000272608
   all reduce                    : 0.00160703 0.00159321 0.0016273
   used all_to_all method: pairwise
   handle bytes (avg, min, max): 1522.58 812 1652
   buffer bytes (avg, min, max): 986.297 384 1088
 done :: setup h1 coarse grid   0.893304824829102       sec
  
 call usrdat3
 done :: usrdat3

 set initial conditions
 nekuic (1) for ifld            1
 call nekuic for vel  
 xyz min     0.0000       0.0000       0.0000    
 uvwpt min   0.0000       0.0000       0.0000       0.0000       0.0000    
 PS min      0.0000       0.0000      0.99000E+22
 xyz max     1.0000       1.0000       1.0000    
 uvwpt max   0.0000       0.0000       0.0000       0.0000       0.0000    
 PS max      0.0000       0.0000     -0.99000E+22
 done :: set initial conditions
  
 call userchk
GFM max:  4.4819E-05  1.7928E-04  1.7928E-04  8.2660E-17  8.2660E-17  1.6681E-16
 
nelt =       2, np =      8192, nx1 =      18, elements =     16384
Solve Time =   0.1955E-10
 
nelt =       2, np =      8192, nx1 =      18, elements =     16384
Solve Time =   0.1912E-10
 
nelt =       2, np =      8192, nx1 =      18, elements =     16384
Solve Time =   0.1924E-10
 
nelt =       2, np =      8192, nx1 =      18, elements =     16384
Solve Time =   0.1909E-10
 
nelt =       2, np =      8192, nx1 =      18, elements =     16384
Solve Time =   0.1934E-10
 
nelt =       2, np =      8192, nx1 =      18, elements =     16384
Solve Time =   0.1911E-10
 
nelt =       2, np =      8192, nx1 =      18, elements =     16384
Solve Time =   0.1918E-10
 
nelt =       2, np =      8192, nx1 =      18, elements =     16384
Solve Time =   0.1913E-10
 
nelt =       2, np =      8192, nx1 =      18, elements =     16384
Solve Time =   0.1930E-10
 
nelt =       2, np =      8192, nx1 =      18, elements =     16384
Solve Time =   0.1930E-10
 
nelt =       2, np =      8192, nx1 =      18, elements =     16384
Solve Time =   0.1536E-10
 
nelt =       2, np =      8192, nx1 =      18, elements =     16384
Solve Time =   0.1519E-10
 
nelt =       2, np =      8192, nx1 =      18, elements =     16384
Solve Time =   0.1541E-10
 
nelt =       2, np =      8192, nx1 =      18, elements =     16384
Solve Time =   0.1516E-10
 
nelt =       2, np =      8192, nx1 =      18, elements =     16384
Solve Time =   0.1551E-10
 
nelt =       2, np =      8192, nx1 =      18, elements =     16384
Solve Time =   0.1513E-10
 
nelt =       2, np =      8192, nx1 =      18, elements =     16384
Solve Time =   0.1551E-10
 
nelt =       2, np =      8192, nx1 =      18, elements =     16384
Solve Time =   0.1528E-10
 
nelt =       2, np =      8192, nx1 =      18, elements =     16384
Solve Time =   0.1513E-10
 
nelt =       2, np =      8192, nx1 =      18, elements =     16384
Solve Time =   0.1548E-10
 
nelt =       2, np =      8192, nx1 =      18, elements =     16384
Solve Time =   0.1771E-10
 
nelt =       2, np =      8192, nx1 =      18, elements =     16384
Solve Time =   0.1782E-10
 
nelt =       2, np =      8192, nx1 =      18, elements =     16384
Solve Time =   0.1763E-10
 
nelt =       2, np =      8192, nx1 =      18, elements =     16384
Solve Time =   0.1787E-10
 
nelt =       2, np =      8192, nx1 =      18, elements =     16384
Solve Time =   0.1741E-10
 
nelt =       2, np =      8192, nx1 =      18, elements =     16384
Solve Time =   0.1783E-10
 
nelt =       2, np =      8192, nx1 =      18, elements =     16384
Solve Time =   0.1738E-10
 
nelt =       2, np =      8192, nx1 =      18, elements =     16384
Solve Time =   0.1766E-10
 
nelt =       2, np =      8192, nx1 =      18, elements =     16384
Solve Time =   0.1749E-10
 
nelt =       2, np =      8192, nx1 =      18, elements =     16384
Solve Time =   0.1776E-10
 
nelt =       2, np =      8192, nx1 =      18, elements =     16384
Solve Time =   0.1981E-10
 
nelt =       2, np =      8192, nx1 =      18, elements =     16384
Solve Time =   0.1962E-10
 
nelt =       2, np =      8192, nx1 =      18, elements =     16384
Solve Time =   0.1968E-10
 
nelt =       2, np =      8192, nx1 =      18, elements =     16384
Solve Time =   0.1960E-10
 
nelt =       2, np =      8192, nx1 =      18, elements =     16384
Solve Time =   0.1973E-10
 
nelt =       2, np =      8192, nx1 =      18, elements =     16384
Solve Time =   0.1947E-10
 
nelt =       2, np =      8192, nx1 =      18, elements =     16384
Solve Time =   0.1954E-10
 
nelt =       2, np =      8192, nx1 =      18, elements =     16384
Solve Time =   0.1946E-10
 
nelt =       2, np =      8192, nx1 =      18, elements =     16384
Solve Time =   0.1974E-10
 
nelt =       2, np =      8192, nx1 =      18, elements =     16384
Solve Time =   0.1986E-10
 
nelt =       2, np =      8192, nx1 =      18, elements =     16384
Solve Time =   0.2168E-10
 
nelt =       2, np =      8192, nx1 =      18, elements =     16384
Solve Time =   0.2180E-10
 
nelt =       2, np =      8192, nx1 =      18, elements =     16384
Solve Time =   0.2127E-10
 
nelt =       2, np =      8192, nx1 =      18, elements =     16384
Solve Time =   0.2146E-10
 
nelt =       2, np =      8192, nx1 =      18, elements =     16384
Solve Time =   0.2172E-10
 
nelt =       2, np =      8192, nx1 =      18, elements =     16384
Solve Time =   0.2147E-10
 
nelt =       2, np =      8192, nx1 =      18, elements =     16384
Solve Time =   0.2170E-10
 
nelt =       2, np =      8192, nx1 =      18, elements =     16384
Solve Time =   0.2170E-10
 
nelt =       2, np =      8192, nx1 =      18, elements =     16384
Solve Time =   0.2156E-10
 
nelt =       2, np =      8192, nx1 =      18, elements =     16384
Solve Time =   0.2164E-10
 schfile:
 /gpfs/theta-fs1/home/thilina/env/lx18/b14.sch                                  
                                                      
ERROR: .sch file already exists. Use IFSCHCLOB=F todisable this check BUT BEWARE!!!!!!  ierr=  1 
  
call exitt: dying ...
  
backtrace(): obtained 9 stack frames.
./nek5000() [0x782ad5]
./nek5000() [0x965d29]
./nek5000() [0x513234]
./nek5000() [0x409e08]
./nek5000() [0x427556]
./nek5000() [0x425b0e]
./nek5000() [0x4054fe]
/lib64/libc.so.6(__libc_start_main+0xf5) [0x2aaab1ca3b25]
./nek5000() [0x405409]
  
total elapsed time             :   8.91706E+02 sec
total solver time incl. I/O    :   0.00000E+00 sec
time/timestep                  :   0.00000E+00 sec
CPU seconds/timestep/gridpt    :   0.00000E+00 sec

Application 2261222 resources: utime ~7281781s, stime ~8059s, Rss ~93404, inblocks ~0, outblocks ~0
