/----------------------------------------------------------\\
|      _   __ ______ __ __  ______  ____   ____   ____     |
|     / | / // ____// //_/ / ____/ / __ \\/ __ \\/ __ \\   |
|    /  |/ // __/  / ,<   /___ \\ / / / // / / // / / /    |
|   / /|  // /___ / /| | ____/ / / /_/ // /_/ // /_/ /     |
|  /_/ |_//_____//_/ |_|/_____/  \\___/ \\___/ \\___/      |
|                                                          |
|----------------------------------------------------------|
|                                                          |
| NEK5000:  Open Source Spectral Element Solver            |
| COPYRIGHT (c) 2008-2016 UCHICAGO ARGONNE, LLC            |
| Version:  16.0.0                                         |
| Web:      http://nek5000.mcs.anl.gov                     |
|                                                          |
\\----------------------------------------------------------/
                                                              

 Number of processors:           4
 REAL    wdsize      :           8
 INTEGER wdsize      :           4
 Timer accuracy      : 1.91E-07
 Reading /gpfs/theta-fs1/home/thilina/env/lx9/b5.rea                                                                                         

 mapping elements to processors
 Reading /gpfs/theta-fs1/home/thilina/env/lx9/b5.map                                                                                         
           0           8           8          32          32  NELV
           2           8           8          32          32  NELV
           3           8           8          32          32  NELV
           1           8           8          32          32  NELV
 RANK     0 IEG      17      18      19      20      25      26      27      28
 element load imbalance:            0           8           8
 done :: mapping elements to processors
  
           0  objects found
 118   Parameters from file:
   1      1.00000     p001 DENSITY
   2     -100.000     p002 VISCOS
   7      1.00000     p007 RHOCP
   8      1.00000     p008 CONDUCT
  11      1.00        p011 NSTEPS
  12    -0.500000E-02 p012 DT
  21     0.100000E-05 p021 DIVERGENCE
  22     0.100000E-07 p022 HELMHOLTZ
  24     0.100000E-09 p024 TOLREL
  25     0.100000E-09 p025 TOLABS
  26     0.250000     p026 COURANT/NTAU
  27      2.00000     p027 TORDER
  66      6.00000     p066 output : <0=ascii, else binary
  67      6.00000     p067 restart: <0=ascii, else binary
  99      3.00000     p099 dealiasing: <0--> off/3--> old/4--> new
 103     0.500000E-01 p103 weight of stabilizing filter (.01)
  
 nelgt/nelgv/lelt:          32          32         100
 lx1  /lx2  /lx3 :           9           9           9
 done :: read .rea file   0.32054E-01 sec

 setup mesh topology
   Right-handed check complete for      32 elements. OK.
   setvert3d:   9        7537       18513        7537        7537
 call usrsetvert
 done :: usrsetvert

gs_setup: 1105 unique labels shared
   pairwise times (avg, min, max): 7.98702e-06 7.9155e-06 8.01086e-06
   crystal router                : 1.06215e-05 1.04904e-05 1.08004e-05
   all reduce                    : 4.09245e-05 4.07934e-05 4.11034e-05
   used all_to_all method: pairwise
   handle bytes (avg, min, max): 34428 34428 34428
   buffer bytes (avg, min, max): 9520 9520 9520
   setupds time 1.0708E-02 seconds   0  9        7537          32
           8  max multiplicity
 done :: setup mesh topology
  
 call usrdat
 done :: usrdat

 generate geometry data
 done :: generate geometry data
  
 call usrdat2
 done :: usrdat2

 regenerate geometry data           1
 NOTE: All elements deformed , param(59) ^=0
 done :: regenerate geometry data           1
  
 verify mesh topology
  0.000000000000000E+000   1.00000000000000       Xrange
  0.000000000000000E+000   1.00000000000000       Yrange
  0.000000000000000E+000   1.00000000000000       Zrange
 done :: verify mesh topology
  
 IFTRAN   = T
 IFFLOW   = T
 IFHEAT   = F
 IFSPLIT  = T
 IFLOMACH = F
 IFUSERVP = F
 IFUSERMV = F
 IFSTRS   = F
 IFCHAR   = F
 IFCYCLIC = F
 IFAXIS   = F
 IFMVBD   = F
 IFMELT   = F
 IFMODEL  = F
 IFKEPS   = F
 IFMOAB   = F
 IFNEKNEK = F
 IFSYNC   = T
   
 IFVCOR   = T
 IFINTQ   = F
 IFCWUZ   = F
 IFSWALL  = F
 IFGEOM   = F
 IFSURT   = F
 IFWCNO   = F
   
 IFTMSH for field           1    =  F
 IFADVC for field           1    =  T
 IFNONL for field           1    =  F
   
 Dealiasing enabled, lxd=          13
  
 Estimated eigenvalues
 EIGAA =    9.86960440108936     
 EIGGA =    69258.9623733598     
 EIGAE =    9.86960440108936     
 EIGAS =   8.333333333333333E-002
 EIGGE =    69258.9623733598     
 EIGGS =    2.00000000000000     
  
 verify mesh topology
  0.000000000000000E+000   1.00000000000000       Xrange
  0.000000000000000E+000   1.00000000000000       Yrange
  0.000000000000000E+000   1.00000000000000       Zrange
 done :: verify mesh topology
  
  E-solver strategy:  0 itr
 mg_nx:           1           5           8
 mg_ny:           1           5           8
 mg_nz:           1           5           8
 call usrsetvert
 done :: usrsetvert

gs_setup: 27 unique labels shared
   pairwise times (avg, min, max): 7.06315e-06 6.98566e-06 7.20024e-06
   crystal router                : 5.31673e-06 5.29289e-06 5.38826e-06
   all reduce                    : 2.76566e-06 2.69413e-06 2.7895e-06
   used all_to_all method: allreduce
   handle bytes (avg, min, max): 1468 1468 1468
   buffer bytes (avg, min, max): 432 432 432
   setupds time 1.8220E-03 seconds   1  2          75          32
   setvert3d:   4         927        1183         927         927
 call usrsetvert
 done :: usrsetvert

gs_setup: 175 unique labels shared
   pairwise times (avg, min, max): 1.09434e-05 1.08957e-05 1.09911e-05
   crystal router                : 4.79221e-06 4.69685e-06 4.88758e-06
   all reduce                    : 2.88486e-05 2.87056e-05 2.88963e-05
   used all_to_all method: crystal router
   handle bytes (avg, min, max): 13804 13804 13804
   buffer bytes (avg, min, max): 3584 3584 3584
   setupds time 3.6271E-03 seconds   2  4         927          32
   setvert3d:   6        2803        4851        2803        2803
 call usrsetvert
 done :: usrsetvert

gs_setup: 451 unique labels shared
   pairwise times (avg, min, max): 7.02143e-06 6.8903e-06 7.10487e-06
   crystal router                : 6.68168e-06 6.60419e-06 6.81877e-06
   all reduce                    : 3.62694e-05 3.60012e-05 3.66926e-05
   used all_to_all method: crystal router
   handle bytes (avg, min, max): 34060 34060 34060
   buffer bytes (avg, min, max): 9152 9152 9152
   setupds time 5.1820E-03 seconds   3  6        2803          32
   setvert3d:   8        5703       12615        5703        5703
 call usrsetvert
 done :: usrsetvert

gs_setup: 855 unique labels shared
   pairwise times (avg, min, max): 7.16448e-06 6.98566e-06 7.39098e-06
   crystal router                : 9.5129e-06 9.41753e-06 9.70364e-06
   all reduce                    : 4.51088e-05 4.50134e-05 4.52042e-05
   used all_to_all method: pairwise
   handle bytes (avg, min, max): 26812 26812 26812
   buffer bytes (avg, min, max): 7440 7440 7440
   setupds time 7.5760E-03 seconds   4  8        5703          32
 regenerate geometry data           1
 NOTE: All elements deformed , param(59) ^=0
 done :: regenerate geometry data           1
  
 h1_mg_nx:           1           3           8
 h1_mg_ny:           1           3           8
 h1_mg_nz:           1           3           8
 call usrsetvert
 done :: usrsetvert

gs_setup: 27 unique labels shared
   pairwise times (avg, min, max): 6.67572e-06 6.60419e-06 6.79493e-06
   crystal router                : 9.25064e-06 9.08375e-06 9.41753e-06
   all reduce                    : 2.67029e-06 2.59876e-06 2.69413e-06
   used all_to_all method: allreduce
   handle bytes (avg, min, max): 1468 1468 1468
   buffer bytes (avg, min, max): 432 432 432
   setupds time 2.1598E-03 seconds   5  2          75          32
   setvert3d:   4         927        1183         927         927
 call usrsetvert
 done :: usrsetvert

gs_setup: 175 unique labels shared
   pairwise times (avg, min, max): 6.9499e-06 6.79493e-06 7.10487e-06
   crystal router                : 4.82202e-06 4.79221e-06 4.91142e-06
   all reduce                    : 2.5928e-05 2.58923e-05 2.60115e-05
   used all_to_all method: crystal router
   handle bytes (avg, min, max): 13804 13804 13804
   buffer bytes (avg, min, max): 3584 3584 3584
   setupds time 3.7920E-03 seconds   6  4         927          32
   setvert3d:   4         927        1183         927         927
 call usrsetvert
 done :: usrsetvert

gs_setup: 175 unique labels shared
   pairwise times (avg, min, max): 1.76966e-05 1.75953e-05 1.79052e-05
   crystal router                : 4.93526e-06 4.81606e-06 5.00679e-06
   all reduce                    : 2.36452e-05 2.35796e-05 2.36988e-05
   used all_to_all method: crystal router
   handle bytes (avg, min, max): 13804 13804 13804
   buffer bytes (avg, min, max): 3584 3584 3584
   setupds time 3.4611E-03 seconds   7  4         927          32
   setvert3d:   6        2803        4851        2803        2803
 call usrsetvert
 done :: usrsetvert

gs_setup: 451 unique labels shared
   pairwise times (avg, min, max): 6.03199e-06 6.00815e-06 6.10352e-06
   crystal router                : 6.67572e-06 6.60419e-06 6.69956e-06
   all reduce                    : 3.97503e-05 3.96013e-05 3.99113e-05
   used all_to_all method: pairwise
   handle bytes (avg, min, max): 14460 14460 14460
   buffer bytes (avg, min, max): 4048 4048 4048
   setupds time 5.2509E-03 seconds   8  6        2803          32
   setvert3d:   9        7537       18513        7537        7537
 call usrsetvert
 done :: usrsetvert

gs_setup: 1105 unique labels shared
   pairwise times (avg, min, max): 2.58803e-05 2.56062e-05 2.62022e-05
   crystal router                : 1.07765e-05 1.0705e-05 1.08004e-05
   all reduce                    : 4.54605e-05 4.52995e-05 4.55141e-05
   used all_to_all method: crystal router
   handle bytes (avg, min, max): 81724 81724 81724
   buffer bytes (avg, min, max): 22304 22304 22304
   setupds time 9.1369E-03 seconds   9  9        7537          32
   setvert3d:  11       11973       35301       11973       11973
 call usrsetvert
 done :: usrsetvert

gs_setup: 1701 unique labels shared
   pairwise times (avg, min, max): 7.05719e-06 7.00951e-06 7.10487e-06
   crystal router                : 1.45912e-05 1.45912e-05 1.45912e-05
   all reduce                    : 4.34995e-05 4.3416e-05 4.36068e-05
   used all_to_all method: pairwise
   handle bytes (avg, min, max): 52540 52540 52540
   buffer bytes (avg, min, max): 14448 14448 14448
   setupds time 1.2145E-02 seconds  10 11       11973          32
 setup h1 coarse grid, nx_crs=           2
 call usrsetvert
 done :: usrsetvert

gs_setup: 27 unique labels shared
   pairwise times (avg, min, max): 1.46687e-05 1.44958e-05 1.49012e-05
   crystal router                : 5.24521e-06 5.10216e-06 5.38826e-06
   all reduce                    : 1.92404e-05 1.91927e-05 1.92881e-05
   used all_to_all method: crystal router
   handle bytes (avg, min, max): 2764 2764 2764
   buffer bytes (avg, min, max): 576 576 576
 done :: setup h1 coarse grid   6.579875946044922E-003  sec
  
 call usrdat3
 done :: usrdat3

 set initial conditions
 nekuic (1) for ifld            1
 call nekuic for vel  
 xyz min     0.0000       0.0000       0.0000    
 uvwpt min   0.0000       0.0000       0.0000       0.0000       0.0000    
 PS min      0.0000       0.0000      0.99000E+22
 xyz max     1.0000       1.0000       1.0000    
 uvwpt max   0.0000       0.0000       0.0000       0.0000       0.0000    
 PS max      0.0000       0.0000     -0.99000E+22
 done :: set initial conditions
  
 call userchk
GFM max:  3.2050E-03  1.2820E-02  1.2820E-02  6.4352E-17  6.4352E-17  1.5840E-16
 
nelt =       8, np =         4, nx1 =       9, elements =        32
Solve Time =   0.1592E-07
 
nelt =       8, np =         4, nx1 =       9, elements =        32
Solve Time =   0.1582E-07
 
nelt =       8, np =         4, nx1 =       9, elements =        32
Solve Time =   0.1577E-07
 
nelt =       8, np =         4, nx1 =       9, elements =        32
Solve Time =   0.1579E-07
 
nelt =       8, np =         4, nx1 =       9, elements =        32
Solve Time =   0.1579E-07
 
nelt =       8, np =         4, nx1 =       9, elements =        32
Solve Time =   0.1582E-07
 
nelt =       8, np =         4, nx1 =       9, elements =        32
Solve Time =   0.1579E-07
 
nelt =       8, np =         4, nx1 =       9, elements =        32
Solve Time =   0.1577E-07
 
nelt =       8, np =         4, nx1 =       9, elements =        32
Solve Time =   0.1582E-07
 
nelt =       8, np =         4, nx1 =       9, elements =        32
Solve Time =   0.1580E-07
 
nelt =       8, np =         4, nx1 =       9, elements =        32
Solve Time =   0.1373E-07
 
nelt =       8, np =         4, nx1 =       9, elements =        32
Solve Time =   0.1369E-07
 
nelt =       8, np =         4, nx1 =       9, elements =        32
Solve Time =   0.1368E-07
 
nelt =       8, np =         4, nx1 =       9, elements =        32
Solve Time =   0.1369E-07
 
nelt =       8, np =         4, nx1 =       9, elements =        32
Solve Time =   0.1372E-07
 
nelt =       8, np =         4, nx1 =       9, elements =        32
Solve Time =   0.1368E-07
 
nelt =       8, np =         4, nx1 =       9, elements =        32
Solve Time =   0.1369E-07
 
nelt =       8, np =         4, nx1 =       9, elements =        32
Solve Time =   0.1370E-07
 
nelt =       8, np =         4, nx1 =       9, elements =        32
Solve Time =   0.1369E-07
 
nelt =       8, np =         4, nx1 =       9, elements =        32
Solve Time =   0.1370E-07
 
nelt =       8, np =         4, nx1 =       9, elements =        32
Solve Time =   0.1486E-07
 
nelt =       8, np =         4, nx1 =       9, elements =        32
Solve Time =   0.1485E-07
 
nelt =       8, np =         4, nx1 =       9, elements =        32
Solve Time =   0.1483E-07
 
nelt =       8, np =         4, nx1 =       9, elements =        32
Solve Time =   0.1486E-07
 
nelt =       8, np =         4, nx1 =       9, elements =        32
Solve Time =   0.1486E-07
 
nelt =       8, np =         4, nx1 =       9, elements =        32
Solve Time =   0.1482E-07
 
nelt =       8, np =         4, nx1 =       9, elements =        32
Solve Time =   0.1487E-07
 
nelt =       8, np =         4, nx1 =       9, elements =        32
Solve Time =   0.1482E-07
 
nelt =       8, np =         4, nx1 =       9, elements =        32
Solve Time =   0.1484E-07
 
nelt =       8, np =         4, nx1 =       9, elements =        32
Solve Time =   0.1482E-07
 
nelt =       8, np =         4, nx1 =       9, elements =        32
Solve Time =   0.1538E-07
 
nelt =       8, np =         4, nx1 =       9, elements =        32
Solve Time =   0.1536E-07
 
nelt =       8, np =         4, nx1 =       9, elements =        32
Solve Time =   0.1534E-07
 
nelt =       8, np =         4, nx1 =       9, elements =        32
Solve Time =   0.1535E-07
 
nelt =       8, np =         4, nx1 =       9, elements =        32
Solve Time =   0.1537E-07
 
nelt =       8, np =         4, nx1 =       9, elements =        32
Solve Time =   0.1534E-07
 
nelt =       8, np =         4, nx1 =       9, elements =        32
Solve Time =   0.1537E-07
 
nelt =       8, np =         4, nx1 =       9, elements =        32
Solve Time =   0.1535E-07
 
nelt =       8, np =         4, nx1 =       9, elements =        32
Solve Time =   0.1536E-07
 
nelt =       8, np =         4, nx1 =       9, elements =        32
Solve Time =   0.1536E-07
 
nelt =       8, np =         4, nx1 =       9, elements =        32
Solve Time =   0.1588E-07
 
nelt =       8, np =         4, nx1 =       9, elements =        32
Solve Time =   0.1581E-07
 
nelt =       8, np =         4, nx1 =       9, elements =        32
Solve Time =   0.1581E-07
 
nelt =       8, np =         4, nx1 =       9, elements =        32
Solve Time =   0.1582E-07
 
nelt =       8, np =         4, nx1 =       9, elements =        32
Solve Time =   0.1581E-07
 
nelt =       8, np =         4, nx1 =       9, elements =        32
Solve Time =   0.1581E-07
 
nelt =       8, np =         4, nx1 =       9, elements =        32
Solve Time =   0.1579E-07
 
nelt =       8, np =         4, nx1 =       9, elements =        32
Solve Time =   0.1583E-07
 
nelt =       8, np =         4, nx1 =       9, elements =        32
Solve Time =   0.1583E-07
 
nelt =       8, np =         4, nx1 =       9, elements =        32
Solve Time =   0.1582E-07
 schfile:
 /gpfs/theta-fs1/home/thilina/env/lx9/b5.sch                                    
                                                      
  9       32  1.0000E+00  1.0000E+00  1.0000E+00  error v
  9       32  1.0000E+00  1.0000E+00  1.0000E+00  error v
  9       32  1.0000E+00  1.0000E+00  1.0000E+00  error v
  9       32  1.0000E+00  1.0000E+00  1.0000E+00  error v
 
nelt =       8, np =         4, nx1 =       9, elements =        32
Solve Time =   0.1928E-07
 
nelt =       8, np =         4, nx1 =       9, elements =        32
Solve Time =   0.1914E-07
 
nelt =       8, np =         4, nx1 =       9, elements =        32
Solve Time =   0.1923E-07
 
nelt =       8, np =         4, nx1 =       9, elements =        32
Solve Time =   0.1916E-07
 
nelt =       8, np =         4, nx1 =       9, elements =        32
Solve Time =   0.1918E-07
 
nelt =       8, np =         4, nx1 =       9, elements =        32
Solve Time =   0.1920E-07
 
nelt =       8, np =         4, nx1 =       9, elements =        32
Solve Time =   0.1918E-07
 
nelt =       8, np =         4, nx1 =       9, elements =        32
Solve Time =   0.1917E-07
 
nelt =       8, np =         4, nx1 =       9, elements =        32
Solve Time =   0.1916E-07
 
nelt =       8, np =         4, nx1 =       9, elements =        32
Solve Time =   0.1920E-07
  9       32  2.9042E-11  2.9042E-11  2.9042E-11  error s
  9       32  2.9042E-11  2.9042E-11  2.9042E-11  error s
  9       32  2.9042E-11  2.9042E-11  2.9042E-11  error s
  9       32  2.9042E-11  2.9042E-11  2.9042E-11  error s
 
nelt =       8, np =         4, nx1 =       9, elements =        32
Solve Time =   0.2027E-07
 
nelt =       8, np =         4, nx1 =       9, elements =        32
Solve Time =   0.2011E-07
 
nelt =       8, np =         4, nx1 =       9, elements =        32
Solve Time =   0.2012E-07
 
nelt =       8, np =         4, nx1 =       9, elements =        32
Solve Time =   0.2012E-07
 
nelt =       8, np =         4, nx1 =       9, elements =        32
Solve Time =   0.2013E-07
 
nelt =       8, np =         4, nx1 =       9, elements =        32
Solve Time =   0.2012E-07
 
nelt =       8, np =         4, nx1 =       9, elements =        32
Solve Time =   0.2017E-07
 
nelt =       8, np =         4, nx1 =       9, elements =        32
Solve Time =   0.2015E-07
 
nelt =       8, np =         4, nx1 =       9, elements =        32
Solve Time =   0.2012E-07
 
nelt =       8, np =         4, nx1 =       9, elements =        32
Solve Time =   0.2016E-07
  9       32  2.9042E-11  2.9042E-11  2.9042E-11  error n
  9       32  2.9042E-11  2.9042E-11  2.9042E-11  error n
  9       32  2.9042E-11  2.9042E-11  2.9042E-11  error n
  9       32  2.9042E-11  2.9042E-11  2.9042E-11  error n
   8       32  100  0.0000E+00  0.0000E+00  0.0000E+00 time for 3 hmholtz
EXIT: quit after cggov          8
  
call exitt: dying ...
  
backtrace(): obtained 8 stack frames.
./nek5000() [0x77b845]
./nek5000() [0x95f589]
./nek5000() [0x40d86c]
./nek5000() [0x426a96]
./nek5000() [0x42504e]
./nek5000() [0x4054fe]
/lib64/libc.so.6(__libc_start_main+0xf5) [0x2aaab1ca3b25]
./nek5000() [0x405409]
  
total elapsed time             :   1.32342E+01 sec
total solver time incl. I/O    :   0.00000E+00 sec
time/timestep                  :   0.00000E+00 sec
CPU seconds/timestep/gridpt    :   0.00000E+00 sec

Application 2257418 resources: utime ~50s, stime ~3s, Rss ~24700, inblocks ~0, outblocks ~0
