/----------------------------------------------------------\\
|      _   __ ______ __ __  ______  ____   ____   ____     |
|     / | / // ____// //_/ / ____/ / __ \\/ __ \\/ __ \\   |
|    /  |/ // __/  / ,<   /___ \\ / / / // / / // / / /    |
|   / /|  // /___ / /| | ____/ / / /_/ // /_/ // /_/ /     |
|  /_/ |_//_____//_/ |_|/_____/  \\___/ \\___/ \\___/      |
|                                                          |
|----------------------------------------------------------|
|                                                          |
| NEK5000:  Open Source Spectral Element Solver            |
| COPYRIGHT (c) 2008-2016 UCHICAGO ARGONNE, LLC            |
| Version:  16.0.0                                         |
| Web:      http://nek5000.mcs.anl.gov                     |
|                                                          |
\\----------------------------------------------------------/
                                                              

 Number of processors:         128
 REAL    wdsize      :           8
 INTEGER wdsize      :           4
 Timer accuracy      : 3.10E-07
 Reading /gpfs/theta-fs1/home/thilina/env/lx9/b11.rea                                                                                        

 mapping elements to processors
 Reading /gpfs/theta-fs1/home/thilina/env/lx9/b11.map                                                                                        
 RANK     0 IEG    1793    1794    1795    1796    1801    1802    1803    1804
                   1921    1922    1923    1924    1929    1930    1931    1932
 element load imbalance:            0          16          16
 done :: mapping elements to processors
  
           0  objects found
 118   Parameters from file:
   1      1.00000     p001 DENSITY
   2     -100.000     p002 VISCOS
   7      1.00000     p007 RHOCP
   8      1.00000     p008 CONDUCT
  11      1.00        p011 NSTEPS
  12    -0.500000E-02 p012 DT
  21     0.100000E-05 p021 DIVERGENCE
  22     0.100000E-07 p022 HELMHOLTZ
  24     0.100000E-09 p024 TOLREL
  25     0.100000E-09 p025 TOLABS
  26     0.250000     p026 COURANT/NTAU
  27      2.00000     p027 TORDER
  66      6.00000     p066 output : <0=ascii, else binary
  67      6.00000     p067 restart: <0=ascii, else binary
  99      3.00000     p099 dealiasing: <0--> off/3--> old/4--> new
 103     0.500000E-01 p103 weight of stabilizing filter (.01)
  
 nelgt/nelgv/lelt:        2048        2048         100
 lx1  /lx2  /lx3 :           9           9           9
 done :: read .rea file    1.4705     sec

 setup mesh topology
   Right-handed check complete for    2048 elements. OK.
   setvert3d:   9      379201     1081665      379201      379201
 call usrsetvert
 done :: usrsetvert

gs_setup: 129089 unique labels shared
   pairwise times (avg, min, max): 0.000111844 8.92162e-05 0.000135994
   crystal router                : 0.000357159 0.000353193 0.00036099
   used all_to_all method: pairwise
   handle bytes (avg, min, max): 100112 80444 106620
   buffer bytes (avg, min, max): 38658 23664 43792
   setupds time 1.0430E-01 seconds   0  9      379201        2048
           8  max multiplicity
 done :: setup mesh topology
  
 call usrdat
 done :: usrdat

 generate geometry data
 done :: generate geometry data
  
 call usrdat2
 done :: usrdat2

 regenerate geometry data           1
 NOTE: All elements deformed , param(59) ^=0
 done :: regenerate geometry data           1
  
 verify mesh topology
  0.000000000000000E+000   1.00000000000000       Xrange
  0.000000000000000E+000   1.00000000000000       Yrange
  0.000000000000000E+000   1.00000000000000       Zrange
 done :: verify mesh topology
  
 IFTRAN   = T
 IFFLOW   = T
 IFHEAT   = F
 IFSPLIT  = T
 IFLOMACH = F
 IFUSERVP = F
 IFUSERMV = F
 IFSTRS   = F
 IFCHAR   = F
 IFCYCLIC = F
 IFAXIS   = F
 IFMVBD   = F
 IFMELT   = F
 IFMODEL  = F
 IFKEPS   = F
 IFMOAB   = F
 IFNEKNEK = F
 IFSYNC   = T
   
 IFVCOR   = T
 IFINTQ   = F
 IFCWUZ   = F
 IFSWALL  = F
 IFGEOM   = F
 IFSURT   = F
 IFWCNO   = F
   
 IFTMSH for field           1    =  F
 IFADVC for field           1    =  T
 IFNONL for field           1    =  F
   
 Dealiasing enabled, lxd=          13
  
 Estimated eigenvalues
 EIGAA =    9.86960440108936     
 EIGGA =    1238091.22413317     
 EIGAE =    9.86960440108936     
 EIGAS =   8.333333333333333E-002
 EIGGE =    1238091.22413317     
 EIGGS =    2.00000000000000     
  
 verify mesh topology
  0.000000000000000E+000   1.00000000000000       Xrange
  0.000000000000000E+000   1.00000000000000       Yrange
  0.000000000000000E+000   1.00000000000000       Zrange
 done :: verify mesh topology
  
  E-solver strategy:  0 itr
 mg_nx:           1           5           8
 mg_ny:           1           5           8
 mg_nz:           1           5           8
 call usrsetvert
 done :: usrsetvert

gs_setup: 1801 unique labels shared
   pairwise times (avg, min, max): 7.58559e-05 6.2418e-05 8.59976e-05
   crystal router                : 4.26985e-05 4.18901e-05 4.37975e-05
   all reduce                    : 0.000201972 0.0002002 0.000204706
   used all_to_all method: crystal router
   handle bytes (avg, min, max): 14095 11644 15892
   buffer bytes (avg, min, max): 1788 1392 2064
   setupds time 1.0601E-02 seconds   1  2        2601        2048
   setvert3d:   4       43641       60025       43641       43641
 call usrsetvert
 done :: usrsetvert

gs_setup: 17689 unique labels shared
   pairwise times (avg, min, max): 7.73249e-05 6.56128e-05 8.79049e-05
   crystal router                : 9.01243e-05 8.95023e-05 9.12189e-05
   all reduce                    : 0.00137473 0.0013695 0.0013829
   used all_to_all method: pairwise
   handle bytes (avg, min, max): 16442 13244 17500
   buffer bytes (avg, min, max): 6958 4144 7952
   setupds time 5.1217E-02 seconds   2  4       43641        2048
   setvert3d:   6      137929      269001      137929      137929
 call usrsetvert
 done :: usrsetvert

gs_setup: 49961 unique labels shared
   pairwise times (avg, min, max): 8.19247e-05 7.08818e-05 9.35078e-05
   crystal router                : 0.00013042 0.000128508 0.000132513
   all reduce                    : 0.00125071 0.00124321 0.00125802
   used all_to_all method: pairwise
   handle bytes (avg, min, max): 41270 33212 43932
   buffer bytes (avg, min, max): 16566 10032 18832
   setupds time 1.0067E-01 seconds   3  6      137929        2048
   setvert3d:   8      285465      727833      285465      285465
 call usrsetvert
 done :: usrsetvert

gs_setup: 98617 unique labels shared
   pairwise times (avg, min, max): 8.93902e-05 7.44104e-05 0.000104308
   crystal router                : 0.000243597 0.000239801 0.000247502
   all reduce                    : 0.00270848 0.00270529 0.0027137
   used all_to_all method: pairwise
   handle bytes (avg, min, max): 77618 62396 82652
   buffer bytes (avg, min, max): 30270 18480 34320
   setupds time 1.3607E-01 seconds   4  8      285465        2048
 regenerate geometry data           1
 NOTE: All elements deformed , param(59) ^=0
 done :: regenerate geometry data           1
  
 h1_mg_nx:           1           3           8
 h1_mg_ny:           1           3           8
 h1_mg_nz:           1           3           8
 call usrsetvert
 done :: usrsetvert

gs_setup: 1801 unique labels shared
   pairwise times (avg, min, max): 7.13034e-05 6.07967e-05 8.22067e-05
   crystal router                : 4.59863e-05 4.48942e-05 4.68016e-05
   all reduce                    : 0.000217422 0.000215387 0.000221014
   used all_to_all method: crystal router
   handle bytes (avg, min, max): 14095 11644 15892
   buffer bytes (avg, min, max): 1788 1392 2064
   setupds time 1.0803E-02 seconds   5  2        2601        2048
   setvert3d:   4       43641       60025       43641       43641
 call usrsetvert
 done :: usrsetvert

gs_setup: 17689 unique labels shared
   pairwise times (avg, min, max): 7.75907e-05 6.54936e-05 8.95977e-05
   crystal router                : 8.78982e-05 8.59022e-05 9.26971e-05
   all reduce                    : 0.000912623 0.000908995 0.0009197
   used all_to_all method: pairwise
   handle bytes (avg, min, max): 16442 13244 17500
   buffer bytes (avg, min, max): 6958 4144 7952
   setupds time 4.6563E-02 seconds   6  4       43641        2048
   setvert3d:   4       43641       60025       43641       43641
 call usrsetvert
 done :: usrsetvert

gs_setup: 17689 unique labels shared
   pairwise times (avg, min, max): 7.01068e-05 6.001e-05 8.27074e-05
   crystal router                : 7.79731e-05 7.52926e-05 7.92027e-05
   all reduce                    : 0.000900963 0.000897002 0.000908089
   used all_to_all method: crystal router
   handle bytes (avg, min, max): 93567 70236 107316
   buffer bytes (avg, min, max): 12444 9440 13920
   setupds time 3.5558E-02 seconds   7  4       43641        2048
   setvert3d:   6      137929      269001      137929      137929
 call usrsetvert
 done :: usrsetvert

gs_setup: 49961 unique labels shared
   pairwise times (avg, min, max): 7.87286e-05 6.58035e-05 8.80003e-05
   crystal router                : 0.000117984 0.000116396 0.00011971
   all reduce                    : 0.0012054 0.00119832 0.00121341
   used all_to_all method: pairwise
   handle bytes (avg, min, max): 41270 33212 43932
   buffer bytes (avg, min, max): 16566 10032 18832
   setupds time 6.1991E-02 seconds   8  6      137929        2048
   setvert3d:   9      379201     1081665      379201      379201
 call usrsetvert
 done :: usrsetvert

gs_setup: 129089 unique labels shared
   pairwise times (avg, min, max): 8.75399e-05 7.35044e-05 9.95874e-05
   crystal router                : 0.000322416 0.000317192 0.000328588
   used all_to_all method: pairwise
   handle bytes (avg, min, max): 100112 80444 106620
   buffer bytes (avg, min, max): 38658 23664 43792
   setupds time 5.5523E-02 seconds   9  9      379201        2048
   setvert3d:  11      606609     2099601      606609      606609
 call usrsetvert
 done :: usrsetvert

gs_setup: 202321 unique labels shared
   pairwise times (avg, min, max): 9.79831e-05 7.88927e-05 0.000113106
   crystal router                : 0.000479984 0.000472689 0.000489688
   used all_to_all method: pairwise
   handle bytes (avg, min, max): 153740 123452 163772
   buffer bytes (avg, min, max): 58506 35952 66192
   setupds time 1.1366E-01 seconds  10 11      606609        2048
 setup h1 coarse grid, nx_crs=           2
 call usrsetvert
 done :: usrsetvert

gs_setup: 1801 unique labels shared
   pairwise times (avg, min, max): 6.17955e-05 5.27143e-05 7.0715e-05
   crystal router                : 5.00042e-05 4.86135e-05 5.30958e-05
   all reduce                    : 0.000189762 0.000188303 0.000193596
   used all_to_all method: crystal router
   handle bytes (avg, min, max): 14095 11644 15892
   buffer bytes (avg, min, max): 1788 1392 2064
 done :: setup h1 coarse grid   5.532479286193848E-002  sec
  
 call usrdat3
 done :: usrdat3

 set initial conditions
 nekuic (1) for ifld            1
 call nekuic for vel  
 xyz min     0.0000       0.0000       0.0000    
 uvwpt min   0.0000       0.0000       0.0000       0.0000       0.0000    
 PS min      0.0000       0.0000      0.99000E+22
 xyz max     1.0000       1.0000       1.0000    
 uvwpt max   0.0000       0.0000       0.0000       0.0000       0.0000    
 PS max      0.0000       0.0000     -0.99000E+22
 done :: set initial conditions
  
 call userchk
GFM max:  8.0124E-04  3.2050E-03  3.2050E-03  8.9103E-17  8.9103E-17  2.3761E-16
 
nelt =      16, np =       128, nx1 =       9, elements =      2048
Solve Time =   0.7382E-09
 
nelt =      16, np =       128, nx1 =       9, elements =      2048
Solve Time =   0.7269E-09
 
nelt =      16, np =       128, nx1 =       9, elements =      2048
Solve Time =   0.7270E-09
 
nelt =      16, np =       128, nx1 =       9, elements =      2048
Solve Time =   0.7259E-09
 
nelt =      16, np =       128, nx1 =       9, elements =      2048
Solve Time =   0.7267E-09
 
nelt =      16, np =       128, nx1 =       9, elements =      2048
Solve Time =   0.7251E-09
 
nelt =      16, np =       128, nx1 =       9, elements =      2048
Solve Time =   0.7283E-09
 
nelt =      16, np =       128, nx1 =       9, elements =      2048
Solve Time =   0.7263E-09
 
nelt =      16, np =       128, nx1 =       9, elements =      2048
Solve Time =   0.7257E-09
 
nelt =      16, np =       128, nx1 =       9, elements =      2048
Solve Time =   0.7282E-09
 
nelt =      16, np =       128, nx1 =       9, elements =      2048
Solve Time =   0.5507E-09
 
nelt =      16, np =       128, nx1 =       9, elements =      2048
Solve Time =   0.5442E-09
 
nelt =      16, np =       128, nx1 =       9, elements =      2048
Solve Time =   0.5453E-09
 
nelt =      16, np =       128, nx1 =       9, elements =      2048
Solve Time =   0.5450E-09
 
nelt =      16, np =       128, nx1 =       9, elements =      2048
Solve Time =   0.5455E-09
 
nelt =      16, np =       128, nx1 =       9, elements =      2048
Solve Time =   0.5465E-09
 
nelt =      16, np =       128, nx1 =       9, elements =      2048
Solve Time =   0.5441E-09
 
nelt =      16, np =       128, nx1 =       9, elements =      2048
Solve Time =   0.5462E-09
 
nelt =      16, np =       128, nx1 =       9, elements =      2048
Solve Time =   0.5454E-09
 
nelt =      16, np =       128, nx1 =       9, elements =      2048
Solve Time =   0.5617E-09
 
nelt =      16, np =       128, nx1 =       9, elements =      2048
Solve Time =   0.6285E-09
 
nelt =      16, np =       128, nx1 =       9, elements =      2048
Solve Time =   0.6254E-09
 
nelt =      16, np =       128, nx1 =       9, elements =      2048
Solve Time =   0.6248E-09
 
nelt =      16, np =       128, nx1 =       9, elements =      2048
Solve Time =   0.6247E-09
 
nelt =      16, np =       128, nx1 =       9, elements =      2048
Solve Time =   0.6275E-09
 
nelt =      16, np =       128, nx1 =       9, elements =      2048
Solve Time =   0.6248E-09
 
nelt =      16, np =       128, nx1 =       9, elements =      2048
Solve Time =   0.6252E-09
 
nelt =      16, np =       128, nx1 =       9, elements =      2048
Solve Time =   0.6254E-09
 
nelt =      16, np =       128, nx1 =       9, elements =      2048
Solve Time =   0.6252E-09
 
nelt =      16, np =       128, nx1 =       9, elements =      2048
Solve Time =   0.6250E-09
 
nelt =      16, np =       128, nx1 =       9, elements =      2048
Solve Time =   0.6915E-09
 
nelt =      16, np =       128, nx1 =       9, elements =      2048
Solve Time =   0.6901E-09
 
nelt =      16, np =       128, nx1 =       9, elements =      2048
Solve Time =   0.6898E-09
 
nelt =      16, np =       128, nx1 =       9, elements =      2048
Solve Time =   0.6878E-09
 
nelt =      16, np =       128, nx1 =       9, elements =      2048
Solve Time =   0.6892E-09
 
nelt =      16, np =       128, nx1 =       9, elements =      2048
Solve Time =   0.6890E-09
 
nelt =      16, np =       128, nx1 =       9, elements =      2048
Solve Time =   0.6886E-09
 
nelt =      16, np =       128, nx1 =       9, elements =      2048
Solve Time =   0.6892E-09
 
nelt =      16, np =       128, nx1 =       9, elements =      2048
Solve Time =   0.6913E-09
 
nelt =      16, np =       128, nx1 =       9, elements =      2048
Solve Time =   0.6892E-09
 
nelt =      16, np =       128, nx1 =       9, elements =      2048
Solve Time =   0.7546E-09
 
nelt =      16, np =       128, nx1 =       9, elements =      2048
Solve Time =   0.7523E-09
 
nelt =      16, np =       128, nx1 =       9, elements =      2048
Solve Time =   0.7513E-09
 
nelt =      16, np =       128, nx1 =       9, elements =      2048
Solve Time =   0.7501E-09
 
nelt =      16, np =       128, nx1 =       9, elements =      2048
Solve Time =   0.7523E-09
 
nelt =      16, np =       128, nx1 =       9, elements =      2048
Solve Time =   0.7504E-09
 
nelt =      16, np =       128, nx1 =       9, elements =      2048
Solve Time =   0.7492E-09
 
nelt =      16, np =       128, nx1 =       9, elements =      2048
Solve Time =   0.7502E-09
 
nelt =      16, np =       128, nx1 =       9, elements =      2048
Solve Time =   0.7502E-09
 
nelt =      16, np =       128, nx1 =       9, elements =      2048
Solve Time =   0.7486E-09
 schfile:
 /gpfs/theta-fs1/home/thilina/env/lx9/b11.sch                                   
                                                      
  9     2048  1.0000E+00  1.0000E+00  1.0000E+00  error v
  9     2048  1.0000E+00  1.0000E+00  1.0000E+00  error v
  9     2048  1.0000E+00  1.0000E+00  1.0000E+00  error v
  9     2048  1.0000E+00  1.0000E+00  1.0000E+00  error v
  9     2048  1.0000E+00  1.0000E+00  1.0000E+00  error v
  9     2048  1.0000E+00  1.0000E+00  1.0000E+00  error v
  9     2048  1.0000E+00  1.0000E+00  1.0000E+00  error v
  9     2048  1.0000E+00  1.0000E+00  1.0000E+00  error v
  9     2048  1.0000E+00  1.0000E+00  1.0000E+00  error v
  9     2048  1.0000E+00  1.0000E+00  1.0000E+00  error v
  9     2048  1.0000E+00  1.0000E+00  1.0000E+00  error v
  9     2048  1.0000E+00  1.0000E+00  1.0000E+00  error v
  9     2048  1.0000E+00  1.0000E+00  1.0000E+00  error v
  9     2048  1.0000E+00  1.0000E+00  1.0000E+00  error v
  9     2048  1.0000E+00  1.0000E+00  1.0000E+00  error v
  9     2048  1.0000E+00  1.0000E+00  1.0000E+00  error v
  9     2048  1.0000E+00  1.0000E+00  1.0000E+00  error v
  9     2048  1.0000E+00  1.0000E+00  1.0000E+00  error v
  9     2048  1.0000E+00  1.0000E+00  1.0000E+00  error v
  9     2048  1.0000E+00  1.0000E+00  1.0000E+00  error v
  9     2048  1.0000E+00  1.0000E+00  1.0000E+00  error v
  9     2048  1.0000E+00  1.0000E+00  1.0000E+00  error v
  9     2048  1.0000E+00  1.0000E+00  1.0000E+00  error v
  9     2048  1.0000E+00  1.0000E+00  1.0000E+00  error v
  9     2048  1.0000E+00  1.0000E+00  1.0000E+00  error v
  9     2048  1.0000E+00  1.0000E+00  1.0000E+00  error v
  9     2048  1.0000E+00  1.0000E+00  1.0000E+00  error v
  9     2048  1.0000E+00  1.0000E+00  1.0000E+00  error v
  9     2048  1.0000E+00  1.0000E+00  1.0000E+00  error v
  9     2048  1.0000E+00  1.0000E+00  1.0000E+00  error v
  9     2048  1.0000E+00  1.0000E+00  1.0000E+00  error v
  9     2048  1.0000E+00  1.0000E+00  1.0000E+00  error v
  9     2048  1.0000E+00  1.0000E+00  1.0000E+00  error v
  9     2048  1.0000E+00  1.0000E+00  1.0000E+00  error v
  9     2048  1.0000E+00  1.0000E+00  1.0000E+00  error v
  9     2048  1.0000E+00  1.0000E+00  1.0000E+00  error v
  9     2048  1.0000E+00  1.0000E+00  1.0000E+00  error v
  9     2048  1.0000E+00  1.0000E+00  1.0000E+00  error v
  9     2048  1.0000E+00  1.0000E+00  1.0000E+00  error v
  9     2048  1.0000E+00  1.0000E+00  1.0000E+00  error v
  9     2048  1.0000E+00  1.0000E+00  1.0000E+00  error v
  9     2048  1.0000E+00  1.0000E+00  1.0000E+00  error v
  9     2048  1.0000E+00  1.0000E+00  1.0000E+00  error v
  9     2048  1.0000E+00  1.0000E+00  1.0000E+00  error v
  9     2048  1.0000E+00  1.0000E+00  1.0000E+00  error v
  9     2048  1.0000E+00  1.0000E+00  1.0000E+00  error v
  9     2048  1.0000E+00  1.0000E+00  1.0000E+00  error v
  9     2048  1.0000E+00  1.0000E+00  1.0000E+00  error v
  9     2048  1.0000E+00  1.0000E+00  1.0000E+00  error v
  9     2048  1.0000E+00  1.0000E+00  1.0000E+00  error v
  9     2048  1.0000E+00  1.0000E+00  1.0000E+00  error v
  9     2048  1.0000E+00  1.0000E+00  1.0000E+00  error v
  9     2048  1.0000E+00  1.0000E+00  1.0000E+00  error v
  9     2048  1.0000E+00  1.0000E+00  1.0000E+00  error v
  9     2048  1.0000E+00  1.0000E+00  1.0000E+00  error v
  9     2048  1.0000E+00  1.0000E+00  1.0000E+00  error v
  9     2048  1.0000E+00  1.0000E+00  1.0000E+00  error v
  9     2048  1.0000E+00  1.0000E+00  1.0000E+00  error v
  9     2048  1.0000E+00  1.0000E+00  1.0000E+00  error v
  9     2048  1.0000E+00  1.0000E+00  1.0000E+00  error v
  9     2048  1.0000E+00  1.0000E+00  1.0000E+00  error v
  9     2048  1.0000E+00  1.0000E+00  1.0000E+00  error v
  9     2048  1.0000E+00  1.0000E+00  1.0000E+00  error v
  9     2048  1.0000E+00  1.0000E+00  1.0000E+00  error v
  9     2048  1.0000E+00  1.0000E+00  1.0000E+00  error v
  9     2048  1.0000E+00  1.0000E+00  1.0000E+00  error v
  9     2048  1.0000E+00  1.0000E+00  1.0000E+00  error v
  9     2048  1.0000E+00  1.0000E+00  1.0000E+00  error v
  9     2048  1.0000E+00  1.0000E+00  1.0000E+00  error v
  9     2048  1.0000E+00  1.0000E+00  1.0000E+00  error v
  9     2048  1.0000E+00  1.0000E+00  1.0000E+00  error v
  9     2048  1.0000E+00  1.0000E+00  1.0000E+00  error v
  9     2048  1.0000E+00  1.0000E+00  1.0000E+00  error v
  9     2048  1.0000E+00  1.0000E+00  1.0000E+00  error v
  9     2048  1.0000E+00  1.0000E+00  1.0000E+00  error v
  9     2048  1.0000E+00  1.0000E+00  1.0000E+00  error v
  9     2048  1.0000E+00  1.0000E+00  1.0000E+00  error v
  9     2048  1.0000E+00  1.0000E+00  1.0000E+00  error v
  9     2048  1.0000E+00  1.0000E+00  1.0000E+00  error v
  9     2048  1.0000E+00  1.0000E+00  1.0000E+00  error v
  9     2048  1.0000E+00  1.0000E+00  1.0000E+00  error v
  9     2048  1.0000E+00  1.0000E+00  1.0000E+00  error v
  9     2048  1.0000E+00  1.0000E+00  1.0000E+00  error v
  9     2048  1.0000E+00  1.0000E+00  1.0000E+00  error v
  9     2048  1.0000E+00  1.0000E+00  1.0000E+00  error v
  9     2048  1.0000E+00  1.0000E+00  1.0000E+00  error v
  9     2048  1.0000E+00  1.0000E+00  1.0000E+00  error v
  9     2048  1.0000E+00  1.0000E+00  1.0000E+00  error v
  9     2048  1.0000E+00  1.0000E+00  1.0000E+00  error v
  9     2048  1.0000E+00  1.0000E+00  1.0000E+00  error v
  9     2048  1.0000E+00  1.0000E+00  1.0000E+00  error v
  9     2048  1.0000E+00  1.0000E+00  1.0000E+00  error v
  9     2048  1.0000E+00  1.0000E+00  1.0000E+00  error v
  9     2048  1.0000E+00  1.0000E+00  1.0000E+00  error v
  9     2048  1.0000E+00  1.0000E+00  1.0000E+00  error v
  9     2048  1.0000E+00  1.0000E+00  1.0000E+00  error v
  9     2048  1.0000E+00  1.0000E+00  1.0000E+00  error v
  9     2048  1.0000E+00  1.0000E+00  1.0000E+00  error v
  9     2048  1.0000E+00  1.0000E+00  1.0000E+00  error v
  9     2048  1.0000E+00  1.0000E+00  1.0000E+00  error v
  9     2048  1.0000E+00  1.0000E+00  1.0000E+00  error v
  9     2048  1.0000E+00  1.0000E+00  1.0000E+00  error v
  9     2048  1.0000E+00  1.0000E+00  1.0000E+00  error v
  9     2048  1.0000E+00  1.0000E+00  1.0000E+00  error v
  9     2048  1.0000E+00  1.0000E+00  1.0000E+00  error v
  9     2048  1.0000E+00  1.0000E+00  1.0000E+00  error v
  9     2048  1.0000E+00  1.0000E+00  1.0000E+00  error v
  9     2048  1.0000E+00  1.0000E+00  1.0000E+00  error v
  9     2048  1.0000E+00  1.0000E+00  1.0000E+00  error v
  9     2048  1.0000E+00  1.0000E+00  1.0000E+00  error v
  9     2048  1.0000E+00  1.0000E+00  1.0000E+00  error v
  9     2048  1.0000E+00  1.0000E+00  1.0000E+00  error v
  9     2048  1.0000E+00  1.0000E+00  1.0000E+00  error v
  9     2048  1.0000E+00  1.0000E+00  1.0000E+00  error v
  9     2048  1.0000E+00  1.0000E+00  1.0000E+00  error v
  9     2048  1.0000E+00  1.0000E+00  1.0000E+00  error v
  9     2048  1.0000E+00  1.0000E+00  1.0000E+00  error v
  9     2048  1.0000E+00  1.0000E+00  1.0000E+00  error v
  9     2048  1.0000E+00  1.0000E+00  1.0000E+00  error v
  9     2048  1.0000E+00  1.0000E+00  1.0000E+00  error v
  9     2048  1.0000E+00  1.0000E+00  1.0000E+00  error v
  9     2048  1.0000E+00  1.0000E+00  1.0000E+00  error v
  9     2048  1.0000E+00  1.0000E+00  1.0000E+00  error v
  9     2048  1.0000E+00  1.0000E+00  1.0000E+00  error v
  9     2048  1.0000E+00  1.0000E+00  1.0000E+00  error v
  9     2048  1.0000E+00  1.0000E+00  1.0000E+00  error v
  9     2048  1.0000E+00  1.0000E+00  1.0000E+00  error v
  9     2048  1.0000E+00  1.0000E+00  1.0000E+00  error v
 
nelt =      16, np =       128, nx1 =       9, elements =      2048
Solve Time =   0.1038E-08
 
nelt =      16, np =       128, nx1 =       9, elements =      2048
Solve Time =   0.1006E-08
 
nelt =      16, np =       128, nx1 =       9, elements =      2048
Solve Time =   0.1010E-08
 
nelt =      16, np =       128, nx1 =       9, elements =      2048
Solve Time =   0.1009E-08
 
nelt =      16, np =       128, nx1 =       9, elements =      2048
Solve Time =   0.1012E-08
 
nelt =      16, np =       128, nx1 =       9, elements =      2048
Solve Time =   0.1008E-08
 
nelt =      16, np =       128, nx1 =       9, elements =      2048
Solve Time =   0.1009E-08
 
nelt =      16, np =       128, nx1 =       9, elements =      2048
Solve Time =   0.1010E-08
 
nelt =      16, np =       128, nx1 =       9, elements =      2048
Solve Time =   0.1010E-08
 
nelt =      16, np =       128, nx1 =       9, elements =      2048
Solve Time =   0.1011E-08
  9     2048  4.0745E-13  4.0745E-13  4.0745E-13  error s
  9     2048  4.0745E-13  4.0745E-13  4.0745E-13  error s
  9     2048  4.0745E-13  4.0745E-13  4.0745E-13  error s
  9     2048  4.0745E-13  4.0745E-13  4.0745E-13  error s
  9     2048  4.0745E-13  4.0745E-13  4.0745E-13  error s
  9     2048  4.0745E-13  4.0745E-13  4.0745E-13  error s
  9     2048  4.0745E-13  4.0745E-13  4.0745E-13  error s
  9     2048  4.0745E-13  4.0745E-13  4.0745E-13  error s
  9     2048  4.0745E-13  4.0745E-13  4.0745E-13  error s
  9     2048  4.0745E-13  4.0745E-13  4.0745E-13  error s
  9     2048  4.0745E-13  4.0745E-13  4.0745E-13  error s
  9     2048  4.0745E-13  4.0745E-13  4.0745E-13  error s
  9     2048  4.0745E-13  4.0745E-13  4.0745E-13  error s
  9     2048  4.0745E-13  4.0745E-13  4.0745E-13  error s
  9     2048  4.0745E-13  4.0745E-13  4.0745E-13  error s
  9     2048  4.0745E-13  4.0745E-13  4.0745E-13  error s
  9     2048  4.0745E-13  4.0745E-13  4.0745E-13  error s
  9     2048  4.0745E-13  4.0745E-13  4.0745E-13  error s
  9     2048  4.0745E-13  4.0745E-13  4.0745E-13  error s
  9     2048  4.0745E-13  4.0745E-13  4.0745E-13  error s
  9     2048  4.0745E-13  4.0745E-13  4.0745E-13  error s
  9     2048  4.0745E-13  4.0745E-13  4.0745E-13  error s
  9     2048  4.0745E-13  4.0745E-13  4.0745E-13  error s
  9     2048  4.0745E-13  4.0745E-13  4.0745E-13  error s
  9     2048  4.0745E-13  4.0745E-13  4.0745E-13  error s
  9     2048  4.0745E-13  4.0745E-13  4.0745E-13  error s
  9     2048  4.0745E-13  4.0745E-13  4.0745E-13  error s
  9     2048  4.0745E-13  4.0745E-13  4.0745E-13  error s
  9     2048  4.0745E-13  4.0745E-13  4.0745E-13  error s
  9     2048  4.0745E-13  4.0745E-13  4.0745E-13  error s
  9     2048  4.0745E-13  4.0745E-13  4.0745E-13  error s
  9     2048  4.0745E-13  4.0745E-13  4.0745E-13  error s
  9     2048  4.0745E-13  4.0745E-13  4.0745E-13  error s
  9     2048  4.0745E-13  4.0745E-13  4.0745E-13  error s
  9     2048  4.0745E-13  4.0745E-13  4.0745E-13  error s
  9     2048  4.0745E-13  4.0745E-13  4.0745E-13  error s
  9     2048  4.0745E-13  4.0745E-13  4.0745E-13  error s
  9     2048  4.0745E-13  4.0745E-13  4.0745E-13  error s
  9     2048  4.0745E-13  4.0745E-13  4.0745E-13  error s
  9     2048  4.0745E-13  4.0745E-13  4.0745E-13  error s
  9     2048  4.0745E-13  4.0745E-13  4.0745E-13  error s
  9     2048  4.0745E-13  4.0745E-13  4.0745E-13  error s
  9     2048  4.0745E-13  4.0745E-13  4.0745E-13  error s
  9     2048  4.0745E-13  4.0745E-13  4.0745E-13  error s
  9     2048  4.0745E-13  4.0745E-13  4.0745E-13  error s
  9     2048  4.0745E-13  4.0745E-13  4.0745E-13  error s
  9     2048  4.0745E-13  4.0745E-13  4.0745E-13  error s
  9     2048  4.0745E-13  4.0745E-13  4.0745E-13  error s
  9     2048  4.0745E-13  4.0745E-13  4.0745E-13  error s
  9     2048  4.0745E-13  4.0745E-13  4.0745E-13  error s
  9     2048  4.0745E-13  4.0745E-13  4.0745E-13  error s
  9     2048  4.0745E-13  4.0745E-13  4.0745E-13  error s
  9     2048  4.0745E-13  4.0745E-13  4.0745E-13  error s
  9     2048  4.0745E-13  4.0745E-13  4.0745E-13  error s
  9     2048  4.0745E-13  4.0745E-13  4.0745E-13  error s
  9     2048  4.0745E-13  4.0745E-13  4.0745E-13  error s
  9     2048  4.0745E-13  4.0745E-13  4.0745E-13  error s
  9     2048  4.0745E-13  4.0745E-13  4.0745E-13  error s
  9     2048  4.0745E-13  4.0745E-13  4.0745E-13  error s
  9     2048  4.0745E-13  4.0745E-13  4.0745E-13  error s
  9     2048  4.0745E-13  4.0745E-13  4.0745E-13  error s
  9     2048  4.0745E-13  4.0745E-13  4.0745E-13  error s
  9     2048  4.0745E-13  4.0745E-13  4.0745E-13  error s
  9     2048  4.0745E-13  4.0745E-13  4.0745E-13  error s
  9     2048  4.0745E-13  4.0745E-13  4.0745E-13  error s
  9     2048  4.0745E-13  4.0745E-13  4.0745E-13  error s
  9     2048  4.0745E-13  4.0745E-13  4.0745E-13  error s
  9     2048  4.0745E-13  4.0745E-13  4.0745E-13  error s
  9     2048  4.0745E-13  4.0745E-13  4.0745E-13  error s
  9     2048  4.0745E-13  4.0745E-13  4.0745E-13  error s
  9     2048  4.0745E-13  4.0745E-13  4.0745E-13  error s
  9     2048  4.0745E-13  4.0745E-13  4.0745E-13  error s
  9     2048  4.0745E-13  4.0745E-13  4.0745E-13  error s
  9     2048  4.0745E-13  4.0745E-13  4.0745E-13  error s
  9     2048  4.0745E-13  4.0745E-13  4.0745E-13  error s
  9     2048  4.0745E-13  4.0745E-13  4.0745E-13  error s
  9     2048  4.0745E-13  4.0745E-13  4.0745E-13  error s
  9     2048  4.0745E-13  4.0745E-13  4.0745E-13  error s
  9     2048  4.0745E-13  4.0745E-13  4.0745E-13  error s
  9     2048  4.0745E-13  4.0745E-13  4.0745E-13  error s
  9     2048  4.0745E-13  4.0745E-13  4.0745E-13  error s
  9     2048  4.0745E-13  4.0745E-13  4.0745E-13  error s
  9     2048  4.0745E-13  4.0745E-13  4.0745E-13  error s
  9     2048  4.0745E-13  4.0745E-13  4.0745E-13  error s
  9     2048  4.0745E-13  4.0745E-13  4.0745E-13  error s
  9     2048  4.0745E-13  4.0745E-13  4.0745E-13  error s
  9     2048  4.0745E-13  4.0745E-13  4.0745E-13  error s
  9     2048  4.0745E-13  4.0745E-13  4.0745E-13  error s
  9     2048  4.0745E-13  4.0745E-13  4.0745E-13  error s
  9     2048  4.0745E-13  4.0745E-13  4.0745E-13  error s
  9     2048  4.0745E-13  4.0745E-13  4.0745E-13  error s
  9     2048  4.0745E-13  4.0745E-13  4.0745E-13  error s
  9     2048  4.0745E-13  4.0745E-13  4.0745E-13  error s
  9     2048  4.0745E-13  4.0745E-13  4.0745E-13  error s
  9     2048  4.0745E-13  4.0745E-13  4.0745E-13  error s
  9     2048  4.0745E-13  4.0745E-13  4.0745E-13  error s
  9     2048  4.0745E-13  4.0745E-13  4.0745E-13  error s
  9     2048  4.0745E-13  4.0745E-13  4.0745E-13  error s
  9     2048  4.0745E-13  4.0745E-13  4.0745E-13  error s
  9     2048  4.0745E-13  4.0745E-13  4.0745E-13  error s
  9     2048  4.0745E-13  4.0745E-13  4.0745E-13  error s
  9     2048  4.0745E-13  4.0745E-13  4.0745E-13  error s
  9     2048  4.0745E-13  4.0745E-13  4.0745E-13  error s
  9     2048  4.0745E-13  4.0745E-13  4.0745E-13  error s
  9     2048  4.0745E-13  4.0745E-13  4.0745E-13  error s
  9     2048  4.0745E-13  4.0745E-13  4.0745E-13  error s
  9     2048  4.0745E-13  4.0745E-13  4.0745E-13  error s
  9     2048  4.0745E-13  4.0745E-13  4.0745E-13  error s
  9     2048  4.0745E-13  4.0745E-13  4.0745E-13  error s
  9     2048  4.0745E-13  4.0745E-13  4.0745E-13  error s
  9     2048  4.0745E-13  4.0745E-13  4.0745E-13  error s
  9     2048  4.0745E-13  4.0745E-13  4.0745E-13  error s
  9     2048  4.0745E-13  4.0745E-13  4.0745E-13  error s
  9     2048  4.0745E-13  4.0745E-13  4.0745E-13  error s
  9     2048  4.0745E-13  4.0745E-13  4.0745E-13  error s
  9     2048  4.0745E-13  4.0745E-13  4.0745E-13  error s
  9     2048  4.0745E-13  4.0745E-13  4.0745E-13  error s
  9     2048  4.0745E-13  4.0745E-13  4.0745E-13  error s
  9     2048  4.0745E-13  4.0745E-13  4.0745E-13  error s
  9     2048  4.0745E-13  4.0745E-13  4.0745E-13  error s
  9     2048  4.0745E-13  4.0745E-13  4.0745E-13  error s
  9     2048  4.0745E-13  4.0745E-13  4.0745E-13  error s
  9     2048  4.0745E-13  4.0745E-13  4.0745E-13  error s
  9     2048  4.0745E-13  4.0745E-13  4.0745E-13  error s
  9     2048  4.0745E-13  4.0745E-13  4.0745E-13  error s
  9     2048  4.0745E-13  4.0745E-13  4.0745E-13  error s
  9     2048  4.0745E-13  4.0745E-13  4.0745E-13  error s
  9     2048  4.0745E-13  4.0745E-13  4.0745E-13  error s
 
nelt =      16, np =       128, nx1 =       9, elements =      2048
Solve Time =   0.1002E-08
 
nelt =      16, np =       128, nx1 =       9, elements =      2048
Solve Time =   0.9851E-09
 
nelt =      16, np =       128, nx1 =       9, elements =      2048
Solve Time =   0.9859E-09
 
nelt =      16, np =       128, nx1 =       9, elements =      2048
Solve Time =   0.9856E-09
 
nelt =      16, np =       128, nx1 =       9, elements =      2048
Solve Time =   0.9850E-09
 
nelt =      16, np =       128, nx1 =       9, elements =      2048
Solve Time =   0.9867E-09
 
nelt =      16, np =       128, nx1 =       9, elements =      2048
Solve Time =   0.9857E-09
 
nelt =      16, np =       128, nx1 =       9, elements =      2048
Solve Time =   0.9841E-09
 
nelt =      16, np =       128, nx1 =       9, elements =      2048
Solve Time =   0.9854E-09
 
nelt =      16, np =       128, nx1 =       9, elements =      2048
Solve Time =   0.9833E-09
  9     2048  4.0812E-13  4.0812E-13  4.0812E-13  error n
  9     2048  4.0812E-13  4.0812E-13  4.0812E-13  error n
  9     2048  4.0812E-13  4.0812E-13  4.0812E-13  error n
  9     2048  4.0812E-13  4.0812E-13  4.0812E-13  error n
  9     2048  4.0812E-13  4.0812E-13  4.0812E-13  error n
  9     2048  4.0812E-13  4.0812E-13  4.0812E-13  error n
  9     2048  4.0812E-13  4.0812E-13  4.0812E-13  error n
  9     2048  4.0812E-13  4.0812E-13  4.0812E-13  error n
  9     2048  4.0812E-13  4.0812E-13  4.0812E-13  error n
  9     2048  4.0812E-13  4.0812E-13  4.0812E-13  error n
  9     2048  4.0812E-13  4.0812E-13  4.0812E-13  error n
  9     2048  4.0812E-13  4.0812E-13  4.0812E-13  error n
  9     2048  4.0812E-13  4.0812E-13  4.0812E-13  error n
  9     2048  4.0812E-13  4.0812E-13  4.0812E-13  error n
  9     2048  4.0812E-13  4.0812E-13  4.0812E-13  error n
  9     2048  4.0812E-13  4.0812E-13  4.0812E-13  error n
  9     2048  4.0812E-13  4.0812E-13  4.0812E-13  error n
  9     2048  4.0812E-13  4.0812E-13  4.0812E-13  error n
  9     2048  4.0812E-13  4.0812E-13  4.0812E-13  error n
  9     2048  4.0812E-13  4.0812E-13  4.0812E-13  error n
  9     2048  4.0812E-13  4.0812E-13  4.0812E-13  error n
  9     2048  4.0812E-13  4.0812E-13  4.0812E-13  error n
  9     2048  4.0812E-13  4.0812E-13  4.0812E-13  error n
  9     2048  4.0812E-13  4.0812E-13  4.0812E-13  error n
  9     2048  4.0812E-13  4.0812E-13  4.0812E-13  error n
  9     2048  4.0812E-13  4.0812E-13  4.0812E-13  error n
  9     2048  4.0812E-13  4.0812E-13  4.0812E-13  error n
  9     2048  4.0812E-13  4.0812E-13  4.0812E-13  error n
  9     2048  4.0812E-13  4.0812E-13  4.0812E-13  error n
  9     2048  4.0812E-13  4.0812E-13  4.0812E-13  error n
  9     2048  4.0812E-13  4.0812E-13  4.0812E-13  error n
  9     2048  4.0812E-13  4.0812E-13  4.0812E-13  error n
  9     2048  4.0812E-13  4.0812E-13  4.0812E-13  error n
  9     2048  4.0812E-13  4.0812E-13  4.0812E-13  error n
  9     2048  4.0812E-13  4.0812E-13  4.0812E-13  error n
  9     2048  4.0812E-13  4.0812E-13  4.0812E-13  error n
  9     2048  4.0812E-13  4.0812E-13  4.0812E-13  error n
  9     2048  4.0812E-13  4.0812E-13  4.0812E-13  error n
  9     2048  4.0812E-13  4.0812E-13  4.0812E-13  error n
  9     2048  4.0812E-13  4.0812E-13  4.0812E-13  error n
  9     2048  4.0812E-13  4.0812E-13  4.0812E-13  error n
  9     2048  4.0812E-13  4.0812E-13  4.0812E-13  error n
  9     2048  4.0812E-13  4.0812E-13  4.0812E-13  error n
  9     2048  4.0812E-13  4.0812E-13  4.0812E-13  error n
  9     2048  4.0812E-13  4.0812E-13  4.0812E-13  error n
  9     2048  4.0812E-13  4.0812E-13  4.0812E-13  error n
   8     2048  100  0.0000E+00  0.0000E+00  0.0000E+00 time for 3 hmholtz
  9     2048  4.0812E-13  4.0812E-13  4.0812E-13  error n
  9     2048  4.0812E-13  4.0812E-13  4.0812E-13  error n
  9     2048  4.0812E-13  4.0812E-13  4.0812E-13  error n
  9     2048  4.0812E-13  4.0812E-13  4.0812E-13  error n
  9     2048  4.0812E-13  4.0812E-13  4.0812E-13  error n
  9     2048  4.0812E-13  4.0812E-13  4.0812E-13  error n
  9     2048  4.0812E-13  4.0812E-13  4.0812E-13  error n
  9     2048  4.0812E-13  4.0812E-13  4.0812E-13  error n
  9     2048  4.0812E-13  4.0812E-13  4.0812E-13  error n
  9     2048  4.0812E-13  4.0812E-13  4.0812E-13  error n
  9     2048  4.0812E-13  4.0812E-13  4.0812E-13  error n
  9     2048  4.0812E-13  4.0812E-13  4.0812E-13  error n
  9     2048  4.0812E-13  4.0812E-13  4.0812E-13  error n
  9     2048  4.0812E-13  4.0812E-13  4.0812E-13  error n
  9     2048  4.0812E-13  4.0812E-13  4.0812E-13  error n
  9     2048  4.0812E-13  4.0812E-13  4.0812E-13  error n
  9     2048  4.0812E-13  4.0812E-13  4.0812E-13  error n
  9     2048  4.0812E-13  4.0812E-13  4.0812E-13  error n
  9     2048  4.0812E-13  4.0812E-13  4.0812E-13  error n
  9     2048  4.0812E-13  4.0812E-13  4.0812E-13  error n
  9     2048  4.0812E-13  4.0812E-13  4.0812E-13  error n
  9     2048  4.0812E-13  4.0812E-13  4.0812E-13  error n
  9     2048  4.0812E-13  4.0812E-13  4.0812E-13  error n
  9     2048  4.0812E-13  4.0812E-13  4.0812E-13  error n
  9     2048  4.0812E-13  4.0812E-13  4.0812E-13  error n
  9     2048  4.0812E-13  4.0812E-13  4.0812E-13  error n
  9     2048  4.0812E-13  4.0812E-13  4.0812E-13  error n
  9     2048  4.0812E-13  4.0812E-13  4.0812E-13  error n
  9     2048  4.0812E-13  4.0812E-13  4.0812E-13  error n
  9     2048  4.0812E-13  4.0812E-13  4.0812E-13  error n
  9     2048  4.0812E-13  4.0812E-13  4.0812E-13  error n
  9     2048  4.0812E-13  4.0812E-13  4.0812E-13  error n
  9     2048  4.0812E-13  4.0812E-13  4.0812E-13  error n
  9     2048  4.0812E-13  4.0812E-13  4.0812E-13  error n
  9     2048  4.0812E-13  4.0812E-13  4.0812E-13  error n
  9     2048  4.0812E-13  4.0812E-13  4.0812E-13  error n
  9     2048  4.0812E-13  4.0812E-13  4.0812E-13  error n
  9     2048  4.0812E-13  4.0812E-13  4.0812E-13  error n
  9     2048  4.0812E-13  4.0812E-13  4.0812E-13  error n
  9     2048  4.0812E-13  4.0812E-13  4.0812E-13  error n
  9     2048  4.0812E-13  4.0812E-13  4.0812E-13  error n
  9     2048  4.0812E-13  4.0812E-13  4.0812E-13  error n
  9     2048  4.0812E-13  4.0812E-13  4.0812E-13  error n
  9     2048  4.0812E-13  4.0812E-13  4.0812E-13  error n
  9     2048  4.0812E-13  4.0812E-13  4.0812E-13  error n
  9     2048  4.0812E-13  4.0812E-13  4.0812E-13  error n
  9     2048  4.0812E-13  4.0812E-13  4.0812E-13  error n
  9     2048  4.0812E-13  4.0812E-13  4.0812E-13  error n
  9     2048  4.0812E-13  4.0812E-13  4.0812E-13  error n
  9     2048  4.0812E-13  4.0812E-13  4.0812E-13  error n
  9     2048  4.0812E-13  4.0812E-13  4.0812E-13  error n
  9     2048  4.0812E-13  4.0812E-13  4.0812E-13  error n
  9     2048  4.0812E-13  4.0812E-13  4.0812E-13  error n
  9     2048  4.0812E-13  4.0812E-13  4.0812E-13  error n
  9     2048  4.0812E-13  4.0812E-13  4.0812E-13  error n
  9     2048  4.0812E-13  4.0812E-13  4.0812E-13  error n
  9     2048  4.0812E-13  4.0812E-13  4.0812E-13  error n
EXIT: quit after cggov          8
  9     2048  4.0812E-13  4.0812E-13  4.0812E-13  error n
  9     2048  4.0812E-13  4.0812E-13  4.0812E-13  error n
  9     2048  4.0812E-13  4.0812E-13  4.0812E-13  error n
  9     2048  4.0812E-13  4.0812E-13  4.0812E-13  error n
  9     2048  4.0812E-13  4.0812E-13  4.0812E-13  error n
  9     2048  4.0812E-13  4.0812E-13  4.0812E-13  error n
  9     2048  4.0812E-13  4.0812E-13  4.0812E-13  error n
  9     2048  4.0812E-13  4.0812E-13  4.0812E-13  error n
  9     2048  4.0812E-13  4.0812E-13  4.0812E-13  error n
  9     2048  4.0812E-13  4.0812E-13  4.0812E-13  error n
  9     2048  4.0812E-13  4.0812E-13  4.0812E-13  error n
  9     2048  4.0812E-13  4.0812E-13  4.0812E-13  error n
  9     2048  4.0812E-13  4.0812E-13  4.0812E-13  error n
  9     2048  4.0812E-13  4.0812E-13  4.0812E-13  error n
  9     2048  4.0812E-13  4.0812E-13  4.0812E-13  error n
  9     2048  4.0812E-13  4.0812E-13  4.0812E-13  error n
  9     2048  4.0812E-13  4.0812E-13  4.0812E-13  error n
  9     2048  4.0812E-13  4.0812E-13  4.0812E-13  error n
  9     2048  4.0812E-13  4.0812E-13  4.0812E-13  error n
  9     2048  4.0812E-13  4.0812E-13  4.0812E-13  error n
  9     2048  4.0812E-13  4.0812E-13  4.0812E-13  error n
  9     2048  4.0812E-13  4.0812E-13  4.0812E-13  error n
  9     2048  4.0812E-13  4.0812E-13  4.0812E-13  error n
  9     2048  4.0812E-13  4.0812E-13  4.0812E-13  error n
  
call exitt: dying ...
  
  9     2048  4.0812E-13  4.0812E-13  4.0812E-13  error n
backtrace(): obtained 8 stack frames.
./nek5000() [0x77b845]
./nek5000() [0x95f589]
./nek5000() [0x40d86c]
./nek5000() [0x426a96]
./nek5000() [0x42504e]
./nek5000() [0x4054fe]
/lib64/libc.so.6(__libc_start_main+0xf5) [0x2aaab1ca3b25]
./nek5000() [0x405409]
  
total elapsed time             :   3.42465E+02 sec
total solver time incl. I/O    :   0.00000E+00 sec
time/timestep                  :   0.00000E+00 sec
CPU seconds/timestep/gridpt    :   0.00000E+00 sec

Application 2257273 resources: utime ~43549s, stime ~241s, Rss ~43308, inblocks ~0, outblocks ~0
