/----------------------------------------------------------\\
|      _   __ ______ __ __  ______  ____   ____   ____     |
|     / | / // ____// //_/ / ____/ / __ \\/ __ \\/ __ \\   |
|    /  |/ // __/  / ,<   /___ \\ / / / // / / // / / /    |
|   / /|  // /___ / /| | ____/ / / /_/ // /_/ // /_/ /     |
|  /_/ |_//_____//_/ |_|/_____/  \\___/ \\___/ \\___/      |
|                                                          |
|----------------------------------------------------------|
|                                                          |
| NEK5000:  Open Source Spectral Element Solver            |
| COPYRIGHT (c) 2008-2016 UCHICAGO ARGONNE, LLC            |
| Version:  16.0.0                                         |
| Web:      http://nek5000.mcs.anl.gov                     |
|                                                          |
\\----------------------------------------------------------/
                                                              

 Number of processors:         256
 REAL    wdsize      :           8
 INTEGER wdsize      :           4
 Timer accuracy      : 5.96E-07
 Reading /gpfs/theta-fs1/home/thilina/env/lx9/b9.rea                                                                                         

 mapping elements to processors
 Reading /gpfs/theta-fs1/home/thilina/env/lx9/b9.map                                                                                         
 RANK     0 IEG     457     458
 element load imbalance:            0           2           2
 done :: mapping elements to processors
  
           0  objects found
 118   Parameters from file:
   1      1.00000     p001 DENSITY
   2     -100.000     p002 VISCOS
   7      1.00000     p007 RHOCP
   8      1.00000     p008 CONDUCT
  11      1.00        p011 NSTEPS
  12    -0.500000E-02 p012 DT
  21     0.100000E-05 p021 DIVERGENCE
  22     0.100000E-07 p022 HELMHOLTZ
  24     0.100000E-09 p024 TOLREL
  25     0.100000E-09 p025 TOLABS
  26     0.250000     p026 COURANT/NTAU
  27      2.00000     p027 TORDER
  66      6.00000     p066 output : <0=ascii, else binary
  67      6.00000     p067 restart: <0=ascii, else binary
  99      3.00000     p099 dealiasing: <0--> off/3--> old/4--> new
 103     0.500000E-01 p103 weight of stabilizing filter (.01)
  
 nelgt/nelgv/lelt:         512         512         100
 lx1  /lx2  /lx3 :           9           9           9
 done :: read .rea file   0.89845     sec

 setup mesh topology
   Right-handed check complete for     512 elements. OK.
   setvert3d:   9       99107      274723       99107       99107
 call usrsetvert
 done :: usrsetvert

gs_setup: 66057 unique labels shared
   pairwise times (avg, min, max): 0.000133349 0.000118613 0.000147891
   crystal router                : 0.00018605 0.000183296 0.000190997
   all reduce                    : 0.00171033 0.00170002 0.00171971
   used all_to_all method: pairwise
   handle bytes (avg, min, max): 17653.5 11340 20412
   buffer bytes (avg, min, max): 12174.5 6768 14752
   setupds time 1.1825E-01 seconds   0  9       99107         512
           8  max multiplicity
 done :: setup mesh topology
  
 call usrdat
 done :: usrdat

 generate geometry data
 done :: generate geometry data
  
 call usrdat2
 done :: usrdat2

 regenerate geometry data           1
 NOTE: All elements deformed , param(59) ^=0
 done :: regenerate geometry data           1
  
 verify mesh topology
  0.000000000000000E+000   1.00000000000000       Xrange
  0.000000000000000E+000   1.00000000000000       Yrange
  0.000000000000000E+000   1.00000000000000       Zrange
 done :: verify mesh topology
  
 IFTRAN   = T
 IFFLOW   = T
 IFHEAT   = F
 IFSPLIT  = T
 IFLOMACH = F
 IFUSERVP = F
 IFUSERMV = F
 IFSTRS   = F
 IFCHAR   = F
 IFCYCLIC = F
 IFAXIS   = F
 IFMVBD   = F
 IFMELT   = F
 IFMODEL  = F
 IFKEPS   = F
 IFMOAB   = F
 IFNEKNEK = F
 IFSYNC   = T
   
 IFVCOR   = T
 IFINTQ   = F
 IFCWUZ   = F
 IFSWALL  = F
 IFGEOM   = F
 IFSURT   = F
 IFWCNO   = F
   
 IFTMSH for field           1    =  F
 IFADVC for field           1    =  T
 IFNONL for field           1    =  F
   
 Dealiasing enabled, lxd=          13
  
 Estimated eigenvalues
 EIGAA =    9.86960440108936     
 EIGGA =    413597.629283736     
 EIGAE =    9.86960440108936     
 EIGAS =   8.333333333333333E-002
 EIGGE =    413597.629283736     
 EIGGS =    2.00000000000000     
  
 verify mesh topology
  0.000000000000000E+000   1.00000000000000       Xrange
  0.000000000000000E+000   1.00000000000000       Yrange
  0.000000000000000E+000   1.00000000000000       Zrange
 done :: verify mesh topology
  
  E-solver strategy:  0 itr
 mg_nx:           1           5           8
 mg_ny:           1           5           8
 mg_nz:           1           5           8
 call usrsetvert
 done :: usrsetvert

gs_setup: 705 unique labels shared
   pairwise times (avg, min, max): 0.000106325 9.46999e-05 0.000120711
   crystal router                : 6.36304e-05 5.27859e-05 6.49929e-05
   all reduce                    : 0.000147123 0.000145912 0.000148416
   used all_to_all method: crystal router
   handle bytes (avg, min, max): 5881 5380 6460
   buffer bytes (avg, min, max): 651 496 720
   setupds time 1.0183E-02 seconds   1  2         729         512
   setvert3d:   4       11537       15633       11537       11537
 call usrsetvert
 done :: usrsetvert

gs_setup: 8497 unique labels shared
   pairwise times (avg, min, max): 0.00011179 9.35078e-05 0.000124788
   crystal router                : 6.4816e-05 6.40869e-05 6.54221e-05
   all reduce                    : 0.000664173 0.00066011 0.000669312
   used all_to_all method: crystal router
   handle bytes (avg, min, max): 29341 23524 33724
   buffer bytes (avg, min, max): 3780.5 2704 4560
   setupds time 2.5638E-02 seconds   2  4       11537         512
   setvert3d:   6       36185       68953       36185       36185
 call usrsetvert
 done :: usrsetvert

gs_setup: 24993 unique labels shared
   pairwise times (avg, min, max): 0.000114418 9.83e-05 0.000134802
   crystal router                : 9.49683e-05 9.41992e-05 9.61781e-05
   all reduce                    : 0.00125673 0.0012507 0.0012696
   used all_to_all method: crystal router
   handle bytes (avg, min, max): 72865 55252 84796
   buffer bytes (avg, min, max): 9371.5 6832 11216
   setupds time 5.6038E-02 seconds   3  6       36185         512
   setvert3d:   8       74673      185265       74673       74673
 call usrsetvert
 done :: usrsetvert

gs_setup: 50193 unique labels shared
   pairwise times (avg, min, max): 0.000115106 0.000101185 0.000127387
   crystal router                : 0.000100556 9.91106e-05 0.000102806
   all reduce                    : 0.00128591 0.00128021 0.00129189
   used all_to_all method: crystal router
   handle bytes (avg, min, max): 136453 100804 159676
   buffer bytes (avg, min, max): 17593.5 12464 20688
   setupds time 4.9928E-02 seconds   4  8       74673         512
 regenerate geometry data           1
 NOTE: All elements deformed , param(59) ^=0
 done :: regenerate geometry data           1
  
 h1_mg_nx:           1           3           8
 h1_mg_ny:           1           3           8
 h1_mg_nz:           1           3           8
 call usrsetvert
 done :: usrsetvert

gs_setup: 705 unique labels shared
   pairwise times (avg, min, max): 0.000105496 9.15051e-05 0.000120902
   crystal router                : 5.72786e-05 5.64814e-05 5.82933e-05
   all reduce                    : 0.000175618 0.0001719 0.000185609
   used all_to_all method: crystal router
   handle bytes (avg, min, max): 5881 5380 6460
   buffer bytes (avg, min, max): 651 496 720
   setupds time 1.0918E-02 seconds   5  2         729         512
   setvert3d:   4       11537       15633       11537       11537
 call usrsetvert
 done :: usrsetvert

gs_setup: 8497 unique labels shared
   pairwise times (avg, min, max): 0.000112243 9.98974e-05 0.000125909
   crystal router                : 7.2726e-05 7.16925e-05 7.38144e-05
   all reduce                    : 0.000707851 0.000704789 0.000715399
   used all_to_all method: crystal router
   handle bytes (avg, min, max): 29341 23524 33724
   buffer bytes (avg, min, max): 3780.5 2704 4560
   setupds time 3.0349E-02 seconds   6  4       11537         512
   setvert3d:   4       11537       15633       11537       11537
 call usrsetvert
 done :: usrsetvert

gs_setup: 8497 unique labels shared
   pairwise times (avg, min, max): 0.000104409 9.06229e-05 0.000114512
   crystal router                : 6.94804e-05 6.57082e-05 7.08103e-05
   all reduce                    : 0.000658426 0.000654101 0.000666285
   used all_to_all method: crystal router
   handle bytes (avg, min, max): 29341 23524 33724
   buffer bytes (avg, min, max): 3780.5 2704 4560
   setupds time 1.9072E-02 seconds   7  4       11537         512
   setvert3d:   6       36185       68953       36185       36185
 call usrsetvert
 done :: usrsetvert

gs_setup: 24993 unique labels shared
   pairwise times (avg, min, max): 0.000108959 9.21965e-05 0.000124097
   crystal router                : 8.67661e-05 8.59976e-05 8.78096e-05
   all reduce                    : 0.0012446 0.0012388 0.00125549
   used all_to_all method: crystal router
   handle bytes (avg, min, max): 72865 55252 84796
   buffer bytes (avg, min, max): 9371.5 6832 11216
   setupds time 4.7893E-02 seconds   8  6       36185         512
   setvert3d:   9       99107      274723       99107       99107
 call usrsetvert
 done :: usrsetvert

gs_setup: 66057 unique labels shared
   pairwise times (avg, min, max): 0.000116026 9.88007e-05 0.000130892
   crystal router                : 0.000126474 0.000125098 0.000127888
   all reduce                    : 0.00161535 0.00160608 0.0016264
   used all_to_all method: crystal router
   handle bytes (avg, min, max): 175771 128764 206044
   buffer bytes (avg, min, max): 22693 15904 26480
   setupds time 7.0876E-02 seconds   9  9       99107         512
   setvert3d:  11      158355      531603      158355      158355
 call usrsetvert
 done :: usrsetvert

gs_setup: 104313 unique labels shared
   pairwise times (avg, min, max): 0.000121094 0.000103283 0.000136399
   crystal router                : 0.00016702 0.0001647 0.000169802
   used all_to_all method: pairwise
   handle bytes (avg, min, max): 26423.5 16940 30524
   buffer bytes (avg, min, max): 17866.5 10032 21536
   setupds time 3.1970E-02 seconds  10 11      158355         512
 setup h1 coarse grid, nx_crs=           2
 call usrsetvert
 done :: usrsetvert

gs_setup: 705 unique labels shared
   pairwise times (avg, min, max): 0.000100091 8.87156e-05 0.000114298
   crystal router                : 6.0027e-05 5.8794e-05 6.09159e-05
   all reduce                    : 0.000153881 0.000153279 0.0001544
   used all_to_all method: crystal router
   handle bytes (avg, min, max): 5881 5380 6460
   buffer bytes (avg, min, max): 651 496 720
 done :: setup h1 coarse grid   3.363680839538574E-002  sec
  
 call usrdat3
 done :: usrdat3

 set initial conditions
 nekuic (1) for ifld            1
 call nekuic for vel  
 xyz min     0.0000       0.0000       0.0000    
 uvwpt min   0.0000       0.0000       0.0000       0.0000       0.0000    
 PS min      0.0000       0.0000      0.99000E+22
 xyz max     1.0000       1.0000       1.0000    
 uvwpt max   0.0000       0.0000       0.0000       0.0000       0.0000    
 PS max      0.0000       0.0000     -0.99000E+22
 done :: set initial conditions
  
 call userchk
GFM max:  3.2050E-03  3.2050E-03  3.2050E-03  1.1880E-16  1.1880E-16  1.1880E-16
 
nelt =       2, np =       256, nx1 =       9, elements =       512
Solve Time =   0.8877E-09
 
nelt =       2, np =       256, nx1 =       9, elements =       512
Solve Time =   0.8433E-09
 
nelt =       2, np =       256, nx1 =       9, elements =       512
Solve Time =   0.8465E-09
 
nelt =       2, np =       256, nx1 =       9, elements =       512
Solve Time =   0.8602E-09
 
nelt =       2, np =       256, nx1 =       9, elements =       512
Solve Time =   0.8490E-09
 
nelt =       2, np =       256, nx1 =       9, elements =       512
Solve Time =   0.8412E-09
 
nelt =       2, np =       256, nx1 =       9, elements =       512
Solve Time =   0.8372E-09
 
nelt =       2, np =       256, nx1 =       9, elements =       512
Solve Time =   0.8526E-09
 
nelt =       2, np =       256, nx1 =       9, elements =       512
Solve Time =   0.8389E-09
 
nelt =       2, np =       256, nx1 =       9, elements =       512
Solve Time =   0.8445E-09
 
nelt =       2, np =       256, nx1 =       9, elements =       512
Solve Time =   0.4842E-09
 
nelt =       2, np =       256, nx1 =       9, elements =       512
Solve Time =   0.4621E-09
 
nelt =       2, np =       256, nx1 =       9, elements =       512
Solve Time =   0.4679E-09
 
nelt =       2, np =       256, nx1 =       9, elements =       512
Solve Time =   0.4613E-09
 
nelt =       2, np =       256, nx1 =       9, elements =       512
Solve Time =   0.4660E-09
 
nelt =       2, np =       256, nx1 =       9, elements =       512
Solve Time =   0.4651E-09
 
nelt =       2, np =       256, nx1 =       9, elements =       512
Solve Time =   0.4664E-09
 
nelt =       2, np =       256, nx1 =       9, elements =       512
Solve Time =   0.4724E-09
 
nelt =       2, np =       256, nx1 =       9, elements =       512
Solve Time =   0.4804E-09
 
nelt =       2, np =       256, nx1 =       9, elements =       512
Solve Time =   0.4617E-09
 
nelt =       2, np =       256, nx1 =       9, elements =       512
Solve Time =   0.7767E-09
 
nelt =       2, np =       256, nx1 =       9, elements =       512
Solve Time =   0.7592E-09
 
nelt =       2, np =       256, nx1 =       9, elements =       512
Solve Time =   0.7604E-09
 
nelt =       2, np =       256, nx1 =       9, elements =       512
Solve Time =   0.7565E-09
 
nelt =       2, np =       256, nx1 =       9, elements =       512
Solve Time =   0.7515E-09
 
nelt =       2, np =       256, nx1 =       9, elements =       512
Solve Time =   0.7624E-09
 
nelt =       2, np =       256, nx1 =       9, elements =       512
Solve Time =   0.7599E-09
 
nelt =       2, np =       256, nx1 =       9, elements =       512
Solve Time =   0.7574E-09
 
nelt =       2, np =       256, nx1 =       9, elements =       512
Solve Time =   0.7612E-09
 
nelt =       2, np =       256, nx1 =       9, elements =       512
Solve Time =   0.7684E-09
 
nelt =       2, np =       256, nx1 =       9, elements =       512
Solve Time =   0.9455E-09
 
nelt =       2, np =       256, nx1 =       9, elements =       512
Solve Time =   0.9327E-09
 
nelt =       2, np =       256, nx1 =       9, elements =       512
Solve Time =   0.9252E-09
 
nelt =       2, np =       256, nx1 =       9, elements =       512
Solve Time =   0.9298E-09
 
nelt =       2, np =       256, nx1 =       9, elements =       512
Solve Time =   0.9100E-09
 
nelt =       2, np =       256, nx1 =       9, elements =       512
Solve Time =   0.9152E-09
 
nelt =       2, np =       256, nx1 =       9, elements =       512
Solve Time =   0.9263E-09
 
nelt =       2, np =       256, nx1 =       9, elements =       512
Solve Time =   0.9208E-09
 
nelt =       2, np =       256, nx1 =       9, elements =       512
Solve Time =   0.9256E-09
 
nelt =       2, np =       256, nx1 =       9, elements =       512
Solve Time =   0.9269E-09
 
nelt =       2, np =       256, nx1 =       9, elements =       512
Solve Time =   0.1098E-08
 
nelt =       2, np =       256, nx1 =       9, elements =       512
Solve Time =   0.1089E-08
 
nelt =       2, np =       256, nx1 =       9, elements =       512
Solve Time =   0.1085E-08
 
nelt =       2, np =       256, nx1 =       9, elements =       512
Solve Time =   0.1078E-08
 
nelt =       2, np =       256, nx1 =       9, elements =       512
Solve Time =   0.1080E-08
 
nelt =       2, np =       256, nx1 =       9, elements =       512
Solve Time =   0.1080E-08
 
nelt =       2, np =       256, nx1 =       9, elements =       512
Solve Time =   0.1085E-08
 
nelt =       2, np =       256, nx1 =       9, elements =       512
Solve Time =   0.1084E-08
 
nelt =       2, np =       256, nx1 =       9, elements =       512
Solve Time =   0.1095E-08
 
nelt =       2, np =       256, nx1 =       9, elements =       512
Solve Time =   0.1148E-08
 schfile:
 /gpfs/theta-fs1/home/thilina/env/lx9/b9.sch                                    
                                                      
  9      512  1.0000E+00  1.0000E+00  1.0000E+00  error v
  9      512  1.0000E+00  1.0000E+00  1.0000E+00  error v
  9      512  1.0000E+00  1.0000E+00  1.0000E+00  error v
  9      512  1.0000E+00  1.0000E+00  1.0000E+00  error v
  9      512  1.0000E+00  1.0000E+00  1.0000E+00  error v
  9      512  1.0000E+00  1.0000E+00  1.0000E+00  error v
  9      512  1.0000E+00  1.0000E+00  1.0000E+00  error v
  9      512  1.0000E+00  1.0000E+00  1.0000E+00  error v
  9      512  1.0000E+00  1.0000E+00  1.0000E+00  error v
  9      512  1.0000E+00  1.0000E+00  1.0000E+00  error v
  9      512  1.0000E+00  1.0000E+00  1.0000E+00  error v
  9      512  1.0000E+00  1.0000E+00  1.0000E+00  error v
  9      512  1.0000E+00  1.0000E+00  1.0000E+00  error v
  9      512  1.0000E+00  1.0000E+00  1.0000E+00  error v
  9      512  1.0000E+00  1.0000E+00  1.0000E+00  error v
  9      512  1.0000E+00  1.0000E+00  1.0000E+00  error v
  9      512  1.0000E+00  1.0000E+00  1.0000E+00  error v
  9      512  1.0000E+00  1.0000E+00  1.0000E+00  error v
  9      512  1.0000E+00  1.0000E+00  1.0000E+00  error v
  9      512  1.0000E+00  1.0000E+00  1.0000E+00  error v
  9      512  1.0000E+00  1.0000E+00  1.0000E+00  error v
  9      512  1.0000E+00  1.0000E+00  1.0000E+00  error v
  9      512  1.0000E+00  1.0000E+00  1.0000E+00  error v
  9      512  1.0000E+00  1.0000E+00  1.0000E+00  error v
  9      512  1.0000E+00  1.0000E+00  1.0000E+00  error v
  9      512  1.0000E+00  1.0000E+00  1.0000E+00  error v
  9      512  1.0000E+00  1.0000E+00  1.0000E+00  error v
  9      512  1.0000E+00  1.0000E+00  1.0000E+00  error v
  9      512  1.0000E+00  1.0000E+00  1.0000E+00  error v
  9      512  1.0000E+00  1.0000E+00  1.0000E+00  error v
  9      512  1.0000E+00  1.0000E+00  1.0000E+00  error v
  9      512  1.0000E+00  1.0000E+00  1.0000E+00  error v
  9      512  1.0000E+00  1.0000E+00  1.0000E+00  error v
  9      512  1.0000E+00  1.0000E+00  1.0000E+00  error v
  9      512  1.0000E+00  1.0000E+00  1.0000E+00  error v
  9      512  1.0000E+00  1.0000E+00  1.0000E+00  error v
  9      512  1.0000E+00  1.0000E+00  1.0000E+00  error v
  9      512  1.0000E+00  1.0000E+00  1.0000E+00  error v
  9      512  1.0000E+00  1.0000E+00  1.0000E+00  error v
  9      512  1.0000E+00  1.0000E+00  1.0000E+00  error v
  9      512  1.0000E+00  1.0000E+00  1.0000E+00  error v
  9      512  1.0000E+00  1.0000E+00  1.0000E+00  error v
  9      512  1.0000E+00  1.0000E+00  1.0000E+00  error v
  9      512  1.0000E+00  1.0000E+00  1.0000E+00  error v
  9      512  1.0000E+00  1.0000E+00  1.0000E+00  error v
  9      512  1.0000E+00  1.0000E+00  1.0000E+00  error v
  9      512  1.0000E+00  1.0000E+00  1.0000E+00  error v
  9      512  1.0000E+00  1.0000E+00  1.0000E+00  error v
  9      512  1.0000E+00  1.0000E+00  1.0000E+00  error v
  9      512  1.0000E+00  1.0000E+00  1.0000E+00  error v
  9      512  1.0000E+00  1.0000E+00  1.0000E+00  error v
  9      512  1.0000E+00  1.0000E+00  1.0000E+00  error v
  9      512  1.0000E+00  1.0000E+00  1.0000E+00  error v
  9      512  1.0000E+00  1.0000E+00  1.0000E+00  error v
  9      512  1.0000E+00  1.0000E+00  1.0000E+00  error v
  9      512  1.0000E+00  1.0000E+00  1.0000E+00  error v
  9      512  1.0000E+00  1.0000E+00  1.0000E+00  error v
  9      512  1.0000E+00  1.0000E+00  1.0000E+00  error v
  9      512  1.0000E+00  1.0000E+00  1.0000E+00  error v
  9      512  1.0000E+00  1.0000E+00  1.0000E+00  error v
  9      512  1.0000E+00  1.0000E+00  1.0000E+00  error v
  9      512  1.0000E+00  1.0000E+00  1.0000E+00  error v
  9      512  1.0000E+00  1.0000E+00  1.0000E+00  error v
  9      512  1.0000E+00  1.0000E+00  1.0000E+00  error v
  9      512  1.0000E+00  1.0000E+00  1.0000E+00  error v
  9      512  1.0000E+00  1.0000E+00  1.0000E+00  error v
  9      512  1.0000E+00  1.0000E+00  1.0000E+00  error v
  9      512  1.0000E+00  1.0000E+00  1.0000E+00  error v
  9      512  1.0000E+00  1.0000E+00  1.0000E+00  error v
  9      512  1.0000E+00  1.0000E+00  1.0000E+00  error v
  9      512  1.0000E+00  1.0000E+00  1.0000E+00  error v
  9      512  1.0000E+00  1.0000E+00  1.0000E+00  error v
  9      512  1.0000E+00  1.0000E+00  1.0000E+00  error v
  9      512  1.0000E+00  1.0000E+00  1.0000E+00  error v
  9      512  1.0000E+00  1.0000E+00  1.0000E+00  error v
  9      512  1.0000E+00  1.0000E+00  1.0000E+00  error v
  9      512  1.0000E+00  1.0000E+00  1.0000E+00  error v
  9      512  1.0000E+00  1.0000E+00  1.0000E+00  error v
  9      512  1.0000E+00  1.0000E+00  1.0000E+00  error v
  9      512  1.0000E+00  1.0000E+00  1.0000E+00  error v
  9      512  1.0000E+00  1.0000E+00  1.0000E+00  error v
  9      512  1.0000E+00  1.0000E+00  1.0000E+00  error v
  9      512  1.0000E+00  1.0000E+00  1.0000E+00  error v
  9      512  1.0000E+00  1.0000E+00  1.0000E+00  error v
  9      512  1.0000E+00  1.0000E+00  1.0000E+00  error v
  9      512  1.0000E+00  1.0000E+00  1.0000E+00  error v
  9      512  1.0000E+00  1.0000E+00  1.0000E+00  error v
  9      512  1.0000E+00  1.0000E+00  1.0000E+00  error v
  9      512  1.0000E+00  1.0000E+00  1.0000E+00  error v
  9      512  1.0000E+00  1.0000E+00  1.0000E+00  error v
  9      512  1.0000E+00  1.0000E+00  1.0000E+00  error v
  9      512  1.0000E+00  1.0000E+00  1.0000E+00  error v
  9      512  1.0000E+00  1.0000E+00  1.0000E+00  error v
  9      512  1.0000E+00  1.0000E+00  1.0000E+00  error v
  9      512  1.0000E+00  1.0000E+00  1.0000E+00  error v
  9      512  1.0000E+00  1.0000E+00  1.0000E+00  error v
  9      512  1.0000E+00  1.0000E+00  1.0000E+00  error v
  9      512  1.0000E+00  1.0000E+00  1.0000E+00  error v
  9      512  1.0000E+00  1.0000E+00  1.0000E+00  error v
  9      512  1.0000E+00  1.0000E+00  1.0000E+00  error v
  9      512  1.0000E+00  1.0000E+00  1.0000E+00  error v
  9      512  1.0000E+00  1.0000E+00  1.0000E+00  error v
  9      512  1.0000E+00  1.0000E+00  1.0000E+00  error v
  9      512  1.0000E+00  1.0000E+00  1.0000E+00  error v
  9      512  1.0000E+00  1.0000E+00  1.0000E+00  error v
  9      512  1.0000E+00  1.0000E+00  1.0000E+00  error v
  9      512  1.0000E+00  1.0000E+00  1.0000E+00  error v
  9      512  1.0000E+00  1.0000E+00  1.0000E+00  error v
  9      512  1.0000E+00  1.0000E+00  1.0000E+00  error v
  9      512  1.0000E+00  1.0000E+00  1.0000E+00  error v
  9      512  1.0000E+00  1.0000E+00  1.0000E+00  error v
  9      512  1.0000E+00  1.0000E+00  1.0000E+00  error v
  9      512  1.0000E+00  1.0000E+00  1.0000E+00  error v
  9      512  1.0000E+00  1.0000E+00  1.0000E+00  error v
  9      512  1.0000E+00  1.0000E+00  1.0000E+00  error v
  9      512  1.0000E+00  1.0000E+00  1.0000E+00  error v
  9      512  1.0000E+00  1.0000E+00  1.0000E+00  error v
  9      512  1.0000E+00  1.0000E+00  1.0000E+00  error v
  9      512  1.0000E+00  1.0000E+00  1.0000E+00  error v
  9      512  1.0000E+00  1.0000E+00  1.0000E+00  error v
  9      512  1.0000E+00  1.0000E+00  1.0000E+00  error v
  9      512  1.0000E+00  1.0000E+00  1.0000E+00  error v
  9      512  1.0000E+00  1.0000E+00  1.0000E+00  error v
  9      512  1.0000E+00  1.0000E+00  1.0000E+00  error v
  9      512  1.0000E+00  1.0000E+00  1.0000E+00  error v
  9      512  1.0000E+00  1.0000E+00  1.0000E+00  error v
  9      512  1.0000E+00  1.0000E+00  1.0000E+00  error v
  9      512  1.0000E+00  1.0000E+00  1.0000E+00  error v
  9      512  1.0000E+00  1.0000E+00  1.0000E+00  error v
  9      512  1.0000E+00  1.0000E+00  1.0000E+00  error v
  9      512  1.0000E+00  1.0000E+00  1.0000E+00  error v
  9      512  1.0000E+00  1.0000E+00  1.0000E+00  error v
  9      512  1.0000E+00  1.0000E+00  1.0000E+00  error v
  9      512  1.0000E+00  1.0000E+00  1.0000E+00  error v
  9      512  1.0000E+00  1.0000E+00  1.0000E+00  error v
  9      512  1.0000E+00  1.0000E+00  1.0000E+00  error v
  9      512  1.0000E+00  1.0000E+00  1.0000E+00  error v
  9      512  1.0000E+00  1.0000E+00  1.0000E+00  error v
  9      512  1.0000E+00  1.0000E+00  1.0000E+00  error v
  9      512  1.0000E+00  1.0000E+00  1.0000E+00  error v
  9      512  1.0000E+00  1.0000E+00  1.0000E+00  error v
  9      512  1.0000E+00  1.0000E+00  1.0000E+00  error v
  9      512  1.0000E+00  1.0000E+00  1.0000E+00  error v
  9      512  1.0000E+00  1.0000E+00  1.0000E+00  error v
  9      512  1.0000E+00  1.0000E+00  1.0000E+00  error v
  9      512  1.0000E+00  1.0000E+00  1.0000E+00  error v
  9      512  1.0000E+00  1.0000E+00  1.0000E+00  error v
  9      512  1.0000E+00  1.0000E+00  1.0000E+00  error v
  9      512  1.0000E+00  1.0000E+00  1.0000E+00  error v
  9      512  1.0000E+00  1.0000E+00  1.0000E+00  error v
  9      512  1.0000E+00  1.0000E+00  1.0000E+00  error v
  9      512  1.0000E+00  1.0000E+00  1.0000E+00  error v
  9      512  1.0000E+00  1.0000E+00  1.0000E+00  error v
  9      512  1.0000E+00  1.0000E+00  1.0000E+00  error v
  9      512  1.0000E+00  1.0000E+00  1.0000E+00  error v
  9      512  1.0000E+00  1.0000E+00  1.0000E+00  error v
  9      512  1.0000E+00  1.0000E+00  1.0000E+00  error v
  9      512  1.0000E+00  1.0000E+00  1.0000E+00  error v
  9      512  1.0000E+00  1.0000E+00  1.0000E+00  error v
  9      512  1.0000E+00  1.0000E+00  1.0000E+00  error v
  9      512  1.0000E+00  1.0000E+00  1.0000E+00  error v
  9      512  1.0000E+00  1.0000E+00  1.0000E+00  error v
  9      512  1.0000E+00  1.0000E+00  1.0000E+00  error v
  9      512  1.0000E+00  1.0000E+00  1.0000E+00  error v
  9      512  1.0000E+00  1.0000E+00  1.0000E+00  error v
  9      512  1.0000E+00  1.0000E+00  1.0000E+00  error v
  9      512  1.0000E+00  1.0000E+00  1.0000E+00  error v
  9      512  1.0000E+00  1.0000E+00  1.0000E+00  error v
  9      512  1.0000E+00  1.0000E+00  1.0000E+00  error v
  9      512  1.0000E+00  1.0000E+00  1.0000E+00  error v
  9      512  1.0000E+00  1.0000E+00  1.0000E+00  error v
  9      512  1.0000E+00  1.0000E+00  1.0000E+00  error v
  9      512  1.0000E+00  1.0000E+00  1.0000E+00  error v
  9      512  1.0000E+00  1.0000E+00  1.0000E+00  error v
  9      512  1.0000E+00  1.0000E+00  1.0000E+00  error v
  9      512  1.0000E+00  1.0000E+00  1.0000E+00  error v
  9      512  1.0000E+00  1.0000E+00  1.0000E+00  error v
  9      512  1.0000E+00  1.0000E+00  1.0000E+00  error v
  9      512  1.0000E+00  1.0000E+00  1.0000E+00  error v
  9      512  1.0000E+00  1.0000E+00  1.0000E+00  error v
  9      512  1.0000E+00  1.0000E+00  1.0000E+00  error v
  9      512  1.0000E+00  1.0000E+00  1.0000E+00  error v
  9      512  1.0000E+00  1.0000E+00  1.0000E+00  error v
  9      512  1.0000E+00  1.0000E+00  1.0000E+00  error v
  9      512  1.0000E+00  1.0000E+00  1.0000E+00  error v
  9      512  1.0000E+00  1.0000E+00  1.0000E+00  error v
  9      512  1.0000E+00  1.0000E+00  1.0000E+00  error v
  9      512  1.0000E+00  1.0000E+00  1.0000E+00  error v
  9      512  1.0000E+00  1.0000E+00  1.0000E+00  error v
  9      512  1.0000E+00  1.0000E+00  1.0000E+00  error v
  9      512  1.0000E+00  1.0000E+00  1.0000E+00  error v
  9      512  1.0000E+00  1.0000E+00  1.0000E+00  error v
  9      512  1.0000E+00  1.0000E+00  1.0000E+00  error v
  9      512  1.0000E+00  1.0000E+00  1.0000E+00  error v
  9      512  1.0000E+00  1.0000E+00  1.0000E+00  error v
  9      512  1.0000E+00  1.0000E+00  1.0000E+00  error v
  9      512  1.0000E+00  1.0000E+00  1.0000E+00  error v
  9      512  1.0000E+00  1.0000E+00  1.0000E+00  error v
  9      512  1.0000E+00  1.0000E+00  1.0000E+00  error v
  9      512  1.0000E+00  1.0000E+00  1.0000E+00  error v
  9      512  1.0000E+00  1.0000E+00  1.0000E+00  error v
  9      512  1.0000E+00  1.0000E+00  1.0000E+00  error v
  9      512  1.0000E+00  1.0000E+00  1.0000E+00  error v
  9      512  1.0000E+00  1.0000E+00  1.0000E+00  error v
  9      512  1.0000E+00  1.0000E+00  1.0000E+00  error v
  9      512  1.0000E+00  1.0000E+00  1.0000E+00  error v
  9      512  1.0000E+00  1.0000E+00  1.0000E+00  error v
  9      512  1.0000E+00  1.0000E+00  1.0000E+00  error v
  9      512  1.0000E+00  1.0000E+00  1.0000E+00  error v
  9      512  1.0000E+00  1.0000E+00  1.0000E+00  error v
  9      512  1.0000E+00  1.0000E+00  1.0000E+00  error v
  9      512  1.0000E+00  1.0000E+00  1.0000E+00  error v
  9      512  1.0000E+00  1.0000E+00  1.0000E+00  error v
  9      512  1.0000E+00  1.0000E+00  1.0000E+00  error v
  9      512  1.0000E+00  1.0000E+00  1.0000E+00  error v
  9      512  1.0000E+00  1.0000E+00  1.0000E+00  error v
  9      512  1.0000E+00  1.0000E+00  1.0000E+00  error v
  9      512  1.0000E+00  1.0000E+00  1.0000E+00  error v
  9      512  1.0000E+00  1.0000E+00  1.0000E+00  error v
  9      512  1.0000E+00  1.0000E+00  1.0000E+00  error v
  9      512  1.0000E+00  1.0000E+00  1.0000E+00  error v
  9      512  1.0000E+00  1.0000E+00  1.0000E+00  error v
  9      512  1.0000E+00  1.0000E+00  1.0000E+00  error v
  9      512  1.0000E+00  1.0000E+00  1.0000E+00  error v
  9      512  1.0000E+00  1.0000E+00  1.0000E+00  error v
  9      512  1.0000E+00  1.0000E+00  1.0000E+00  error v
  9      512  1.0000E+00  1.0000E+00  1.0000E+00  error v
  9      512  1.0000E+00  1.0000E+00  1.0000E+00  error v
  9      512  1.0000E+00  1.0000E+00  1.0000E+00  error v
  9      512  1.0000E+00  1.0000E+00  1.0000E+00  error v
  9      512  1.0000E+00  1.0000E+00  1.0000E+00  error v
  9      512  1.0000E+00  1.0000E+00  1.0000E+00  error v
  9      512  1.0000E+00  1.0000E+00  1.0000E+00  error v
  9      512  1.0000E+00  1.0000E+00  1.0000E+00  error v
  9      512  1.0000E+00  1.0000E+00  1.0000E+00  error v
  9      512  1.0000E+00  1.0000E+00  1.0000E+00  error v
  9      512  1.0000E+00  1.0000E+00  1.0000E+00  error v
  9      512  1.0000E+00  1.0000E+00  1.0000E+00  error v
  9      512  1.0000E+00  1.0000E+00  1.0000E+00  error v
  9      512  1.0000E+00  1.0000E+00  1.0000E+00  error v
  9      512  1.0000E+00  1.0000E+00  1.0000E+00  error v
  9      512  1.0000E+00  1.0000E+00  1.0000E+00  error v
  9      512  1.0000E+00  1.0000E+00  1.0000E+00  error v
  9      512  1.0000E+00  1.0000E+00  1.0000E+00  error v
  9      512  1.0000E+00  1.0000E+00  1.0000E+00  error v
  9      512  1.0000E+00  1.0000E+00  1.0000E+00  error v
  9      512  1.0000E+00  1.0000E+00  1.0000E+00  error v
  9      512  1.0000E+00  1.0000E+00  1.0000E+00  error v
  9      512  1.0000E+00  1.0000E+00  1.0000E+00  error v
  9      512  1.0000E+00  1.0000E+00  1.0000E+00  error v
  9      512  1.0000E+00  1.0000E+00  1.0000E+00  error v
  9      512  1.0000E+00  1.0000E+00  1.0000E+00  error v
  9      512  1.0000E+00  1.0000E+00  1.0000E+00  error v
  9      512  1.0000E+00  1.0000E+00  1.0000E+00  error v
  9      512  1.0000E+00  1.0000E+00  1.0000E+00  error v
  9      512  1.0000E+00  1.0000E+00  1.0000E+00  error v
 
nelt =       2, np =       256, nx1 =       9, elements =       512
Solve Time =   0.1567E-08
 
nelt =       2, np =       256, nx1 =       9, elements =       512
Solve Time =   0.1489E-08
 
nelt =       2, np =       256, nx1 =       9, elements =       512
Solve Time =   0.1492E-08
 
nelt =       2, np =       256, nx1 =       9, elements =       512
Solve Time =   0.1510E-08
 
nelt =       2, np =       256, nx1 =       9, elements =       512
Solve Time =   0.1502E-08
 
nelt =       2, np =       256, nx1 =       9, elements =       512
Solve Time =   0.1494E-08
 
nelt =       2, np =       256, nx1 =       9, elements =       512
Solve Time =   0.1485E-08
 
nelt =       2, np =       256, nx1 =       9, elements =       512
Solve Time =   0.1487E-08
 
nelt =       2, np =       256, nx1 =       9, elements =       512
Solve Time =   0.1492E-08
 
nelt =       2, np =       256, nx1 =       9, elements =       512
Solve Time =   0.1500E-08
  9      512  1.7542E-14  1.7542E-14  1.7542E-14  error s
  9      512  1.7542E-14  1.7542E-14  1.7542E-14  error s
  9      512  1.7542E-14  1.7542E-14  1.7542E-14  error s
  9      512  1.7542E-14  1.7542E-14  1.7542E-14  error s
  9      512  1.7542E-14  1.7542E-14  1.7542E-14  error s
  9      512  1.7542E-14  1.7542E-14  1.7542E-14  error s
  9      512  1.7542E-14  1.7542E-14  1.7542E-14  error s
  9      512  1.7542E-14  1.7542E-14  1.7542E-14  error s
  9      512  1.7542E-14  1.7542E-14  1.7542E-14  error s
  9      512  1.7542E-14  1.7542E-14  1.7542E-14  error s
  9      512  1.7542E-14  1.7542E-14  1.7542E-14  error s
  9      512  1.7542E-14  1.7542E-14  1.7542E-14  error s
  9      512  1.7542E-14  1.7542E-14  1.7542E-14  error s
  9      512  1.7542E-14  1.7542E-14  1.7542E-14  error s
  9      512  1.7542E-14  1.7542E-14  1.7542E-14  error s
  9      512  1.7542E-14  1.7542E-14  1.7542E-14  error s
  9      512  1.7542E-14  1.7542E-14  1.7542E-14  error s
  9      512  1.7542E-14  1.7542E-14  1.7542E-14  error s
  9      512  1.7542E-14  1.7542E-14  1.7542E-14  error s
  9      512  1.7542E-14  1.7542E-14  1.7542E-14  error s
  9      512  1.7542E-14  1.7542E-14  1.7542E-14  error s
  9      512  1.7542E-14  1.7542E-14  1.7542E-14  error s
  9      512  1.7542E-14  1.7542E-14  1.7542E-14  error s
  9      512  1.7542E-14  1.7542E-14  1.7542E-14  error s
  9      512  1.7542E-14  1.7542E-14  1.7542E-14  error s
  9      512  1.7542E-14  1.7542E-14  1.7542E-14  error s
  9      512  1.7542E-14  1.7542E-14  1.7542E-14  error s
  9      512  1.7542E-14  1.7542E-14  1.7542E-14  error s
  9      512  1.7542E-14  1.7542E-14  1.7542E-14  error s
  9      512  1.7542E-14  1.7542E-14  1.7542E-14  error s
  9      512  1.7542E-14  1.7542E-14  1.7542E-14  error s
  9      512  1.7542E-14  1.7542E-14  1.7542E-14  error s
  9      512  1.7542E-14  1.7542E-14  1.7542E-14  error s
  9      512  1.7542E-14  1.7542E-14  1.7542E-14  error s
  9      512  1.7542E-14  1.7542E-14  1.7542E-14  error s
  9      512  1.7542E-14  1.7542E-14  1.7542E-14  error s
  9      512  1.7542E-14  1.7542E-14  1.7542E-14  error s
  9      512  1.7542E-14  1.7542E-14  1.7542E-14  error s
  9      512  1.7542E-14  1.7542E-14  1.7542E-14  error s
  9      512  1.7542E-14  1.7542E-14  1.7542E-14  error s
  9      512  1.7542E-14  1.7542E-14  1.7542E-14  error s
  9      512  1.7542E-14  1.7542E-14  1.7542E-14  error s
  9      512  1.7542E-14  1.7542E-14  1.7542E-14  error s
  9      512  1.7542E-14  1.7542E-14  1.7542E-14  error s
  9      512  1.7542E-14  1.7542E-14  1.7542E-14  error s
  9      512  1.7542E-14  1.7542E-14  1.7542E-14  error s
  9      512  1.7542E-14  1.7542E-14  1.7542E-14  error s
  9      512  1.7542E-14  1.7542E-14  1.7542E-14  error s
  9      512  1.7542E-14  1.7542E-14  1.7542E-14  error s
  9      512  1.7542E-14  1.7542E-14  1.7542E-14  error s
  9      512  1.7542E-14  1.7542E-14  1.7542E-14  error s
  9      512  1.7542E-14  1.7542E-14  1.7542E-14  error s
  9      512  1.7542E-14  1.7542E-14  1.7542E-14  error s
  9      512  1.7542E-14  1.7542E-14  1.7542E-14  error s
  9      512  1.7542E-14  1.7542E-14  1.7542E-14  error s
  9      512  1.7542E-14  1.7542E-14  1.7542E-14  error s
  9      512  1.7542E-14  1.7542E-14  1.7542E-14  error s
  9      512  1.7542E-14  1.7542E-14  1.7542E-14  error s
  9      512  1.7542E-14  1.7542E-14  1.7542E-14  error s
  9      512  1.7542E-14  1.7542E-14  1.7542E-14  error s
  9      512  1.7542E-14  1.7542E-14  1.7542E-14  error s
  9      512  1.7542E-14  1.7542E-14  1.7542E-14  error s
  9      512  1.7542E-14  1.7542E-14  1.7542E-14  error s
  9      512  1.7542E-14  1.7542E-14  1.7542E-14  error s
  9      512  1.7542E-14  1.7542E-14  1.7542E-14  error s
  9      512  1.7542E-14  1.7542E-14  1.7542E-14  error s
  9      512  1.7542E-14  1.7542E-14  1.7542E-14  error s
  9      512  1.7542E-14  1.7542E-14  1.7542E-14  error s
  9      512  1.7542E-14  1.7542E-14  1.7542E-14  error s
  9      512  1.7542E-14  1.7542E-14  1.7542E-14  error s
  9      512  1.7542E-14  1.7542E-14  1.7542E-14  error s
  9      512  1.7542E-14  1.7542E-14  1.7542E-14  error s
  9      512  1.7542E-14  1.7542E-14  1.7542E-14  error s
  9      512  1.7542E-14  1.7542E-14  1.7542E-14  error s
  9      512  1.7542E-14  1.7542E-14  1.7542E-14  error s
  9      512  1.7542E-14  1.7542E-14  1.7542E-14  error s
  9      512  1.7542E-14  1.7542E-14  1.7542E-14  error s
  9      512  1.7542E-14  1.7542E-14  1.7542E-14  error s
  9      512  1.7542E-14  1.7542E-14  1.7542E-14  error s
  9      512  1.7542E-14  1.7542E-14  1.7542E-14  error s
  9      512  1.7542E-14  1.7542E-14  1.7542E-14  error s
  9      512  1.7542E-14  1.7542E-14  1.7542E-14  error s
  9      512  1.7542E-14  1.7542E-14  1.7542E-14  error s
  9      512  1.7542E-14  1.7542E-14  1.7542E-14  error s
  9      512  1.7542E-14  1.7542E-14  1.7542E-14  error s
  9      512  1.7542E-14  1.7542E-14  1.7542E-14  error s
  9      512  1.7542E-14  1.7542E-14  1.7542E-14  error s
  9      512  1.7542E-14  1.7542E-14  1.7542E-14  error s
  9      512  1.7542E-14  1.7542E-14  1.7542E-14  error s
  9      512  1.7542E-14  1.7542E-14  1.7542E-14  error s
  9      512  1.7542E-14  1.7542E-14  1.7542E-14  error s
  9      512  1.7542E-14  1.7542E-14  1.7542E-14  error s
  9      512  1.7542E-14  1.7542E-14  1.7542E-14  error s
  9      512  1.7542E-14  1.7542E-14  1.7542E-14  error s
  9      512  1.7542E-14  1.7542E-14  1.7542E-14  error s
  9      512  1.7542E-14  1.7542E-14  1.7542E-14  error s
  9      512  1.7542E-14  1.7542E-14  1.7542E-14  error s
  9      512  1.7542E-14  1.7542E-14  1.7542E-14  error s
  9      512  1.7542E-14  1.7542E-14  1.7542E-14  error s
  9      512  1.7542E-14  1.7542E-14  1.7542E-14  error s
  9      512  1.7542E-14  1.7542E-14  1.7542E-14  error s
  9      512  1.7542E-14  1.7542E-14  1.7542E-14  error s
  9      512  1.7542E-14  1.7542E-14  1.7542E-14  error s
  9      512  1.7542E-14  1.7542E-14  1.7542E-14  error s
  9      512  1.7542E-14  1.7542E-14  1.7542E-14  error s
  9      512  1.7542E-14  1.7542E-14  1.7542E-14  error s
  9      512  1.7542E-14  1.7542E-14  1.7542E-14  error s
  9      512  1.7542E-14  1.7542E-14  1.7542E-14  error s
  9      512  1.7542E-14  1.7542E-14  1.7542E-14  error s
  9      512  1.7542E-14  1.7542E-14  1.7542E-14  error s
  9      512  1.7542E-14  1.7542E-14  1.7542E-14  error s
  9      512  1.7542E-14  1.7542E-14  1.7542E-14  error s
  9      512  1.7542E-14  1.7542E-14  1.7542E-14  error s
  9      512  1.7542E-14  1.7542E-14  1.7542E-14  error s
  9      512  1.7542E-14  1.7542E-14  1.7542E-14  error s
  9      512  1.7542E-14  1.7542E-14  1.7542E-14  error s
  9      512  1.7542E-14  1.7542E-14  1.7542E-14  error s
  9      512  1.7542E-14  1.7542E-14  1.7542E-14  error s
  9      512  1.7542E-14  1.7542E-14  1.7542E-14  error s
  9      512  1.7542E-14  1.7542E-14  1.7542E-14  error s
  9      512  1.7542E-14  1.7542E-14  1.7542E-14  error s
  9      512  1.7542E-14  1.7542E-14  1.7542E-14  error s
  9      512  1.7542E-14  1.7542E-14  1.7542E-14  error s
  9      512  1.7542E-14  1.7542E-14  1.7542E-14  error s
  9      512  1.7542E-14  1.7542E-14  1.7542E-14  error s
  9      512  1.7542E-14  1.7542E-14  1.7542E-14  error s
  9      512  1.7542E-14  1.7542E-14  1.7542E-14  error s
  9      512  1.7542E-14  1.7542E-14  1.7542E-14  error s
  9      512  1.7542E-14  1.7542E-14  1.7542E-14  error s
  9      512  1.7542E-14  1.7542E-14  1.7542E-14  error s
  9      512  1.7542E-14  1.7542E-14  1.7542E-14  error s
  9      512  1.7542E-14  1.7542E-14  1.7542E-14  error s
  9      512  1.7542E-14  1.7542E-14  1.7542E-14  error s
  9      512  1.7542E-14  1.7542E-14  1.7542E-14  error s
  9      512  1.7542E-14  1.7542E-14  1.7542E-14  error s
  9      512  1.7542E-14  1.7542E-14  1.7542E-14  error s
  9      512  1.7542E-14  1.7542E-14  1.7542E-14  error s
  9      512  1.7542E-14  1.7542E-14  1.7542E-14  error s
  9      512  1.7542E-14  1.7542E-14  1.7542E-14  error s
  9      512  1.7542E-14  1.7542E-14  1.7542E-14  error s
  9      512  1.7542E-14  1.7542E-14  1.7542E-14  error s
  9      512  1.7542E-14  1.7542E-14  1.7542E-14  error s
  9      512  1.7542E-14  1.7542E-14  1.7542E-14  error s
  9      512  1.7542E-14  1.7542E-14  1.7542E-14  error s
  9      512  1.7542E-14  1.7542E-14  1.7542E-14  error s
  9      512  1.7542E-14  1.7542E-14  1.7542E-14  error s
  9      512  1.7542E-14  1.7542E-14  1.7542E-14  error s
  9      512  1.7542E-14  1.7542E-14  1.7542E-14  error s
  9      512  1.7542E-14  1.7542E-14  1.7542E-14  error s
  9      512  1.7542E-14  1.7542E-14  1.7542E-14  error s
  9      512  1.7542E-14  1.7542E-14  1.7542E-14  error s
  9      512  1.7542E-14  1.7542E-14  1.7542E-14  error s
  9      512  1.7542E-14  1.7542E-14  1.7542E-14  error s
  9      512  1.7542E-14  1.7542E-14  1.7542E-14  error s
  9      512  1.7542E-14  1.7542E-14  1.7542E-14  error s
  9      512  1.7542E-14  1.7542E-14  1.7542E-14  error s
  9      512  1.7542E-14  1.7542E-14  1.7542E-14  error s
  9      512  1.7542E-14  1.7542E-14  1.7542E-14  error s
  9      512  1.7542E-14  1.7542E-14  1.7542E-14  error s
  9      512  1.7542E-14  1.7542E-14  1.7542E-14  error s
  9      512  1.7542E-14  1.7542E-14  1.7542E-14  error s
  9      512  1.7542E-14  1.7542E-14  1.7542E-14  error s
  9      512  1.7542E-14  1.7542E-14  1.7542E-14  error s
  9      512  1.7542E-14  1.7542E-14  1.7542E-14  error s
  9      512  1.7542E-14  1.7542E-14  1.7542E-14  error s
  9      512  1.7542E-14  1.7542E-14  1.7542E-14  error s
  9      512  1.7542E-14  1.7542E-14  1.7542E-14  error s
  9      512  1.7542E-14  1.7542E-14  1.7542E-14  error s
  9      512  1.7542E-14  1.7542E-14  1.7542E-14  error s
  9      512  1.7542E-14  1.7542E-14  1.7542E-14  error s
  9      512  1.7542E-14  1.7542E-14  1.7542E-14  error s
  9      512  1.7542E-14  1.7542E-14  1.7542E-14  error s
  9      512  1.7542E-14  1.7542E-14  1.7542E-14  error s
  9      512  1.7542E-14  1.7542E-14  1.7542E-14  error s
  9      512  1.7542E-14  1.7542E-14  1.7542E-14  error s
  9      512  1.7542E-14  1.7542E-14  1.7542E-14  error s
  9      512  1.7542E-14  1.7542E-14  1.7542E-14  error s
  9      512  1.7542E-14  1.7542E-14  1.7542E-14  error s
  9      512  1.7542E-14  1.7542E-14  1.7542E-14  error s
  9      512  1.7542E-14  1.7542E-14  1.7542E-14  error s
  9      512  1.7542E-14  1.7542E-14  1.7542E-14  error s
  9      512  1.7542E-14  1.7542E-14  1.7542E-14  error s
  9      512  1.7542E-14  1.7542E-14  1.7542E-14  error s
  9      512  1.7542E-14  1.7542E-14  1.7542E-14  error s
  9      512  1.7542E-14  1.7542E-14  1.7542E-14  error s
  9      512  1.7542E-14  1.7542E-14  1.7542E-14  error s
  9      512  1.7542E-14  1.7542E-14  1.7542E-14  error s
  9      512  1.7542E-14  1.7542E-14  1.7542E-14  error s
  9      512  1.7542E-14  1.7542E-14  1.7542E-14  error s
  9      512  1.7542E-14  1.7542E-14  1.7542E-14  error s
  9      512  1.7542E-14  1.7542E-14  1.7542E-14  error s
  9      512  1.7542E-14  1.7542E-14  1.7542E-14  error s
  9      512  1.7542E-14  1.7542E-14  1.7542E-14  error s
  9      512  1.7542E-14  1.7542E-14  1.7542E-14  error s
  9      512  1.7542E-14  1.7542E-14  1.7542E-14  error s
  9      512  1.7542E-14  1.7542E-14  1.7542E-14  error s
  9      512  1.7542E-14  1.7542E-14  1.7542E-14  error s
  9      512  1.7542E-14  1.7542E-14  1.7542E-14  error s
  9      512  1.7542E-14  1.7542E-14  1.7542E-14  error s
  9      512  1.7542E-14  1.7542E-14  1.7542E-14  error s
  9      512  1.7542E-14  1.7542E-14  1.7542E-14  error s
  9      512  1.7542E-14  1.7542E-14  1.7542E-14  error s
  9      512  1.7542E-14  1.7542E-14  1.7542E-14  error s
  9      512  1.7542E-14  1.7542E-14  1.7542E-14  error s
  9      512  1.7542E-14  1.7542E-14  1.7542E-14  error s
  9      512  1.7542E-14  1.7542E-14  1.7542E-14  error s
  9      512  1.7542E-14  1.7542E-14  1.7542E-14  error s
  9      512  1.7542E-14  1.7542E-14  1.7542E-14  error s
  9      512  1.7542E-14  1.7542E-14  1.7542E-14  error s
  9      512  1.7542E-14  1.7542E-14  1.7542E-14  error s
  9      512  1.7542E-14  1.7542E-14  1.7542E-14  error s
  9      512  1.7542E-14  1.7542E-14  1.7542E-14  error s
  9      512  1.7542E-14  1.7542E-14  1.7542E-14  error s
  9      512  1.7542E-14  1.7542E-14  1.7542E-14  error s
  9      512  1.7542E-14  1.7542E-14  1.7542E-14  error s
  9      512  1.7542E-14  1.7542E-14  1.7542E-14  error s
  9      512  1.7542E-14  1.7542E-14  1.7542E-14  error s
  9      512  1.7542E-14  1.7542E-14  1.7542E-14  error s
  9      512  1.7542E-14  1.7542E-14  1.7542E-14  error s
  9      512  1.7542E-14  1.7542E-14  1.7542E-14  error s
  9      512  1.7542E-14  1.7542E-14  1.7542E-14  error s
  9      512  1.7542E-14  1.7542E-14  1.7542E-14  error s
  9      512  1.7542E-14  1.7542E-14  1.7542E-14  error s
  9      512  1.7542E-14  1.7542E-14  1.7542E-14  error s
  9      512  1.7542E-14  1.7542E-14  1.7542E-14  error s
  9      512  1.7542E-14  1.7542E-14  1.7542E-14  error s
  9      512  1.7542E-14  1.7542E-14  1.7542E-14  error s
  9      512  1.7542E-14  1.7542E-14  1.7542E-14  error s
  9      512  1.7542E-14  1.7542E-14  1.7542E-14  error s
  9      512  1.7542E-14  1.7542E-14  1.7542E-14  error s
  9      512  1.7542E-14  1.7542E-14  1.7542E-14  error s
  9      512  1.7542E-14  1.7542E-14  1.7542E-14  error s
  9      512  1.7542E-14  1.7542E-14  1.7542E-14  error s
  9      512  1.7542E-14  1.7542E-14  1.7542E-14  error s
  9      512  1.7542E-14  1.7542E-14  1.7542E-14  error s
  9      512  1.7542E-14  1.7542E-14  1.7542E-14  error s
  9      512  1.7542E-14  1.7542E-14  1.7542E-14  error s
  9      512  1.7542E-14  1.7542E-14  1.7542E-14  error s
  9      512  1.7542E-14  1.7542E-14  1.7542E-14  error s
  9      512  1.7542E-14  1.7542E-14  1.7542E-14  error s
  9      512  1.7542E-14  1.7542E-14  1.7542E-14  error s
  9      512  1.7542E-14  1.7542E-14  1.7542E-14  error s
  9      512  1.7542E-14  1.7542E-14  1.7542E-14  error s
  9      512  1.7542E-14  1.7542E-14  1.7542E-14  error s
  9      512  1.7542E-14  1.7542E-14  1.7542E-14  error s
  9      512  1.7542E-14  1.7542E-14  1.7542E-14  error s
  9      512  1.7542E-14  1.7542E-14  1.7542E-14  error s
  9      512  1.7542E-14  1.7542E-14  1.7542E-14  error s
  9      512  1.7542E-14  1.7542E-14  1.7542E-14  error s
  9      512  1.7542E-14  1.7542E-14  1.7542E-14  error s
  9      512  1.7542E-14  1.7542E-14  1.7542E-14  error s
  9      512  1.7542E-14  1.7542E-14  1.7542E-14  error s
  9      512  1.7542E-14  1.7542E-14  1.7542E-14  error s
  9      512  1.7542E-14  1.7542E-14  1.7542E-14  error s
  9      512  1.7542E-14  1.7542E-14  1.7542E-14  error s
  9      512  1.7542E-14  1.7542E-14  1.7542E-14  error s
 
nelt =       2, np =       256, nx1 =       9, elements =       512
Solve Time =   0.1414E-08
 
nelt =       2, np =       256, nx1 =       9, elements =       512
Solve Time =   0.1360E-08
 
nelt =       2, np =       256, nx1 =       9, elements =       512
Solve Time =   0.1341E-08
 
nelt =       2, np =       256, nx1 =       9, elements =       512
Solve Time =   0.1353E-08
 
nelt =       2, np =       256, nx1 =       9, elements =       512
Solve Time =   0.1348E-08
 
nelt =       2, np =       256, nx1 =       9, elements =       512
Solve Time =   0.1363E-08
 
nelt =       2, np =       256, nx1 =       9, elements =       512
Solve Time =   0.1363E-08
 
nelt =       2, np =       256, nx1 =       9, elements =       512
Solve Time =   0.1355E-08
 
nelt =       2, np =       256, nx1 =       9, elements =       512
Solve Time =   0.1352E-08
 
nelt =       2, np =       256, nx1 =       9, elements =       512
Solve Time =   0.1346E-08
  9      512  1.5876E-14  1.5876E-14  1.5876E-14  error n
  9      512  1.5876E-14  1.5876E-14  1.5876E-14  error n
  9      512  1.5876E-14  1.5876E-14  1.5876E-14  error n
  9      512  1.5876E-14  1.5876E-14  1.5876E-14  error n
  9      512  1.5876E-14  1.5876E-14  1.5876E-14  error n
  9      512  1.5876E-14  1.5876E-14  1.5876E-14  error n
  9      512  1.5876E-14  1.5876E-14  1.5876E-14  error n
  9      512  1.5876E-14  1.5876E-14  1.5876E-14  error n
  9      512  1.5876E-14  1.5876E-14  1.5876E-14  error n
  9      512  1.5876E-14  1.5876E-14  1.5876E-14  error n
  9      512  1.5876E-14  1.5876E-14  1.5876E-14  error n
  9      512  1.5876E-14  1.5876E-14  1.5876E-14  error n
  9      512  1.5876E-14  1.5876E-14  1.5876E-14  error n
  9      512  1.5876E-14  1.5876E-14  1.5876E-14  error n
  9      512  1.5876E-14  1.5876E-14  1.5876E-14  error n
  9      512  1.5876E-14  1.5876E-14  1.5876E-14  error n
  9      512  1.5876E-14  1.5876E-14  1.5876E-14  error n
  9      512  1.5876E-14  1.5876E-14  1.5876E-14  error n
  9      512  1.5876E-14  1.5876E-14  1.5876E-14  error n
  9      512  1.5876E-14  1.5876E-14  1.5876E-14  error n
  9      512  1.5876E-14  1.5876E-14  1.5876E-14  error n
  9      512  1.5876E-14  1.5876E-14  1.5876E-14  error n
  9      512  1.5876E-14  1.5876E-14  1.5876E-14  error n
  9      512  1.5876E-14  1.5876E-14  1.5876E-14  error n
  9      512  1.5876E-14  1.5876E-14  1.5876E-14  error n
  9      512  1.5876E-14  1.5876E-14  1.5876E-14  error n
  9      512  1.5876E-14  1.5876E-14  1.5876E-14  error n
  9      512  1.5876E-14  1.5876E-14  1.5876E-14  error n
  9      512  1.5876E-14  1.5876E-14  1.5876E-14  error n
  9      512  1.5876E-14  1.5876E-14  1.5876E-14  error n
  9      512  1.5876E-14  1.5876E-14  1.5876E-14  error n
  9      512  1.5876E-14  1.5876E-14  1.5876E-14  error n
  9      512  1.5876E-14  1.5876E-14  1.5876E-14  error n
  9      512  1.5876E-14  1.5876E-14  1.5876E-14  error n
  9      512  1.5876E-14  1.5876E-14  1.5876E-14  error n
  9      512  1.5876E-14  1.5876E-14  1.5876E-14  error n
  9      512  1.5876E-14  1.5876E-14  1.5876E-14  error n
  9      512  1.5876E-14  1.5876E-14  1.5876E-14  error n
  9      512  1.5876E-14  1.5876E-14  1.5876E-14  error n
  9      512  1.5876E-14  1.5876E-14  1.5876E-14  error n
  9      512  1.5876E-14  1.5876E-14  1.5876E-14  error n
  9      512  1.5876E-14  1.5876E-14  1.5876E-14  error n
  9      512  1.5876E-14  1.5876E-14  1.5876E-14  error n
  9      512  1.5876E-14  1.5876E-14  1.5876E-14  error n
  9      512  1.5876E-14  1.5876E-14  1.5876E-14  error n
  9      512  1.5876E-14  1.5876E-14  1.5876E-14  error n
  9      512  1.5876E-14  1.5876E-14  1.5876E-14  error n
  9      512  1.5876E-14  1.5876E-14  1.5876E-14  error n
  9      512  1.5876E-14  1.5876E-14  1.5876E-14  error n
  9      512  1.5876E-14  1.5876E-14  1.5876E-14  error n
  9      512  1.5876E-14  1.5876E-14  1.5876E-14  error n
  9      512  1.5876E-14  1.5876E-14  1.5876E-14  error n
  9      512  1.5876E-14  1.5876E-14  1.5876E-14  error n
  9      512  1.5876E-14  1.5876E-14  1.5876E-14  error n
  9      512  1.5876E-14  1.5876E-14  1.5876E-14  error n
  9      512  1.5876E-14  1.5876E-14  1.5876E-14  error n
  9      512  1.5876E-14  1.5876E-14  1.5876E-14  error n
  9      512  1.5876E-14  1.5876E-14  1.5876E-14  error n
  9      512  1.5876E-14  1.5876E-14  1.5876E-14  error n
  9      512  1.5876E-14  1.5876E-14  1.5876E-14  error n
  9      512  1.5876E-14  1.5876E-14  1.5876E-14  error n
  9      512  1.5876E-14  1.5876E-14  1.5876E-14  error n
  9      512  1.5876E-14  1.5876E-14  1.5876E-14  error n
   8      512  100  0.0000E+00  0.0000E+00  0.0000E+00 time for 3 hmholtz
EXIT: quit after cggov          8
  9      512  1.5876E-14  1.5876E-14  1.5876E-14  error n
  9      512  1.5876E-14  1.5876E-14  1.5876E-14  error n
  9      512  1.5876E-14  1.5876E-14  1.5876E-14  error n
  9      512  1.5876E-14  1.5876E-14  1.5876E-14  error n
  9      512  1.5876E-14  1.5876E-14  1.5876E-14  error n
  9      512  1.5876E-14  1.5876E-14  1.5876E-14  error n
  9      512  1.5876E-14  1.5876E-14  1.5876E-14  error n
  9      512  1.5876E-14  1.5876E-14  1.5876E-14  error n
  9      512  1.5876E-14  1.5876E-14  1.5876E-14  error n
  9      512  1.5876E-14  1.5876E-14  1.5876E-14  error n
  9      512  1.5876E-14  1.5876E-14  1.5876E-14  error n
  9      512  1.5876E-14  1.5876E-14  1.5876E-14  error n
  9      512  1.5876E-14  1.5876E-14  1.5876E-14  error n
  9      512  1.5876E-14  1.5876E-14  1.5876E-14  error n
  9      512  1.5876E-14  1.5876E-14  1.5876E-14  error n
  9      512  1.5876E-14  1.5876E-14  1.5876E-14  error n
  9      512  1.5876E-14  1.5876E-14  1.5876E-14  error n
  9      512  1.5876E-14  1.5876E-14  1.5876E-14  error n
  9      512  1.5876E-14  1.5876E-14  1.5876E-14  error n
  9      512  1.5876E-14  1.5876E-14  1.5876E-14  error n
  9      512  1.5876E-14  1.5876E-14  1.5876E-14  error n
  9      512  1.5876E-14  1.5876E-14  1.5876E-14  error n
  9      512  1.5876E-14  1.5876E-14  1.5876E-14  error n
  9      512  1.5876E-14  1.5876E-14  1.5876E-14  error n
  9      512  1.5876E-14  1.5876E-14  1.5876E-14  error n
  9      512  1.5876E-14  1.5876E-14  1.5876E-14  error n
  9      512  1.5876E-14  1.5876E-14  1.5876E-14  error n
  9      512  1.5876E-14  1.5876E-14  1.5876E-14  error n
  9      512  1.5876E-14  1.5876E-14  1.5876E-14  error n
  9      512  1.5876E-14  1.5876E-14  1.5876E-14  error n
  9      512  1.5876E-14  1.5876E-14  1.5876E-14  error n
  9      512  1.5876E-14  1.5876E-14  1.5876E-14  error n
  9      512  1.5876E-14  1.5876E-14  1.5876E-14  error n
  9      512  1.5876E-14  1.5876E-14  1.5876E-14  error n
  9      512  1.5876E-14  1.5876E-14  1.5876E-14  error n
  9      512  1.5876E-14  1.5876E-14  1.5876E-14  error n
  9      512  1.5876E-14  1.5876E-14  1.5876E-14  error n
  9      512  1.5876E-14  1.5876E-14  1.5876E-14  error n
  9      512  1.5876E-14  1.5876E-14  1.5876E-14  error n
  9      512  1.5876E-14  1.5876E-14  1.5876E-14  error n
  9      512  1.5876E-14  1.5876E-14  1.5876E-14  error n
  9      512  1.5876E-14  1.5876E-14  1.5876E-14  error n
  9      512  1.5876E-14  1.5876E-14  1.5876E-14  error n
  9      512  1.5876E-14  1.5876E-14  1.5876E-14  error n
  9      512  1.5876E-14  1.5876E-14  1.5876E-14  error n
  9      512  1.5876E-14  1.5876E-14  1.5876E-14  error n
  9      512  1.5876E-14  1.5876E-14  1.5876E-14  error n
  9      512  1.5876E-14  1.5876E-14  1.5876E-14  error n
  9      512  1.5876E-14  1.5876E-14  1.5876E-14  error n
  9      512  1.5876E-14  1.5876E-14  1.5876E-14  error n
  9      512  1.5876E-14  1.5876E-14  1.5876E-14  error n
  9      512  1.5876E-14  1.5876E-14  1.5876E-14  error n
  9      512  1.5876E-14  1.5876E-14  1.5876E-14  error n
  9      512  1.5876E-14  1.5876E-14  1.5876E-14  error n
  9      512  1.5876E-14  1.5876E-14  1.5876E-14  error n
  9      512  1.5876E-14  1.5876E-14  1.5876E-14  error n
  9      512  1.5876E-14  1.5876E-14  1.5876E-14  error n
  9      512  1.5876E-14  1.5876E-14  1.5876E-14  error n
  9      512  1.5876E-14  1.5876E-14  1.5876E-14  error n
  9      512  1.5876E-14  1.5876E-14  1.5876E-14  error n
  9      512  1.5876E-14  1.5876E-14  1.5876E-14  error n
  9      512  1.5876E-14  1.5876E-14  1.5876E-14  error n
  9      512  1.5876E-14  1.5876E-14  1.5876E-14  error n
  9      512  1.5876E-14  1.5876E-14  1.5876E-14  error n
  9      512  1.5876E-14  1.5876E-14  1.5876E-14  error n
  9      512  1.5876E-14  1.5876E-14  1.5876E-14  error n
  9      512  1.5876E-14  1.5876E-14  1.5876E-14  error n
  9      512  1.5876E-14  1.5876E-14  1.5876E-14  error n
  9      512  1.5876E-14  1.5876E-14  1.5876E-14  error n
  9      512  1.5876E-14  1.5876E-14  1.5876E-14  error n
  9      512  1.5876E-14  1.5876E-14  1.5876E-14  error n
  9      512  1.5876E-14  1.5876E-14  1.5876E-14  error n
  9      512  1.5876E-14  1.5876E-14  1.5876E-14  error n
  9      512  1.5876E-14  1.5876E-14  1.5876E-14  error n
  9      512  1.5876E-14  1.5876E-14  1.5876E-14  error n
  9      512  1.5876E-14  1.5876E-14  1.5876E-14  error n
  9      512  1.5876E-14  1.5876E-14  1.5876E-14  error n
  9      512  1.5876E-14  1.5876E-14  1.5876E-14  error n
  9      512  1.5876E-14  1.5876E-14  1.5876E-14  error n
  9      512  1.5876E-14  1.5876E-14  1.5876E-14  error n
  9      512  1.5876E-14  1.5876E-14  1.5876E-14  error n
  9      512  1.5876E-14  1.5876E-14  1.5876E-14  error n
  9      512  1.5876E-14  1.5876E-14  1.5876E-14  error n
  9      512  1.5876E-14  1.5876E-14  1.5876E-14  error n
  9      512  1.5876E-14  1.5876E-14  1.5876E-14  error n
  9      512  1.5876E-14  1.5876E-14  1.5876E-14  error n
  9      512  1.5876E-14  1.5876E-14  1.5876E-14  error n
  9      512  1.5876E-14  1.5876E-14  1.5876E-14  error n
  9      512  1.5876E-14  1.5876E-14  1.5876E-14  error n
  9      512  1.5876E-14  1.5876E-14  1.5876E-14  error n
  9      512  1.5876E-14  1.5876E-14  1.5876E-14  error n
  9      512  1.5876E-14  1.5876E-14  1.5876E-14  error n
  9      512  1.5876E-14  1.5876E-14  1.5876E-14  error n
  9      512  1.5876E-14  1.5876E-14  1.5876E-14  error n
  9      512  1.5876E-14  1.5876E-14  1.5876E-14  error n
  9      512  1.5876E-14  1.5876E-14  1.5876E-14  error n
  9      512  1.5876E-14  1.5876E-14  1.5876E-14  error n
  9      512  1.5876E-14  1.5876E-14  1.5876E-14  error n
  9      512  1.5876E-14  1.5876E-14  1.5876E-14  error n
  9      512  1.5876E-14  1.5876E-14  1.5876E-14  error n
  9      512  1.5876E-14  1.5876E-14  1.5876E-14  error n
  9      512  1.5876E-14  1.5876E-14  1.5876E-14  error n
  9      512  1.5876E-14  1.5876E-14  1.5876E-14  error n
  9      512  1.5876E-14  1.5876E-14  1.5876E-14  error n
  9      512  1.5876E-14  1.5876E-14  1.5876E-14  error n
  9      512  1.5876E-14  1.5876E-14  1.5876E-14  error n
  9      512  1.5876E-14  1.5876E-14  1.5876E-14  error n
  9      512  1.5876E-14  1.5876E-14  1.5876E-14  error n
  9      512  1.5876E-14  1.5876E-14  1.5876E-14  error n
  9      512  1.5876E-14  1.5876E-14  1.5876E-14  error n
  9      512  1.5876E-14  1.5876E-14  1.5876E-14  error n
  9      512  1.5876E-14  1.5876E-14  1.5876E-14  error n
  9      512  1.5876E-14  1.5876E-14  1.5876E-14  error n
  9      512  1.5876E-14  1.5876E-14  1.5876E-14  error n
  9      512  1.5876E-14  1.5876E-14  1.5876E-14  error n
  9      512  1.5876E-14  1.5876E-14  1.5876E-14  error n
  9      512  1.5876E-14  1.5876E-14  1.5876E-14  error n
  9      512  1.5876E-14  1.5876E-14  1.5876E-14  error n
  9      512  1.5876E-14  1.5876E-14  1.5876E-14  error n
  9      512  1.5876E-14  1.5876E-14  1.5876E-14  error n
  9      512  1.5876E-14  1.5876E-14  1.5876E-14  error n
  9      512  1.5876E-14  1.5876E-14  1.5876E-14  error n
  9      512  1.5876E-14  1.5876E-14  1.5876E-14  error n
  9      512  1.5876E-14  1.5876E-14  1.5876E-14  error n
  9      512  1.5876E-14  1.5876E-14  1.5876E-14  error n
  9      512  1.5876E-14  1.5876E-14  1.5876E-14  error n
  9      512  1.5876E-14  1.5876E-14  1.5876E-14  error n
  9      512  1.5876E-14  1.5876E-14  1.5876E-14  error n
  9      512  1.5876E-14  1.5876E-14  1.5876E-14  error n
  9      512  1.5876E-14  1.5876E-14  1.5876E-14  error n
  9      512  1.5876E-14  1.5876E-14  1.5876E-14  error n
  9      512  1.5876E-14  1.5876E-14  1.5876E-14  error n
  9      512  1.5876E-14  1.5876E-14  1.5876E-14  error n
  9      512  1.5876E-14  1.5876E-14  1.5876E-14  error n
  9      512  1.5876E-14  1.5876E-14  1.5876E-14  error n
  9      512  1.5876E-14  1.5876E-14  1.5876E-14  error n
  9      512  1.5876E-14  1.5876E-14  1.5876E-14  error n
  9      512  1.5876E-14  1.5876E-14  1.5876E-14  error n
  9      512  1.5876E-14  1.5876E-14  1.5876E-14  error n
  9      512  1.5876E-14  1.5876E-14  1.5876E-14  error n
  9      512  1.5876E-14  1.5876E-14  1.5876E-14  error n
  9      512  1.5876E-14  1.5876E-14  1.5876E-14  error n
  9      512  1.5876E-14  1.5876E-14  1.5876E-14  error n
  9      512  1.5876E-14  1.5876E-14  1.5876E-14  error n
  9      512  1.5876E-14  1.5876E-14  1.5876E-14  error n
  9      512  1.5876E-14  1.5876E-14  1.5876E-14  error n
  
call exitt: dying ...
  
backtrace(): obtained 8 stack frames.
./nek5000() [0x77b845]
./nek5000() [0x95f589]
./nek5000() [0x40d86c]
./nek5000() [0x426a96]
./nek5000() [0x42504e]
./nek5000() [0x4054fe]
/lib64/libc.so.6(__libc_start_main+0xf5) [0x2aaab1ca3b25]
./nek5000() [0x405409]
  
total elapsed time             :   9.05196E+01 sec
total solver time incl. I/O    :   0.00000E+00 sec
time/timestep                  :   0.00000E+00 sec
CPU seconds/timestep/gridpt    :   0.00000E+00 sec

  9      512  1.5876E-14  1.5876E-14  1.5876E-14  error n
  9      512  1.5876E-14  1.5876E-14  1.5876E-14  error n
  9      512  1.5876E-14  1.5876E-14  1.5876E-14  error n
  9      512  1.5876E-14  1.5876E-14  1.5876E-14  error n
  9      512  1.5876E-14  1.5876E-14  1.5876E-14  error n
  9      512  1.5876E-14  1.5876E-14  1.5876E-14  error n
  9      512  1.5876E-14  1.5876E-14  1.5876E-14  error n
  9      512  1.5876E-14  1.5876E-14  1.5876E-14  error n
  9      512  1.5876E-14  1.5876E-14  1.5876E-14  error n
  9      512  1.5876E-14  1.5876E-14  1.5876E-14  error n
  9      512  1.5876E-14  1.5876E-14  1.5876E-14  error n
  9      512  1.5876E-14  1.5876E-14  1.5876E-14  error n
  9      512  1.5876E-14  1.5876E-14  1.5876E-14  error n
  9      512  1.5876E-14  1.5876E-14  1.5876E-14  error n
  9      512  1.5876E-14  1.5876E-14  1.5876E-14  error n
  9      512  1.5876E-14  1.5876E-14  1.5876E-14  error n
  9      512  1.5876E-14  1.5876E-14  1.5876E-14  error n
  9      512  1.5876E-14  1.5876E-14  1.5876E-14  error n
  9      512  1.5876E-14  1.5876E-14  1.5876E-14  error n
  9      512  1.5876E-14  1.5876E-14  1.5876E-14  error n
  9      512  1.5876E-14  1.5876E-14  1.5876E-14  error n
  9      512  1.5876E-14  1.5876E-14  1.5876E-14  error n
  9      512  1.5876E-14  1.5876E-14  1.5876E-14  error n
  9      512  1.5876E-14  1.5876E-14  1.5876E-14  error n
  9      512  1.5876E-14  1.5876E-14  1.5876E-14  error n
  9      512  1.5876E-14  1.5876E-14  1.5876E-14  error n
  9      512  1.5876E-14  1.5876E-14  1.5876E-14  error n
  9      512  1.5876E-14  1.5876E-14  1.5876E-14  error n
  9      512  1.5876E-14  1.5876E-14  1.5876E-14  error n
  9      512  1.5876E-14  1.5876E-14  1.5876E-14  error n
  9      512  1.5876E-14  1.5876E-14  1.5876E-14  error n
  9      512  1.5876E-14  1.5876E-14  1.5876E-14  error n
  9      512  1.5876E-14  1.5876E-14  1.5876E-14  error n
  9      512  1.5876E-14  1.5876E-14  1.5876E-14  error n
  9      512  1.5876E-14  1.5876E-14  1.5876E-14  error n
  9      512  1.5876E-14  1.5876E-14  1.5876E-14  error n
  9      512  1.5876E-14  1.5876E-14  1.5876E-14  error n
  9      512  1.5876E-14  1.5876E-14  1.5876E-14  error n
  9      512  1.5876E-14  1.5876E-14  1.5876E-14  error n
  9      512  1.5876E-14  1.5876E-14  1.5876E-14  error n
  9      512  1.5876E-14  1.5876E-14  1.5876E-14  error n
  9      512  1.5876E-14  1.5876E-14  1.5876E-14  error n
  9      512  1.5876E-14  1.5876E-14  1.5876E-14  error n
  9      512  1.5876E-14  1.5876E-14  1.5876E-14  error n
  9      512  1.5876E-14  1.5876E-14  1.5876E-14  error n
  9      512  1.5876E-14  1.5876E-14  1.5876E-14  error n
  9      512  1.5876E-14  1.5876E-14  1.5876E-14  error n
Application 2257641 resources: utime ~23100s, stime ~148s, Rss ~31136, inblocks ~0, outblocks ~0
