/----------------------------------------------------------\\
|      _   __ ______ __ __  ______  ____   ____   ____     |
|     / | / // ____// //_/ / ____/ / __ \\/ __ \\/ __ \\   |
|    /  |/ // __/  / ,<   /___ \\ / / / // / / // / / /    |
|   / /|  // /___ / /| | ____/ / / /_/ // /_/ // /_/ /     |
|  /_/ |_//_____//_/ |_|/_____/  \\___/ \\___/ \\___/      |
|                                                          |
|----------------------------------------------------------|
|                                                          |
| NEK5000:  Open Source Spectral Element Solver            |
| COPYRIGHT (c) 2008-2016 UCHICAGO ARGONNE, LLC            |
| Version:  16.0.0                                         |
| Web:      http://nek5000.mcs.anl.gov                     |
|                                                          |
\\----------------------------------------------------------/
                                                              

 Number of processors:       16384
 REAL    wdsize      :           8
 INTEGER wdsize      :           4
 Timer accuracy      : 1.91E-07
 Reading /gpfs/theta-fs1/home/thilina/base/sin/lx8/b21/b21.rea                                                                               
 WARNING: lgmres might be too low!
 Reading /gpfs/theta-fs1/home/thilina/base/sin/lx8/b21/b21.re2                                                                               
 byte swap: F   6.543210     -2.9312772E+35

 mapping elements to processors
 Reading /gpfs/theta-fs1/home/thilina/base/sin/lx8/b21/b21.map                                                                               
 element load imbalance:            0         128         128
 done :: mapping elements to processors
  
   reading mesh 
   reading curved sides 
   reading bc for ifld           1
 done :: read .re2 file
  
           0  objects found
 118   Parameters from file:
   1      1.00000     p001 DENSITY
   2     -100.000     p002 VISCOS
   7      1.00000     p007 RHOCP
   8      1.00000     p008 CONDUCT
  12    -0.500000E-02 p012 DT
  21     0.100000E-05 p021 DIVERGENCE
  22     0.100000E-07 p022 HELMHOLTZ
  24     0.100000E-09 p024 TOLREL
  25     0.100000E-09 p025 TOLABS
  26     0.250000     p026 COURANT/NTAU
  27      2.00000     p027 TORDER
  66      6.00000     p066 output : <0=ascii, else binary
  67      6.00000     p067 restart: <0=ascii, else binary
  99      3.00000     p099 dealiasing: <0--> off/3--> old/4--> new
 103     0.500000E-01 p103 weight of stabilizing filter (.01)
  
 nelgt/nelgv/lelt:     2097152     2097152         134
 lx1  /lx2  /lx3 :           8           8           8
 done :: read .rea file    74.940     sec

 setup mesh topology
   Right-handed check complete for 2097152 elements. OK.
   setvert3d:   8   268749441   721734273   268749441   268749441
 call usrsetvert
 done :: usrsetvert

gs_setup: 71440969 unique labels shared
   pairwise times (avg, min, max): 0.00036446 0.000283194 0.000424695
   crystal router                : 0.00237172 0.00232391 0.00240939
   used all_to_all method: pairwise
   handle bytes (avg, min, max): 574523 469196 598492
   buffer bytes (avg, min, max): 157683 72656 184512
   setupds time 6.7360E-01 seconds   0  8   268749441     2097152
           8  max multiplicity
 done :: setup mesh topology
  
 call usrdat
 done :: usrdat

 generate geometry data
 done :: generate geometry data
  
 call usrdat2
 done :: usrdat2

 regenerate geometry data           1
 NOTE: All elements deformed , param(59) ^=0
 done :: regenerate geometry data           1
  
 verify mesh topology
  0.000000000000000E+000   1.00000000000000       Xrange
  0.000000000000000E+000   1.00000000000000       Yrange
  0.000000000000000E+000   1.00000000000000       Zrange
 done :: verify mesh topology
  
 IFTRAN   = T
 IFFLOW   = T
 IFHEAT   = F
 IFSPLIT  = T
 IFLOMACH = F
 IFUSERVP = F
 IFUSERMV = F
 IFSTRS   = F
 IFCHAR   = F
 IFCYCLIC = F
 IFAXIS   = F
 IFMVBD   = F
 IFMELT   = F
 IFMODEL  = F
 IFKEPS   = F
 IFMOAB   = F
 IFNEKNEK = F
 IFSYNC   = T
   
 IFVCOR   = T
 IFINTQ   = F
 IFCWUZ   = F
 IFSWALL  = F
 IFGEOM   = F
 IFSURT   = F
 IFWCNO   = F
   
 IFTMSH for field           1    =  F
 IFADVC for field           1    =  T
 IFNONL for field           1    =  F
   
 Dealiasing enabled, lxd=          10
 verify mesh topology
  0.000000000000000E+000   1.00000000000000       Xrange
  0.000000000000000E+000   1.00000000000000       Yrange
  0.000000000000000E+000   1.00000000000000       Zrange
 done :: verify mesh topology
  
 call usrdat3
 done :: usrdat3

 set initial conditions
 nekuic (1) for ifld            1
 call nekuic for vel  
 xyz min     0.0000       0.0000       0.0000    
 uvwpt min   0.0000       0.0000       0.0000       0.0000       0.0000    
 PS min     0.99000E+22
 xyz max     1.0000       1.0000       1.0000    
 uvwpt max   0.0000       0.0000       0.0000       0.0000       0.0000    
 PS max    -0.99000E+22
 done :: set initial conditions
  
gridpoints unique/tot:     721734273   1073741824
  dofs:             716917375             721734273
  
 Initialization successfully completed    76.056     sec

 nsteps=0 -> skip time loop
 running solver in post processing mode

 call userchk
GFM max:  2.7410E-04  2.7410E-04  2.7410E-04  1.8697E-16  1.8697E-16  1.8697E-16
  8  2097152  7.5759E-07  7.5759E-07  7.5759E-07  error v       18
  8  2097152  7.5760E-07  7.5760E-07  7.5760E-07  error a       18
  8  2097152  7.5760E-07  7.5760E-07  7.5760E-07  error b       18
  8  2097152  7.5760E-07  7.5760E-07  7.5760E-07  error c       18
case scalar:  16384  7  128   2097152     719323136  43904  18  1.09095E-01  6.59353E+09  6.06085E-03  1.38048E-07
case vector:  16384  7  128   2097152     719323136  43904  18  9.78997E-02  7.34755E+09  5.43887E-03  1.23881E-07
EXIT: quit after cggov          7
  
call exitt: dying ...
  
backtrace(): obtained 8 stack frames.
[0x716a55]
[0x8ee431]
[0x41a18a]
[0x41caec]
[0x41c760]
[0x4121ee]
[0x1a4af30]
[0x4120d7]
  
total elapsed time             :   7.67417E+01 sec
total solver time incl. I/O    :   0.00000E+00 sec
time/timestep                  :   0.00000E+00 sec
CPU seconds/timestep/gridpt    :   0.00000E+00 sec

Application 2273583 resources: utime ~1258106s, stime ~16065s, Rss ~125684, inblocks ~0, outblocks ~0
