/----------------------------------------------------------\\
|      _   __ ______ __ __  ______  ____   ____   ____     |
|     / | / // ____// //_/ / ____/ / __ \\/ __ \\/ __ \\   |
|    /  |/ // __/  / ,<   /___ \\ / / / // / / // / / /    |
|   / /|  // /___ / /| | ____/ / / /_/ // /_/ // /_/ /     |
|  /_/ |_//_____//_/ |_|/_____/  \\___/ \\___/ \\___/      |
|                                                          |
|----------------------------------------------------------|
|                                                          |
| NEK5000:  Open Source Spectral Element Solver            |
| COPYRIGHT (c) 2008-2016 UCHICAGO ARGONNE, LLC            |
| Version:  16.0.0                                         |
| Web:      http://nek5000.mcs.anl.gov                     |
|                                                          |
\\----------------------------------------------------------/
                                                              

 Number of processors:       16384
 REAL    wdsize      :           8
 INTEGER wdsize      :           4
 Timer accuracy      : 5.96E-07
 Reading /gpfs/theta-fs1/home/thilina/base/sin/lx11/b20/b20.rea                                                                              
 WARNING: lgmres might be too low!
 Reading /gpfs/theta-fs1/home/thilina/base/sin/lx11/b20/b20.re2                                                                              
 byte swap: F   6.543210     -2.9312772E+35

 mapping elements to processors
 Reading /gpfs/theta-fs1/home/thilina/base/sin/lx11/b20/b20.map                                                                              
 element load imbalance:            0          64          64
 done :: mapping elements to processors
  
   reading mesh 
   reading curved sides 
   reading bc for ifld           1
 done :: read .re2 file
  
           0  objects found
 118   Parameters from file:
   1      1.00000     p001 DENSITY
   2     -100.000     p002 VISCOS
   7      1.00000     p007 RHOCP
   8      1.00000     p008 CONDUCT
  12    -0.500000E-02 p012 DT
  21     0.100000E-05 p021 DIVERGENCE
  22     0.100000E-07 p022 HELMHOLTZ
  24     0.100000E-09 p024 TOLREL
  25     0.100000E-09 p025 TOLABS
  26     0.250000     p026 COURANT/NTAU
  27      2.00000     p027 TORDER
  66      6.00000     p066 output : <0=ascii, else binary
  67      6.00000     p067 restart: <0=ascii, else binary
  99      3.00000     p099 dealiasing: <0--> off/3--> old/4--> new
 103     0.500000E-01 p103 weight of stabilizing filter (.01)
  
 nelgt/nelgv/lelt:     1048576     1048576         134
 lx1  /lx2  /lx3 :          11          11          11
 done :: read .rea file    54.686     sec

 setup mesh topology
   Right-handed check complete for 1048576 elements. OK.
   setvert3d:  11   287444097  1051856001   287444097   287444097
 call usrsetvert
 done :: usrsetvert

gs_setup: 90038805 unique labels shared
   pairwise times (avg, min, max): 0.00037264 0.000306487 0.000424409
   crystal router                : 0.00289951 0.0028399 0.0029357
   used all_to_all method: pairwise
   handle bytes (avg, min, max): 610530 488900 651636
   buffer bytes (avg, min, max): 195704 99328 242624
   setupds time 8.1276E-01 seconds   0 11   287444097     1048576
           8  max multiplicity
 done :: setup mesh topology
  
 call usrdat
 done :: usrdat

 generate geometry data
 done :: generate geometry data
  
 call usrdat2
 done :: usrdat2

 regenerate geometry data           1
 NOTE: All elements deformed , param(59) ^=0
 done :: regenerate geometry data           1
  
 verify mesh topology
  0.000000000000000E+000   1.00000000000000       Xrange
  0.000000000000000E+000   1.00000000000000       Yrange
  0.000000000000000E+000   1.00000000000000       Zrange
 done :: verify mesh topology
  
 IFTRAN   = T
 IFFLOW   = T
 IFHEAT   = F
 IFSPLIT  = T
 IFLOMACH = F
 IFUSERVP = F
 IFUSERMV = F
 IFSTRS   = F
 IFCHAR   = F
 IFCYCLIC = F
 IFAXIS   = F
 IFMVBD   = F
 IFMELT   = F
 IFMODEL  = F
 IFKEPS   = F
 IFMOAB   = F
 IFNEKNEK = F
 IFSYNC   = T
   
 IFVCOR   = T
 IFINTQ   = F
 IFCWUZ   = F
 IFSWALL  = F
 IFGEOM   = F
 IFSURT   = F
 IFWCNO   = F
   
 IFTMSH for field           1    =  F
 IFADVC for field           1    =  T
 IFNONL for field           1    =  F
   
 Dealiasing enabled, lxd=          13
 verify mesh topology
  0.000000000000000E+000   1.00000000000000       Xrange
  0.000000000000000E+000   1.00000000000000       Yrange
  0.000000000000000E+000   1.00000000000000       Zrange
 done :: verify mesh topology
  
 call usrdat3
 done :: usrdat3

 set initial conditions
 nekuic (1) for ifld            1
 call nekuic for vel  
 xyz min     0.0000       0.0000       0.0000    
 uvwpt min   0.0000       0.0000       0.0000       0.0000       0.0000    
 PS min     0.99000E+22
 xyz max     1.0000       1.0000       1.0000    
 uvwpt max   0.0000       0.0000       0.0000       0.0000       0.0000    
 PS max    -0.99000E+22
 done :: set initial conditions
  
gridpoints unique/tot:    1051856001   1395654656
  dofs:            1045302399            1051856001
  
 Initialization successfully completed    56.074     sec

 nsteps=0 -> skip time loop
 running solver in post processing mode

 call userchk
GFM max:  5.2849E-05  2.1140E-04  2.1140E-04  7.2107E-17  7.2107E-17  1.8047E-16
 11  1048576  8.3126E-07  8.3126E-07  8.3126E-07  error v       17
 11  1048576  8.3126E-07  8.3126E-07  8.3126E-07  error a       17
 11  1048576  8.3126E-07  8.3126E-07  8.3126E-07  error b       17
 11  1048576  8.3126E-07  8.3126E-07  8.3126E-07  error c       17
case scalar:  16384 10   64   1048576    1048576000  64000  17  1.29045E-01  8.12564E+09  7.59090E-03  1.18608E-07
case vector:  16384 10   64   1048576    1048576000  64000  17  1.34515E-01  7.79524E+09  7.91265E-03  1.23635E-07
EXIT: quit after cggov         10
  
call exitt: dying ...
  
backtrace(): obtained 8 stack frames.
[0x7193b5]
[0x8f1ec1]
[0x41a205]
[0x41d55c]
[0x41d1d0]
[0x4121ee]
[0x1a52f30]
[0x4120d7]
  
total elapsed time             :   5.69513E+01 sec
total solver time incl. I/O    :   0.00000E+00 sec
time/timestep                  :   0.00000E+00 sec
CPU seconds/timestep/gridpt    :   0.00000E+00 sec

Application 2273641 resources: utime ~933102s, stime ~17463s, Rss ~145724, inblocks ~0, outblocks ~0
