/----------------------------------------------------------\\
|      _   __ ______ __ __  ______  ____   ____   ____     |
|     / | / // ____// //_/ / ____/ / __ \\/ __ \\/ __ \\   |
|    /  |/ // __/  / ,<   /___ \\ / / / // / / // / / /    |
|   / /|  // /___ / /| | ____/ / / /_/ // /_/ // /_/ /     |
|  /_/ |_//_____//_/ |_|/_____/  \\___/ \\___/ \\___/      |
|                                                          |
|----------------------------------------------------------|
|                                                          |
| NEK5000:  Open Source Spectral Element Solver            |
| COPYRIGHT (c) 2008-2016 UCHICAGO ARGONNE, LLC            |
| Version:  16.0.0                                         |
| Web:      http://nek5000.mcs.anl.gov                     |
|                                                          |
\\----------------------------------------------------------/
                                                              

 Number of processors:       16384
 REAL    wdsize      :           8
 INTEGER wdsize      :           4
 Timer accuracy      : 3.81E-07
 Reading /gpfs/theta-fs1/home/thilina/base/w/lx6/b19/b19.rea                                                                                 
 WARNING: lgmres might be too low!
 Reading /gpfs/theta-fs1/home/thilina/base/w/lx6/b19/b19.re2                                                                                 
 byte swap: F   6.543210     -2.9312772E+35

 mapping elements to processors
 Reading /gpfs/theta-fs1/home/thilina/base/w/lx6/b19/b19.map                                                                                 
 element load imbalance:            0          32          32
 done :: mapping elements to processors
  
   reading mesh 
   reading curved sides 
   reading bc for ifld           1
 done :: read .re2 file
  
           0  objects found
 118   Parameters from file:
   1      1.00000     p001 DENSITY
   2     -100.000     p002 VISCOS
   7      1.00000     p007 RHOCP
   8      1.00000     p008 CONDUCT
  12    -0.500000E-02 p012 DT
  21     0.100000E-05 p021 DIVERGENCE
  22     0.100000E-07 p022 HELMHOLTZ
  24     0.100000E-09 p024 TOLREL
  25     0.100000E-09 p025 TOLABS
  26     0.250000     p026 COURANT/NTAU
  27      2.00000     p027 TORDER
  66      6.00000     p066 output : <0=ascii, else binary
  67      6.00000     p067 restart: <0=ascii, else binary
  99      3.00000     p099 dealiasing: <0--> off/3--> old/4--> new
 103     0.500000E-01 p103 weight of stabilizing filter (.01)
  
 nelgt/nelgv/lelt:      524288      524288         134
 lx1  /lx2  /lx3 :           6           6           6
 done :: read .rea file    44.290     sec

 setup mesh topology
   Right-handed check complete for  524288 elements. OK.
   setvert3d:   6    32494849    66049281    32494849    32494849
 call usrsetvert
 done :: usrsetvert

gs_setup: 13864305 unique labels shared
   pairwise times (avg, min, max): 0.000237813 0.000190616 0.000282502
   crystal router                : 0.000829173 0.000807691 0.000854516
   used all_to_all method: pairwise
   handle bytes (avg, min, max): 86201.9 63348 92236
   buffer bytes (avg, min, max): 34999.7 15040 41936
   setupds time 2.0212E-01 seconds   0  6    32494849      524288
           8  max multiplicity
 done :: setup mesh topology
  
 call usrdat
 done :: usrdat

 generate geometry data
 done :: generate geometry data
  
 call usrdat2
 done :: usrdat2

 regenerate geometry data           1
 NOTE: All elements deformed , param(59) ^=0
 done :: regenerate geometry data           1
  
 verify mesh topology
  0.000000000000000E+000   1.00000000000000       Xrange
  0.000000000000000E+000   1.00000000000000       Yrange
  0.000000000000000E+000   1.00000000000000       Zrange
 done :: verify mesh topology
  
 IFTRAN   = T
 IFFLOW   = T
 IFHEAT   = F
 IFSPLIT  = T
 IFLOMACH = F
 IFUSERVP = F
 IFUSERMV = F
 IFSTRS   = F
 IFCHAR   = F
 IFCYCLIC = F
 IFAXIS   = F
 IFMVBD   = F
 IFMELT   = F
 IFMODEL  = F
 IFKEPS   = F
 IFMOAB   = F
 IFNEKNEK = F
 IFSYNC   = T
   
 IFVCOR   = T
 IFINTQ   = F
 IFCWUZ   = F
 IFSWALL  = F
 IFGEOM   = F
 IFSURT   = F
 IFWCNO   = F
   
 IFTMSH for field           1    =  F
 IFADVC for field           1    =  T
 IFNONL for field           1    =  F
   
 Dealiasing enabled, lxd=           8
 verify mesh topology
  0.000000000000000E+000   1.00000000000000       Xrange
  0.000000000000000E+000   1.00000000000000       Yrange
  0.000000000000000E+000   1.00000000000000       Zrange
 done :: verify mesh topology
  
 call usrdat3
 done :: usrdat3

 set initial conditions
 nekuic (1) for ifld            1
 call nekuic for vel  
 xyz min     0.0000       0.0000       0.0000    
 uvwpt min   0.0000       0.0000       0.0000       0.0000       0.0000    
 PS min     0.99000E+22
 xyz max     1.0000       1.0000       1.0000    
 uvwpt max   0.0000       0.0000       0.0000       0.0000       0.0000    
 PS max    -0.99000E+22
 done :: set initial conditions
  
gridpoints unique/tot:      66049281    113246208
  dofs:              65025279              66049281
  
 Initialization successfully completed    44.595     sec

 nsteps=0 -> skip time loop
 running solver in post processing mode

 call userchk
GFM max:  6.6728E-04  6.6728E-04  2.6691E-03  1.0663E-16  3.2903E-16  3.2903E-16
  6   524288  8.3819E-07  8.3819E-07  8.3819E-07  error v       19
  6   524288  8.3819E-07  8.3819E-07  8.3819E-07  error a       19
  6   524288  8.3819E-07  8.3819E-07  8.3819E-07  error b       19
  6   524288  8.3819E-07  8.3819E-07  8.3819E-07  error c       19
case scalar:  16384  5   32    524288************   4000  19  2.95073E-02  2.22101E+09  1.55302E-03  3.88254E-07
case vector:  16384  5   32    524288************   4000  19  1.70933E-02  3.83401E+09  8.99650E-04  2.24912E-07
EXIT: quit after cggov          5
  
call exitt: dying ...
  
backtrace(): obtained 8 stack frames.
[0x712675]
[0x8eae01]
[0x41a4bb]
[0x41e52c]
[0x41e1a0]
[0x4121ee]
[0x1a49bf0]
[0x4120d7]
  
total elapsed time             :   4.47478E+01 sec
total solver time incl. I/O    :   0.00000E+00 sec
time/timestep                  :   0.00000E+00 sec
CPU seconds/timestep/gridpt    :   0.00000E+00 sec

Application 2273299 resources: utime ~740179s, stime ~5579s, Rss ~62424, inblocks ~0, outblocks ~0
