/----------------------------------------------------------\\
|      _   __ ______ __ __  ______  ____   ____   ____     |
|     / | / // ____// //_/ / ____/ / __ \\/ __ \\/ __ \\   |
|    /  |/ // __/  / ,<   /___ \\ / / / // / / // / / /    |
|   / /|  // /___ / /| | ____/ / / /_/ // /_/ // /_/ /     |
|  /_/ |_//_____//_/ |_|/_____/  \\___/ \\___/ \\___/      |
|                                                          |
|----------------------------------------------------------|
|                                                          |
| NEK5000:  Open Source Spectral Element Solver            |
| COPYRIGHT (c) 2008-2016 UCHICAGO ARGONNE, LLC            |
| Version:  16.0.0                                         |
| Web:      http://nek5000.mcs.anl.gov                     |
|                                                          |
\\----------------------------------------------------------/
                                                              

 Number of processors:           2
 REAL    wdsize      :           8
 INTEGER wdsize      :           4
 Timer accuracy      : 4.05E-07
 Reading /gpfs/theta-fs1/home/thilina/env/lx10/b2.rea                                                                                        

 mapping elements to processors
 Reading /gpfs/theta-fs1/home/thilina/env/lx10/b2.map                                                                                        
           0           2           2           4           4  NELV
           1           2           2           4           4  NELV
 RANK     0 IEG       3       4
 element load imbalance:            0           2           2
 done :: mapping elements to processors
  
           0  objects found
 118   Parameters from file:
   1      1.00000     p001 DENSITY
   2     -100.000     p002 VISCOS
   7      1.00000     p007 RHOCP
   8      1.00000     p008 CONDUCT
  11      1.00        p011 NSTEPS
  12    -0.500000E-02 p012 DT
  21     0.100000E-05 p021 DIVERGENCE
  22     0.100000E-07 p022 HELMHOLTZ
  24     0.100000E-09 p024 TOLREL
  25     0.100000E-09 p025 TOLABS
  26     0.250000     p026 COURANT/NTAU
  27      2.00000     p027 TORDER
  66      6.00000     p066 output : <0=ascii, else binary
  67      6.00000     p067 restart: <0=ascii, else binary
  99      3.00000     p099 dealiasing: <0--> off/3--> old/4--> new
 103     0.500000E-01 p103 weight of stabilizing filter (.01)
  
 nelgt/nelgv/lelt:           4           4         100
 lx1  /lx2  /lx3 :          10          10          10
 done :: read .rea file   0.27489E-01 sec

 setup mesh topology
   Right-handed check complete for       4 elements. OK.
   setvert3d:  10        1562        3610        1562        1562
 call usrsetvert
 done :: usrsetvert

gs_setup: 190 unique labels shared
   pairwise times (avg, min, max): 3.50475e-06 3.50475e-06 3.50475e-06
   crystal router                : 1.95503e-06 1.90735e-06 2.00272e-06
   all reduce                    : 2.43425e-05 2.42949e-05 2.43902e-05
   used all_to_all method: crystal router
   handle bytes (avg, min, max): 16460 16460 16460
   buffer bytes (avg, min, max): 6080 6080 6080
   setupds time 4.7431E-03 seconds   0 10        1562           4
           4  max multiplicity
 done :: setup mesh topology
  
 call usrdat
 done :: usrdat

 generate geometry data
 done :: generate geometry data
  
 call usrdat2
 done :: usrdat2

 regenerate geometry data           1
 NOTE: All elements deformed , param(59) ^=0
 done :: regenerate geometry data           1
  
 verify mesh topology
  0.000000000000000E+000   1.00000000000000       Xrange
  0.000000000000000E+000   1.00000000000000       Yrange
  0.000000000000000E+000   1.00000000000000       Zrange
 done :: verify mesh topology
  
 IFTRAN   = T
 IFFLOW   = T
 IFHEAT   = F
 IFSPLIT  = T
 IFLOMACH = F
 IFUSERVP = F
 IFUSERMV = F
 IFSTRS   = F
 IFCHAR   = F
 IFCYCLIC = F
 IFAXIS   = F
 IFMVBD   = F
 IFMELT   = F
 IFMODEL  = F
 IFKEPS   = F
 IFMOAB   = F
 IFNEKNEK = F
 IFSYNC   = T
   
 IFVCOR   = T
 IFINTQ   = F
 IFCWUZ   = F
 IFSWALL  = F
 IFGEOM   = F
 IFSURT   = F
 IFWCNO   = F
   
 IFTMSH for field           1    =  F
 IFADVC for field           1    =  T
 IFNONL for field           1    =  F
   
 Dealiasing enabled, lxd=          15
  
 Estimated eigenvalues
 EIGAA =    9.86960440108936     
 EIGGA =    26774.4198861024     
 EIGAE =    9.86960440108936     
 EIGAS =   8.333333333333333E-002
 EIGGE =    26774.4198861024     
 EIGGS =    2.00000000000000     
  
 verify mesh topology
  0.000000000000000E+000   1.00000000000000       Xrange
  0.000000000000000E+000   1.00000000000000       Yrange
  0.000000000000000E+000   1.00000000000000       Zrange
 done :: verify mesh topology
  
  E-solver strategy:  0 itr
 mg_nx:           1           5           9
 mg_ny:           1           5           9
 mg_nz:           1           5           9
 call usrsetvert
 done :: usrsetvert

gs_setup: 6 unique labels shared
   pairwise times (avg, min, max): 3.09944e-06 3.09944e-06 3.09944e-06
   crystal router                : 7.25985e-06 6.91414e-06 7.60555e-06
   all reduce                    : 1.50204e-06 1.50204e-06 1.50204e-06
   used all_to_all method: allreduce
   handle bytes (avg, min, max): 532 532 532
   buffer bytes (avg, min, max): 96 96 96
   setupds time 1.7610E-03 seconds   1  2          18           4
   setvert3d:   4         164         196         164         164
 call usrsetvert
 done :: usrsetvert

gs_setup: 28 unique labels shared
   pairwise times (avg, min, max): 3.09944e-06 3.09944e-06 3.09944e-06
   crystal router                : 3.09944e-06 3.09944e-06 3.09944e-06
   all reduce                    : 1.78814e-06 1.78814e-06 1.78814e-06
   used all_to_all method: allreduce
   handle bytes (avg, min, max): 1876 1876 1876
   buffer bytes (avg, min, max): 448 448 448
   setupds time 2.1808E-03 seconds   2  4         164           4
   setvert3d:   6         470         726         470         470
 call usrsetvert
 done :: usrsetvert

gs_setup: 66 unique labels shared
   pairwise times (avg, min, max): 3.09944e-06 3.09944e-06 3.09944e-06
   crystal router                : 1.95503e-06 1.90735e-06 2.00272e-06
   all reduce                    : 1.89066e-05 1.89066e-05 1.89066e-05
   used all_to_all method: crystal router
   handle bytes (avg, min, max): 5996 5996 5996
   buffer bytes (avg, min, max): 2112 2112 2112
   setupds time 2.5649E-03 seconds   3  6         470           4
   setvert3d:   8         936        1800         936         936
 call usrsetvert
 done :: usrsetvert

gs_setup: 120 unique labels shared
   pairwise times (avg, min, max): 3.09944e-06 3.00407e-06 3.19481e-06
   crystal router                : 1.88351e-06 1.88351e-06 1.88351e-06
   all reduce                    : 2.09332e-05 2.08855e-05 2.09808e-05
   used all_to_all method: crystal router
   handle bytes (avg, min, max): 10556 10556 10556
   buffer bytes (avg, min, max): 3840 3840 3840
   setupds time 3.0901E-03 seconds   4  8         936           4
 regenerate geometry data           1
 NOTE: All elements deformed , param(59) ^=0
 done :: regenerate geometry data           1
  
 h1_mg_nx:           1           3           9
 h1_mg_ny:           1           3           9
 h1_mg_nz:           1           3           9
 call usrsetvert
 done :: usrsetvert

gs_setup: 6 unique labels shared
   pairwise times (avg, min, max): 3.31402e-06 3.31402e-06 3.31402e-06
   crystal router                : 7.24792e-06 6.8903e-06 7.60555e-06
   all reduce                    : 1.54972e-06 1.50204e-06 1.5974e-06
   used all_to_all method: allreduce
   handle bytes (avg, min, max): 532 532 532
   buffer bytes (avg, min, max): 96 96 96
   setupds time 1.9310E-03 seconds   5  2          18           4
   setvert3d:   4         164         196         164         164
 call usrsetvert
 done :: usrsetvert

gs_setup: 28 unique labels shared
   pairwise times (avg, min, max): 3.3617e-06 3.31402e-06 3.40939e-06
   crystal router                : 6.79493e-06 6.79493e-06 6.79493e-06
   all reduce                    : 2.00272e-06 2.00272e-06 2.00272e-06
   used all_to_all method: allreduce
   handle bytes (avg, min, max): 1876 1876 1876
   buffer bytes (avg, min, max): 448 448 448
   setupds time 2.5430E-03 seconds   6  4         164           4
   setvert3d:   4         164         196         164         164
 call usrsetvert
 done :: usrsetvert

gs_setup: 28 unique labels shared
   pairwise times (avg, min, max): 1.06812e-05 1.06812e-05 1.06812e-05
   crystal router                : 1.81198e-06 1.81198e-06 1.81198e-06
   all reduce                    : 1.84059e-05 1.84059e-05 1.84059e-05
   used all_to_all method: crystal router
   handle bytes (avg, min, max): 2780 2780 2780
   buffer bytes (avg, min, max): 896 896 896
   setupds time 2.2740E-03 seconds   7  4         164           4
   setvert3d:   6         470         726         470         470
 call usrsetvert
 done :: usrsetvert

gs_setup: 66 unique labels shared
   pairwise times (avg, min, max): 2.7895e-06 2.7895e-06 2.7895e-06
   crystal router                : 1.94311e-06 1.88351e-06 2.00272e-06
   all reduce                    : 1.87159e-05 1.87159e-05 1.87159e-05
   used all_to_all method: crystal router
   handle bytes (avg, min, max): 5996 5996 5996
   buffer bytes (avg, min, max): 2112 2112 2112
   setupds time 2.4340E-03 seconds   8  6         470           4
   setvert3d:  10        1562        3610        1562        1562
 call usrsetvert
 done :: usrsetvert

gs_setup: 190 unique labels shared
   pairwise times (avg, min, max): 2.39611e-06 2.38419e-06 2.40803e-06
   crystal router                : 1.97887e-06 1.97887e-06 1.97887e-06
   all reduce                    : 2.31028e-05 2.31028e-05 2.31028e-05
   used all_to_all method: crystal router
   handle bytes (avg, min, max): 16460 16460 16460
   buffer bytes (avg, min, max): 6080 6080 6080
   setupds time 3.5388E-03 seconds   9 10        1562           4
   setvert3d:  12        2348        6348        2348        2348
 call usrsetvert
 done :: usrsetvert

gs_setup: 276 unique labels shared
   pairwise times (avg, min, max): 2.75373e-06 2.69413e-06 2.81334e-06
   crystal router                : 2.14577e-06 2.09808e-06 2.19345e-06
   all reduce                    : 2.90871e-05 2.90871e-05 2.90871e-05
   used all_to_all method: crystal router
   handle bytes (avg, min, max): 23708 23708 23708
   buffer bytes (avg, min, max): 8832 8832 8832
   setupds time 4.3590E-03 seconds  10 12        2348           4
 setup h1 coarse grid, nx_crs=           2
 call usrsetvert
 done :: usrsetvert

gs_setup: 6 unique labels shared
   pairwise times (avg, min, max): 1.06454e-05 1.02997e-05 1.09911e-05
   crystal router                : 1.13964e-05 1.10865e-05 1.17064e-05
   all reduce                    : 1.64032e-05 1.64032e-05 1.64032e-05
   used all_to_all method: pairwise
   handle bytes (avg, min, max): 460 460 460
   buffer bytes (avg, min, max): 96 96 96
 done :: setup h1 coarse grid   3.865003585815430E-003  sec
  
 call usrdat3
 done :: usrdat3

 set initial conditions
 nekuic (1) for ifld            1
 call nekuic for vel  
 xyz min     0.0000       0.0000       0.0000    
 uvwpt min   0.0000       0.0000       0.0000       0.0000       0.0000    
 PS min      0.0000       0.0000      0.99000E+22
 xyz max     1.0000       1.0000       1.0000    
 uvwpt max   0.0000       0.0000       0.0000       0.0000       0.0000    
 PS max      0.0000       0.0000     -0.99000E+22
 done :: set initial conditions
  
 call userchk
GFM max:  4.3924E-03  1.7570E-02  1.7570E-02  5.8397E-17  6.1229E-17  1.5081E-16
 
nelt =       2, np =         2, nx1 =      10, elements =         4
Solve Time =   0.3405E-07
 
nelt =       2, np =         2, nx1 =      10, elements =         4
Solve Time =   0.3333E-07
 
nelt =       2, np =         2, nx1 =      10, elements =         4
Solve Time =   0.3342E-07
 
nelt =       2, np =         2, nx1 =      10, elements =         4
Solve Time =   0.3329E-07
 
nelt =       2, np =         2, nx1 =      10, elements =         4
Solve Time =   0.3384E-07
 
nelt =       2, np =         2, nx1 =      10, elements =         4
Solve Time =   0.8009E-07
 
nelt =       2, np =         2, nx1 =      10, elements =         4
Solve Time =   0.7735E-07
 
nelt =       2, np =         2, nx1 =      10, elements =         4
Solve Time =   0.7727E-07
 
nelt =       2, np =         2, nx1 =      10, elements =         4
Solve Time =   0.8142E-07
 
nelt =       2, np =         2, nx1 =      10, elements =         4
Solve Time =   0.7701E-07
 
nelt =       2, np =         2, nx1 =      10, elements =         4
Solve Time =   0.8176E-07
 
nelt =       2, np =         2, nx1 =      10, elements =         4
Solve Time =   0.7325E-07
 
nelt =       2, np =         2, nx1 =      10, elements =         4
Solve Time =   0.7524E-07
 
nelt =       2, np =         2, nx1 =      10, elements =         4
Solve Time =   0.7834E-07
 
nelt =       2, np =         2, nx1 =      10, elements =         4
Solve Time =   0.7323E-07
 
nelt =       2, np =         2, nx1 =      10, elements =         4
Solve Time =   0.7234E-07
 
nelt =       2, np =         2, nx1 =      10, elements =         4
Solve Time =   0.7190E-07
 
nelt =       2, np =         2, nx1 =      10, elements =         4
Solve Time =   0.7325E-07
 
nelt =       2, np =         2, nx1 =      10, elements =         4
Solve Time =   0.7292E-07
 
nelt =       2, np =         2, nx1 =      10, elements =         4
Solve Time =   0.7683E-07
 
nelt =       2, np =         2, nx1 =      10, elements =         4
Solve Time =   0.8617E-07
 
nelt =       2, np =         2, nx1 =      10, elements =         4
Solve Time =   0.7625E-07
 
nelt =       2, np =         2, nx1 =      10, elements =         4
Solve Time =   0.7659E-07
 
nelt =       2, np =         2, nx1 =      10, elements =         4
Solve Time =   0.8001E-07
 
nelt =       2, np =         2, nx1 =      10, elements =         4
Solve Time =   0.7584E-07
 
nelt =       2, np =         2, nx1 =      10, elements =         4
Solve Time =   0.7625E-07
 
nelt =       2, np =         2, nx1 =      10, elements =         4
Solve Time =   0.8051E-07
 
nelt =       2, np =         2, nx1 =      10, elements =         4
Solve Time =   0.7568E-07
 
nelt =       2, np =         2, nx1 =      10, elements =         4
Solve Time =   0.7576E-07
 
nelt =       2, np =         2, nx1 =      10, elements =         4
Solve Time =   0.8200E-07
 
nelt =       2, np =         2, nx1 =      10, elements =         4
Solve Time =   0.9034E-07
 
nelt =       2, np =         2, nx1 =      10, elements =         4
Solve Time =   0.7743E-07
 
nelt =       2, np =         2, nx1 =      10, elements =         4
Solve Time =   0.7735E-07
 
nelt =       2, np =         2, nx1 =      10, elements =         4
Solve Time =   0.8051E-07
 
nelt =       2, np =         2, nx1 =      10, elements =         4
Solve Time =   0.7790E-07
 
nelt =       2, np =         2, nx1 =      10, elements =         4
Solve Time =   0.7675E-07
 
nelt =       2, np =         2, nx1 =      10, elements =         4
Solve Time =   0.7717E-07
 
nelt =       2, np =         2, nx1 =      10, elements =         4
Solve Time =   0.8043E-07
 
nelt =       2, np =         2, nx1 =      10, elements =         4
Solve Time =   0.7691E-07
 
nelt =       2, np =         2, nx1 =      10, elements =         4
Solve Time =   0.7667E-07
 
nelt =       2, np =         2, nx1 =      10, elements =         4
Solve Time =   0.9058E-07
 
nelt =       2, np =         2, nx1 =      10, elements =         4
Solve Time =   0.7800E-07
 
nelt =       2, np =         2, nx1 =      10, elements =         4
Solve Time =   0.7774E-07
 
nelt =       2, np =         2, nx1 =      10, elements =         4
Solve Time =   0.7876E-07
 
nelt =       2, np =         2, nx1 =      10, elements =         4
Solve Time =   0.8368E-07
 
nelt =       2, np =         2, nx1 =      10, elements =         4
Solve Time =   0.8384E-07
 
nelt =       2, np =         2, nx1 =      10, elements =         4
Solve Time =   0.7876E-07
 
nelt =       2, np =         2, nx1 =      10, elements =         4
Solve Time =   0.8150E-07
 
nelt =       2, np =         2, nx1 =      10, elements =         4
Solve Time =   0.7816E-07
 
nelt =       2, np =         2, nx1 =      10, elements =         4
Solve Time =   0.7832E-07
 schfile:
 /gpfs/theta-fs1/home/thilina/env/lx10/b2.sch                                   
                                                      
 10        4  1.0000E+00  1.0000E+00  1.0000E+00  error v
 10        4  1.0000E+00  1.0000E+00  1.0000E+00  error v
 
nelt =       2, np =         2, nx1 =      10, elements =         4
Solve Time =   0.3220E-07
 
nelt =       2, np =         2, nx1 =      10, elements =         4
Solve Time =   0.3133E-07
 
nelt =       2, np =         2, nx1 =      10, elements =         4
Solve Time =   0.3136E-07
 
nelt =       2, np =         2, nx1 =      10, elements =         4
Solve Time =   0.3123E-07
 
nelt =       2, np =         2, nx1 =      10, elements =         4
Solve Time =   0.3118E-07
 
nelt =       2, np =         2, nx1 =      10, elements =         4
Solve Time =   0.3132E-07
 
nelt =       2, np =         2, nx1 =      10, elements =         4
Solve Time =   0.3120E-07
 
nelt =       2, np =         2, nx1 =      10, elements =         4
Solve Time =   0.3123E-07
 
nelt =       2, np =         2, nx1 =      10, elements =         4
Solve Time =   0.3117E-07
 
nelt =       2, np =         2, nx1 =      10, elements =         4
Solve Time =   0.3117E-07
 10        4  3.5364E-10  3.5364E-10  3.5364E-10  error s
 10        4  3.5364E-10  3.5364E-10  3.5364E-10  error s
 
nelt =       2, np =         2, nx1 =      10, elements =         4
Solve Time =   0.3487E-07
 
nelt =       2, np =         2, nx1 =      10, elements =         4
Solve Time =   0.3417E-07
 
nelt =       2, np =         2, nx1 =      10, elements =         4
Solve Time =   0.3411E-07
 
nelt =       2, np =         2, nx1 =      10, elements =         4
Solve Time =   0.3412E-07
 
nelt =       2, np =         2, nx1 =      10, elements =         4
Solve Time =   0.3401E-07
 
nelt =       2, np =         2, nx1 =      10, elements =         4
Solve Time =   0.3396E-07
 
nelt =       2, np =         2, nx1 =      10, elements =         4
Solve Time =   0.3411E-07
 
nelt =       2, np =         2, nx1 =      10, elements =         4
Solve Time =   0.3404E-07
 
nelt =       2, np =         2, nx1 =      10, elements =         4
Solve Time =   0.3412E-07
 
nelt =       2, np =         2, nx1 =      10, elements =         4
Solve Time =   0.3403E-07
 10        4  3.5364E-10  3.5364E-10  3.5364E-10  error n
 10        4  3.5364E-10  3.5364E-10  3.5364E-10  error n
   9        4  100  0.0000E+00  0.0000E+00  0.0000E+00 time for 3 hmholtz
EXIT: quit after cggov          9
  
call exitt: dying ...
  
backtrace(): obtained 8 stack frames.
./nek5000() [0x77b9b5]
./nek5000() [0x95f269]
./nek5000() [0x40e00c]
./nek5000() [0x4260a6]
./nek5000() [0x42465e]
./nek5000() [0x4054fe]
/lib64/libc.so.6(__libc_start_main+0xf5) [0x2aaab1ca3b25]
./nek5000() [0x405409]
  
total elapsed time             :   2.10415E+00 sec
total solver time incl. I/O    :   0.00000E+00 sec
time/timestep                  :   0.00000E+00 sec
CPU seconds/timestep/gridpt    :   0.00000E+00 sec

Application 2257561 resources: utime ~4s, stime ~1s, Rss ~22024, inblocks ~0, outblocks ~0
