/----------------------------------------------------------\\
|      _   __ ______ __ __  ______  ____   ____   ____     |
|     / | / // ____// //_/ / ____/ / __ \\/ __ \\/ __ \\   |
|    /  |/ // __/  / ,<   /___ \\ / / / // / / // / / /    |
|   / /|  // /___ / /| | ____/ / / /_/ // /_/ // /_/ /     |
|  /_/ |_//_____//_/ |_|/_____/  \\___/ \\___/ \\___/      |
|                                                          |
|----------------------------------------------------------|
|                                                          |
| NEK5000:  Open Source Spectral Element Solver            |
| COPYRIGHT (c) 2008-2016 UCHICAGO ARGONNE, LLC            |
| Version:  16.0.0                                         |
| Web:      http://nek5000.mcs.anl.gov                     |
|                                                          |
\\----------------------------------------------------------/
                                                              

 Number of processors:           4
 REAL    wdsize      :           8
 INTEGER wdsize      :           4
 Timer accuracy      : 3.10E-07
 Reading /gpfs/theta-fs1/home/thilina/env/lx10/b2.rea                                                                                        

 mapping elements to processors
 Reading /gpfs/theta-fs1/home/thilina/env/lx10/b2.map                                                                                        
           0           1           1           4           4  NELV
           2           1           1           4           4  NELV
           3           1           1           4           4  NELV
           1           1           1           4           4  NELV
 RANK     0 IEG       3
 element load imbalance:            0           1           1
 done :: mapping elements to processors
  
           0  objects found
 118   Parameters from file:
   1      1.00000     p001 DENSITY
   2     -100.000     p002 VISCOS
   7      1.00000     p007 RHOCP
   8      1.00000     p008 CONDUCT
  11      1.00        p011 NSTEPS
  12    -0.500000E-02 p012 DT
  21     0.100000E-05 p021 DIVERGENCE
  22     0.100000E-07 p022 HELMHOLTZ
  24     0.100000E-09 p024 TOLREL
  25     0.100000E-09 p025 TOLABS
  26     0.250000     p026 COURANT/NTAU
  27      2.00000     p027 TORDER
  66      6.00000     p066 output : <0=ascii, else binary
  67      6.00000     p067 restart: <0=ascii, else binary
  99      3.00000     p099 dealiasing: <0--> off/3--> old/4--> new
 103     0.500000E-01 p103 weight of stabilizing filter (.01)
  
 nelgt/nelgv/lelt:           4           4         100
 lx1  /lx2  /lx3 :          10          10          10
 done :: read .rea file   0.29563E-01 sec

 setup mesh topology
   Right-handed check complete for       4 elements. OK.
   setvert3d:  10        1562        3610        1562        1562
 call usrsetvert
 done :: usrsetvert

gs_setup: 370 unique labels shared
   pairwise times (avg, min, max): 7.48038e-06 7.39098e-06 7.51019e-06
   crystal router                : 6.13928e-06 5.98431e-06 6.38962e-06
   all reduce                    : 3.3474e-05 3.34024e-05 3.34978e-05
   used all_to_all method: crystal router
   handle bytes (avg, min, max): 21148 21148 21148
   buffer bytes (avg, min, max): 7520 7520 7520
   setupds time 5.4090E-03 seconds   0 10        1562           4
           4  max multiplicity
 done :: setup mesh topology
  
 call usrdat
 done :: usrdat

 generate geometry data
 done :: generate geometry data
  
 call usrdat2
 done :: usrdat2

 regenerate geometry data           1
 NOTE: All elements deformed , param(59) ^=0
 done :: regenerate geometry data           1
  
 verify mesh topology
  0.000000000000000E+000   1.00000000000000       Xrange
  0.000000000000000E+000   1.00000000000000       Yrange
  0.000000000000000E+000   1.00000000000000       Zrange
 done :: verify mesh topology
  
 IFTRAN   = T
 IFFLOW   = T
 IFHEAT   = F
 IFSPLIT  = T
 IFLOMACH = F
 IFUSERVP = F
 IFUSERMV = F
 IFSTRS   = F
 IFCHAR   = F
 IFCYCLIC = F
 IFAXIS   = F
 IFMVBD   = F
 IFMELT   = F
 IFMODEL  = F
 IFKEPS   = F
 IFMOAB   = F
 IFNEKNEK = F
 IFSYNC   = T
   
 IFVCOR   = T
 IFINTQ   = F
 IFCWUZ   = F
 IFSWALL  = F
 IFGEOM   = F
 IFSURT   = F
 IFWCNO   = F
   
 IFTMSH for field           1    =  F
 IFADVC for field           1    =  T
 IFNONL for field           1    =  F
   
 Dealiasing enabled, lxd=          15
  
 Estimated eigenvalues
 EIGAA =    9.86960440108936     
 EIGGA =    26773.7911459435     
 EIGAE =    9.86960440108936     
 EIGAS =   8.333333333333333E-002
 EIGGE =    26773.7911459435     
 EIGGS =    2.00000000000000     
  
 verify mesh topology
  0.000000000000000E+000   1.00000000000000       Xrange
  0.000000000000000E+000   1.00000000000000       Yrange
  0.000000000000000E+000   1.00000000000000       Zrange
 done :: verify mesh topology
  
  E-solver strategy:  0 itr
 mg_nx:           1           5           9
 mg_ny:           1           5           9
 mg_nz:           1           5           9
 call usrsetvert
 done :: usrsetvert

gs_setup: 10 unique labels shared
   pairwise times (avg, min, max): 6.44922e-06 6.29425e-06 6.60419e-06
   crystal router                : 3.71933e-06 3.69549e-06 3.79086e-06
   all reduce                    : 1.95503e-06 1.90735e-06 2.00272e-06
   used all_to_all method: allreduce
   handle bytes (avg, min, max): 436 436 436
   buffer bytes (avg, min, max): 160 160 160
   setupds time 1.6508E-03 seconds   1  2          18           4
   setvert3d:   4         164         196         164         164
 call usrsetvert
 done :: usrsetvert

gs_setup: 52 unique labels shared
   pairwise times (avg, min, max): 6.42538e-06 6.29425e-06 6.60419e-06
   crystal router                : 3.95775e-06 3.91006e-06 4.00543e-06
   all reduce                    : 1.42336e-05 1.41144e-05 1.43051e-05
   used all_to_all method: crystal router
   handle bytes (avg, min, max): 3580 3580 3580
   buffer bytes (avg, min, max): 1088 1088 1088
   setupds time 2.3189E-03 seconds   2  4         164           4
   setvert3d:   6         470         726         470         470
 call usrsetvert
 done :: usrsetvert

gs_setup: 126 unique labels shared
   pairwise times (avg, min, max): 6.48499e-06 6.41346e-06 6.60419e-06
   crystal router                : 4.50611e-06 4.41074e-06 4.60148e-06
   all reduce                    : 1.48296e-05 1.47104e-05 1.49965e-05
   used all_to_all method: crystal router
   handle bytes (avg, min, max): 7708 7708 7708
   buffer bytes (avg, min, max): 2592 2592 2592
   setupds time 2.6758E-03 seconds   3  6         470           4
   setvert3d:   8         936        1800         936         936
 call usrsetvert
 done :: usrsetvert

gs_setup: 232 unique labels shared
   pairwise times (avg, min, max): 6.73532e-06 6.60419e-06 6.81877e-06
   crystal router                : 5.24521e-06 5.19753e-06 5.29289e-06
   all reduce                    : 2.17676e-05 2.16961e-05 2.17915e-05
   used all_to_all method: crystal router
   handle bytes (avg, min, max): 13564 13564 13564
   buffer bytes (avg, min, max): 4736 4736 4736
   setupds time 3.1140E-03 seconds   4  8         936           4
 regenerate geometry data           1
 NOTE: All elements deformed , param(59) ^=0
 done :: regenerate geometry data           1
  
 h1_mg_nx:           1           3           9
 h1_mg_ny:           1           3           9
 h1_mg_nz:           1           3           9
 call usrsetvert
 done :: usrsetvert

gs_setup: 10 unique labels shared
   pairwise times (avg, min, max): 7.15256e-06 7.10487e-06 7.20024e-06
   crystal router                : 3.88622e-06 3.79086e-06 3.98159e-06
   all reduce                    : 2.02656e-06 1.90735e-06 2.09808e-06
   used all_to_all method: allreduce
   handle bytes (avg, min, max): 436 436 436
   buffer bytes (avg, min, max): 160 160 160
   setupds time 2.0492E-03 seconds   5  2          18           4
   setvert3d:   4         164         196         164         164
 call usrsetvert
 done :: usrsetvert

gs_setup: 52 unique labels shared
   pairwise times (avg, min, max): 6.8903e-06 6.79493e-06 6.98566e-06
   crystal router                : 4.20213e-06 4.1008e-06 4.31538e-06
   all reduce                    : 1.52051e-05 1.51157e-05 1.53065e-05
   used all_to_all method: crystal router
   handle bytes (avg, min, max): 3580 3580 3580
   buffer bytes (avg, min, max): 1088 1088 1088
   setupds time 2.4710E-03 seconds   6  4         164           4
   setvert3d:   4         164         196         164         164
 call usrsetvert
 done :: usrsetvert

gs_setup: 52 unique labels shared
   pairwise times (avg, min, max): 1.6582e-05 1.59025e-05 1.78099e-05
   crystal router                : 4.1008e-06 4.1008e-06 4.1008e-06
   all reduce                    : 1.44184e-05 1.41859e-05 1.45912e-05
   used all_to_all method: crystal router
   handle bytes (avg, min, max): 3580 3580 3580
   buffer bytes (avg, min, max): 1088 1088 1088
   setupds time 2.2910E-03 seconds   7  4         164           4
   setvert3d:   6         470         726         470         470
 call usrsetvert
 done :: usrsetvert

gs_setup: 126 unique labels shared
   pairwise times (avg, min, max): 5.43594e-06 5.4121e-06 5.50747e-06
   crystal router                : 4.673e-06 4.60148e-06 4.79221e-06
   all reduce                    : 1.90258e-05 1.9002e-05 1.90973e-05
   used all_to_all method: crystal router
   handle bytes (avg, min, max): 7708 7708 7708
   buffer bytes (avg, min, max): 2592 2592 2592
   setupds time 2.5890E-03 seconds   8  6         470           4
   setvert3d:  10        1562        3610        1562        1562
 call usrsetvert
 done :: usrsetvert

gs_setup: 370 unique labels shared
   pairwise times (avg, min, max): 6.07967e-06 6.00815e-06 6.19888e-06
   crystal router                : 7.54595e-06 7.20024e-06 7.79629e-06
   all reduce                    : 3.61145e-05 3.56913e-05 3.62873e-05
   used all_to_all method: pairwise
   handle bytes (avg, min, max): 4988 4988 4988
   buffer bytes (avg, min, max): 3360 3360 3360
   setupds time 3.8500E-03 seconds   9 10        1562           4
   setvert3d:  12        2348        6348        2348        2348
 call usrsetvert
 done :: usrsetvert

gs_setup: 540 unique labels shared
   pairwise times (avg, min, max): 1.46031e-05 1.44958e-05 1.48058e-05
   crystal router                : 7.21812e-06 7.1764e-06 7.29561e-06
   all reduce                    : 3.10659e-05 3.0899e-05 3.11852e-05
   used all_to_all method: crystal router
   handle bytes (avg, min, max): 30460 30460 30460
   buffer bytes (avg, min, max): 10944 10944 10944
   setupds time 4.6611E-03 seconds  10 12        2348           4
 setup h1 coarse grid, nx_crs=           2
 call usrsetvert
 done :: usrsetvert

gs_setup: 10 unique labels shared
   pairwise times (avg, min, max): 5.45979e-06 5.38826e-06 5.48363e-06
   crystal router                : 3.79086e-06 3.79086e-06 3.79086e-06
   all reduce                    : 1.15335e-05 1.14918e-05 1.1611e-05
   used all_to_all method: crystal router
   handle bytes (avg, min, max): 1180 1180 1180
   buffer bytes (avg, min, max): 224 224 224
 done :: setup h1 coarse grid   3.545999526977539E-003  sec
  
 call usrdat3
 done :: usrdat3

 set initial conditions
 nekuic (1) for ifld            1
 call nekuic for vel  
 xyz min     0.0000       0.0000       0.0000    
 uvwpt min   0.0000       0.0000       0.0000       0.0000       0.0000    
 PS min      0.0000       0.0000      0.99000E+22
 xyz max     1.0000       1.0000       1.0000    
 uvwpt max   0.0000       0.0000       0.0000       0.0000       0.0000    
 PS max      0.0000       0.0000     -0.99000E+22
 done :: set initial conditions
  
 call userchk
GFM max:  4.3924E-03  1.7570E-02  1.7570E-02  5.8397E-17  6.1229E-17  1.5081E-16
 
nelt =       1, np =         4, nx1 =      10, elements =         4
Solve Time =   0.1913E-07
 
nelt =       1, np =         4, nx1 =      10, elements =         4
Solve Time =   0.1791E-07
 
nelt =       1, np =         4, nx1 =      10, elements =         4
Solve Time =   0.1766E-07
 
nelt =       1, np =         4, nx1 =      10, elements =         4
Solve Time =   0.1770E-07
 
nelt =       1, np =         4, nx1 =      10, elements =         4
Solve Time =   0.1813E-07
 
nelt =       1, np =         4, nx1 =      10, elements =         4
Solve Time =   0.3950E-07
 
nelt =       1, np =         4, nx1 =      10, elements =         4
Solve Time =   0.3592E-07
 
nelt =       1, np =         4, nx1 =      10, elements =         4
Solve Time =   0.3533E-07
 
nelt =       1, np =         4, nx1 =      10, elements =         4
Solve Time =   0.3501E-07
 
nelt =       1, np =         4, nx1 =      10, elements =         4
Solve Time =   0.3457E-07
 
nelt =       1, np =         4, nx1 =      10, elements =         4
Solve Time =   0.3850E-07
 
nelt =       1, np =         4, nx1 =      10, elements =         4
Solve Time =   0.3242E-07
 
nelt =       1, np =         4, nx1 =      10, elements =         4
Solve Time =   0.3817E-07
 
nelt =       1, np =         4, nx1 =      10, elements =         4
Solve Time =   0.3117E-07
 
nelt =       1, np =         4, nx1 =      10, elements =         4
Solve Time =   0.3068E-07
 
nelt =       1, np =         4, nx1 =      10, elements =         4
Solve Time =   0.3068E-07
 
nelt =       1, np =         4, nx1 =      10, elements =         4
Solve Time =   0.3034E-07
 
nelt =       1, np =         4, nx1 =      10, elements =         4
Solve Time =   0.2992E-07
 
nelt =       1, np =         4, nx1 =      10, elements =         4
Solve Time =   0.3091E-07
 
nelt =       1, np =         4, nx1 =      10, elements =         4
Solve Time =   0.2976E-07
 
nelt =       1, np =         4, nx1 =      10, elements =         4
Solve Time =   0.4017E-07
 
nelt =       1, np =         4, nx1 =      10, elements =         4
Solve Time =   0.3358E-07
 
nelt =       1, np =         4, nx1 =      10, elements =         4
Solve Time =   0.3233E-07
 
nelt =       1, np =         4, nx1 =      10, elements =         4
Solve Time =   0.3300E-07
 
nelt =       1, np =         4, nx1 =      10, elements =         4
Solve Time =   0.2958E-07
 
nelt =       1, np =         4, nx1 =      10, elements =         4
Solve Time =   0.2992E-07
 
nelt =       1, np =         4, nx1 =      10, elements =         4
Solve Time =   0.3191E-07
 
nelt =       1, np =         4, nx1 =      10, elements =         4
Solve Time =   0.3099E-07
 
nelt =       1, np =         4, nx1 =      10, elements =         4
Solve Time =   0.3141E-07
 
nelt =       1, np =         4, nx1 =      10, elements =         4
Solve Time =   0.3133E-07
 
nelt =       1, np =         4, nx1 =      10, elements =         4
Solve Time =   0.4375E-07
 
nelt =       1, np =         4, nx1 =      10, elements =         4
Solve Time =   0.3568E-07
 
nelt =       1, np =         4, nx1 =      10, elements =         4
Solve Time =   0.3101E-07
 
nelt =       1, np =         4, nx1 =      10, elements =         4
Solve Time =   0.3076E-07
 
nelt =       1, np =         4, nx1 =      10, elements =         4
Solve Time =   0.4234E-07
 
nelt =       1, np =         4, nx1 =      10, elements =         4
Solve Time =   0.3392E-07
 
nelt =       1, np =         4, nx1 =      10, elements =         4
Solve Time =   0.3342E-07
 
nelt =       1, np =         4, nx1 =      10, elements =         4
Solve Time =   0.3366E-07
 
nelt =       1, np =         4, nx1 =      10, elements =         4
Solve Time =   0.3068E-07
 
nelt =       1, np =         4, nx1 =      10, elements =         4
Solve Time =   0.3066E-07
 
nelt =       1, np =         4, nx1 =      10, elements =         4
Solve Time =   0.4200E-07
 
nelt =       1, np =         4, nx1 =      10, elements =         4
Solve Time =   0.3676E-07
 
nelt =       1, np =         4, nx1 =      10, elements =         4
Solve Time =   0.3467E-07
 
nelt =       1, np =         4, nx1 =      10, elements =         4
Solve Time =   0.3425E-07
 
nelt =       1, np =         4, nx1 =      10, elements =         4
Solve Time =   0.3525E-07
 
nelt =       1, np =         4, nx1 =      10, elements =         4
Solve Time =   0.3235E-07
 
nelt =       1, np =         4, nx1 =      10, elements =         4
Solve Time =   0.3193E-07
 
nelt =       1, np =         4, nx1 =      10, elements =         4
Solve Time =   0.3209E-07
 
nelt =       1, np =         4, nx1 =      10, elements =         4
Solve Time =   0.3475E-07
 
nelt =       1, np =         4, nx1 =      10, elements =         4
Solve Time =   0.3449E-07
 schfile:
 /gpfs/theta-fs1/home/thilina/env/lx10/b2.sch                                   
                                                      
 10        4  1.0000E+00  1.0000E+00  1.0000E+00  error v
 10        4  1.0000E+00  1.0000E+00  1.0000E+00  error v
 10        4  1.0000E+00  1.0000E+00  1.0000E+00  error v
 10        4  1.0000E+00  1.0000E+00  1.0000E+00  error v
 
nelt =       1, np =         4, nx1 =      10, elements =         4
Solve Time =   0.1978E-07
 
nelt =       1, np =         4, nx1 =      10, elements =         4
Solve Time =   0.1932E-07
 
nelt =       1, np =         4, nx1 =      10, elements =         4
Solve Time =   0.1927E-07
 
nelt =       1, np =         4, nx1 =      10, elements =         4
Solve Time =   0.1930E-07
 
nelt =       1, np =         4, nx1 =      10, elements =         4
Solve Time =   0.1929E-07
 
nelt =       1, np =         4, nx1 =      10, elements =         4
Solve Time =   0.1940E-07
 
nelt =       1, np =         4, nx1 =      10, elements =         4
Solve Time =   0.1932E-07
 
nelt =       1, np =         4, nx1 =      10, elements =         4
Solve Time =   0.1938E-07
 
nelt =       1, np =         4, nx1 =      10, elements =         4
Solve Time =   0.1923E-07
 
nelt =       1, np =         4, nx1 =      10, elements =         4
Solve Time =   0.1943E-07
 10        4  3.5364E-10  3.5364E-10  3.5364E-10  error s
 10        4  3.5364E-10  3.5364E-10  3.5364E-10  error s
 10        4  3.5364E-10  3.5364E-10  3.5364E-10  error s
 10        4  3.5364E-10  3.5364E-10  3.5364E-10  error s
 
nelt =       1, np =         4, nx1 =      10, elements =         4
Solve Time =   0.2157E-07
 
nelt =       1, np =         4, nx1 =      10, elements =         4
Solve Time =   0.2046E-07
 
nelt =       1, np =         4, nx1 =      10, elements =         4
Solve Time =   0.2050E-07
 
nelt =       1, np =         4, nx1 =      10, elements =         4
Solve Time =   0.2036E-07
 
nelt =       1, np =         4, nx1 =      10, elements =         4
Solve Time =   0.2041E-07
 
nelt =       1, np =         4, nx1 =      10, elements =         4
Solve Time =   0.2033E-07
 
nelt =       1, np =         4, nx1 =      10, elements =         4
Solve Time =   0.2066E-07
 
nelt =       1, np =         4, nx1 =      10, elements =         4
Solve Time =   0.2037E-07
 
nelt =       1, np =         4, nx1 =      10, elements =         4
Solve Time =   0.2033E-07
 
nelt =       1, np =         4, nx1 =      10, elements =         4
Solve Time =   0.2029E-07
 10        4  3.5364E-10  3.5364E-10  3.5364E-10  error n
 10        4  3.5364E-10  3.5364E-10  3.5364E-10  error n
 10        4  3.5364E-10  3.5364E-10  3.5364E-10  error n
 10        4  3.5364E-10  3.5364E-10  3.5364E-10  error n
   9        4  100  0.0000E+00  0.0000E+00  0.0000E+00 time for 3 hmholtz
EXIT: quit after cggov          9
  
call exitt: dying ...
  
backtrace(): obtained 8 stack frames.
./nek5000() [0x77b9b5]
./nek5000() [0x95f269]
./nek5000() [0x40e00c]
./nek5000() [0x4260a6]
./nek5000() [0x42465e]
./nek5000() [0x4054fe]
/lib64/libc.so.6(__libc_start_main+0xf5) [0x2aaab1ca3b25]
./nek5000() [0x405409]
  
total elapsed time             :   1.66561E+00 sec
total solver time incl. I/O    :   0.00000E+00 sec
time/timestep                  :   0.00000E+00 sec
CPU seconds/timestep/gridpt    :   0.00000E+00 sec

Application 2257540 resources: utime ~6s, stime ~1s, Rss ~21128, inblocks ~0, outblocks ~0
