/----------------------------------------------------------\\
|      _   __ ______ __ __  ______  ____   ____   ____     |
|     / | / // ____// //_/ / ____/ / __ \\/ __ \\/ __ \\   |
|    /  |/ // __/  / ,<   /___ \\ / / / // / / // / / /    |
|   / /|  // /___ / /| | ____/ / / /_/ // /_/ // /_/ /     |
|  /_/ |_//_____//_/ |_|/_____/  \\___/ \\___/ \\___/      |
|                                                          |
|----------------------------------------------------------|
|                                                          |
| NEK5000:  Open Source Spectral Element Solver            |
| COPYRIGHT (c) 2008-2016 UCHICAGO ARGONNE, LLC            |
| Version:  16.0.0                                         |
| Web:      http://nek5000.mcs.anl.gov                     |
|                                                          |
\\----------------------------------------------------------/
                                                              

 Number of processors:          16
 REAL    wdsize      :           8
 INTEGER wdsize      :           4
 Timer accuracy      : 5.01E-07
 Reading /gpfs/theta-fs1/home/thilina/env/lx10/b8.rea                                                                                        

 mapping elements to processors
 Reading /gpfs/theta-fs1/home/thilina/env/lx10/b8.map                                                                                        
           0          16          16         256         256  NELV
           7          16          16         256         256  NELV
           6          16          16         256         256  NELV
           8          16          16         256         256  NELV
           5          16          16         256         256  NELV
           9          16          16         256         256  NELV
           4          16          16         256         256  NELV
          12          16          16         256         256  NELV
           2          16          16         256         256  NELV
          11          16          16         256         256  NELV
           3          16          16         256         256  NELV
          15          16          16         256         256  NELV
          14          16          16         256         256  NELV
           1          16          16         256         256  NELV
          13          16          16         256         256  NELV
          10          16          16         256         256  NELV
 RANK     0 IEG     209     210     211     212     213     214     215     216
                    241     242     243     244     245     246     247     248
 element load imbalance:            0          16          16
 done :: mapping elements to processors
  
           0  objects found
 118   Parameters from file:
   1      1.00000     p001 DENSITY
   2     -100.000     p002 VISCOS
   7      1.00000     p007 RHOCP
   8      1.00000     p008 CONDUCT
  11      1.00        p011 NSTEPS
  12    -0.500000E-02 p012 DT
  21     0.100000E-05 p021 DIVERGENCE
  22     0.100000E-07 p022 HELMHOLTZ
  24     0.100000E-09 p024 TOLREL
  25     0.100000E-09 p025 TOLABS
  26     0.250000     p026 COURANT/NTAU
  27      2.00000     p027 TORDER
  66      6.00000     p066 output : <0=ascii, else binary
  67      6.00000     p067 restart: <0=ascii, else binary
  99      3.00000     p099 dealiasing: <0--> off/3--> old/4--> new
 103     0.500000E-01 p103 weight of stabilizing filter (.01)
  
 nelgt/nelgv/lelt:         256         256         100
 lx1  /lx2  /lx3 :          10          10          10
 done :: read .rea file   0.71523E-01 sec

 setup mesh topology
   Right-handed check complete for     256 elements. OK.
   setvert3d:  10       66101      197173       66101       66101
 call usrsetvert
 done :: usrsetvert

gs_setup: 15873 unique labels shared
   pairwise times (avg, min, max): 3.71575e-05 3.44992e-05 4.0102e-05
   crystal router                : 0.000116253 0.000115013 0.000117087
   all reduce                    : 0.000830677 0.000825906 0.000839114
   used all_to_all method: pairwise
   handle bytes (avg, min, max): 108872 92316 125292
   buffer bytes (avg, min, max): 35076 23088 47360
   setupds time 5.2468E-02 seconds   0 10       66101         256
           8  max multiplicity
 done :: setup mesh topology
  
 call usrdat
 done :: usrdat

 generate geometry data
 done :: generate geometry data
  
 call usrdat2
 done :: usrdat2

 regenerate geometry data           1
 NOTE: All elements deformed , param(59) ^=0
 done :: regenerate geometry data           1
  
 verify mesh topology
  0.000000000000000E+000   1.00000000000000       Xrange
  0.000000000000000E+000   1.00000000000000       Yrange
  0.000000000000000E+000   1.00000000000000       Zrange
 done :: verify mesh topology
  
 IFTRAN   = T
 IFFLOW   = T
 IFHEAT   = F
 IFSPLIT  = T
 IFLOMACH = F
 IFUSERVP = F
 IFUSERMV = F
 IFSTRS   = F
 IFCHAR   = F
 IFCYCLIC = F
 IFAXIS   = F
 IFMVBD   = F
 IFMELT   = F
 IFMODEL  = F
 IFKEPS   = F
 IFMOAB   = F
 IFNEKNEK = F
 IFSYNC   = T
   
 IFVCOR   = T
 IFINTQ   = F
 IFCWUZ   = F
 IFSWALL  = F
 IFGEOM   = F
 IFSURT   = F
 IFWCNO   = F
   
 IFTMSH for field           1    =  F
 IFADVC for field           1    =  T
 IFNONL for field           1    =  F
   
 Dealiasing enabled, lxd=          15
  
 Estimated eigenvalues
 EIGAA =    9.86960440108936     
 EIGGA =    429515.194741068     
 EIGAE =    9.86960440108936     
 EIGAS =   8.333333333333333E-002
 EIGGE =    429515.194741068     
 EIGGS =    2.00000000000000     
  
 verify mesh topology
  0.000000000000000E+000   1.00000000000000       Xrange
  0.000000000000000E+000   1.00000000000000       Yrange
  0.000000000000000E+000   1.00000000000000       Zrange
 done :: verify mesh topology
  
  E-solver strategy:  0 itr
 mg_nx:           1           5           9
 mg_ny:           1           5           9
 mg_nz:           1           5           9
 call usrsetvert
 done :: usrsetvert

gs_setup: 225 unique labels shared
   pairwise times (avg, min, max): 2.24218e-05 2.15054e-05 2.41041e-05
   crystal router                : 8.4579e-06 8.39233e-06 8.58307e-06
   all reduce                    : 3.5198e-05 3.49998e-05 3.54052e-05
   used all_to_all method: crystal router
   handle bytes (avg, min, max): 8020 6580 9220
   buffer bytes (avg, min, max): 1380 1120 1600
   setupds time 3.7339E-03 seconds   1  2         405         256
   setvert3d:   4        6077        8125        6077        6077
 call usrsetvert
 done :: usrsetvert

gs_setup: 1833 unique labels shared
   pairwise times (avg, min, max): 2.30208e-05 2.11954e-05 2.44856e-05
   crystal router                : 1.90973e-05 1.9002e-05 1.92165e-05
   all reduce                    : 7.69287e-05 7.63893e-05 7.76052e-05
   used all_to_all method: crystal router
   handle bytes (avg, min, max): 50724 38868 61956
   buffer bytes (avg, min, max): 10244 7904 12480
   setupds time 8.7659E-03 seconds   2  4        6077         256
   setvert3d:   6       18917       35301       18917       18917
 call usrsetvert
 done :: usrsetvert

gs_setup: 4977 unique labels shared
   pairwise times (avg, min, max): 2.60532e-05 2.47955e-05 2.77996e-05
   crystal router                : 3.54081e-05 3.50952e-05 3.62158e-05
   all reduce                    : 0.000145547 0.000144315 0.000146389
   used all_to_all method: pairwise
   handle bytes (avg, min, max): 35752 30364 41068
   buffer bytes (avg, min, max): 11844 7728 16128
   setupds time 1.6270E-02 seconds   3  6       18917         256
   setvert3d:   8       38925       94221       38925       38925
 call usrsetvert
 done :: usrsetvert

gs_setup: 9657 unique labels shared
   pairwise times (avg, min, max): 2.69935e-05 2.58923e-05 3.00884e-05
   crystal router                : 7.1609e-05 7.09057e-05 7.22885e-05
   all reduce                    : 0.000274539 0.000272703 0.000276613
   used all_to_all method: pairwise
   handle bytes (avg, min, max): 67320 57116 77420
   buffer bytes (avg, min, max): 21924 14384 29696
   setupds time 2.8221E-02 seconds   4  8       38925         256
 regenerate geometry data           1
 NOTE: All elements deformed , param(59) ^=0
 done :: regenerate geometry data           1
  
 h1_mg_nx:           1           3           9
 h1_mg_ny:           1           3           9
 h1_mg_nz:           1           3           9
 call usrsetvert
 done :: usrsetvert

gs_setup: 225 unique labels shared
   pairwise times (avg, min, max): 1.8768e-05 1.80006e-05 1.9908e-05
   crystal router                : 8.65459e-06 8.60691e-06 8.70228e-06
   all reduce                    : 3.93346e-05 3.9196e-05 3.94821e-05
   used all_to_all method: crystal router
   handle bytes (avg, min, max): 8020 6580 9220
   buffer bytes (avg, min, max): 1380 1120 1600
   setupds time 4.1120E-03 seconds   5  2         405         256
   setvert3d:   4        6077        8125        6077        6077
 call usrsetvert
 done :: usrsetvert

gs_setup: 1833 unique labels shared
   pairwise times (avg, min, max): 1.95459e-05 1.85966e-05 2.0504e-05
   crystal router                : 1.9078e-05 1.88112e-05 1.95026e-05
   all reduce                    : 8.88199e-05 8.80957e-05 8.97884e-05
   used all_to_all method: crystal router
   handle bytes (avg, min, max): 50724 38868 61956
   buffer bytes (avg, min, max): 10244 7904 12480
   setupds time 9.1131E-03 seconds   6  4        6077         256
   setvert3d:   4        6077        8125        6077        6077
 call usrsetvert
 done :: usrsetvert

gs_setup: 1833 unique labels shared
   pairwise times (avg, min, max): 1.95503e-05 1.80006e-05 2.19822e-05
   crystal router                : 2.096e-05 2.0504e-05 2.19107e-05
   all reduce                    : 7.93532e-05 7.8702e-05 7.98941e-05
   used all_to_all method: crystal router
   handle bytes (avg, min, max): 50724 38868 61956
   buffer bytes (avg, min, max): 10244 7904 12480
   setupds time 8.4281E-03 seconds   7  4        6077         256
   setvert3d:   6       18917       35301       18917       18917
 call usrsetvert
 done :: usrsetvert

gs_setup: 4977 unique labels shared
   pairwise times (avg, min, max): 2.48626e-05 2.33889e-05 2.65837e-05
   crystal router                : 3.65093e-05 3.60966e-05 3.68834e-05
   all reduce                    : 0.000160293 0.000159192 0.000161099
   used all_to_all method: pairwise
   handle bytes (avg, min, max): 35752 30364 41068
   buffer bytes (avg, min, max): 11844 7728 16128
   setupds time 1.6205E-02 seconds   8  6       18917         256
   setvert3d:  10       66101      197173       66101       66101
 call usrsetvert
 done :: usrsetvert

gs_setup: 15873 unique labels shared
   pairwise times (avg, min, max): 3.7764e-05 3.68834e-05 3.9506e-05
   crystal router                : 0.000116362 0.000115585 0.000117111
   all reduce                    : 0.000438412 0.000434899 0.0004426
   used all_to_all method: pairwise
   handle bytes (avg, min, max): 108872 92316 125292
   buffer bytes (avg, min, max): 35076 23088 47360
   setupds time 4.3464E-02 seconds   9 10       66101         256
   setvert3d:  12      100445      356445      100445      100445
 call usrsetvert
 done :: usrsetvert

gs_setup: 23625 unique labels shared
   pairwise times (avg, min, max): 4.64529e-05 4.39167e-05 4.87089e-05
   crystal router                : 0.000162928 0.00016129 0.000164795
   all reduce                    : 0.000586827 0.000582504 0.000591993
   used all_to_all method: pairwise
   handle bytes (avg, min, max): 160408 135964 184684
   buffer bytes (avg, min, max): 51300 33840 69120
   setupds time 6.3284E-02 seconds  10 12      100445         256
 setup h1 coarse grid, nx_crs=           2
 call usrsetvert
 done :: usrsetvert

gs_setup: 225 unique labels shared
   pairwise times (avg, min, max): 1.60247e-05 1.54018e-05 1.69992e-05
   crystal router                : 1.04249e-05 1.02043e-05 1.05858e-05
   all reduce                    : 3.59043e-05 3.55959e-05 3.60012e-05
   used all_to_all method: crystal router
   handle bytes (avg, min, max): 8020 6580 9220
   buffer bytes (avg, min, max): 1380 1120 1600
 done :: setup h1 coarse grid   1.767921447753906E-002  sec
  
 call usrdat3
 done :: usrdat3

 set initial conditions
 nekuic (1) for ifld            1
 call nekuic for vel  
 xyz min     0.0000       0.0000       0.0000    
 uvwpt min   0.0000       0.0000       0.0000       0.0000       0.0000    
 PS min      0.0000       0.0000      0.99000E+22
 xyz max     1.0000       1.0000       1.0000    
 uvwpt max   0.0000       0.0000       0.0000       0.0000       0.0000    
 PS max      0.0000       0.0000     -0.99000E+22
 done :: set initial conditions
  
 call userchk
GFM max:  1.0981E-03  4.3924E-03  4.3924E-03  8.2564E-17  8.2564E-17  1.8404E-16
 
nelt =      16, np =        16, nx1 =      10, elements =       256
Solve Time =   0.4512E-08
 
nelt =      16, np =        16, nx1 =      10, elements =       256
Solve Time =   0.4477E-08
 
nelt =      16, np =        16, nx1 =      10, elements =       256
Solve Time =   0.4462E-08
 
nelt =      16, np =        16, nx1 =      10, elements =       256
Solve Time =   0.4454E-08
 
nelt =      16, np =        16, nx1 =      10, elements =       256
Solve Time =   0.4456E-08
 
nelt =      16, np =        16, nx1 =      10, elements =       256
Solve Time =   0.4455E-08
 
nelt =      16, np =        16, nx1 =      10, elements =       256
Solve Time =   0.4452E-08
 
nelt =      16, np =        16, nx1 =      10, elements =       256
Solve Time =   0.4453E-08
 
nelt =      16, np =        16, nx1 =      10, elements =       256
Solve Time =   0.4456E-08
 
nelt =      16, np =        16, nx1 =      10, elements =       256
Solve Time =   0.4449E-08
 
nelt =      16, np =        16, nx1 =      10, elements =       256
Solve Time =   0.3749E-08
 
nelt =      16, np =        16, nx1 =      10, elements =       256
Solve Time =   0.3734E-08
 
nelt =      16, np =        16, nx1 =      10, elements =       256
Solve Time =   0.3733E-08
 
nelt =      16, np =        16, nx1 =      10, elements =       256
Solve Time =   0.3733E-08
 
nelt =      16, np =        16, nx1 =      10, elements =       256
Solve Time =   0.3734E-08
 
nelt =      16, np =        16, nx1 =      10, elements =       256
Solve Time =   0.3734E-08
 
nelt =      16, np =        16, nx1 =      10, elements =       256
Solve Time =   0.3732E-08
 
nelt =      16, np =        16, nx1 =      10, elements =       256
Solve Time =   0.3736E-08
 
nelt =      16, np =        16, nx1 =      10, elements =       256
Solve Time =   0.3734E-08
 
nelt =      16, np =        16, nx1 =      10, elements =       256
Solve Time =   0.3733E-08
 
nelt =      16, np =        16, nx1 =      10, elements =       256
Solve Time =   0.3980E-08
 
nelt =      16, np =        16, nx1 =      10, elements =       256
Solve Time =   0.3972E-08
 
nelt =      16, np =        16, nx1 =      10, elements =       256
Solve Time =   0.3978E-08
 
nelt =      16, np =        16, nx1 =      10, elements =       256
Solve Time =   0.3972E-08
 
nelt =      16, np =        16, nx1 =      10, elements =       256
Solve Time =   0.3976E-08
 
nelt =      16, np =        16, nx1 =      10, elements =       256
Solve Time =   0.3973E-08
 
nelt =      16, np =        16, nx1 =      10, elements =       256
Solve Time =   0.3972E-08
 
nelt =      16, np =        16, nx1 =      10, elements =       256
Solve Time =   0.3976E-08
 
nelt =      16, np =        16, nx1 =      10, elements =       256
Solve Time =   0.3972E-08
 
nelt =      16, np =        16, nx1 =      10, elements =       256
Solve Time =   0.3980E-08
 
nelt =      16, np =        16, nx1 =      10, elements =       256
Solve Time =   0.4170E-08
 
nelt =      16, np =        16, nx1 =      10, elements =       256
Solve Time =   0.4161E-08
 
nelt =      16, np =        16, nx1 =      10, elements =       256
Solve Time =   0.4163E-08
 
nelt =      16, np =        16, nx1 =      10, elements =       256
Solve Time =   0.4164E-08
 
nelt =      16, np =        16, nx1 =      10, elements =       256
Solve Time =   0.4163E-08
 
nelt =      16, np =        16, nx1 =      10, elements =       256
Solve Time =   0.4164E-08
 
nelt =      16, np =        16, nx1 =      10, elements =       256
Solve Time =   0.4161E-08
 
nelt =      16, np =        16, nx1 =      10, elements =       256
Solve Time =   0.4163E-08
 
nelt =      16, np =        16, nx1 =      10, elements =       256
Solve Time =   0.4160E-08
 
nelt =      16, np =        16, nx1 =      10, elements =       256
Solve Time =   0.4160E-08
 
nelt =      16, np =        16, nx1 =      10, elements =       256
Solve Time =   0.4358E-08
 
nelt =      16, np =        16, nx1 =      10, elements =       256
Solve Time =   0.4344E-08
 
nelt =      16, np =        16, nx1 =      10, elements =       256
Solve Time =   0.4341E-08
 
nelt =      16, np =        16, nx1 =      10, elements =       256
Solve Time =   0.4344E-08
 
nelt =      16, np =        16, nx1 =      10, elements =       256
Solve Time =   0.4342E-08
 
nelt =      16, np =        16, nx1 =      10, elements =       256
Solve Time =   0.4353E-08
 
nelt =      16, np =        16, nx1 =      10, elements =       256
Solve Time =   0.4344E-08
 
nelt =      16, np =        16, nx1 =      10, elements =       256
Solve Time =   0.4344E-08
 
nelt =      16, np =        16, nx1 =      10, elements =       256
Solve Time =   0.4343E-08
 
nelt =      16, np =        16, nx1 =      10, elements =       256
Solve Time =   0.4346E-08
 schfile:
 /gpfs/theta-fs1/home/thilina/env/lx10/b8.sch                                   
                                                      
 10      256  1.0000E+00  1.0000E+00  1.0000E+00  error v
 10      256  1.0000E+00  1.0000E+00  1.0000E+00  error v
 10      256  1.0000E+00  1.0000E+00  1.0000E+00  error v
 10      256  1.0000E+00  1.0000E+00  1.0000E+00  error v
 10      256  1.0000E+00  1.0000E+00  1.0000E+00  error v
 10      256  1.0000E+00  1.0000E+00  1.0000E+00  error v
 10      256  1.0000E+00  1.0000E+00  1.0000E+00  error v
 10      256  1.0000E+00  1.0000E+00  1.0000E+00  error v
 10      256  1.0000E+00  1.0000E+00  1.0000E+00  error v
 10      256  1.0000E+00  1.0000E+00  1.0000E+00  error v
 10      256  1.0000E+00  1.0000E+00  1.0000E+00  error v
 10      256  1.0000E+00  1.0000E+00  1.0000E+00  error v
 10      256  1.0000E+00  1.0000E+00  1.0000E+00  error v
 10      256  1.0000E+00  1.0000E+00  1.0000E+00  error v
 10      256  1.0000E+00  1.0000E+00  1.0000E+00  error v
 10      256  1.0000E+00  1.0000E+00  1.0000E+00  error v
 
nelt =      16, np =        16, nx1 =      10, elements =       256
Solve Time =   0.5058E-08
 
nelt =      16, np =        16, nx1 =      10, elements =       256
Solve Time =   0.5047E-08
 
nelt =      16, np =        16, nx1 =      10, elements =       256
Solve Time =   0.5045E-08
 
nelt =      16, np =        16, nx1 =      10, elements =       256
Solve Time =   0.5053E-08
 
nelt =      16, np =        16, nx1 =      10, elements =       256
Solve Time =   0.5040E-08
 
nelt =      16, np =        16, nx1 =      10, elements =       256
Solve Time =   0.5051E-08
 
nelt =      16, np =        16, nx1 =      10, elements =       256
Solve Time =   0.5042E-08
 
nelt =      16, np =        16, nx1 =      10, elements =       256
Solve Time =   0.5044E-08
 
nelt =      16, np =        16, nx1 =      10, elements =       256
Solve Time =   0.5048E-08
 
nelt =      16, np =        16, nx1 =      10, elements =       256
Solve Time =   0.5042E-08
 10      256  1.5711E-10  1.5711E-10  1.5711E-10  error s
 10      256  1.5711E-10  1.5711E-10  1.5711E-10  error s
 10      256  1.5711E-10  1.5711E-10  1.5711E-10  error s
 10      256  1.5711E-10  1.5711E-10  1.5711E-10  error s
 10      256  1.5711E-10  1.5711E-10  1.5711E-10  error s
 10      256  1.5711E-10  1.5711E-10  1.5711E-10  error s
 10      256  1.5711E-10  1.5711E-10  1.5711E-10  error s
 10      256  1.5711E-10  1.5711E-10  1.5711E-10  error s
 10      256  1.5711E-10  1.5711E-10  1.5711E-10  error s
 10      256  1.5711E-10  1.5711E-10  1.5711E-10  error s
 10      256  1.5711E-10  1.5711E-10  1.5711E-10  error s
 10      256  1.5711E-10  1.5711E-10  1.5711E-10  error s
 10      256  1.5711E-10  1.5711E-10  1.5711E-10  error s
 10      256  1.5711E-10  1.5711E-10  1.5711E-10  error s
 10      256  1.5711E-10  1.5711E-10  1.5711E-10  error s
 10      256  1.5711E-10  1.5711E-10  1.5711E-10  error s
 
nelt =      16, np =        16, nx1 =      10, elements =       256
Solve Time =   0.5276E-08
 
nelt =      16, np =        16, nx1 =      10, elements =       256
Solve Time =   0.5262E-08
 
nelt =      16, np =        16, nx1 =      10, elements =       256
Solve Time =   0.5267E-08
 
nelt =      16, np =        16, nx1 =      10, elements =       256
Solve Time =   0.5261E-08
 
nelt =      16, np =        16, nx1 =      10, elements =       256
Solve Time =   0.5265E-08
 
nelt =      16, np =        16, nx1 =      10, elements =       256
Solve Time =   0.5266E-08
 
nelt =      16, np =        16, nx1 =      10, elements =       256
Solve Time =   0.5267E-08
 
nelt =      16, np =        16, nx1 =      10, elements =       256
Solve Time =   0.5263E-08
 
nelt =      16, np =        16, nx1 =      10, elements =       256
Solve Time =   0.5266E-08
 
nelt =      16, np =        16, nx1 =      10, elements =       256
Solve Time =   0.5261E-08
 10      256  1.5698E-10  1.5698E-10  1.5698E-10  error n
 10      256  1.5698E-10  1.5698E-10  1.5698E-10  error n
 10      256  1.5698E-10  1.5698E-10  1.5698E-10  error n
 10      256  1.5698E-10  1.5698E-10  1.5698E-10  error n
 10      256  1.5698E-10  1.5698E-10  1.5698E-10  error n
 10      256  1.5698E-10  1.5698E-10  1.5698E-10  error n
 10      256  1.5698E-10  1.5698E-10  1.5698E-10  error n
 10      256  1.5698E-10  1.5698E-10  1.5698E-10  error n
 10      256  1.5698E-10  1.5698E-10  1.5698E-10  error n
 10      256  1.5698E-10  1.5698E-10  1.5698E-10  error n
 10      256  1.5698E-10  1.5698E-10  1.5698E-10  error n
 10      256  1.5698E-10  1.5698E-10  1.5698E-10  error n
 10      256  1.5698E-10  1.5698E-10  1.5698E-10  error n
 10      256  1.5698E-10  1.5698E-10  1.5698E-10  error n
 10      256  1.5698E-10  1.5698E-10  1.5698E-10  error n
 10      256  1.5698E-10  1.5698E-10  1.5698E-10  error n
   9      256  100  0.0000E+00  0.0000E+00  0.0000E+00 time for 3 hmholtz
EXIT: quit after cggov          9
  
call exitt: dying ...
  
backtrace(): obtained 8 stack frames.
./nek5000() [0x77b9b5]
./nek5000() [0x95f269]
./nek5000() [0x40e00c]
./nek5000() [0x4260a6]
./nek5000() [0x42465e]
./nek5000() [0x4054fe]
/lib64/libc.so.6(__libc_start_main+0xf5) [0x2aaab1ca3b25]
./nek5000() [0x405409]
  
total elapsed time             :   7.85590E+01 sec
total solver time incl. I/O    :   0.00000E+00 sec
time/timestep                  :   0.00000E+00 sec
CPU seconds/timestep/gridpt    :   0.00000E+00 sec

Application 2257718 resources: utime ~1215s, stime ~30s, Rss ~42388, inblocks ~0, outblocks ~0
