/----------------------------------------------------------\\
|      _   __ ______ __ __  ______  ____   ____   ____     |
|     / | / // ____// //_/ / ____/ / __ \\/ __ \\/ __ \\   |
|    /  |/ // __/  / ,<   /___ \\ / / / // / / // / / /    |
|   / /|  // /___ / /| | ____/ / / /_/ // /_/ // /_/ /     |
|  /_/ |_//_____//_/ |_|/_____/  \\___/ \\___/ \\___/      |
|                                                          |
|----------------------------------------------------------|
|                                                          |
| NEK5000:  Open Source Spectral Element Solver            |
| COPYRIGHT (c) 2008-2016 UCHICAGO ARGONNE, LLC            |
| Version:  16.0.0                                         |
| Web:      http://nek5000.mcs.anl.gov                     |
|                                                          |
\\----------------------------------------------------------/
                                                              

 Number of processors:          32
 REAL    wdsize      :           8
 INTEGER wdsize      :           4
 Timer accuracy      : 5.01E-07
 Reading /gpfs/theta-fs1/home/thilina/env/lx10/b8.rea                                                                                        

 mapping elements to processors
 Reading /gpfs/theta-fs1/home/thilina/env/lx10/b8.map                                                                                        
           0           8           8         256         256  NELV
          26           8           8         256         256  NELV
          27           8           8         256         256  NELV
          22           8           8         256         256  NELV
          30           8           8         256         256  NELV
          29           8           8         256         256  NELV
          31           8           8         256         256  NELV
          28           8           8         256         256  NELV
          12           8           8         256         256  NELV
          19           8           8         256         256  NELV
           8           8           8         256         256  NELV
           9           8           8         256         256  NELV
          23           8           8         256         256  NELV
           4           8           8         256         256  NELV
          25           8           8         256         256  NELV
          24           8           8         256         256  NELV
           2           8           8         256         256  NELV
          20           8           8         256         256  NELV
          16           8           8         256         256  NELV
           3           8           8         256         256  NELV
          17           8           8         256         256  NELV
           5           8           8         256         256  NELV
          10           8           8         256         256  NELV
          21           8           8         256         256  NELV
          11           8           8         256         256  NELV
           6           8           8         256         256  NELV
          13           8           8         256         256  NELV
          14           8           8         256         256  NELV
          15           8           8         256         256  NELV
          18           8           8         256         256  NELV
           7           8           8         256         256  NELV
           1           8           8         256         256  NELV
 RANK     0 IEG     209     210     213     214     241     242     245     246
 element load imbalance:            0           8           8
 done :: mapping elements to processors
  
           0  objects found
 118   Parameters from file:
   1      1.00000     p001 DENSITY
   2     -100.000     p002 VISCOS
   7      1.00000     p007 RHOCP
   8      1.00000     p008 CONDUCT
  11      1.00        p011 NSTEPS
  12    -0.500000E-02 p012 DT
  21     0.100000E-05 p021 DIVERGENCE
  22     0.100000E-07 p022 HELMHOLTZ
  24     0.100000E-09 p024 TOLREL
  25     0.100000E-09 p025 TOLABS
  26     0.250000     p026 COURANT/NTAU
  27      2.00000     p027 TORDER
  66      6.00000     p066 output : <0=ascii, else binary
  67      6.00000     p067 restart: <0=ascii, else binary
  99      3.00000     p099 dealiasing: <0--> off/3--> old/4--> new
 103     0.500000E-01 p103 weight of stabilizing filter (.01)
  
 nelgt/nelgv/lelt:         256         256         100
 lx1  /lx2  /lx3 :          10          10          10
 done :: read .rea file   0.11661     sec

 setup mesh topology
   Right-handed check complete for     256 elements. OK.
   setvert3d:  10       66101      197173       66101       66101
 call usrsetvert
 done :: usrsetvert

gs_setup: 20773 unique labels shared
   pairwise times (avg, min, max): 5.22666e-05 4.94003e-05 5.55992e-05
   crystal router                : 0.000113456 0.000111604 0.000115585
   all reduce                    : 0.00152915 0.0015223 0.00153558
   used all_to_all method: pairwise
   handle bytes (avg, min, max): 59944 51484 68364
   buffer bytes (avg, min, max): 24736 18256 31376
   setupds time 6.2728E-02 seconds   0 10       66101         256
           8  max multiplicity
 done :: setup mesh topology
  
 call usrdat
 done :: usrdat

 generate geometry data
 done :: generate geometry data
  
 call usrdat2
 done :: usrdat2

 regenerate geometry data           1
 NOTE: All elements deformed , param(59) ^=0
 done :: regenerate geometry data           1
  
 verify mesh topology
  0.000000000000000E+000   1.00000000000000       Xrange
  0.000000000000000E+000   1.00000000000000       Yrange
  0.000000000000000E+000   1.00000000000000       Zrange
 done :: verify mesh topology
  
 IFTRAN   = T
 IFFLOW   = T
 IFHEAT   = F
 IFSPLIT  = T
 IFLOMACH = F
 IFUSERVP = F
 IFUSERMV = F
 IFSTRS   = F
 IFCHAR   = F
 IFCYCLIC = F
 IFAXIS   = F
 IFMVBD   = F
 IFMELT   = F
 IFMODEL  = F
 IFKEPS   = F
 IFMOAB   = F
 IFNEKNEK = F
 IFSYNC   = T
   
 IFVCOR   = T
 IFINTQ   = F
 IFCWUZ   = F
 IFSWALL  = F
 IFGEOM   = F
 IFSURT   = F
 IFWCNO   = F
   
 IFTMSH for field           1    =  F
 IFADVC for field           1    =  T
 IFNONL for field           1    =  F
   
 Dealiasing enabled, lxd=          15
  
 Estimated eigenvalues
 EIGAA =    9.86960440108936     
 EIGGA =    429516.935645660     
 EIGAE =    9.86960440108936     
 EIGAS =   8.333333333333333E-002
 EIGGE =    429516.935645660     
 EIGGS =    2.00000000000000     
  
 verify mesh topology
  0.000000000000000E+000   1.00000000000000       Xrange
  0.000000000000000E+000   1.00000000000000       Yrange
  0.000000000000000E+000   1.00000000000000       Zrange
 done :: verify mesh topology
  
  E-solver strategy:  0 itr
 mg_nx:           1           5           9
 mg_ny:           1           5           9
 mg_nz:           1           5           9
 call usrsetvert
 done :: usrsetvert

gs_setup: 261 unique labels shared
   pairwise times (avg, min, max): 4.75697e-05 4.61102e-05 5.14984e-05
   crystal router                : 1.35466e-05 1.31845e-05 1.43051e-05
   all reduce                    : 6.06544e-05 6.04153e-05 6.08921e-05
   used all_to_all method: crystal router
   handle bytes (avg, min, max): 6646 5668 7564
   buffer bytes (avg, min, max): 1032 832 1232
   setupds time 5.0409E-03 seconds   1  2         405         256
   setvert3d:   4        6077        8125        6077        6077
 call usrsetvert
 done :: usrsetvert

gs_setup: 2317 unique labels shared
   pairwise times (avg, min, max): 4.58509e-05 4.27961e-05 5.04017e-05
   crystal router                : 2.18347e-05 2.13861e-05 2.26974e-05
   all reduce                    : 0.000103338 0.000102496 0.000103903
   used all_to_all method: crystal router
   handle bytes (avg, min, max): 38254 30724 45580
   buffer bytes (avg, min, max): 6576 5120 7888
   setupds time 9.6490E-03 seconds   2  4        6077         256
   setvert3d:   6       18917       35301       18917       18917
 call usrsetvert
 done :: usrsetvert

gs_setup: 6421 unique labels shared
   pairwise times (avg, min, max): 5.33558e-05 5.09024e-05 5.80072e-05
   crystal router                : 3.68766e-05 3.60966e-05 3.7694e-05
   all reduce                    : 0.000204552 0.000202417 0.000205183
   used all_to_all method: crystal router
   handle bytes (avg, min, max): 97510 77284 117388
   buffer bytes (avg, min, max): 16864 12992 20176
   setupds time 1.6500E-02 seconds   3  6       18917         256
   setvert3d:   8       38925       94221       38925       38925
 call usrsetvert
 done :: usrsetvert

gs_setup: 12573 unique labels shared
   pairwise times (avg, min, max): 5.1038e-05 4.83036e-05 5.64098e-05
   crystal router                : 5.70759e-05 5.62906e-05 5.76973e-05
   all reduce                    : 0.000440792 0.000438094 0.000445223
   used all_to_all method: pairwise
   handle bytes (avg, min, max): 37360 32092 42604
   buffer bytes (avg, min, max): 15696 11536 19984
   setupds time 2.7193E-02 seconds   4  8       38925         256
 regenerate geometry data           1
 NOTE: All elements deformed , param(59) ^=0
 done :: regenerate geometry data           1
  
 h1_mg_nx:           1           3           9
 h1_mg_ny:           1           3           9
 h1_mg_nz:           1           3           9
 call usrsetvert
 done :: usrsetvert

gs_setup: 261 unique labels shared
   pairwise times (avg, min, max): 4.50477e-05 4.24147e-05 4.88997e-05
   crystal router                : 1.14873e-05 1.12772e-05 1.18017e-05
   all reduce                    : 5.86763e-05 5.83887e-05 5.89132e-05
   used all_to_all method: crystal router
   handle bytes (avg, min, max): 6646 5668 7564
   buffer bytes (avg, min, max): 1032 832 1232
   setupds time 5.0631E-03 seconds   5  2         405         256
   setvert3d:   4        6077        8125        6077        6077
 call usrsetvert
 done :: usrsetvert

gs_setup: 2317 unique labels shared
   pairwise times (avg, min, max): 4.22902e-05 4.03881e-05 4.64916e-05
   crystal router                : 2.41049e-05 2.36988e-05 2.4581e-05
   all reduce                    : 0.000106695 0.000105715 0.000107408
   used all_to_all method: crystal router
   handle bytes (avg, min, max): 38254 30724 45580
   buffer bytes (avg, min, max): 6576 5120 7888
   setupds time 9.5129E-03 seconds   6  4        6077         256
   setvert3d:   4        6077        8125        6077        6077
 call usrsetvert
 done :: usrsetvert

gs_setup: 2317 unique labels shared
   pairwise times (avg, min, max): 4.45426e-05 4.14848e-05 4.80175e-05
   crystal router                : 2.16454e-05 2.12193e-05 2.2006e-05
   all reduce                    : 0.000103318 0.000102401 0.000104189
   used all_to_all method: crystal router
   handle bytes (avg, min, max): 38254 30724 45580
   buffer bytes (avg, min, max): 6576 5120 7888
   setupds time 8.2059E-03 seconds   7  4        6077         256
   setvert3d:   6       18917       35301       18917       18917
 call usrsetvert
 done :: usrsetvert

gs_setup: 6421 unique labels shared
   pairwise times (avg, min, max): 4.65721e-05 4.43935e-05 4.9305e-05
   crystal router                : 3.27773e-05 3.22104e-05 3.39031e-05
   all reduce                    : 0.000212318 0.0002105 0.000213099
   used all_to_all method: crystal router
   handle bytes (avg, min, max): 97510 77284 117388
   buffer bytes (avg, min, max): 16864 12992 20176
   setupds time 1.4874E-02 seconds   8  6       18917         256
   setvert3d:  10       66101      197173       66101       66101
 call usrsetvert
 done :: usrsetvert

gs_setup: 20773 unique labels shared
   pairwise times (avg, min, max): 5.07154e-05 4.52995e-05 5.59807e-05
   crystal router                : 0.000108261 0.000106716 0.000109911
   all reduce                    : 0.000644149 0.000640607 0.000650501
   used all_to_all method: pairwise
   handle bytes (avg, min, max): 59944 51484 68364
   buffer bytes (avg, min, max): 24736 18256 31376
   setupds time 4.0511E-02 seconds   9 10       66101         256
   setvert3d:  12      100445      356445      100445      100445
 call usrsetvert
 done :: usrsetvert

gs_setup: 31021 unique labels shared
   pairwise times (avg, min, max): 5.16154e-05 4.85182e-05 5.57184e-05
   crystal router                : 0.000149183 0.000147796 0.0001513
   all reduce                    : 0.000884894 0.000880098 0.000893807
   used all_to_all method: pairwise
   handle bytes (avg, min, max): 87904 75484 100268
   buffer bytes (avg, min, max): 35824 26512 45328
   setupds time 5.7598E-02 seconds  10 12      100445         256
 setup h1 coarse grid, nx_crs=           2
 call usrsetvert
 done :: usrsetvert

gs_setup: 261 unique labels shared
   pairwise times (avg, min, max): 3.60027e-05 3.36885e-05 3.84092e-05
   crystal router                : 1.32196e-05 1.27077e-05 1.35899e-05
   all reduce                    : 6.54116e-05 6.1202e-05 6.59943e-05
   used all_to_all method: crystal router
   handle bytes (avg, min, max): 6646 5668 7564
   buffer bytes (avg, min, max): 1032 832 1232
 done :: setup h1 coarse grid   1.594090461730957E-002  sec
  
 call usrdat3
 done :: usrdat3

 set initial conditions
 nekuic (1) for ifld            1
 call nekuic for vel  
 xyz min     0.0000       0.0000       0.0000    
 uvwpt min   0.0000       0.0000       0.0000       0.0000       0.0000    
 PS min      0.0000       0.0000      0.99000E+22
 xyz max     1.0000       1.0000       1.0000    
 uvwpt max   0.0000       0.0000       0.0000       0.0000       0.0000    
 PS max      0.0000       0.0000     -0.99000E+22
 done :: set initial conditions
  
 call userchk
GFM max:  1.0981E-03  4.3924E-03  4.3924E-03  8.2564E-17  8.2564E-17  1.8404E-16
 
nelt =       8, np =        32, nx1 =      10, elements =       256
Solve Time =   0.2517E-08
 
nelt =       8, np =        32, nx1 =      10, elements =       256
Solve Time =   0.2489E-08
 
nelt =       8, np =        32, nx1 =      10, elements =       256
Solve Time =   0.2480E-08
 
nelt =       8, np =        32, nx1 =      10, elements =       256
Solve Time =   0.2470E-08
 
nelt =       8, np =        32, nx1 =      10, elements =       256
Solve Time =   0.2478E-08
 
nelt =       8, np =        32, nx1 =      10, elements =       256
Solve Time =   0.2468E-08
 
nelt =       8, np =        32, nx1 =      10, elements =       256
Solve Time =   0.2461E-08
 
nelt =       8, np =        32, nx1 =      10, elements =       256
Solve Time =   0.2462E-08
 
nelt =       8, np =        32, nx1 =      10, elements =       256
Solve Time =   0.2470E-08
 
nelt =       8, np =        32, nx1 =      10, elements =       256
Solve Time =   0.2469E-08
 
nelt =       8, np =        32, nx1 =      10, elements =       256
Solve Time =   0.1990E-08
 
nelt =       8, np =        32, nx1 =      10, elements =       256
Solve Time =   0.1958E-08
 
nelt =       8, np =        32, nx1 =      10, elements =       256
Solve Time =   0.1958E-08
 
nelt =       8, np =        32, nx1 =      10, elements =       256
Solve Time =   0.1958E-08
 
nelt =       8, np =        32, nx1 =      10, elements =       256
Solve Time =   0.1959E-08
 
nelt =       8, np =        32, nx1 =      10, elements =       256
Solve Time =   0.1960E-08
 
nelt =       8, np =        32, nx1 =      10, elements =       256
Solve Time =   0.1963E-08
 
nelt =       8, np =        32, nx1 =      10, elements =       256
Solve Time =   0.1961E-08
 
nelt =       8, np =        32, nx1 =      10, elements =       256
Solve Time =   0.1958E-08
 
nelt =       8, np =        32, nx1 =      10, elements =       256
Solve Time =   0.1956E-08
 
nelt =       8, np =        32, nx1 =      10, elements =       256
Solve Time =   0.2207E-08
 
nelt =       8, np =        32, nx1 =      10, elements =       256
Solve Time =   0.2185E-08
 
nelt =       8, np =        32, nx1 =      10, elements =       256
Solve Time =   0.2194E-08
 
nelt =       8, np =        32, nx1 =      10, elements =       256
Solve Time =   0.2189E-08
 
nelt =       8, np =        32, nx1 =      10, elements =       256
Solve Time =   0.2190E-08
 
nelt =       8, np =        32, nx1 =      10, elements =       256
Solve Time =   0.2184E-08
 
nelt =       8, np =        32, nx1 =      10, elements =       256
Solve Time =   0.2187E-08
 
nelt =       8, np =        32, nx1 =      10, elements =       256
Solve Time =   0.2186E-08
 
nelt =       8, np =        32, nx1 =      10, elements =       256
Solve Time =   0.2193E-08
 
nelt =       8, np =        32, nx1 =      10, elements =       256
Solve Time =   0.2195E-08
 
nelt =       8, np =        32, nx1 =      10, elements =       256
Solve Time =   0.2337E-08
 
nelt =       8, np =        32, nx1 =      10, elements =       256
Solve Time =   0.2316E-08
 
nelt =       8, np =        32, nx1 =      10, elements =       256
Solve Time =   0.2319E-08
 
nelt =       8, np =        32, nx1 =      10, elements =       256
Solve Time =   0.2317E-08
 
nelt =       8, np =        32, nx1 =      10, elements =       256
Solve Time =   0.2318E-08
 
nelt =       8, np =        32, nx1 =      10, elements =       256
Solve Time =   0.2321E-08
 
nelt =       8, np =        32, nx1 =      10, elements =       256
Solve Time =   0.2315E-08
 
nelt =       8, np =        32, nx1 =      10, elements =       256
Solve Time =   0.2319E-08
 
nelt =       8, np =        32, nx1 =      10, elements =       256
Solve Time =   0.2318E-08
 
nelt =       8, np =        32, nx1 =      10, elements =       256
Solve Time =   0.2320E-08
 
nelt =       8, np =        32, nx1 =      10, elements =       256
Solve Time =   0.2475E-08
 
nelt =       8, np =        32, nx1 =      10, elements =       256
Solve Time =   0.2447E-08
 
nelt =       8, np =        32, nx1 =      10, elements =       256
Solve Time =   0.2444E-08
 
nelt =       8, np =        32, nx1 =      10, elements =       256
Solve Time =   0.2447E-08
 
nelt =       8, np =        32, nx1 =      10, elements =       256
Solve Time =   0.2444E-08
 
nelt =       8, np =        32, nx1 =      10, elements =       256
Solve Time =   0.2449E-08
 
nelt =       8, np =        32, nx1 =      10, elements =       256
Solve Time =   0.2448E-08
 
nelt =       8, np =        32, nx1 =      10, elements =       256
Solve Time =   0.2444E-08
 
nelt =       8, np =        32, nx1 =      10, elements =       256
Solve Time =   0.2449E-08
 
nelt =       8, np =        32, nx1 =      10, elements =       256
Solve Time =   0.2449E-08
 schfile:
 /gpfs/theta-fs1/home/thilina/env/lx10/b8.sch                                   
                                                      
 10      256  1.0000E+00  1.0000E+00  1.0000E+00  error v
 10      256  1.0000E+00  1.0000E+00  1.0000E+00  error v
 10      256  1.0000E+00  1.0000E+00  1.0000E+00  error v
 10      256  1.0000E+00  1.0000E+00  1.0000E+00  error v
 10      256  1.0000E+00  1.0000E+00  1.0000E+00  error v
 10      256  1.0000E+00  1.0000E+00  1.0000E+00  error v
 10      256  1.0000E+00  1.0000E+00  1.0000E+00  error v
 10      256  1.0000E+00  1.0000E+00  1.0000E+00  error v
 10      256  1.0000E+00  1.0000E+00  1.0000E+00  error v
 10      256  1.0000E+00  1.0000E+00  1.0000E+00  error v
 10      256  1.0000E+00  1.0000E+00  1.0000E+00  error v
 10      256  1.0000E+00  1.0000E+00  1.0000E+00  error v
 10      256  1.0000E+00  1.0000E+00  1.0000E+00  error v
 10      256  1.0000E+00  1.0000E+00  1.0000E+00  error v
 10      256  1.0000E+00  1.0000E+00  1.0000E+00  error v
 10      256  1.0000E+00  1.0000E+00  1.0000E+00  error v
 10      256  1.0000E+00  1.0000E+00  1.0000E+00  error v
 10      256  1.0000E+00  1.0000E+00  1.0000E+00  error v
 10      256  1.0000E+00  1.0000E+00  1.0000E+00  error v
 10      256  1.0000E+00  1.0000E+00  1.0000E+00  error v
 10      256  1.0000E+00  1.0000E+00  1.0000E+00  error v
 10      256  1.0000E+00  1.0000E+00  1.0000E+00  error v
 10      256  1.0000E+00  1.0000E+00  1.0000E+00  error v
 10      256  1.0000E+00  1.0000E+00  1.0000E+00  error v
 10      256  1.0000E+00  1.0000E+00  1.0000E+00  error v
 10      256  1.0000E+00  1.0000E+00  1.0000E+00  error v
 10      256  1.0000E+00  1.0000E+00  1.0000E+00  error v
 10      256  1.0000E+00  1.0000E+00  1.0000E+00  error v
 10      256  1.0000E+00  1.0000E+00  1.0000E+00  error v
 10      256  1.0000E+00  1.0000E+00  1.0000E+00  error v
 10      256  1.0000E+00  1.0000E+00  1.0000E+00  error v
 10      256  1.0000E+00  1.0000E+00  1.0000E+00  error v
 
nelt =       8, np =        32, nx1 =      10, elements =       256
Solve Time =   0.3002E-08
 
nelt =       8, np =        32, nx1 =      10, elements =       256
Solve Time =   0.2970E-08
 
nelt =       8, np =        32, nx1 =      10, elements =       256
Solve Time =   0.2973E-08
 
nelt =       8, np =        32, nx1 =      10, elements =       256
Solve Time =   0.2983E-08
 
nelt =       8, np =        32, nx1 =      10, elements =       256
Solve Time =   0.2972E-08
 
nelt =       8, np =        32, nx1 =      10, elements =       256
Solve Time =   0.2968E-08
 
nelt =       8, np =        32, nx1 =      10, elements =       256
Solve Time =   0.2978E-08
 
nelt =       8, np =        32, nx1 =      10, elements =       256
Solve Time =   0.2974E-08
 
nelt =       8, np =        32, nx1 =      10, elements =       256
Solve Time =   0.2971E-08
 
nelt =       8, np =        32, nx1 =      10, elements =       256
Solve Time =   0.2967E-08
 10      256  1.5707E-10  1.5707E-10  1.5707E-10  error s
 10      256  1.5707E-10  1.5707E-10  1.5707E-10  error s
 10      256  1.5707E-10  1.5707E-10  1.5707E-10  error s
 10      256  1.5707E-10  1.5707E-10  1.5707E-10  error s
 10      256  1.5707E-10  1.5707E-10  1.5707E-10  error s
 10      256  1.5707E-10  1.5707E-10  1.5707E-10  error s
 10      256  1.5707E-10  1.5707E-10  1.5707E-10  error s
 10      256  1.5707E-10  1.5707E-10  1.5707E-10  error s
 10      256  1.5707E-10  1.5707E-10  1.5707E-10  error s
 10      256  1.5707E-10  1.5707E-10  1.5707E-10  error s
 10      256  1.5707E-10  1.5707E-10  1.5707E-10  error s
 10      256  1.5707E-10  1.5707E-10  1.5707E-10  error s
 10      256  1.5707E-10  1.5707E-10  1.5707E-10  error s
 10      256  1.5707E-10  1.5707E-10  1.5707E-10  error s
 10      256  1.5707E-10  1.5707E-10  1.5707E-10  error s
 10      256  1.5707E-10  1.5707E-10  1.5707E-10  error s
 10      256  1.5707E-10  1.5707E-10  1.5707E-10  error s
 10      256  1.5707E-10  1.5707E-10  1.5707E-10  error s
 10      256  1.5707E-10  1.5707E-10  1.5707E-10  error s
 10      256  1.5707E-10  1.5707E-10  1.5707E-10  error s
 10      256  1.5707E-10  1.5707E-10  1.5707E-10  error s
 10      256  1.5707E-10  1.5707E-10  1.5707E-10  error s
 10      256  1.5707E-10  1.5707E-10  1.5707E-10  error s
 10      256  1.5707E-10  1.5707E-10  1.5707E-10  error s
 10      256  1.5707E-10  1.5707E-10  1.5707E-10  error s
 10      256  1.5707E-10  1.5707E-10  1.5707E-10  error s
 10      256  1.5707E-10  1.5707E-10  1.5707E-10  error s
 10      256  1.5707E-10  1.5707E-10  1.5707E-10  error s
 10      256  1.5707E-10  1.5707E-10  1.5707E-10  error s
 10      256  1.5707E-10  1.5707E-10  1.5707E-10  error s
 10      256  1.5707E-10  1.5707E-10  1.5707E-10  error s
 10      256  1.5707E-10  1.5707E-10  1.5707E-10  error s
 
nelt =       8, np =        32, nx1 =      10, elements =       256
Solve Time =   0.3112E-08
 
nelt =       8, np =        32, nx1 =      10, elements =       256
Solve Time =   0.3086E-08
 
nelt =       8, np =        32, nx1 =      10, elements =       256
Solve Time =   0.3091E-08
 
nelt =       8, np =        32, nx1 =      10, elements =       256
Solve Time =   0.3089E-08
 
nelt =       8, np =        32, nx1 =      10, elements =       256
Solve Time =   0.3087E-08
 
nelt =       8, np =        32, nx1 =      10, elements =       256
Solve Time =   0.3088E-08
 
nelt =       8, np =        32, nx1 =      10, elements =       256
Solve Time =   0.3089E-08
 
nelt =       8, np =        32, nx1 =      10, elements =       256
Solve Time =   0.3092E-08
 
nelt =       8, np =        32, nx1 =      10, elements =       256
Solve Time =   0.3084E-08
 
nelt =       8, np =        32, nx1 =      10, elements =       256
Solve Time =   0.3089E-08
 10      256  1.5697E-10  1.5697E-10  1.5697E-10  error n
 10      256  1.5697E-10  1.5697E-10  1.5697E-10  error n
 10      256  1.5697E-10  1.5697E-10  1.5697E-10  error n
 10      256  1.5697E-10  1.5697E-10  1.5697E-10  error n
 10      256  1.5697E-10  1.5697E-10  1.5697E-10  error n
 10      256  1.5697E-10  1.5697E-10  1.5697E-10  error n
 10      256  1.5697E-10  1.5697E-10  1.5697E-10  error n
 10      256  1.5697E-10  1.5697E-10  1.5697E-10  error n
 10      256  1.5697E-10  1.5697E-10  1.5697E-10  error n
 10      256  1.5697E-10  1.5697E-10  1.5697E-10  error n
 10      256  1.5697E-10  1.5697E-10  1.5697E-10  error n
 10      256  1.5697E-10  1.5697E-10  1.5697E-10  error n
 10      256  1.5697E-10  1.5697E-10  1.5697E-10  error n
 10      256  1.5697E-10  1.5697E-10  1.5697E-10  error n
 10      256  1.5697E-10  1.5697E-10  1.5697E-10  error n
 10      256  1.5697E-10  1.5697E-10  1.5697E-10  error n
 10      256  1.5697E-10  1.5697E-10  1.5697E-10  error n
 10      256  1.5697E-10  1.5697E-10  1.5697E-10  error n
 10      256  1.5697E-10  1.5697E-10  1.5697E-10  error n
 10      256  1.5697E-10  1.5697E-10  1.5697E-10  error n
 10      256  1.5697E-10  1.5697E-10  1.5697E-10  error n
 10      256  1.5697E-10  1.5697E-10  1.5697E-10  error n
 10      256  1.5697E-10  1.5697E-10  1.5697E-10  error n
 10      256  1.5697E-10  1.5697E-10  1.5697E-10  error n
 10      256  1.5697E-10  1.5697E-10  1.5697E-10  error n
 10      256  1.5697E-10  1.5697E-10  1.5697E-10  error n
 10      256  1.5697E-10  1.5697E-10  1.5697E-10  error n
 10      256  1.5697E-10  1.5697E-10  1.5697E-10  error n
   9      256  100  0.0000E+00  0.0000E+00  0.0000E+00 time for 3 hmholtz
 10      256  1.5697E-10  1.5697E-10  1.5697E-10  error n
 10      256  1.5697E-10  1.5697E-10  1.5697E-10  error n
 10      256  1.5697E-10  1.5697E-10  1.5697E-10  error n
 10      256  1.5697E-10  1.5697E-10  1.5697E-10  error n
EXIT: quit after cggov          9
  
call exitt: dying ...
  
backtrace(): obtained 8 stack frames.
./nek5000() [0x77b9b5]
./nek5000() [0x95f269]
./nek5000() [0x40e00c]
./nek5000() [0x4260a6]
./nek5000() [0x42465e]
./nek5000() [0x4054fe]
/lib64/libc.so.6(__libc_start_main+0xf5) [0x2aaab1ca3b25]
./nek5000() [0x405409]
  
total elapsed time             :   6.82610E+01 sec
total solver time incl. I/O    :   0.00000E+00 sec
time/timestep                  :   0.00000E+00 sec
CPU seconds/timestep/gridpt    :   0.00000E+00 sec

Application 2257861 resources: utime ~2136s, stime ~41s, Rss ~35120, inblocks ~0, outblocks ~0
