/----------------------------------------------------------\\
|      _   __ ______ __ __  ______  ____   ____   ____     |
|     / | / // ____// //_/ / ____/ / __ \\/ __ \\/ __ \\   |
|    /  |/ // __/  / ,<   /___ \\ / / / // / / // / / /    |
|   / /|  // /___ / /| | ____/ / / /_/ // /_/ // /_/ /     |
|  /_/ |_//_____//_/ |_|/_____/  \\___/ \\___/ \\___/      |
|                                                          |
|----------------------------------------------------------|
|                                                          |
| NEK5000:  Open Source Spectral Element Solver            |
| COPYRIGHT (c) 2008-2016 UCHICAGO ARGONNE, LLC            |
| Version:  16.0.0                                         |
| Web:      http://nek5000.mcs.anl.gov                     |
|                                                          |
\\----------------------------------------------------------/
                                                              

 Number of processors:          16
 REAL    wdsize      :           8
 INTEGER wdsize      :           4
 Timer accuracy      : 2.86E-07
 Reading /gpfs/theta-fs1/home/thilina/env/lx10/b7.rea                                                                                        

 mapping elements to processors
 Reading /gpfs/theta-fs1/home/thilina/env/lx10/b7.map                                                                                        
           0           8           8         128         128  NELV
           2           8           8         128         128  NELV
           9           8           8         128         128  NELV
          11           8           8         128         128  NELV
           1           8           8         128         128  NELV
           8           8           8         128         128  NELV
          12           8           8         128         128  NELV
          13           8           8         128         128  NELV
          10           8           8         128         128  NELV
           7           8           8         128         128  NELV
           3           8           8         128         128  NELV
           5           8           8         128         128  NELV
           4           8           8         128         128  NELV
           6           8           8         128         128  NELV
          15           8           8         128         128  NELV
          14           8           8         128         128  NELV
 RANK     0 IEG      97      98     101     102     113     114     117     118
 element load imbalance:            0           8           8
 done :: mapping elements to processors
  
           0  objects found
 118   Parameters from file:
   1      1.00000     p001 DENSITY
   2     -100.000     p002 VISCOS
   7      1.00000     p007 RHOCP
   8      1.00000     p008 CONDUCT
  11      1.00        p011 NSTEPS
  12    -0.500000E-02 p012 DT
  21     0.100000E-05 p021 DIVERGENCE
  22     0.100000E-07 p022 HELMHOLTZ
  24     0.100000E-09 p024 TOLREL
  25     0.100000E-09 p025 TOLABS
  26     0.250000     p026 COURANT/NTAU
  27      2.00000     p027 TORDER
  66      6.00000     p066 output : <0=ascii, else binary
  67      6.00000     p067 restart: <0=ascii, else binary
  99      3.00000     p099 dealiasing: <0--> off/3--> old/4--> new
 103     0.500000E-01 p103 weight of stabilizing filter (.01)
  
 nelgt/nelgv/lelt:         128         128         100
 lx1  /lx2  /lx3 :          10          10          10
 done :: read .rea file   0.54812E-01 sec

 setup mesh topology
   Right-handed check complete for     128 elements. OK.
   setvert3d:  10       34401       99937       34401       34401
 call usrsetvert
 done :: usrsetvert

gs_setup: 9217 unique labels shared
   pairwise times (avg, min, max): 3.88071e-05 3.62158e-05 4.29153e-05
   crystal router                : 6.99028e-05 6.8593e-05 7.10964e-05
   all reduce                    : 0.000463049 0.000460482 0.000468111
   used all_to_all method: pairwise
   handle bytes (avg, min, max): 55724 51484 59964
   buffer bytes (avg, min, max): 21456 18256 24656
   setupds time 3.1609E-02 seconds   0 10       34401         128
           8  max multiplicity
 done :: setup mesh topology
  
 call usrdat
 done :: usrdat

 generate geometry data
 done :: generate geometry data
  
 call usrdat2
 done :: usrdat2

 regenerate geometry data           1
 NOTE: All elements deformed , param(59) ^=0
 done :: regenerate geometry data           1
  
 verify mesh topology
  0.000000000000000E+000   1.00000000000000       Xrange
  0.000000000000000E+000   1.00000000000000       Yrange
  0.000000000000000E+000   1.00000000000000       Zrange
 done :: verify mesh topology
  
 IFTRAN   = T
 IFFLOW   = T
 IFHEAT   = F
 IFSPLIT  = T
 IFLOMACH = F
 IFUSERVP = F
 IFUSERMV = F
 IFSTRS   = F
 IFCHAR   = F
 IFCYCLIC = F
 IFAXIS   = F
 IFMVBD   = F
 IFMELT   = F
 IFMODEL  = F
 IFKEPS   = F
 IFMOAB   = F
 IFNEKNEK = F
 IFSYNC   = T
   
 IFVCOR   = T
 IFINTQ   = F
 IFCWUZ   = F
 IFSWALL  = F
 IFGEOM   = F
 IFSURT   = F
 IFWCNO   = F
   
 IFTMSH for field           1    =  F
 IFADVC for field           1    =  T
 IFNONL for field           1    =  F
   
 Dealiasing enabled, lxd=          15
  
 Estimated eigenvalues
 EIGAA =    9.86960440108936     
 EIGGA =    320400.724176807     
 EIGAE =    9.86960440108936     
 EIGAS =   8.333333333333333E-002
 EIGGE =    320400.724176807     
 EIGGS =    2.00000000000000     
  
 verify mesh topology
  0.000000000000000E+000   1.00000000000000       Xrange
  0.000000000000000E+000   1.00000000000000       Yrange
  0.000000000000000E+000   1.00000000000000       Zrange
 done :: verify mesh topology
  
  E-solver strategy:  0 itr
 mg_nx:           1           5           9
 mg_ny:           1           5           9
 mg_nz:           1           5           9
 call usrsetvert
 done :: usrsetvert

gs_setup: 129 unique labels shared
   pairwise times (avg, min, max): 3.068e-05 2.91109e-05 3.26872e-05
   crystal router                : 1.387e-05 1.38044e-05 1.38998e-05
   all reduce                    : 2.83778e-05 2.83003e-05 2.8491e-05
   used all_to_all method: crystal router
   handle bytes (avg, min, max): 5240 4676 5804
   buffer bytes (avg, min, max): 864 704 1024
   setupds time 3.3190E-03 seconds   1  2         225         128
   setvert3d:   4        3201        4225        3201        3201
 call usrsetvert
 done :: usrsetvert

gs_setup: 1057 unique labels shared
   pairwise times (avg, min, max): 3.23176e-05 3.08037e-05 3.35932e-05
   crystal router                : 1.43766e-05 1.42097e-05 1.44958e-05
   all reduce                    : 6.21304e-05 6.1512e-05 6.29187e-05
   used all_to_all method: crystal router
   handle bytes (avg, min, max): 29192 25220 33164
   buffer bytes (avg, min, max): 5408 4352 6464
   setupds time 6.5100E-03 seconds   2  4        3201         128
   setvert3d:   6        9889       18081        9889        9889
 call usrsetvert
 done :: usrsetvert

gs_setup: 2881 unique labels shared
   pairwise times (avg, min, max): 3.38554e-05 3.32832e-05 3.59058e-05
   crystal router                : 2.24754e-05 2.2006e-05 2.31028e-05
   all reduce                    : 0.000103042 0.00010221 0.000103688
   used all_to_all method: crystal router
   handle bytes (avg, min, max): 73880 63428 84332
   buffer bytes (avg, min, max): 13792 11072 16512
   setupds time 1.0487E-02 seconds   3  6        9889         128
   setvert3d:   8       20289       47937       20289       20289
 call usrsetvert
 done :: usrsetvert

gs_setup: 5601 unique labels shared
   pairwise times (avg, min, max): 3.53187e-05 3.45945e-05 3.74079e-05
   crystal router                : 3.73513e-05 3.69072e-05 3.77893e-05
   all reduce                    : 0.00018457 0.000183392 0.000185418
   used all_to_all method: pairwise
   handle bytes (avg, min, max): 34732 32092 37372
   buffer bytes (avg, min, max): 13584 11536 15632
   setupds time 1.6789E-02 seconds   4  8       20289         128
 regenerate geometry data           1
 NOTE: All elements deformed , param(59) ^=0
 done :: regenerate geometry data           1
  
 h1_mg_nx:           1           3           9
 h1_mg_ny:           1           3           9
 h1_mg_nz:           1           3           9
 call usrsetvert
 done :: usrsetvert

gs_setup: 129 unique labels shared
   pairwise times (avg, min, max): 2.83793e-05 2.64883e-05 2.98023e-05
   crystal router                : 8.30442e-06 8.2016e-06 8.41618e-06
   all reduce                    : 3.07113e-05 3.04937e-05 3.1209e-05
   used all_to_all method: crystal router
   handle bytes (avg, min, max): 5240 4676 5804
   buffer bytes (avg, min, max): 864 704 1024
   setupds time 3.3989E-03 seconds   5  2         225         128
   setvert3d:   4        3201        4225        3201        3201
 call usrsetvert
 done :: usrsetvert

gs_setup: 1057 unique labels shared
   pairwise times (avg, min, max): 3.10734e-05 2.94924e-05 3.28064e-05
   crystal router                : 1.33023e-05 1.30892e-05 1.35183e-05
   all reduce                    : 7.26908e-05 7.21931e-05 7.32899e-05
   used all_to_all method: crystal router
   handle bytes (avg, min, max): 29192 25220 33164
   buffer bytes (avg, min, max): 5408 4352 6464
   setupds time 6.5010E-03 seconds   6  4        3201         128
   setvert3d:   4        3201        4225        3201        3201
 call usrsetvert
 done :: usrsetvert

gs_setup: 1057 unique labels shared
   pairwise times (avg, min, max): 2.82601e-05 2.47955e-05 2.99931e-05
   crystal router                : 1.34036e-05 1.32084e-05 1.36137e-05
   all reduce                    : 6.53461e-05 6.47068e-05 6.58989e-05
   used all_to_all method: crystal router
   handle bytes (avg, min, max): 29192 25220 33164
   buffer bytes (avg, min, max): 5408 4352 6464
   setupds time 5.8849E-03 seconds   7  4        3201         128
   setvert3d:   6        9889       18081        9889        9889
 call usrsetvert
 done :: usrsetvert

gs_setup: 2881 unique labels shared
   pairwise times (avg, min, max): 2.96786e-05 2.83003e-05 3.24965e-05
   crystal router                : 2.48671e-05 2.45094e-05 2.52008e-05
   all reduce                    : 0.000122628 0.000121784 0.000123405
   used all_to_all method: crystal router
   handle bytes (avg, min, max): 73880 63428 84332
   buffer bytes (avg, min, max): 13792 11072 16512
   setupds time 1.0085E-02 seconds   8  6        9889         128
   setvert3d:  10       34401       99937       34401       34401
 call usrsetvert
 done :: usrsetvert

gs_setup: 9217 unique labels shared
   pairwise times (avg, min, max): 3.5575e-05 3.47137e-05 3.84092e-05
   crystal router                : 7.89285e-05 7.76052e-05 8.02994e-05
   all reduce                    : 0.000285102 0.000283217 0.000287795
   used all_to_all method: pairwise
   handle bytes (avg, min, max): 55724 51484 59964
   buffer bytes (avg, min, max): 21456 18256 24656
   setupds time 2.4895E-02 seconds   9 10       34401         128
   setvert3d:  12       52225      180225       52225       52225
 call usrsetvert
 done :: usrsetvert

gs_setup: 13729 unique labels shared
   pairwise times (avg, min, max): 3.45692e-05 3.34024e-05 3.67165e-05
   crystal router                : 9.66877e-05 9.52005e-05 9.83e-05
   all reduce                    : 0.000382321 0.000379109 0.000386405
   used all_to_all method: pairwise
   handle bytes (avg, min, max): 81708 75484 87932
   buffer bytes (avg, min, max): 31120 26512 35728
   setupds time 3.4974E-02 seconds  10 12       52225         128
 setup h1 coarse grid, nx_crs=           2
 call usrsetvert
 done :: usrsetvert

gs_setup: 129 unique labels shared
   pairwise times (avg, min, max): 2.84106e-05 2.75135e-05 2.92063e-05
   crystal router                : 8.37296e-06 8.2016e-06 8.60691e-06
   all reduce                    : 2.89634e-05 2.8801e-05 2.91109e-05
   used all_to_all method: crystal router
   handle bytes (avg, min, max): 5240 4676 5804
   buffer bytes (avg, min, max): 864 704 1024
 done :: setup h1 coarse grid   1.103997230529785E-002  sec
  
 call usrdat3
 done :: usrdat3

 set initial conditions
 nekuic (1) for ifld            1
 call nekuic for vel  
 xyz min     0.0000       0.0000       0.0000    
 uvwpt min   0.0000       0.0000       0.0000       0.0000       0.0000    
 PS min      0.0000       0.0000      0.99000E+22
 xyz max     1.0000       1.0000       1.0000    
 uvwpt max   0.0000       0.0000       0.0000       0.0000       0.0000    
 PS max      0.0000       0.0000     -0.99000E+22
 done :: set initial conditions
  
 call userchk
GFM max:  2.1962E-03  2.1962E-03  8.7848E-03  4.1877E-17  1.6513E-16  1.6513E-16
 
nelt =       8, np =        16, nx1 =      10, elements =       128
Solve Time =   0.4683E-08
 
nelt =       8, np =        16, nx1 =      10, elements =       128
Solve Time =   0.4641E-08
 
nelt =       8, np =        16, nx1 =      10, elements =       128
Solve Time =   0.4610E-08
 
nelt =       8, np =        16, nx1 =      10, elements =       128
Solve Time =   0.4594E-08
 
nelt =       8, np =        16, nx1 =      10, elements =       128
Solve Time =   0.4599E-08
 
nelt =       8, np =        16, nx1 =      10, elements =       128
Solve Time =   0.4589E-08
 
nelt =       8, np =        16, nx1 =      10, elements =       128
Solve Time =   0.4584E-08
 
nelt =       8, np =        16, nx1 =      10, elements =       128
Solve Time =   0.4580E-08
 
nelt =       8, np =        16, nx1 =      10, elements =       128
Solve Time =   0.4587E-08
 
nelt =       8, np =        16, nx1 =      10, elements =       128
Solve Time =   0.4585E-08
 
nelt =       8, np =        16, nx1 =      10, elements =       128
Solve Time =   0.3814E-08
 
nelt =       8, np =        16, nx1 =      10, elements =       128
Solve Time =   0.3785E-08
 
nelt =       8, np =        16, nx1 =      10, elements =       128
Solve Time =   0.3774E-08
 
nelt =       8, np =        16, nx1 =      10, elements =       128
Solve Time =   0.3772E-08
 
nelt =       8, np =        16, nx1 =      10, elements =       128
Solve Time =   0.3772E-08
 
nelt =       8, np =        16, nx1 =      10, elements =       128
Solve Time =   0.3766E-08
 
nelt =       8, np =        16, nx1 =      10, elements =       128
Solve Time =   0.3772E-08
 
nelt =       8, np =        16, nx1 =      10, elements =       128
Solve Time =   0.3780E-08
 
nelt =       8, np =        16, nx1 =      10, elements =       128
Solve Time =   0.3778E-08
 
nelt =       8, np =        16, nx1 =      10, elements =       128
Solve Time =   0.3773E-08
 
nelt =       8, np =        16, nx1 =      10, elements =       128
Solve Time =   0.4158E-08
 
nelt =       8, np =        16, nx1 =      10, elements =       128
Solve Time =   0.4137E-08
 
nelt =       8, np =        16, nx1 =      10, elements =       128
Solve Time =   0.4147E-08
 
nelt =       8, np =        16, nx1 =      10, elements =       128
Solve Time =   0.4136E-08
 
nelt =       8, np =        16, nx1 =      10, elements =       128
Solve Time =   0.4150E-08
 
nelt =       8, np =        16, nx1 =      10, elements =       128
Solve Time =   0.4138E-08
 
nelt =       8, np =        16, nx1 =      10, elements =       128
Solve Time =   0.4142E-08
 
nelt =       8, np =        16, nx1 =      10, elements =       128
Solve Time =   0.4139E-08
 
nelt =       8, np =        16, nx1 =      10, elements =       128
Solve Time =   0.4137E-08
 
nelt =       8, np =        16, nx1 =      10, elements =       128
Solve Time =   0.4149E-08
 
nelt =       8, np =        16, nx1 =      10, elements =       128
Solve Time =   0.4366E-08
 
nelt =       8, np =        16, nx1 =      10, elements =       128
Solve Time =   0.4343E-08
 
nelt =       8, np =        16, nx1 =      10, elements =       128
Solve Time =   0.4340E-08
 
nelt =       8, np =        16, nx1 =      10, elements =       128
Solve Time =   0.4339E-08
 
nelt =       8, np =        16, nx1 =      10, elements =       128
Solve Time =   0.4338E-08
 
nelt =       8, np =        16, nx1 =      10, elements =       128
Solve Time =   0.4344E-08
 
nelt =       8, np =        16, nx1 =      10, elements =       128
Solve Time =   0.4356E-08
 
nelt =       8, np =        16, nx1 =      10, elements =       128
Solve Time =   0.4346E-08
 
nelt =       8, np =        16, nx1 =      10, elements =       128
Solve Time =   0.4344E-08
 
nelt =       8, np =        16, nx1 =      10, elements =       128
Solve Time =   0.4342E-08
 
nelt =       8, np =        16, nx1 =      10, elements =       128
Solve Time =   0.4557E-08
 
nelt =       8, np =        16, nx1 =      10, elements =       128
Solve Time =   0.4537E-08
 
nelt =       8, np =        16, nx1 =      10, elements =       128
Solve Time =   0.4543E-08
 
nelt =       8, np =        16, nx1 =      10, elements =       128
Solve Time =   0.4531E-08
 
nelt =       8, np =        16, nx1 =      10, elements =       128
Solve Time =   0.4536E-08
 
nelt =       8, np =        16, nx1 =      10, elements =       128
Solve Time =   0.4530E-08
 
nelt =       8, np =        16, nx1 =      10, elements =       128
Solve Time =   0.4532E-08
 
nelt =       8, np =        16, nx1 =      10, elements =       128
Solve Time =   0.4530E-08
 
nelt =       8, np =        16, nx1 =      10, elements =       128
Solve Time =   0.4536E-08
 
nelt =       8, np =        16, nx1 =      10, elements =       128
Solve Time =   0.4533E-08
 schfile:
 /gpfs/theta-fs1/home/thilina/env/lx10/b7.sch                                   
                                                      
 10      128  1.0000E+00  1.0000E+00  1.0000E+00  error v
 10      128  1.0000E+00  1.0000E+00  1.0000E+00  error v
 10      128  1.0000E+00  1.0000E+00  1.0000E+00  error v
 10      128  1.0000E+00  1.0000E+00  1.0000E+00  error v
 10      128  1.0000E+00  1.0000E+00  1.0000E+00  error v
 10      128  1.0000E+00  1.0000E+00  1.0000E+00  error v
 10      128  1.0000E+00  1.0000E+00  1.0000E+00  error v
 10      128  1.0000E+00  1.0000E+00  1.0000E+00  error v
 10      128  1.0000E+00  1.0000E+00  1.0000E+00  error v
 10      128  1.0000E+00  1.0000E+00  1.0000E+00  error v
 10      128  1.0000E+00  1.0000E+00  1.0000E+00  error v
 10      128  1.0000E+00  1.0000E+00  1.0000E+00  error v
 10      128  1.0000E+00  1.0000E+00  1.0000E+00  error v
 10      128  1.0000E+00  1.0000E+00  1.0000E+00  error v
 10      128  1.0000E+00  1.0000E+00  1.0000E+00  error v
 10      128  1.0000E+00  1.0000E+00  1.0000E+00  error v
 
nelt =       8, np =        16, nx1 =      10, elements =       128
Solve Time =   0.5492E-08
 
nelt =       8, np =        16, nx1 =      10, elements =       128
Solve Time =   0.5476E-08
 
nelt =       8, np =        16, nx1 =      10, elements =       128
Solve Time =   0.5472E-08
 
nelt =       8, np =        16, nx1 =      10, elements =       128
Solve Time =   0.5471E-08
 
nelt =       8, np =        16, nx1 =      10, elements =       128
Solve Time =   0.5474E-08
 
nelt =       8, np =        16, nx1 =      10, elements =       128
Solve Time =   0.5469E-08
 
nelt =       8, np =        16, nx1 =      10, elements =       128
Solve Time =   0.5474E-08
 
nelt =       8, np =        16, nx1 =      10, elements =       128
Solve Time =   0.5481E-08
 
nelt =       8, np =        16, nx1 =      10, elements =       128
Solve Time =   0.5468E-08
 
nelt =       8, np =        16, nx1 =      10, elements =       128
Solve Time =   0.5459E-08
 10      128  5.4921E-11  5.4921E-11  5.4921E-11  error s
 10      128  5.4921E-11  5.4921E-11  5.4921E-11  error s
 10      128  5.4921E-11  5.4921E-11  5.4921E-11  error s
 10      128  5.4921E-11  5.4921E-11  5.4921E-11  error s
 10      128  5.4921E-11  5.4921E-11  5.4921E-11  error s
 10      128  5.4921E-11  5.4921E-11  5.4921E-11  error s
 10      128  5.4921E-11  5.4921E-11  5.4921E-11  error s
 10      128  5.4921E-11  5.4921E-11  5.4921E-11  error s
 10      128  5.4921E-11  5.4921E-11  5.4921E-11  error s
 10      128  5.4921E-11  5.4921E-11  5.4921E-11  error s
 10      128  5.4921E-11  5.4921E-11  5.4921E-11  error s
 10      128  5.4921E-11  5.4921E-11  5.4921E-11  error s
 10      128  5.4921E-11  5.4921E-11  5.4921E-11  error s
 10      128  5.4921E-11  5.4921E-11  5.4921E-11  error s
 10      128  5.4921E-11  5.4921E-11  5.4921E-11  error s
 10      128  5.4921E-11  5.4921E-11  5.4921E-11  error s
 
nelt =       8, np =        16, nx1 =      10, elements =       128
Solve Time =   0.5784E-08
 
nelt =       8, np =        16, nx1 =      10, elements =       128
Solve Time =   0.5748E-08
 
nelt =       8, np =        16, nx1 =      10, elements =       128
Solve Time =   0.5748E-08
 
nelt =       8, np =        16, nx1 =      10, elements =       128
Solve Time =   0.5749E-08
 
nelt =       8, np =        16, nx1 =      10, elements =       128
Solve Time =   0.5743E-08
 
nelt =       8, np =        16, nx1 =      10, elements =       128
Solve Time =   0.5739E-08
 
nelt =       8, np =        16, nx1 =      10, elements =       128
Solve Time =   0.5748E-08
 
nelt =       8, np =        16, nx1 =      10, elements =       128
Solve Time =   0.5755E-08
 
nelt =       8, np =        16, nx1 =      10, elements =       128
Solve Time =   0.5741E-08
 
nelt =       8, np =        16, nx1 =      10, elements =       128
Solve Time =   0.5739E-08
 10      128  5.5289E-11  5.5289E-11  5.5289E-11  error n
 10      128  5.5289E-11  5.5289E-11  5.5289E-11  error n
 10      128  5.5289E-11  5.5289E-11  5.5289E-11  error n
 10      128  5.5289E-11  5.5289E-11  5.5289E-11  error n
 10      128  5.5289E-11  5.5289E-11  5.5289E-11  error n
 10      128  5.5289E-11  5.5289E-11  5.5289E-11  error n
 10      128  5.5289E-11  5.5289E-11  5.5289E-11  error n
 10      128  5.5289E-11  5.5289E-11  5.5289E-11  error n
 10      128  5.5289E-11  5.5289E-11  5.5289E-11  error n
 10      128  5.5289E-11  5.5289E-11  5.5289E-11  error n
 10      128  5.5289E-11  5.5289E-11  5.5289E-11  error n
 10      128  5.5289E-11  5.5289E-11  5.5289E-11  error n
 10      128  5.5289E-11  5.5289E-11  5.5289E-11  error n
 10      128  5.5289E-11  5.5289E-11  5.5289E-11  error n
 10      128  5.5289E-11  5.5289E-11  5.5289E-11  error n
 10      128  5.5289E-11  5.5289E-11  5.5289E-11  error n
   9      128  100  0.0000E+00  0.0000E+00  0.0000E+00 time for 3 hmholtz
EXIT: quit after cggov          9
  
call exitt: dying ...
  
backtrace(): obtained 8 stack frames.
./nek5000() [0x77b9b5]
./nek5000() [0x95f269]
./nek5000() [0x40e00c]
./nek5000() [0x4260a6]
./nek5000() [0x42465e]
./nek5000() [0x4054fe]
/lib64/libc.so.6(__libc_start_main+0xf5) [0x2aaab1ca3b25]
./nek5000() [0x405409]
  
total elapsed time             :   3.98688E+01 sec
total solver time incl. I/O    :   0.00000E+00 sec
time/timestep                  :   0.00000E+00 sec
CPU seconds/timestep/gridpt    :   0.00000E+00 sec

Application 2257617 resources: utime ~617s, stime ~17s, Rss ~33192, inblocks ~0, outblocks ~0
