/----------------------------------------------------------\\
|      _   __ ______ __ __  ______  ____   ____   ____     |
|     / | / // ____// //_/ / ____/ / __ \\/ __ \\/ __ \\   |
|    /  |/ // __/  / ,<   /___ \\ / / / // / / // / / /    |
|   / /|  // /___ / /| | ____/ / / /_/ // /_/ // /_/ /     |
|  /_/ |_//_____//_/ |_|/_____/  \\___/ \\___/ \\___/      |
|                                                          |
|----------------------------------------------------------|
|                                                          |
| NEK5000:  Open Source Spectral Element Solver            |
| COPYRIGHT (c) 2008-2016 UCHICAGO ARGONNE, LLC            |
| Version:  16.0.0                                         |
| Web:      http://nek5000.mcs.anl.gov                     |
|                                                          |
\\----------------------------------------------------------/
                                                              

 Number of processors:          32
 REAL    wdsize      :           8
 INTEGER wdsize      :           4
 Timer accuracy      : 3.10E-07
 Reading /gpfs/theta-fs1/home/thilina/env/lx10/b7.rea                                                                                        

 mapping elements to processors
 Reading /gpfs/theta-fs1/home/thilina/env/lx10/b7.map                                                                                        
           0           4           4         128         128  NELV
          20           4           4         128         128  NELV
          21           4           4         128         128  NELV
          23           4           4         128         128  NELV
          25           4           4         128         128  NELV
          29           4           4         128         128  NELV
          17           4           4         128         128  NELV
           4           4           4         128         128  NELV
           5           4           4         128         128  NELV
           9           4           4         128         128  NELV
          18           4           4         128         128  NELV
          27           4           4         128         128  NELV
          13           4           4         128         128  NELV
          12           4           4         128         128  NELV
          31           4           4         128         128  NELV
          19           4           4         128         128  NELV
          24           4           4         128         128  NELV
           3           4           4         128         128  NELV
          26           4           4         128         128  NELV
           8           4           4         128         128  NELV
          22           4           4         128         128  NELV
          15           4           4         128         128  NELV
          10           4           4         128         128  NELV
           6           4           4         128         128  NELV
          14           4           4         128         128  NELV
          16           4           4         128         128  NELV
           2           4           4         128         128  NELV
          30           4           4         128         128  NELV
          28           4           4         128         128  NELV
          11           4           4         128         128  NELV
           7           4           4         128         128  NELV
           1           4           4         128         128  NELV
 RANK     0 IEG     113     114     117     118
 element load imbalance:            0           4           4
 done :: mapping elements to processors
  
           0  objects found
 118   Parameters from file:
   1      1.00000     p001 DENSITY
   2     -100.000     p002 VISCOS
   7      1.00000     p007 RHOCP
   8      1.00000     p008 CONDUCT
  11      1.00        p011 NSTEPS
  12    -0.500000E-02 p012 DT
  21     0.100000E-05 p021 DIVERGENCE
  22     0.100000E-07 p022 HELMHOLTZ
  24     0.100000E-09 p024 TOLREL
  25     0.100000E-09 p025 TOLABS
  26     0.250000     p026 COURANT/NTAU
  27      2.00000     p027 TORDER
  66      6.00000     p066 output : <0=ascii, else binary
  67      6.00000     p067 restart: <0=ascii, else binary
  99      3.00000     p099 dealiasing: <0--> off/3--> old/4--> new
 103     0.500000E-01 p103 weight of stabilizing filter (.01)
  
 nelgt/nelgv/lelt:         128         128         100
 lx1  /lx2  /lx3 :          10          10          10
 done :: read .rea file   0.88123E-01 sec

 setup mesh topology
   Right-handed check complete for     128 elements. OK.
   setvert3d:  10       34401       99937       34401       34401
 call usrsetvert
 done :: usrsetvert

gs_setup: 14401 unique labels shared
   pairwise times (avg, min, max): 3.66323e-05 3.45945e-05 4.14848e-05
   crystal router                : 5.41084e-05 5.34773e-05 5.45025e-05
   all reduce                    : 0.00101645 0.00101221 0.00102119
   used all_to_all method: pairwise
   handle bytes (avg, min, max): 33188 26828 35308
   buffer bytes (avg, min, max): 17440 12640 19040
   setupds time 4.3245E-02 seconds   0 10       34401         128
           8  max multiplicity
 done :: setup mesh topology
  
 call usrdat
 done :: usrdat

 generate geometry data
 done :: generate geometry data
  
 call usrdat2
 done :: usrdat2

 regenerate geometry data           1
 NOTE: All elements deformed , param(59) ^=0
 done :: regenerate geometry data           1
  
 verify mesh topology
  0.000000000000000E+000   1.00000000000000       Xrange
  0.000000000000000E+000   1.00000000000000       Yrange
  0.000000000000000E+000   1.00000000000000       Zrange
 done :: verify mesh topology
  
 IFTRAN   = T
 IFFLOW   = T
 IFHEAT   = F
 IFSPLIT  = T
 IFLOMACH = F
 IFUSERVP = F
 IFUSERMV = F
 IFSTRS   = F
 IFCHAR   = F
 IFCYCLIC = F
 IFAXIS   = F
 IFMVBD   = F
 IFMELT   = F
 IFMODEL  = F
 IFKEPS   = F
 IFMOAB   = F
 IFNEKNEK = F
 IFSYNC   = T
   
 IFVCOR   = T
 IFINTQ   = F
 IFCWUZ   = F
 IFSWALL  = F
 IFGEOM   = F
 IFSURT   = F
 IFWCNO   = F
   
 IFTMSH for field           1    =  F
 IFADVC for field           1    =  T
 IFNONL for field           1    =  F
   
 Dealiasing enabled, lxd=          15
  
 Estimated eigenvalues
 EIGAA =    9.86960440108936     
 EIGGA =    320407.112613247     
 EIGAE =    9.86960440108936     
 EIGAS =   8.333333333333333E-002
 EIGGE =    320407.112613247     
 EIGGS =    2.00000000000000     
  
 verify mesh topology
  0.000000000000000E+000   1.00000000000000       Xrange
  0.000000000000000E+000   1.00000000000000       Yrange
  0.000000000000000E+000   1.00000000000000       Zrange
 done :: verify mesh topology
  
  E-solver strategy:  0 itr
 mg_nx:           1           5           9
 mg_ny:           1           5           9
 mg_nz:           1           5           9
 call usrsetvert
 done :: usrsetvert

gs_setup: 193 unique labels shared
   pairwise times (avg, min, max): 3.1276e-05 2.36988e-05 3.58105e-05
   crystal router                : 1.25378e-05 1.23978e-05 1.26839e-05
   all reduce                    : 3.61167e-05 3.5882e-05 3.62873e-05
   used all_to_all method: crystal router
   handle bytes (avg, min, max): 5046 4332 5556
   buffer bytes (avg, min, max): 700 624 768
   setupds time 4.1990E-03 seconds   1  2         225         128
   setvert3d:   4        3201        4225        3201        3201
 call usrsetvert
 done :: usrsetvert

gs_setup: 1633 unique labels shared
   pairwise times (avg, min, max): 3.03537e-05 2.51055e-05 3.56197e-05
   crystal router                : 1.73278e-05 1.69992e-05 1.77145e-05
   all reduce                    : 8.01183e-05 7.9298e-05 8.09908e-05
   used all_to_all method: crystal router
   handle bytes (avg, min, max): 26486 21068 29876
   buffer bytes (avg, min, max): 4316 3584 4784
   setupds time 7.0851E-03 seconds   2  4        3201         128
   setvert3d:   6        9889       18081        9889        9889
 call usrsetvert
 done :: usrsetvert

gs_setup: 4481 unique labels shared
   pairwise times (avg, min, max): 3.41661e-05 3.09944e-05 3.70026e-05
   crystal router                : 2.38746e-05 2.37942e-05 2.40088e-05
   all reduce                    : 0.0001691 0.000167704 0.000169802
   used all_to_all method: crystal router
   handle bytes (avg, min, max): 66166 51628 74932
   buffer bytes (avg, min, max): 11152 9072 12432
   setupds time 1.1823E-02 seconds   3  6        9889         128
   setvert3d:   8       20289       47937       20289       20289
 call usrsetvert
 done :: usrsetvert

gs_setup: 8737 unique labels shared
   pairwise times (avg, min, max): 3.16441e-05 2.94924e-05 3.79086e-05
   crystal router                : 3.6414e-05 3.59058e-05 3.68118e-05
   all reduce                    : 0.000471374 0.00046978 0.000473785
   used all_to_all method: crystal router
   handle bytes (avg, min, max): 124086 96012 140724
   buffer bytes (avg, min, max): 21200 17168 23664
   setupds time 2.0563E-02 seconds   4  8       20289         128
 regenerate geometry data           1
 NOTE: All elements deformed , param(59) ^=0
 done :: regenerate geometry data           1
  
 h1_mg_nx:           1           3           9
 h1_mg_ny:           1           3           9
 h1_mg_nz:           1           3           9
 call usrsetvert
 done :: usrsetvert

gs_setup: 193 unique labels shared
   pairwise times (avg, min, max): 2.5861e-05 2.31981e-05 2.92063e-05
   crystal router                : 1.2815e-05 1.27077e-05 1.29938e-05
   all reduce                    : 4.27082e-05 4.24862e-05 4.29869e-05
   used all_to_all method: crystal router
   handle bytes (avg, min, max): 5046 4332 5556
   buffer bytes (avg, min, max): 700 624 768
   setupds time 4.6580E-03 seconds   5  2         225         128
   setvert3d:   4        3201        4225        3201        3201
 call usrsetvert
 done :: usrsetvert

gs_setup: 1633 unique labels shared
   pairwise times (avg, min, max): 2.96153e-05 2.57015e-05 3.49998e-05
   crystal router                : 1.96099e-05 1.92881e-05 2.02894e-05
   all reduce                    : 8.47109e-05 8.39233e-05 8.57115e-05
   used all_to_all method: crystal router
   handle bytes (avg, min, max): 26486 21068 29876
   buffer bytes (avg, min, max): 4316 3584 4784
   setupds time 8.1210E-03 seconds   6  4        3201         128
   setvert3d:   4        3201        4225        3201        3201
 call usrsetvert
 done :: usrsetvert

gs_setup: 1633 unique labels shared
   pairwise times (avg, min, max): 2.76469e-05 2.43902e-05 3.26872e-05
   crystal router                : 1.77443e-05 1.719e-05 1.85966e-05
   all reduce                    : 8.1896e-05 8.09908e-05 8.25882e-05
   used all_to_all method: crystal router
   handle bytes (avg, min, max): 26486 21068 29876
   buffer bytes (avg, min, max): 4316 3584 4784
   setupds time 6.6109E-03 seconds   7  4        3201         128
   setvert3d:   6        9889       18081        9889        9889
 call usrsetvert
 done :: usrsetvert

gs_setup: 4481 unique labels shared
   pairwise times (avg, min, max): 2.9441e-05 2.67029e-05 3.34024e-05
   crystal router                : 2.79143e-05 2.75135e-05 2.83957e-05
   all reduce                    : 0.000174113 0.000172615 0.000174999
   used all_to_all method: crystal router
   handle bytes (avg, min, max): 66166 51628 74932
   buffer bytes (avg, min, max): 11152 9072 12432
   setupds time 1.0776E-02 seconds   8  6        9889         128
   setvert3d:  10       34401       99937       34401       34401
 call usrsetvert
 done :: usrsetvert

gs_setup: 14401 unique labels shared
   pairwise times (avg, min, max): 3.1361e-05 2.76804e-05 3.51906e-05
   crystal router                : 5.98796e-05 5.92232e-05 6.0606e-05
   all reduce                    : 0.000876951 0.000869298 0.000883317
   used all_to_all method: pairwise
   handle bytes (avg, min, max): 33188 26828 35308
   buffer bytes (avg, min, max): 17440 12640 19040
   setupds time 3.0925E-02 seconds   9 10       34401         128
   setvert3d:  12       52225      180225       52225       52225
 call usrsetvert
 done :: usrsetvert

gs_setup: 21473 unique labels shared
   pairwise times (avg, min, max): 3.46452e-05 3.19004e-05 3.7694e-05
   crystal router                : 8.63835e-05 8.54015e-05 8.87871e-05
   all reduce                    : 0.00139502 0.0013912 0.001401
   used all_to_all method: pairwise
   handle bytes (avg, min, max): 48356 39020 51468
   buffer bytes (avg, min, max): 25152 18240 27456
   setupds time 4.5348E-02 seconds  10 12       52225         128
 setup h1 coarse grid, nx_crs=           2
 call usrsetvert
 done :: usrsetvert

gs_setup: 193 unique labels shared
   pairwise times (avg, min, max): 2.39149e-05 2.27928e-05 2.59161e-05
   crystal router                : 1.42545e-05 1.38998e-05 1.45912e-05
   all reduce                    : 4.47594e-05 4.43935e-05 4.48942e-05
   used all_to_all method: crystal router
   handle bytes (avg, min, max): 5046 4332 5556
   buffer bytes (avg, min, max): 700 624 768
 done :: setup h1 coarse grid   1.221489906311035E-002  sec
  
 call usrdat3
 done :: usrdat3

 set initial conditions
 nekuic (1) for ifld            1
 call nekuic for vel  
 xyz min     0.0000       0.0000       0.0000    
 uvwpt min   0.0000       0.0000       0.0000       0.0000       0.0000    
 PS min      0.0000       0.0000      0.99000E+22
 xyz max     1.0000       1.0000       1.0000    
 uvwpt max   0.0000       0.0000       0.0000       0.0000       0.0000    
 PS max      0.0000       0.0000     -0.99000E+22
 done :: set initial conditions
  
 call userchk
GFM max:  2.1962E-03  2.1962E-03  8.7848E-03  4.1877E-17  1.6513E-16  1.6513E-16
 
nelt =       4, np =        32, nx1 =      10, elements =       128
Solve Time =   0.2747E-08
 
nelt =       4, np =        32, nx1 =      10, elements =       128
Solve Time =   0.2668E-08
 
nelt =       4, np =        32, nx1 =      10, elements =       128
Solve Time =   0.2655E-08
 
nelt =       4, np =        32, nx1 =      10, elements =       128
Solve Time =   0.2659E-08
 
nelt =       4, np =        32, nx1 =      10, elements =       128
Solve Time =   0.2701E-08
 
nelt =       4, np =        32, nx1 =      10, elements =       128
Solve Time =   0.2656E-08
 
nelt =       4, np =        32, nx1 =      10, elements =       128
Solve Time =   0.2652E-08
 
nelt =       4, np =        32, nx1 =      10, elements =       128
Solve Time =   0.2650E-08
 
nelt =       4, np =        32, nx1 =      10, elements =       128
Solve Time =   0.2660E-08
 
nelt =       4, np =        32, nx1 =      10, elements =       128
Solve Time =   0.2651E-08
 
nelt =       4, np =        32, nx1 =      10, elements =       128
Solve Time =   0.2069E-08
 
nelt =       4, np =        32, nx1 =      10, elements =       128
Solve Time =   0.2016E-08
 
nelt =       4, np =        32, nx1 =      10, elements =       128
Solve Time =   0.2011E-08
 
nelt =       4, np =        32, nx1 =      10, elements =       128
Solve Time =   0.2007E-08
 
nelt =       4, np =        32, nx1 =      10, elements =       128
Solve Time =   0.2012E-08
 
nelt =       4, np =        32, nx1 =      10, elements =       128
Solve Time =   0.2015E-08
 
nelt =       4, np =        32, nx1 =      10, elements =       128
Solve Time =   0.2009E-08
 
nelt =       4, np =        32, nx1 =      10, elements =       128
Solve Time =   0.2018E-08
 
nelt =       4, np =        32, nx1 =      10, elements =       128
Solve Time =   0.2011E-08
 
nelt =       4, np =        32, nx1 =      10, elements =       128
Solve Time =   0.2014E-08
 
nelt =       4, np =        32, nx1 =      10, elements =       128
Solve Time =   0.2401E-08
 
nelt =       4, np =        32, nx1 =      10, elements =       128
Solve Time =   0.2367E-08
 
nelt =       4, np =        32, nx1 =      10, elements =       128
Solve Time =   0.2385E-08
 
nelt =       4, np =        32, nx1 =      10, elements =       128
Solve Time =   0.2373E-08
 
nelt =       4, np =        32, nx1 =      10, elements =       128
Solve Time =   0.2370E-08
 
nelt =       4, np =        32, nx1 =      10, elements =       128
Solve Time =   0.2367E-08
 
nelt =       4, np =        32, nx1 =      10, elements =       128
Solve Time =   0.2371E-08
 
nelt =       4, np =        32, nx1 =      10, elements =       128
Solve Time =   0.2372E-08
 
nelt =       4, np =        32, nx1 =      10, elements =       128
Solve Time =   0.2377E-08
 
nelt =       4, np =        32, nx1 =      10, elements =       128
Solve Time =   0.2380E-08
 
nelt =       4, np =        32, nx1 =      10, elements =       128
Solve Time =   0.2557E-08
 
nelt =       4, np =        32, nx1 =      10, elements =       128
Solve Time =   0.2516E-08
 
nelt =       4, np =        32, nx1 =      10, elements =       128
Solve Time =   0.2517E-08
 
nelt =       4, np =        32, nx1 =      10, elements =       128
Solve Time =   0.2516E-08
 
nelt =       4, np =        32, nx1 =      10, elements =       128
Solve Time =   0.2518E-08
 
nelt =       4, np =        32, nx1 =      10, elements =       128
Solve Time =   0.2520E-08
 
nelt =       4, np =        32, nx1 =      10, elements =       128
Solve Time =   0.2514E-08
 
nelt =       4, np =        32, nx1 =      10, elements =       128
Solve Time =   0.2521E-08
 
nelt =       4, np =        32, nx1 =      10, elements =       128
Solve Time =   0.2514E-08
 
nelt =       4, np =        32, nx1 =      10, elements =       128
Solve Time =   0.2534E-08
 
nelt =       4, np =        32, nx1 =      10, elements =       128
Solve Time =   0.2708E-08
 
nelt =       4, np =        32, nx1 =      10, elements =       128
Solve Time =   0.2649E-08
 
nelt =       4, np =        32, nx1 =      10, elements =       128
Solve Time =   0.2650E-08
 
nelt =       4, np =        32, nx1 =      10, elements =       128
Solve Time =   0.2653E-08
 
nelt =       4, np =        32, nx1 =      10, elements =       128
Solve Time =   0.2655E-08
 
nelt =       4, np =        32, nx1 =      10, elements =       128
Solve Time =   0.2652E-08
 
nelt =       4, np =        32, nx1 =      10, elements =       128
Solve Time =   0.2650E-08
 
nelt =       4, np =        32, nx1 =      10, elements =       128
Solve Time =   0.2655E-08
 
nelt =       4, np =        32, nx1 =      10, elements =       128
Solve Time =   0.2649E-08
 
nelt =       4, np =        32, nx1 =      10, elements =       128
Solve Time =   0.2656E-08
 schfile:
 /gpfs/theta-fs1/home/thilina/env/lx10/b7.sch                                   
                                                      
 10      128  1.0000E+00  1.0000E+00  1.0000E+00  error v
 10      128  1.0000E+00  1.0000E+00  1.0000E+00  error v
 10      128  1.0000E+00  1.0000E+00  1.0000E+00  error v
 10      128  1.0000E+00  1.0000E+00  1.0000E+00  error v
 10      128  1.0000E+00  1.0000E+00  1.0000E+00  error v
 10      128  1.0000E+00  1.0000E+00  1.0000E+00  error v
 10      128  1.0000E+00  1.0000E+00  1.0000E+00  error v
 10      128  1.0000E+00  1.0000E+00  1.0000E+00  error v
 10      128  1.0000E+00  1.0000E+00  1.0000E+00  error v
 10      128  1.0000E+00  1.0000E+00  1.0000E+00  error v
 10      128  1.0000E+00  1.0000E+00  1.0000E+00  error v
 10      128  1.0000E+00  1.0000E+00  1.0000E+00  error v
 10      128  1.0000E+00  1.0000E+00  1.0000E+00  error v
 10      128  1.0000E+00  1.0000E+00  1.0000E+00  error v
 10      128  1.0000E+00  1.0000E+00  1.0000E+00  error v
 10      128  1.0000E+00  1.0000E+00  1.0000E+00  error v
 10      128  1.0000E+00  1.0000E+00  1.0000E+00  error v
 10      128  1.0000E+00  1.0000E+00  1.0000E+00  error v
 10      128  1.0000E+00  1.0000E+00  1.0000E+00  error v
 10      128  1.0000E+00  1.0000E+00  1.0000E+00  error v
 10      128  1.0000E+00  1.0000E+00  1.0000E+00  error v
 10      128  1.0000E+00  1.0000E+00  1.0000E+00  error v
 10      128  1.0000E+00  1.0000E+00  1.0000E+00  error v
 10      128  1.0000E+00  1.0000E+00  1.0000E+00  error v
 10      128  1.0000E+00  1.0000E+00  1.0000E+00  error v
 10      128  1.0000E+00  1.0000E+00  1.0000E+00  error v
 10      128  1.0000E+00  1.0000E+00  1.0000E+00  error v
 10      128  1.0000E+00  1.0000E+00  1.0000E+00  error v
 10      128  1.0000E+00  1.0000E+00  1.0000E+00  error v
 10      128  1.0000E+00  1.0000E+00  1.0000E+00  error v
 10      128  1.0000E+00  1.0000E+00  1.0000E+00  error v
 10      128  1.0000E+00  1.0000E+00  1.0000E+00  error v
 
nelt =       4, np =        32, nx1 =      10, elements =       128
Solve Time =   0.3379E-08
 
nelt =       4, np =        32, nx1 =      10, elements =       128
Solve Time =   0.3312E-08
 
nelt =       4, np =        32, nx1 =      10, elements =       128
Solve Time =   0.3317E-08
 
nelt =       4, np =        32, nx1 =      10, elements =       128
Solve Time =   0.3312E-08
 
nelt =       4, np =        32, nx1 =      10, elements =       128
Solve Time =   0.3317E-08
 
nelt =       4, np =        32, nx1 =      10, elements =       128
Solve Time =   0.3316E-08
 
nelt =       4, np =        32, nx1 =      10, elements =       128
Solve Time =   0.3308E-08
 
nelt =       4, np =        32, nx1 =      10, elements =       128
Solve Time =   0.3313E-08
 
nelt =       4, np =        32, nx1 =      10, elements =       128
Solve Time =   0.3315E-08
 
nelt =       4, np =        32, nx1 =      10, elements =       128
Solve Time =   0.3312E-08
 10      128  5.4808E-11  5.4808E-11  5.4808E-11  error s
 10      128  5.4808E-11  5.4808E-11  5.4808E-11  error s
 10      128  5.4808E-11  5.4808E-11  5.4808E-11  error s
 10      128  5.4808E-11  5.4808E-11  5.4808E-11  error s
 10      128  5.4808E-11  5.4808E-11  5.4808E-11  error s
 10      128  5.4808E-11  5.4808E-11  5.4808E-11  error s
 10      128  5.4808E-11  5.4808E-11  5.4808E-11  error s
 10      128  5.4808E-11  5.4808E-11  5.4808E-11  error s
 10      128  5.4808E-11  5.4808E-11  5.4808E-11  error s
 10      128  5.4808E-11  5.4808E-11  5.4808E-11  error s
 10      128  5.4808E-11  5.4808E-11  5.4808E-11  error s
 10      128  5.4808E-11  5.4808E-11  5.4808E-11  error s
 10      128  5.4808E-11  5.4808E-11  5.4808E-11  error s
 10      128  5.4808E-11  5.4808E-11  5.4808E-11  error s
 10      128  5.4808E-11  5.4808E-11  5.4808E-11  error s
 10      128  5.4808E-11  5.4808E-11  5.4808E-11  error s
 10      128  5.4808E-11  5.4808E-11  5.4808E-11  error s
 10      128  5.4808E-11  5.4808E-11  5.4808E-11  error s
 10      128  5.4808E-11  5.4808E-11  5.4808E-11  error s
 10      128  5.4808E-11  5.4808E-11  5.4808E-11  error s
 10      128  5.4808E-11  5.4808E-11  5.4808E-11  error s
 10      128  5.4808E-11  5.4808E-11  5.4808E-11  error s
 10      128  5.4808E-11  5.4808E-11  5.4808E-11  error s
 10      128  5.4808E-11  5.4808E-11  5.4808E-11  error s
 10      128  5.4808E-11  5.4808E-11  5.4808E-11  error s
 10      128  5.4808E-11  5.4808E-11  5.4808E-11  error s
 10      128  5.4808E-11  5.4808E-11  5.4808E-11  error s
 10      128  5.4808E-11  5.4808E-11  5.4808E-11  error s
 10      128  5.4808E-11  5.4808E-11  5.4808E-11  error s
 10      128  5.4808E-11  5.4808E-11  5.4808E-11  error s
 10      128  5.4808E-11  5.4808E-11  5.4808E-11  error s
 10      128  5.4808E-11  5.4808E-11  5.4808E-11  error s
 
nelt =       4, np =        32, nx1 =      10, elements =       128
Solve Time =   0.3508E-08
 
nelt =       4, np =        32, nx1 =      10, elements =       128
Solve Time =   0.3434E-08
 
nelt =       4, np =        32, nx1 =      10, elements =       128
Solve Time =   0.3434E-08
 
nelt =       4, np =        32, nx1 =      10, elements =       128
Solve Time =   0.3431E-08
 
nelt =       4, np =        32, nx1 =      10, elements =       128
Solve Time =   0.3448E-08
 
nelt =       4, np =        32, nx1 =      10, elements =       128
Solve Time =   0.3439E-08
 
nelt =       4, np =        32, nx1 =      10, elements =       128
Solve Time =   0.3427E-08
 
nelt =       4, np =        32, nx1 =      10, elements =       128
Solve Time =   0.3441E-08
 
nelt =       4, np =        32, nx1 =      10, elements =       128
Solve Time =   0.3436E-08
 
nelt =       4, np =        32, nx1 =      10, elements =       128
Solve Time =   0.3430E-08
 10      128  5.5171E-11  5.5171E-11  5.5171E-11  error n
 10      128  5.5171E-11  5.5171E-11  5.5171E-11  error n
 10      128  5.5171E-11  5.5171E-11  5.5171E-11  error n
 10      128  5.5171E-11  5.5171E-11  5.5171E-11  error n
 10      128  5.5171E-11  5.5171E-11  5.5171E-11  error n
 10      128  5.5171E-11  5.5171E-11  5.5171E-11  error n
 10      128  5.5171E-11  5.5171E-11  5.5171E-11  error n
 10      128  5.5171E-11  5.5171E-11  5.5171E-11  error n
 10      128  5.5171E-11  5.5171E-11  5.5171E-11  error n
 10      128  5.5171E-11  5.5171E-11  5.5171E-11  error n
 10      128  5.5171E-11  5.5171E-11  5.5171E-11  error n
 10      128  5.5171E-11  5.5171E-11  5.5171E-11  error n
 10      128  5.5171E-11  5.5171E-11  5.5171E-11  error n
 10      128  5.5171E-11  5.5171E-11  5.5171E-11  error n
 10      128  5.5171E-11  5.5171E-11  5.5171E-11  error n
 10      128  5.5171E-11  5.5171E-11  5.5171E-11  error n
 10      128  5.5171E-11  5.5171E-11  5.5171E-11  error n
 10      128  5.5171E-11  5.5171E-11  5.5171E-11  error n
 10      128  5.5171E-11  5.5171E-11  5.5171E-11  error n
 10      128  5.5171E-11  5.5171E-11  5.5171E-11  error n
 10      128  5.5171E-11  5.5171E-11  5.5171E-11  error n
 10      128  5.5171E-11  5.5171E-11  5.5171E-11  error n
 10      128  5.5171E-11  5.5171E-11  5.5171E-11  error n
 10      128  5.5171E-11  5.5171E-11  5.5171E-11  error n
 10      128  5.5171E-11  5.5171E-11  5.5171E-11  error n
 10      128  5.5171E-11  5.5171E-11  5.5171E-11  error n
   9      128  100  0.0000E+00  0.0000E+00  0.0000E+00 time for 3 hmholtz
 10      128  5.5171E-11  5.5171E-11  5.5171E-11  error n
 10      128  5.5171E-11  5.5171E-11  5.5171E-11  error n
 10      128  5.5171E-11  5.5171E-11  5.5171E-11  error n
EXIT: quit after cggov          9
 10      128  5.5171E-11  5.5171E-11  5.5171E-11  error n
 10      128  5.5171E-11  5.5171E-11  5.5171E-11  error n
 10      128  5.5171E-11  5.5171E-11  5.5171E-11  error n
  
call exitt: dying ...
  
backtrace(): obtained 8 stack frames.
./nek5000() [0x77b9b5]
./nek5000() [0x95f269]
./nek5000() [0x40e00c]
./nek5000() [0x4260a6]
./nek5000() [0x42465e]
./nek5000() [0x4054fe]
/lib64/libc.so.6(__libc_start_main+0xf5) [0x2aaab1ca3b25]
./nek5000() [0x405409]
  
total elapsed time             :   3.48097E+01 sec
total solver time incl. I/O    :   0.00000E+00 sec
time/timestep                  :   0.00000E+00 sec
CPU seconds/timestep/gridpt    :   0.00000E+00 sec

Application 2257817 resources: utime ~1089s, stime ~24s, Rss ~28652, inblocks ~0, outblocks ~0
