/----------------------------------------------------------\\
|      _   __ ______ __ __  ______  ____   ____   ____     |
|     / | / // ____// //_/ / ____/ / __ \\/ __ \\/ __ \\   |
|    /  |/ // __/  / ,<   /___ \\ / / / // / / // / / /    |
|   / /|  // /___ / /| | ____/ / / /_/ // /_/ // /_/ /     |
|  /_/ |_//_____//_/ |_|/_____/  \\___/ \\___/ \\___/      |
|                                                          |
|----------------------------------------------------------|
|                                                          |
| NEK5000:  Open Source Spectral Element Solver            |
| COPYRIGHT (c) 2008-2016 UCHICAGO ARGONNE, LLC            |
| Version:  16.0.0                                         |
| Web:      http://nek5000.mcs.anl.gov                     |
|                                                          |
\\----------------------------------------------------------/
                                                              

 Number of processors:          64
 REAL    wdsize      :           8
 INTEGER wdsize      :           4
 Timer accuracy      : 3.10E-07
 Reading /gpfs/theta-fs1/home/thilina/env/lx10/b10.rea                                                                                       

 mapping elements to processors
 Reading /gpfs/theta-fs1/home/thilina/env/lx10/b10.map                                                                                       
          60          16          16        1024        1024  NELV
          44          16          16        1024        1024  NELV
          58          16          16        1024        1024  NELV
          38          16          16        1024        1024  NELV
          63          16          16        1024        1024  NELV
          61          16          16        1024        1024  NELV
          45          16          16        1024        1024  NELV
           0          16          16        1024        1024  NELV
          31          16          16        1024        1024  NELV
          27          16          16        1024        1024  NELV
          20          16          16        1024        1024  NELV
          25          16          16        1024        1024  NELV
           8          16          16        1024        1024  NELV
          24          16          16        1024        1024  NELV
          14          16          16        1024        1024  NELV
          28          16          16        1024        1024  NELV
          11          16          16        1024        1024  NELV
          17          16          16        1024        1024  NELV
          16          16          16        1024        1024  NELV
           6          16          16        1024        1024  NELV
           1          16          16        1024        1024  NELV
           7          16          16        1024        1024  NELV
          30          16          16        1024        1024  NELV
          21          16          16        1024        1024  NELV
          12          16          16        1024        1024  NELV
          15          16          16        1024        1024  NELV
           9          16          16        1024        1024  NELV
           4          16          16        1024        1024  NELV
          26          16          16        1024        1024  NELV
          29          16          16        1024        1024  NELV
          13          16          16        1024        1024  NELV
           5          16          16        1024        1024  NELV
          22          16          16        1024        1024  NELV
           2          16          16        1024        1024  NELV
           3          16          16        1024        1024  NELV
          19          16          16        1024        1024  NELV
          18          16          16        1024        1024  NELV
          10          16          16        1024        1024  NELV
          23          16          16        1024        1024  NELV
 RANK     0 IEG     897     898     899     900     905     906     907     908
                    961     962     963     964     969     970     971     972
 element load imbalance:            0          16          16
 done :: mapping elements to processors
  
          56          16          16        1024        1024  NELV
          39          16          16        1024        1024  NELV
          43          16          16        1024        1024  NELV
          51          16          16        1024        1024  NELV
          32          16          16        1024        1024  NELV
          33          16          16        1024        1024  NELV
          37          16          16        1024        1024  NELV
          48          16          16        1024        1024  NELV
          49          16          16        1024        1024  NELV
          52          16          16        1024        1024  NELV
          50          16          16        1024        1024  NELV
          53          16          16        1024        1024  NELV
          35          16          16        1024        1024  NELV
          34          16          16        1024        1024  NELV
          57          16          16        1024        1024  NELV
          36          16          16        1024        1024  NELV
          54          16          16        1024        1024  NELV
          59          16          16        1024        1024  NELV
          42          16          16        1024        1024  NELV
          62          16          16        1024        1024  NELV
          55          16          16        1024        1024  NELV
          41          16          16        1024        1024  NELV
          40          16          16        1024        1024  NELV
          47          16          16        1024        1024  NELV
          46          16          16        1024        1024  NELV
           0  objects found
 118   Parameters from file:
   1      1.00000     p001 DENSITY
   2     -100.000     p002 VISCOS
   7      1.00000     p007 RHOCP
   8      1.00000     p008 CONDUCT
  11      1.00        p011 NSTEPS
  12    -0.500000E-02 p012 DT
  21     0.100000E-05 p021 DIVERGENCE
  22     0.100000E-07 p022 HELMHOLTZ
  24     0.100000E-09 p024 TOLREL
  25     0.100000E-09 p025 TOLABS
  26     0.250000     p026 COURANT/NTAU
  27      2.00000     p027 TORDER
  66      6.00000     p066 output : <0=ascii, else binary
  67      6.00000     p067 restart: <0=ascii, else binary
  99      3.00000     p099 dealiasing: <0--> off/3--> old/4--> new
 103     0.500000E-01 p103 weight of stabilizing filter (.01)
  
 nelgt/nelgv/lelt:        1024        1024         100
 lx1  /lx2  /lx3 :          10          10          10
 done :: read .rea file   0.42648     sec

 setup mesh topology
   Right-handed check complete for    1024 elements. OK.
   setvert3d:  10      248417      772705      248417      248417
 call usrsetvert
 done :: usrsetvert

gs_setup: 77185 unique labels shared
   pairwise times (avg, min, max): 9.95748e-05 8.86917e-05 0.000115609
   crystal router                : 0.000300161 0.000293088 0.000306702
   all reduce                    : 0.00170555 0.00170059 0.0017118
   used all_to_all method: pairwise
   handle bytes (avg, min, max): 121392 100796 133660
   buffer bytes (avg, min, max): 44916 29488 54416
   setupds time 1.2912E-01 seconds   0 10      248417        1024
           8  max multiplicity
 done :: setup mesh topology
  
 call usrdat
 done :: usrdat

 generate geometry data
 done :: generate geometry data
  
 call usrdat2
 done :: usrdat2

 regenerate geometry data           1
 NOTE: All elements deformed , param(59) ^=0
 done :: regenerate geometry data           1
  
 verify mesh topology
  0.000000000000000E+000   1.00000000000000       Xrange
  0.000000000000000E+000   1.00000000000000       Yrange
  0.000000000000000E+000   1.00000000000000       Zrange
 done :: verify mesh topology
  
 IFTRAN   = T
 IFFLOW   = T
 IFHEAT   = F
 IFSPLIT  = T
 IFLOMACH = F
 IFUSERVP = F
 IFUSERMV = F
 IFSTRS   = F
 IFCHAR   = F
 IFCYCLIC = F
 IFAXIS   = F
 IFMVBD   = F
 IFMELT   = F
 IFMODEL  = F
 IFKEPS   = F
 IFMOAB   = F
 IFNEKNEK = F
 IFSYNC   = T
   
 IFVCOR   = T
 IFINTQ   = F
 IFCWUZ   = F
 IFSWALL  = F
 IFGEOM   = F
 IFSURT   = F
 IFWCNO   = F
   
 IFTMSH for field           1    =  F
 IFADVC for field           1    =  T
 IFNONL for field           1    =  F
   
 Dealiasing enabled, lxd=          15
  
 Estimated eigenvalues
 EIGAA =    9.86960440108936     
 EIGGA =    1281166.92380011     
 EIGAE =    9.86960440108936     
 EIGAS =   8.333333333333333E-002
 EIGGE =    1281166.92380011     
 EIGGS =    2.00000000000000     
  
 verify mesh topology
  0.000000000000000E+000   1.00000000000000       Xrange
  0.000000000000000E+000   1.00000000000000       Yrange
  0.000000000000000E+000   1.00000000000000       Zrange
 done :: verify mesh topology
  
  E-solver strategy:  0 itr
 mg_nx:           1           5           9
 mg_ny:           1           5           9
 mg_nz:           1           5           9
 call usrsetvert
 done :: usrsetvert

gs_setup: 897 unique labels shared
   pairwise times (avg, min, max): 6.63266e-05 5.69105e-05 7.73907e-05
   crystal router                : 2.58822e-05 2.56062e-05 2.62976e-05
   all reduce                    : 0.000108557 0.000107789 0.000109315
   used all_to_all method: crystal router
   handle bytes (avg, min, max): 12161 10100 13460
   buffer bytes (avg, min, max): 1668 1392 1856
   setupds time 7.5612E-03 seconds   1  2        1377        1024
   setvert3d:   4       22433       30625       22433       22433
 call usrsetvert
 done :: usrsetvert

gs_setup: 8449 unique labels shared
   pairwise times (avg, min, max): 6.74419e-05 5.82218e-05 7.80106e-05
   crystal router                : 5.3468e-05 5.29051e-05 5.38826e-05
   all reduce                    : 0.000441361 0.000439405 0.000443697
   used all_to_all method: crystal router
   handle bytes (avg, min, max): 79417 60820 91636
   buffer bytes (avg, min, max): 11728 9440 12880
   setupds time 2.7534E-02 seconds   2  4       22433        1024
   setvert3d:   6       70625      136161       70625       70625
 call usrsetvert
 done :: usrsetvert

gs_setup: 23681 unique labels shared
   pairwise times (avg, min, max): 7.78142e-05 6.66857e-05 9.0313e-05
   crystal router                : 8.61488e-05 8.47101e-05 8.69989e-05
   all reduce                    : 0.000974947 0.000970101 0.000989604
   used all_to_all method: crystal router
   handle bytes (avg, min, max): 207729 156084 242004
   buffer bytes (avg, min, max): 31300 24032 34896
   setupds time 7.5353E-02 seconds   3  6       70625        1024
   setvert3d:   8      145953      367137      145953      145953
 call usrsetvert
 done :: usrsetvert

gs_setup: 46593 unique labels shared
   pairwise times (avg, min, max): 8.59853e-05 7.41959e-05 9.84907e-05
   crystal router                : 0.00018117 0.000178409 0.000186896
   all reduce                    : 0.00108 0.00107691 0.0010834
   used all_to_all method: pairwise
   handle bytes (avg, min, max): 75096 62396 82652
   buffer bytes (avg, min, max): 28260 18480 34320
   setupds time 7.4243E-02 seconds   4  8      145953        1024
 regenerate geometry data           1
 NOTE: All elements deformed , param(59) ^=0
 done :: regenerate geometry data           1
  
 h1_mg_nx:           1           3           9
 h1_mg_ny:           1           3           9
 h1_mg_nz:           1           3           9
 call usrsetvert
 done :: usrsetvert

gs_setup: 897 unique labels shared
   pairwise times (avg, min, max): 6.99446e-05 6.07014e-05 7.99179e-05
   crystal router                : 3.15357e-05 3.09944e-05 3.19958e-05
   all reduce                    : 0.000106312 0.000105596 0.000107002
   used all_to_all method: crystal router
   handle bytes (avg, min, max): 12161 10100 13460
   buffer bytes (avg, min, max): 1668 1392 1856
   setupds time 7.8080E-03 seconds   5  2        1377        1024
   setvert3d:   4       22433       30625       22433       22433
 call usrsetvert
 done :: usrsetvert

gs_setup: 8449 unique labels shared
   pairwise times (avg, min, max): 6.62994e-05 5.77927e-05 7.61032e-05
   crystal router                : 5.68826e-05 5.61953e-05 5.73158e-05
   all reduce                    : 0.000476655 0.000474501 0.00048008
   used all_to_all method: crystal router
   handle bytes (avg, min, max): 79417 60820 91636
   buffer bytes (avg, min, max): 11728 9440 12880
   setupds time 3.2694E-02 seconds   6  4       22433        1024
   setvert3d:   4       22433       30625       22433       22433
 call usrsetvert
 done :: usrsetvert

gs_setup: 8449 unique labels shared
   pairwise times (avg, min, max): 6.7034e-05 5.81026e-05 7.74145e-05
   crystal router                : 5.17808e-05 5.12123e-05 5.24044e-05
   all reduce                    : 0.000440362 0.000438285 0.000442815
   used all_to_all method: crystal router
   handle bytes (avg, min, max): 79417 60820 91636
   buffer bytes (avg, min, max): 11728 9440 12880
   setupds time 1.7879E-02 seconds   7  4       22433        1024
   setvert3d:   6       70625      136161       70625       70625
 call usrsetvert
 done :: usrsetvert

gs_setup: 23681 unique labels shared
   pairwise times (avg, min, max): 6.97151e-05 6.1202e-05 8.01086e-05
   crystal router                : 0.000109959 0.0001091 0.000110912
   all reduce                    : 0.000951233 0.000946379 0.000963402
   used all_to_all method: pairwise
   handle bytes (avg, min, max): 39936 33212 43932
   buffer bytes (avg, min, max): 15444 10032 18832
   setupds time 4.5028E-02 seconds   8  6       70625        1024
   setvert3d:  10      248417      772705      248417      248417
 call usrsetvert
 done :: usrsetvert

gs_setup: 77185 unique labels shared
   pairwise times (avg, min, max): 7.73016e-05 6.81877e-05 8.93116e-05
   crystal router                : 0.000290055 0.000286007 0.000293899
   all reduce                    : 0.00166783 0.00166121 0.00167501
   used all_to_all method: pairwise
   handle bytes (avg, min, max): 121392 100796 133660
   buffer bytes (avg, min, max): 44916 29488 54416
   setupds time 1.0723E-01 seconds   9 10      248417        1024
   setvert3d:  12      378017     1402017      378017      378017
 call usrsetvert
 done :: usrsetvert

gs_setup: 115457 unique labels shared
   pairwise times (avg, min, max): 0.000116963 0.000101686 0.000133109
   crystal router                : 0.000423073 0.000419402 0.000429702
   used all_to_all method: pairwise
   handle bytes (avg, min, max): 178824 148412 196956
   buffer bytes (avg, min, max): 65412 43056 79120
   setupds time 1.0535E-01 seconds  10 12      378017        1024
 setup h1 coarse grid, nx_crs=           2
 call usrsetvert
 done :: usrsetvert

gs_setup: 897 unique labels shared
   pairwise times (avg, min, max): 5.69087e-05 4.85897e-05 6.48975e-05
   crystal router                : 2.62003e-05 2.57969e-05 2.67982e-05
   all reduce                    : 0.00010374 0.000102901 0.000104499
   used all_to_all method: crystal router
   handle bytes (avg, min, max): 12161 10100 13460
   buffer bytes (avg, min, max): 1668 1392 1856
 done :: setup h1 coarse grid   3.642702102661133E-002  sec
  
 call usrdat3
 done :: usrdat3

 set initial conditions
 nekuic (1) for ifld            1
 call nekuic for vel  
 xyz min     0.0000       0.0000       0.0000    
 uvwpt min   0.0000       0.0000       0.0000       0.0000       0.0000    
 PS min      0.0000       0.0000      0.99000E+22
 xyz max     1.0000       1.0000       1.0000    
 uvwpt max   0.0000       0.0000       0.0000       0.0000       0.0000    
 PS max      0.0000       0.0000     -0.99000E+22
 done :: set initial conditions
  
 call userchk
GFM max:  1.0981E-03  1.0981E-03  4.3924E-03  4.9656E-17  1.6422E-16  1.6422E-16
 
nelt =      16, np =        64, nx1 =      10, elements =      1024
Solve Time =   0.1344E-08
 
nelt =      16, np =        64, nx1 =      10, elements =      1024
Solve Time =   0.1327E-08
 
nelt =      16, np =        64, nx1 =      10, elements =      1024
Solve Time =   0.1322E-08
 
nelt =      16, np =        64, nx1 =      10, elements =      1024
Solve Time =   0.1323E-08
 
nelt =      16, np =        64, nx1 =      10, elements =      1024
Solve Time =   0.1319E-08
 
nelt =      16, np =        64, nx1 =      10, elements =      1024
Solve Time =   0.1321E-08
 
nelt =      16, np =        64, nx1 =      10, elements =      1024
Solve Time =   0.1323E-08
 
nelt =      16, np =        64, nx1 =      10, elements =      1024
Solve Time =   0.1322E-08
 
nelt =      16, np =        64, nx1 =      10, elements =      1024
Solve Time =   0.1321E-08
 
nelt =      16, np =        64, nx1 =      10, elements =      1024
Solve Time =   0.1321E-08
 
nelt =      16, np =        64, nx1 =      10, elements =      1024
Solve Time =   0.1059E-08
 
nelt =      16, np =        64, nx1 =      10, elements =      1024
Solve Time =   0.1052E-08
 
nelt =      16, np =        64, nx1 =      10, elements =      1024
Solve Time =   0.1053E-08
 
nelt =      16, np =        64, nx1 =      10, elements =      1024
Solve Time =   0.1051E-08
 
nelt =      16, np =        64, nx1 =      10, elements =      1024
Solve Time =   0.1054E-08
 
nelt =      16, np =        64, nx1 =      10, elements =      1024
Solve Time =   0.1050E-08
 
nelt =      16, np =        64, nx1 =      10, elements =      1024
Solve Time =   0.1051E-08
 
nelt =      16, np =        64, nx1 =      10, elements =      1024
Solve Time =   0.1051E-08
 
nelt =      16, np =        64, nx1 =      10, elements =      1024
Solve Time =   0.1055E-08
 
nelt =      16, np =        64, nx1 =      10, elements =      1024
Solve Time =   0.1052E-08
 
nelt =      16, np =        64, nx1 =      10, elements =      1024
Solve Time =   0.1166E-08
 
nelt =      16, np =        64, nx1 =      10, elements =      1024
Solve Time =   0.1161E-08
 
nelt =      16, np =        64, nx1 =      10, elements =      1024
Solve Time =   0.1160E-08
 
nelt =      16, np =        64, nx1 =      10, elements =      1024
Solve Time =   0.1161E-08
 
nelt =      16, np =        64, nx1 =      10, elements =      1024
Solve Time =   0.1164E-08
 
nelt =      16, np =        64, nx1 =      10, elements =      1024
Solve Time =   0.1162E-08
 
nelt =      16, np =        64, nx1 =      10, elements =      1024
Solve Time =   0.1162E-08
 
nelt =      16, np =        64, nx1 =      10, elements =      1024
Solve Time =   0.1163E-08
 
nelt =      16, np =        64, nx1 =      10, elements =      1024
Solve Time =   0.1162E-08
 
nelt =      16, np =        64, nx1 =      10, elements =      1024
Solve Time =   0.1162E-08
 
nelt =      16, np =        64, nx1 =      10, elements =      1024
Solve Time =   0.1263E-08
 
nelt =      16, np =        64, nx1 =      10, elements =      1024
Solve Time =   0.1259E-08
 
nelt =      16, np =        64, nx1 =      10, elements =      1024
Solve Time =   0.1260E-08
 
nelt =      16, np =        64, nx1 =      10, elements =      1024
Solve Time =   0.1259E-08
 
nelt =      16, np =        64, nx1 =      10, elements =      1024
Solve Time =   0.1260E-08
 
nelt =      16, np =        64, nx1 =      10, elements =      1024
Solve Time =   0.1259E-08
 
nelt =      16, np =        64, nx1 =      10, elements =      1024
Solve Time =   0.1259E-08
 
nelt =      16, np =        64, nx1 =      10, elements =      1024
Solve Time =   0.1261E-08
 
nelt =      16, np =        64, nx1 =      10, elements =      1024
Solve Time =   0.1259E-08
 
nelt =      16, np =        64, nx1 =      10, elements =      1024
Solve Time =   0.1258E-08
 
nelt =      16, np =        64, nx1 =      10, elements =      1024
Solve Time =   0.1353E-08
 
nelt =      16, np =        64, nx1 =      10, elements =      1024
Solve Time =   0.1348E-08
 
nelt =      16, np =        64, nx1 =      10, elements =      1024
Solve Time =   0.1348E-08
 
nelt =      16, np =        64, nx1 =      10, elements =      1024
Solve Time =   0.1349E-08
 
nelt =      16, np =        64, nx1 =      10, elements =      1024
Solve Time =   0.1350E-08
 
nelt =      16, np =        64, nx1 =      10, elements =      1024
Solve Time =   0.1347E-08
 
nelt =      16, np =        64, nx1 =      10, elements =      1024
Solve Time =   0.1347E-08
 
nelt =      16, np =        64, nx1 =      10, elements =      1024
Solve Time =   0.1349E-08
 
nelt =      16, np =        64, nx1 =      10, elements =      1024
Solve Time =   0.1347E-08
 
nelt =      16, np =        64, nx1 =      10, elements =      1024
Solve Time =   0.1348E-08
 schfile:
 /gpfs/theta-fs1/home/thilina/env/lx10/b10.sch                                  
                                                      
 10     1024  1.0000E+00  1.0000E+00  1.0000E+00  error v
 10     1024  1.0000E+00  1.0000E+00  1.0000E+00  error v
 10     1024  1.0000E+00  1.0000E+00  1.0000E+00  error v
 10     1024  1.0000E+00  1.0000E+00  1.0000E+00  error v
 10     1024  1.0000E+00  1.0000E+00  1.0000E+00  error v
 10     1024  1.0000E+00  1.0000E+00  1.0000E+00  error v
 10     1024  1.0000E+00  1.0000E+00  1.0000E+00  error v
 10     1024  1.0000E+00  1.0000E+00  1.0000E+00  error v
 10     1024  1.0000E+00  1.0000E+00  1.0000E+00  error v
 10     1024  1.0000E+00  1.0000E+00  1.0000E+00  error v
 10     1024  1.0000E+00  1.0000E+00  1.0000E+00  error v
 10     1024  1.0000E+00  1.0000E+00  1.0000E+00  error v
 10     1024  1.0000E+00  1.0000E+00  1.0000E+00  error v
 10     1024  1.0000E+00  1.0000E+00  1.0000E+00  error v
 10     1024  1.0000E+00  1.0000E+00  1.0000E+00  error v
 10     1024  1.0000E+00  1.0000E+00  1.0000E+00  error v
 10     1024  1.0000E+00  1.0000E+00  1.0000E+00  error v
 10     1024  1.0000E+00  1.0000E+00  1.0000E+00  error v
 10     1024  1.0000E+00  1.0000E+00  1.0000E+00  error v
 10     1024  1.0000E+00  1.0000E+00  1.0000E+00  error v
 10     1024  1.0000E+00  1.0000E+00  1.0000E+00  error v
 10     1024  1.0000E+00  1.0000E+00  1.0000E+00  error v
 10     1024  1.0000E+00  1.0000E+00  1.0000E+00  error v
 10     1024  1.0000E+00  1.0000E+00  1.0000E+00  error v
 10     1024  1.0000E+00  1.0000E+00  1.0000E+00  error v
 10     1024  1.0000E+00  1.0000E+00  1.0000E+00  error v
 10     1024  1.0000E+00  1.0000E+00  1.0000E+00  error v
 10     1024  1.0000E+00  1.0000E+00  1.0000E+00  error v
 10     1024  1.0000E+00  1.0000E+00  1.0000E+00  error v
 10     1024  1.0000E+00  1.0000E+00  1.0000E+00  error v
 10     1024  1.0000E+00  1.0000E+00  1.0000E+00  error v
 10     1024  1.0000E+00  1.0000E+00  1.0000E+00  error v
 10     1024  1.0000E+00  1.0000E+00  1.0000E+00  error v
 10     1024  1.0000E+00  1.0000E+00  1.0000E+00  error v
 10     1024  1.0000E+00  1.0000E+00  1.0000E+00  error v
 10     1024  1.0000E+00  1.0000E+00  1.0000E+00  error v
 10     1024  1.0000E+00  1.0000E+00  1.0000E+00  error v
 10     1024  1.0000E+00  1.0000E+00  1.0000E+00  error v
 10     1024  1.0000E+00  1.0000E+00  1.0000E+00  error v
 10     1024  1.0000E+00  1.0000E+00  1.0000E+00  error v
 10     1024  1.0000E+00  1.0000E+00  1.0000E+00  error v
 10     1024  1.0000E+00  1.0000E+00  1.0000E+00  error v
 10     1024  1.0000E+00  1.0000E+00  1.0000E+00  error v
 10     1024  1.0000E+00  1.0000E+00  1.0000E+00  error v
 10     1024  1.0000E+00  1.0000E+00  1.0000E+00  error v
 10     1024  1.0000E+00  1.0000E+00  1.0000E+00  error v
 10     1024  1.0000E+00  1.0000E+00  1.0000E+00  error v
 10     1024  1.0000E+00  1.0000E+00  1.0000E+00  error v
 10     1024  1.0000E+00  1.0000E+00  1.0000E+00  error v
 10     1024  1.0000E+00  1.0000E+00  1.0000E+00  error v
 10     1024  1.0000E+00  1.0000E+00  1.0000E+00  error v
 10     1024  1.0000E+00  1.0000E+00  1.0000E+00  error v
 10     1024  1.0000E+00  1.0000E+00  1.0000E+00  error v
 10     1024  1.0000E+00  1.0000E+00  1.0000E+00  error v
 10     1024  1.0000E+00  1.0000E+00  1.0000E+00  error v
 10     1024  1.0000E+00  1.0000E+00  1.0000E+00  error v
 10     1024  1.0000E+00  1.0000E+00  1.0000E+00  error v
 10     1024  1.0000E+00  1.0000E+00  1.0000E+00  error v
 10     1024  1.0000E+00  1.0000E+00  1.0000E+00  error v
 10     1024  1.0000E+00  1.0000E+00  1.0000E+00  error v
 10     1024  1.0000E+00  1.0000E+00  1.0000E+00  error v
 10     1024  1.0000E+00  1.0000E+00  1.0000E+00  error v
 10     1024  1.0000E+00  1.0000E+00  1.0000E+00  error v
 10     1024  1.0000E+00  1.0000E+00  1.0000E+00  error v
 
nelt =      16, np =        64, nx1 =      10, elements =      1024
Solve Time =   0.1741E-08
 
nelt =      16, np =        64, nx1 =      10, elements =      1024
Solve Time =   0.1730E-08
 
nelt =      16, np =        64, nx1 =      10, elements =      1024
Solve Time =   0.1728E-08
 
nelt =      16, np =        64, nx1 =      10, elements =      1024
Solve Time =   0.1731E-08
 
nelt =      16, np =        64, nx1 =      10, elements =      1024
Solve Time =   0.1732E-08
 
nelt =      16, np =        64, nx1 =      10, elements =      1024
Solve Time =   0.1728E-08
 
nelt =      16, np =        64, nx1 =      10, elements =      1024
Solve Time =   0.1730E-08
 
nelt =      16, np =        64, nx1 =      10, elements =      1024
Solve Time =   0.1732E-08
 
nelt =      16, np =        64, nx1 =      10, elements =      1024
Solve Time =   0.1731E-08
 
nelt =      16, np =        64, nx1 =      10, elements =      1024
Solve Time =   0.1730E-08
 10     1024  5.4262E-11  5.4262E-11  5.4262E-11  error s
 10     1024  5.4262E-11  5.4262E-11  5.4262E-11  error s
 10     1024  5.4262E-11  5.4262E-11  5.4262E-11  error s
 10     1024  5.4262E-11  5.4262E-11  5.4262E-11  error s
 10     1024  5.4262E-11  5.4262E-11  5.4262E-11  error s
 10     1024  5.4262E-11  5.4262E-11  5.4262E-11  error s
 10     1024  5.4262E-11  5.4262E-11  5.4262E-11  error s
 10     1024  5.4262E-11  5.4262E-11  5.4262E-11  error s
 10     1024  5.4262E-11  5.4262E-11  5.4262E-11  error s
 10     1024  5.4262E-11  5.4262E-11  5.4262E-11  error s
 10     1024  5.4262E-11  5.4262E-11  5.4262E-11  error s
 10     1024  5.4262E-11  5.4262E-11  5.4262E-11  error s
 10     1024  5.4262E-11  5.4262E-11  5.4262E-11  error s
 10     1024  5.4262E-11  5.4262E-11  5.4262E-11  error s
 10     1024  5.4262E-11  5.4262E-11  5.4262E-11  error s
 10     1024  5.4262E-11  5.4262E-11  5.4262E-11  error s
 10     1024  5.4262E-11  5.4262E-11  5.4262E-11  error s
 10     1024  5.4262E-11  5.4262E-11  5.4262E-11  error s
 10     1024  5.4262E-11  5.4262E-11  5.4262E-11  error s
 10     1024  5.4262E-11  5.4262E-11  5.4262E-11  error s
 10     1024  5.4262E-11  5.4262E-11  5.4262E-11  error s
 10     1024  5.4262E-11  5.4262E-11  5.4262E-11  error s
 10     1024  5.4262E-11  5.4262E-11  5.4262E-11  error s
 10     1024  5.4262E-11  5.4262E-11  5.4262E-11  error s
 10     1024  5.4262E-11  5.4262E-11  5.4262E-11  error s
 10     1024  5.4262E-11  5.4262E-11  5.4262E-11  error s
 10     1024  5.4262E-11  5.4262E-11  5.4262E-11  error s
 10     1024  5.4262E-11  5.4262E-11  5.4262E-11  error s
 10     1024  5.4262E-11  5.4262E-11  5.4262E-11  error s
 10     1024  5.4262E-11  5.4262E-11  5.4262E-11  error s
 10     1024  5.4262E-11  5.4262E-11  5.4262E-11  error s
 10     1024  5.4262E-11  5.4262E-11  5.4262E-11  error s
 10     1024  5.4262E-11  5.4262E-11  5.4262E-11  error s
 10     1024  5.4262E-11  5.4262E-11  5.4262E-11  error s
 10     1024  5.4262E-11  5.4262E-11  5.4262E-11  error s
 10     1024  5.4262E-11  5.4262E-11  5.4262E-11  error s
 10     1024  5.4262E-11  5.4262E-11  5.4262E-11  error s
 10     1024  5.4262E-11  5.4262E-11  5.4262E-11  error s
 10     1024  5.4262E-11  5.4262E-11  5.4262E-11  error s
 10     1024  5.4262E-11  5.4262E-11  5.4262E-11  error s
 10     1024  5.4262E-11  5.4262E-11  5.4262E-11  error s
 10     1024  5.4262E-11  5.4262E-11  5.4262E-11  error s
 10     1024  5.4262E-11  5.4262E-11  5.4262E-11  error s
 10     1024  5.4262E-11  5.4262E-11  5.4262E-11  error s
 10     1024  5.4262E-11  5.4262E-11  5.4262E-11  error s
 10     1024  5.4262E-11  5.4262E-11  5.4262E-11  error s
 10     1024  5.4262E-11  5.4262E-11  5.4262E-11  error s
 10     1024  5.4262E-11  5.4262E-11  5.4262E-11  error s
 10     1024  5.4262E-11  5.4262E-11  5.4262E-11  error s
 10     1024  5.4262E-11  5.4262E-11  5.4262E-11  error s
 10     1024  5.4262E-11  5.4262E-11  5.4262E-11  error s
 10     1024  5.4262E-11  5.4262E-11  5.4262E-11  error s
 10     1024  5.4262E-11  5.4262E-11  5.4262E-11  error s
 10     1024  5.4262E-11  5.4262E-11  5.4262E-11  error s
 10     1024  5.4262E-11  5.4262E-11  5.4262E-11  error s
 10     1024  5.4262E-11  5.4262E-11  5.4262E-11  error s
 10     1024  5.4262E-11  5.4262E-11  5.4262E-11  error s
 10     1024  5.4262E-11  5.4262E-11  5.4262E-11  error s
 10     1024  5.4262E-11  5.4262E-11  5.4262E-11  error s
 10     1024  5.4262E-11  5.4262E-11  5.4262E-11  error s
 10     1024  5.4262E-11  5.4262E-11  5.4262E-11  error s
 10     1024  5.4262E-11  5.4262E-11  5.4262E-11  error s
 10     1024  5.4262E-11  5.4262E-11  5.4262E-11  error s
 10     1024  5.4262E-11  5.4262E-11  5.4262E-11  error s
 
nelt =      16, np =        64, nx1 =      10, elements =      1024
Solve Time =   0.1739E-08
 
nelt =      16, np =        64, nx1 =      10, elements =      1024
Solve Time =   0.1732E-08
 
nelt =      16, np =        64, nx1 =      10, elements =      1024
Solve Time =   0.1736E-08
 
nelt =      16, np =        64, nx1 =      10, elements =      1024
Solve Time =   0.1733E-08
 
nelt =      16, np =        64, nx1 =      10, elements =      1024
Solve Time =   0.1734E-08
 
nelt =      16, np =        64, nx1 =      10, elements =      1024
Solve Time =   0.1730E-08
 
nelt =      16, np =        64, nx1 =      10, elements =      1024
Solve Time =   0.1732E-08
 
nelt =      16, np =        64, nx1 =      10, elements =      1024
Solve Time =   0.1733E-08
 
nelt =      16, np =        64, nx1 =      10, elements =      1024
Solve Time =   0.1733E-08
 
nelt =      16, np =        64, nx1 =      10, elements =      1024
Solve Time =   0.1731E-08
 10     1024  5.4305E-11  5.4305E-11  5.4305E-11  error n
 10     1024  5.4305E-11  5.4305E-11  5.4305E-11  error n
 10     1024  5.4305E-11  5.4305E-11  5.4305E-11  error n
 10     1024  5.4305E-11  5.4305E-11  5.4305E-11  error n
 10     1024  5.4305E-11  5.4305E-11  5.4305E-11  error n
 10     1024  5.4305E-11  5.4305E-11  5.4305E-11  error n
 10     1024  5.4305E-11  5.4305E-11  5.4305E-11  error n
 10     1024  5.4305E-11  5.4305E-11  5.4305E-11  error n
 10     1024  5.4305E-11  5.4305E-11  5.4305E-11  error n
 10     1024  5.4305E-11  5.4305E-11  5.4305E-11  error n
 10     1024  5.4305E-11  5.4305E-11  5.4305E-11  error n
 10     1024  5.4305E-11  5.4305E-11  5.4305E-11  error n
 10     1024  5.4305E-11  5.4305E-11  5.4305E-11  error n
 10     1024  5.4305E-11  5.4305E-11  5.4305E-11  error n
 10     1024  5.4305E-11  5.4305E-11  5.4305E-11  error n
 10     1024  5.4305E-11  5.4305E-11  5.4305E-11  error n
 10     1024  5.4305E-11  5.4305E-11  5.4305E-11  error n
 10     1024  5.4305E-11  5.4305E-11  5.4305E-11  error n
 10     1024  5.4305E-11  5.4305E-11  5.4305E-11  error n
 10     1024  5.4305E-11  5.4305E-11  5.4305E-11  error n
 10     1024  5.4305E-11  5.4305E-11  5.4305E-11  error n
 10     1024  5.4305E-11  5.4305E-11  5.4305E-11  error n
 10     1024  5.4305E-11  5.4305E-11  5.4305E-11  error n
 10     1024  5.4305E-11  5.4305E-11  5.4305E-11  error n
 10     1024  5.4305E-11  5.4305E-11  5.4305E-11  error n
 10     1024  5.4305E-11  5.4305E-11  5.4305E-11  error n
 10     1024  5.4305E-11  5.4305E-11  5.4305E-11  error n
 10     1024  5.4305E-11  5.4305E-11  5.4305E-11  error n
 10     1024  5.4305E-11  5.4305E-11  5.4305E-11  error n
 10     1024  5.4305E-11  5.4305E-11  5.4305E-11  error n
 10     1024  5.4305E-11  5.4305E-11  5.4305E-11  error n
 10     1024  5.4305E-11  5.4305E-11  5.4305E-11  error n
 10     1024  5.4305E-11  5.4305E-11  5.4305E-11  error n
 10     1024  5.4305E-11  5.4305E-11  5.4305E-11  error n
 10     1024  5.4305E-11  5.4305E-11  5.4305E-11  error n
 10     1024  5.4305E-11  5.4305E-11  5.4305E-11  error n
 10     1024  5.4305E-11  5.4305E-11  5.4305E-11  error n
 10     1024  5.4305E-11  5.4305E-11  5.4305E-11  error n
 10     1024  5.4305E-11  5.4305E-11  5.4305E-11  error n
 10     1024  5.4305E-11  5.4305E-11  5.4305E-11  error n
 10     1024  5.4305E-11  5.4305E-11  5.4305E-11  error n
 10     1024  5.4305E-11  5.4305E-11  5.4305E-11  error n
 10     1024  5.4305E-11  5.4305E-11  5.4305E-11  error n
 10     1024  5.4305E-11  5.4305E-11  5.4305E-11  error n
 10     1024  5.4305E-11  5.4305E-11  5.4305E-11  error n
 10     1024  5.4305E-11  5.4305E-11  5.4305E-11  error n
 10     1024  5.4305E-11  5.4305E-11  5.4305E-11  error n
 10     1024  5.4305E-11  5.4305E-11  5.4305E-11  error n
 10     1024  5.4305E-11  5.4305E-11  5.4305E-11  error n
 10     1024  5.4305E-11  5.4305E-11  5.4305E-11  error n
 10     1024  5.4305E-11  5.4305E-11  5.4305E-11  error n
 10     1024  5.4305E-11  5.4305E-11  5.4305E-11  error n
 10     1024  5.4305E-11  5.4305E-11  5.4305E-11  error n
 10     1024  5.4305E-11  5.4305E-11  5.4305E-11  error n
 10     1024  5.4305E-11  5.4305E-11  5.4305E-11  error n
   9     1024  100  0.0000E+00  0.0000E+00  0.0000E+00 time for 3 hmholtz
EXIT: quit after cggov          9
 10     1024  5.4305E-11  5.4305E-11  5.4305E-11  error n
 10     1024  5.4305E-11  5.4305E-11  5.4305E-11  error n
 10     1024  5.4305E-11  5.4305E-11  5.4305E-11  error n
 10     1024  5.4305E-11  5.4305E-11  5.4305E-11  error n
 10     1024  5.4305E-11  5.4305E-11  5.4305E-11  error n
 10     1024  5.4305E-11  5.4305E-11  5.4305E-11  error n
 10     1024  5.4305E-11  5.4305E-11  5.4305E-11  error n
 10     1024  5.4305E-11  5.4305E-11  5.4305E-11  error n
 10     1024  5.4305E-11  5.4305E-11  5.4305E-11  error n
  
call exitt: dying ...
  
backtrace(): obtained 8 stack frames.
./nek5000() [0x77b9b5]
./nek5000() [0x95f269]
./nek5000() [0x40e00c]
./nek5000() [0x4260a6]
./nek5000() [0x42465e]
./nek5000() [0x4054fe]
/lib64/libc.so.6(__libc_start_main+0xf5) [0x2aaab1ca3b25]
./nek5000() [0x405409]
  
total elapsed time             :   2.88150E+02 sec
total solver time incl. I/O    :   0.00000E+00 sec
time/timestep                  :   0.00000E+00 sec
CPU seconds/timestep/gridpt    :   0.00000E+00 sec

Application 2257640 resources: utime ~18211s, stime ~148s, Rss ~51184, inblocks ~0, outblocks ~0
