/----------------------------------------------------------\\
|      _   __ ______ __ __  ______  ____   ____   ____     |
|     / | / // ____// //_/ / ____/ / __ \\/ __ \\/ __ \\   |
|    /  |/ // __/  / ,<   /___ \\ / / / // / / // / / /    |
|   / /|  // /___ / /| | ____/ / / /_/ // /_/ // /_/ /     |
|  /_/ |_//_____//_/ |_|/_____/  \\___/ \\___/ \\___/      |
|                                                          |
|----------------------------------------------------------|
|                                                          |
| NEK5000:  Open Source Spectral Element Solver            |
| COPYRIGHT (c) 2008-2016 UCHICAGO ARGONNE, LLC            |
| Version:  16.0.0                                         |
| Web:      http://nek5000.mcs.anl.gov                     |
|                                                          |
\\----------------------------------------------------------/
                                                              

 Number of processors:          64
 REAL    wdsize      :           8
 INTEGER wdsize      :           4
 Timer accuracy      : 4.05E-07
 Reading /gpfs/theta-fs1/home/thilina/env/lx10/b9.rea                                                                                        

 mapping elements to processors
 Reading /gpfs/theta-fs1/home/thilina/env/lx10/b9.map                                                                                        
           0           8           8         512         512  NELV
           4           8           8         512         512  NELV
          11           8           8         512         512  NELV
          23           8           8         512         512  NELV
          29           8           8         512         512  NELV
          18           8           8         512         512  NELV
          16           8           8         512         512  NELV
          20           8           8         512         512  NELV
          25           8           8         512         512  NELV
           2           8           8         512         512  NELV
          26           8           8         512         512  NELV
          24           8           8         512         512  NELV
           7           8           8         512         512  NELV
          28           8           8         512         512  NELV
          10           8           8         512         512  NELV
           5           8           8         512         512  NELV
           6           8           8         512         512  NELV
          15           8           8         512         512  NELV
          31           8           8         512         512  NELV
          19           8           8         512         512  NELV
          12           8           8         512         512  NELV
          13           8           8         512         512  NELV
          22           8           8         512         512  NELV
          30           8           8         512         512  NELV
          21           8           8         512         512  NELV
          17           8           8         512         512  NELV
           9           8           8         512         512  NELV
          14           8           8         512         512  NELV
           3           8           8         512         512  NELV
          27           8           8         512         512  NELV
           8           8           8         512         512  NELV
           1           8           8         512         512  NELV
          38           8           8         512         512  NELV
          36           8           8         512         512  NELV
          34           8           8         512         512  NELV
          32           8           8         512         512  NELV
          40           8           8         512         512  NELV
          49           8           8         512         512  NELV
 RANK     0 IEG     385     386     393     394     449     450     457     458
 element load imbalance:            0           8           8
 done :: mapping elements to processors
  
          41           8           8         512         512  NELV
          47           8           8         512         512  NELV
          42           8           8         512         512  NELV
          33           8           8         512         512  NELV
          53           8           8         512         512  NELV
          57           8           8         512         512  NELV
          55           8           8         512         512  NELV
          50           8           8         512         512  NELV
          39           8           8         512         512  NELV
          51           8           8         512         512  NELV
          48           8           8         512         512  NELV
          56           8           8         512         512  NELV
          46           8           8         512         512  NELV
          60           8           8         512         512  NELV
          52           8           8         512         512  NELV
          37           8           8         512         512  NELV
          59           8           8         512         512  NELV
          35           8           8         512         512  NELV
          45           8           8         512         512  NELV
          54           8           8         512         512  NELV
          63           8           8         512         512  NELV
          44           8           8         512         512  NELV
          61           8           8         512         512  NELV
          58           8           8         512         512  NELV
          43           8           8         512         512  NELV
          62           8           8         512         512  NELV
           0  objects found
 118   Parameters from file:
   1      1.00000     p001 DENSITY
   2     -100.000     p002 VISCOS
   7      1.00000     p007 RHOCP
   8      1.00000     p008 CONDUCT
  11      1.00        p011 NSTEPS
  12    -0.500000E-02 p012 DT
  21     0.100000E-05 p021 DIVERGENCE
  22     0.100000E-07 p022 HELMHOLTZ
  24     0.100000E-09 p024 TOLREL
  25     0.100000E-09 p025 TOLABS
  26     0.250000     p026 COURANT/NTAU
  27      2.00000     p027 TORDER
  66      6.00000     p066 output : <0=ascii, else binary
  67      6.00000     p067 restart: <0=ascii, else binary
  99      3.00000     p099 dealiasing: <0--> off/3--> old/4--> new
 103     0.500000E-01 p103 weight of stabilizing filter (.01)
  
 nelgt/nelgv/lelt:         512         512         100
 lx1  /lx2  /lx3 :          10          10          10
 done :: read .rea file   0.26494     sec

 setup mesh topology
   Right-handed check complete for     512 elements. OK.
   setvert3d:  10      126873      389017      126873      126873
 call usrsetvert
 done :: usrsetvert

gs_setup: 46017 unique labels shared
   pairwise times (avg, min, max): 0.000148463 0.000140309 0.000163198
   crystal router                : 0.000195955 0.000191188 0.000201488
   all reduce                    : 0.00111849 0.0011142 0.00112212
   used all_to_all method: pairwise
   handle bytes (avg, min, max): 64150 51484 76732
   buffer bytes (avg, min, max): 28098 18256 38432
   setupds time 9.4390E-02 seconds   0 10      126873         512
           8  max multiplicity
 done :: setup mesh topology
  
 call usrdat
 done :: usrdat

 generate geometry data
 done :: generate geometry data
  
 call usrdat2
 done :: usrdat2

 regenerate geometry data           1
 NOTE: All elements deformed , param(59) ^=0
 done :: regenerate geometry data           1
  
 verify mesh topology
  0.000000000000000E+000   1.00000000000000       Xrange
  0.000000000000000E+000   1.00000000000000       Yrange
  0.000000000000000E+000   1.00000000000000       Zrange
 done :: verify mesh topology
  
 IFTRAN   = T
 IFFLOW   = T
 IFHEAT   = F
 IFSPLIT  = T
 IFLOMACH = F
 IFUSERVP = F
 IFUSERMV = F
 IFSTRS   = F
 IFCHAR   = F
 IFCYCLIC = F
 IFAXIS   = F
 IFMVBD   = F
 IFMELT   = F
 IFMODEL  = F
 IFKEPS   = F
 IFMOAB   = F
 IFNEKNEK = F
 IFSYNC   = T
   
 IFVCOR   = T
 IFINTQ   = F
 IFCWUZ   = F
 IFSWALL  = F
 IFGEOM   = F
 IFSURT   = F
 IFWCNO   = F
   
 IFTMSH for field           1    =  F
 IFADVC for field           1    =  T
 IFNONL for field           1    =  F
   
 Dealiasing enabled, lxd=          15
  
 Estimated eigenvalues
 EIGAA =    9.86960440108936     
 EIGGA =    641227.433116531     
 EIGAE =    9.86960440108936     
 EIGAS =   8.333333333333333E-002
 EIGGE =    641227.433116531     
 EIGGS =    2.00000000000000     
  
 verify mesh topology
  0.000000000000000E+000   1.00000000000000       Xrange
  0.000000000000000E+000   1.00000000000000       Yrange
  0.000000000000000E+000   1.00000000000000       Zrange
 done :: verify mesh topology
  
  E-solver strategy:  0 itr
 mg_nx:           1           5           9
 mg_ny:           1           5           9
 mg_nz:           1           5           9
 call usrsetvert
 done :: usrsetvert

gs_setup: 513 unique labels shared
   pairwise times (avg, min, max): 0.000107224 0.000102806 0.000118399
   crystal router                : 2.67819e-05 2.66075e-05 2.6989e-05
   all reduce                    : 0.000105033 0.000104594 0.000105405
   used all_to_all method: crystal router
   handle bytes (avg, min, max): 8208 7260 9060
   buffer bytes (avg, min, max): 1164 944 1344
   setupds time 8.0559E-03 seconds   1  2         729         512
   setvert3d:   4       11529       15625       11529       11529
 call usrsetvert
 done :: usrsetvert

gs_setup: 4977 unique labels shared
   pairwise times (avg, min, max): 0.000113039 0.000107598 0.000124884
   crystal router                : 4.03661e-05 3.96013e-05 4.12941e-05
   all reduce                    : 0.000305102 0.000301099 0.000317407
   used all_to_all method: crystal router
   handle bytes (avg, min, max): 48624 39036 57444
   buffer bytes (avg, min, max): 7412 5872 8768
   setupds time 2.8243E-02 seconds   2  4       11529         512
   setvert3d:   6       36153       68921       36153       36153
 call usrsetvert
 done :: usrsetvert

gs_setup: 14049 unique labels shared
   pairwise times (avg, min, max): 0.00012475 0.000118494 0.000136304
   crystal router                : 6.50655e-05 6.44922e-05 6.6185e-05
   all reduce                    : 0.000666364 0.000655389 0.000670791
   used all_to_all method: crystal router
   handle bytes (avg, min, max): 124752 97692 150372
   buffer bytes (avg, min, max): 18996 14896 22336
   setupds time 4.1503E-02 seconds   3  6       36153         512
   setvert3d:   8       74601      185193       74601       74601
 call usrsetvert
 done :: usrsetvert

gs_setup: 27729 unique labels shared
   pairwise times (avg, min, max): 0.000134303 0.000128698 0.000145602
   crystal router                : 0.000104868 0.000103784 0.000105691
   all reduce                    : 0.00108118 0.00107691 0.00109079
   used all_to_all method: crystal router
   handle bytes (avg, min, max): 236592 183228 287844
   buffer bytes (avg, min, max): 35892 28016 42048
   setupds time 7.6380E-02 seconds   4  8       74601         512
 regenerate geometry data           1
 NOTE: All elements deformed , param(59) ^=0
 done :: regenerate geometry data           1
  
 h1_mg_nx:           1           3           9
 h1_mg_ny:           1           3           9
 h1_mg_nz:           1           3           9
 call usrsetvert
 done :: usrsetvert

gs_setup: 513 unique labels shared
   pairwise times (avg, min, max): 0.000101063 9.46999e-05 0.000112891
   crystal router                : 3.16966e-05 3.13997e-05 3.22819e-05
   all reduce                    : 9.05383e-05 8.98838e-05 9.11951e-05
   used all_to_all method: crystal router
   handle bytes (avg, min, max): 8208 7260 9060
   buffer bytes (avg, min, max): 1164 944 1344
   setupds time 7.9870E-03 seconds   5  2         729         512
   setvert3d:   4       11529       15625       11529       11529
 call usrsetvert
 done :: usrsetvert

gs_setup: 4977 unique labels shared
   pairwise times (avg, min, max): 0.000106286 9.94921e-05 0.000117207
   crystal router                : 4.1499e-05 4.09842e-05 4.20809e-05
   all reduce                    : 0.00032196 0.000317883 0.000328112
   used all_to_all method: crystal router
   handle bytes (avg, min, max): 48624 39036 57444
   buffer bytes (avg, min, max): 7412 5872 8768
   setupds time 2.8478E-02 seconds   6  4       11529         512
   setvert3d:   4       11529       15625       11529       11529
 call usrsetvert
 done :: usrsetvert

gs_setup: 4977 unique labels shared
   pairwise times (avg, min, max): 0.000109583 0.00010159 0.000120497
   crystal router                : 4.57969e-05 4.5085e-05 4.66108e-05
   all reduce                    : 0.00030833 0.000306201 0.000314307
   used all_to_all method: crystal router
   handle bytes (avg, min, max): 48624 39036 57444
   buffer bytes (avg, min, max): 7412 5872 8768
   setupds time 1.4473E-02 seconds   7  4       11529         512
   setvert3d:   6       36153       68921       36153       36153
 call usrsetvert
 done :: usrsetvert

gs_setup: 14049 unique labels shared
   pairwise times (avg, min, max): 0.000116917 0.000110602 0.000128198
   crystal router                : 6.91734e-05 6.58035e-05 7.24077e-05
   all reduce                    : 0.000666999 0.0006634 0.00067122
   used all_to_all method: crystal router
   handle bytes (avg, min, max): 124752 97692 150372
   buffer bytes (avg, min, max): 18996 14896 22336
   setupds time 4.3947E-02 seconds   8  6       36153         512
   setvert3d:  10      126873      389017      126873      126873
 call usrsetvert
 done :: usrsetvert

gs_setup: 46017 unique labels shared
   pairwise times (avg, min, max): 0.000117915 0.000110507 0.000130701
   crystal router                : 0.000190582 0.000188804 0.000193596
   all reduce                    : 0.001033 0.00102971 0.00103762
   used all_to_all method: pairwise
   handle bytes (avg, min, max): 64150 51484 76732
   buffer bytes (avg, min, max): 28098 18256 38432
   setupds time 7.9589E-02 seconds   9 10      126873         512
   setvert3d:  12      192969      704969      192969      192969
 call usrsetvert
 done :: usrsetvert

gs_setup: 68913 unique labels shared
   pairwise times (avg, min, max): 0.000133561 0.000127196 0.000146008
   crystal router                : 0.000284227 0.000281215 0.000287294
   all reduce                    : 0.00151149 0.0015053 0.0015209
   used all_to_all method: pairwise
   handle bytes (avg, min, max): 94078 75484 112540
   buffer bytes (avg, min, max): 40626 26512 55328
   setupds time 1.0411E-01 seconds  10 12      192969         512
 setup h1 coarse grid, nx_crs=           2
 call usrsetvert
 done :: usrsetvert

gs_setup: 513 unique labels shared
   pairwise times (avg, min, max): 9.31561e-05 8.82149e-05 0.000102711
   crystal router                : 3.05675e-05 3.00884e-05 3.13044e-05
   all reduce                    : 8.52197e-05 8.47101e-05 8.56161e-05
   used all_to_all method: crystal router
   handle bytes (avg, min, max): 8208 7260 9060
   buffer bytes (avg, min, max): 1164 944 1344
 done :: setup h1 coarse grid   2.586603164672852E-002  sec
  
 call usrdat3
 done :: usrdat3

 set initial conditions
 nekuic (1) for ifld            1
 call nekuic for vel  
 xyz min     0.0000       0.0000       0.0000    
 uvwpt min   0.0000       0.0000       0.0000       0.0000       0.0000    
 PS min      0.0000       0.0000      0.99000E+22
 xyz max     1.0000       1.0000       1.0000    
 uvwpt max   0.0000       0.0000       0.0000       0.0000       0.0000    
 PS max      0.0000       0.0000     -0.99000E+22
 done :: set initial conditions
  
 call userchk
GFM max:  2.1962E-03  2.1962E-03  2.1962E-03  9.9313E-17  9.2020E-17  9.2020E-17
 
nelt =       8, np =        64, nx1 =      10, elements =       512
Solve Time =   0.1603E-08
 
nelt =       8, np =        64, nx1 =      10, elements =       512
Solve Time =   0.1569E-08
 
nelt =       8, np =        64, nx1 =      10, elements =       512
Solve Time =   0.1564E-08
 
nelt =       8, np =        64, nx1 =      10, elements =       512
Solve Time =   0.1556E-08
 
nelt =       8, np =        64, nx1 =      10, elements =       512
Solve Time =   0.1560E-08
 
nelt =       8, np =        64, nx1 =      10, elements =       512
Solve Time =   0.1555E-08
 
nelt =       8, np =        64, nx1 =      10, elements =       512
Solve Time =   0.1554E-08
 
nelt =       8, np =        64, nx1 =      10, elements =       512
Solve Time =   0.1554E-08
 
nelt =       8, np =        64, nx1 =      10, elements =       512
Solve Time =   0.1557E-08
 
nelt =       8, np =        64, nx1 =      10, elements =       512
Solve Time =   0.1555E-08
 
nelt =       8, np =        64, nx1 =      10, elements =       512
Solve Time =   0.1175E-08
 
nelt =       8, np =        64, nx1 =      10, elements =       512
Solve Time =   0.1159E-08
 
nelt =       8, np =        64, nx1 =      10, elements =       512
Solve Time =   0.1160E-08
 
nelt =       8, np =        64, nx1 =      10, elements =       512
Solve Time =   0.1162E-08
 
nelt =       8, np =        64, nx1 =      10, elements =       512
Solve Time =   0.1159E-08
 
nelt =       8, np =        64, nx1 =      10, elements =       512
Solve Time =   0.1160E-08
 
nelt =       8, np =        64, nx1 =      10, elements =       512
Solve Time =   0.1159E-08
 
nelt =       8, np =        64, nx1 =      10, elements =       512
Solve Time =   0.1158E-08
 
nelt =       8, np =        64, nx1 =      10, elements =       512
Solve Time =   0.1160E-08
 
nelt =       8, np =        64, nx1 =      10, elements =       512
Solve Time =   0.1161E-08
 
nelt =       8, np =        64, nx1 =      10, elements =       512
Solve Time =   0.1356E-08
 
nelt =       8, np =        64, nx1 =      10, elements =       512
Solve Time =   0.1346E-08
 
nelt =       8, np =        64, nx1 =      10, elements =       512
Solve Time =   0.1346E-08
 
nelt =       8, np =        64, nx1 =      10, elements =       512
Solve Time =   0.1346E-08
 
nelt =       8, np =        64, nx1 =      10, elements =       512
Solve Time =   0.1348E-08
 
nelt =       8, np =        64, nx1 =      10, elements =       512
Solve Time =   0.1344E-08
 
nelt =       8, np =        64, nx1 =      10, elements =       512
Solve Time =   0.1348E-08
 
nelt =       8, np =        64, nx1 =      10, elements =       512
Solve Time =   0.1347E-08
 
nelt =       8, np =        64, nx1 =      10, elements =       512
Solve Time =   0.1345E-08
 
nelt =       8, np =        64, nx1 =      10, elements =       512
Solve Time =   0.1347E-08
 
nelt =       8, np =        64, nx1 =      10, elements =       512
Solve Time =   0.1498E-08
 
nelt =       8, np =        64, nx1 =      10, elements =       512
Solve Time =   0.1486E-08
 
nelt =       8, np =        64, nx1 =      10, elements =       512
Solve Time =   0.1484E-08
 
nelt =       8, np =        64, nx1 =      10, elements =       512
Solve Time =   0.1490E-08
 
nelt =       8, np =        64, nx1 =      10, elements =       512
Solve Time =   0.1484E-08
 
nelt =       8, np =        64, nx1 =      10, elements =       512
Solve Time =   0.1488E-08
 
nelt =       8, np =        64, nx1 =      10, elements =       512
Solve Time =   0.1483E-08
 
nelt =       8, np =        64, nx1 =      10, elements =       512
Solve Time =   0.1489E-08
 
nelt =       8, np =        64, nx1 =      10, elements =       512
Solve Time =   0.1486E-08
 
nelt =       8, np =        64, nx1 =      10, elements =       512
Solve Time =   0.1487E-08
 
nelt =       8, np =        64, nx1 =      10, elements =       512
Solve Time =   0.1639E-08
 
nelt =       8, np =        64, nx1 =      10, elements =       512
Solve Time =   0.1620E-08
 
nelt =       8, np =        64, nx1 =      10, elements =       512
Solve Time =   0.1622E-08
 
nelt =       8, np =        64, nx1 =      10, elements =       512
Solve Time =   0.1625E-08
 
nelt =       8, np =        64, nx1 =      10, elements =       512
Solve Time =   0.1622E-08
 
nelt =       8, np =        64, nx1 =      10, elements =       512
Solve Time =   0.1622E-08
 
nelt =       8, np =        64, nx1 =      10, elements =       512
Solve Time =   0.1623E-08
 
nelt =       8, np =        64, nx1 =      10, elements =       512
Solve Time =   0.1625E-08
 
nelt =       8, np =        64, nx1 =      10, elements =       512
Solve Time =   0.1621E-08
 
nelt =       8, np =        64, nx1 =      10, elements =       512
Solve Time =   0.1627E-08
 schfile:
 /gpfs/theta-fs1/home/thilina/env/lx10/b9.sch                                   
                                                      
 10      512  1.0000E+00  1.0000E+00  1.0000E+00  error v
 10      512  1.0000E+00  1.0000E+00  1.0000E+00  error v
 10      512  1.0000E+00  1.0000E+00  1.0000E+00  error v
 10      512  1.0000E+00  1.0000E+00  1.0000E+00  error v
 10      512  1.0000E+00  1.0000E+00  1.0000E+00  error v
 10      512  1.0000E+00  1.0000E+00  1.0000E+00  error v
 10      512  1.0000E+00  1.0000E+00  1.0000E+00  error v
 10      512  1.0000E+00  1.0000E+00  1.0000E+00  error v
 10      512  1.0000E+00  1.0000E+00  1.0000E+00  error v
 10      512  1.0000E+00  1.0000E+00  1.0000E+00  error v
 10      512  1.0000E+00  1.0000E+00  1.0000E+00  error v
 10      512  1.0000E+00  1.0000E+00  1.0000E+00  error v
 10      512  1.0000E+00  1.0000E+00  1.0000E+00  error v
 10      512  1.0000E+00  1.0000E+00  1.0000E+00  error v
 10      512  1.0000E+00  1.0000E+00  1.0000E+00  error v
 10      512  1.0000E+00  1.0000E+00  1.0000E+00  error v
 10      512  1.0000E+00  1.0000E+00  1.0000E+00  error v
 10      512  1.0000E+00  1.0000E+00  1.0000E+00  error v
 10      512  1.0000E+00  1.0000E+00  1.0000E+00  error v
 10      512  1.0000E+00  1.0000E+00  1.0000E+00  error v
 10      512  1.0000E+00  1.0000E+00  1.0000E+00  error v
 10      512  1.0000E+00  1.0000E+00  1.0000E+00  error v
 10      512  1.0000E+00  1.0000E+00  1.0000E+00  error v
 10      512  1.0000E+00  1.0000E+00  1.0000E+00  error v
 10      512  1.0000E+00  1.0000E+00  1.0000E+00  error v
 10      512  1.0000E+00  1.0000E+00  1.0000E+00  error v
 10      512  1.0000E+00  1.0000E+00  1.0000E+00  error v
 10      512  1.0000E+00  1.0000E+00  1.0000E+00  error v
 10      512  1.0000E+00  1.0000E+00  1.0000E+00  error v
 10      512  1.0000E+00  1.0000E+00  1.0000E+00  error v
 10      512  1.0000E+00  1.0000E+00  1.0000E+00  error v
 10      512  1.0000E+00  1.0000E+00  1.0000E+00  error v
 10      512  1.0000E+00  1.0000E+00  1.0000E+00  error v
 10      512  1.0000E+00  1.0000E+00  1.0000E+00  error v
 10      512  1.0000E+00  1.0000E+00  1.0000E+00  error v
 10      512  1.0000E+00  1.0000E+00  1.0000E+00  error v
 10      512  1.0000E+00  1.0000E+00  1.0000E+00  error v
 10      512  1.0000E+00  1.0000E+00  1.0000E+00  error v
 10      512  1.0000E+00  1.0000E+00  1.0000E+00  error v
 10      512  1.0000E+00  1.0000E+00  1.0000E+00  error v
 10      512  1.0000E+00  1.0000E+00  1.0000E+00  error v
 10      512  1.0000E+00  1.0000E+00  1.0000E+00  error v
 10      512  1.0000E+00  1.0000E+00  1.0000E+00  error v
 10      512  1.0000E+00  1.0000E+00  1.0000E+00  error v
 10      512  1.0000E+00  1.0000E+00  1.0000E+00  error v
 10      512  1.0000E+00  1.0000E+00  1.0000E+00  error v
 10      512  1.0000E+00  1.0000E+00  1.0000E+00  error v
 10      512  1.0000E+00  1.0000E+00  1.0000E+00  error v
 10      512  1.0000E+00  1.0000E+00  1.0000E+00  error v
 10      512  1.0000E+00  1.0000E+00  1.0000E+00  error v
 10      512  1.0000E+00  1.0000E+00  1.0000E+00  error v
 10      512  1.0000E+00  1.0000E+00  1.0000E+00  error v
 10      512  1.0000E+00  1.0000E+00  1.0000E+00  error v
 10      512  1.0000E+00  1.0000E+00  1.0000E+00  error v
 10      512  1.0000E+00  1.0000E+00  1.0000E+00  error v
 10      512  1.0000E+00  1.0000E+00  1.0000E+00  error v
 10      512  1.0000E+00  1.0000E+00  1.0000E+00  error v
 10      512  1.0000E+00  1.0000E+00  1.0000E+00  error v
 10      512  1.0000E+00  1.0000E+00  1.0000E+00  error v
 10      512  1.0000E+00  1.0000E+00  1.0000E+00  error v
 10      512  1.0000E+00  1.0000E+00  1.0000E+00  error v
 10      512  1.0000E+00  1.0000E+00  1.0000E+00  error v
 10      512  1.0000E+00  1.0000E+00  1.0000E+00  error v
 10      512  1.0000E+00  1.0000E+00  1.0000E+00  error v
 
nelt =       8, np =        64, nx1 =      10, elements =       512
Solve Time =   0.2166E-08
 
nelt =       8, np =        64, nx1 =      10, elements =       512
Solve Time =   0.2137E-08
 
nelt =       8, np =        64, nx1 =      10, elements =       512
Solve Time =   0.2142E-08
 
nelt =       8, np =        64, nx1 =      10, elements =       512
Solve Time =   0.2144E-08
 
nelt =       8, np =        64, nx1 =      10, elements =       512
Solve Time =   0.2139E-08
 
nelt =       8, np =        64, nx1 =      10, elements =       512
Solve Time =   0.2140E-08
 
nelt =       8, np =        64, nx1 =      10, elements =       512
Solve Time =   0.2140E-08
 
nelt =       8, np =        64, nx1 =      10, elements =       512
Solve Time =   0.2141E-08
 
nelt =       8, np =        64, nx1 =      10, elements =       512
Solve Time =   0.2139E-08
 
nelt =       8, np =        64, nx1 =      10, elements =       512
Solve Time =   0.2145E-08
 10      512  2.4758E-14  2.4758E-14  2.4758E-14  error s
 10      512  2.4758E-14  2.4758E-14  2.4758E-14  error s
 10      512  2.4758E-14  2.4758E-14  2.4758E-14  error s
 10      512  2.4758E-14  2.4758E-14  2.4758E-14  error s
 10      512  2.4758E-14  2.4758E-14  2.4758E-14  error s
 10      512  2.4758E-14  2.4758E-14  2.4758E-14  error s
 10      512  2.4758E-14  2.4758E-14  2.4758E-14  error s
 10      512  2.4758E-14  2.4758E-14  2.4758E-14  error s
 10      512  2.4758E-14  2.4758E-14  2.4758E-14  error s
 10      512  2.4758E-14  2.4758E-14  2.4758E-14  error s
 10      512  2.4758E-14  2.4758E-14  2.4758E-14  error s
 10      512  2.4758E-14  2.4758E-14  2.4758E-14  error s
 10      512  2.4758E-14  2.4758E-14  2.4758E-14  error s
 10      512  2.4758E-14  2.4758E-14  2.4758E-14  error s
 10      512  2.4758E-14  2.4758E-14  2.4758E-14  error s
 10      512  2.4758E-14  2.4758E-14  2.4758E-14  error s
 10      512  2.4758E-14  2.4758E-14  2.4758E-14  error s
 10      512  2.4758E-14  2.4758E-14  2.4758E-14  error s
 10      512  2.4758E-14  2.4758E-14  2.4758E-14  error s
 10      512  2.4758E-14  2.4758E-14  2.4758E-14  error s
 10      512  2.4758E-14  2.4758E-14  2.4758E-14  error s
 10      512  2.4758E-14  2.4758E-14  2.4758E-14  error s
 10      512  2.4758E-14  2.4758E-14  2.4758E-14  error s
 10      512  2.4758E-14  2.4758E-14  2.4758E-14  error s
 10      512  2.4758E-14  2.4758E-14  2.4758E-14  error s
 10      512  2.4758E-14  2.4758E-14  2.4758E-14  error s
 10      512  2.4758E-14  2.4758E-14  2.4758E-14  error s
 10      512  2.4758E-14  2.4758E-14  2.4758E-14  error s
 10      512  2.4758E-14  2.4758E-14  2.4758E-14  error s
 10      512  2.4758E-14  2.4758E-14  2.4758E-14  error s
 10      512  2.4758E-14  2.4758E-14  2.4758E-14  error s
 10      512  2.4758E-14  2.4758E-14  2.4758E-14  error s
 10      512  2.4758E-14  2.4758E-14  2.4758E-14  error s
 10      512  2.4758E-14  2.4758E-14  2.4758E-14  error s
 10      512  2.4758E-14  2.4758E-14  2.4758E-14  error s
 10      512  2.4758E-14  2.4758E-14  2.4758E-14  error s
 10      512  2.4758E-14  2.4758E-14  2.4758E-14  error s
 10      512  2.4758E-14  2.4758E-14  2.4758E-14  error s
 10      512  2.4758E-14  2.4758E-14  2.4758E-14  error s
 10      512  2.4758E-14  2.4758E-14  2.4758E-14  error s
 10      512  2.4758E-14  2.4758E-14  2.4758E-14  error s
 10      512  2.4758E-14  2.4758E-14  2.4758E-14  error s
 10      512  2.4758E-14  2.4758E-14  2.4758E-14  error s
 10      512  2.4758E-14  2.4758E-14  2.4758E-14  error s
 10      512  2.4758E-14  2.4758E-14  2.4758E-14  error s
 10      512  2.4758E-14  2.4758E-14  2.4758E-14  error s
 10      512  2.4758E-14  2.4758E-14  2.4758E-14  error s
 10      512  2.4758E-14  2.4758E-14  2.4758E-14  error s
 10      512  2.4758E-14  2.4758E-14  2.4758E-14  error s
 10      512  2.4758E-14  2.4758E-14  2.4758E-14  error s
 10      512  2.4758E-14  2.4758E-14  2.4758E-14  error s
 10      512  2.4758E-14  2.4758E-14  2.4758E-14  error s
 10      512  2.4758E-14  2.4758E-14  2.4758E-14  error s
 10      512  2.4758E-14  2.4758E-14  2.4758E-14  error s
 10      512  2.4758E-14  2.4758E-14  2.4758E-14  error s
 10      512  2.4758E-14  2.4758E-14  2.4758E-14  error s
 10      512  2.4758E-14  2.4758E-14  2.4758E-14  error s
 10      512  2.4758E-14  2.4758E-14  2.4758E-14  error s
 10      512  2.4758E-14  2.4758E-14  2.4758E-14  error s
 10      512  2.4758E-14  2.4758E-14  2.4758E-14  error s
 10      512  2.4758E-14  2.4758E-14  2.4758E-14  error s
 10      512  2.4758E-14  2.4758E-14  2.4758E-14  error s
 10      512  2.4758E-14  2.4758E-14  2.4758E-14  error s
 10      512  2.4758E-14  2.4758E-14  2.4758E-14  error s
 
nelt =       8, np =        64, nx1 =      10, elements =       512
Solve Time =   0.2184E-08
 
nelt =       8, np =        64, nx1 =      10, elements =       512
Solve Time =   0.2165E-08
 
nelt =       8, np =        64, nx1 =      10, elements =       512
Solve Time =   0.2166E-08
 
nelt =       8, np =        64, nx1 =      10, elements =       512
Solve Time =   0.2165E-08
 
nelt =       8, np =        64, nx1 =      10, elements =       512
Solve Time =   0.2166E-08
 
nelt =       8, np =        64, nx1 =      10, elements =       512
Solve Time =   0.2165E-08
 
nelt =       8, np =        64, nx1 =      10, elements =       512
Solve Time =   0.2163E-08
 
nelt =       8, np =        64, nx1 =      10, elements =       512
Solve Time =   0.2165E-08
 
nelt =       8, np =        64, nx1 =      10, elements =       512
Solve Time =   0.2167E-08
 
nelt =       8, np =        64, nx1 =      10, elements =       512
Solve Time =   0.2165E-08
 10      512  1.7097E-14  1.7097E-14  1.7097E-14  error n
 10      512  1.7097E-14  1.7097E-14  1.7097E-14  error n
 10      512  1.7097E-14  1.7097E-14  1.7097E-14  error n
 10      512  1.7097E-14  1.7097E-14  1.7097E-14  error n
 10      512  1.7097E-14  1.7097E-14  1.7097E-14  error n
 10      512  1.7097E-14  1.7097E-14  1.7097E-14  error n
 10      512  1.7097E-14  1.7097E-14  1.7097E-14  error n
 10      512  1.7097E-14  1.7097E-14  1.7097E-14  error n
 10      512  1.7097E-14  1.7097E-14  1.7097E-14  error n
 10      512  1.7097E-14  1.7097E-14  1.7097E-14  error n
 10      512  1.7097E-14  1.7097E-14  1.7097E-14  error n
 10      512  1.7097E-14  1.7097E-14  1.7097E-14  error n
 10      512  1.7097E-14  1.7097E-14  1.7097E-14  error n
 10      512  1.7097E-14  1.7097E-14  1.7097E-14  error n
 10      512  1.7097E-14  1.7097E-14  1.7097E-14  error n
 10      512  1.7097E-14  1.7097E-14  1.7097E-14  error n
 10      512  1.7097E-14  1.7097E-14  1.7097E-14  error n
 10      512  1.7097E-14  1.7097E-14  1.7097E-14  error n
 10      512  1.7097E-14  1.7097E-14  1.7097E-14  error n
 10      512  1.7097E-14  1.7097E-14  1.7097E-14  error n
 10      512  1.7097E-14  1.7097E-14  1.7097E-14  error n
 10      512  1.7097E-14  1.7097E-14  1.7097E-14  error n
 10      512  1.7097E-14  1.7097E-14  1.7097E-14  error n
 10      512  1.7097E-14  1.7097E-14  1.7097E-14  error n
 10      512  1.7097E-14  1.7097E-14  1.7097E-14  error n
 10      512  1.7097E-14  1.7097E-14  1.7097E-14  error n
 10      512  1.7097E-14  1.7097E-14  1.7097E-14  error n
   9      512  100  0.0000E+00  0.0000E+00  0.0000E+00 time for 3 hmholtz
 10      512  1.7097E-14  1.7097E-14  1.7097E-14  error n
 10      512  1.7097E-14  1.7097E-14  1.7097E-14  error n
 10      512  1.7097E-14  1.7097E-14  1.7097E-14  error n
 10      512  1.7097E-14  1.7097E-14  1.7097E-14  error n
 10      512  1.7097E-14  1.7097E-14  1.7097E-14  error n
 10      512  1.7097E-14  1.7097E-14  1.7097E-14  error n
 10      512  1.7097E-14  1.7097E-14  1.7097E-14  error n
 10      512  1.7097E-14  1.7097E-14  1.7097E-14  error n
 10      512  1.7097E-14  1.7097E-14  1.7097E-14  error n
 10      512  1.7097E-14  1.7097E-14  1.7097E-14  error n
EXIT: quit after cggov          9
 10      512  1.7097E-14  1.7097E-14  1.7097E-14  error n
 10      512  1.7097E-14  1.7097E-14  1.7097E-14  error n
 10      512  1.7097E-14  1.7097E-14  1.7097E-14  error n
 10      512  1.7097E-14  1.7097E-14  1.7097E-14  error n
 10      512  1.7097E-14  1.7097E-14  1.7097E-14  error n
 10      512  1.7097E-14  1.7097E-14  1.7097E-14  error n
 10      512  1.7097E-14  1.7097E-14  1.7097E-14  error n
 10      512  1.7097E-14  1.7097E-14  1.7097E-14  error n
 10      512  1.7097E-14  1.7097E-14  1.7097E-14  error n
 10      512  1.7097E-14  1.7097E-14  1.7097E-14  error n
 10      512  1.7097E-14  1.7097E-14  1.7097E-14  error n
 10      512  1.7097E-14  1.7097E-14  1.7097E-14  error n
 10      512  1.7097E-14  1.7097E-14  1.7097E-14  error n
 10      512  1.7097E-14  1.7097E-14  1.7097E-14  error n
 10      512  1.7097E-14  1.7097E-14  1.7097E-14  error n
 10      512  1.7097E-14  1.7097E-14  1.7097E-14  error n
 10      512  1.7097E-14  1.7097E-14  1.7097E-14  error n
 10      512  1.7097E-14  1.7097E-14  1.7097E-14  error n
 10      512  1.7097E-14  1.7097E-14  1.7097E-14  error n
 10      512  1.7097E-14  1.7097E-14  1.7097E-14  error n
 10      512  1.7097E-14  1.7097E-14  1.7097E-14  error n
 10      512  1.7097E-14  1.7097E-14  1.7097E-14  error n
 10      512  1.7097E-14  1.7097E-14  1.7097E-14  error n
 10      512  1.7097E-14  1.7097E-14  1.7097E-14  error n
 10      512  1.7097E-14  1.7097E-14  1.7097E-14  error n
 10      512  1.7097E-14  1.7097E-14  1.7097E-14  error n
 10      512  1.7097E-14  1.7097E-14  1.7097E-14  error n
  
call exitt: dying ...
  
backtrace(): obtained 8 stack frames.
./nek5000() [0x77b9b5]
./nek5000() [0x95f269]
./nek5000() [0x40e00c]
./nek5000() [0x4260a6]
./nek5000() [0x42465e]
./nek5000() [0x4054fe]
/lib64/libc.so.6(__libc_start_main+0xf5) [0x2aaab1ca3b25]
./nek5000() [0x405409]
  
total elapsed time             :   1.31502E+02 sec
total solver time incl. I/O    :   0.00000E+00 sec
time/timestep                  :   0.00000E+00 sec
CPU seconds/timestep/gridpt    :   0.00000E+00 sec

Application 2257887 resources: utime ~8324s, stime ~85s, Rss ~41916, inblocks ~0, outblocks ~0
