/----------------------------------------------------------\\
|      _   __ ______ __ __  ______  ____   ____   ____     |
|     / | / // ____// //_/ / ____/ / __ \\/ __ \\/ __ \\   |
|    /  |/ // __/  / ,<   /___ \\ / / / // / / // / / /    |
|   / /|  // /___ / /| | ____/ / / /_/ // /_/ // /_/ /     |
|  /_/ |_//_____//_/ |_|/_____/  \\___/ \\___/ \\___/      |
|                                                          |
|----------------------------------------------------------|
|                                                          |
| NEK5000:  Open Source Spectral Element Solver            |
| COPYRIGHT (c) 2008-2016 UCHICAGO ARGONNE, LLC            |
| Version:  16.0.0                                         |
| Web:      http://nek5000.mcs.anl.gov                     |
|                                                          |
\\----------------------------------------------------------/
                                                              

 Number of processors:        4096
 REAL    wdsize      :           8
 INTEGER wdsize      :           4
 Timer accuracy      : 3.10E-07
 Reading /gpfs/theta-fs1/home/thilina/env/lx10/b16.rea                                                                                       

 mapping elements to processors
 Reading /gpfs/theta-fs1/home/thilina/env/lx10/b16.map                                                                                       
 element load imbalance:            0          16          16
 done :: mapping elements to processors
  
           0  objects found
 118   Parameters from file:
   1      1.00000     p001 DENSITY
   2     -100.000     p002 VISCOS
   7      1.00000     p007 RHOCP
   8      1.00000     p008 CONDUCT
  11      1.00        p011 NSTEPS
  12    -0.500000E-02 p012 DT
  21     0.100000E-05 p021 DIVERGENCE
  22     0.100000E-07 p022 HELMHOLTZ
  24     0.100000E-09 p024 TOLREL
  25     0.100000E-09 p025 TOLABS
  26     0.250000     p026 COURANT/NTAU
  27      2.00000     p027 TORDER
  66      6.00000     p066 output : <0=ascii, else binary
  67      6.00000     p067 restart: <0=ascii, else binary
  99      3.00000     p099 dealiasing: <0--> off/3--> old/4--> new
 103     0.500000E-01 p103 weight of stabilizing filter (.01)
  
 nelgt/nelgv/lelt:       65536       65536         100
 lx1  /lx2  /lx3 :          10          10          10
 done :: read .rea file    1215.6     sec

 setup mesh topology
   Right-handed check complete for   65536 elements. OK.
   setvert3d:  10    14637185    48191617    14637185    14637185
 call usrsetvert
 done :: usrsetvert

gs_setup: 7046719 unique labels shared
   pairwise times (avg, min, max): 0.000262431 0.000210595 0.000313997
   crystal router                : 0.00106277 0.00104659 0.00107982
   used all_to_all method: pairwise
   handle bytes (avg, min, max): 143238 100476 157996
   buffer bytes (avg, min, max): 66029.4 30192 83136
   setupds time 2.7942E-01 seconds   0 10    14637185       65536
           8  max multiplicity
 done :: setup mesh topology
  
 call usrdat
 done :: usrdat

 generate geometry data
 done :: generate geometry data
  
 call usrdat2
 done :: usrdat2

 regenerate geometry data           1
 NOTE: All elements deformed , param(59) ^=0
 done :: regenerate geometry data           1
  
 verify mesh topology
  0.000000000000000E+000   1.00000000000000       Xrange
  0.000000000000000E+000   1.00000000000000       Yrange
  0.000000000000000E+000   1.00000000000000       Zrange
 done :: verify mesh topology
  
 IFTRAN   = T
 IFFLOW   = T
 IFHEAT   = F
 IFSPLIT  = T
 IFLOMACH = F
 IFUSERVP = F
 IFUSERMV = F
 IFSTRS   = F
 IFCHAR   = F
 IFCYCLIC = F
 IFAXIS   = F
 IFMVBD   = F
 IFMELT   = F
 IFMODEL  = F
 IFKEPS   = F
 IFMOAB   = F
 IFNEKNEK = F
 IFSYNC   = T
   
 IFVCOR   = T
 IFINTQ   = F
 IFCWUZ   = F
 IFSWALL  = F
 IFGEOM   = F
 IFSURT   = F
 IFWCNO   = F
   
 IFTMSH for field           1    =  F
 IFADVC for field           1    =  T
 IFNONL for field           1    =  F
   
 Dealiasing enabled, lxd=          15
  
 Estimated eigenvalues
 EIGAA =    9.86960440108936     
 EIGGA =    20498929.8748066     
 EIGAE =    9.86960440108936     
 EIGAS =   8.333333333333333E-002
 EIGGE =    20498929.8748066     
 EIGGS =    2.00000000000000     
  
 verify mesh topology
  0.000000000000000E+000   1.00000000000000       Xrange
  0.000000000000000E+000   1.00000000000000       Yrange
  0.000000000000000E+000   1.00000000000000       Zrange
 done :: verify mesh topology
  
  E-solver strategy:  0 itr
 mg_nx:           1           5           9
 mg_ny:           1           5           9
 mg_nz:           1           5           9
 call usrsetvert
 done :: usrsetvert

gs_setup: 62335 unique labels shared
   pairwise times (avg, min, max): 0.000110445 7.84874e-05 0.000134611
   crystal router                : 0.000216255 0.000206304 0.000227284
   all reduce                    : 0.00219057 0.0021796 0.00221128
   used all_to_all method: pairwise
   handle bytes (avg, min, max): 3531.84 2428 4140
   buffer bytes (avg, min, max): 1948.91 752 2560
   setupds time 7.2296E-02 seconds   1  2       70785       65536
   setvert3d:   4     1291649     1815937     1291649     1291649
 call usrsetvert
 done :: usrsetvert

gs_setup: 724015 unique labels shared
   pairwise times (avg, min, max): 0.000140129 0.000110388 0.000177908
   crystal router                : 0.000331406 0.000324702 0.000344896
   used all_to_all method: pairwise
   handle bytes (avg, min, max): 18640.3 13116 20844
   buffer bytes (avg, min, max): 9497.04 4080 12000
   setupds time 8.8535E-02 seconds   2  4     1291649       65536
   setvert3d:   6     4126337     8320641     4126337     4126337
 call usrsetvert
 done :: usrsetvert

gs_setup: 2108639 unique labels shared
   pairwise times (avg, min, max): 0.000198324 0.000147915 0.000240207
   crystal router                : 0.000522415 0.00049901 0.000532889
   used all_to_all method: pairwise
   handle bytes (avg, min, max): 46960.8 33020 51948
   buffer bytes (avg, min, max): 22693.2 10096 28416
   setupds time 1.2647E-01 seconds   3  6     4126337       65536
   setvert3d:   8     8574849    22730625     8574849     8574849
 call usrsetvert
 done :: usrsetvert

gs_setup: 4216207 unique labels shared
   pairwise times (avg, min, max): 0.000230013 0.000171494 0.00027101
   crystal router                : 0.000782997 0.000771594 0.000804687
   used all_to_all method: pairwise
   handle bytes (avg, min, max): 88493.3 62140 97580
   buffer bytes (avg, min, max): 41537.3 18800 52192
   setupds time 1.9869E-01 seconds   4  8     8574849       65536
 regenerate geometry data           1
 NOTE: All elements deformed , param(59) ^=0
 done :: regenerate geometry data           1
  
 h1_mg_nx:           1           3           9
 h1_mg_ny:           1           3           9
 h1_mg_nz:           1           3           9
 call usrsetvert
 done :: usrsetvert

gs_setup: 62335 unique labels shared
   pairwise times (avg, min, max): 0.000105958 8.53062e-05 0.000132012
   crystal router                : 0.000196443 0.000182486 0.000207305
   all reduce                    : 0.00214225 0.0021323 0.0021589
   used all_to_all method: pairwise
   handle bytes (avg, min, max): 3531.84 2428 4140
   buffer bytes (avg, min, max): 1948.91 752 2560
   setupds time 5.6111E-02 seconds   5  2       70785       65536
   setvert3d:   4     1291649     1815937     1291649     1291649
 call usrsetvert
 done :: usrsetvert

gs_setup: 724015 unique labels shared
   pairwise times (avg, min, max): 0.000135313 0.000104213 0.000166416
   crystal router                : 0.000339486 0.000332713 0.000345206
   used all_to_all method: pairwise
   handle bytes (avg, min, max): 18640.3 13116 20844
   buffer bytes (avg, min, max): 9497.04 4080 12000
   setupds time 9.0163E-02 seconds   6  4     1291649       65536
   setvert3d:   4     1291649     1815937     1291649     1291649
 call usrsetvert
 done :: usrsetvert

gs_setup: 724015 unique labels shared
   pairwise times (avg, min, max): 0.000135449 0.000106001 0.000162697
   crystal router                : 0.000327768 0.0003232 0.000333714
   used all_to_all method: pairwise
   handle bytes (avg, min, max): 18640.3 13116 20844
   buffer bytes (avg, min, max): 9497.04 4080 12000
   setupds time 6.7482E-02 seconds   7  4     1291649       65536
   setvert3d:   6     4126337     8320641     4126337     4126337
 call usrsetvert
 done :: usrsetvert

gs_setup: 2108639 unique labels shared
   pairwise times (avg, min, max): 0.000192111 0.000147891 0.0002285
   crystal router                : 0.00049425 0.000483894 0.000505805
   used all_to_all method: pairwise
   handle bytes (avg, min, max): 46960.8 33020 51948
   buffer bytes (avg, min, max): 22693.2 10096 28416
   setupds time 1.1504E-01 seconds   8  6     4126337       65536
   setvert3d:  10    14637185    48191617    14637185    14637185
 call usrsetvert
 done :: usrsetvert

gs_setup: 7046719 unique labels shared
   pairwise times (avg, min, max): 0.000237929 0.000177693 0.000279212
   crystal router                : 0.00106669 0.0010401 0.00108709
   used all_to_all method: pairwise
   handle bytes (avg, min, max): 143238 100476 157996
   buffer bytes (avg, min, max): 66029.4 30192 83136
   setupds time 2.5525E-01 seconds   9 10    14637185       65536
   setvert3d:  12    22313345    87849345    22313345    22313345
 call usrsetvert
 done :: usrsetvert

gs_setup: 10600175 unique labels shared
   pairwise times (avg, min, max): 0.000256886 0.000203896 0.000292492
   crystal router                : 0.00137522 0.00135221 0.0013972
   used all_to_all method: pairwise
   handle bytes (avg, min, max): 211194 148028 233004
   buffer bytes (avg, min, max): 96169.5 44272 121248
   setupds time 3.7193E-01 seconds  10 12    22313345       65536
 setup h1 coarse grid, nx_crs=           2
 call usrsetvert
 done :: usrsetvert

gs_setup: 62335 unique labels shared
   pairwise times (avg, min, max): 0.000100898 7.70807e-05 0.000130296
   crystal router                : 0.000169417 0.0001652 0.000173998
   all reduce                    : 0.00209422 0.00208149 0.00210791
   used all_to_all method: pairwise
   handle bytes (avg, min, max): 3531.84 2428 4140
   buffer bytes (avg, min, max): 1948.91 752 2560
 done :: setup h1 coarse grid    3.90950298309326       sec
  
 call usrdat3
 done :: usrdat3

 set initial conditions
 nekuic (1) for ifld            1
 call nekuic for vel  
 xyz min     0.0000       0.0000       0.0000    
 uvwpt min   0.0000       0.0000       0.0000       0.0000       0.0000    
 PS min      0.0000       0.0000      0.99000E+22
 xyz max     1.0000       1.0000       1.0000    
 uvwpt max   0.0000       0.0000       0.0000       0.0000       0.0000    
 PS max      0.0000       0.0000     -0.99000E+22
 done :: set initial conditions
  
 call userchk
GFM max:  2.7453E-04  2.7453E-04  1.0981E-03  5.1319E-17  1.8829E-16  1.8687E-16
 
nelt =      16, np =      4096, nx1 =      10, elements =     65536
Solve Time =   0.2894E-10
 
nelt =      16, np =      4096, nx1 =      10, elements =     65536
Solve Time =   0.2904E-10
 
nelt =      16, np =      4096, nx1 =      10, elements =     65536
Solve Time =   0.2880E-10
 
nelt =      16, np =      4096, nx1 =      10, elements =     65536
Solve Time =   0.2883E-10
 
nelt =      16, np =      4096, nx1 =      10, elements =     65536
Solve Time =   0.2890E-10
 
nelt =      16, np =      4096, nx1 =      10, elements =     65536
Solve Time =   0.2898E-10
 
nelt =      16, np =      4096, nx1 =      10, elements =     65536
Solve Time =   0.2912E-10
 
nelt =      16, np =      4096, nx1 =      10, elements =     65536
Solve Time =   0.2878E-10
 
nelt =      16, np =      4096, nx1 =      10, elements =     65536
Solve Time =   0.2895E-10
 
nelt =      16, np =      4096, nx1 =      10, elements =     65536
Solve Time =   0.2881E-10
 
nelt =      16, np =      4096, nx1 =      10, elements =     65536
Solve Time =   0.2207E-10
 
nelt =      16, np =      4096, nx1 =      10, elements =     65536
Solve Time =   0.2193E-10
 
nelt =      16, np =      4096, nx1 =      10, elements =     65536
Solve Time =   0.2196E-10
 
nelt =      16, np =      4096, nx1 =      10, elements =     65536
Solve Time =   0.2183E-10
 
nelt =      16, np =      4096, nx1 =      10, elements =     65536
Solve Time =   0.2205E-10
 
nelt =      16, np =      4096, nx1 =      10, elements =     65536
Solve Time =   0.2199E-10
 
nelt =      16, np =      4096, nx1 =      10, elements =     65536
Solve Time =   0.2197E-10
 
nelt =      16, np =      4096, nx1 =      10, elements =     65536
Solve Time =   0.2217E-10
 
nelt =      16, np =      4096, nx1 =      10, elements =     65536
Solve Time =   0.2196E-10
 
nelt =      16, np =      4096, nx1 =      10, elements =     65536
Solve Time =   0.2206E-10
 
nelt =      16, np =      4096, nx1 =      10, elements =     65536
Solve Time =   0.2566E-10
 
nelt =      16, np =      4096, nx1 =      10, elements =     65536
Solve Time =   0.2579E-10
 
nelt =      16, np =      4096, nx1 =      10, elements =     65536
Solve Time =   0.2551E-10
 
nelt =      16, np =      4096, nx1 =      10, elements =     65536
Solve Time =   0.2577E-10
 
nelt =      16, np =      4096, nx1 =      10, elements =     65536
Solve Time =   0.2563E-10
 
nelt =      16, np =      4096, nx1 =      10, elements =     65536
Solve Time =   0.2584E-10
 
nelt =      16, np =      4096, nx1 =      10, elements =     65536
Solve Time =   0.2568E-10
 
nelt =      16, np =      4096, nx1 =      10, elements =     65536
Solve Time =   0.2584E-10
 
nelt =      16, np =      4096, nx1 =      10, elements =     65536
Solve Time =   0.2576E-10
 
nelt =      16, np =      4096, nx1 =      10, elements =     65536
Solve Time =   0.2585E-10
 
nelt =      16, np =      4096, nx1 =      10, elements =     65536
Solve Time =   0.2894E-10
 
nelt =      16, np =      4096, nx1 =      10, elements =     65536
Solve Time =   0.2901E-10
 
nelt =      16, np =      4096, nx1 =      10, elements =     65536
Solve Time =   0.2908E-10
 
nelt =      16, np =      4096, nx1 =      10, elements =     65536
Solve Time =   0.2874E-10
 
nelt =      16, np =      4096, nx1 =      10, elements =     65536
Solve Time =   0.2917E-10
 
nelt =      16, np =      4096, nx1 =      10, elements =     65536
Solve Time =   0.2881E-10
 
nelt =      16, np =      4096, nx1 =      10, elements =     65536
Solve Time =   0.2914E-10
 
nelt =      16, np =      4096, nx1 =      10, elements =     65536
Solve Time =   0.2896E-10
 
nelt =      16, np =      4096, nx1 =      10, elements =     65536
Solve Time =   0.2897E-10
 
nelt =      16, np =      4096, nx1 =      10, elements =     65536
Solve Time =   0.2915E-10
 
nelt =      16, np =      4096, nx1 =      10, elements =     65536
Solve Time =   0.3251E-10
 
nelt =      16, np =      4096, nx1 =      10, elements =     65536
Solve Time =   0.3250E-10
 
nelt =      16, np =      4096, nx1 =      10, elements =     65536
Solve Time =   0.3227E-10
 
nelt =      16, np =      4096, nx1 =      10, elements =     65536
Solve Time =   0.3243E-10
 
nelt =      16, np =      4096, nx1 =      10, elements =     65536
Solve Time =   0.3272E-10
 
nelt =      16, np =      4096, nx1 =      10, elements =     65536
Solve Time =   0.3231E-10
 
nelt =      16, np =      4096, nx1 =      10, elements =     65536
Solve Time =   0.3225E-10
 
nelt =      16, np =      4096, nx1 =      10, elements =     65536
Solve Time =   0.3246E-10
 
nelt =      16, np =      4096, nx1 =      10, elements =     65536
Solve Time =   0.3218E-10
 
nelt =      16, np =      4096, nx1 =      10, elements =     65536
Solve Time =   0.3221E-10
 schfile:
 /gpfs/theta-fs1/home/thilina/env/lx10/b16.sch                                  
                                                      
Application 2258553 exit codes: 1
Application 2258553 resources: utime ~457918s, stime ~973s, Rss ~57740, inblocks ~0, outblocks ~0
