/----------------------------------------------------------\\
|      _   __ ______ __ __  ______  ____   ____   ____     |
|     / | / // ____// //_/ / ____/ / __ \\/ __ \\/ __ \\   |
|    /  |/ // __/  / ,<   /___ \\ / / / // / / // / / /    |
|   / /|  // /___ / /| | ____/ / / /_/ // /_/ // /_/ /     |
|  /_/ |_//_____//_/ |_|/_____/  \\___/ \\___/ \\___/      |
|                                                          |
|----------------------------------------------------------|
|                                                          |
| NEK5000:  Open Source Spectral Element Solver            |
| COPYRIGHT (c) 2008-2016 UCHICAGO ARGONNE, LLC            |
| Version:  16.0.0                                         |
| Web:      http://nek5000.mcs.anl.gov                     |
|                                                          |
\\----------------------------------------------------------/
                                                              

 Number of processors:           2
 REAL    wdsize      :           8
 INTEGER wdsize      :           4
 Timer accuracy      : 6.20E-07
 Reading /gpfs/theta-fs1/home/thilina/env/lx12/b1.rea                                                                                        

 mapping elements to processors
 Reading /gpfs/theta-fs1/home/thilina/env/lx12/b1.map                                                                                        
           0           1           1           2           2  NELV
           1           1           1           2           2  NELV
 RANK     0 IEG       2
 element load imbalance:            0           1           1
 done :: mapping elements to processors
  
           0  objects found
 118   Parameters from file:
   1      1.00000     p001 DENSITY
   2     -100.000     p002 VISCOS
   7      1.00000     p007 RHOCP
   8      1.00000     p008 CONDUCT
  11      1.00        p011 NSTEPS
  12    -0.500000E-02 p012 DT
  21     0.100000E-05 p021 DIVERGENCE
  22     0.100000E-07 p022 HELMHOLTZ
  24     0.100000E-09 p024 TOLREL
  25     0.100000E-09 p025 TOLABS
  26     0.250000     p026 COURANT/NTAU
  27      2.00000     p027 TORDER
  66      6.00000     p066 output : <0=ascii, else binary
  67      6.00000     p067 restart: <0=ascii, else binary
  99      3.00000     p099 dealiasing: <0--> off/3--> old/4--> new
 103     0.500000E-01 p103 weight of stabilizing filter (.01)
  
 nelgt/nelgv/lelt:           2           2         100
 lx1  /lx2  /lx3 :          12          12          12
 done :: read .rea file   0.32639E-01 sec

 setup mesh topology
   Right-handed check complete for       2 elements. OK.
   setvert3d:  12        1312        3312        1312        1312
 call usrsetvert
 done :: usrsetvert

gs_setup: 144 unique labels shared
   pairwise times (avg, min, max): 3.71933e-06 3.71933e-06 3.71933e-06
   crystal router                : 2.90871e-06 2.90871e-06 2.90871e-06
   all reduce                    : 2.39134e-05 2.39134e-05 2.39134e-05
   used all_to_all method: crystal router
   handle bytes (avg, min, max): 10748 10748 10748
   buffer bytes (avg, min, max): 4608 4608 4608
   setupds time 4.1509E-03 seconds   0 12        1312           2
           2  max multiplicity
 done :: setup mesh topology
  
 call usrdat
 done :: usrdat

 generate geometry data
 done :: generate geometry data
  
 call usrdat2
 done :: usrdat2

 regenerate geometry data           1
 NOTE: All elements deformed , param(59) ^=0
 done :: regenerate geometry data           1
  
 verify mesh topology
  0.000000000000000E+000   1.00000000000000       Xrange
  0.000000000000000E+000   1.00000000000000       Yrange
  0.000000000000000E+000   1.00000000000000       Zrange
 done :: verify mesh topology
  
 IFTRAN   = T
 IFFLOW   = T
 IFHEAT   = F
 IFSPLIT  = T
 IFLOMACH = F
 IFUSERVP = F
 IFUSERMV = F
 IFSTRS   = F
 IFCHAR   = F
 IFCYCLIC = F
 IFAXIS   = F
 IFMVBD   = F
 IFMELT   = F
 IFMODEL  = F
 IFKEPS   = F
 IFMOAB   = F
 IFNEKNEK = F
 IFSYNC   = T
   
 IFVCOR   = T
 IFINTQ   = F
 IFCWUZ   = F
 IFSWALL  = F
 IFGEOM   = F
 IFSURT   = F
 IFWCNO   = F
   
 IFTMSH for field           1    =  F
 IFADVC for field           1    =  T
 IFNONL for field           1    =  F
   
 Dealiasing enabled, lxd=          18
  
 Estimated eigenvalues
 EIGAA =    9.86960440108936     
 EIGGA =    28648.2387828841     
 EIGAE =    9.86960440108936     
 EIGAS =   8.333333333333333E-002
 EIGGE =    28648.2387828841     
 EIGGS =    2.00000000000000     
  
 verify mesh topology
  0.000000000000000E+000   1.00000000000000       Xrange
  0.000000000000000E+000   1.00000000000000       Yrange
  0.000000000000000E+000   1.00000000000000       Zrange
 done :: verify mesh topology
  
  E-solver strategy:  0 itr
 mg_nx:           1           7          11
 mg_ny:           1           7          11
 mg_nz:           1           7          11
 call usrsetvert
 done :: usrsetvert

gs_setup: 4 unique labels shared
   pairwise times (avg, min, max): 3.24249e-06 3.19481e-06 3.29018e-06
   crystal router                : 7.45058e-06 7.10487e-06 7.79629e-06
   all reduce                    : 1.50204e-06 1.50204e-06 1.50204e-06
   used all_to_all method: allreduce
   handle bytes (avg, min, max): 340 340 340
   buffer bytes (avg, min, max): 64 64 64
   setupds time 1.8239E-03 seconds   1  2          12           2
   setvert3d:   4          96         112          96          96
 call usrsetvert
 done :: usrsetvert

gs_setup: 16 unique labels shared
   pairwise times (avg, min, max): 3.09944e-06 3.09944e-06 3.09944e-06
   crystal router                : 1.12534e-05 1.12057e-05 1.1301e-05
   all reduce                    : 1.50204e-06 1.50204e-06 1.50204e-06
   used all_to_all method: allreduce
   handle bytes (avg, min, max): 916 916 916
   buffer bytes (avg, min, max): 256 256 256
   setupds time 1.9979E-03 seconds   2  4          96           2
   setvert3d:   8         528         960         528         528
 call usrsetvert
 done :: usrsetvert

gs_setup: 64 unique labels shared
   pairwise times (avg, min, max): 3.00407e-06 3.00407e-06 3.00407e-06
   crystal router                : 1.85966e-06 1.81198e-06 1.90735e-06
   all reduce                    : 1.9598e-05 1.9598e-05 1.9598e-05
   used all_to_all method: crystal router
   handle bytes (avg, min, max): 4988 4988 4988
   buffer bytes (avg, min, max): 2048 2048 2048
   setupds time 2.4889E-03 seconds   3  8         528           2
   setvert3d:  10         876        1900         876         876
 call usrsetvert
 done :: usrsetvert

gs_setup: 100 unique labels shared
   pairwise times (avg, min, max): 3.00407e-06 3.00407e-06 3.00407e-06
   crystal router                : 2.00272e-06 2.00272e-06 2.00272e-06
   all reduce                    : 1.96934e-05 1.96934e-05 1.96934e-05
   used all_to_all method: crystal router
   handle bytes (avg, min, max): 7580 7580 7580
   buffer bytes (avg, min, max): 3200 3200 3200
   setupds time 2.8939E-03 seconds   4 10         876           2
 regenerate geometry data           1
 NOTE: All elements deformed , param(59) ^=0
 done :: regenerate geometry data           1
  
 h1_mg_nx:           1           3          11
 h1_mg_ny:           1           3          11
 h1_mg_nz:           1           3          11
 call usrsetvert
 done :: usrsetvert

gs_setup: 4 unique labels shared
   pairwise times (avg, min, max): 3.50475e-06 3.50475e-06 3.50475e-06
   crystal router                : 1.10865e-05 1.09911e-05 1.11818e-05
   all reduce                    : 1.50204e-06 1.50204e-06 1.50204e-06
   used all_to_all method: allreduce
   handle bytes (avg, min, max): 340 340 340
   buffer bytes (avg, min, max): 64 64 64
   setupds time 2.0041E-03 seconds   5  2          12           2
   setvert3d:   4          96         112          96          96
 call usrsetvert
 done :: usrsetvert

gs_setup: 16 unique labels shared
   pairwise times (avg, min, max): 3.29018e-06 3.29018e-06 3.29018e-06
   crystal router                : 1.32918e-05 1.29938e-05 1.35899e-05
   all reduce                    : 1.69277e-06 1.69277e-06 1.69277e-06
   used all_to_all method: allreduce
   handle bytes (avg, min, max): 916 916 916
   buffer bytes (avg, min, max): 256 256 256
   setupds time 2.2991E-03 seconds   6  4          96           2
   setvert3d:   4          96         112          96          96
 call usrsetvert
 done :: usrsetvert

gs_setup: 16 unique labels shared
   pairwise times (avg, min, max): 2.75373e-06 2.69413e-06 2.81334e-06
   crystal router                : 5.4121e-06 5.4121e-06 5.4121e-06
   all reduce                    : 2.23875e-05 2.23875e-05 2.23875e-05
   used all_to_all method: pairwise
   handle bytes (avg, min, max): 604 604 604
   buffer bytes (avg, min, max): 256 256 256
   setupds time 2.1861E-03 seconds   7  4          96           2
   setvert3d:   6         268         396         268         268
 call usrsetvert
 done :: usrsetvert

gs_setup: 36 unique labels shared
   pairwise times (avg, min, max): 7.55787e-06 5.4121e-06 9.70364e-06
   crystal router                : 1.90735e-06 1.81198e-06 2.00272e-06
   all reduce                    : 1.92165e-05 1.92165e-05 1.92165e-05
   used all_to_all method: crystal router
   handle bytes (avg, min, max): 2972 2972 2972
   buffer bytes (avg, min, max): 1152 1152 1152
   setupds time 2.1920E-03 seconds   8  6         268           2
   setvert3d:  12        1312        3312        1312        1312
 call usrsetvert
 done :: usrsetvert

gs_setup: 144 unique labels shared
   pairwise times (avg, min, max): 2.38419e-06 2.38419e-06 2.38419e-06
   crystal router                : 1.88351e-06 1.88351e-06 1.88351e-06
   all reduce                    : 2.10047e-05 2.10047e-05 2.10047e-05
   used all_to_all method: crystal router
   handle bytes (avg, min, max): 10748 10748 10748
   buffer bytes (avg, min, max): 4608 4608 4608
   setupds time 3.0410E-03 seconds   9 12        1312           2
   setvert3d:  14        1836        5292        1836        1836
 call usrsetvert
 done :: usrsetvert

gs_setup: 196 unique labels shared
   pairwise times (avg, min, max): 3.31402e-06 3.31402e-06 3.31402e-06
   crystal router                : 2.14577e-06 2.09808e-06 2.19345e-06
   all reduce                    : 2.21014e-05 2.21014e-05 2.21014e-05
   used all_to_all method: crystal router
   handle bytes (avg, min, max): 14492 14492 14492
   buffer bytes (avg, min, max): 6272 6272 6272
   setupds time 3.5489E-03 seconds  10 14        1836           2
 setup h1 coarse grid, nx_crs=           2
 call usrsetvert
 done :: usrsetvert

gs_setup: 4 unique labels shared
   pairwise times (avg, min, max): 1.0848e-05 1.08004e-05 1.08957e-05
   crystal router                : 1.01566e-05 1.01089e-05 1.02043e-05
   all reduce                    : 1.59979e-05 1.59979e-05 1.59979e-05
   used all_to_all method: crystal router
   handle bytes (avg, min, max): 668 668 668
   buffer bytes (avg, min, max): 128 128 128
 done :: setup h1 coarse grid   3.914117813110352E-003  sec
  
 call usrdat3
 done :: usrdat3

 set initial conditions
 nekuic (1) for ifld            1
 call nekuic for vel  
 xyz min     0.0000       0.0000       0.0000    
 uvwpt min   0.0000       0.0000       0.0000       0.0000       0.0000    
 PS min      0.0000       0.0000      0.99000E+22
 xyz max     1.0000       1.0000       1.0000    
 uvwpt max   0.0000       0.0000       0.0000       0.0000       0.0000    
 PS max      0.0000       0.0000     -0.99000E+22
 done :: set initial conditions
  
 call userchk
GFM max:  4.9980E-03  4.9980E-03  1.9992E-02  2.4415E-17  8.2123E-17  8.2123E-17
 
nelt =       1, np =         2, nx1 =      12, elements =         2
Solve Time =   0.3264E-07
 
nelt =       1, np =         2, nx1 =      12, elements =         2
Solve Time =   0.3176E-07
 
nelt =       1, np =         2, nx1 =      12, elements =         2
Solve Time =   0.3175E-07
 
nelt =       1, np =         2, nx1 =      12, elements =         2
Solve Time =   0.3172E-07
 
nelt =       1, np =         2, nx1 =      12, elements =         2
Solve Time =   0.3286E-07
 
nelt =       1, np =         2, nx1 =      12, elements =         2
Solve Time =   0.7108E-07
 
nelt =       1, np =         2, nx1 =      12, elements =         2
Solve Time =   0.6471E-07
 
nelt =       1, np =         2, nx1 =      12, elements =         2
Solve Time =   0.6531E-07
 
nelt =       1, np =         2, nx1 =      12, elements =         2
Solve Time =   0.6609E-07
 
nelt =       1, np =         2, nx1 =      12, elements =         2
Solve Time =   0.6501E-07
 
nelt =       1, np =         2, nx1 =      12, elements =         2
Solve Time =   0.6625E-07
 
nelt =       1, np =         2, nx1 =      12, elements =         2
Solve Time =   0.6133E-07
 
nelt =       1, np =         2, nx1 =      12, elements =         2
Solve Time =   0.6096E-07
 
nelt =       1, np =         2, nx1 =      12, elements =         2
Solve Time =   0.5979E-07
 
nelt =       1, np =         2, nx1 =      12, elements =         2
Solve Time =   0.5979E-07
 
nelt =       1, np =         2, nx1 =      12, elements =         2
Solve Time =   0.6202E-07
 
nelt =       1, np =         2, nx1 =      12, elements =         2
Solve Time =   0.5882E-07
 
nelt =       1, np =         2, nx1 =      12, elements =         2
Solve Time =   0.5788E-07
 
nelt =       1, np =         2, nx1 =      12, elements =         2
Solve Time =   0.5827E-07
 
nelt =       1, np =         2, nx1 =      12, elements =         2
Solve Time =   0.5816E-07
 
nelt =       1, np =         2, nx1 =      12, elements =         2
Solve Time =   0.6975E-07
 
nelt =       1, np =         2, nx1 =      12, elements =         2
Solve Time =   0.6365E-07
 
nelt =       1, np =         2, nx1 =      12, elements =         2
Solve Time =   0.6269E-07
 
nelt =       1, np =         2, nx1 =      12, elements =         2
Solve Time =   0.6335E-07
 
nelt =       1, np =         2, nx1 =      12, elements =         2
Solve Time =   0.6259E-07
 
nelt =       1, np =         2, nx1 =      12, elements =         2
Solve Time =   0.6577E-07
 
nelt =       1, np =         2, nx1 =      12, elements =         2
Solve Time =   0.6289E-07
 
nelt =       1, np =         2, nx1 =      12, elements =         2
Solve Time =   0.6271E-07
 
nelt =       1, np =         2, nx1 =      12, elements =         2
Solve Time =   0.6269E-07
 
nelt =       1, np =         2, nx1 =      12, elements =         2
Solve Time =   0.6250E-07
 
nelt =       1, np =         2, nx1 =      12, elements =         2
Solve Time =   0.7060E-07
 
nelt =       1, np =         2, nx1 =      12, elements =         2
Solve Time =   0.6374E-07
 
nelt =       1, np =         2, nx1 =      12, elements =         2
Solve Time =   0.6365E-07
 
nelt =       1, np =         2, nx1 =      12, elements =         2
Solve Time =   0.6250E-07
 
nelt =       1, np =         2, nx1 =      12, elements =         2
Solve Time =   0.6308E-07
 
nelt =       1, np =         2, nx1 =      12, elements =         2
Solve Time =   0.6280E-07
 
nelt =       1, np =         2, nx1 =      12, elements =         2
Solve Time =   0.6731E-07
 
nelt =       1, np =         2, nx1 =      12, elements =         2
Solve Time =   0.6453E-07
 
nelt =       1, np =         2, nx1 =      12, elements =         2
Solve Time =   0.6347E-07
 
nelt =       1, np =         2, nx1 =      12, elements =         2
Solve Time =   0.6761E-07
 
nelt =       1, np =         2, nx1 =      12, elements =         2
Solve Time =   0.6818E-07
 
nelt =       1, np =         2, nx1 =      12, elements =         2
Solve Time =   0.6462E-07
 
nelt =       1, np =         2, nx1 =      12, elements =         2
Solve Time =   0.6473E-07
 
nelt =       1, np =         2, nx1 =      12, elements =         2
Solve Time =   0.6365E-07
 
nelt =       1, np =         2, nx1 =      12, elements =         2
Solve Time =   0.6791E-07
 
nelt =       1, np =         2, nx1 =      12, elements =         2
Solve Time =   0.6317E-07
 
nelt =       1, np =         2, nx1 =      12, elements =         2
Solve Time =   0.6384E-07
 
nelt =       1, np =         2, nx1 =      12, elements =         2
Solve Time =   0.6395E-07
 
nelt =       1, np =         2, nx1 =      12, elements =         2
Solve Time =   0.6489E-07
 
nelt =       1, np =         2, nx1 =      12, elements =         2
Solve Time =   0.6818E-07
 schfile:
 /gpfs/theta-fs1/home/thilina/env/lx12/b1.sch                                   
                                                      
 12        2  1.0000E+00  1.0000E+00  1.0000E+00  error v
 12        2  1.0000E+00  1.0000E+00  1.0000E+00  error v
 
nelt =       1, np =         2, nx1 =      12, elements =         2
Solve Time =   0.2987E-07
 
nelt =       1, np =         2, nx1 =      12, elements =         2
Solve Time =   0.2924E-07
 
nelt =       1, np =         2, nx1 =      12, elements =         2
Solve Time =   0.2929E-07
 
nelt =       1, np =         2, nx1 =      12, elements =         2
Solve Time =   0.2919E-07
 
nelt =       1, np =         2, nx1 =      12, elements =         2
Solve Time =   0.2918E-07
 
nelt =       1, np =         2, nx1 =      12, elements =         2
Solve Time =   0.2927E-07
 
nelt =       1, np =         2, nx1 =      12, elements =         2
Solve Time =   0.2914E-07
 
nelt =       1, np =         2, nx1 =      12, elements =         2
Solve Time =   0.2929E-07
 
nelt =       1, np =         2, nx1 =      12, elements =         2
Solve Time =   0.2918E-07
 
nelt =       1, np =         2, nx1 =      12, elements =         2
Solve Time =   0.2912E-07
 12        2  1.2694E-12  1.2694E-12  1.2694E-12  error s
 12        2  1.2694E-12  1.2694E-12  1.2694E-12  error s
 
nelt =       1, np =         2, nx1 =      12, elements =         2
Solve Time =   0.3587E-07
 
nelt =       1, np =         2, nx1 =      12, elements =         2
Solve Time =   0.3491E-07
 
nelt =       1, np =         2, nx1 =      12, elements =         2
Solve Time =   0.3454E-07
 
nelt =       1, np =         2, nx1 =      12, elements =         2
Solve Time =   0.3455E-07
 
nelt =       1, np =         2, nx1 =      12, elements =         2
Solve Time =   0.3459E-07
 
nelt =       1, np =         2, nx1 =      12, elements =         2
Solve Time =   0.3415E-07
 
nelt =       1, np =         2, nx1 =      12, elements =         2
Solve Time =   0.3425E-07
 
nelt =       1, np =         2, nx1 =      12, elements =         2
Solve Time =   0.3408E-07
 
nelt =       1, np =         2, nx1 =      12, elements =         2
Solve Time =   0.3411E-07
 
nelt =       1, np =         2, nx1 =      12, elements =         2
Solve Time =   0.3413E-07
 12        2  1.2691E-12  1.2691E-12  1.2691E-12  error n
 12        2  1.2691E-12  1.2691E-12  1.2691E-12  error n
  11        2  100  0.0000E+00  0.0000E+00  0.0000E+00 time for 3 hmholtz
EXIT: quit after cggov         11
  
call exitt: dying ...
  
backtrace(): obtained 8 stack frames.
./nek5000() [0x77df65]
./nek5000() [0x961d19]
./nek5000() [0x40d19c]
./nek5000() [0x425a06]
./nek5000() [0x423fbe]
./nek5000() [0x4054fe]
/lib64/libc.so.6(__libc_start_main+0xf5) [0x2aaab1ca3b25]
./nek5000() [0x405409]
  
total elapsed time             :   1.85059E+00 sec
total solver time incl. I/O    :   0.00000E+00 sec
time/timestep                  :   0.00000E+00 sec
CPU seconds/timestep/gridpt    :   0.00000E+00 sec

Application 2258109 resources: utime ~3s, stime ~1s, Rss ~27532, inblocks ~0, outblocks ~0
