/----------------------------------------------------------\\
|      _   __ ______ __ __  ______  ____   ____   ____     |
|     / | / // ____// //_/ / ____/ / __ \\/ __ \\/ __ \\   |
|    /  |/ // __/  / ,<   /___ \\ / / / // / / // / / /    |
|   / /|  // /___ / /| | ____/ / / /_/ // /_/ // /_/ /     |
|  /_/ |_//_____//_/ |_|/_____/  \\___/ \\___/ \\___/      |
|                                                          |
|----------------------------------------------------------|
|                                                          |
| NEK5000:  Open Source Spectral Element Solver            |
| COPYRIGHT (c) 2008-2016 UCHICAGO ARGONNE, LLC            |
| Version:  16.0.0                                         |
| Web:      http://nek5000.mcs.anl.gov                     |
|                                                          |
\\----------------------------------------------------------/
                                                              

 Number of processors:          16
 REAL    wdsize      :           8
 INTEGER wdsize      :           4
 Timer accuracy      : 5.01E-07
 Reading /gpfs/theta-fs1/home/thilina/env/lx12/b5.rea                                                                                        

 mapping elements to processors
 Reading /gpfs/theta-fs1/home/thilina/env/lx12/b5.map                                                                                        
           0           2           2          32          32  NELV
           4           2           2          32          32  NELV
          13           2           2          32          32  NELV
          15           2           2          32          32  NELV
          10           2           2          32          32  NELV
          14           2           2          32          32  NELV
           5           2           2          32          32  NELV
           2           2           2          32          32  NELV
           3           2           2          32          32  NELV
           7           2           2          32          32  NELV
           6           2           2          32          32  NELV
           9           2           2          32          32  NELV
          12           2           2          32          32  NELV
          11           2           2          32          32  NELV
           1           2           2          32          32  NELV
           8           2           2          32          32  NELV
 RANK     0 IEG      27      28
 element load imbalance:            0           2           2
 done :: mapping elements to processors
  
           0  objects found
 118   Parameters from file:
   1      1.00000     p001 DENSITY
   2     -100.000     p002 VISCOS
   7      1.00000     p007 RHOCP
   8      1.00000     p008 CONDUCT
  11      1.00        p011 NSTEPS
  12    -0.500000E-02 p012 DT
  21     0.100000E-05 p021 DIVERGENCE
  22     0.100000E-07 p022 HELMHOLTZ
  24     0.100000E-09 p024 TOLREL
  25     0.100000E-09 p025 TOLABS
  26     0.250000     p026 COURANT/NTAU
  27      2.00000     p027 TORDER
  66      6.00000     p066 output : <0=ascii, else binary
  67      6.00000     p067 restart: <0=ascii, else binary
  99      3.00000     p099 dealiasing: <0--> off/3--> old/4--> new
 103     0.500000E-01 p103 weight of stabilizing filter (.01)
  
 nelgt/nelgv/lelt:          32          32         100
 lx1  /lx2  /lx3 :          12          12          12
 done :: read .rea file   0.38717E-01 sec

 setup mesh topology
   Right-handed check complete for      32 elements. OK.
   setvert3d:  12       14575       46575       14575       14575
 call usrsetvert
 done :: usrsetvert

gs_setup: 6003 unique labels shared
   pairwise times (avg, min, max): 3.02598e-05 2.6989e-05 3.37839e-05
   crystal router                : 3.83466e-05 3.79086e-05 3.88145e-05
   all reduce                    : 0.000179236 0.000178099 0.000180006
   used all_to_all method: pairwise
   handle bytes (avg, min, max): 23236 16788 29604
   buffer bytes (avg, min, max): 14076 9200 19136
   setupds time 2.0852E-02 seconds   0 12       14575          32
           8  max multiplicity
 done :: setup mesh topology
  
 call usrdat
 done :: usrdat

 generate geometry data
 done :: generate geometry data
  
 call usrdat2
 done :: usrdat2

 regenerate geometry data           1
 NOTE: All elements deformed , param(59) ^=0
 done :: regenerate geometry data           1
  
 verify mesh topology
  0.000000000000000E+000   1.00000000000000       Xrange
  0.000000000000000E+000   1.00000000000000       Yrange
  0.000000000000000E+000   1.00000000000000       Zrange
 done :: verify mesh topology
  
 IFTRAN   = T
 IFFLOW   = T
 IFHEAT   = F
 IFSPLIT  = T
 IFLOMACH = F
 IFUSERVP = F
 IFUSERMV = F
 IFSTRS   = F
 IFCHAR   = F
 IFCYCLIC = F
 IFAXIS   = F
 IFMVBD   = F
 IFMELT   = F
 IFMODEL  = F
 IFKEPS   = F
 IFMOAB   = F
 IFNEKNEK = F
 IFSYNC   = T
   
 IFVCOR   = T
 IFINTQ   = F
 IFCWUZ   = F
 IFSWALL  = F
 IFGEOM   = F
 IFSURT   = F
 IFWCNO   = F
   
 IFTMSH for field           1    =  F
 IFADVC for field           1    =  T
 IFNONL for field           1    =  F
   
 Dealiasing enabled, lxd=          18
  
 Estimated eigenvalues
 EIGAA =    9.86960440108936     
 EIGGA =    229219.265335769     
 EIGAE =    9.86960440108936     
 EIGAS =   8.333333333333333E-002
 EIGGE =    229219.265335769     
 EIGGS =    2.00000000000000     
  
 verify mesh topology
  0.000000000000000E+000   1.00000000000000       Xrange
  0.000000000000000E+000   1.00000000000000       Yrange
  0.000000000000000E+000   1.00000000000000       Zrange
 done :: verify mesh topology
  
  E-solver strategy:  0 itr
 mg_nx:           1           7          11
 mg_ny:           1           7          11
 mg_nz:           1           7          11
 call usrsetvert
 done :: usrsetvert

gs_setup: 63 unique labels shared
   pairwise times (avg, min, max): 2.74152e-05 2.67982e-05 2.96831e-05
   crystal router                : 8.12411e-06 8.01086e-06 8.2016e-06
   all reduce                    : 3.11732e-05 3.10183e-05 3.13044e-05
   used all_to_all method: crystal router
   handle bytes (avg, min, max): 2912 2516 3164
   buffer bytes (avg, min, max): 444 384 480
   setupds time 3.4530E-03 seconds   1  2          75          32
   setvert3d:   4         927        1183         927         927
 call usrsetvert
 done :: usrsetvert

gs_setup: 483 unique labels shared
   pairwise times (avg, min, max): 2.2459e-05 2.11954e-05 2.45094e-05
   crystal router                : 1.03056e-05 1.02043e-05 1.03951e-05
   all reduce                    : 4.69968e-05 4.67062e-05 4.73022e-05
   used all_to_all method: crystal router
   handle bytes (avg, min, max): 13160 10052 15932
   buffer bytes (avg, min, max): 2828 2240 3360
   setupds time 5.3191E-03 seconds   2  4         927          32
   setvert3d:   8        5703       12615        5703        5703
 call usrsetvert
 done :: usrsetvert

gs_setup: 2475 unique labels shared
   pairwise times (avg, min, max): 2.52828e-05 2.36034e-05 2.71082e-05
   crystal router                : 2.37271e-05 2.33173e-05 2.41995e-05
   all reduce                    : 9.93654e-05 9.86099e-05 0.000100017
   used all_to_all method: crystal router
   handle bytes (avg, min, max): 59000 42980 74300
   buffer bytes (avg, min, max): 13740 10560 16800
   setupds time 9.5611E-03 seconds   3  8        5703          32
   setvert3d:  10        9627       26011        9627        9627
 call usrsetvert
 done :: usrsetvert

gs_setup: 4047 unique labels shared
   pairwise times (avg, min, max): 2.56002e-05 2.39134e-05 2.75135e-05
   crystal router                : 3.53903e-05 3.48091e-05 3.57866e-05
   all reduce                    : 0.000128643 0.000127697 0.000129414
   used all_to_all method: pairwise
   handle bytes (avg, min, max): 16060 11636 20420
   buffer bytes (avg, min, max): 9804 6384 13376
   setupds time 1.3525E-02 seconds   4 10        9627          32
 regenerate geometry data           1
 NOTE: All elements deformed , param(59) ^=0
 done :: regenerate geometry data           1
  
 h1_mg_nx:           1           3          11
 h1_mg_ny:           1           3          11
 h1_mg_nz:           1           3          11
 call usrsetvert
 done :: usrsetvert

gs_setup: 63 unique labels shared
   pairwise times (avg, min, max): 2.11969e-05 2.00033e-05 2.26974e-05
   crystal router                : 9.17763e-06 8.98838e-06 9.29832e-06
   all reduce                    : 3.50267e-05 3.48091e-05 3.52144e-05
   used all_to_all method: crystal router
   handle bytes (avg, min, max): 2912 2516 3164
   buffer bytes (avg, min, max): 444 384 480
   setupds time 3.5050E-03 seconds   5  2          75          32
   setvert3d:   4         927        1183         927         927
 call usrsetvert
 done :: usrsetvert

gs_setup: 483 unique labels shared
   pairwise times (avg, min, max): 2.01121e-05 1.94073e-05 2.16007e-05
   crystal router                : 1.01447e-05 9.98974e-06 1.02997e-05
   all reduce                    : 5.69731e-05 5.67913e-05 5.71966e-05
   used all_to_all method: crystal router
   handle bytes (avg, min, max): 13160 10052 15932
   buffer bytes (avg, min, max): 2828 2240 3360
   setupds time 5.6279E-03 seconds   6  4         927          32
   setvert3d:   4         927        1183         927         927
 call usrsetvert
 done :: usrsetvert

gs_setup: 483 unique labels shared
   pairwise times (avg, min, max): 2.01836e-05 1.97887e-05 2.12908e-05
   crystal router                : 1.25214e-05 1.23024e-05 1.28031e-05
   all reduce                    : 5.08279e-05 5.06878e-05 5.10931e-05
   used all_to_all method: crystal router
   handle bytes (avg, min, max): 13160 10052 15932
   buffer bytes (avg, min, max): 2828 2240 3360
   setupds time 4.8139E-03 seconds   7  4         927          32
   setvert3d:   6        2803        4851        2803        2803
 call usrsetvert
 done :: usrsetvert

gs_setup: 1287 unique labels shared
   pairwise times (avg, min, max): 2.25082e-05 2.11e-05 2.41995e-05
   crystal router                : 1.91718e-05 1.89066e-05 1.95026e-05
   all reduce                    : 6.51985e-05 6.46114e-05 6.58989e-05
   used all_to_all method: crystal router
   handle bytes (avg, min, max): 31856 23540 39644
   buffer bytes (avg, min, max): 7260 5632 8800
   setupds time 6.4909E-03 seconds   8  6        2803          32
   setvert3d:  12       14575       46575       14575       14575
 call usrsetvert
 done :: usrsetvert

gs_setup: 6003 unique labels shared
   pairwise times (avg, min, max): 2.4046e-05 2.27928e-05 2.57969e-05
   crystal router                : 4.33594e-05 4.29869e-05 4.37975e-05
   all reduce                    : 0.000175431 0.000174093 0.000176501
   used all_to_all method: pairwise
   handle bytes (avg, min, max): 23236 16788 29604
   buffer bytes (avg, min, max): 14076 9200 19136
   setupds time 1.7527E-02 seconds   9 12       14575          32
   setvert3d:  14       20547       75843       20547       20547
 call usrsetvert
 done :: usrsetvert

gs_setup: 8343 unique labels shared
   pairwise times (avg, min, max): 2.3286e-05 2.22921e-05 2.43902e-05
   crystal router                : 6.30409e-05 6.24895e-05 6.37054e-05
   all reduce                    : 0.000246425 0.000244594 0.000248694
   used all_to_all method: pairwise
   handle bytes (avg, min, max): 31756 22900 40516
   buffer bytes (avg, min, max): 19116 12528 25920
   setupds time 2.3707E-02 seconds  10 14       20547          32
 setup h1 coarse grid, nx_crs=           2
 call usrsetvert
 done :: usrsetvert

gs_setup: 63 unique labels shared
   pairwise times (avg, min, max): 2.38657e-05 2.31028e-05 2.57015e-05
   crystal router                : 8.30293e-06 8.2016e-06 8.4877e-06
   all reduce                    : 3.06457e-05 3.03984e-05 3.0899e-05
   used all_to_all method: crystal router
   handle bytes (avg, min, max): 2912 2516 3164
   buffer bytes (avg, min, max): 444 384 480
 done :: setup h1 coarse grid   7.601022720336914E-003  sec
  
 call usrdat3
 done :: usrdat3

 set initial conditions
 nekuic (1) for ifld            1
 call nekuic for vel  
 xyz min     0.0000       0.0000       0.0000    
 uvwpt min   0.0000       0.0000       0.0000       0.0000       0.0000    
 PS min      0.0000       0.0000      0.99000E+22
 xyz max     1.0000       1.0000       1.0000    
 uvwpt max   0.0000       0.0000       0.0000       0.0000       0.0000    
 PS max      0.0000       0.0000     -0.99000E+22
 done :: set initial conditions
  
 call userchk
GFM max:  1.2495E-03  4.9980E-03  4.9980E-03  5.5489E-17  5.5489E-17  1.7756E-16
 
nelt =       2, np =        16, nx1 =      12, elements =        32
Solve Time =   0.4898E-08
 
nelt =       2, np =        16, nx1 =      12, elements =        32
Solve Time =   0.4757E-08
 
nelt =       2, np =        16, nx1 =      12, elements =        32
Solve Time =   0.4757E-08
 
nelt =       2, np =        16, nx1 =      12, elements =        32
Solve Time =   0.4763E-08
 
nelt =       2, np =        16, nx1 =      12, elements =        32
Solve Time =   0.4780E-08
 
nelt =       2, np =        16, nx1 =      12, elements =        32
Solve Time =   0.4762E-08
 
nelt =       2, np =        16, nx1 =      12, elements =        32
Solve Time =   0.4765E-08
 
nelt =       2, np =        16, nx1 =      12, elements =        32
Solve Time =   0.4804E-08
 
nelt =       2, np =        16, nx1 =      12, elements =        32
Solve Time =   0.4768E-08
 
nelt =       2, np =        16, nx1 =      12, elements =        32
Solve Time =   0.4755E-08
 
nelt =       2, np =        16, nx1 =      12, elements =        32
Solve Time =   0.3808E-08
 
nelt =       2, np =        16, nx1 =      12, elements =        32
Solve Time =   0.3761E-08
 
nelt =       2, np =        16, nx1 =      12, elements =        32
Solve Time =   0.3752E-08
 
nelt =       2, np =        16, nx1 =      12, elements =        32
Solve Time =   0.3756E-08
 
nelt =       2, np =        16, nx1 =      12, elements =        32
Solve Time =   0.3751E-08
 
nelt =       2, np =        16, nx1 =      12, elements =        32
Solve Time =   0.3748E-08
 
nelt =       2, np =        16, nx1 =      12, elements =        32
Solve Time =   0.3748E-08
 
nelt =       2, np =        16, nx1 =      12, elements =        32
Solve Time =   0.3760E-08
 
nelt =       2, np =        16, nx1 =      12, elements =        32
Solve Time =   0.3747E-08
 
nelt =       2, np =        16, nx1 =      12, elements =        32
Solve Time =   0.3762E-08
 
nelt =       2, np =        16, nx1 =      12, elements =        32
Solve Time =   0.4394E-08
 
nelt =       2, np =        16, nx1 =      12, elements =        32
Solve Time =   0.4383E-08
 
nelt =       2, np =        16, nx1 =      12, elements =        32
Solve Time =   0.4378E-08
 
nelt =       2, np =        16, nx1 =      12, elements =        32
Solve Time =   0.4386E-08
 
nelt =       2, np =        16, nx1 =      12, elements =        32
Solve Time =   0.4379E-08
 
nelt =       2, np =        16, nx1 =      12, elements =        32
Solve Time =   0.4396E-08
 
nelt =       2, np =        16, nx1 =      12, elements =        32
Solve Time =   0.4369E-08
 
nelt =       2, np =        16, nx1 =      12, elements =        32
Solve Time =   0.4369E-08
 
nelt =       2, np =        16, nx1 =      12, elements =        32
Solve Time =   0.4367E-08
 
nelt =       2, np =        16, nx1 =      12, elements =        32
Solve Time =   0.4380E-08
 
nelt =       2, np =        16, nx1 =      12, elements =        32
Solve Time =   0.4660E-08
 
nelt =       2, np =        16, nx1 =      12, elements =        32
Solve Time =   0.4638E-08
 
nelt =       2, np =        16, nx1 =      12, elements =        32
Solve Time =   0.4633E-08
 
nelt =       2, np =        16, nx1 =      12, elements =        32
Solve Time =   0.4655E-08
 
nelt =       2, np =        16, nx1 =      12, elements =        32
Solve Time =   0.4649E-08
 
nelt =       2, np =        16, nx1 =      12, elements =        32
Solve Time =   0.4653E-08
 
nelt =       2, np =        16, nx1 =      12, elements =        32
Solve Time =   0.4643E-08
 
nelt =       2, np =        16, nx1 =      12, elements =        32
Solve Time =   0.4632E-08
 
nelt =       2, np =        16, nx1 =      12, elements =        32
Solve Time =   0.4643E-08
 
nelt =       2, np =        16, nx1 =      12, elements =        32
Solve Time =   0.4645E-08
 
nelt =       2, np =        16, nx1 =      12, elements =        32
Solve Time =   0.4925E-08
 
nelt =       2, np =        16, nx1 =      12, elements =        32
Solve Time =   0.4875E-08
 
nelt =       2, np =        16, nx1 =      12, elements =        32
Solve Time =   0.4864E-08
 
nelt =       2, np =        16, nx1 =      12, elements =        32
Solve Time =   0.4856E-08
 
nelt =       2, np =        16, nx1 =      12, elements =        32
Solve Time =   0.4874E-08
 
nelt =       2, np =        16, nx1 =      12, elements =        32
Solve Time =   0.4884E-08
 
nelt =       2, np =        16, nx1 =      12, elements =        32
Solve Time =   0.4869E-08
 
nelt =       2, np =        16, nx1 =      12, elements =        32
Solve Time =   0.4891E-08
 
nelt =       2, np =        16, nx1 =      12, elements =        32
Solve Time =   0.4876E-08
 
nelt =       2, np =        16, nx1 =      12, elements =        32
Solve Time =   0.4876E-08
 schfile:
 /gpfs/theta-fs1/home/thilina/env/lx12/b5.sch                                   
                                                      
 12       32  1.0000E+00  1.0000E+00  1.0000E+00  error v
 12       32  1.0000E+00  1.0000E+00  1.0000E+00  error v
 12       32  1.0000E+00  1.0000E+00  1.0000E+00  error v
 12       32  1.0000E+00  1.0000E+00  1.0000E+00  error v
 12       32  1.0000E+00  1.0000E+00  1.0000E+00  error v
 12       32  1.0000E+00  1.0000E+00  1.0000E+00  error v
 12       32  1.0000E+00  1.0000E+00  1.0000E+00  error v
 12       32  1.0000E+00  1.0000E+00  1.0000E+00  error v
 12       32  1.0000E+00  1.0000E+00  1.0000E+00  error v
 12       32  1.0000E+00  1.0000E+00  1.0000E+00  error v
 12       32  1.0000E+00  1.0000E+00  1.0000E+00  error v
 12       32  1.0000E+00  1.0000E+00  1.0000E+00  error v
 12       32  1.0000E+00  1.0000E+00  1.0000E+00  error v
 12       32  1.0000E+00  1.0000E+00  1.0000E+00  error v
 12       32  1.0000E+00  1.0000E+00  1.0000E+00  error v
 12       32  1.0000E+00  1.0000E+00  1.0000E+00  error v
 
nelt =       2, np =        16, nx1 =      12, elements =        32
Solve Time =   0.5933E-08
 
nelt =       2, np =        16, nx1 =      12, elements =        32
Solve Time =   0.5805E-08
 
nelt =       2, np =        16, nx1 =      12, elements =        32
Solve Time =   0.5809E-08
 
nelt =       2, np =        16, nx1 =      12, elements =        32
Solve Time =   0.5809E-08
 
nelt =       2, np =        16, nx1 =      12, elements =        32
Solve Time =   0.5810E-08
 
nelt =       2, np =        16, nx1 =      12, elements =        32
Solve Time =   0.5802E-08
 
nelt =       2, np =        16, nx1 =      12, elements =        32
Solve Time =   0.5804E-08
 
nelt =       2, np =        16, nx1 =      12, elements =        32
Solve Time =   0.5820E-08
 
nelt =       2, np =        16, nx1 =      12, elements =        32
Solve Time =   0.5814E-08
 
nelt =       2, np =        16, nx1 =      12, elements =        32
Solve Time =   0.5818E-08
 12       32  2.1036E-07  2.1036E-07  2.1036E-07  error s
 12       32  2.1036E-07  2.1036E-07  2.1036E-07  error s
 12       32  2.1036E-07  2.1036E-07  2.1036E-07  error s
 12       32  2.1036E-07  2.1036E-07  2.1036E-07  error s
 12       32  2.1036E-07  2.1036E-07  2.1036E-07  error s
 12       32  2.1036E-07  2.1036E-07  2.1036E-07  error s
 12       32  2.1036E-07  2.1036E-07  2.1036E-07  error s
 12       32  2.1036E-07  2.1036E-07  2.1036E-07  error s
 12       32  2.1036E-07  2.1036E-07  2.1036E-07  error s
 12       32  2.1036E-07  2.1036E-07  2.1036E-07  error s
 12       32  2.1036E-07  2.1036E-07  2.1036E-07  error s
 12       32  2.1036E-07  2.1036E-07  2.1036E-07  error s
 12       32  2.1036E-07  2.1036E-07  2.1036E-07  error s
 12       32  2.1036E-07  2.1036E-07  2.1036E-07  error s
 12       32  2.1036E-07  2.1036E-07  2.1036E-07  error s
 12       32  2.1036E-07  2.1036E-07  2.1036E-07  error s
 
nelt =       2, np =        16, nx1 =      12, elements =        32
Solve Time =   0.6384E-08
 
nelt =       2, np =        16, nx1 =      12, elements =        32
Solve Time =   0.6267E-08
 
nelt =       2, np =        16, nx1 =      12, elements =        32
Solve Time =   0.6281E-08
 
nelt =       2, np =        16, nx1 =      12, elements =        32
Solve Time =   0.6292E-08
 
nelt =       2, np =        16, nx1 =      12, elements =        32
Solve Time =   0.6274E-08
 
nelt =       2, np =        16, nx1 =      12, elements =        32
Solve Time =   0.6268E-08
 
nelt =       2, np =        16, nx1 =      12, elements =        32
Solve Time =   0.6280E-08
 
nelt =       2, np =        16, nx1 =      12, elements =        32
Solve Time =   0.6269E-08
 
nelt =       2, np =        16, nx1 =      12, elements =        32
Solve Time =   0.6266E-08
 
nelt =       2, np =        16, nx1 =      12, elements =        32
Solve Time =   0.6262E-08
 12       32  2.1164E-07  2.1164E-07  2.1164E-07  error n
 12       32  2.1164E-07  2.1164E-07  2.1164E-07  error n
 12       32  2.1164E-07  2.1164E-07  2.1164E-07  error n
 12       32  2.1164E-07  2.1164E-07  2.1164E-07  error n
 12       32  2.1164E-07  2.1164E-07  2.1164E-07  error n
 12       32  2.1164E-07  2.1164E-07  2.1164E-07  error n
 12       32  2.1164E-07  2.1164E-07  2.1164E-07  error n
 12       32  2.1164E-07  2.1164E-07  2.1164E-07  error n
  11       32  100  0.0000E+00  0.0000E+00  0.0000E+00 time for 3 hmholtz
 12       32  2.1164E-07  2.1164E-07  2.1164E-07  error n
 12       32  2.1164E-07  2.1164E-07  2.1164E-07  error n
 12       32  2.1164E-07  2.1164E-07  2.1164E-07  error n
EXIT: quit after cggov         11
 12       32  2.1164E-07  2.1164E-07  2.1164E-07  error n
 12       32  2.1164E-07  2.1164E-07  2.1164E-07  error n
 12       32  2.1164E-07  2.1164E-07  2.1164E-07  error n
 12       32  2.1164E-07  2.1164E-07  2.1164E-07  error n
 12       32  2.1164E-07  2.1164E-07  2.1164E-07  error n
  
call exitt: dying ...
  
backtrace(): obtained 8 stack frames.
./nek5000() [0x77df65]
./nek5000() [0x961d19]
./nek5000() [0x40d19c]
./nek5000() [0x425a06]
./nek5000() [0x423fbe]
./nek5000() [0x4054fe]
/lib64/libc.so.6(__libc_start_main+0xf5) [0x2aaab1ca3b25]
./nek5000() [0x405409]
  
total elapsed time             :   1.74823E+01 sec
total solver time incl. I/O    :   0.00000E+00 sec
time/timestep                  :   0.00000E+00 sec
CPU seconds/timestep/gridpt    :   0.00000E+00 sec

Application 2258180 resources: utime ~271s, stime ~9s, Rss ~32396, inblocks ~0, outblocks ~0
