/----------------------------------------------------------\\
|      _   __ ______ __ __  ______  ____   ____   ____     |
|     / | / // ____// //_/ / ____/ / __ \\/ __ \\/ __ \\   |
|    /  |/ // __/  / ,<   /___ \\ / / / // / / // / / /    |
|   / /|  // /___ / /| | ____/ / / /_/ // /_/ // /_/ /     |
|  /_/ |_//_____//_/ |_|/_____/  \\___/ \\___/ \\___/      |
|                                                          |
|----------------------------------------------------------|
|                                                          |
| NEK5000:  Open Source Spectral Element Solver            |
| COPYRIGHT (c) 2008-2016 UCHICAGO ARGONNE, LLC            |
| Version:  16.0.0                                         |
| Web:      http://nek5000.mcs.anl.gov                     |
|                                                          |
\\----------------------------------------------------------/
                                                              

 Number of processors:         256
 REAL    wdsize      :           8
 INTEGER wdsize      :           4
 Timer accuracy      : 5.01E-07
 Reading /gpfs/theta-fs1/home/thilina/env/lx12/b9.rea                                                                                        

 mapping elements to processors
 Reading /gpfs/theta-fs1/home/thilina/env/lx12/b9.map                                                                                        
 RANK     0 IEG     457     458
 element load imbalance:            0           2           2
 done :: mapping elements to processors
  
           0  objects found
 118   Parameters from file:
   1      1.00000     p001 DENSITY
   2     -100.000     p002 VISCOS
   7      1.00000     p007 RHOCP
   8      1.00000     p008 CONDUCT
  11      1.00        p011 NSTEPS
  12    -0.500000E-02 p012 DT
  21     0.100000E-05 p021 DIVERGENCE
  22     0.100000E-07 p022 HELMHOLTZ
  24     0.100000E-09 p024 TOLREL
  25     0.100000E-09 p025 TOLABS
  26     0.250000     p026 COURANT/NTAU
  27      2.00000     p027 TORDER
  66      6.00000     p066 output : <0=ascii, else binary
  67      6.00000     p067 restart: <0=ascii, else binary
  99      3.00000     p099 dealiasing: <0--> off/3--> old/4--> new
 103     0.500000E-01 p103 weight of stabilizing filter (.01)
  
 nelgt/nelgv/lelt:         512         512         100
 lx1  /lx2  /lx3 :          12          12          12
 done :: read .rea file   0.89739     sec

 setup mesh topology
   Right-handed check complete for     512 elements. OK.
   setvert3d:  12      193169      705169      193169      193169
 call usrsetvert
 done :: usrsetvert

gs_setup: 126705 unique labels shared
   pairwise times (avg, min, max): 0.000148253 0.000123596 0.000164199
   crystal router                : 0.000276995 0.000273895 0.000291896
   used all_to_all method: pairwise
   handle bytes (avg, min, max): 31492.5 20172 36372
   buffer bytes (avg, min, max): 21120.5 11904 25408
   setupds time 9.9479E-02 seconds   0 12      193169         512
           8  max multiplicity
 done :: setup mesh topology
  
 call usrdat
 done :: usrdat

 generate geometry data
 done :: generate geometry data
  
 call usrdat2
 done :: usrdat2

 regenerate geometry data           1
 NOTE: All elements deformed , param(59) ^=0
 done :: regenerate geometry data           1
  
 verify mesh topology
  0.000000000000000E+000   1.00000000000000       Xrange
  0.000000000000000E+000   1.00000000000000       Yrange
  0.000000000000000E+000   1.00000000000000       Zrange
 done :: verify mesh topology
  
 IFTRAN   = T
 IFFLOW   = T
 IFHEAT   = F
 IFSPLIT  = T
 IFLOMACH = F
 IFUSERVP = F
 IFUSERMV = F
 IFSTRS   = F
 IFCHAR   = F
 IFCYCLIC = F
 IFAXIS   = F
 IFMVBD   = F
 IFMELT   = F
 IFMODEL  = F
 IFKEPS   = F
 IFMOAB   = F
 IFNEKNEK = F
 IFSYNC   = T
   
 IFVCOR   = T
 IFINTQ   = F
 IFCWUZ   = F
 IFSWALL  = F
 IFGEOM   = F
 IFSURT   = F
 IFWCNO   = F
   
 IFTMSH for field           1    =  F
 IFADVC for field           1    =  T
 IFNONL for field           1    =  F
   
 Dealiasing enabled, lxd=          18
  
 Estimated eigenvalues
 EIGAA =    9.86960440108936     
 EIGGA =    1372117.55015902     
 EIGAE =    9.86960440108936     
 EIGAS =   8.333333333333333E-002
 EIGGE =    1372117.55015902     
 EIGGS =    2.00000000000000     
  
 verify mesh topology
  0.000000000000000E+000   1.00000000000000       Xrange
  0.000000000000000E+000   1.00000000000000       Yrange
  0.000000000000000E+000   1.00000000000000       Zrange
 done :: verify mesh topology
  
  E-solver strategy:  0 itr
 mg_nx:           1           7          11
 mg_ny:           1           7          11
 mg_nz:           1           7          11
 call usrsetvert
 done :: usrsetvert

gs_setup: 705 unique labels shared
   pairwise times (avg, min, max): 0.00011351 9.18865e-05 0.000132012
   crystal router                : 6.19363e-05 6.09875e-05 6.31094e-05
   all reduce                    : 0.000148371 0.000147581 0.000149512
   used all_to_all method: crystal router
   handle bytes (avg, min, max): 5881 5380 6460
   buffer bytes (avg, min, max): 651 496 720
   setupds time 1.0376E-02 seconds   1  2         729         512
   setvert3d:   4       11537       15633       11537       11537
 call usrsetvert
 done :: usrsetvert

gs_setup: 8497 unique labels shared
   pairwise times (avg, min, max): 0.000113314 9.70125e-05 0.000130105
   crystal router                : 6.50493e-05 6.43015e-05 6.61135e-05
   all reduce                    : 0.000750644 0.000748301 0.000754118
   used all_to_all method: crystal router
   handle bytes (avg, min, max): 29341 23524 33724
   buffer bytes (avg, min, max): 3780.5 2704 4560
   setupds time 2.7283E-02 seconds   2  4       11537         512
   setvert3d:   8       74673      185265       74673       74673
 call usrsetvert
 done :: usrsetvert

gs_setup: 50193 unique labels shared
   pairwise times (avg, min, max): 0.000120429 0.000101304 0.000137401
   crystal router                : 0.0001344 0.000132799 0.000137711
   all reduce                    : 0.00131484 0.0013088 0.0013222
   used all_to_all method: pairwise
   handle bytes (avg, min, max): 13952.5 8972 16148
   buffer bytes (avg, min, max): 9736.5 5376 11840
   setupds time 6.3543E-02 seconds   3  8       74673         512
   setvert3d:  10      127001      389145      127001      127001
 call usrsetvert
 done :: usrsetvert

gs_setup: 84097 unique labels shared
   pairwise times (avg, min, max): 0.000121747 0.000104094 0.000134897
   crystal router                : 0.000141998 0.000140691 0.000143409
   all reduce                    : 0.00195651 0.00195131 0.00196691
   used all_to_all method: pairwise
   handle bytes (avg, min, max): 21810.5 13996 25204
   buffer bytes (avg, min, max): 14884.5 8320 17984
   setupds time 1.0557E-01 seconds   4 10      127001         512
 regenerate geometry data           1
 NOTE: All elements deformed , param(59) ^=0
 done :: regenerate geometry data           1
  
 h1_mg_nx:           1           3          11
 h1_mg_ny:           1           3          11
 h1_mg_nz:           1           3          11
 call usrsetvert
 done :: usrsetvert

gs_setup: 705 unique labels shared
   pairwise times (avg, min, max): 0.000120781 0.000103903 0.000135684
   crystal router                : 6.27149e-05 6.2108e-05 6.392e-05
   all reduce                    : 0.000157194 0.000154209 0.000160003
   used all_to_all method: crystal router
   handle bytes (avg, min, max): 5881 5380 6460
   buffer bytes (avg, min, max): 651 496 720
   setupds time 1.0448E-02 seconds   5  2         729         512
   setvert3d:   4       11537       15633       11537       11537
 call usrsetvert
 done :: usrsetvert

gs_setup: 8497 unique labels shared
   pairwise times (avg, min, max): 0.000111432 9.54866e-05 0.000124598
   crystal router                : 6.59944e-05 6.53982e-05 6.64949e-05
   all reduce                    : 0.000685386 0.000682282 0.000689793
   used all_to_all method: crystal router
   handle bytes (avg, min, max): 29341 23524 33724
   buffer bytes (avg, min, max): 3780.5 2704 4560
   setupds time 2.6292E-02 seconds   6  4       11537         512
   setvert3d:   4       11537       15633       11537       11537
 call usrsetvert
 done :: usrsetvert

gs_setup: 8497 unique labels shared
   pairwise times (avg, min, max): 0.000104936 8.90017e-05 0.000117207
   crystal router                : 6.48819e-05 6.38008e-05 6.58989e-05
   all reduce                    : 0.000675043 0.000669599 0.000679588
   used all_to_all method: crystal router
   handle bytes (avg, min, max): 29341 23524 33724
   buffer bytes (avg, min, max): 3780.5 2704 4560
   setupds time 1.9552E-02 seconds   7  4       11537         512
   setvert3d:   6       36185       68953       36185       36185
 call usrsetvert
 done :: usrsetvert

gs_setup: 24993 unique labels shared
   pairwise times (avg, min, max): 0.00010652 9.22918e-05 0.000118184
   crystal router                : 8.15122e-05 8.02994e-05 8.25167e-05
   all reduce                    : 0.00124173 0.00123701 0.00125151
   used all_to_all method: crystal router
   handle bytes (avg, min, max): 72865 55252 84796
   buffer bytes (avg, min, max): 9371.5 6832 11216
   setupds time 4.5508E-02 seconds   8  6       36185         512
   setvert3d:  12      193169      705169      193169      193169
 call usrsetvert
 done :: usrsetvert

gs_setup: 126705 unique labels shared
   pairwise times (avg, min, max): 0.000124237 0.000109196 0.000146413
   crystal router                : 0.00018196 0.000179315 0.000183797
   used all_to_all method: pairwise
   handle bytes (avg, min, max): 31492.5 20172 36372
   buffer bytes (avg, min, max): 21120.5 11904 25408
   setupds time 5.2525E-02 seconds   9 12      193169         512
   setvert3d:  14      273177     1157913      273177      273177
 call usrsetvert
 done :: usrsetvert

gs_setup: 178017 unique labels shared
   pairwise times (avg, min, max): 0.000123816 0.00010581 0.00014081
   crystal router                : 0.000293752 0.0002882 0.000299788
   used all_to_all method: pairwise
   handle bytes (avg, min, max): 42998.5 27500 49652
   buffer bytes (avg, min, max): 28444.5 16128 34112
   setupds time 7.1647E-02 seconds  10 14      273177         512
 setup h1 coarse grid, nx_crs=           2
 call usrsetvert
 done :: usrsetvert

gs_setup: 705 unique labels shared
   pairwise times (avg, min, max): 0.000104348 8.92878e-05 0.000117993
   crystal router                : 6.1128e-05 6.02961e-05 6.22034e-05
   all reduce                    : 0.000176751 0.00017581 0.000177383
   used all_to_all method: crystal router
   handle bytes (avg, min, max): 5881 5380 6460
   buffer bytes (avg, min, max): 651 496 720
 done :: setup h1 coarse grid   3.456997871398926E-002  sec
  
 call usrdat3
 done :: usrdat3

 set initial conditions
 nekuic (1) for ifld            1
 call nekuic for vel  
 xyz min     0.0000       0.0000       0.0000    
 uvwpt min   0.0000       0.0000       0.0000       0.0000       0.0000    
 PS min      0.0000       0.0000      0.99000E+22
 xyz max     1.0000       1.0000       1.0000    
 uvwpt max   0.0000       0.0000       0.0000       0.0000       0.0000    
 PS max      0.0000       0.0000     -0.99000E+22
 done :: set initial conditions
  
 call userchk
GFM max:  1.2495E-03  1.2495E-03  1.2495E-03  8.8782E-17  8.8782E-17  8.8782E-17
 
nelt =       2, np =       256, nx1 =      12, elements =       512
Solve Time =   0.6016E-09
 
nelt =       2, np =       256, nx1 =      12, elements =       512
Solve Time =   0.5878E-09
 
nelt =       2, np =       256, nx1 =      12, elements =       512
Solve Time =   0.5867E-09
 
nelt =       2, np =       256, nx1 =      12, elements =       512
Solve Time =   0.5870E-09
 
nelt =       2, np =       256, nx1 =      12, elements =       512
Solve Time =   0.5921E-09
 
nelt =       2, np =       256, nx1 =      12, elements =       512
Solve Time =   0.5888E-09
 
nelt =       2, np =       256, nx1 =      12, elements =       512
Solve Time =   0.5853E-09
 
nelt =       2, np =       256, nx1 =      12, elements =       512
Solve Time =   0.5892E-09
 
nelt =       2, np =       256, nx1 =      12, elements =       512
Solve Time =   0.5886E-09
 
nelt =       2, np =       256, nx1 =      12, elements =       512
Solve Time =   0.5850E-09
 
nelt =       2, np =       256, nx1 =      12, elements =       512
Solve Time =   0.4239E-09
 
nelt =       2, np =       256, nx1 =      12, elements =       512
Solve Time =   0.4184E-09
 
nelt =       2, np =       256, nx1 =      12, elements =       512
Solve Time =   0.4166E-09
 
nelt =       2, np =       256, nx1 =      12, elements =       512
Solve Time =   0.4145E-09
 
nelt =       2, np =       256, nx1 =      12, elements =       512
Solve Time =   0.4129E-09
 
nelt =       2, np =       256, nx1 =      12, elements =       512
Solve Time =   0.4173E-09
 
nelt =       2, np =       256, nx1 =      12, elements =       512
Solve Time =   0.4160E-09
 
nelt =       2, np =       256, nx1 =      12, elements =       512
Solve Time =   0.4164E-09
 
nelt =       2, np =       256, nx1 =      12, elements =       512
Solve Time =   0.4144E-09
 
nelt =       2, np =       256, nx1 =      12, elements =       512
Solve Time =   0.4197E-09
 
nelt =       2, np =       256, nx1 =      12, elements =       512
Solve Time =   0.5464E-09
 
nelt =       2, np =       256, nx1 =      12, elements =       512
Solve Time =   0.5415E-09
 
nelt =       2, np =       256, nx1 =      12, elements =       512
Solve Time =   0.5378E-09
 
nelt =       2, np =       256, nx1 =      12, elements =       512
Solve Time =   0.5387E-09
 
nelt =       2, np =       256, nx1 =      12, elements =       512
Solve Time =   0.5399E-09
 
nelt =       2, np =       256, nx1 =      12, elements =       512
Solve Time =   0.5384E-09
 
nelt =       2, np =       256, nx1 =      12, elements =       512
Solve Time =   0.5441E-09
 
nelt =       2, np =       256, nx1 =      12, elements =       512
Solve Time =   0.5454E-09
 
nelt =       2, np =       256, nx1 =      12, elements =       512
Solve Time =   0.5392E-09
 
nelt =       2, np =       256, nx1 =      12, elements =       512
Solve Time =   0.5409E-09
 
nelt =       2, np =       256, nx1 =      12, elements =       512
Solve Time =   0.6249E-09
 
nelt =       2, np =       256, nx1 =      12, elements =       512
Solve Time =   0.6179E-09
 
nelt =       2, np =       256, nx1 =      12, elements =       512
Solve Time =   0.6198E-09
 
nelt =       2, np =       256, nx1 =      12, elements =       512
Solve Time =   0.6275E-09
 
nelt =       2, np =       256, nx1 =      12, elements =       512
Solve Time =   0.6250E-09
 
nelt =       2, np =       256, nx1 =      12, elements =       512
Solve Time =   0.6167E-09
 
nelt =       2, np =       256, nx1 =      12, elements =       512
Solve Time =   0.6243E-09
 
nelt =       2, np =       256, nx1 =      12, elements =       512
Solve Time =   0.6235E-09
 
nelt =       2, np =       256, nx1 =      12, elements =       512
Solve Time =   0.6238E-09
 
nelt =       2, np =       256, nx1 =      12, elements =       512
Solve Time =   0.6241E-09
 
nelt =       2, np =       256, nx1 =      12, elements =       512
Solve Time =   0.7058E-09
 
nelt =       2, np =       256, nx1 =      12, elements =       512
Solve Time =   0.6957E-09
 
nelt =       2, np =       256, nx1 =      12, elements =       512
Solve Time =   0.7069E-09
 
nelt =       2, np =       256, nx1 =      12, elements =       512
Solve Time =   0.6957E-09
 
nelt =       2, np =       256, nx1 =      12, elements =       512
Solve Time =   0.6987E-09
 
nelt =       2, np =       256, nx1 =      12, elements =       512
Solve Time =   0.7016E-09
 
nelt =       2, np =       256, nx1 =      12, elements =       512
Solve Time =   0.6976E-09
 
nelt =       2, np =       256, nx1 =      12, elements =       512
Solve Time =   0.6955E-09
 
nelt =       2, np =       256, nx1 =      12, elements =       512
Solve Time =   0.6978E-09
 
nelt =       2, np =       256, nx1 =      12, elements =       512
Solve Time =   0.6992E-09
 schfile:
 /gpfs/theta-fs1/home/thilina/env/lx12/b9.sch                                   
                                                      
 12      512  1.0000E+00  1.0000E+00  1.0000E+00  error v
 12      512  1.0000E+00  1.0000E+00  1.0000E+00  error v
 12      512  1.0000E+00  1.0000E+00  1.0000E+00  error v
 12      512  1.0000E+00  1.0000E+00  1.0000E+00  error v
 12      512  1.0000E+00  1.0000E+00  1.0000E+00  error v
 12      512  1.0000E+00  1.0000E+00  1.0000E+00  error v
 12      512  1.0000E+00  1.0000E+00  1.0000E+00  error v
 12      512  1.0000E+00  1.0000E+00  1.0000E+00  error v
 12      512  1.0000E+00  1.0000E+00  1.0000E+00  error v
 12      512  1.0000E+00  1.0000E+00  1.0000E+00  error v
 12      512  1.0000E+00  1.0000E+00  1.0000E+00  error v
 12      512  1.0000E+00  1.0000E+00  1.0000E+00  error v
 12      512  1.0000E+00  1.0000E+00  1.0000E+00  error v
 12      512  1.0000E+00  1.0000E+00  1.0000E+00  error v
 12      512  1.0000E+00  1.0000E+00  1.0000E+00  error v
 12      512  1.0000E+00  1.0000E+00  1.0000E+00  error v
 12      512  1.0000E+00  1.0000E+00  1.0000E+00  error v
 12      512  1.0000E+00  1.0000E+00  1.0000E+00  error v
 12      512  1.0000E+00  1.0000E+00  1.0000E+00  error v
 12      512  1.0000E+00  1.0000E+00  1.0000E+00  error v
 12      512  1.0000E+00  1.0000E+00  1.0000E+00  error v
 12      512  1.0000E+00  1.0000E+00  1.0000E+00  error v
 12      512  1.0000E+00  1.0000E+00  1.0000E+00  error v
 12      512  1.0000E+00  1.0000E+00  1.0000E+00  error v
 12      512  1.0000E+00  1.0000E+00  1.0000E+00  error v
 12      512  1.0000E+00  1.0000E+00  1.0000E+00  error v
 12      512  1.0000E+00  1.0000E+00  1.0000E+00  error v
 12      512  1.0000E+00  1.0000E+00  1.0000E+00  error v
 12      512  1.0000E+00  1.0000E+00  1.0000E+00  error v
 12      512  1.0000E+00  1.0000E+00  1.0000E+00  error v
 12      512  1.0000E+00  1.0000E+00  1.0000E+00  error v
 12      512  1.0000E+00  1.0000E+00  1.0000E+00  error v
 12      512  1.0000E+00  1.0000E+00  1.0000E+00  error v
 12      512  1.0000E+00  1.0000E+00  1.0000E+00  error v
 12      512  1.0000E+00  1.0000E+00  1.0000E+00  error v
 12      512  1.0000E+00  1.0000E+00  1.0000E+00  error v
 12      512  1.0000E+00  1.0000E+00  1.0000E+00  error v
 12      512  1.0000E+00  1.0000E+00  1.0000E+00  error v
 12      512  1.0000E+00  1.0000E+00  1.0000E+00  error v
 12      512  1.0000E+00  1.0000E+00  1.0000E+00  error v
 12      512  1.0000E+00  1.0000E+00  1.0000E+00  error v
 12      512  1.0000E+00  1.0000E+00  1.0000E+00  error v
 12      512  1.0000E+00  1.0000E+00  1.0000E+00  error v
 12      512  1.0000E+00  1.0000E+00  1.0000E+00  error v
 12      512  1.0000E+00  1.0000E+00  1.0000E+00  error v
 12      512  1.0000E+00  1.0000E+00  1.0000E+00  error v
 12      512  1.0000E+00  1.0000E+00  1.0000E+00  error v
 12      512  1.0000E+00  1.0000E+00  1.0000E+00  error v
 12      512  1.0000E+00  1.0000E+00  1.0000E+00  error v
 12      512  1.0000E+00  1.0000E+00  1.0000E+00  error v
 12      512  1.0000E+00  1.0000E+00  1.0000E+00  error v
 12      512  1.0000E+00  1.0000E+00  1.0000E+00  error v
 12      512  1.0000E+00  1.0000E+00  1.0000E+00  error v
 12      512  1.0000E+00  1.0000E+00  1.0000E+00  error v
 12      512  1.0000E+00  1.0000E+00  1.0000E+00  error v
 12      512  1.0000E+00  1.0000E+00  1.0000E+00  error v
 12      512  1.0000E+00  1.0000E+00  1.0000E+00  error v
 12      512  1.0000E+00  1.0000E+00  1.0000E+00  error v
 12      512  1.0000E+00  1.0000E+00  1.0000E+00  error v
 12      512  1.0000E+00  1.0000E+00  1.0000E+00  error v
 12      512  1.0000E+00  1.0000E+00  1.0000E+00  error v
 12      512  1.0000E+00  1.0000E+00  1.0000E+00  error v
 12      512  1.0000E+00  1.0000E+00  1.0000E+00  error v
 12      512  1.0000E+00  1.0000E+00  1.0000E+00  error v
 12      512  1.0000E+00  1.0000E+00  1.0000E+00  error v
 12      512  1.0000E+00  1.0000E+00  1.0000E+00  error v
 12      512  1.0000E+00  1.0000E+00  1.0000E+00  error v
 12      512  1.0000E+00  1.0000E+00  1.0000E+00  error v
 12      512  1.0000E+00  1.0000E+00  1.0000E+00  error v
 12      512  1.0000E+00  1.0000E+00  1.0000E+00  error v
 12      512  1.0000E+00  1.0000E+00  1.0000E+00  error v
 12      512  1.0000E+00  1.0000E+00  1.0000E+00  error v
 12      512  1.0000E+00  1.0000E+00  1.0000E+00  error v
 12      512  1.0000E+00  1.0000E+00  1.0000E+00  error v
 12      512  1.0000E+00  1.0000E+00  1.0000E+00  error v
 12      512  1.0000E+00  1.0000E+00  1.0000E+00  error v
 12      512  1.0000E+00  1.0000E+00  1.0000E+00  error v
 12      512  1.0000E+00  1.0000E+00  1.0000E+00  error v
 12      512  1.0000E+00  1.0000E+00  1.0000E+00  error v
 12      512  1.0000E+00  1.0000E+00  1.0000E+00  error v
 12      512  1.0000E+00  1.0000E+00  1.0000E+00  error v
 12      512  1.0000E+00  1.0000E+00  1.0000E+00  error v
 12      512  1.0000E+00  1.0000E+00  1.0000E+00  error v
 12      512  1.0000E+00  1.0000E+00  1.0000E+00  error v
 12      512  1.0000E+00  1.0000E+00  1.0000E+00  error v
 12      512  1.0000E+00  1.0000E+00  1.0000E+00  error v
 12      512  1.0000E+00  1.0000E+00  1.0000E+00  error v
 12      512  1.0000E+00  1.0000E+00  1.0000E+00  error v
 12      512  1.0000E+00  1.0000E+00  1.0000E+00  error v
 12      512  1.0000E+00  1.0000E+00  1.0000E+00  error v
 12      512  1.0000E+00  1.0000E+00  1.0000E+00  error v
 12      512  1.0000E+00  1.0000E+00  1.0000E+00  error v
 12      512  1.0000E+00  1.0000E+00  1.0000E+00  error v
 12      512  1.0000E+00  1.0000E+00  1.0000E+00  error v
 12      512  1.0000E+00  1.0000E+00  1.0000E+00  error v
 12      512  1.0000E+00  1.0000E+00  1.0000E+00  error v
 12      512  1.0000E+00  1.0000E+00  1.0000E+00  error v
 12      512  1.0000E+00  1.0000E+00  1.0000E+00  error v
 12      512  1.0000E+00  1.0000E+00  1.0000E+00  error v
 12      512  1.0000E+00  1.0000E+00  1.0000E+00  error v
 12      512  1.0000E+00  1.0000E+00  1.0000E+00  error v
 12      512  1.0000E+00  1.0000E+00  1.0000E+00  error v
 12      512  1.0000E+00  1.0000E+00  1.0000E+00  error v
 12      512  1.0000E+00  1.0000E+00  1.0000E+00  error v
 12      512  1.0000E+00  1.0000E+00  1.0000E+00  error v
 12      512  1.0000E+00  1.0000E+00  1.0000E+00  error v
 12      512  1.0000E+00  1.0000E+00  1.0000E+00  error v
 12      512  1.0000E+00  1.0000E+00  1.0000E+00  error v
 12      512  1.0000E+00  1.0000E+00  1.0000E+00  error v
 12      512  1.0000E+00  1.0000E+00  1.0000E+00  error v
 12      512  1.0000E+00  1.0000E+00  1.0000E+00  error v
 12      512  1.0000E+00  1.0000E+00  1.0000E+00  error v
 12      512  1.0000E+00  1.0000E+00  1.0000E+00  error v
 12      512  1.0000E+00  1.0000E+00  1.0000E+00  error v
 12      512  1.0000E+00  1.0000E+00  1.0000E+00  error v
 12      512  1.0000E+00  1.0000E+00  1.0000E+00  error v
 12      512  1.0000E+00  1.0000E+00  1.0000E+00  error v
 12      512  1.0000E+00  1.0000E+00  1.0000E+00  error v
 12      512  1.0000E+00  1.0000E+00  1.0000E+00  error v
 12      512  1.0000E+00  1.0000E+00  1.0000E+00  error v
 12      512  1.0000E+00  1.0000E+00  1.0000E+00  error v
 12      512  1.0000E+00  1.0000E+00  1.0000E+00  error v
 12      512  1.0000E+00  1.0000E+00  1.0000E+00  error v
 12      512  1.0000E+00  1.0000E+00  1.0000E+00  error v
 12      512  1.0000E+00  1.0000E+00  1.0000E+00  error v
 12      512  1.0000E+00  1.0000E+00  1.0000E+00  error v
 12      512  1.0000E+00  1.0000E+00  1.0000E+00  error v
 12      512  1.0000E+00  1.0000E+00  1.0000E+00  error v
 12      512  1.0000E+00  1.0000E+00  1.0000E+00  error v
 12      512  1.0000E+00  1.0000E+00  1.0000E+00  error v
 12      512  1.0000E+00  1.0000E+00  1.0000E+00  error v
 12      512  1.0000E+00  1.0000E+00  1.0000E+00  error v
 12      512  1.0000E+00  1.0000E+00  1.0000E+00  error v
 12      512  1.0000E+00  1.0000E+00  1.0000E+00  error v
 12      512  1.0000E+00  1.0000E+00  1.0000E+00  error v
 12      512  1.0000E+00  1.0000E+00  1.0000E+00  error v
 12      512  1.0000E+00  1.0000E+00  1.0000E+00  error v
 12      512  1.0000E+00  1.0000E+00  1.0000E+00  error v
 12      512  1.0000E+00  1.0000E+00  1.0000E+00  error v
 12      512  1.0000E+00  1.0000E+00  1.0000E+00  error v
 12      512  1.0000E+00  1.0000E+00  1.0000E+00  error v
 12      512  1.0000E+00  1.0000E+00  1.0000E+00  error v
 12      512  1.0000E+00  1.0000E+00  1.0000E+00  error v
 12      512  1.0000E+00  1.0000E+00  1.0000E+00  error v
 12      512  1.0000E+00  1.0000E+00  1.0000E+00  error v
 12      512  1.0000E+00  1.0000E+00  1.0000E+00  error v
 12      512  1.0000E+00  1.0000E+00  1.0000E+00  error v
 12      512  1.0000E+00  1.0000E+00  1.0000E+00  error v
 12      512  1.0000E+00  1.0000E+00  1.0000E+00  error v
 12      512  1.0000E+00  1.0000E+00  1.0000E+00  error v
 12      512  1.0000E+00  1.0000E+00  1.0000E+00  error v
 12      512  1.0000E+00  1.0000E+00  1.0000E+00  error v
 12      512  1.0000E+00  1.0000E+00  1.0000E+00  error v
 12      512  1.0000E+00  1.0000E+00  1.0000E+00  error v
 12      512  1.0000E+00  1.0000E+00  1.0000E+00  error v
 12      512  1.0000E+00  1.0000E+00  1.0000E+00  error v
 12      512  1.0000E+00  1.0000E+00  1.0000E+00  error v
 12      512  1.0000E+00  1.0000E+00  1.0000E+00  error v
 12      512  1.0000E+00  1.0000E+00  1.0000E+00  error v
 12      512  1.0000E+00  1.0000E+00  1.0000E+00  error v
 12      512  1.0000E+00  1.0000E+00  1.0000E+00  error v
 12      512  1.0000E+00  1.0000E+00  1.0000E+00  error v
 12      512  1.0000E+00  1.0000E+00  1.0000E+00  error v
 12      512  1.0000E+00  1.0000E+00  1.0000E+00  error v
 12      512  1.0000E+00  1.0000E+00  1.0000E+00  error v
 12      512  1.0000E+00  1.0000E+00  1.0000E+00  error v
 12      512  1.0000E+00  1.0000E+00  1.0000E+00  error v
 12      512  1.0000E+00  1.0000E+00  1.0000E+00  error v
 12      512  1.0000E+00  1.0000E+00  1.0000E+00  error v
 12      512  1.0000E+00  1.0000E+00  1.0000E+00  error v
 12      512  1.0000E+00  1.0000E+00  1.0000E+00  error v
 12      512  1.0000E+00  1.0000E+00  1.0000E+00  error v
 12      512  1.0000E+00  1.0000E+00  1.0000E+00  error v
 12      512  1.0000E+00  1.0000E+00  1.0000E+00  error v
 12      512  1.0000E+00  1.0000E+00  1.0000E+00  error v
 12      512  1.0000E+00  1.0000E+00  1.0000E+00  error v
 12      512  1.0000E+00  1.0000E+00  1.0000E+00  error v
 12      512  1.0000E+00  1.0000E+00  1.0000E+00  error v
 12      512  1.0000E+00  1.0000E+00  1.0000E+00  error v
 12      512  1.0000E+00  1.0000E+00  1.0000E+00  error v
 12      512  1.0000E+00  1.0000E+00  1.0000E+00  error v
 12      512  1.0000E+00  1.0000E+00  1.0000E+00  error v
 12      512  1.0000E+00  1.0000E+00  1.0000E+00  error v
 12      512  1.0000E+00  1.0000E+00  1.0000E+00  error v
 12      512  1.0000E+00  1.0000E+00  1.0000E+00  error v
 12      512  1.0000E+00  1.0000E+00  1.0000E+00  error v
 12      512  1.0000E+00  1.0000E+00  1.0000E+00  error v
 12      512  1.0000E+00  1.0000E+00  1.0000E+00  error v
 12      512  1.0000E+00  1.0000E+00  1.0000E+00  error v
 12      512  1.0000E+00  1.0000E+00  1.0000E+00  error v
 12      512  1.0000E+00  1.0000E+00  1.0000E+00  error v
 12      512  1.0000E+00  1.0000E+00  1.0000E+00  error v
 12      512  1.0000E+00  1.0000E+00  1.0000E+00  error v
 12      512  1.0000E+00  1.0000E+00  1.0000E+00  error v
 12      512  1.0000E+00  1.0000E+00  1.0000E+00  error v
 12      512  1.0000E+00  1.0000E+00  1.0000E+00  error v
 12      512  1.0000E+00  1.0000E+00  1.0000E+00  error v
 12      512  1.0000E+00  1.0000E+00  1.0000E+00  error v
 12      512  1.0000E+00  1.0000E+00  1.0000E+00  error v
 12      512  1.0000E+00  1.0000E+00  1.0000E+00  error v
 12      512  1.0000E+00  1.0000E+00  1.0000E+00  error v
 12      512  1.0000E+00  1.0000E+00  1.0000E+00  error v
 12      512  1.0000E+00  1.0000E+00  1.0000E+00  error v
 12      512  1.0000E+00  1.0000E+00  1.0000E+00  error v
 12      512  1.0000E+00  1.0000E+00  1.0000E+00  error v
 12      512  1.0000E+00  1.0000E+00  1.0000E+00  error v
 12      512  1.0000E+00  1.0000E+00  1.0000E+00  error v
 12      512  1.0000E+00  1.0000E+00  1.0000E+00  error v
 12      512  1.0000E+00  1.0000E+00  1.0000E+00  error v
 12      512  1.0000E+00  1.0000E+00  1.0000E+00  error v
 12      512  1.0000E+00  1.0000E+00  1.0000E+00  error v
 12      512  1.0000E+00  1.0000E+00  1.0000E+00  error v
 12      512  1.0000E+00  1.0000E+00  1.0000E+00  error v
 12      512  1.0000E+00  1.0000E+00  1.0000E+00  error v
 12      512  1.0000E+00  1.0000E+00  1.0000E+00  error v
 12      512  1.0000E+00  1.0000E+00  1.0000E+00  error v
 12      512  1.0000E+00  1.0000E+00  1.0000E+00  error v
 12      512  1.0000E+00  1.0000E+00  1.0000E+00  error v
 12      512  1.0000E+00  1.0000E+00  1.0000E+00  error v
 12      512  1.0000E+00  1.0000E+00  1.0000E+00  error v
 12      512  1.0000E+00  1.0000E+00  1.0000E+00  error v
 12      512  1.0000E+00  1.0000E+00  1.0000E+00  error v
 12      512  1.0000E+00  1.0000E+00  1.0000E+00  error v
 12      512  1.0000E+00  1.0000E+00  1.0000E+00  error v
 12      512  1.0000E+00  1.0000E+00  1.0000E+00  error v
 12      512  1.0000E+00  1.0000E+00  1.0000E+00  error v
 12      512  1.0000E+00  1.0000E+00  1.0000E+00  error v
 12      512  1.0000E+00  1.0000E+00  1.0000E+00  error v
 12      512  1.0000E+00  1.0000E+00  1.0000E+00  error v
 12      512  1.0000E+00  1.0000E+00  1.0000E+00  error v
 12      512  1.0000E+00  1.0000E+00  1.0000E+00  error v
 12      512  1.0000E+00  1.0000E+00  1.0000E+00  error v
 12      512  1.0000E+00  1.0000E+00  1.0000E+00  error v
 12      512  1.0000E+00  1.0000E+00  1.0000E+00  error v
 12      512  1.0000E+00  1.0000E+00  1.0000E+00  error v
 12      512  1.0000E+00  1.0000E+00  1.0000E+00  error v
 12      512  1.0000E+00  1.0000E+00  1.0000E+00  error v
 12      512  1.0000E+00  1.0000E+00  1.0000E+00  error v
 12      512  1.0000E+00  1.0000E+00  1.0000E+00  error v
 12      512  1.0000E+00  1.0000E+00  1.0000E+00  error v
 12      512  1.0000E+00  1.0000E+00  1.0000E+00  error v
 12      512  1.0000E+00  1.0000E+00  1.0000E+00  error v
 12      512  1.0000E+00  1.0000E+00  1.0000E+00  error v
 12      512  1.0000E+00  1.0000E+00  1.0000E+00  error v
 12      512  1.0000E+00  1.0000E+00  1.0000E+00  error v
 12      512  1.0000E+00  1.0000E+00  1.0000E+00  error v
 12      512  1.0000E+00  1.0000E+00  1.0000E+00  error v
 12      512  1.0000E+00  1.0000E+00  1.0000E+00  error v
 12      512  1.0000E+00  1.0000E+00  1.0000E+00  error v
 12      512  1.0000E+00  1.0000E+00  1.0000E+00  error v
 12      512  1.0000E+00  1.0000E+00  1.0000E+00  error v
 12      512  1.0000E+00  1.0000E+00  1.0000E+00  error v
 12      512  1.0000E+00  1.0000E+00  1.0000E+00  error v
 12      512  1.0000E+00  1.0000E+00  1.0000E+00  error v
 12      512  1.0000E+00  1.0000E+00  1.0000E+00  error v
 12      512  1.0000E+00  1.0000E+00  1.0000E+00  error v
 
nelt =       2, np =       256, nx1 =      12, elements =       512
Solve Time =   0.1071E-08
 
nelt =       2, np =       256, nx1 =      12, elements =       512
Solve Time =   0.1038E-08
 
nelt =       2, np =       256, nx1 =      12, elements =       512
Solve Time =   0.1034E-08
 
nelt =       2, np =       256, nx1 =      12, elements =       512
Solve Time =   0.1043E-08
 
nelt =       2, np =       256, nx1 =      12, elements =       512
Solve Time =   0.1037E-08
 
nelt =       2, np =       256, nx1 =      12, elements =       512
Solve Time =   0.1033E-08
 
nelt =       2, np =       256, nx1 =      12, elements =       512
Solve Time =   0.1039E-08
 
nelt =       2, np =       256, nx1 =      12, elements =       512
Solve Time =   0.1045E-08
 
nelt =       2, np =       256, nx1 =      12, elements =       512
Solve Time =   0.1034E-08
 
nelt =       2, np =       256, nx1 =      12, elements =       512
Solve Time =   0.1034E-08
 12      512  7.3874E-13  7.3874E-13  7.3874E-13  error s
 12      512  7.3874E-13  7.3874E-13  7.3874E-13  error s
 12      512  7.3874E-13  7.3874E-13  7.3874E-13  error s
 12      512  7.3874E-13  7.3874E-13  7.3874E-13  error s
 12      512  7.3874E-13  7.3874E-13  7.3874E-13  error s
 12      512  7.3874E-13  7.3874E-13  7.3874E-13  error s
 12      512  7.3874E-13  7.3874E-13  7.3874E-13  error s
 12      512  7.3874E-13  7.3874E-13  7.3874E-13  error s
 12      512  7.3874E-13  7.3874E-13  7.3874E-13  error s
 12      512  7.3874E-13  7.3874E-13  7.3874E-13  error s
 12      512  7.3874E-13  7.3874E-13  7.3874E-13  error s
 12      512  7.3874E-13  7.3874E-13  7.3874E-13  error s
 12      512  7.3874E-13  7.3874E-13  7.3874E-13  error s
 12      512  7.3874E-13  7.3874E-13  7.3874E-13  error s
 12      512  7.3874E-13  7.3874E-13  7.3874E-13  error s
 12      512  7.3874E-13  7.3874E-13  7.3874E-13  error s
 12      512  7.3874E-13  7.3874E-13  7.3874E-13  error s
 12      512  7.3874E-13  7.3874E-13  7.3874E-13  error s
 12      512  7.3874E-13  7.3874E-13  7.3874E-13  error s
 12      512  7.3874E-13  7.3874E-13  7.3874E-13  error s
 12      512  7.3874E-13  7.3874E-13  7.3874E-13  error s
 12      512  7.3874E-13  7.3874E-13  7.3874E-13  error s
 12      512  7.3874E-13  7.3874E-13  7.3874E-13  error s
 12      512  7.3874E-13  7.3874E-13  7.3874E-13  error s
 12      512  7.3874E-13  7.3874E-13  7.3874E-13  error s
 12      512  7.3874E-13  7.3874E-13  7.3874E-13  error s
 12      512  7.3874E-13  7.3874E-13  7.3874E-13  error s
 12      512  7.3874E-13  7.3874E-13  7.3874E-13  error s
 12      512  7.3874E-13  7.3874E-13  7.3874E-13  error s
 12      512  7.3874E-13  7.3874E-13  7.3874E-13  error s
 12      512  7.3874E-13  7.3874E-13  7.3874E-13  error s
 12      512  7.3874E-13  7.3874E-13  7.3874E-13  error s
 12      512  7.3874E-13  7.3874E-13  7.3874E-13  error s
 12      512  7.3874E-13  7.3874E-13  7.3874E-13  error s
 12      512  7.3874E-13  7.3874E-13  7.3874E-13  error s
 12      512  7.3874E-13  7.3874E-13  7.3874E-13  error s
 12      512  7.3874E-13  7.3874E-13  7.3874E-13  error s
 12      512  7.3874E-13  7.3874E-13  7.3874E-13  error s
 12      512  7.3874E-13  7.3874E-13  7.3874E-13  error s
 12      512  7.3874E-13  7.3874E-13  7.3874E-13  error s
 12      512  7.3874E-13  7.3874E-13  7.3874E-13  error s
 12      512  7.3874E-13  7.3874E-13  7.3874E-13  error s
 12      512  7.3874E-13  7.3874E-13  7.3874E-13  error s
 12      512  7.3874E-13  7.3874E-13  7.3874E-13  error s
 12      512  7.3874E-13  7.3874E-13  7.3874E-13  error s
 12      512  7.3874E-13  7.3874E-13  7.3874E-13  error s
 12      512  7.3874E-13  7.3874E-13  7.3874E-13  error s
 12      512  7.3874E-13  7.3874E-13  7.3874E-13  error s
 12      512  7.3874E-13  7.3874E-13  7.3874E-13  error s
 12      512  7.3874E-13  7.3874E-13  7.3874E-13  error s
 12      512  7.3874E-13  7.3874E-13  7.3874E-13  error s
 12      512  7.3874E-13  7.3874E-13  7.3874E-13  error s
 12      512  7.3874E-13  7.3874E-13  7.3874E-13  error s
 12      512  7.3874E-13  7.3874E-13  7.3874E-13  error s
 12      512  7.3874E-13  7.3874E-13  7.3874E-13  error s
 12      512  7.3874E-13  7.3874E-13  7.3874E-13  error s
 12      512  7.3874E-13  7.3874E-13  7.3874E-13  error s
 12      512  7.3874E-13  7.3874E-13  7.3874E-13  error s
 12      512  7.3874E-13  7.3874E-13  7.3874E-13  error s
 12      512  7.3874E-13  7.3874E-13  7.3874E-13  error s
 12      512  7.3874E-13  7.3874E-13  7.3874E-13  error s
 12      512  7.3874E-13  7.3874E-13  7.3874E-13  error s
 12      512  7.3874E-13  7.3874E-13  7.3874E-13  error s
 12      512  7.3874E-13  7.3874E-13  7.3874E-13  error s
 12      512  7.3874E-13  7.3874E-13  7.3874E-13  error s
 12      512  7.3874E-13  7.3874E-13  7.3874E-13  error s
 12      512  7.3874E-13  7.3874E-13  7.3874E-13  error s
 12      512  7.3874E-13  7.3874E-13  7.3874E-13  error s
 12      512  7.3874E-13  7.3874E-13  7.3874E-13  error s
 12      512  7.3874E-13  7.3874E-13  7.3874E-13  error s
 12      512  7.3874E-13  7.3874E-13  7.3874E-13  error s
 12      512  7.3874E-13  7.3874E-13  7.3874E-13  error s
 12      512  7.3874E-13  7.3874E-13  7.3874E-13  error s
 12      512  7.3874E-13  7.3874E-13  7.3874E-13  error s
 12      512  7.3874E-13  7.3874E-13  7.3874E-13  error s
 12      512  7.3874E-13  7.3874E-13  7.3874E-13  error s
 12      512  7.3874E-13  7.3874E-13  7.3874E-13  error s
 12      512  7.3874E-13  7.3874E-13  7.3874E-13  error s
 12      512  7.3874E-13  7.3874E-13  7.3874E-13  error s
 12      512  7.3874E-13  7.3874E-13  7.3874E-13  error s
 12      512  7.3874E-13  7.3874E-13  7.3874E-13  error s
 12      512  7.3874E-13  7.3874E-13  7.3874E-13  error s
 12      512  7.3874E-13  7.3874E-13  7.3874E-13  error s
 12      512  7.3874E-13  7.3874E-13  7.3874E-13  error s
 12      512  7.3874E-13  7.3874E-13  7.3874E-13  error s
 12      512  7.3874E-13  7.3874E-13  7.3874E-13  error s
 12      512  7.3874E-13  7.3874E-13  7.3874E-13  error s
 12      512  7.3874E-13  7.3874E-13  7.3874E-13  error s
 12      512  7.3874E-13  7.3874E-13  7.3874E-13  error s
 12      512  7.3874E-13  7.3874E-13  7.3874E-13  error s
 12      512  7.3874E-13  7.3874E-13  7.3874E-13  error s
 12      512  7.3874E-13  7.3874E-13  7.3874E-13  error s
 12      512  7.3874E-13  7.3874E-13  7.3874E-13  error s
 12      512  7.3874E-13  7.3874E-13  7.3874E-13  error s
 12      512  7.3874E-13  7.3874E-13  7.3874E-13  error s
 12      512  7.3874E-13  7.3874E-13  7.3874E-13  error s
 12      512  7.3874E-13  7.3874E-13  7.3874E-13  error s
 12      512  7.3874E-13  7.3874E-13  7.3874E-13  error s
 12      512  7.3874E-13  7.3874E-13  7.3874E-13  error s
 12      512  7.3874E-13  7.3874E-13  7.3874E-13  error s
 12      512  7.3874E-13  7.3874E-13  7.3874E-13  error s
 12      512  7.3874E-13  7.3874E-13  7.3874E-13  error s
 12      512  7.3874E-13  7.3874E-13  7.3874E-13  error s
 12      512  7.3874E-13  7.3874E-13  7.3874E-13  error s
 12      512  7.3874E-13  7.3874E-13  7.3874E-13  error s
 12      512  7.3874E-13  7.3874E-13  7.3874E-13  error s
 12      512  7.3874E-13  7.3874E-13  7.3874E-13  error s
 12      512  7.3874E-13  7.3874E-13  7.3874E-13  error s
 12      512  7.3874E-13  7.3874E-13  7.3874E-13  error s
 12      512  7.3874E-13  7.3874E-13  7.3874E-13  error s
 12      512  7.3874E-13  7.3874E-13  7.3874E-13  error s
 12      512  7.3874E-13  7.3874E-13  7.3874E-13  error s
 12      512  7.3874E-13  7.3874E-13  7.3874E-13  error s
 12      512  7.3874E-13  7.3874E-13  7.3874E-13  error s
 12      512  7.3874E-13  7.3874E-13  7.3874E-13  error s
 12      512  7.3874E-13  7.3874E-13  7.3874E-13  error s
 12      512  7.3874E-13  7.3874E-13  7.3874E-13  error s
 12      512  7.3874E-13  7.3874E-13  7.3874E-13  error s
 12      512  7.3874E-13  7.3874E-13  7.3874E-13  error s
 12      512  7.3874E-13  7.3874E-13  7.3874E-13  error s
 12      512  7.3874E-13  7.3874E-13  7.3874E-13  error s
 12      512  7.3874E-13  7.3874E-13  7.3874E-13  error s
 12      512  7.3874E-13  7.3874E-13  7.3874E-13  error s
 12      512  7.3874E-13  7.3874E-13  7.3874E-13  error s
 12      512  7.3874E-13  7.3874E-13  7.3874E-13  error s
 12      512  7.3874E-13  7.3874E-13  7.3874E-13  error s
 12      512  7.3874E-13  7.3874E-13  7.3874E-13  error s
 12      512  7.3874E-13  7.3874E-13  7.3874E-13  error s
 12      512  7.3874E-13  7.3874E-13  7.3874E-13  error s
 12      512  7.3874E-13  7.3874E-13  7.3874E-13  error s
 12      512  7.3874E-13  7.3874E-13  7.3874E-13  error s
 12      512  7.3874E-13  7.3874E-13  7.3874E-13  error s
 12      512  7.3874E-13  7.3874E-13  7.3874E-13  error s
 12      512  7.3874E-13  7.3874E-13  7.3874E-13  error s
 12      512  7.3874E-13  7.3874E-13  7.3874E-13  error s
 12      512  7.3874E-13  7.3874E-13  7.3874E-13  error s
 12      512  7.3874E-13  7.3874E-13  7.3874E-13  error s
 12      512  7.3874E-13  7.3874E-13  7.3874E-13  error s
 12      512  7.3874E-13  7.3874E-13  7.3874E-13  error s
 12      512  7.3874E-13  7.3874E-13  7.3874E-13  error s
 12      512  7.3874E-13  7.3874E-13  7.3874E-13  error s
 12      512  7.3874E-13  7.3874E-13  7.3874E-13  error s
 12      512  7.3874E-13  7.3874E-13  7.3874E-13  error s
 12      512  7.3874E-13  7.3874E-13  7.3874E-13  error s
 12      512  7.3874E-13  7.3874E-13  7.3874E-13  error s
 12      512  7.3874E-13  7.3874E-13  7.3874E-13  error s
 12      512  7.3874E-13  7.3874E-13  7.3874E-13  error s
 12      512  7.3874E-13  7.3874E-13  7.3874E-13  error s
 12      512  7.3874E-13  7.3874E-13  7.3874E-13  error s
 12      512  7.3874E-13  7.3874E-13  7.3874E-13  error s
 12      512  7.3874E-13  7.3874E-13  7.3874E-13  error s
 12      512  7.3874E-13  7.3874E-13  7.3874E-13  error s
 12      512  7.3874E-13  7.3874E-13  7.3874E-13  error s
 12      512  7.3874E-13  7.3874E-13  7.3874E-13  error s
 12      512  7.3874E-13  7.3874E-13  7.3874E-13  error s
 12      512  7.3874E-13  7.3874E-13  7.3874E-13  error s
 12      512  7.3874E-13  7.3874E-13  7.3874E-13  error s
 12      512  7.3874E-13  7.3874E-13  7.3874E-13  error s
 12      512  7.3874E-13  7.3874E-13  7.3874E-13  error s
 12      512  7.3874E-13  7.3874E-13  7.3874E-13  error s
 12      512  7.3874E-13  7.3874E-13  7.3874E-13  error s
 12      512  7.3874E-13  7.3874E-13  7.3874E-13  error s
 12      512  7.3874E-13  7.3874E-13  7.3874E-13  error s
 12      512  7.3874E-13  7.3874E-13  7.3874E-13  error s
 12      512  7.3874E-13  7.3874E-13  7.3874E-13  error s
 12      512  7.3874E-13  7.3874E-13  7.3874E-13  error s
 12      512  7.3874E-13  7.3874E-13  7.3874E-13  error s
 12      512  7.3874E-13  7.3874E-13  7.3874E-13  error s
 12      512  7.3874E-13  7.3874E-13  7.3874E-13  error s
 12      512  7.3874E-13  7.3874E-13  7.3874E-13  error s
 12      512  7.3874E-13  7.3874E-13  7.3874E-13  error s
 12      512  7.3874E-13  7.3874E-13  7.3874E-13  error s
 12      512  7.3874E-13  7.3874E-13  7.3874E-13  error s
 12      512  7.3874E-13  7.3874E-13  7.3874E-13  error s
 12      512  7.3874E-13  7.3874E-13  7.3874E-13  error s
 12      512  7.3874E-13  7.3874E-13  7.3874E-13  error s
 12      512  7.3874E-13  7.3874E-13  7.3874E-13  error s
 12      512  7.3874E-13  7.3874E-13  7.3874E-13  error s
 12      512  7.3874E-13  7.3874E-13  7.3874E-13  error s
 12      512  7.3874E-13  7.3874E-13  7.3874E-13  error s
 12      512  7.3874E-13  7.3874E-13  7.3874E-13  error s
 12      512  7.3874E-13  7.3874E-13  7.3874E-13  error s
 12      512  7.3874E-13  7.3874E-13  7.3874E-13  error s
 12      512  7.3874E-13  7.3874E-13  7.3874E-13  error s
 12      512  7.3874E-13  7.3874E-13  7.3874E-13  error s
 12      512  7.3874E-13  7.3874E-13  7.3874E-13  error s
 12      512  7.3874E-13  7.3874E-13  7.3874E-13  error s
 12      512  7.3874E-13  7.3874E-13  7.3874E-13  error s
 12      512  7.3874E-13  7.3874E-13  7.3874E-13  error s
 12      512  7.3874E-13  7.3874E-13  7.3874E-13  error s
 12      512  7.3874E-13  7.3874E-13  7.3874E-13  error s
 12      512  7.3874E-13  7.3874E-13  7.3874E-13  error s
 12      512  7.3874E-13  7.3874E-13  7.3874E-13  error s
 12      512  7.3874E-13  7.3874E-13  7.3874E-13  error s
 12      512  7.3874E-13  7.3874E-13  7.3874E-13  error s
 12      512  7.3874E-13  7.3874E-13  7.3874E-13  error s
 12      512  7.3874E-13  7.3874E-13  7.3874E-13  error s
 12      512  7.3874E-13  7.3874E-13  7.3874E-13  error s
 12      512  7.3874E-13  7.3874E-13  7.3874E-13  error s
 12      512  7.3874E-13  7.3874E-13  7.3874E-13  error s
 12      512  7.3874E-13  7.3874E-13  7.3874E-13  error s
 12      512  7.3874E-13  7.3874E-13  7.3874E-13  error s
 12      512  7.3874E-13  7.3874E-13  7.3874E-13  error s
 12      512  7.3874E-13  7.3874E-13  7.3874E-13  error s
 12      512  7.3874E-13  7.3874E-13  7.3874E-13  error s
 12      512  7.3874E-13  7.3874E-13  7.3874E-13  error s
 12      512  7.3874E-13  7.3874E-13  7.3874E-13  error s
 12      512  7.3874E-13  7.3874E-13  7.3874E-13  error s
 12      512  7.3874E-13  7.3874E-13  7.3874E-13  error s
 12      512  7.3874E-13  7.3874E-13  7.3874E-13  error s
 12      512  7.3874E-13  7.3874E-13  7.3874E-13  error s
 12      512  7.3874E-13  7.3874E-13  7.3874E-13  error s
 12      512  7.3874E-13  7.3874E-13  7.3874E-13  error s
 12      512  7.3874E-13  7.3874E-13  7.3874E-13  error s
 12      512  7.3874E-13  7.3874E-13  7.3874E-13  error s
 12      512  7.3874E-13  7.3874E-13  7.3874E-13  error s
 12      512  7.3874E-13  7.3874E-13  7.3874E-13  error s
 12      512  7.3874E-13  7.3874E-13  7.3874E-13  error s
 12      512  7.3874E-13  7.3874E-13  7.3874E-13  error s
 12      512  7.3874E-13  7.3874E-13  7.3874E-13  error s
 12      512  7.3874E-13  7.3874E-13  7.3874E-13  error s
 12      512  7.3874E-13  7.3874E-13  7.3874E-13  error s
 12      512  7.3874E-13  7.3874E-13  7.3874E-13  error s
 12      512  7.3874E-13  7.3874E-13  7.3874E-13  error s
 12      512  7.3874E-13  7.3874E-13  7.3874E-13  error s
 12      512  7.3874E-13  7.3874E-13  7.3874E-13  error s
 12      512  7.3874E-13  7.3874E-13  7.3874E-13  error s
 12      512  7.3874E-13  7.3874E-13  7.3874E-13  error s
 12      512  7.3874E-13  7.3874E-13  7.3874E-13  error s
 12      512  7.3874E-13  7.3874E-13  7.3874E-13  error s
 12      512  7.3874E-13  7.3874E-13  7.3874E-13  error s
 12      512  7.3874E-13  7.3874E-13  7.3874E-13  error s
 12      512  7.3874E-13  7.3874E-13  7.3874E-13  error s
 12      512  7.3874E-13  7.3874E-13  7.3874E-13  error s
 12      512  7.3874E-13  7.3874E-13  7.3874E-13  error s
 12      512  7.3874E-13  7.3874E-13  7.3874E-13  error s
 12      512  7.3874E-13  7.3874E-13  7.3874E-13  error s
 12      512  7.3874E-13  7.3874E-13  7.3874E-13  error s
 12      512  7.3874E-13  7.3874E-13  7.3874E-13  error s
 12      512  7.3874E-13  7.3874E-13  7.3874E-13  error s
 12      512  7.3874E-13  7.3874E-13  7.3874E-13  error s
 12      512  7.3874E-13  7.3874E-13  7.3874E-13  error s
 12      512  7.3874E-13  7.3874E-13  7.3874E-13  error s
 12      512  7.3874E-13  7.3874E-13  7.3874E-13  error s
 12      512  7.3874E-13  7.3874E-13  7.3874E-13  error s
 12      512  7.3874E-13  7.3874E-13  7.3874E-13  error s
 12      512  7.3874E-13  7.3874E-13  7.3874E-13  error s
 12      512  7.3874E-13  7.3874E-13  7.3874E-13  error s
 12      512  7.3874E-13  7.3874E-13  7.3874E-13  error s
 12      512  7.3874E-13  7.3874E-13  7.3874E-13  error s
 12      512  7.3874E-13  7.3874E-13  7.3874E-13  error s
 12      512  7.3874E-13  7.3874E-13  7.3874E-13  error s
 12      512  7.3874E-13  7.3874E-13  7.3874E-13  error s
 12      512  7.3874E-13  7.3874E-13  7.3874E-13  error s
 12      512  7.3874E-13  7.3874E-13  7.3874E-13  error s
 12      512  7.3874E-13  7.3874E-13  7.3874E-13  error s
 
nelt =       2, np =       256, nx1 =      12, elements =       512
Solve Time =   0.9993E-09
 
nelt =       2, np =       256, nx1 =      12, elements =       512
Solve Time =   0.9760E-09
 
nelt =       2, np =       256, nx1 =      12, elements =       512
Solve Time =   0.9776E-09
 
nelt =       2, np =       256, nx1 =      12, elements =       512
Solve Time =   0.9845E-09
 
nelt =       2, np =       256, nx1 =      12, elements =       512
Solve Time =   0.9758E-09
 
nelt =       2, np =       256, nx1 =      12, elements =       512
Solve Time =   0.9761E-09
 
nelt =       2, np =       256, nx1 =      12, elements =       512
Solve Time =   0.9744E-09
 
nelt =       2, np =       256, nx1 =      12, elements =       512
Solve Time =   0.9787E-09
 
nelt =       2, np =       256, nx1 =      12, elements =       512
Solve Time =   0.9778E-09
 
nelt =       2, np =       256, nx1 =      12, elements =       512
Solve Time =   0.9769E-09
 12      512  7.3974E-13  7.3974E-13  7.3974E-13  error n
 12      512  7.3974E-13  7.3974E-13  7.3974E-13  error n
 12      512  7.3974E-13  7.3974E-13  7.3974E-13  error n
 12      512  7.3974E-13  7.3974E-13  7.3974E-13  error n
 12      512  7.3974E-13  7.3974E-13  7.3974E-13  error n
 12      512  7.3974E-13  7.3974E-13  7.3974E-13  error n
 12      512  7.3974E-13  7.3974E-13  7.3974E-13  error n
 12      512  7.3974E-13  7.3974E-13  7.3974E-13  error n
 12      512  7.3974E-13  7.3974E-13  7.3974E-13  error n
 12      512  7.3974E-13  7.3974E-13  7.3974E-13  error n
 12      512  7.3974E-13  7.3974E-13  7.3974E-13  error n
 12      512  7.3974E-13  7.3974E-13  7.3974E-13  error n
 12      512  7.3974E-13  7.3974E-13  7.3974E-13  error n
 12      512  7.3974E-13  7.3974E-13  7.3974E-13  error n
 12      512  7.3974E-13  7.3974E-13  7.3974E-13  error n
 12      512  7.3974E-13  7.3974E-13  7.3974E-13  error n
 12      512  7.3974E-13  7.3974E-13  7.3974E-13  error n
 12      512  7.3974E-13  7.3974E-13  7.3974E-13  error n
 12      512  7.3974E-13  7.3974E-13  7.3974E-13  error n
 12      512  7.3974E-13  7.3974E-13  7.3974E-13  error n
 12      512  7.3974E-13  7.3974E-13  7.3974E-13  error n
 12      512  7.3974E-13  7.3974E-13  7.3974E-13  error n
 12      512  7.3974E-13  7.3974E-13  7.3974E-13  error n
 12      512  7.3974E-13  7.3974E-13  7.3974E-13  error n
 12      512  7.3974E-13  7.3974E-13  7.3974E-13  error n
 12      512  7.3974E-13  7.3974E-13  7.3974E-13  error n
 12      512  7.3974E-13  7.3974E-13  7.3974E-13  error n
 12      512  7.3974E-13  7.3974E-13  7.3974E-13  error n
 12      512  7.3974E-13  7.3974E-13  7.3974E-13  error n
 12      512  7.3974E-13  7.3974E-13  7.3974E-13  error n
 12      512  7.3974E-13  7.3974E-13 12      512  7.3974E-13  7.3974E-13  7.3974E-13  error n
 12      512  7.3974E-13  7.3974E-13  7.3974E-13  error n
 12      512  7.3974E-13  7.3974E-13  7.3974E-13  error n
 12      512  7.3974E-13  7.3974E-13  7.3974E-13  error n
 12      512  7.3974E-13  7.3974E-13  7.3974E-13  error n
 12      512  7.3974E-13  7.3974E-13  7.3974E-13  error n
 12      512  7.3974E-13  7.3974E-13  7.3974E-13  error n
 12      512  7.3974E-13  7.3974E-13  7.3974E-13  error n
 12      512  7.3974E-13  7.3974E-13  7.3974E-13  error n
 12      512  7.3974E-13  7.3974E-13  7.3974E-13  error n
 12      512  7.3974E-13  7.3974E-13  7.3974E-13  error n
 12      512  7.3974E-13  7.3974E-13  7.3974E-13  error n
 12      512  7.3974E-13  7.3974E-13  7.3974E-13  error n
 12      512  7.3974E-13  7.3974E-13  7.3974E-13  error n
 12      512  7.3974E-13  7.3974E-13  7.3974E-13  error n
 12      512  7.3974E-13  7.3974E-13  7.3974E-13  error n
 12      512  7.3974E-13  7.3974E-13  7.3974E-13  error n
 12      512  7.3974E-13  7.3974E-13  7.3974E-13  error n
 12      512  7.3974E-13  7.3974E-13  7.3974E-13  error n
 12      512  7.3974E-13  7.3974E-13  7.3974E-13  error n
 12      512  7.3974E-13  7.3974E-13  7.3974E-13  error n
 12      512  7.3974E-13  7.3974E-13  7.3974E-13  error n
 12      512  7.3974E-13  7.3974E-13  7.3974E-13  error n
 12      512  7.3974E-13  7.3974E-13  7.3974E-13  error n
 12      512  7.3974E-13  7.3974E-13  7.3974E-13  error n
 12      512  7.3974E-13  7.3974E-13  7.3974E-13  error n
 12      512  7.3974E-13  7.3974E-13  7.3974E-13  error n
 12      512  7.3974E-13  7.3974E-13  7.3974E-13  error n
 12      512  7.3974E-13  7.3974E-13  7.3974E-13  error n
 12      512  7.3974E-13  7.3974E-13  7.3974E-13  error n
 12      512  7.3974E-13  7.3974E-13  7.3974E-13  error n
 12      512  7.3974E-13  7.3974E-13  7.3974E-13  error n
 12      512  7.3974E-13  7.3974E-13  7.3974E-13  error n
 12      512  7.3974E-13  7.3974E-13  7.3974E-13  error n
 12      512  7.3974E-13  7.3974E-13  7.3974E-13  error n
 12      512  7.3974E-13  7.3974E-13  7.3974E-13  error n
 12      512  7.3974E-13  7.3974E-13  7.3974E-13  error n
 12      512  7.3974E-13  7.3974E-13  7.3974E-13  error n
 12      512  7.3974E-13  7.3974E-13  7.3974E-13  error n
 12      512  7.3974E-13  7.3974E-13  7.3974E-13  error n
 12      512  7.3974E-13  7.3974E-13  7.3974E-13  error n
 12      512  7.3974E-13  7.3974E-13  7.3974E-13  error n
 12      512  7.3974E-13  7.3974E-13  7.3974E-13  error n
 12      512  7.3974E-13  7.3974E-13  7.3974E-13  error n
 12      512  7.3974E-13  7.3974E-13  7.3974E-13  error n
 12      512  7.3974E-13  7.3974E-13  7.3974E-13  error n
 12      512  7.3974E-13  7.3974E-13  7.3974E-13  error n
 12      512  7.3974E-13  7.3974E-13  7.3974E-13  error n
 12      512  7.3974E-13  7.3974E-13  7.3974E-13  error n
 12      512  7.3974E-13  7.3974E-13  7.3974E-13  error n
 12      512  7.3974E-13  7.3974E-13  7.3974E-13  error n
  11      512  100  0.0000E+00  0.0000E+00  0.0000E+00 time for 3 hmholtz
EXIT: quit after cggov         11
 12      512  7.3974E-13  7.3974E-13  7.3974E-13  error n
 12      512  7.3974E-13  7.3974E-13  7.3974E-13  error n
 12      512  7.3974E-13  7.3974E-13  7.3974E-13  error n
 12      512  7.3974E-13  7.3974E-13  7.3974E-13  error n
 12      512  7.3974E-13  7.3974E-13  7.3974E-13  error n
 12      512  7.3974E-13  7.3974E-13  7.3974E-13  error n
 12      512  7.3974E-13  7.3974E-13  7.3974E-13  error n
 12      512  7.3974E-13  7.3974E-13  7.3974E-13  error n
 12      512  7.3974E-13  7.3974E-13  7.3974E-13  error n
 12      512  7.3974E-13  7.3974E-13  7.3974E-13  error n
 12      512  7.3974E-13  7.3974E-13  7.3974E-13  error n
 12      512  7.3974E-13  7.3974E-13  7.3974E-13  error n
 12      512  7.3974E-13  7.3974E-13  7.3974E-13  error n
 12      512  7.3974E-13  7.3974E-13  7.3974E-13  error n
 12      512  7.3974E-13  7.3974E-13  7.3974E-13  error n
 12      512  7.3974E-13  7.3974E-13  7.3974E-13  error n
 12      512  7.3974E-13  7.3974E-13  7.3974E-13  error n
 12      512  7.3974E-13  7.3974E-13  7.3974E-13  error n
 12      512  7.3974E-13  7.3974E-13  7.3974E-13  error n
 12      512  7.3974E-13  7.3974E-13  7.3974E-13  error n
 12      512  7.3974E-13  7.3974E-13  7.3974E-13  error n
 12      512  7.3974E-13  7.3974E-13  7.3974E-13  error n
 12      512  7.3974E-13  7.3974E-13  7.3974E-13  error n
 12      512  7.3974E-13  7.3974E-13  7.3974E-13  error n
 12      512  7.3974E-13  7.3974E-13  7.3974E-13  error n
 12      512  7.3974E-13  7.3974E-13  7.3974E-13  error n
 12      512  7.3974E-13  7.3974E-13  7.3974E-13  error n
 12      512  7.3974E-13  7.3974E-13  7.3974E-13  error n
 12      512  7.3974E-13  7.3974E-13  7.3974E-13  error n
 12      512  7.3974E-13  7.3974E-13  7.3974E-13  error n
 12      512  7.3974E-13  7.3974E-13  7.3974E-13  error n
 12      512  7.3974E-13  7.3974E-13  7.3974E-13  error n
 12      512  7.3974E-13  7.3974E-13  7.3974E-13  error n
 12      512  7.3974E-13  7.3974E-13  7.3974E-13  error n
 12      512  7.3974E-13  7.3974E-13  7.3974E-13  error n
 12      512  7.3974E-13  7.3974E-13  7.3974E-13  error n
 12      512  7.3974E-13  7.3974E-13  7.3974E-13  error n
 12      512  7.3974E-13  7.3974E-13  7.3974E-13  error n
 12      512  7.3974E-13  7.3974E-13  7.3974E-13  error n
 12      512  7.3974E-13  7.3974E-13  7.3974E-13  error n
 12      512  7.3974E-13  7.3974E-13  7.3974E-13  error n
 12      512  7.3974E-13  7.3974E-13  7.3974E-13  error n
 12      512  7.3974E-13  7.3974E-13  7.3974E-13  error n
 12      512  7.3974E-13  7.3974E-13  7.3974E-13  error n
 12      512  7.3974E-13  7.3974E-13  7.3974E-13  error n
 12      512  7.3974E-13  7.3974E-13  7.3974E-13  error n
 12      512  7.3974E-13  7.3974E-13  7.3974E-13  error n
 12      512  7.3974E-13  7.3974E-13  7.3974E-13  error n
 12      512  7.3974E-13  7.3974E-13  7.3974E-13  error n
 12      512  7.3974E-13  7.3974E-13  7.3974E-13  error n
 12      512  7.3974E-13  7.3974E-13  7.3974E-13  error n
 12      512  7.3974E-13  7.3974E-13  7.3974E-13  error n
 12      512  7.3974E-13  7.3974E-13  7.3974E-13  error n
 12      512  7.3974E-13  7.3974E-13  7.3974E-13  error n
 12      512  7.3974E-13  7.3974E-13  7.3974E-13  error n
 12      512  7.3974E-13  7.3974E-13  7.3974E-13  error n
 12      512  7.3974E-13  7.3974E-13  7.3974E-13  error n
 12      512  7.3974E-13  7.3974E-13  7.3974E-13  error n
 12      512  7.3974E-13  7.3974E-13  7.3974E-13  error n
 12      512  7.3974E-13  7.3974E-13  7.3974E-13  error n
 12      512  7.3974E-13  7.3974E-13  7.3974E-13  error n
 12      512  7.3974E-13  7.3974E-13  7.3974E-13  error n
 12      512  7.3974E-13  7.3974E-13  7.3974E-13  error n
 12      512  7.3974E-13  7.3974E-13  7.3974E-13  error n
 12      512  7.3974E-13  7.3974E-13  7.3974E-13  error n
 12      512  7.3974E-13  7.3974E-13  7.3974E-13  error n
 12      512  7.3974E-13  7.3974E-13  7.3974E-13  error n
 12      512  7.3974E-13  7.3974E-13  7.3974E-13  error n
 12      512  7.3974E-13  7.3974E-13  7.3974E-13  error n
 12      512  7.3974E-13  7.3974E-13  7.3974E-13  error n
 12      512  7.3974E-13  7.3974E-13  7.3974E-13  error n
 12      512  7.3974E-13  7.3974E-13  7.3974E-13  error n
 12      512  7.3974E-13  7.3974E-13  7.3974E-13  error n
 12      512  7.3974E-13  7.3974E-13  7.3974E-13  error n
 12      512  7.3974E-13  7.3974E-13  7.3974E-13  error n
 12      512  7.3974E-13  7.3974E-13  7.3974E-13  error n
 12      512  7.3974E-13  7.3974E-13  7.3974E-13  error n
 12      512  7.3974E-13  7.3974E-13  7.3974E-13  error n
 12      512  7.3974E-13  7.3974E-13  7.3974E-13  error n
 12      512  7.3974E-13  7.3974E-13  7.3974E-13  error n
 12      512  7.3974E-13  7.3974E-13  7.3974E-13  error n
  7.3974E-13  error n
 12      512  7.3974E-13  7.3974E-13  7.3974E-13  error n
 12      512  7.3974E-13  7.3974E-13  7.3974E-13  error n
 12      512  7.3974E-13  7.3974E-13  7.3974E-13  error n
 12      512  7.3974E-13  7.3974E-13  7.3974E-13  error n
 12      512  7.3974E-13  7.3974E-13  7.3974E-13  error n
 12      512  7.3974E-13  7.3974E-13  7.3974E-13  error n
 12      512  7.3974E-13  7.3974E-13  7.3974E-13  error n
 12      512  7.3974E-13  7.3974E-13  7.3974E-13  error n
 12      512  7.3974E-13  7.3974E-13  7.3974E-13  error n
 12      512  7.3974E-13  7.3974E-13  7.3974E-13  error n
 12      512  7.3974E-13  7.3974E-13  7.3974E-13  error n
 12      512  7.3974E-13  7.3974E-13  7.3974E-13  error n
 12      512  7.3974E-13  7.3974E-13  7.3974E-13  error n
 12      512  7.3974E-13  7.3974E-13  7.3974E-13  error n
 12      512  7.3974E-13  7.3974E-13  7.3974E-13  error n
 12      512  7.3974E-13  7.3974E-13  7.3974E-13  error n
 12      512  7.3974E-13  7.3974E-13  7.3974E-13  error n
 12      512  7.3974E-13  7.3974E-13  7.3974E-13  error n
 12      512  7.3974E-13  7.3974E-13  7.3974E-13  error n
 12      512  7.3974E-13  7.3974E-13  7.3974E-13  error n
 12      512  7.3974E-13  7.3974E-13  7.3974E-13  error n
 12      512  7.3974E-13  7.3974E-13  7.3974E-13  error n
 12      512  7.3974E-13  7.3974E-13  7.3974E-13  error n
 12      512  7.3974E-13  7.3974E-13  7.3974E-13  error n
 12      512  7.3974E-13  7.3974E-13  7.3974E-13  error n
 12      512  7.3974E-13  7.3974E-13  7.3974E-13  error n
 12      512  7.3974E-13  7.3974E-13  7.3974E-13  error n
 12      512  7.3974E-13  7.3974E-13  7.3974E-13  error n
 12      512  7.3974E-13  7.3974E-13  7.3974E-13  error n
 12      512  7.3974E-13  7.3974E-13  7.3974E-13  error n
 12      512  7.3974E-13  7.3974E-13  7.3974E-13  error n
 12      512  7.3974E-13  7.3974E-13  7.3974E-13  error n
 12      512  7.3974E-13  7.3974E-13  7.3974E-13  error n
 12      512  7.3974E-13  7.3974E-13  7.3974E-13  error n
 12      512  7.3974E-13  7.3974E-13  7.3974E-13  error n
 12      512  7.3974E-13  7.3974E-13  7.3974E-13  error n
 12      512  7.3974E-13  7.3974E-13  7.3974E-13  error n
 12      512  7.3974E-13  7.3974E-13  7.3974E-13  error n
 12      512  7.3974E-13  7.3974E-13  7.3974E-13  error n
 12      512  7.3974E-13  7.3974E-13  7.3974E-13  error n
 12      512  7.3974E-13  7.3974E-13  7.3974E-13  error n
 12      512  7.3974E-13  7.3974E-13  7.3974E-13  error n
 12      512  7.3974E-13  7.3974E-13  7.3974E-13  error n
 12      512  7.3974E-13  7.3974E-13  7.3974E-13  error n
 12      512  7.3974E-13  7.3974E-13  7.3974E-13  error n
 12      512  7.3974E-13  7.3974E-13  7.3974E-13  error n
 12      512  7.3974E-13  7.3974E-13  7.3974E-13  error n
 12      512  7.3974E-13  7.3974E-13  7.3974E-13  error n
 12      512  7.3974E-13  7.3974E-13  7.3974E-13  error n
 12      512  7.3974E-13  7.3974E-13  7.3974E-13  error n
 12      512  7.3974E-13  7.3974E-13  7.3974E-13  error n
 12      512  7.3974E-13  7.3974E-13  7.3974E-13  error n
 12      512  7.3974E-13  7.3974E-13  7.3974E-13  error n
 12      512  7.3974E-13  7.3974E-13  7.3974E-13  error n
 12      512  7.3974E-13  7.3974E-13  7.3974E-13  error n
 12      512  7.3974E-13  7.3974E-13  7.3974E-13  error n
 12      512  7.3974E-13  7.3974E-13  7.3974E-13  error n
 12      512  7.3974E-13  7.3974E-13  7.3974E-13  error n
 12      512  7.3974E-13  7.3974E-13  7.3974E-13  error n
 12      512  7.3974E-13  7.3974E-13  7.3974E-13  error n
 12      512  7.3974E-13  7.3974E-13  7.3974E-13  error n
 12      512  7.3974E-13  7.3974E-13  7.3974E-13  error n
 12      512  7.3974E-13  7.3974E-13  7.3974E-13  error n
 12      512  7.3974E-13  7.3974E-13  7.3974E-13  error n
 12      512  7.3974E-13  7.3974E-13  7.3974E-13  error n
 12      512  7.3974E-13  7.3974E-13  7.3974E-13  error n
 12      512  7.3974E-13  7.3974E-13  7.3974E-13  error n
 12      512  7.3974E-13  7.3974E-13  7.3974E-13  error n
 12      512  7.3974E-13  7.3974E-13  7.3974E-13  error n
 12      512  7.3974E-13  7.3974E-13  7.3974E-13  error n
 12      512  7.3974E-13  7.3974E-13  7.3974E-13  error n
 12      512  7.3974E-13  7.3974E-13  7.3974E-13  error n
 12      512  7.3974E-13  7.3974E-13  7.3974E-13  error n
 12      512  7.3974E-13  7.3974E-13  7.3974E-13  error n
 12      512  7.3974E-13  7.3974E-13  7.3974E-13  error n
 12      512  7.3974E-13  7.3974E-13  7.3974E-13  error n
  
call exitt: dying ...
  
backtrace(): obtained 8 stack frames.
./nek5000() [0x77df65]
./nek5000() [0x961d19]
./nek5000() [0x40d19c]
./nek5000() [0x425a06]
./nek5000() [0x423fbe]
./nek5000() [0x4054fe]
/lib64/libc.so.6(__libc_start_main+0xf5) [0x2aaab1ca3b25]
./nek5000() [0x405409]
  
total elapsed time             :   2.01065E+02 sec
total solver time incl. I/O    :   0.00000E+00 sec
time/timestep                  :   0.00000E+00 sec
CPU seconds/timestep/gridpt    :   0.00000E+00 sec

 12      512  7.3974E-13  7.3974E-13  7.3974E-13  error n
 12      512  7.3974E-13  7.3974E-13  7.3974E-13  error n
 12      512  7.3974E-13  7.3974E-13  7.3974E-13  error n
 12      512  7.3974E-13  7.3974E-13  7.3974E-13  error n
 12      512  7.3974E-13  7.3974E-13  7.3974E-13  error n
 12      512  7.3974E-13  7.3974E-13  7.3974E-13  error n
 12      512  7.3974E-13  7.3974E-13  7.3974E-13  error n
 12      512  7.3974E-13  7.3974E-13  7.3974E-13  error n
 12      512  7.3974E-13  7.3974E-13  7.3974E-13  error n
 12      512  7.3974E-13  7.3974E-13  7.3974E-13  error n
 12      512  7.3974E-13  7.3974E-13  7.3974E-13  error n
 12      512  7.3974E-13  7.3974E-13  7.3974E-13  error n
 12      512  7.3974E-13  7.3974E-13  7.3974E-13  error n
 12      512  7.3974E-13  7.3974E-13  7.3974E-13  error n
 12      512  7.3974E-13  7.3974E-13  7.3974E-13  error n
 12      512  7.3974E-13  7.3974E-13  7.3974E-13  error n
 12      512  7.3974E-13  7.3974E-13  7.3974E-13  error n
Application 2258249 resources: utime ~51297s, stime ~248s, Rss ~40452, inblocks ~0, outblocks ~0
