/----------------------------------------------------------\\
|      _   __ ______ __ __  ______  ____   ____   ____     |
|     / | / // ____// //_/ / ____/ / __ \\/ __ \\/ __ \\   |
|    /  |/ // __/  / ,<   /___ \\ / / / // / / // / / /    |
|   / /|  // /___ / /| | ____/ / / /_/ // /_/ // /_/ /     |
|  /_/ |_//_____//_/ |_|/_____/  \\___/ \\___/ \\___/      |
|                                                          |
|----------------------------------------------------------|
|                                                          |
| NEK5000:  Open Source Spectral Element Solver            |
| COPYRIGHT (c) 2008-2016 UCHICAGO ARGONNE, LLC            |
| Version:  16.0.0                                         |
| Web:      http://nek5000.mcs.anl.gov                     |
|                                                          |
\\----------------------------------------------------------/
                                                              

 Number of processors:        4096
 REAL    wdsize      :           8
 INTEGER wdsize      :           4
 Timer accuracy      : 3.81E-07
 Reading /gpfs/theta-fs1/home/thilina/env/lx12/b14.rea                                                                                       

 mapping elements to processors
 Reading /gpfs/theta-fs1/home/thilina/env/lx12/b14.map                                                                                       
 element load imbalance:            0           4           4
 done :: mapping elements to processors
  
           0  objects found
 118   Parameters from file:
   1      1.00000     p001 DENSITY
   2     -100.000     p002 VISCOS
   7      1.00000     p007 RHOCP
   8      1.00000     p008 CONDUCT
  11      1.00        p011 NSTEPS
  12    -0.500000E-02 p012 DT
  21     0.100000E-05 p021 DIVERGENCE
  22     0.100000E-07 p022 HELMHOLTZ
  24     0.100000E-09 p024 TOLREL
  25     0.100000E-09 p025 TOLABS
  26     0.250000     p026 COURANT/NTAU
  27      2.00000     p027 TORDER
  66      6.00000     p066 output : <0=ascii, else binary
  67      6.00000     p067 restart: <0=ascii, else binary
  99      3.00000     p099 dealiasing: <0--> off/3--> old/4--> new
 103     0.500000E-01 p103 weight of stabilizing filter (.01)
  
 nelgt/nelgv/lelt:       16384       16384         100
 lx1  /lx2  /lx3 :          12          12          12
 done :: read .rea file    886.62     sec

 setup mesh topology
   Right-handed check complete for   16384 elements. OK.
   setvert3d:  12     5671793    22055793     5671793     5671793
 call usrsetvert
 done :: usrsetvert

gs_setup: 3553673 unique labels shared
   pairwise times (avg, min, max): 0.000200801 0.000162911 0.000240397
   crystal router                : 0.000705235 0.00068841 0.000720406
   used all_to_all method: pairwise
   handle bytes (avg, min, max): 61037.2 39020 64196
   buffer bytes (avg, min, max): 35723.3 18240 38432
   setupds time 1.8849E-01 seconds   0 12     5671793       16384
           8  max multiplicity
 done :: setup mesh topology
  
 call usrdat
 done :: usrdat

 generate geometry data
 done :: generate geometry data
  
 call usrdat2
 done :: usrdat2

 regenerate geometry data           1
 NOTE: All elements deformed , param(59) ^=0
 done :: regenerate geometry data           1
  
 verify mesh topology
  0.000000000000000E+000   1.00000000000000       Xrange
  0.000000000000000E+000   1.00000000000000       Yrange
  0.000000000000000E+000   1.00000000000000       Zrange
 done :: verify mesh topology
  
 IFTRAN   = T
 IFFLOW   = T
 IFHEAT   = F
 IFSPLIT  = T
 IFLOMACH = F
 IFUSERVP = F
 IFUSERMV = F
 IFSTRS   = F
 IFCHAR   = F
 IFCYCLIC = F
 IFAXIS   = F
 IFMVBD   = F
 IFMELT   = F
 IFMODEL  = F
 IFKEPS   = F
 IFMOAB   = F
 IFNEKNEK = F
 IFSYNC   = T
   
 IFVCOR   = T
 IFINTQ   = F
 IFCWUZ   = F
 IFSWALL  = F
 IFGEOM   = F
 IFSURT   = F
 IFWCNO   = F
   
 IFTMSH for field           1    =  F
 IFADVC for field           1    =  T
 IFNONL for field           1    =  F
   
 Dealiasing enabled, lxd=          18
  
 Estimated eigenvalues
 EIGAA =    9.86960440108936     
 EIGGA =    14689131.2270230     
 EIGAE =    9.86960440108936     
 EIGAS =   8.333333333333333E-002
 EIGGE =    14689131.2270230     
 EIGGS =    2.00000000000000     
  
 verify mesh topology
  0.000000000000000E+000   1.00000000000000       Xrange
  0.000000000000000E+000   1.00000000000000       Yrange
  0.000000000000000E+000   1.00000000000000       Zrange
 done :: verify mesh topology
  
  E-solver strategy:  0 itr
 mg_nx:           1           7          11
 mg_ny:           1           7          11
 mg_nz:           1           7          11
 call usrsetvert
 done :: usrsetvert

gs_setup: 18153 unique labels shared
   pairwise times (avg, min, max): 0.000121007 9.83e-05 0.000147796
   crystal router                : 0.000158299 0.000144196 0.000168514
   all reduce                    : 0.00149134 0.00148211 0.0015084
   used all_to_all method: pairwise
   handle bytes (avg, min, max): 1873.41 1100 2036
   buffer bytes (avg, min, max): 1170.84 480 1312
   setupds time 4.4927E-02 seconds   1  2       18513       16384
   setvert3d:   4      329969      461041      329969      329969
 call usrsetvert
 done :: usrsetvert

gs_setup: 233737 unique labels shared
   pairwise times (avg, min, max): 0.000125319 0.000105691 0.000148201
   crystal router                : 0.000290902 0.000273514 0.000297713
   used all_to_all method: pairwise
   handle bytes (avg, min, max): 6410.16 4076 6788
   buffer bytes (avg, min, max): 4241.34 1984 4640
   setupds time 3.8949E-02 seconds   2  4      329969       16384
   setvert3d:   8     2181681     5720625     2181681     2181681
 call usrsetvert
 done :: usrsetvert

gs_setup: 1402185 unique labels shared
   pairwise times (avg, min, max): 0.000177818 0.000141501 0.000206184
   crystal router                : 0.000433642 0.000425196 0.000455189
   used all_to_all method: pairwise
   handle bytes (avg, min, max): 26427.7 16940 27812
   buffer bytes (avg, min, max): 16142.3 8064 17440
   setupds time 1.1514E-01 seconds   3  8     2181681       16384
   setvert3d:  10     3721937    12110545     3721937     3721937
 call usrsetvert
 done :: usrsetvert

gs_setup: 2355049 unique labels shared
   pairwise times (avg, min, max): 0.000177439 0.000145507 0.000205302
   crystal router                : 0.000583969 0.000573301 0.000605893
   used all_to_all method: pairwise
   handle bytes (avg, min, max): 41908.4 26828 44084
   buffer bytes (avg, min, max): 24972.8 12640 26912
   setupds time 1.4879E-01 seconds   4 10     3721937       16384
 regenerate geometry data           1
 NOTE: All elements deformed , param(59) ^=0
 done :: regenerate geometry data           1
  
 h1_mg_nx:           1           3          11
 h1_mg_ny:           1           3          11
 h1_mg_nz:           1           3          11
 call usrsetvert
 done :: usrsetvert

gs_setup: 18153 unique labels shared
   pairwise times (avg, min, max): 0.000118453 9.72033e-05 0.000164914
   crystal router                : 0.000165258 0.000162601 0.000168896
   all reduce                    : 0.0015471 0.0015353 0.00156271
   used all_to_all method: pairwise
   handle bytes (avg, min, max): 1873.41 1100 2036
   buffer bytes (avg, min, max): 1170.84 480 1312
   setupds time 5.0517E-02 seconds   5  2       18513       16384
   setvert3d:   4      329969      461041      329969      329969
 call usrsetvert
 done :: usrsetvert

gs_setup: 233737 unique labels shared
   pairwise times (avg, min, max): 0.000122334 9.82046e-05 0.000143886
   crystal router                : 0.000260691 0.000252295 0.000274801
   used all_to_all method: pairwise
   handle bytes (avg, min, max): 6410.16 4076 6788
   buffer bytes (avg, min, max): 4241.34 1984 4640
   setupds time 4.1314E-02 seconds   6  4      329969       16384
   setvert3d:   4      329969      461041      329969      329969
 call usrsetvert
 done :: usrsetvert

gs_setup: 233737 unique labels shared
   pairwise times (avg, min, max): 0.000121934 0.000101304 0.000145698
   crystal router                : 0.000236946 0.000229001 0.00024271
   used all_to_all method: pairwise
   handle bytes (avg, min, max): 6410.16 4076 6788
   buffer bytes (avg, min, max): 4241.34 1984 4640
   setupds time 2.9705E-02 seconds   7  4      329969       16384
   setvert3d:   6     1051025     2099601     1051025     1051025
 call usrsetvert
 done :: usrsetvert

gs_setup: 695081 unique labels shared
   pairwise times (avg, min, max): 0.000168958 0.000137997 0.000207901
   crystal router                : 0.000364998 0.000350094 0.000374389
   used all_to_all method: pairwise
   handle bytes (avg, min, max): 14594.9 9356 15380
   buffer bytes (avg, min, max): 9231.84 4512 10016
   setupds time 8.9141E-02 seconds   8  6     1051025       16384
   setvert3d:  12     5671793    22055793     5671793     5671793
 call usrsetvert
 done :: usrsetvert

gs_setup: 3553673 unique labels shared
   pairwise times (avg, min, max): 0.000188996 0.000156903 0.000219297
   crystal router                : 0.000727509 0.000716114 0.000744104
   used all_to_all method: pairwise
   handle bytes (avg, min, max): 61037.2 39020 64196
   buffer bytes (avg, min, max): 35723.3 18240 38432
   setupds time 1.6984E-01 seconds   9 12     5671793       16384
   setvert3d:  14     8031249    36342801     8031249     8031249
 call usrsetvert
 done :: usrsetvert

gs_setup: 4998057 unique labels shared
   pairwise times (avg, min, max): 0.000189686 0.000145102 0.0002244
   crystal router                : 0.000907925 0.000892401 0.000923395
   used all_to_all method: pairwise
   handle bytes (avg, min, max): 83813.9 53516 88148
   buffer bytes (avg, min, max): 48393.8 24864 52000
   setupds time 2.0622E-01 seconds  10 14     8031249       16384
 setup h1 coarse grid, nx_crs=           2
 call usrsetvert
 done :: usrsetvert

gs_setup: 18153 unique labels shared
   pairwise times (avg, min, max): 0.000111109 9.38892e-05 0.000129199
   crystal router                : 0.000165776 0.000163388 0.000169992
   all reduce                    : 0.00150778 0.0014982 0.00152559
   used all_to_all method: pairwise
   handle bytes (avg, min, max): 1873.41 1100 2036
   buffer bytes (avg, min, max): 1170.84 480 1312
 done :: setup h1 coarse grid   0.808515071868896       sec
  
 call usrdat3
 done :: usrdat3

 set initial conditions
 nekuic (1) for ifld            1
 call nekuic for vel  
 xyz min     0.0000       0.0000       0.0000    
 uvwpt min   0.0000       0.0000       0.0000       0.0000       0.0000    
 PS min      0.0000       0.0000      0.99000E+22
 xyz max     1.0000       1.0000       1.0000    
 uvwpt max   0.0000       0.0000       0.0000       0.0000       0.0000    
 PS max      0.0000       0.0000     -0.99000E+22
 done :: set initial conditions
  
 call userchk
GFM max:  1.5619E-04  6.2475E-04  6.2475E-04  6.5607E-17  6.5607E-17  1.9532E-16
 
nelt =       4, np =      4096, nx1 =      12, elements =     16384
Solve Time =   0.4088E-10
 
nelt =       4, np =      4096, nx1 =      12, elements =     16384
Solve Time =   0.4040E-10
 
nelt =       4, np =      4096, nx1 =      12, elements =     16384
Solve Time =   0.4119E-10
 
nelt =       4, np =      4096, nx1 =      12, elements =     16384
Solve Time =   0.3997E-10
 
nelt =       4, np =      4096, nx1 =      12, elements =     16384
Solve Time =   0.4088E-10
 
nelt =       4, np =      4096, nx1 =      12, elements =     16384
Solve Time =   0.4145E-10
 
nelt =       4, np =      4096, nx1 =      12, elements =     16384
Solve Time =   0.3986E-10
 
nelt =       4, np =      4096, nx1 =      12, elements =     16384
Solve Time =   0.4110E-10
 
nelt =       4, np =      4096, nx1 =      12, elements =     16384
Solve Time =   0.4091E-10
 
nelt =       4, np =      4096, nx1 =      12, elements =     16384
Solve Time =   0.3963E-10
 
nelt =       4, np =      4096, nx1 =      12, elements =     16384
Solve Time =   0.3007E-10
 
nelt =       4, np =      4096, nx1 =      12, elements =     16384
Solve Time =   0.3002E-10
 
nelt =       4, np =      4096, nx1 =      12, elements =     16384
Solve Time =   0.2924E-10
 
nelt =       4, np =      4096, nx1 =      12, elements =     16384
Solve Time =   0.2878E-10
 
nelt =       4, np =      4096, nx1 =      12, elements =     16384
Solve Time =   0.2962E-10
 
nelt =       4, np =      4096, nx1 =      12, elements =     16384
Solve Time =   0.3008E-10
 
nelt =       4, np =      4096, nx1 =      12, elements =     16384
Solve Time =   0.2883E-10
 
nelt =       4, np =      4096, nx1 =      12, elements =     16384
Solve Time =   0.2859E-10
 
nelt =       4, np =      4096, nx1 =      12, elements =     16384
Solve Time =   0.2962E-10
 
nelt =       4, np =      4096, nx1 =      12, elements =     16384
Solve Time =   0.2999E-10
 
nelt =       4, np =      4096, nx1 =      12, elements =     16384
Solve Time =   0.3625E-10
 
nelt =       4, np =      4096, nx1 =      12, elements =     16384
Solve Time =   0.3557E-10
 
nelt =       4, np =      4096, nx1 =      12, elements =     16384
Solve Time =   0.3703E-10
 
nelt =       4, np =      4096, nx1 =      12, elements =     16384
Solve Time =   0.3626E-10
 
nelt =       4, np =      4096, nx1 =      12, elements =     16384
Solve Time =   0.3555E-10
 
nelt =       4, np =      4096, nx1 =      12, elements =     16384
Solve Time =   0.3697E-10
 
nelt =       4, np =      4096, nx1 =      12, elements =     16384
Solve Time =   0.3650E-10
 
nelt =       4, np =      4096, nx1 =      12, elements =     16384
Solve Time =   0.3529E-10
 
nelt =       4, np =      4096, nx1 =      12, elements =     16384
Solve Time =   0.3632E-10
 
nelt =       4, np =      4096, nx1 =      12, elements =     16384
Solve Time =   0.3681E-10
 
nelt =       4, np =      4096, nx1 =      12, elements =     16384
Solve Time =   0.4071E-10
 
nelt =       4, np =      4096, nx1 =      12, elements =     16384
Solve Time =   0.4110E-10
 
nelt =       4, np =      4096, nx1 =      12, elements =     16384
Solve Time =   0.4262E-10
 
nelt =       4, np =      4096, nx1 =      12, elements =     16384
Solve Time =   0.4052E-10
 
nelt =       4, np =      4096, nx1 =      12, elements =     16384
Solve Time =   0.4171E-10
 
nelt =       4, np =      4096, nx1 =      12, elements =     16384
Solve Time =   0.4197E-10
 
nelt =       4, np =      4096, nx1 =      12, elements =     16384
Solve Time =   0.4079E-10
 
nelt =       4, np =      4096, nx1 =      12, elements =     16384
Solve Time =   0.4324E-10
 
nelt =       4, np =      4096, nx1 =      12, elements =     16384
Solve Time =   0.4151E-10
 
nelt =       4, np =      4096, nx1 =      12, elements =     16384
Solve Time =   0.4077E-10
 
nelt =       4, np =      4096, nx1 =      12, elements =     16384
Solve Time =   0.4800E-10
 
nelt =       4, np =      4096, nx1 =      12, elements =     16384
Solve Time =   0.4599E-10
 
nelt =       4, np =      4096, nx1 =      12, elements =     16384
Solve Time =   0.4703E-10
 
nelt =       4, np =      4096, nx1 =      12, elements =     16384
Solve Time =   0.4779E-10
 
nelt =       4, np =      4096, nx1 =      12, elements =     16384
Solve Time =   0.4640E-10
 
nelt =       4, np =      4096, nx1 =      12, elements =     16384
Solve Time =   0.4782E-10
 
nelt =       4, np =      4096, nx1 =      12, elements =     16384
Solve Time =   0.4617E-10
 
nelt =       4, np =      4096, nx1 =      12, elements =     16384
Solve Time =   0.4686E-10
 
nelt =       4, np =      4096, nx1 =      12, elements =     16384
Solve Time =   0.4741E-10
 
nelt =       4, np =      4096, nx1 =      12, elements =     16384
Solve Time =   0.4621E-10
 schfile:
 /gpfs/theta-fs1/home/thilina/env/lx12/b14.sch                                  
                                                      
Application 2260198 exit codes: 1
Application 2260198 resources: utime ~458448s, stime ~842s, Rss ~49412, inblocks ~0, outblocks ~0
