/----------------------------------------------------------\\
|      _   __ ______ __ __  ______  ____   ____   ____     |
|     / | / // ____// //_/ / ____/ / __ \\/ __ \\/ __ \\   |
|    /  |/ // __/  / ,<   /___ \\ / / / // / / // / / /    |
|   / /|  // /___ / /| | ____/ / / /_/ // /_/ // /_/ /     |
|  /_/ |_//_____//_/ |_|/_____/  \\___/ \\___/ \\___/      |
|                                                          |
|----------------------------------------------------------|
|                                                          |
| NEK5000:  Open Source Spectral Element Solver            |
| COPYRIGHT (c) 2008-2016 UCHICAGO ARGONNE, LLC            |
| Version:  16.0.0                                         |
| Web:      http://nek5000.mcs.anl.gov                     |
|                                                          |
\\----------------------------------------------------------/
                                                              

 Number of processors:           1
 REAL    wdsize      :           8
 INTEGER wdsize      :           4
 Timer accuracy      : 1.91E-07
 Reading /gpfs/theta-fs1/home/thilina/env/lx3/b3.rea                                                                                         

 mapping elements to processors
 Reading /gpfs/theta-fs1/home/thilina/env/lx3/b3.map                                                                                         
           0           8           8           8           8  NELV
 RANK     0 IEG       1       2       3       4       5       6       7       8
 element load imbalance:            0           8           8
 done :: mapping elements to processors
  
           0  objects found
 118   Parameters from file:
   1      1.00000     p001 DENSITY
   2     -100.000     p002 VISCOS
   7      1.00000     p007 RHOCP
   8      1.00000     p008 CONDUCT
  11      1.00        p011 NSTEPS
  12    -0.500000E-02 p012 DT
  21     0.100000E-05 p021 DIVERGENCE
  22     0.100000E-07 p022 HELMHOLTZ
  24     0.100000E-09 p024 TOLREL
  25     0.100000E-09 p025 TOLABS
  26     0.250000     p026 COURANT/NTAU
  27      2.00000     p027 TORDER
  66      6.00000     p066 output : <0=ascii, else binary
  67      6.00000     p067 restart: <0=ascii, else binary
  99      3.00000     p099 dealiasing: <0--> off/3--> old/4--> new
 103     0.500000E-01 p103 weight of stabilizing filter (.01)
  
 nelgt/nelgv/lelt:           8           8         100
 lx1  /lx2  /lx3 :           3           3           3
 done :: read .rea file   0.26677E-01 sec

 setup mesh topology
   Right-handed check complete for       8 elements. OK.
   setvert3d:   3         117         125         117         117
 call usrsetvert
 done :: usrsetvert

gs_setup: 0 unique labels shared
   handle bytes (avg, min, max): 1900 1900 1900
   buffer bytes (avg, min, max): 0 0 0
   setupds time 9.9921E-04 seconds   0  3         117           8
           8  max multiplicity
 done :: setup mesh topology
  
 call usrdat
 done :: usrdat

 generate geometry data
 done :: generate geometry data
  
 call usrdat2
 done :: usrdat2

 regenerate geometry data           1
 NOTE: All elements deformed , param(59) ^=0
 done :: regenerate geometry data           1
  
 verify mesh topology
  0.000000000000000E+000   1.00000000000000       Xrange
  0.000000000000000E+000   1.00000000000000       Yrange
  0.000000000000000E+000   1.00000000000000       Zrange
 done :: verify mesh topology
  
 IFTRAN   = T
 IFFLOW   = T
 IFHEAT   = F
 IFSPLIT  = T
 IFLOMACH = F
 IFUSERVP = F
 IFUSERMV = F
 IFSTRS   = F
 IFCHAR   = F
 IFCYCLIC = F
 IFAXIS   = F
 IFMVBD   = F
 IFMELT   = F
 IFMODEL  = F
 IFKEPS   = F
 IFMOAB   = F
 IFNEKNEK = F
 IFSYNC   = T
   
 IFVCOR   = T
 IFINTQ   = F
 IFCWUZ   = F
 IFSWALL  = F
 IFGEOM   = F
 IFSURT   = F
 IFWCNO   = F
   
 IFTMSH for field           1    =  F
 IFADVC for field           1    =  T
 IFNONL for field           1    =  F
   
 Dealiasing enabled, lxd=           4
  
 Estimated eigenvalues
 EIGAA =    9.86960440108936     
 EIGGA =    234.479514308161     
 EIGAE =    9.86960440108936     
 EIGAS =   8.333333333333333E-002
 EIGGE =    234.479514308161     
 EIGGS =    2.00000000000000     
  
 verify mesh topology
  0.000000000000000E+000   1.00000000000000       Xrange
  0.000000000000000E+000   1.00000000000000       Yrange
  0.000000000000000E+000   1.00000000000000       Zrange
 done :: verify mesh topology
  
  E-solver strategy:  0 itr
 mg_nx:           1           2           2
 mg_ny:           1           2           2
 mg_nz:           1           2           2
 call usrsetvert
 done :: usrsetvert

gs_setup: 0 unique labels shared
   handle bytes (avg, min, max): 796 796 796
   buffer bytes (avg, min, max): 0 0 0
   setupds time 6.7401E-04 seconds   1  2          27           8
   setvert3d:   4         279         343         279         279
 call usrsetvert
 done :: usrsetvert

gs_setup: 0 unique labels shared
   handle bytes (avg, min, max): 3580 3580 3580
   buffer bytes (avg, min, max): 0 0 0
   setupds time 8.2397E-04 seconds   2  4         279           8
   setvert3d:   3         117         125         117         117
 call usrsetvert
 done :: usrsetvert

gs_setup: 0 unique labels shared
   handle bytes (avg, min, max): 1900 1900 1900
   buffer bytes (avg, min, max): 0 0 0
   setupds time 7.5293E-04 seconds   3  3         117           8
   setvert3d:   5         513         729         513         513
 call usrsetvert
 done :: usrsetvert

gs_setup: 0 unique labels shared
   handle bytes (avg, min, max): 5836 5836 5836
   buffer bytes (avg, min, max): 0 0 0
   setupds time 1.1041E-03 seconds   4  5         513           8
 regenerate geometry data           1
 NOTE: All elements deformed , param(59) ^=0
 done :: regenerate geometry data           1
  
 h1_mg_nx:           1           2           2
 h1_mg_ny:           1           2           2
 h1_mg_nz:           1           2           2
 call usrsetvert
 done :: usrsetvert

gs_setup: 0 unique labels shared
   handle bytes (avg, min, max): 796 796 796
   buffer bytes (avg, min, max): 0 0 0
   setupds time 9.5701E-04 seconds   5  2          27           8
   setvert3d:   4         279         343         279         279
 call usrsetvert
 done :: usrsetvert

gs_setup: 0 unique labels shared
   handle bytes (avg, min, max): 3580 3580 3580
   buffer bytes (avg, min, max): 0 0 0
   setupds time 1.0021E-03 seconds   6  4         279           8
   setvert3d:   3         117         125         117         117
 call usrsetvert
 done :: usrsetvert

gs_setup: 0 unique labels shared
   handle bytes (avg, min, max): 1900 1900 1900
   buffer bytes (avg, min, max): 0 0 0
   setupds time 8.7214E-04 seconds   7  3         117           8
   setvert3d:   5         513         729         513         513
 call usrsetvert
 done :: usrsetvert

gs_setup: 0 unique labels shared
   handle bytes (avg, min, max): 5836 5836 5836
   buffer bytes (avg, min, max): 0 0 0
   setupds time 1.2789E-03 seconds   8  5         513           8
   setvert3d:   3         117         125         117         117
 call usrsetvert
 done :: usrsetvert

gs_setup: 0 unique labels shared
   handle bytes (avg, min, max): 1900 1900 1900
   buffer bytes (avg, min, max): 0 0 0
   setupds time 8.4805E-04 seconds   9  3         117           8
   setvert3d:   5         513         729         513         513
 call usrsetvert
 done :: usrsetvert

gs_setup: 0 unique labels shared
   handle bytes (avg, min, max): 5836 5836 5836
   buffer bytes (avg, min, max): 0 0 0
   setupds time 1.0259E-03 seconds  10  5         513           8
 setup h1 coarse grid, nx_crs=           2
 call usrsetvert
 done :: usrsetvert

gs_setup: 0 unique labels shared
   handle bytes (avg, min, max): 796 796 796
   buffer bytes (avg, min, max): 0 0 0
 done :: setup h1 coarse grid   1.124143600463867E-003  sec
  
 call usrdat3
 done :: usrdat3

 set initial conditions
 nekuic (1) for ifld            1
 call nekuic for vel  
 xyz min     0.0000       0.0000       0.0000    
 uvwpt min   0.0000       0.0000       0.0000       0.0000       0.0000    
 PS min      0.0000       0.0000      0.99000E+22
 xyz max     1.0000       1.0000       1.0000    
 uvwpt max   0.0000       0.0000       0.0000       0.0000       0.0000    
 PS max      0.0000       0.0000     -0.99000E+22
 done :: set initial conditions
  
 call userchk
GFM max:  5.9259E-01  5.9259E-01  5.9259E-01  0.0000E+00  0.0000E+00  0.0000E+00
 
nelt =       8, np =         1, nx1 =       3, elements =         8
Solve Time =   0.9606E-07
 
nelt =       8, np =         1, nx1 =       3, elements =         8
Solve Time =   0.1376E-06
 
nelt =       8, np =         1, nx1 =       3, elements =         8
Solve Time =   0.2561E-06
 
nelt =       8, np =         1, nx1 =       3, elements =         8
Solve Time =   0.1685E-06
 
nelt =       8, np =         1, nx1 =       3, elements =         8
Solve Time =   0.1869E-06
 
nelt =       8, np =         1, nx1 =       3, elements =         8
Solve Time =   0.1667E-06
 
nelt =       8, np =         1, nx1 =       3, elements =         8
Solve Time =   0.1589E-06
 
nelt =       8, np =         1, nx1 =       3, elements =         8
Solve Time =   0.1608E-06
 
nelt =       8, np =         1, nx1 =       3, elements =         8
Solve Time =   0.1589E-06
 
nelt =       8, np =         1, nx1 =       3, elements =         8
Solve Time =   0.1604E-06
 
nelt =       8, np =         1, nx1 =       3, elements =         8
Solve Time =   0.2178E-06
 
nelt =       8, np =         1, nx1 =       3, elements =         8
Solve Time =   0.1420E-06
 
nelt =       8, np =         1, nx1 =       3, elements =         8
Solve Time =   0.1497E-06
 
nelt =       8, np =         1, nx1 =       3, elements =         8
Solve Time =   0.1991E-06
 
nelt =       8, np =         1, nx1 =       3, elements =         8
Solve Time =   0.1111E-06
 
nelt =       8, np =         1, nx1 =       3, elements =         8
Solve Time =   0.1497E-06
 
nelt =       8, np =         1, nx1 =       3, elements =         8
Solve Time =   0.1560E-06
 
nelt =       8, np =         1, nx1 =       3, elements =         8
Solve Time =   0.1019E-06
 
nelt =       8, np =         1, nx1 =       3, elements =         8
Solve Time =   0.1405E-06
 
nelt =       8, np =         1, nx1 =       3, elements =         8
Solve Time =   0.1435E-06
 
nelt =       8, np =         1, nx1 =       3, elements =         8
Solve Time =   0.2005E-06
 
nelt =       8, np =         1, nx1 =       3, elements =         8
Solve Time =   0.1545E-06
 
nelt =       8, np =         1, nx1 =       3, elements =         8
Solve Time =   0.1788E-06
 
nelt =       8, np =         1, nx1 =       3, elements =         8
Solve Time =   0.1420E-06
 
nelt =       8, np =         1, nx1 =       3, elements =         8
Solve Time =   0.1497E-06
 
nelt =       8, np =         1, nx1 =       3, elements =         8
Solve Time =   0.1777E-06
 
nelt =       8, np =         1, nx1 =       3, elements =         8
Solve Time =   0.1435E-06
 
nelt =       8, np =         1, nx1 =       3, elements =         8
Solve Time =   0.1405E-06
 
nelt =       8, np =         1, nx1 =       3, elements =         8
Solve Time =   0.1744E-06
 
nelt =       8, np =         1, nx1 =       3, elements =         8
Solve Time =   0.1435E-06
 
nelt =       8, np =         1, nx1 =       3, elements =         8
Solve Time =   0.2005E-06
 
nelt =       8, np =         1, nx1 =       3, elements =         8
Solve Time =   0.1991E-06
 
nelt =       8, np =         1, nx1 =       3, elements =         8
Solve Time =   0.1895E-06
 
nelt =       8, np =         1, nx1 =       3, elements =         8
Solve Time =   0.1807E-06
 
nelt =       8, np =         1, nx1 =       3, elements =         8
Solve Time =   0.1932E-06
 
nelt =       8, np =         1, nx1 =       3, elements =         8
Solve Time =   0.1807E-06
 
nelt =       8, np =         1, nx1 =       3, elements =         8
Solve Time =   0.1803E-06
 
nelt =       8, np =         1, nx1 =       3, elements =         8
Solve Time =   0.1899E-06
 
nelt =       8, np =         1, nx1 =       3, elements =         8
Solve Time =   0.1589E-06
 
nelt =       8, np =         1, nx1 =       3, elements =         8
Solve Time =   0.1542E-06
 
nelt =       8, np =         1, nx1 =       3, elements =         8
Solve Time =   0.2145E-06
 
nelt =       8, np =         1, nx1 =       3, elements =         8
Solve Time =   0.1854E-06
 
nelt =       8, np =         1, nx1 =       3, elements =         8
Solve Time =   0.1575E-06
 
nelt =       8, np =         1, nx1 =       3, elements =         8
Solve Time =   0.1836E-06
 
nelt =       8, np =         1, nx1 =       3, elements =         8
Solve Time =   0.1840E-06
 
nelt =       8, np =         1, nx1 =       3, elements =         8
Solve Time =   0.1792E-06
 
nelt =       8, np =         1, nx1 =       3, elements =         8
Solve Time =   0.1589E-06
 
nelt =       8, np =         1, nx1 =       3, elements =         8
Solve Time =   0.1976E-06
 
nelt =       8, np =         1, nx1 =       3, elements =         8
Solve Time =   0.1836E-06
 
nelt =       8, np =         1, nx1 =       3, elements =         8
Solve Time =   0.1575E-06
 schfile:
 /gpfs/theta-fs1/home/thilina/env/lx3/b3.sch                                    
                                                      
  3        8  1.0000E+00  1.0000E+00  1.0000E+00  error v
 
nelt =       8, np =         1, nx1 =       3, elements =         8
Solve Time =   0.1004E-06
 
nelt =       8, np =         1, nx1 =       3, elements =         8
Solve Time =   0.9368E-07
 
nelt =       8, np =         1, nx1 =       3, elements =         8
Solve Time =   0.9427E-07
 
nelt =       8, np =         1, nx1 =       3, elements =         8
Solve Time =   0.9439E-07
 
nelt =       8, np =         1, nx1 =       3, elements =         8
Solve Time =   0.9260E-07
 
nelt =       8, np =         1, nx1 =       3, elements =         8
Solve Time =   0.9414E-07
 
nelt =       8, np =         1, nx1 =       3, elements =         8
Solve Time =   0.9310E-07
 
nelt =       8, np =         1, nx1 =       3, elements =         8
Solve Time =   0.9266E-07
 
nelt =       8, np =         1, nx1 =       3, elements =         8
Solve Time =   0.9368E-07
 
nelt =       8, np =         1, nx1 =       3, elements =         8
Solve Time =   0.9227E-07
  3        8  2.3424E-02  2.3424E-02  2.3424E-02  error s
 
nelt =       8, np =         1, nx1 =       3, elements =         8
Solve Time =   0.3154E-07
 
nelt =       8, np =         1, nx1 =       3, elements =         8
Solve Time =   0.2804E-07
 
nelt =       8, np =         1, nx1 =       3, elements =         8
Solve Time =   0.2844E-07
 
nelt =       8, np =         1, nx1 =       3, elements =         8
Solve Time =   0.2781E-07
 
nelt =       8, np =         1, nx1 =       3, elements =         8
Solve Time =   0.2849E-07
 
nelt =       8, np =         1, nx1 =       3, elements =         8
Solve Time =   0.2775E-07
 
nelt =       8, np =         1, nx1 =       3, elements =         8
Solve Time =   0.2805E-07
 
nelt =       8, np =         1, nx1 =       3, elements =         8
Solve Time =   0.2818E-07
 
nelt =       8, np =         1, nx1 =       3, elements =         8
Solve Time =   0.2852E-07
 
nelt =       8, np =         1, nx1 =       3, elements =         8
Solve Time =   0.2812E-07
  3        8  2.3424E-02  2.3424E-02  2.3424E-02  error n
   2        8  100  0.0000E+00  0.0000E+00  0.0000E+00 time for 3 hmholtz
EXIT: quit after cggov          2
  
call exitt: dying ...
  
backtrace(): obtained 8 stack frames.
./nek5000() [0x75d6e5]
./nek5000() [0x940b99]
./nek5000() [0x40d12c]
./nek5000() [0x4238b6]
./nek5000() [0x421e6e]
./nek5000() [0x4054fe]
/lib64/libc.so.6(__libc_start_main+0xf5) [0x2aaab1ca3b25]
./nek5000() [0x405409]
  
total elapsed time             :   2.21219E-01 sec
total solver time incl. I/O    :   0.00000E+00 sec
time/timestep                  :   0.00000E+00 sec
CPU seconds/timestep/gridpt    :   0.00000E+00 sec

Application 2255759 resources: utime ~0s, stime ~1s, Rss ~11320, inblocks ~0, outblocks ~0
