/----------------------------------------------------------\\
|      _   __ ______ __ __  ______  ____   ____   ____     |
|     / | / // ____// //_/ / ____/ / __ \\/ __ \\/ __ \\   |
|    /  |/ // __/  / ,<   /___ \\ / / / // / / // / / /    |
|   / /|  // /___ / /| | ____/ / / /_/ // /_/ // /_/ /     |
|  /_/ |_//_____//_/ |_|/_____/  \\___/ \\___/ \\___/      |
|                                                          |
|----------------------------------------------------------|
|                                                          |
| NEK5000:  Open Source Spectral Element Solver            |
| COPYRIGHT (c) 2008-2016 UCHICAGO ARGONNE, LLC            |
| Version:  16.0.0                                         |
| Web:      http://nek5000.mcs.anl.gov                     |
|                                                          |
\\----------------------------------------------------------/
                                                              

 Number of processors:           4
 REAL    wdsize      :           8
 INTEGER wdsize      :           4
 Timer accuracy      : 5.01E-07
 Reading /gpfs/theta-fs1/home/thilina/env/lx3/b3.rea                                                                                         

 mapping elements to processors
 Reading /gpfs/theta-fs1/home/thilina/env/lx3/b3.map                                                                                         
           0           2           2           8           8  NELV
           2           2           2           8           8  NELV
           3           2           2           8           8  NELV
           1           2           2           8           8  NELV
 RANK     0 IEG       7       8
 element load imbalance:            0           2           2
 done :: mapping elements to processors
  
           0  objects found
 118   Parameters from file:
   1      1.00000     p001 DENSITY
   2     -100.000     p002 VISCOS
   7      1.00000     p007 RHOCP
   8      1.00000     p008 CONDUCT
  11      1.00        p011 NSTEPS
  12    -0.500000E-02 p012 DT
  21     0.100000E-05 p021 DIVERGENCE
  22     0.100000E-07 p022 HELMHOLTZ
  24     0.100000E-09 p024 TOLREL
  25     0.100000E-09 p025 TOLABS
  26     0.250000     p026 COURANT/NTAU
  27      2.00000     p027 TORDER
  66      6.00000     p066 output : <0=ascii, else binary
  67      6.00000     p067 restart: <0=ascii, else binary
  99      3.00000     p099 dealiasing: <0--> off/3--> old/4--> new
 103     0.500000E-01 p103 weight of stabilizing filter (.01)
  
 nelgt/nelgv/lelt:           8           8         100
 lx1  /lx2  /lx3 :           3           3           3
 done :: read .rea file   0.29611E-01 sec

 setup mesh topology
   Right-handed check complete for       8 elements. OK.
   setvert3d:   3         117         125         117         117
 call usrsetvert
 done :: usrsetvert

gs_setup: 45 unique labels shared
   pairwise times (avg, min, max): 1.40488e-05 1.38998e-05 1.43051e-05
   crystal router                : 4.14848e-06 4.1008e-06 4.19617e-06
   all reduce                    : 2.49743e-05 2.48909e-05 2.51055e-05
   used all_to_all method: crystal router
   handle bytes (avg, min, max): 3484 3484 3484
   buffer bytes (avg, min, max): 960 960 960
   setupds time 4.0801E-03 seconds   0  3         117           8
           8  max multiplicity
 done :: setup mesh topology
  
 call usrdat
 done :: usrdat

 generate geometry data
 done :: generate geometry data
  
 call usrdat2
 done :: usrdat2

 regenerate geometry data           1
 NOTE: All elements deformed , param(59) ^=0
 done :: regenerate geometry data           1
  
 verify mesh topology
  0.000000000000000E+000   1.00000000000000       Xrange
  0.000000000000000E+000   1.00000000000000       Yrange
  0.000000000000000E+000   1.00000000000000       Zrange
 done :: verify mesh topology
  
 IFTRAN   = T
 IFFLOW   = T
 IFHEAT   = F
 IFSPLIT  = T
 IFLOMACH = F
 IFUSERVP = F
 IFUSERMV = F
 IFSTRS   = F
 IFCHAR   = F
 IFCYCLIC = F
 IFAXIS   = F
 IFMVBD   = F
 IFMELT   = F
 IFMODEL  = F
 IFKEPS   = F
 IFMOAB   = F
 IFNEKNEK = F
 IFSYNC   = T
   
 IFVCOR   = T
 IFINTQ   = F
 IFCWUZ   = F
 IFSWALL  = F
 IFGEOM   = F
 IFSURT   = F
 IFWCNO   = F
   
 IFTMSH for field           1    =  F
 IFADVC for field           1    =  T
 IFNONL for field           1    =  F
   
 Dealiasing enabled, lxd=           4
  
 Estimated eigenvalues
 EIGAA =    9.86960440108936     
 EIGGA =    234.479465587805     
 EIGAE =    9.86960440108936     
 EIGAS =   8.333333333333333E-002
 EIGGE =    234.479465587805     
 EIGGS =    2.00000000000000     
  
 verify mesh topology
  0.000000000000000E+000   1.00000000000000       Xrange
  0.000000000000000E+000   1.00000000000000       Yrange
  0.000000000000000E+000   1.00000000000000       Zrange
 done :: verify mesh topology
  
  E-solver strategy:  0 itr
 mg_nx:           1           2           2
 mg_ny:           1           2           2
 mg_nz:           1           2           2
 call usrsetvert
 done :: usrsetvert

gs_setup: 15 unique labels shared
   pairwise times (avg, min, max): 6.71744e-06 6.58035e-06 6.91414e-06
   crystal router                : 4.04119e-06 3.98159e-06 4.1008e-06
   all reduce                    : 2.52724e-06 2.5034e-06 2.59876e-06
   used all_to_all method: allreduce
   handle bytes (avg, min, max): 676 676 676
   buffer bytes (avg, min, max): 240 240 240
   setupds time 1.8990E-03 seconds   1  2          27           8
   setvert3d:   4         279         343         279         279
 call usrsetvert
 done :: usrsetvert

gs_setup: 91 unique labels shared
   pairwise times (avg, min, max): 6.62804e-06 6.50883e-06 6.69956e-06
   crystal router                : 4.45843e-06 4.41074e-06 4.50611e-06
   all reduce                    : 2.28882e-05 2.28882e-05 2.28882e-05
   used all_to_all method: crystal router
   handle bytes (avg, min, max): 6268 6268 6268
   buffer bytes (avg, min, max): 1904 1904 1904
   setupds time 3.2380E-03 seconds   2  4         279           8
   setvert3d:   3         117         125         117         117
 call usrsetvert
 done :: usrsetvert

gs_setup: 45 unique labels shared
   pairwise times (avg, min, max): 6.55651e-06 6.50883e-06 6.69956e-06
   crystal router                : 4.1008e-06 3.98159e-06 4.22001e-06
   all reduce                    : 2.17676e-05 2.16961e-05 2.18868e-05
   used all_to_all method: crystal router
   handle bytes (avg, min, max): 3484 3484 3484
   buffer bytes (avg, min, max): 960 960 960
   setupds time 2.8210E-03 seconds   3  3         117           8
   setvert3d:   5         513         729         513         513
 call usrsetvert
 done :: usrsetvert

gs_setup: 153 unique labels shared
   pairwise times (avg, min, max): 1.02222e-05 1.00851e-05 1.04189e-05
   crystal router                : 4.84586e-06 4.79221e-06 4.91142e-06
   all reduce                    : 2.43187e-05 2.41995e-05 2.43902e-05
   used all_to_all method: crystal router
   handle bytes (avg, min, max): 9964 9964 9964
   buffer bytes (avg, min, max): 3168 3168 3168
   setupds time 3.5281E-03 seconds   4  5         513           8
 regenerate geometry data           1
 NOTE: All elements deformed , param(59) ^=0
 done :: regenerate geometry data           1
  
 h1_mg_nx:           1           2           2
 h1_mg_ny:           1           2           2
 h1_mg_nz:           1           2           2
 call usrsetvert
 done :: usrsetvert

gs_setup: 15 unique labels shared
   pairwise times (avg, min, max): 7.08103e-06 6.79493e-06 7.31945e-06
   crystal router                : 1.40905e-05 1.39952e-05 1.41859e-05
   all reduce                    : 2.62856e-06 2.59876e-06 2.71797e-06
   used all_to_all method: allreduce
   handle bytes (avg, min, max): 676 676 676
   buffer bytes (avg, min, max): 240 240 240
   setupds time 2.3220E-03 seconds   5  2          27           8
   setvert3d:   4         279         343         279         279
 call usrsetvert
 done :: usrsetvert

gs_setup: 91 unique labels shared
   pairwise times (avg, min, max): 6.92606e-06 6.79493e-06 7.10487e-06
   crystal router                : 4.48227e-06 4.41074e-06 4.60148e-06
   all reduce                    : 2.65181e-05 2.63929e-05 2.67029e-05
   used all_to_all method: crystal router
   handle bytes (avg, min, max): 6268 6268 6268
   buffer bytes (avg, min, max): 1904 1904 1904
   setupds time 3.3960E-03 seconds   6  4         279           8
   setvert3d:   3         117         125         117         117
 call usrsetvert
 done :: usrsetvert

gs_setup: 45 unique labels shared
   pairwise times (avg, min, max): 5.59688e-06 5.57899e-06 5.60284e-06
   crystal router                : 4.62532e-06 4.60148e-06 4.69685e-06
   all reduce                    : 2.48492e-05 2.47002e-05 2.51055e-05
   used all_to_all method: crystal router
   handle bytes (avg, min, max): 3484 3484 3484
   buffer bytes (avg, min, max): 960 960 960
   setupds time 2.8968E-03 seconds   7  3         117           8
   setvert3d:   5         513         729         513         513
 call usrsetvert
 done :: usrsetvert

gs_setup: 153 unique labels shared
   pairwise times (avg, min, max): 5.6386e-06 5.57899e-06 5.81741e-06
   crystal router                : 5.23925e-06 5.07832e-06 5.38826e-06
   all reduce                    : 3.04997e-05 3.04937e-05 3.05176e-05
   used all_to_all method: crystal router
   handle bytes (avg, min, max): 9964 9964 9964
   buffer bytes (avg, min, max): 3168 3168 3168
   setupds time 3.3119E-03 seconds   8  5         513           8
   setvert3d:   3         117         125         117         117
 call usrsetvert
 done :: usrsetvert

gs_setup: 45 unique labels shared
   pairwise times (avg, min, max): 5.45382e-06 5.38826e-06 5.50747e-06
   crystal router                : 4.31538e-06 4.19617e-06 4.3869e-06
   all reduce                    : 2.15292e-05 2.141e-05 2.16007e-05
   used all_to_all method: crystal router
   handle bytes (avg, min, max): 3484 3484 3484
   buffer bytes (avg, min, max): 960 960 960
   setupds time 2.4829E-03 seconds   9  3         117           8
   setvert3d:   5         513         729         513         513
 call usrsetvert
 done :: usrsetvert

gs_setup: 153 unique labels shared
   pairwise times (avg, min, max): 5.74589e-06 5.6982e-06 5.79357e-06
   crystal router                : 4.76837e-06 4.69685e-06 4.79221e-06
   all reduce                    : 2.26557e-05 2.26021e-05 2.28167e-05
   used all_to_all method: crystal router
   handle bytes (avg, min, max): 9964 9964 9964
   buffer bytes (avg, min, max): 3168 3168 3168
   setupds time 3.2020E-03 seconds  10  5         513           8
 setup h1 coarse grid, nx_crs=           2
 call usrsetvert
 done :: usrsetvert

gs_setup: 15 unique labels shared
   pairwise times (avg, min, max): 7.42078e-06 7.39098e-06 7.48634e-06
   crystal router                : 4.12464e-06 4.00543e-06 4.19617e-06
   all reduce                    : 1.85788e-05 1.85013e-05 1.87159e-05
   used all_to_all method: crystal router
   handle bytes (avg, min, max): 1612 1612 1612
   buffer bytes (avg, min, max): 336 336 336
 done :: setup h1 coarse grid   3.146171569824219E-003  sec
  
 call usrdat3
 done :: usrdat3

 set initial conditions
 nekuic (1) for ifld            1
 call nekuic for vel  
 xyz min     0.0000       0.0000       0.0000    
 uvwpt min   0.0000       0.0000       0.0000       0.0000       0.0000    
 PS min      0.0000       0.0000      0.99000E+22
 xyz max     1.0000       1.0000       1.0000    
 uvwpt max   0.0000       0.0000       0.0000       0.0000       0.0000    
 PS max      0.0000       0.0000     -0.99000E+22
 done :: set initial conditions
  
 call userchk
GFM max:  5.9259E-01  5.9259E-01  5.9259E-01  0.0000E+00  0.0000E+00  0.0000E+00
 
nelt =       2, np =         4, nx1 =       3, elements =         8
Solve Time =   0.9085E-07
 
nelt =       2, np =         4, nx1 =       3, elements =         8
Solve Time =   0.2138E-06
 
nelt =       2, np =         4, nx1 =       3, elements =         8
Solve Time =   0.2888E-06
 
nelt =       2, np =         4, nx1 =       3, elements =         8
Solve Time =   0.2778E-06
 
nelt =       2, np =         4, nx1 =       3, elements =         8
Solve Time =   0.2656E-06
 
nelt =       2, np =         4, nx1 =       3, elements =         8
Solve Time =   0.3024E-06
 
nelt =       2, np =         4, nx1 =       3, elements =         8
Solve Time =   0.3212E-06
 
nelt =       2, np =         4, nx1 =       3, elements =         8
Solve Time =   0.2531E-06
 
nelt =       2, np =         4, nx1 =       3, elements =         8
Solve Time =   0.2870E-06
 
nelt =       2, np =         4, nx1 =       3, elements =         8
Solve Time =   0.3503E-06
 
nelt =       2, np =         4, nx1 =       3, elements =         8
Solve Time =   0.3459E-06
 
nelt =       2, np =         4, nx1 =       3, elements =         8
Solve Time =   0.2053E-06
 
nelt =       2, np =         4, nx1 =       3, elements =         8
Solve Time =   0.1899E-06
 
nelt =       2, np =         4, nx1 =       3, elements =         8
Solve Time =   0.1913E-06
 
nelt =       2, np =         4, nx1 =       3, elements =         8
Solve Time =   0.1865E-06
 
nelt =       2, np =         4, nx1 =       3, elements =         8
Solve Time =   0.1836E-06
 
nelt =       2, np =         4, nx1 =       3, elements =         8
Solve Time =   0.1869E-06
 
nelt =       2, np =         4, nx1 =       3, elements =         8
Solve Time =   0.2145E-06
 
nelt =       2, np =         4, nx1 =       3, elements =         8
Solve Time =   0.1759E-06
 
nelt =       2, np =         4, nx1 =       3, elements =         8
Solve Time =   0.2285E-06
 
nelt =       2, np =         4, nx1 =       3, elements =         8
Solve Time =   0.3146E-06
 
nelt =       2, np =         4, nx1 =       3, elements =         8
Solve Time =   0.2193E-06
 
nelt =       2, np =         4, nx1 =       3, elements =         8
Solve Time =   0.2546E-06
 
nelt =       2, np =         4, nx1 =       3, elements =         8
Solve Time =   0.2204E-06
 
nelt =       2, np =         4, nx1 =       3, elements =         8
Solve Time =   0.2020E-06
 
nelt =       2, np =         4, nx1 =       3, elements =         8
Solve Time =   0.3087E-06
 
nelt =       2, np =         4, nx1 =       3, elements =         8
Solve Time =   0.2546E-06
 
nelt =       2, np =         4, nx1 =       3, elements =         8
Solve Time =   0.2189E-06
 
nelt =       2, np =         4, nx1 =       3, elements =         8
Solve Time =   0.2145E-06
 
nelt =       2, np =         4, nx1 =       3, elements =         8
Solve Time =   0.2469E-06
 
nelt =       2, np =         4, nx1 =       3, elements =         8
Solve Time =   0.3624E-06
 
nelt =       2, np =         4, nx1 =       3, elements =         8
Solve Time =   0.2918E-06
 
nelt =       2, np =         4, nx1 =       3, elements =         8
Solve Time =   0.2373E-06
 
nelt =       2, np =         4, nx1 =       3, elements =         8
Solve Time =   0.2300E-06
 
nelt =       2, np =         4, nx1 =       3, elements =         8
Solve Time =   0.2454E-06
 
nelt =       2, np =         4, nx1 =       3, elements =         8
Solve Time =   0.2484E-06
 
nelt =       2, np =         4, nx1 =       3, elements =         8
Solve Time =   0.2266E-06
 
nelt =       2, np =         4, nx1 =       3, elements =         8
Solve Time =   0.2222E-06
 
nelt =       2, np =         4, nx1 =       3, elements =         8
Solve Time =   0.2222E-06
 
nelt =       2, np =         4, nx1 =       3, elements =         8
Solve Time =   0.2222E-06
 
nelt =       2, np =         4, nx1 =       3, elements =         8
Solve Time =   0.4088E-06
 
nelt =       2, np =         4, nx1 =       3, elements =         8
Solve Time =   0.2590E-06
 
nelt =       2, np =         4, nx1 =       3, elements =         8
Solve Time =   0.2885E-06
 
nelt =       2, np =         4, nx1 =       3, elements =         8
Solve Time =   0.2358E-06
 
nelt =       2, np =         4, nx1 =       3, elements =         8
Solve Time =   0.3473E-06
 
nelt =       2, np =         4, nx1 =       3, elements =         8
Solve Time =   0.2609E-06
 
nelt =       2, np =         4, nx1 =       3, elements =         8
Solve Time =   0.2870E-06
 
nelt =       2, np =         4, nx1 =       3, elements =         8
Solve Time =   0.2513E-06
 
nelt =       2, np =         4, nx1 =       3, elements =         8
Solve Time =   0.2314E-06
 
nelt =       2, np =         4, nx1 =       3, elements =         8
Solve Time =   0.2656E-06
 schfile:
 /gpfs/theta-fs1/home/thilina/env/lx3/b3.sch                                    
                                                      
  3        8  1.0000E+00  1.0000E+00  1.0000E+00  error v
  3        8  1.0000E+00  1.0000E+00  1.0000E+00  error v
  3        8  1.0000E+00  1.0000E+00  1.0000E+00  error v
  3        8  1.0000E+00  1.0000E+00  1.0000E+00  error v
 
nelt =       2, np =         4, nx1 =       3, elements =         8
Solve Time =   0.1531E-06
 
nelt =       2, np =         4, nx1 =       3, elements =         8
Solve Time =   0.1503E-06
 
nelt =       2, np =         4, nx1 =       3, elements =         8
Solve Time =   0.1454E-06
 
nelt =       2, np =         4, nx1 =       3, elements =         8
Solve Time =   0.1461E-06
 
nelt =       2, np =         4, nx1 =       3, elements =         8
Solve Time =   0.1421E-06
 
nelt =       2, np =         4, nx1 =       3, elements =         8
Solve Time =   0.1439E-06
 
nelt =       2, np =         4, nx1 =       3, elements =         8
Solve Time =   0.1436E-06
 
nelt =       2, np =         4, nx1 =       3, elements =         8
Solve Time =   0.1419E-06
 
nelt =       2, np =         4, nx1 =       3, elements =         8
Solve Time =   0.1437E-06
 
nelt =       2, np =         4, nx1 =       3, elements =         8
Solve Time =   0.1406E-06
  3        8  2.3424E-02  2.3424E-02  2.3424E-02  error s
  3        8  2.3424E-02  2.3424E-02  2.3424E-02  error s
  3        8  2.3424E-02  2.3424E-02  2.3424E-02  error s
  3        8  2.3424E-02  2.3424E-02  2.3424E-02  error s
 
nelt =       2, np =         4, nx1 =       3, elements =         8
Solve Time =   0.3985E-07
 
nelt =       2, np =         4, nx1 =       3, elements =         8
Solve Time =   0.3704E-07
 
nelt =       2, np =         4, nx1 =       3, elements =         8
Solve Time =   0.3747E-07
 
nelt =       2, np =         4, nx1 =       3, elements =         8
Solve Time =   0.3742E-07
 
nelt =       2, np =         4, nx1 =       3, elements =         8
Solve Time =   0.3634E-07
 
nelt =       2, np =         4, nx1 =       3, elements =         8
Solve Time =   0.3645E-07
 
nelt =       2, np =         4, nx1 =       3, elements =         8
Solve Time =   0.3682E-07
 
nelt =       2, np =         4, nx1 =       3, elements =         8
Solve Time =   0.3639E-07
 
nelt =       2, np =         4, nx1 =       3, elements =         8
Solve Time =   0.3617E-07
 
nelt =       2, np =         4, nx1 =       3, elements =         8
Solve Time =   0.3552E-07
  3        8  2.3424E-02  2.3424E-02  2.3424E-02  error n
  3        8  2.3424E-02  2.3424E-02  2.3424E-02  error n
  3        8  2.3424E-02  2.3424E-02  2.3424E-02  error n
  3        8  2.3424E-02  2.3424E-02  2.3424E-02  error n
   2        8  100  0.0000E+00  0.0000E+00  0.0000E+00 time for 3 hmholtz
EXIT: quit after cggov          2
  
call exitt: dying ...
  
backtrace(): obtained 8 stack frames.
./nek5000() [0x75d6e5]
./nek5000() [0x940b99]
./nek5000() [0x40d12c]
./nek5000() [0x4238b6]
./nek5000() [0x421e6e]
./nek5000() [0x4054fe]
/lib64/libc.so.6(__libc_start_main+0xf5) [0x2aaab1ca3b25]
./nek5000() [0x405409]
  
total elapsed time             :   2.69594E-01 sec
total solver time incl. I/O    :   0.00000E+00 sec
time/timestep                  :   0.00000E+00 sec
CPU seconds/timestep/gridpt    :   0.00000E+00 sec

Application 2255762 resources: utime ~1s, stime ~1s, Rss ~12256, inblocks ~0, outblocks ~0
