/----------------------------------------------------------\\
|      _   __ ______ __ __  ______  ____   ____   ____     |
|     / | / // ____// //_/ / ____/ / __ \\/ __ \\/ __ \\   |
|    /  |/ // __/  / ,<   /___ \\ / / / // / / // / / /    |
|   / /|  // /___ / /| | ____/ / / /_/ // /_/ // /_/ /     |
|  /_/ |_//_____//_/ |_|/_____/  \\___/ \\___/ \\___/      |
|                                                          |
|----------------------------------------------------------|
|                                                          |
| NEK5000:  Open Source Spectral Element Solver            |
| COPYRIGHT (c) 2008-2016 UCHICAGO ARGONNE, LLC            |
| Version:  16.0.0                                         |
| Web:      http://nek5000.mcs.anl.gov                     |
|                                                          |
\\----------------------------------------------------------/
                                                              

 Number of processors:          64
 REAL    wdsize      :           8
 INTEGER wdsize      :           4
 Timer accuracy      : 4.05E-07
 Reading /gpfs/theta-fs1/home/thilina/env/lx3/b6.rea                                                                                         

 mapping elements to processors
 Reading /gpfs/theta-fs1/home/thilina/env/lx3/b6.map                                                                                         
           0           1           1          64          64  NELV
          12           1           1          64          64  NELV
           2           1           1          64          64  NELV
          13           1           1          64          64  NELV
          23           1           1          64          64  NELV
          25           1           1          64          64  NELV
           9           1           1          64          64  NELV
          22           1           1          64          64  NELV
          27           1           1          64          64  NELV
          28           1           1          64          64  NELV
           1           1           1          64          64  NELV
           8           1           1          64          64  NELV
          50           1           1          64          64  NELV
          51           1           1          64          64  NELV
          56           1           1          64          64  NELV
          57           1           1          64          64  NELV
          35           1           1          64          64  NELV
          63           1           1          64          64  NELV
          34           1           1          64          64  NELV
          15           1           1          64          64  NELV
           3           1           1          64          64  NELV
          14           1           1          64          64  NELV
          29           1           1          64          64  NELV
           4           1           1          64          64  NELV
           5           1           1          64          64  NELV
          21           1           1          64          64  NELV
          20           1           1          64          64  NELV
          31           1           1          64          64  NELV
          24           1           1          64          64  NELV
          30           1           1          64          64  NELV
          16           1           1          64          64  NELV
           7           1           1          64          64  NELV
           6           1           1          64          64  NELV
          17           1           1          64          64  NELV
          26           1           1          64          64  NELV
          10           1           1          64          64  NELV
          11           1           1          64          64  NELV
          18           1           1          64          64  NELV
          19           1           1          64          64  NELV
 RANK     0 IEG      53
 element load imbalance:            0           1           1
 done :: mapping elements to processors
  
          44           1           1          64          64  NELV
          36           1           1          64          64  NELV
          45           1           1          64          64  NELV
          49           1           1          64          64  NELV
          46           1           1          64          64  NELV
          43           1           1          64          64  NELV
          48           1           1          64          64  NELV
          60           1           1          64          64  NELV
          58           1           1          64          64  NELV
          62           1           1          64          64  NELV
          38           1           1          64          64  NELV
          59           1           1          64          64  NELV
          47           1           1          64          64  NELV
          61           1           1          64          64  NELV
          41           1           1          64          64  NELV
          40           1           1          64          64  NELV
          39           1           1          64          64  NELV
          52           1           1          64          64  NELV
          53           1           1          64          64  NELV
          54           1           1          64          64  NELV
          42           1           1          64          64  NELV
          37           1           1          64          64  NELV
          32           1           1          64          64  NELV
          33           1           1          64          64  NELV
          55           1           1          64          64  NELV
           0  objects found
 118   Parameters from file:
   1      1.00000     p001 DENSITY
   2     -100.000     p002 VISCOS
   7      1.00000     p007 RHOCP
   8      1.00000     p008 CONDUCT
  11      1.00        p011 NSTEPS
  12    -0.500000E-02 p012 DT
  21     0.100000E-05 p021 DIVERGENCE
  22     0.100000E-07 p022 HELMHOLTZ
  24     0.100000E-09 p024 TOLREL
  25     0.100000E-09 p025 TOLABS
  26     0.250000     p026 COURANT/NTAU
  27      2.00000     p027 TORDER
  66      6.00000     p066 output : <0=ascii, else binary
  67      6.00000     p067 restart: <0=ascii, else binary
  99      3.00000     p099 dealiasing: <0--> off/3--> old/4--> new
 103     0.500000E-01 p103 weight of stabilizing filter (.01)
  
 nelgt/nelgv/lelt:          64          64         100
 lx1  /lx2  /lx3 :           3           3           3
 done :: read .rea file   0.98693E-01 sec

 setup mesh topology
   Right-handed check complete for      64 elements. OK.
   setvert3d:   3         668         732         668         668
 call usrsetvert
 done :: usrsetvert

gs_setup: 513 unique labels shared
   pairwise times (avg, min, max): 0.000118159 0.000110888 0.000129795
   crystal router                : 3.15435e-05 3.10898e-05 3.20911e-05
   all reduce                    : 9.51387e-05 9.45807e-05 9.57966e-05
   used all_to_all method: crystal router
   handle bytes (avg, min, max): 7608 6660 8460
   buffer bytes (avg, min, max): 1164 944 1344
   setupds time 2.3282E-02 seconds   0  3         668          64
           8  max multiplicity
 done :: setup mesh topology
  
 call usrdat
 done :: usrdat

 generate geometry data
 done :: generate geometry data
  
 call usrdat2
 done :: usrdat2

 regenerate geometry data           1
 NOTE: All elements deformed , param(59) ^=0
 done :: regenerate geometry data           1
  
 verify mesh topology
  0.000000000000000E+000   1.00000000000000       Xrange
  0.000000000000000E+000   1.00000000000000       Yrange
  0.000000000000000E+000   1.00000000000000       Zrange
 done :: verify mesh topology
  
 IFTRAN   = T
 IFFLOW   = T
 IFHEAT   = F
 IFSPLIT  = T
 IFLOMACH = F
 IFUSERVP = F
 IFUSERMV = F
 IFSTRS   = F
 IFCHAR   = F
 IFCYCLIC = F
 IFAXIS   = F
 IFMVBD   = F
 IFMELT   = F
 IFMODEL  = F
 IFKEPS   = F
 IFMOAB   = F
 IFNEKNEK = F
 IFSYNC   = T
   
 IFVCOR   = T
 IFINTQ   = F
 IFCWUZ   = F
 IFSWALL  = F
 IFGEOM   = F
 IFSURT   = F
 IFWCNO   = F
   
 IFTMSH for field           1    =  F
 IFADVC for field           1    =  T
 IFNONL for field           1    =  F
   
 Dealiasing enabled, lxd=           4
  
 Estimated eigenvalues
 EIGAA =    9.86960440108936     
 EIGGA =    1092.69381472645     
 EIGAE =    9.86960440108936     
 EIGAS =   8.333333333333333E-002
 EIGGE =    1092.69381472645     
 EIGGS =    2.00000000000000     
  
 verify mesh topology
  0.000000000000000E+000   1.00000000000000       Xrange
  0.000000000000000E+000   1.00000000000000       Yrange
  0.000000000000000E+000   1.00000000000000       Zrange
 done :: verify mesh topology
  
  E-solver strategy:  0 itr
 mg_nx:           1           2           2
 mg_ny:           1           2           2
 mg_nz:           1           2           2
 call usrsetvert
 done :: usrsetvert

gs_setup: 117 unique labels shared
   pairwise times (avg, min, max): 0.00011666 0.000110698 0.000127411
   crystal router                : 3.24965e-05 3.20911e-05 3.29018e-05
   all reduce                    : 5.61617e-05 5.56946e-05 5.66006e-05
   used all_to_all method: crystal router
   handle bytes (avg, min, max): 3420 3252 3660
   buffer bytes (avg, min, max): 420 352 480
   setupds time 7.3750E-03 seconds   1  2         125          64
   setvert3d:   4        1697        2209        1697        1697
 call usrsetvert
 done :: usrsetvert

gs_setup: 1197 unique labels shared
   pairwise times (avg, min, max): 0.000114595 0.000106788 0.00012629
   crystal router                : 5.52047e-05 5.46932e-05 5.60045e-05
   all reduce                    : 0.000157857 0.000156879 0.000160193
   used all_to_all method: crystal router
   handle bytes (avg, min, max): 13884 11604 15900
   buffer bytes (avg, min, max): 2228 1792 2624
   setupds time 1.1224E-02 seconds   2  4        1697          64
   setvert3d:   3         668         732         668         668
 call usrsetvert
 done :: usrsetvert

gs_setup: 513 unique labels shared
   pairwise times (avg, min, max): 0.000117576 0.000111508 0.000128508
   crystal router                : 4.19188e-05 4.16994e-05 4.21047e-05
   all reduce                    : 8.93023e-05 8.64983e-05 9.21011e-05
   used all_to_all method: crystal router
   handle bytes (avg, min, max): 7608 6660 8460
   buffer bytes (avg, min, max): 1164 944 1344
   setupds time 9.2139E-03 seconds   3  3         668          64
   setvert3d:   5        3212        4940        3212        3212
 call usrsetvert
 done :: usrsetvert

gs_setup: 2169 unique labels shared
   pairwise times (avg, min, max): 0.000124844 0.000110102 0.000141191
   crystal router                : 4.21762e-05 4.18901e-05 4.251e-05
   all reduce                    : 0.000212638 0.00021081 0.000222588
   used all_to_all method: crystal router
   handle bytes (avg, min, max): 22248 18084 25980
   buffer bytes (avg, min, max): 3626 2896 4288
   setupds time 1.6735E-02 seconds   4  5        3212          64
 regenerate geometry data           1
 NOTE: All elements deformed , param(59) ^=0
 done :: regenerate geometry data           1
  
 h1_mg_nx:           1           2           2
 h1_mg_ny:           1           2           2
 h1_mg_nz:           1           2           2
 call usrsetvert
 done :: usrsetvert

gs_setup: 117 unique labels shared
   pairwise times (avg, min, max): 0.000105897 9.93967e-05 0.000117087
   crystal router                : 2.48816e-05 2.46048e-05 2.51055e-05
   all reduce                    : 5.67827e-05 5.62906e-05 5.73158e-05
   used all_to_all method: crystal router
   handle bytes (avg, min, max): 3420 3252 3660
   buffer bytes (avg, min, max): 420 352 480
   setupds time 7.0920E-03 seconds   5  2         125          64
   setvert3d:   4        1697        2209        1697        1697
 call usrsetvert
 done :: usrsetvert

gs_setup: 1197 unique labels shared
   pairwise times (avg, min, max): 0.000103654 9.74178e-05 0.00011301
   crystal router                : 2.95006e-05 2.90871e-05 3.00169e-05
   all reduce                    : 0.000148727 0.000147295 0.000151706
   used all_to_all method: crystal router
   handle bytes (avg, min, max): 13884 11604 15900
   buffer bytes (avg, min, max): 2228 1792 2624
   setupds time 1.0572E-02 seconds   6  4        1697          64
   setvert3d:   3         668         732         668         668
 call usrsetvert
 done :: usrsetvert

gs_setup: 513 unique labels shared
   pairwise times (avg, min, max): 0.000100349 9.41992e-05 0.0001122
   crystal router                : 4.7829e-05 4.70877e-05 4.88043e-05
   all reduce                    : 9.32794e-05 9.22918e-05 9.41992e-05
   used all_to_all method: crystal router
   handle bytes (avg, min, max): 7608 6660 8460
   buffer bytes (avg, min, max): 1164 944 1344
   setupds time 7.5090E-03 seconds   7  3         668          64
   setvert3d:   5        3212        4940        3212        3212
 call usrsetvert
 done :: usrsetvert

gs_setup: 2169 unique labels shared
   pairwise times (avg, min, max): 0.000107694 0.000101399 0.000119495
   crystal router                : 3.52386e-05 3.48091e-05 3.57151e-05
   all reduce                    : 0.000216622 0.000215316 0.000219297
   used all_to_all method: crystal router
   handle bytes (avg, min, max): 22248 18084 25980
   buffer bytes (avg, min, max): 3626 2896 4288
   setupds time 1.4718E-02 seconds   8  5        3212          64
   setvert3d:   3         668         732         668         668
 call usrsetvert
 done :: usrsetvert

gs_setup: 513 unique labels shared
   pairwise times (avg, min, max): 0.000106414 0.000101709 0.000113606
   crystal router                : 3.93711e-05 3.91006e-05 3.97205e-05
   all reduce                    : 9.41932e-05 9.37939e-05 9.45091e-05
   used all_to_all method: crystal router
   handle bytes (avg, min, max): 7608 6660 8460
   buffer bytes (avg, min, max): 1164 944 1344
   setupds time 7.3671E-03 seconds   9  3         668          64
   setvert3d:   5        3212        4940        3212        3212
 call usrsetvert
 done :: usrsetvert

gs_setup: 2169 unique labels shared
   pairwise times (avg, min, max): 9.65331e-05 9.03845e-05 0.000107098
   crystal router                : 3.14139e-05 3.10898e-05 3.19004e-05
   all reduce                    : 0.000217348 0.000215793 0.000223398
   used all_to_all method: crystal router
   handle bytes (avg, min, max): 22248 18084 25980
   buffer bytes (avg, min, max): 3626 2896 4288
   setupds time 1.4605E-02 seconds  10  5        3212          64
 setup h1 coarse grid, nx_crs=           2
 call usrsetvert
 done :: usrsetvert

gs_setup: 117 unique labels shared
   pairwise times (avg, min, max): 9.01304e-05 8.37088e-05 9.82046e-05
   crystal router                : 2.64477e-05 2.61068e-05 2.68936e-05
   all reduce                    : 5.36188e-05 5.27859e-05 5.42879e-05
   used all_to_all method: crystal router
   handle bytes (avg, min, max): 3420 3252 3660
   buffer bytes (avg, min, max): 420 352 480
 done :: setup h1 coarse grid   1.269388198852539E-002  sec
  
 call usrdat3
 done :: usrdat3

 set initial conditions
 nekuic (1) for ifld            1
 call nekuic for vel  
 xyz min     0.0000       0.0000       0.0000    
 uvwpt min   0.0000       0.0000       0.0000       0.0000       0.0000    
 PS min      0.0000       0.0000      0.99000E+22
 xyz max     1.0000       1.0000       1.0000    
 uvwpt max   0.0000       0.0000       0.0000       0.0000       0.0000    
 PS max      0.0000       0.0000     -0.99000E+22
 done :: set initial conditions
  
 call userchk
GFM max:  2.9630E-01  2.9630E-01  2.9630E-01  0.0000E+00  0.0000E+00  0.0000E+00
 
nelt =       1, np =        64, nx1 =       3, elements =        64
Solve Time =   0.4036E-07
 
nelt =       1, np =        64, nx1 =       3, elements =        64
Solve Time =   0.1190E-06
 
nelt =       1, np =        64, nx1 =       3, elements =        64
Solve Time =   0.1007E-06
 
nelt =       1, np =        64, nx1 =       3, elements =        64
Solve Time =   0.9180E-07
 
nelt =       1, np =        64, nx1 =       3, elements =        64
Solve Time =   0.8587E-07
 
nelt =       1, np =        64, nx1 =       3, elements =        64
Solve Time =   0.9433E-07
 
nelt =       1, np =        64, nx1 =       3, elements =        64
Solve Time =   0.8260E-07
 
nelt =       1, np =        64, nx1 =       3, elements =        64
Solve Time =   0.9391E-07
 
nelt =       1, np =        64, nx1 =       3, elements =        64
Solve Time =   0.8104E-07
 
nelt =       1, np =        64, nx1 =       3, elements =        64
Solve Time =   0.7929E-07
 
nelt =       1, np =        64, nx1 =       3, elements =        64
Solve Time =   0.1723E-06
 
nelt =       1, np =        64, nx1 =       3, elements =        64
Solve Time =   0.6807E-07
 
nelt =       1, np =        64, nx1 =       3, elements =        64
Solve Time =   0.6692E-07
 
nelt =       1, np =        64, nx1 =       3, elements =        64
Solve Time =   0.6443E-07
 
nelt =       1, np =        64, nx1 =       3, elements =        64
Solve Time =   0.7156E-07
 
nelt =       1, np =        64, nx1 =       3, elements =        64
Solve Time =   0.6655E-07
 
nelt =       1, np =        64, nx1 =       3, elements =        64
Solve Time =   0.6425E-07
 
nelt =       1, np =        64, nx1 =       3, elements =        64
Solve Time =   0.6517E-07
 
nelt =       1, np =        64, nx1 =       3, elements =        64
Solve Time =   0.6848E-07
 
nelt =       1, np =        64, nx1 =       3, elements =        64
Solve Time =   0.6540E-07
 
nelt =       1, np =        64, nx1 =       3, elements =        64
Solve Time =   0.2047E-06
 
nelt =       1, np =        64, nx1 =       3, elements =        64
Solve Time =   0.8237E-07
 
nelt =       1, np =        64, nx1 =       3, elements =        64
Solve Time =   0.7464E-07
 
nelt =       1, np =        64, nx1 =       3, elements =        64
Solve Time =   0.7524E-07
 
nelt =       1, np =        64, nx1 =       3, elements =        64
Solve Time =   0.7368E-07
 
nelt =       1, np =        64, nx1 =       3, elements =        64
Solve Time =   0.7391E-07
 
nelt =       1, np =        64, nx1 =       3, elements =        64
Solve Time =   0.7598E-07
 
nelt =       1, np =        64, nx1 =       3, elements =        64
Solve Time =   0.7175E-07
 
nelt =       1, np =        64, nx1 =       3, elements =        64
Solve Time =   0.7234E-07
 
nelt =       1, np =        64, nx1 =       3, elements =        64
Solve Time =   0.8007E-07
 
nelt =       1, np =        64, nx1 =       3, elements =        64
Solve Time =   0.1881E-06
 
nelt =       1, np =        64, nx1 =       3, elements =        64
Solve Time =   0.8067E-07
 
nelt =       1, np =        64, nx1 =       3, elements =        64
Solve Time =   0.7984E-07
 
nelt =       1, np =        64, nx1 =       3, elements =        64
Solve Time =   0.8237E-07
 
nelt =       1, np =        64, nx1 =       3, elements =        64
Solve Time =   0.8968E-07
 
nelt =       1, np =        64, nx1 =       3, elements =        64
Solve Time =   0.8817E-07
 
nelt =       1, np =        64, nx1 =       3, elements =        64
Solve Time =   0.8389E-07
 
nelt =       1, np =        64, nx1 =       3, elements =        64
Solve Time =   0.8545E-07
 
nelt =       1, np =        64, nx1 =       3, elements =        64
Solve Time =   0.8122E-07
 
nelt =       1, np =        64, nx1 =       3, elements =        64
Solve Time =   0.7892E-07
 
nelt =       1, np =        64, nx1 =       3, elements =        64
Solve Time =   0.3029E-06
 
nelt =       1, np =        64, nx1 =       3, elements =        64
Solve Time =   0.1140E-06
 
nelt =       1, np =        64, nx1 =       3, elements =        64
Solve Time =   0.9391E-07
 
nelt =       1, np =        64, nx1 =       3, elements =        64
Solve Time =   0.8968E-07
 
nelt =       1, np =        64, nx1 =       3, elements =        64
Solve Time =   0.9088E-07
 
nelt =       1, np =        64, nx1 =       3, elements =        64
Solve Time =   0.1159E-06
 
nelt =       1, np =        64, nx1 =       3, elements =        64
Solve Time =   0.8950E-07
 
nelt =       1, np =        64, nx1 =       3, elements =        64
Solve Time =   0.9916E-07
 
nelt =       1, np =        64, nx1 =       3, elements =        64
Solve Time =   0.9203E-07
 
nelt =       1, np =        64, nx1 =       3, elements =        64
Solve Time =   0.8876E-07
 schfile:
 /gpfs/theta-fs1/home/thilina/env/lx3/b6.sch                                    
                                                      
  3       64  1.0000E+00  1.0000E+00  1.0000E+00  error v
  3       64  1.0000E+00  1.0000E+00  1.0000E+00  error v
  3       64  1.0000E+00  1.0000E+00  1.0000E+00  error v
  3       64  1.0000E+00  1.0000E+00  1.0000E+00  error v
  3       64  1.0000E+00  1.0000E+00  1.0000E+00  error v
  3       64  1.0000E+00  1.0000E+00  1.0000E+00  error v
  3       64  1.0000E+00  1.0000E+00  1.0000E+00  error v
  3       64  1.0000E+00  1.0000E+00  1.0000E+00  error v
  3       64  1.0000E+00  1.0000E+00  1.0000E+00  error v
  3       64  1.0000E+00  1.0000E+00  1.0000E+00  error v
  3       64  1.0000E+00  1.0000E+00  1.0000E+00  error v
  3       64  1.0000E+00  1.0000E+00  1.0000E+00  error v
  3       64  1.0000E+00  1.0000E+00  1.0000E+00  error v
  3       64  1.0000E+00  1.0000E+00  1.0000E+00  error v
  3       64  1.0000E+00  1.0000E+00  1.0000E+00  error v
  3       64  1.0000E+00  1.0000E+00  1.0000E+00  error v
  3       64  1.0000E+00  1.0000E+00  1.0000E+00  error v
  3       64  1.0000E+00  1.0000E+00  1.0000E+00  error v
  3       64  1.0000E+00  1.0000E+00  1.0000E+00  error v
  3       64  1.0000E+00  1.0000E+00  1.0000E+00  error v
  3       64  1.0000E+00  1.0000E+00  1.0000E+00  error v
  3       64  1.0000E+00  1.0000E+00  1.0000E+00  error v
  3       64  1.0000E+00  1.0000E+00  1.0000E+00  error v
  3       64  1.0000E+00  1.0000E+00  1.0000E+00  error v
  3       64  1.0000E+00  1.0000E+00  1.0000E+00  error v
  3       64  1.0000E+00  1.0000E+00  1.0000E+00  error v
  3       64  1.0000E+00  1.0000E+00  1.0000E+00  error v
  3       64  1.0000E+00  1.0000E+00  1.0000E+00  error v
  3       64  1.0000E+00  1.0000E+00  1.0000E+00  error v
  3       64  1.0000E+00  1.0000E+00  1.0000E+00  error v
  3       64  1.0000E+00  1.0000E+00  1.0000E+00  error v
  3       64  1.0000E+00  1.0000E+00  1.0000E+00  error v
  3       64  1.0000E+00  1.0000E+00  1.0000E+00  error v
  3       64  1.0000E+00  1.0000E+00  1.0000E+00  error v
  3       64  1.0000E+00  1.0000E+00  1.0000E+00  error v
  3       64  1.0000E+00  1.0000E+00  1.0000E+00  error v
  3       64  1.0000E+00  1.0000E+00  1.0000E+00  error v
  3       64  1.0000E+00  1.0000E+00  1.0000E+00  error v
  3       64  1.0000E+00  1.0000E+00  1.0000E+00  error v
  3       64  1.0000E+00  1.0000E+00  1.0000E+00  error v
  3       64  1.0000E+00  1.0000E+00  1.0000E+00  error v
  3       64  1.0000E+00  1.0000E+00  1.0000E+00  error v
  3       64  1.0000E+00  1.0000E+00  1.0000E+00  error v
  3       64  1.0000E+00  1.0000E+00  1.0000E+00  error v
  3       64  1.0000E+00  1.0000E+00  1.0000E+00  error v
  3       64  1.0000E+00  1.0000E+00  1.0000E+00  error v
  3       64  1.0000E+00  1.0000E+00  1.0000E+00  error v
  3       64  1.0000E+00  1.0000E+00  1.0000E+00  error v
  3       64  1.0000E+00  1.0000E+00  1.0000E+00  error v
  3       64  1.0000E+00  1.0000E+00  1.0000E+00  error v
  3       64  1.0000E+00  1.0000E+00  1.0000E+00  error v
  3       64  1.0000E+00  1.0000E+00  1.0000E+00  error v
  3       64  1.0000E+00  1.0000E+00  1.0000E+00  error v
  3       64  1.0000E+00  1.0000E+00  1.0000E+00  error v
  3       64  1.0000E+00  1.0000E+00  1.0000E+00  error v
  3       64  1.0000E+00  1.0000E+00  1.0000E+00  error v
  3       64  1.0000E+00  1.0000E+00  1.0000E+00  error v
  3       64  1.0000E+00  1.0000E+00  1.0000E+00  error v
  3       64  1.0000E+00  1.0000E+00  1.0000E+00  error v
  3       64  1.0000E+00  1.0000E+00  1.0000E+00  error v
  3       64  1.0000E+00  1.0000E+00  1.0000E+00  error v
  3       64  1.0000E+00  1.0000E+00  1.0000E+00  error v
  3       64  1.0000E+00  1.0000E+00  1.0000E+00  error v
  3       64  1.0000E+00  1.0000E+00  1.0000E+00  error v
 
nelt =       1, np =        64, nx1 =       3, elements =        64
Solve Time =   0.1001E-06
 
nelt =       1, np =        64, nx1 =       3, elements =        64
Solve Time =   0.9582E-07
 
nelt =       1, np =        64, nx1 =       3, elements =        64
Solve Time =   0.1003E-06
 
nelt =       1, np =        64, nx1 =       3, elements =        64
Solve Time =   0.9652E-07
 
nelt =       1, np =        64, nx1 =       3, elements =        64
Solve Time =   0.9500E-07
 
nelt =       1, np =        64, nx1 =       3, elements =        64
Solve Time =   0.9469E-07
 
nelt =       1, np =        64, nx1 =       3, elements =        64
Solve Time =   0.9466E-07
 
nelt =       1, np =        64, nx1 =       3, elements =        64
Solve Time =   0.9522E-07
 
nelt =       1, np =        64, nx1 =       3, elements =        64
Solve Time =   0.9621E-07
 
nelt =       1, np =        64, nx1 =       3, elements =        64
Solve Time =   0.9535E-07
  3       64  1.6594E-03  1.6594E-03  1.6594E-03  error s
  3       64  1.6594E-03  1.6594E-03  1.6594E-03  error s
  3       64  1.6594E-03  1.6594E-03  1.6594E-03  error s
  3       64  1.6594E-03  1.6594E-03  1.6594E-03  error s
  3       64  1.6594E-03  1.6594E-03  1.6594E-03  error s
  3       64  1.6594E-03  1.6594E-03  1.6594E-03  error s
  3       64  1.6594E-03  1.6594E-03  1.6594E-03  error s
  3       64  1.6594E-03  1.6594E-03  1.6594E-03  error s
  3       64  1.6594E-03  1.6594E-03  1.6594E-03  error s
  3       64  1.6594E-03  1.6594E-03  1.6594E-03  error s
  3       64  1.6594E-03  1.6594E-03  1.6594E-03  error s
  3       64  1.6594E-03  1.6594E-03  1.6594E-03  error s
  3       64  1.6594E-03  1.6594E-03  1.6594E-03  error s
  3       64  1.6594E-03  1.6594E-03  1.6594E-03  error s
  3       64  1.6594E-03  1.6594E-03  1.6594E-03  error s
  3       64  1.6594E-03  1.6594E-03  1.6594E-03  error s
  3       64  1.6594E-03  1.6594E-03  1.6594E-03  error s
  3       64  1.6594E-03  1.6594E-03  1.6594E-03  error s
  3       64  1.6594E-03  1.6594E-03  1.6594E-03  error s
  3       64  1.6594E-03  1.6594E-03  1.6594E-03  error s
  3       64  1.6594E-03  1.6594E-03  1.6594E-03  error s
  3       64  1.6594E-03  1.6594E-03  1.6594E-03  error s
  3       64  1.6594E-03  1.6594E-03  1.6594E-03  error s
  3       64  1.6594E-03  1.6594E-03  1.6594E-03  error s
  3       64  1.6594E-03  1.6594E-03  1.6594E-03  error s
  3       64  1.6594E-03  1.6594E-03  1.6594E-03  error s
  3       64  1.6594E-03  1.6594E-03  1.6594E-03  error s
  3       64  1.6594E-03  1.6594E-03  1.6594E-03  error s
  3       64  1.6594E-03  1.6594E-03  1.6594E-03  error s
  3       64  1.6594E-03  1.6594E-03  1.6594E-03  error s
  3       64  1.6594E-03  1.6594E-03  1.6594E-03  error s
  3       64  1.6594E-03  1.6594E-03  1.6594E-03  error s
  3       64  1.6594E-03  1.6594E-03  1.6594E-03  error s
  3       64  1.6594E-03  1.6594E-03  1.6594E-03  error s
  3       64  1.6594E-03  1.6594E-03  1.6594E-03  error s
  3       64  1.6594E-03  1.6594E-03  1.6594E-03  error s
  3       64  1.6594E-03  1.6594E-03  1.6594E-03  error s
  3       64  1.6594E-03  1.6594E-03  1.6594E-03  error s
  3       64  1.6594E-03  1.6594E-03  1.6594E-03  error s
  3       64  1.6594E-03  1.6594E-03  1.6594E-03  error s
  3       64  1.6594E-03  1.6594E-03  1.6594E-03  error s
  3       64  1.6594E-03  1.6594E-03  1.6594E-03  error s
  3       64  1.6594E-03  1.6594E-03  1.6594E-03  error s
  3       64  1.6594E-03  1.6594E-03  1.6594E-03  error s
  3       64  1.6594E-03  1.6594E-03  1.6594E-03  error s
  3       64  1.6594E-03  1.6594E-03  1.6594E-03  error s
  3       64  1.6594E-03  1.6594E-03  1.6594E-03  error s
  3       64  1.6594E-03  1.6594E-03  1.6594E-03  error s
  3       64  1.6594E-03  1.6594E-03  1.6594E-03  error s
  3       64  1.6594E-03  1.6594E-03  1.6594E-03  error s
  3       64  1.6594E-03  1.6594E-03  1.6594E-03  error s
  3       64  1.6594E-03  1.6594E-03  1.6594E-03  error s
  3       64  1.6594E-03  1.6594E-03  1.6594E-03  error s
  3       64  1.6594E-03  1.6594E-03  1.6594E-03  error s
  3       64  1.6594E-03  1.6594E-03  1.6594E-03  error s
  3       64  1.6594E-03  1.6594E-03  1.6594E-03  error s
  3       64  1.6594E-03  1.6594E-03  1.6594E-03  error s
  3       64  1.6594E-03  1.6594E-03  1.6594E-03  error s
  3       64  1.6594E-03  1.6594E-03  1.6594E-03  error s
  3       64  1.6594E-03  1.6594E-03  1.6594E-03  error s
  3       64  1.6594E-03  1.6594E-03  1.6594E-03  error s
  3       64  1.6594E-03  1.6594E-03  1.6594E-03  error s
  3       64  1.6594E-03  1.6594E-03  1.6594E-03  error s
  3       64  1.6594E-03  1.6594E-03  1.6594E-03  error s
 
nelt =       1, np =        64, nx1 =       3, elements =        64
Solve Time =   0.7989E-07
 
nelt =       1, np =        64, nx1 =       3, elements =        64
Solve Time =   0.7662E-07
 
nelt =       1, np =        64, nx1 =       3, elements =        64
Solve Time =   0.7633E-07
 
nelt =       1, np =        64, nx1 =       3, elements =        64
Solve Time =   0.7649E-07
 
nelt =       1, np =        64, nx1 =       3, elements =        64
Solve Time =   0.7608E-07
 
nelt =       1, np =        64, nx1 =       3, elements =        64
Solve Time =   0.7629E-07
 
nelt =       1, np =        64, nx1 =       3, elements =        64
Solve Time =   0.7669E-07
 
nelt =       1, np =        64, nx1 =       3, elements =        64
Solve Time =   0.7618E-07
 
nelt =       1, np =        64, nx1 =       3, elements =        64
Solve Time =   0.7600E-07
 
nelt =       1, np =        64, nx1 =       3, elements =        64
Solve Time =   0.7677E-07
  3       64  1.6594E-03  1.6594E-03  1.6594E-03  error n
  3       64  1.6594E-03  1.6594E-03  1.6594E-03  error n
  3       64  1.6594E-03  1.6594E-03  1.6594E-03  error n
  3       64  1.6594E-03  1.6594E-03  1.6594E-03  error n
  3       64  1.6594E-03  1.6594E-03  1.6594E-03  error n
   2       64  100  0.0000E+00  0.0000E+00  0.0000E+00 time for 3 hmholtz
  3       64  1.6594E-03  1.6594E-03  1.6594E-03  error n
  3       64  1.6594E-03  1.6594E-03  1.6594E-03  error n
EXIT: quit after cggov          2
  3       64  1.6594E-03  1.6594E-03  1.6594E-03  error n
  3       64  1.6594E-03  1.6594E-03  1.6594E-03  error n
  3       64  1.6594E-03  1.6594E-03  1.6594E-03  error n
  3       64  1.6594E-03  1.6594E-03  1.6594E-03  error n
  3       64  1.6594E-03  1.6594E-03  1.6594E-03  error n
  3       64  1.6594E-03  1.6594E-03  1.6594E-03  error n
  3       64  1.6594E-03  1.6594E-03  1.6594E-03  error n
  3       64  1.6594E-03  1.6594E-03  1.6594E-03  error n
  3       64  1.6594E-03  1.6594E-03  1.6594E-03  error n
  3       64  1.6594E-03  1.6594E-03  1.6594E-03  error n
  3       64  1.6594E-03  1.6594E-03  1.6594E-03  error n
  3       64  1.6594E-03  1.6594E-03  1.6594E-03  error n
  3       64  1.6594E-03  1.6594E-03  1.6594E-03  error n
  3       64  1.6594E-03  1.6594E-03  1.6594E-03  error n
  3       64  1.6594E-03  1.6594E-03  1.6594E-03  error n
  3       64  1.6594E-03  1.6594E-03  1.6594E-03  error n
  3       64  1.6594E-03  1.6594E-03  1.6594E-03  error n
  3       64  1.6594E-03  1.6594E-03  1.6594E-03  error n
  3       64  1.6594E-03  1.6594E-03  1.6594E-03  error n
  3       64  1.6594E-03  1.6594E-03  1.6594E-03  error n
  3       64  1.6594E-03  1.6594E-03  1.6594E-03  error n
  3       64  1.6594E-03  1.6594E-03  1.6594E-03  error n
  3       64  1.6594E-03  1.6594E-03  1.6594E-03  error n
  3       64  1.6594E-03  1.6594E-03  1.6594E-03  error n
  3       64  1.6594E-03  1.6594E-03  1.6594E-03  error n
  3       64  1.6594E-03  1.6594E-03  1.6594E-03  error n
  3       64  1.6594E-03  1.6594E-03  1.6594E-03  error n
  3       64  1.6594E-03  1.6594E-03  1.6594E-03  error n
  3       64  1.6594E-03  1.6594E-03  1.6594E-03  error n
  3       64  1.6594E-03  1.6594E-03  1.6594E-03  error n
  3       64  1.6594E-03  1.6594E-03  1.6594E-03  error n
  3       64  1.6594E-03  1.6594E-03  1.6594E-03  error n
  3       64  1.6594E-03  1.6594E-03  1.6594E-03  error n
  3       64  1.6594E-03  1.6594E-03  1.6594E-03  error n
  3       64  1.6594E-03  1.6594E-03  1.6594E-03  error n
  3       64  1.6594E-03  1.6594E-03  1.6594E-03  error n
  3       64  1.6594E-03  1.6594E-03  1.6594E-03  error n
  3       64  1.6594E-03  1.6594E-03  1.6594E-03  error n
  3       64  1.6594E-03  1.6594E-03  1.6594E-03  error n
  3       64  1.6594E-03  1.6594E-03  1.6594E-03  error n
  3       64  1.6594E-03  1.6594E-03  1.6594E-03  error n
  3       64  1.6594E-03  1.6594E-03  1.6594E-03  error n
  3       64  1.6594E-03  1.6594E-03  1.6594E-03  error n
  3       64  1.6594E-03  1.6594E-03  1.6594E-03  error n
  3       64  1.6594E-03  1.6594E-03  1.6594E-03  error n
  3       64  1.6594E-03  1.6594E-03  1.6594E-03  error n
  3       64  1.6594E-03  1.6594E-03  1.6594E-03  error n
  3       64  1.6594E-03  1.6594E-03  1.6594E-03  error n
  3       64  1.6594E-03  1.6594E-03  1.6594E-03  error n
  3       64  1.6594E-03  1.6594E-03  1.6594E-03  error n
  3       64  1.6594E-03  1.6594E-03  1.6594E-03  error n
  3       64  1.6594E-03  1.6594E-03  1.6594E-03  error n
  3       64  1.6594E-03  1.6594E-03  1.6594E-03  error n
  3       64  1.6594E-03  1.6594E-03  1.6594E-03  error n
  3       64  1.6594E-03  1.6594E-03  1.6594E-03  error n
  3       64  1.6594E-03  1.6594E-03  1.6594E-03  error n
  3       64  1.6594E-03  1.6594E-03  1.6594E-03  error n
  
call exitt: dying ...
  
backtrace(): obtained 8 stack frames.
./nek5000() [0x75d6e5]
./nek5000() [0x940b99]
./nek5000() [0x40d12c]
./nek5000() [0x4238b6]
./nek5000() [0x421e6e]
./nek5000() [0x4054fe]
/lib64/libc.so.6(__libc_start_main+0xf5) [0x2aaab1ca3b25]
./nek5000() [0x405409]
  
total elapsed time             :   1.66220E+00 sec
total solver time incl. I/O    :   0.00000E+00 sec
time/timestep                  :   0.00000E+00 sec
CPU seconds/timestep/gridpt    :   0.00000E+00 sec

Application 2255736 resources: utime ~114s, stime ~15s, Rss ~21052, inblocks ~0, outblocks ~0
