/----------------------------------------------------------\\
|      _   __ ______ __ __  ______  ____   ____   ____     |
|     / | / // ____// //_/ / ____/ / __ \\/ __ \\/ __ \\   |
|    /  |/ // __/  / ,<   /___ \\ / / / // / / // / / /    |
|   / /|  // /___ / /| | ____/ / / /_/ // /_/ // /_/ /     |
|  /_/ |_//_____//_/ |_|/_____/  \\___/ \\___/ \\___/      |
|                                                          |
|----------------------------------------------------------|
|                                                          |
| NEK5000:  Open Source Spectral Element Solver            |
| COPYRIGHT (c) 2008-2016 UCHICAGO ARGONNE, LLC            |
| Version:  16.0.0                                         |
| Web:      http://nek5000.mcs.anl.gov                     |
|                                                          |
\\----------------------------------------------------------/
                                                              

 Number of processors:         256
 REAL    wdsize      :           8
 INTEGER wdsize      :           4
 Timer accuracy      : 2.86E-07
 Reading /gpfs/theta-fs1/home/thilina/env/lx3/b8.rea                                                                                         

 mapping elements to processors
 Reading /gpfs/theta-fs1/home/thilina/env/lx3/b8.map                                                                                         
 RANK     0 IEG     245
 element load imbalance:            0           1           1
 done :: mapping elements to processors
  
           0  objects found
 118   Parameters from file:
   1      1.00000     p001 DENSITY
   2     -100.000     p002 VISCOS
   7      1.00000     p007 RHOCP
   8      1.00000     p008 CONDUCT
  11      1.00        p011 NSTEPS
  12    -0.500000E-02 p012 DT
  21     0.100000E-05 p021 DIVERGENCE
  22     0.100000E-07 p022 HELMHOLTZ
  24     0.100000E-09 p024 TOLREL
  25     0.100000E-09 p025 TOLABS
  26     0.250000     p026 COURANT/NTAU
  27      2.00000     p027 TORDER
  66      6.00000     p066 output : <0=ascii, else binary
  67      6.00000     p067 restart: <0=ascii, else binary
  99      3.00000     p099 dealiasing: <0--> off/3--> old/4--> new
 103     0.500000E-01 p103 weight of stabilizing filter (.01)
  
 nelgt/nelgv/lelt:         256         256         100
 lx1  /lx2  /lx3 :           3           3           3
 done :: read .rea file   0.49919     sec

 setup mesh topology
   Right-handed check complete for     256 elements. OK.
   setvert3d:   3        2377        2633        2377        2377
 call usrsetvert
 done :: usrsetvert

gs_setup: 2001 unique labels shared
   pairwise times (avg, min, max): 0.000116505 9.72986e-05 0.000136805
   crystal router                : 7.31546e-05 7.2217e-05 7.44104e-05
   all reduce                    : 0.00028141 0.000279784 0.000284696
   used all_to_all method: crystal router
   handle bytes (avg, min, max): 10040.5 8260 11260
   buffer bytes (avg, min, max): 1310 944 1472
   setupds time 3.1146E-02 seconds   0  3        2377         256
           8  max multiplicity
 done :: setup mesh topology
  
 call usrdat
 done :: usrdat

 generate geometry data
 done :: generate geometry data
  
 call usrdat2
 done :: usrdat2

 regenerate geometry data           1
 NOTE: All elements deformed , param(59) ^=0
 done :: regenerate geometry data           1
  
 verify mesh topology
  0.000000000000000E+000   1.00000000000000       Xrange
  0.000000000000000E+000   1.00000000000000       Yrange
  0.000000000000000E+000   1.00000000000000       Zrange
 done :: verify mesh topology
  
 IFTRAN   = T
 IFFLOW   = T
 IFHEAT   = F
 IFSPLIT  = T
 IFLOMACH = F
 IFUSERVP = F
 IFUSERMV = F
 IFSTRS   = F
 IFCHAR   = F
 IFCYCLIC = F
 IFAXIS   = F
 IFMVBD   = F
 IFMELT   = F
 IFMODEL  = F
 IFKEPS   = F
 IFMOAB   = F
 IFNEKNEK = F
 IFSYNC   = T
   
 IFVCOR   = T
 IFINTQ   = F
 IFCWUZ   = F
 IFSWALL  = F
 IFGEOM   = F
 IFSURT   = F
 IFWCNO   = F
   
 IFTMSH for field           1    =  F
 IFADVC for field           1    =  T
 IFNONL for field           1    =  F
   
 Dealiasing enabled, lxd=           4
  
 Estimated eigenvalues
 EIGAA =    9.86960440108936     
 EIGGA =    3381.64696883929     
 EIGAE =    9.86960440108936     
 EIGAS =   8.333333333333333E-002
 EIGGE =    3381.64696883929     
 EIGGS =    2.00000000000000     
  
 verify mesh topology
  0.000000000000000E+000   1.00000000000000       Xrange
  0.000000000000000E+000   1.00000000000000       Yrange
  0.000000000000000E+000   1.00000000000000       Zrange
 done :: verify mesh topology
  
  E-solver strategy:  0 itr
 mg_nx:           1           2           2
 mg_ny:           1           2           2
 mg_nz:           1           2           2
 call usrsetvert
 done :: usrsetvert

gs_setup: 397 unique labels shared
   pairwise times (avg, min, max): 0.000110154 9.68933e-05 0.000126505
   crystal router                : 5.68538e-05 5.41925e-05 5.92947e-05
   all reduce                    : 0.000157725 0.000157189 0.000158405
   used all_to_all method: crystal router
   handle bytes (avg, min, max): 4411 4036 4828
   buffer bytes (avg, min, max): 454 352 480
   setupds time 1.0225E-02 seconds   1  2         405         256
   setvert3d:   4        6201        8249        6201        6201
 call usrsetvert
 done :: usrsetvert

gs_setup: 4885 unique labels shared
   pairwise times (avg, min, max): 0.000112246 9.52005e-05 0.00013299
   crystal router                : 6.28823e-05 6.20127e-05 6.41823e-05
   all reduce                    : 0.000493137 0.000489879 0.000498223
   used all_to_all method: crystal router
   handle bytes (avg, min, max): 18574 14404 21220
   buffer bytes (avg, min, max): 2534 1792 2880
   setupds time 2.3022E-02 seconds   2  4        6201         256
   setvert3d:   3        2377        2633        2377        2377
 call usrsetvert
 done :: usrsetvert

gs_setup: 2001 unique labels shared
   pairwise times (avg, min, max): 0.000115067 9.11951e-05 0.000131917
   crystal router                : 5.96718e-05 5.7292e-05 6.22988e-05
   all reduce                    : 0.000263992 0.000262499 0.000267291
   used all_to_all method: crystal router
   handle bytes (avg, min, max): 10040.5 8260 11260
   buffer bytes (avg, min, max): 1310 944 1472
   setupds time 1.4421E-02 seconds   3  3        2377         256
   setvert3d:   5       11877       18789       11877       11877
 call usrsetvert
 done :: usrsetvert

gs_setup: 9049 unique labels shared
   pairwise times (avg, min, max): 0.000108083 9.2411e-05 0.000122905
   crystal router                : 6.42072e-05 6.33955e-05 6.53982e-05
   all reduce                    : 0.000937844 0.0009341 0.000943494
   used all_to_all method: crystal router
   handle bytes (avg, min, max): 30011.5 22468 34684
   buffer bytes (avg, min, max): 4129.5 2896 4704
   setupds time 3.0102E-02 seconds   4  5       11877         256
 regenerate geometry data           1
 NOTE: All elements deformed , param(59) ^=0
 done :: regenerate geometry data           1
  
 h1_mg_nx:           1           2           2
 h1_mg_ny:           1           2           2
 h1_mg_nz:           1           2           2
 call usrsetvert
 done :: usrsetvert

gs_setup: 397 unique labels shared
   pairwise times (avg, min, max): 0.000100269 8.8501e-05 0.000113797
   crystal router                : 5.80178e-05 5.69105e-05 5.8794e-05
   all reduce                    : 0.000164801 0.000163889 0.00016551
   used all_to_all method: crystal router
   handle bytes (avg, min, max): 4411 4036 4828
   buffer bytes (avg, min, max): 454 352 480
   setupds time 1.0741E-02 seconds   5  2         405         256
   setvert3d:   4        6201        8249        6201        6201
 call usrsetvert
 done :: usrsetvert

gs_setup: 4885 unique labels shared
   pairwise times (avg, min, max): 0.000103438 8.97884e-05 0.000122285
   crystal router                : 6.25094e-05 6.16074e-05 6.34909e-05
   all reduce                    : 0.000478152 0.000475097 0.00048182
   used all_to_all method: crystal router
   handle bytes (avg, min, max): 18574 14404 21220
   buffer bytes (avg, min, max): 2534 1792 2880
   setupds time 2.2214E-02 seconds   6  4        6201         256
   setvert3d:   3        2377        2633        2377        2377
 call usrsetvert
 done :: usrsetvert

gs_setup: 2001 unique labels shared
   pairwise times (avg, min, max): 0.000101037 8.71897e-05 0.000115705
   crystal router                : 5.78134e-05 5.67913e-05 5.86987e-05
   all reduce                    : 0.000258458 0.000256395 0.000265694
   used all_to_all method: crystal router
   handle bytes (avg, min, max): 10040.5 8260 11260
   buffer bytes (avg, min, max): 1310 944 1472
   setupds time 1.1982E-02 seconds   7  3        2377         256
   setvert3d:   5       11877       18789       11877       11877
 call usrsetvert
 done :: usrsetvert

gs_setup: 9049 unique labels shared
   pairwise times (avg, min, max): 0.000104069 8.47816e-05 0.000117183
   crystal router                : 7.25668e-05 7.06911e-05 7.82013e-05
   all reduce                    : 0.00068449 0.000682378 0.000687504
   used all_to_all method: crystal router
   handle bytes (avg, min, max): 30011.5 22468 34684
   buffer bytes (avg, min, max): 4129.5 2896 4704
   setupds time 3.2570E-02 seconds   8  5       11877         256
   setvert3d:   3        2377        2633        2377        2377
 call usrsetvert
 done :: usrsetvert

gs_setup: 2001 unique labels shared
   pairwise times (avg, min, max): 9.86163e-05 8.57115e-05 0.000112104
   crystal router                : 6.56443e-05 6.46114e-05 6.66142e-05
   all reduce                    : 0.000241692 0.000240111 0.000246906
   used all_to_all method: crystal router
   handle bytes (avg, min, max): 10040.5 8260 11260
   buffer bytes (avg, min, max): 1310 944 1472
   setupds time 1.1901E-02 seconds   9  3        2377         256
   setvert3d:   5       11877       18789       11877       11877
 call usrsetvert
 done :: usrsetvert

gs_setup: 9049 unique labels shared
   pairwise times (avg, min, max): 9.94185e-05 8.18968e-05 0.000111794
   crystal router                : 6.90559e-05 6.69956e-05 7.20024e-05
   all reduce                    : 0.000678299 0.000672817 0.000685191
   used all_to_all method: crystal router
   handle bytes (avg, min, max): 30011.5 22468 34684
   buffer bytes (avg, min, max): 4129.5 2896 4704
   setupds time 2.4371E-02 seconds  10  5       11877         256
 setup h1 coarse grid, nx_crs=           2
 call usrsetvert
 done :: usrsetvert

gs_setup: 397 unique labels shared
   pairwise times (avg, min, max): 9.88184e-05 8.72135e-05 0.000108194
   crystal router                : 5.8363e-05 5.51939e-05 6.17027e-05
   all reduce                    : 0.000154686 0.000153899 0.000155401
   used all_to_all method: crystal router
   handle bytes (avg, min, max): 4411 4036 4828
   buffer bytes (avg, min, max): 454 352 480
 done :: setup h1 coarse grid   2.456903457641602E-002  sec
  
 call usrdat3
 done :: usrdat3

 set initial conditions
 nekuic (1) for ifld            1
 call nekuic for vel  
 xyz min     0.0000       0.0000       0.0000    
 uvwpt min   0.0000       0.0000       0.0000       0.0000       0.0000    
 PS min      0.0000       0.0000      0.99000E+22
 xyz max     1.0000       1.0000       1.0000    
 uvwpt max   0.0000       0.0000       0.0000       0.0000       0.0000    
 PS max      0.0000       0.0000     -0.99000E+22
 done :: set initial conditions
  
 call userchk
GFM max:  7.4074E-02  2.9630E-01  2.9630E-01  0.0000E+00  0.0000E+00  0.0000E+00
 
nelt =       1, np =       256, nx1 =       3, elements =       256
Solve Time =   0.1861E-07
 
nelt =       1, np =       256, nx1 =       3, elements =       256
Solve Time =   0.1782E-07
 
nelt =       1, np =       256, nx1 =       3, elements =       256
Solve Time =   0.1772E-07
 
nelt =       1, np =       256, nx1 =       3, elements =       256
Solve Time =   0.4158E-07
 
nelt =       1, np =       256, nx1 =       3, elements =       256
Solve Time =   0.4060E-07
 
nelt =       1, np =       256, nx1 =       3, elements =       256
Solve Time =   0.3892E-07
 
nelt =       1, np =       256, nx1 =       3, elements =       256
Solve Time =   0.3786E-07
 
nelt =       1, np =       256, nx1 =       3, elements =       256
Solve Time =   0.3901E-07
 
nelt =       1, np =       256, nx1 =       3, elements =       256
Solve Time =   0.3935E-07
 
nelt =       1, np =       256, nx1 =       3, elements =       256
Solve Time =   0.3718E-07
 
nelt =       1, np =       256, nx1 =       3, elements =       256
Solve Time =   0.6516E-07
 
nelt =       1, np =       256, nx1 =       3, elements =       256
Solve Time =   0.3467E-07
 
nelt =       1, np =       256, nx1 =       3, elements =       256
Solve Time =   0.3178E-07
 
nelt =       1, np =       256, nx1 =       3, elements =       256
Solve Time =   0.3178E-07
 
nelt =       1, np =       256, nx1 =       3, elements =       256
Solve Time =   0.3106E-07
 
nelt =       1, np =       256, nx1 =       3, elements =       256
Solve Time =   0.2971E-07
 
nelt =       1, np =       256, nx1 =       3, elements =       256
Solve Time =   0.3265E-07
 
nelt =       1, np =       256, nx1 =       3, elements =       256
Solve Time =   0.3009E-07
 
nelt =       1, np =       256, nx1 =       3, elements =       256
Solve Time =   0.2965E-07
 
nelt =       1, np =       256, nx1 =       3, elements =       256
Solve Time =   0.2897E-07
 
nelt =       1, np =       256, nx1 =       3, elements =       256
Solve Time =   0.6530E-07
 
nelt =       1, np =       256, nx1 =       3, elements =       256
Solve Time =   0.3718E-07
 
nelt =       1, np =       256, nx1 =       3, elements =       256
Solve Time =   0.3405E-07
 
nelt =       1, np =       256, nx1 =       3, elements =       256
Solve Time =   0.3468E-07
 
nelt =       1, np =       256, nx1 =       3, elements =       256
Solve Time =   0.3371E-07
 
nelt =       1, np =       256, nx1 =       3, elements =       256
Solve Time =   0.4389E-07
 
nelt =       1, np =       256, nx1 =       3, elements =       256
Solve Time =   0.3468E-07
 
nelt =       1, np =       256, nx1 =       3, elements =       256
Solve Time =   0.3501E-07
 
nelt =       1, np =       256, nx1 =       3, elements =       256
Solve Time =   0.3255E-07
 
nelt =       1, np =       256, nx1 =       3, elements =       256
Solve Time =   0.3448E-07
 
nelt =       1, np =       256, nx1 =       3, elements =       256
Solve Time =   0.7055E-07
 
nelt =       1, np =       256, nx1 =       3, elements =       256
Solve Time =   0.3915E-07
 
nelt =       1, np =       256, nx1 =       3, elements =       256
Solve Time =   0.3964E-07
 
nelt =       1, np =       256, nx1 =       3, elements =       256
Solve Time =   0.4099E-07
 
nelt =       1, np =       256, nx1 =       3, elements =       256
Solve Time =   0.3872E-07
 
nelt =       1, np =       256, nx1 =       3, elements =       256
Solve Time =   0.3886E-07
 
nelt =       1, np =       256, nx1 =       3, elements =       256
Solve Time =   0.3743E-07
 
nelt =       1, np =       256, nx1 =       3, elements =       256
Solve Time =   0.3954E-07
 
nelt =       1, np =       256, nx1 =       3, elements =       256
Solve Time =   0.3892E-07
 
nelt =       1, np =       256, nx1 =       3, elements =       256
Solve Time =   0.3824E-07
 
nelt =       1, np =       256, nx1 =       3, elements =       256
Solve Time =   0.3435E-07
 
nelt =       1, np =       256, nx1 =       3, elements =       256
Solve Time =   0.5527E-07
 
nelt =       1, np =       256, nx1 =       3, elements =       256
Solve Time =   0.4784E-07
 
nelt =       1, np =       256, nx1 =       3, elements =       256
Solve Time =   0.4524E-07
 
nelt =       1, np =       256, nx1 =       3, elements =       256
Solve Time =   0.4567E-07
 
nelt =       1, np =       256, nx1 =       3, elements =       256
Solve Time =   0.4403E-07
 
nelt =       1, np =       256, nx1 =       3, elements =       256
Solve Time =   0.4851E-07
 
nelt =       1, np =       256, nx1 =       3, elements =       256
Solve Time =   0.4664E-07
 
nelt =       1, np =       256, nx1 =       3, elements =       256
Solve Time =   0.4562E-07
 
nelt =       1, np =       256, nx1 =       3, elements =       256
Solve Time =   0.4828E-07
 schfile:
 /gpfs/theta-fs1/home/thilina/env/lx3/b8.sch                                    
                                                      
  3      256  1.0000E+00  1.0000E+00  1.0000E+00  error v
  3      256  1.0000E+00  1.0000E+00  1.0000E+00  error v
  3      256  1.0000E+00  1.0000E+00  1.0000E+00  error v
  3      256  1.0000E+00  1.0000E+00  1.0000E+00  error v
  3      256  1.0000E+00  1.0000E+00  1.0000E+00  error v
  3      256  1.0000E+00  1.0000E+00  1.0000E+00  error v
  3      256  1.0000E+00  1.0000E+00  1.0000E+00  error v
  3      256  1.0000E+00  1.0000E+00  1.0000E+00  error v
  3      256  1.0000E+00  1.0000E+00  1.0000E+00  error v
  3      256  1.0000E+00  1.0000E+00  1.0000E+00  error v
  3      256  1.0000E+00  1.0000E+00  1.0000E+00  error v
  3      256  1.0000E+00  1.0000E+00  1.0000E+00  error v
  3      256  1.0000E+00  1.0000E+00  1.0000E+00  error v
  3      256  1.0000E+00  1.0000E+00  1.0000E+00  error v
  3      256  1.0000E+00  1.0000E+00  1.0000E+00  error v
  3      256  1.0000E+00  1.0000E+00  1.0000E+00  error v
  3      256  1.0000E+00  1.0000E+00  1.0000E+00  error v
  3      256  1.0000E+00  1.0000E+00  1.0000E+00  error v
  3      256  1.0000E+00  1.0000E+00  1.0000E+00  error v
  3      256  1.0000E+00  1.0000E+00  1.0000E+00  error v
  3      256  1.0000E+00  1.0000E+00  1.0000E+00  error v
  3      256  1.0000E+00  1.0000E+00  1.0000E+00  error v
  3      256  1.0000E+00  1.0000E+00  1.0000E+00  error v
  3      256  1.0000E+00  1.0000E+00  1.0000E+00  error v
  3      256  1.0000E+00  1.0000E+00  1.0000E+00  error v
  3      256  1.0000E+00  1.0000E+00  1.0000E+00  error v
  3      256  1.0000E+00  1.0000E+00  1.0000E+00  error v
  3      256  1.0000E+00  1.0000E+00  1.0000E+00  error v
  3      256  1.0000E+00  1.0000E+00  1.0000E+00  error v
  3      256  1.0000E+00  1.0000E+00  1.0000E+00  error v
  3      256  1.0000E+00  1.0000E+00  1.0000E+00  error v
  3      256  1.0000E+00  1.0000E+00  1.0000E+00  error v
  3      256  1.0000E+00  1.0000E+00  1.0000E+00  error v
  3      256  1.0000E+00  1.0000E+00  1.0000E+00  error v
  3      256  1.0000E+00  1.0000E+00  1.0000E+00  error v
  3      256  1.0000E+00  1.0000E+00  1.0000E+00  error v
  3      256  1.0000E+00  1.0000E+00  1.0000E+00  error v
  3      256  1.0000E+00  1.0000E+00  1.0000E+00  error v
  3      256  1.0000E+00  1.0000E+00  1.0000E+00  error v
  3      256  1.0000E+00  1.0000E+00  1.0000E+00  error v
  3      256  1.0000E+00  1.0000E+00  1.0000E+00  error v
  3      256  1.0000E+00  1.0000E+00  1.0000E+00  error v
  3      256  1.0000E+00  1.0000E+00  1.0000E+00  error v
  3      256  1.0000E+00  1.0000E+00  1.0000E+00  error v
  3      256  1.0000E+00  1.0000E+00  1.0000E+00  error v
  3      256  1.0000E+00  1.0000E+00  1.0000E+00  error v
  3      256  1.0000E+00  1.0000E+00  1.0000E+00  error v
  3      256  1.0000E+00  1.0000E+00  1.0000E+00  error v
  3      256  1.0000E+00  1.0000E+00  1.0000E+00  error v
  3      256  1.0000E+00  1.0000E+00  1.0000E+00  error v
  3      256  1.0000E+00  1.0000E+00  1.0000E+00  error v
  3      256  1.0000E+00  1.0000E+00  1.0000E+00  error v
  3      256  1.0000E+00  1.0000E+00  1.0000E+00  error v
  3      256  1.0000E+00  1.0000E+00  1.0000E+00  error v
  3      256  1.0000E+00  1.0000E+00  1.0000E+00  error v
  3      256  1.0000E+00  1.0000E+00  1.0000E+00  error v
  3      256  1.0000E+00  1.0000E+00  1.0000E+00  error v
  3      256  1.0000E+00  1.0000E+00  1.0000E+00  error v
  3      256  1.0000E+00  1.0000E+00  1.0000E+00  error v
  3      256  1.0000E+00  1.0000E+00  1.0000E+00  error v
  3      256  1.0000E+00  1.0000E+00  1.0000E+00  error v
  3      256  1.0000E+00  1.0000E+00  1.0000E+00  error v
  3      256  1.0000E+00  1.0000E+00  1.0000E+00  error v
  3      256  1.0000E+00  1.0000E+00  1.0000E+00  error v
  3      256  1.0000E+00  1.0000E+00  1.0000E+00  error v
  3      256  1.0000E+00  1.0000E+00  1.0000E+00  error v
  3      256  1.0000E+00  1.0000E+00  1.0000E+00  error v
  3      256  1.0000E+00  1.0000E+00  1.0000E+00  error v
  3      256  1.0000E+00  1.0000E+00  1.0000E+00  error v
  3      256  1.0000E+00  1.0000E+00  1.0000E+00  error v
  3      256  1.0000E+00  1.0000E+00  1.0000E+00  error v
  3      256  1.0000E+00  1.0000E+00  1.0000E+00  error v
  3      256  1.0000E+00  1.0000E+00  1.0000E+00  error v
  3      256  1.0000E+00  1.0000E+00  1.0000E+00  error v
  3      256  1.0000E+00  1.0000E+00  1.0000E+00  error v
  3      256  1.0000E+00  1.0000E+00  1.0000E+00  error v
  3      256  1.0000E+00  1.0000E+00  1.0000E+00  error v
  3      256  1.0000E+00  1.0000E+00  1.0000E+00  error v
  3      256  1.0000E+00  1.0000E+00  1.0000E+00  error v
  3      256  1.0000E+00  1.0000E+00  1.0000E+00  error v
  3      256  1.0000E+00  1.0000E+00  1.0000E+00  error v
  3      256  1.0000E+00  1.0000E+00  1.0000E+00  error v
  3      256  1.0000E+00  1.0000E+00  1.0000E+00  error v
  3      256  1.0000E+00  1.0000E+00  1.0000E+00  error v
  3      256  1.0000E+00  1.0000E+00  1.0000E+00  error v
  3      256  1.0000E+00  1.0000E+00  1.0000E+00  error v
  3      256  1.0000E+00  1.0000E+00  1.0000E+00  error v
  3      256  1.0000E+00  1.0000E+00  1.0000E+00  error v
  3      256  1.0000E+00  1.0000E+00  1.0000E+00  error v
  3      256  1.0000E+00  1.0000E+00  1.0000E+00  error v
  3      256  1.0000E+00  1.0000E+00  1.0000E+00  error v
  3      256  1.0000E+00  1.0000E+00  1.0000E+00  error v
  3      256  1.0000E+00  1.0000E+00  1.0000E+00  error v
  3      256  1.0000E+00  1.0000E+00  1.0000E+00  error v
  3      256  1.0000E+00  1.0000E+00  1.0000E+00  error v
  3      256  1.0000E+00  1.0000E+00  1.0000E+00  error v
  3      256  1.0000E+00  1.0000E+00  1.0000E+00  error v
  3      256  1.0000E+00  1.0000E+00  1.0000E+00  error v
  3      256  1.0000E+00  1.0000E+00  1.0000E+00  error v
  3      256  1.0000E+00  1.0000E+00  1.0000E+00  error v
  3      256  1.0000E+00  1.0000E+00  1.0000E+00  error v
  3      256  1.0000E+00  1.0000E+00  1.0000E+00  error v
  3      256  1.0000E+00  1.0000E+00  1.0000E+00  error v
  3      256  1.0000E+00  1.0000E+00  1.0000E+00  error v
  3      256  1.0000E+00  1.0000E+00  1.0000E+00  error v
  3      256  1.0000E+00  1.0000E+00  1.0000E+00  error v
  3      256  1.0000E+00  1.0000E+00  1.0000E+00  error v
  3      256  1.0000E+00  1.0000E+00  1.0000E+00  error v
  3      256  1.0000E+00  1.0000E+00  1.0000E+00  error v
  3      256  1.0000E+00  1.0000E+00  1.0000E+00  error v
  3      256  1.0000E+00  1.0000E+00  1.0000E+00  error v
  3      256  1.0000E+00  1.0000E+00  1.0000E+00  error v
  3      256  1.0000E+00  1.0000E+00  1.0000E+00  error v
  3      256  1.0000E+00  1.0000E+00  1.0000E+00  error v
  3      256  1.0000E+00  1.0000E+00  1.0000E+00  error v
  3      256  1.0000E+00  1.0000E+00  1.0000E+00  error v
  3      256  1.0000E+00  1.0000E+00  1.0000E+00  error v
  3      256  1.0000E+00  1.0000E+00  1.0000E+00  error v
  3      256  1.0000E+00  1.0000E+00  1.0000E+00  error v
  3      256  1.0000E+00  1.0000E+00  1.0000E+00  error v
  3      256  1.0000E+00  1.0000E+00  1.0000E+00  error v
  3      256  1.0000E+00  1.0000E+00  1.0000E+00  error v
  3      256  1.0000E+00  1.0000E+00  1.0000E+00  error v
  3      256  1.0000E+00  1.0000E+00  1.0000E+00  error v
  3      256  1.0000E+00  1.0000E+00  1.0000E+00  error v
  3      256  1.0000E+00  1.0000E+00  1.0000E+00  error v
  3      256  1.0000E+00  1.0000E+00  1.0000E+00  error v
  3      256  1.0000E+00  1.0000E+00  1.0000E+00  error v
  3      256  1.0000E+00  1.0000E+00  1.0000E+00  error v
  3      256  1.0000E+00  1.0000E+00  1.0000E+00  error v
  3      256  1.0000E+00  1.0000E+00  1.0000E+00  error v
  3      256  1.0000E+00  1.0000E+00  1.0000E+00  error v
  3      256  1.0000E+00  1.0000E+00  1.0000E+00  error v
  3      256  1.0000E+00  1.0000E+00  1.0000E+00  error v
  3      256  1.0000E+00  1.0000E+00  1.0000E+00  error v
  3      256  1.0000E+00  1.0000E+00  1.0000E+00  error v
  3      256  1.0000E+00  1.0000E+00  1.0000E+00  error v
  3      256  1.0000E+00  1.0000E+00  1.0000E+00  error v
  3      256  1.0000E+00  1.0000E+00  1.0000E+00  error v
  3      256  1.0000E+00  1.0000E+00  1.0000E+00  error v
  3      256  1.0000E+00  1.0000E+00  1.0000E+00  error v
  3      256  1.0000E+00  1.0000E+00  1.0000E+00  error v
  3      256  1.0000E+00  1.0000E+00  1.0000E+00  error v
  3      256  1.0000E+00  1.0000E+00  1.0000E+00  error v
  3      256  1.0000E+00  1.0000E+00  1.0000E+00  error v
  3      256  1.0000E+00  1.0000E+00  1.0000E+00  error v
  3      256  1.0000E+00  1.0000E+00  1.0000E+00  error v
  3      256  1.0000E+00  1.0000E+00  1.0000E+00  error v
  3      256  1.0000E+00  1.0000E+00  1.0000E+00  error v
  3      256  1.0000E+00  1.0000E+00  1.0000E+00  error v
  3      256  1.0000E+00  1.0000E+00  1.0000E+00  error v
  3      256  1.0000E+00  1.0000E+00  1.0000E+00  error v
  3      256  1.0000E+00  1.0000E+00  1.0000E+00  error v
  3      256  1.0000E+00  1.0000E+00  1.0000E+00  error v
  3      256  1.0000E+00  1.0000E+00  1.0000E+00  error v
  3      256  1.0000E+00  1.0000E+00  1.0000E+00  error v
  3      256  1.0000E+00  1.0000E+00  1.0000E+00  error v
  3      256  1.0000E+00  1.0000E+00  1.0000E+00  error v
  3      256  1.0000E+00  1.0000E+00  1.0000E+00  error v
  3      256  1.0000E+00  1.0000E+00  1.0000E+00  error v
  3      256  1.0000E+00  1.0000E+00  1.0000E+00  error v
  3      256  1.0000E+00  1.0000E+00  1.0000E+00  error v
  3      256  1.0000E+00  1.0000E+00  1.0000E+00  error v
  3      256  1.0000E+00  1.0000E+00  1.0000E+00  error v
  3      256  1.0000E+00  1.0000E+00  1.0000E+00  error v
  3      256  1.0000E+00  1.0000E+00  1.0000E+00  error v
  3      256  1.0000E+00  1.0000E+00  1.0000E+00  error v
  3      256  1.0000E+00  1.0000E+00  1.0000E+00  error v
  3      256  1.0000E+00  1.0000E+00  1.0000E+00  error v
  3      256  1.0000E+00  1.0000E+00  1.0000E+00  error v
  3      256  1.0000E+00  1.0000E+00  1.0000E+00  error v
  3      256  1.0000E+00  1.0000E+00  1.0000E+00  error v
  3      256  1.0000E+00  1.0000E+00  1.0000E+00  error v
  3      256  1.0000E+00  1.0000E+00  1.0000E+00  error v
  3      256  1.0000E+00  1.0000E+00  1.0000E+00  error v
  3      256  1.0000E+00  1.0000E+00  1.0000E+00  error v
  3      256  1.0000E+00  1.0000E+00  1.0000E+00  error v
  3      256  1.0000E+00  1.0000E+00  1.0000E+00  error v
  3      256  1.0000E+00  1.0000E+00  1.0000E+00  error v
  3      256  1.0000E+00  1.0000E+00  1.0000E+00  error v
  3      256  1.0000E+00  1.0000E+00  1.0000E+00  error v
  3      256  1.0000E+00  1.0000E+00  1.0000E+00  error v
  3      256  1.0000E+00  1.0000E+00  1.0000E+00  error v
  3      256  1.0000E+00  1.0000E+00  1.0000E+00  error v
  3      256  1.0000E+00  1.0000E+00  1.0000E+00  error v
  3      256  1.0000E+00  1.0000E+00  1.0000E+00  error v
  3      256  1.0000E+00  1.0000E+00  1.0000E+00  error v
  3      256  1.0000E+00  1.0000E+00  1.0000E+00  error v
  3      256  1.0000E+00  1.0000E+00  1.0000E+00  error v
  3      256  1.0000E+00  1.0000E+00  1.0000E+00  error v
  3      256  1.0000E+00  1.0000E+00  1.0000E+00  error v
  3      256  1.0000E+00  1.0000E+00  1.0000E+00  error v
  3      256  1.0000E+00  1.0000E+00  1.0000E+00  error v
  3      256  1.0000E+00  1.0000E+00  1.0000E+00  error v
  3      256  1.0000E+00  1.0000E+00  1.0000E+00  error v
  3      256  1.0000E+00  1.0000E+00  1.0000E+00  error v
  3      256  1.0000E+00  1.0000E+00  1.0000E+00  error v
  3      256  1.0000E+00  1.0000E+00  1.0000E+00  error v
  3      256  1.0000E+00  1.0000E+00  1.0000E+00  error v
  3      256  1.0000E+00  1.0000E+00  1.0000E+00  error v
  3      256  1.0000E+00  1.0000E+00  1.0000E+00  error v
  3      256  1.0000E+00  1.0000E+00  1.0000E+00  error v
  3      256  1.0000E+00  1.0000E+00  1.0000E+00  error v
  3      256  1.0000E+00  1.0000E+00  1.0000E+00  error v
  3      256  1.0000E+00  1.0000E+00  1.0000E+00  error v
  3      256  1.0000E+00  1.0000E+00  1.0000E+00  error v
  3      256  1.0000E+00  1.0000E+00  1.0000E+00  error v
  3      256  1.0000E+00  1.0000E+00  1.0000E+00  error v
  3      256  1.0000E+00  1.0000E+00  1.0000E+00  error v
  3      256  1.0000E+00  1.0000E+00  1.0000E+00  error v
  3      256  1.0000E+00  1.0000E+00  1.0000E+00  error v
  3      256  1.0000E+00  1.0000E+00  1.0000E+00  error v
  3      256  1.0000E+00  1.0000E+00  1.0000E+00  error v
  3      256  1.0000E+00  1.0000E+00  1.0000E+00  error v
  3      256  1.0000E+00  1.0000E+00  1.0000E+00  error v
  3      256  1.0000E+00  1.0000E+00  1.0000E+00  error v
  3      256  1.0000E+00  1.0000E+00  1.0000E+00  error v
  3      256  1.0000E+00  1.0000E+00  1.0000E+00  error v
  3      256  1.0000E+00  1.0000E+00  1.0000E+00  error v
  3      256  1.0000E+00  1.0000E+00  1.0000E+00  error v
  3      256  1.0000E+00  1.0000E+00  1.0000E+00  error v
  3      256  1.0000E+00  1.0000E+00  1.0000E+00  error v
  3      256  1.0000E+00  1.0000E+00  1.0000E+00  error v
  3      256  1.0000E+00  1.0000E+00  1.0000E+00  error v
  3      256  1.0000E+00  1.0000E+00  1.0000E+00  error v
  3      256  1.0000E+00  1.0000E+00  1.0000E+00  error v
  3      256  1.0000E+00  1.0000E+00  1.0000E+00  error v
  3      256  1.0000E+00  1.0000E+00  1.0000E+00  error v
  3      256  1.0000E+00  1.0000E+00  1.0000E+00  error v
  3      256  1.0000E+00  1.0000E+00  1.0000E+00  error v
  3      256  1.0000E+00  1.0000E+00  1.0000E+00  error v
  3      256  1.0000E+00  1.0000E+00  1.0000E+00  error v
  3      256  1.0000E+00  1.0000E+00  1.0000E+00  error v
  3      256  1.0000E+00  1.0000E+00  1.0000E+00  error v
  3      256  1.0000E+00  1.0000E+00  1.0000E+00  error v
  3      256  1.0000E+00  1.0000E+00  1.0000E+00  error v
  3      256  1.0000E+00  1.0000E+00  1.0000E+00  error v
  3      256  1.0000E+00  1.0000E+00  1.0000E+00  error v
  3      256  1.0000E+00  1.0000E+00  1.0000E+00  error v
  3      256  1.0000E+00  1.0000E+00  1.0000E+00  error v
  3      256  1.0000E+00  1.0000E+00  1.0000E+00  error v
  3      256  1.0000E+00  1.0000E+00  1.0000E+00  error v
  3      256  1.0000E+00  1.0000E+00  1.0000E+00  error v
  3      256  1.0000E+00  1.0000E+00  1.0000E+00  error v
  3      256  1.0000E+00  1.0000E+00  1.0000E+00  error v
  3      256  1.0000E+00  1.0000E+00  1.0000E+00  error v
  3      256  1.0000E+00  1.0000E+00  1.0000E+00  error v
  3      256  1.0000E+00  1.0000E+00  1.0000E+00  error v
  3      256  1.0000E+00  1.0000E+00  1.0000E+00  error v
  3      256  1.0000E+00  1.0000E+00  1.0000E+00  error v
  3      256  1.0000E+00  1.0000E+00  1.0000E+00  error v
  3      256  1.0000E+00  1.0000E+00  1.0000E+00  error v
  3      256  1.0000E+00  1.0000E+00  1.0000E+00  error v
  3      256  1.0000E+00  1.0000E+00  1.0000E+00  error v
  3      256  1.0000E+00  1.0000E+00  1.0000E+00  error v
  3      256  1.0000E+00  1.0000E+00  1.0000E+00  error v
 
nelt =       1, np =       256, nx1 =       3, elements =       256
Solve Time =   0.5125E-07
 
nelt =       1, np =       256, nx1 =       3, elements =       256
Solve Time =   0.4885E-07
 
nelt =       1, np =       256, nx1 =       3, elements =       256
Solve Time =   0.4864E-07
 
nelt =       1, np =       256, nx1 =       3, elements =       256
Solve Time =   0.4845E-07
 
nelt =       1, np =       256, nx1 =       3, elements =       256
Solve Time =   0.4894E-07
 
nelt =       1, np =       256, nx1 =       3, elements =       256
Solve Time =   0.4863E-07
 
nelt =       1, np =       256, nx1 =       3, elements =       256
Solve Time =   0.4876E-07
 
nelt =       1, np =       256, nx1 =       3, elements =       256
Solve Time =   0.4818E-07
 
nelt =       1, np =       256, nx1 =       3, elements =       256
Solve Time =   0.4859E-07
 
nelt =       1, np =       256, nx1 =       3, elements =       256
Solve Time =   0.4850E-07
  3      256  6.2441E-04  6.2441E-04  6.2441E-04  error s
  3      256  6.2441E-04  6.2441E-04  6.2441E-04  error s
  3      256  6.2441E-04  6.2441E-04  6.2441E-04  error s
  3      256  6.2441E-04  6.2441E-04  6.2441E-04  error s
  3      256  6.2441E-04  6.2441E-04  6.2441E-04  error s
  3      256  6.2441E-04  6.2441E-04  6.2441E-04  error s
  3      256  6.2441E-04  6.2441E-04  6.2441E-04  error s
  3      256  6.2441E-04  6.2441E-04  6.2441E-04  error s
  3      256  6.2441E-04  6.2441E-04  6.2441E-04  error s
  3      256  6.2441E-04  6.2441E-04  6.2441E-04  error s
  3      256  6.2441E-04  6.2441E-04  6.2441E-04  error s
  3      256  6.2441E-04  6.2441E-04  6.2441E-04  error s
  3      256  6.2441E-04  6.2441E-04  6.2441E-04  error s
  3      256  6.2441E-04  6.2441E-04  6.2441E-04  error s
  3      256  6.2441E-04  6.2441E-04  6.2441E-04  error s
  3      256  6.2441E-04  6.2441E-04  6.2441E-04  error s
  3      256  6.2441E-04  6.2441E-04  6.2441E-04  error s
  3      256  6.2441E-04  6.2441E-04  6.2441E-04  error s
  3      256  6.2441E-04  6.2441E-04  6.2441E-04  error s
  3      256  6.2441E-04  6.2441E-04  6.2441E-04  error s
  3      256  6.2441E-04  6.2441E-04  6.2441E-04  error s
  3      256  6.2441E-04  6.2441E-04  6.2441E-04  error s
  3      256  6.2441E-04  6.2441E-04  6.2441E-04  error s
  3      256  6.2441E-04  6.2441E-04  6.2441E-04  error s
  3      256  6.2441E-04  6.2441E-04  6.2441E-04  error s
  3      256  6.2441E-04  6.2441E-04  6.2441E-04  error s
  3      256  6.2441E-04  6.2441E-04  6.2441E-04  error s
  3      256  6.2441E-04  6.2441E-04  6.2441E-04  error s
  3      256  6.2441E-04  6.2441E-04  6.2441E-04  error s
  3      256  6.2441E-04  6.2441E-04  6.2441E-04  error s
  3      256  6.2441E-04  6.2441E-04  6.2441E-04  error s
  3      256  6.2441E-04  6.2441E-04  6.2441E-04  error s
  3      256  6.2441E-04  6.2441E-04  6.2441E-04  error s
  3      256  6.2441E-04  6.2441E-04  6.2441E-04  error s
  3      256  6.2441E-04  6.2441E-04  6.2441E-04  error s
  3      256  6.2441E-04  6.2441E-04  6.2441E-04  error s
  3      256  6.2441E-04  6.2441E-04  6.2441E-04  error s
  3      256  6.2441E-04  6.2441E-04  6.2441E-04  error s
  3      256  6.2441E-04  6.2441E-04  6.2441E-04  error s
  3      256  6.2441E-04  6.2441E-04  6.2441E-04  error s
  3      256  6.2441E-04  6.2441E-04  6.2441E-04  error s
  3      256  6.2441E-04  6.2441E-04  6.2441E-04  error s
  3      256  6.2441E-04  6.2441E-04  6.2441E-04  error s
  3      256  6.2441E-04  6.2441E-04  6.2441E-04  error s
  3      256  6.2441E-04  6.2441E-04  6.2441E-04  error s
  3      256  6.2441E-04  6.2441E-04  6.2441E-04  error s
  3      256  6.2441E-04  6.2441E-04  6.2441E-04  error s
  3      256  6.2441E-04  6.2441E-04  6.2441E-04  error s
  3      256  6.2441E-04  6.2441E-04  6.2441E-04  error s
  3      256  6.2441E-04  6.2441E-04  6.2441E-04  error s
  3      256  6.2441E-04  6.2441E-04  6.2441E-04  error s
  3      256  6.2441E-04  6.2441E-04  6.2441E-04  error s
  3      256  6.2441E-04  6.2441E-04  6.2441E-04  error s
  3      256  6.2441E-04  6.2441E-04  6.2441E-04  error s
  3      256  6.2441E-04  6.2441E-04  6.2441E-04  error s
  3      256  6.2441E-04  6.2441E-04  6.2441E-04  error s
  3      256  6.2441E-04  6.2441E-04  6.2441E-04  error s
  3      256  6.2441E-04  6.2441E-04  6.2441E-04  error s
  3      256  6.2441E-04  6.2441E-04  6.2441E-04  error s
  3      256  6.2441E-04  6.2441E-04  6.2441E-04  error s
  3      256  6.2441E-04  6.2441E-04  6.2441E-04  error s
  3      256  6.2441E-04  6.2441E-04  6.2441E-04  error s
  3      256  6.2441E-04  6.2441E-04  6.2441E-04  error s
  3      256  6.2441E-04  6.2441E-04  6.2441E-04  error s
  3      256  6.2441E-04  6.2441E-04  6.2441E-04  error s
  3      256  6.2441E-04  6.2441E-04  6.2441E-04  error s
  3      256  6.2441E-04  6.2441E-04  6.2441E-04  error s
  3      256  6.2441E-04  6.2441E-04  6.2441E-04  error s
  3      256  6.2441E-04  6.2441E-04  6.2441E-04  error s
  3      256  6.2441E-04  6.2441E-04  6.2441E-04  error s
  3      256  6.2441E-04  6.2441E-04  6.2441E-04  error s
  3      256  6.2441E-04  6.2441E-04  6.2441E-04  error s
  3      256  6.2441E-04  6.2441E-04  6.2441E-04  error s
  3      256  6.2441E-04  6.2441E-04  6.2441E-04  error s
  3      256  6.2441E-04  6.2441E-04  6.2441E-04  error s
  3      256  6.2441E-04  6.2441E-04  6.2441E-04  error s
  3      256  6.2441E-04  6.2441E-04  6.2441E-04  error s
  3      256  6.2441E-04  6.2441E-04  6.2441E-04  error s
  3      256  6.2441E-04  6.2441E-04  6.2441E-04  error s
  3      256  6.2441E-04  6.2441E-04  6.2441E-04  error s
  3      256  6.2441E-04  6.2441E-04  6.2441E-04  error s
  3      256  6.2441E-04  6.2441E-04  6.2441E-04  error s
  3      256  6.2441E-04  6.2441E-04  6.2441E-04  error s
  3      256  6.2441E-04  6.2441E-04  6.2441E-04  error s
  3      256  6.2441E-04  6.2441E-04  6.2441E-04  error s
  3      256  6.2441E-04  6.2441E-04  6.2441E-04  error s
  3      256  6.2441E-04  6.2441E-04  6.2441E-04  error s
  3      256  6.2441E-04  6.2441E-04  6.2441E-04  error s
  3      256  6.2441E-04  6.2441E-04  6.2441E-04  error s
  3      256  6.2441E-04  6.2441E-04  6.2441E-04  error s
  3      256  6.2441E-04  6.2441E-04  6.2441E-04  error s
  3      256  6.2441E-04  6.2441E-04  6.2441E-04  error s
  3      256  6.2441E-04  6.2441E-04  6.2441E-04  error s
  3      256  6.2441E-04  6.2441E-04  6.2441E-04  error s
  3      256  6.2441E-04  6.2441E-04  6.2441E-04  error s
  3      256  6.2441E-04  6.2441E-04  6.2441E-04  error s
  3      256  6.2441E-04  6.2441E-04  6.2441E-04  error s
  3      256  6.2441E-04  6.2441E-04  6.2441E-04  error s
  3      256  6.2441E-04  6.2441E-04  6.2441E-04  error s
  3      256  6.2441E-04  6.2441E-04  6.2441E-04  error s
  3      256  6.2441E-04  6.2441E-04  6.2441E-04  error s
  3      256  6.2441E-04  6.2441E-04  6.2441E-04  error s
  3      256  6.2441E-04  6.2441E-04  6.2441E-04  error s
  3      256  6.2441E-04  6.2441E-04  6.2441E-04  error s
  3      256  6.2441E-04  6.2441E-04  6.2441E-04  error s
  3      256  6.2441E-04  6.2441E-04  6.2441E-04  error s
  3      256  6.2441E-04  6.2441E-04  6.2441E-04  error s
  3      256  6.2441E-04  6.2441E-04  6.2441E-04  error s
  3      256  6.2441E-04  6.2441E-04  6.2441E-04  error s
  3      256  6.2441E-04  6.2441E-04  6.2441E-04  error s
  3      256  6.2441E-04  6.2441E-04  6.2441E-04  error s
  3      256  6.2441E-04  6.2441E-04  6.2441E-04  error s
  3      256  6.2441E-04  6.2441E-04  6.2441E-04  error s
  3      256  6.2441E-04  6.2441E-04  6.2441E-04  error s
  3      256  6.2441E-04  6.2441E-04  6.2441E-04  error s
  3      256  6.2441E-04  6.2441E-04  6.2441E-04  error s
  3      256  6.2441E-04  6.2441E-04  6.2441E-04  error s
  3      256  6.2441E-04  6.2441E-04  6.2441E-04  error s
  3      256  6.2441E-04  6.2441E-04  6.2441E-04  error s
  3      256  6.2441E-04  6.2441E-04  6.2441E-04  error s
  3      256  6.2441E-04  6.2441E-04  6.2441E-04  error s
  3      256  6.2441E-04  6.2441E-04  6.2441E-04  error s
  3      256  6.2441E-04  6.2441E-04  6.2441E-04  error s
  3      256  6.2441E-04  6.2441E-04  6.2441E-04  error s
  3      256  6.2441E-04  6.2441E-04  6.2441E-04  error s
  3      256  6.2441E-04  6.2441E-04  6.2441E-04  error s
  3      256  6.2441E-04  6.2441E-04  6.2441E-04  error s
  3      256  6.2441E-04  6.2441E-04  6.2441E-04  error s
  3      256  6.2441E-04  6.2441E-04  6.2441E-04  error s
  3      256  6.2441E-04  6.2441E-04  6.2441E-04  error s
  3      256  6.2441E-04  6.2441E-04  6.2441E-04  error s
  3      256  6.2441E-04  6.2441E-04  6.2441E-04  error s
  3      256  6.2441E-04  6.2441E-04  6.2441E-04  error s
  3      256  6.2441E-04  6.2441E-04  6.2441E-04  error s
  3      256  6.2441E-04  6.2441E-04  6.2441E-04  error s
  3      256  6.2441E-04  6.2441E-04  6.2441E-04  error s
  3      256  6.2441E-04  6.2441E-04  6.2441E-04  error s
  3      256  6.2441E-04  6.2441E-04  6.2441E-04  error s
  3      256  6.2441E-04  6.2441E-04  6.2441E-04  error s
  3      256  6.2441E-04  6.2441E-04  6.2441E-04  error s
  3      256  6.2441E-04  6.2441E-04  6.2441E-04  error s
  3      256  6.2441E-04  6.2441E-04  6.2441E-04  error s
  3      256  6.2441E-04  6.2441E-04  6.2441E-04  error s
  3      256  6.2441E-04  6.2441E-04  6.2441E-04  error s
  3      256  6.2441E-04  6.2441E-04  6.2441E-04  error s
  3      256  6.2441E-04  6.2441E-04  6.2441E-04  error s
  3      256  6.2441E-04  6.2441E-04  6.2441E-04  error s
  3      256  6.2441E-04  6.2441E-04  6.2441E-04  error s
  3      256  6.2441E-04  6.2441E-04  6.2441E-04  error s
  3      256  6.2441E-04  6.2441E-04  6.2441E-04  error s
  3      256  6.2441E-04  6.2441E-04  6.2441E-04  error s
  3      256  6.2441E-04  6.2441E-04  6.2441E-04  error s
  3      256  6.2441E-04  6.2441E-04  6.2441E-04  error s
  3      256  6.2441E-04  6.2441E-04  6.2441E-04  error s
  3      256  6.2441E-04  6.2441E-04  6.2441E-04  error s
  3      256  6.2441E-04  6.2441E-04  6.2441E-04  error s
  3      256  6.2441E-04  6.2441E-04  6.2441E-04  error s
  3      256  6.2441E-04  6.2441E-04  6.2441E-04  error s
  3      256  6.2441E-04  6.2441E-04  6.2441E-04  error s
  3      256  6.2441E-04  6.2441E-04  6.2441E-04  error s
  3      256  6.2441E-04  6.2441E-04  6.2441E-04  error s
  3      256  6.2441E-04  6.2441E-04  6.2441E-04  error s
  3      256  6.2441E-04  6.2441E-04  6.2441E-04  error s
  3      256  6.2441E-04  6.2441E-04  6.2441E-04  error s
  3      256  6.2441E-04  6.2441E-04  6.2441E-04  error s
  3      256  6.2441E-04  6.2441E-04  6.2441E-04  error s
  3      256  6.2441E-04  6.2441E-04  6.2441E-04  error s
  3      256  6.2441E-04  6.2441E-04  6.2441E-04  error s
  3      256  6.2441E-04  6.2441E-04  6.2441E-04  error s
  3      256  6.2441E-04  6.2441E-04  6.2441E-04  error s
  3      256  6.2441E-04  6.2441E-04  6.2441E-04  error s
  3      256  6.2441E-04  6.2441E-04  6.2441E-04  error s
  3      256  6.2441E-04  6.2441E-04  6.2441E-04  error s
  3      256  6.2441E-04  6.2441E-04  6.2441E-04  error s
  3      256  6.2441E-04  6.2441E-04  6.2441E-04  error s
  3      256  6.2441E-04  6.2441E-04  6.2441E-04  error s
  3      256  6.2441E-04  6.2441E-04  6.2441E-04  error s
  3      256  6.2441E-04  6.2441E-04  6.2441E-04  error s
  3      256  6.2441E-04  6.2441E-04  6.2441E-04  error s
  3      256  6.2441E-04  6.2441E-04  6.2441E-04  error s
  3      256  6.2441E-04  6.2441E-04  6.2441E-04  error s
  3      256  6.2441E-04  6.2441E-04  6.2441E-04  error s
  3      256  6.2441E-04  6.2441E-04  6.2441E-04  error s
  3      256  6.2441E-04  6.2441E-04  6.2441E-04  error s
  3      256  6.2441E-04  6.2441E-04  6.2441E-04  error s
  3      256  6.2441E-04  6.2441E-04  6.2441E-04  error s
  3      256  6.2441E-04  6.2441E-04  6.2441E-04  error s
  3      256  6.2441E-04  6.2441E-04  6.2441E-04  error s
  3      256  6.2441E-04  6.2441E-04  6.2441E-04  error s
  3      256  6.2441E-04  6.2441E-04  6.2441E-04  error s
  3      256  6.2441E-04  6.2441E-04  6.2441E-04  error s
  3      256  6.2441E-04  6.2441E-04  6.2441E-04  error s
  3      256  6.2441E-04  6.2441E-04  6.2441E-04  error s
  3      256  6.2441E-04  6.2441E-04  6.2441E-04  error s
  3      256  6.2441E-04  6.2441E-04  6.2441E-04  error s
  3      256  6.2441E-04  6.2441E-04  6.2441E-04  error s
  3      256  6.2441E-04  6.2441E-04  6.2441E-04  error s
  3      256  6.2441E-04  6.2441E-04  6.2441E-04  error s
  3      256  6.2441E-04  6.2441E-04  6.2441E-04  error s
  3      256  6.2441E-04  6.2441E-04  6.2441E-04  error s
  3      256  6.2441E-04  6.2441E-04  6.2441E-04  error s
  3      256  6.2441E-04  6.2441E-04  6.2441E-04  error s
  3      256  6.2441E-04  6.2441E-04  6.2441E-04  error s
  3      256  6.2441E-04  6.2441E-04  6.2441E-04  error s
  3      256  6.2441E-04  6.2441E-04  6.2441E-04  error s
  3      256  6.2441E-04  6.2441E-04  6.2441E-04  error s
  3      256  6.2441E-04  6.2441E-04  6.2441E-04  error s
  3      256  6.2441E-04  6.2441E-04  6.2441E-04  error s
  3      256  6.2441E-04  6.2441E-04  6.2441E-04  error s
  3      256  6.2441E-04  6.2441E-04  6.2441E-04  error s
  3      256  6.2441E-04  6.2441E-04  6.2441E-04  error s
  3      256  6.2441E-04  6.2441E-04  6.2441E-04  error s
  3      256  6.2441E-04  6.2441E-04  6.2441E-04  error s
  3      256  6.2441E-04  6.2441E-04  6.2441E-04  error s
  3      256  6.2441E-04  6.2441E-04  6.2441E-04  error s
  3      256  6.2441E-04  6.2441E-04  6.2441E-04  error s
  3      256  6.2441E-04  6.2441E-04  6.2441E-04  error s
  3      256  6.2441E-04  6.2441E-04  6.2441E-04  error s
  3      256  6.2441E-04  6.2441E-04  6.2441E-04  error s
  3      256  6.2441E-04  6.2441E-04  6.2441E-04  error s
  3      256  6.2441E-04  6.2441E-04  6.2441E-04  error s
  3      256  6.2441E-04  6.2441E-04  6.2441E-04  error s
  3      256  6.2441E-04  6.2441E-04  6.2441E-04  error s
  3      256  6.2441E-04  6.2441E-04  6.2441E-04  error s
  3      256  6.2441E-04  6.2441E-04  6.2441E-04  error s
  3      256  6.2441E-04  6.2441E-04  6.2441E-04  error s
  3      256  6.2441E-04  6.2441E-04  6.2441E-04  error s
  3      256  6.2441E-04  6.2441E-04  6.2441E-04  error s
  3      256  6.2441E-04  6.2441E-04  6.2441E-04  error s
  3      256  6.2441E-04  6.2441E-04  6.2441E-04  error s
  3      256  6.2441E-04  6.2441E-04  6.2441E-04  error s
  3      256  6.2441E-04  6.2441E-04  6.2441E-04  error s
  3      256  6.2441E-04  6.2441E-04  6.2441E-04  error s
  3      256  6.2441E-04  6.2441E-04  6.2441E-04  error s
  3      256  6.2441E-04  6.2441E-04  6.2441E-04  error s
  3      256  6.2441E-04  6.2441E-04  6.2441E-04  error s
  3      256  6.2441E-04  6.2441E-04  6.2441E-04  error s
  3      256  6.2441E-04  6.2441E-04  6.2441E-04  error s
  3      256  6.2441E-04  6.2441E-04  6.2441E-04  error s
  3      256  6.2441E-04  6.2441E-04  6.2441E-04  error s
  3      256  6.2441E-04  6.2441E-04  6.2441E-04  error s
  3      256  6.2441E-04  6.2441E-04  6.2441E-04  error s
  3      256  6.2441E-04  6.2441E-04  6.2441E-04  error s
  3      256  6.2441E-04  6.2441E-04  6.2441E-04  error s
  3      256  6.2441E-04  6.2441E-04  6.2441E-04  error s
  3      256  6.2441E-04  6.2441E-04  6.2441E-04  error s
  3      256  6.2441E-04  6.2441E-04  6.2441E-04  error s
  3      256  6.2441E-04  6.2441E-04  6.2441E-04  error s
  3      256  6.2441E-04  6.2441E-04  6.2441E-04  error s
  3      256  6.2441E-04  6.2441E-04  6.2441E-04  error s
  3      256  6.2441E-04  6.2441E-04  6.2441E-04  error s
  3      256  6.2441E-04  6.2441E-04  6.2441E-04  error s
  3      256  6.2441E-04  6.2441E-04  6.2441E-04  error s
  3      256  6.2441E-04  6.2441E-04  6.2441E-04  error s
  3      256  6.2441E-04  6.2441E-04  6.2441E-04  error s
  3      256  6.2441E-04  6.2441E-04  6.2441E-04  error s
 
nelt =       1, np =       256, nx1 =       3, elements =       256
Solve Time =   0.4038E-07
 
nelt =       1, np =       256, nx1 =       3, elements =       256
Solve Time =   0.3910E-07
 
nelt =       1, np =       256, nx1 =       3, elements =       256
Solve Time =   0.4045E-07
 
nelt =       1, np =       256, nx1 =       3, elements =       256
Solve Time =   0.3880E-07
 
nelt =       1, np =       256, nx1 =       3, elements =       256
Solve Time =   0.3875E-07
 
nelt =       1, np =       256, nx1 =       3, elements =       256
Solve Time =   0.3871E-07
 
nelt =       1, np =       256, nx1 =       3, elements =       256
Solve Time =   0.3878E-07
 
nelt =       1, np =       256, nx1 =       3, elements =       256
Solve Time =   0.3884E-07
 
nelt =       1, np =       256, nx1 =       3, elements =       256
Solve Time =   0.3842E-07
 
nelt =       1, np =       256, nx1 =       3, elements =       256
Solve Time =   0.3885E-07
  3      256  6.2441E-04  6.2441E-04  6.2441E-04  error n
  3      256  6.2441E-04  6.2441E-04  6.2441E-04  error n
  3      256  6.2441E-04  6.2441E-04  6.2441E-04  error n
  3      256  6.2441E-04  6.2441E-04  6.2441E-04  error n
  3      256  6.2441E-04  6.2441E-04  6.2441E-04  error n
  3      256  6.2441E-04  6.2441E-04  6.2441E-04  error n
  3      256  6.2441E-04  6.2441E-04  6.2441E-04  error n
  3      256  6.2441E-04  6.2441E-04  6.2441E-04  error n
  3      256  6.2441E-04  6.2441E-04  6.2441E-04  error n
  3      256  6.2441E-04  6.2441E-04  6.2441E-04  error n
  3      256  6.2441E-04  6.2441E-04  6.2441E-04  error n
  3      256  6.2441E-04  6.2441E-04  6.2441E-04  error n
  3      256  6.2441E-04  6.2441E-04  6.2441E-04  error n
  3      256  6.2441E-04  6.2441E-04  6.2441E-04  error n
  3      256  6.2441E-04  6.2441E-04  6.2441E-04  error n
  3      256  6.2441E-04  6.2441E-04  6.2441E-04  error n
  3      256  6.2441E-04  6.2441E-04  6.2441E-04  error n
  3      256  6.2441E-04  6.2441E-04  6.2441E-04  error n
  3      256  6.2441E-04  6.2441E-04  6.2441E-04  error n
  3      256  6.2441E-04  6.2441E-04  6.2441E-04  error n
  3      256  6.2441E-04  6.2441E-04  6.2441E-04  error n
  3      256  6.2441E-04  6.2441E-04  6.2441E-04  error n
  3      256  6.2441E-04  6.2441E-04  6.2441E-04  error n
  3      256  6.2441E-04  6.2441E-04  6.2441E-04  error n
  3      256  6.2441E-04  6.2441E-04  6.2441E-04  error n
  3      256  6.2441E-04  6.2441E-04  6.2441E-04  error n
  3      256  6.2441E-04  6.2441E-04  6.2441E-04  error n
  3      256  6.2441E-04  6.2441E-04  6.2441E-04  error n
  3      256  6.2441E-04  6.2441E-04  6.2441E-04  error n
  3      256  6.2441E-04  6.2441E-04  6.2441E-04  error n
  3      256  6.2441E-04  6.2441E-04  6.2441E-04  error n
  3      256  6.2441E-04  6.2441E-04  6.2441E-04  error n
  3      256  6.2441E-04  6.2441E-04  6.2441E-04  error n
  3      256  6.2441E-04  6.2441E-04  6.2441E-04  error n
  3      256  6.2441E-04  6.2441E-04  6.2441E-04  error n
  3      256  6.2441E-04  6.2441E-04  6.2441E-04  error n
  3      256  6.2441E-04  6.2441E-04  6.2441E-04  error n
  3      256  6.2441E-04  6.2441E-04  6.2441E-04  error n
  3      256  6.2441E-04  6.2441E-04  6.2441E-04  error n
  3      256  6.2441E-04  6.2441E-04  6.2441E-04  error n
  3      256  6.2441E-04  6.2441E-04  6.2441E-04  error n
  3      256  6.2441E-04  6.2441E-04  6.2441E-04  error n
  3      256  6.2441E-04  6.2441E-04  6.2441E-04  error n
  3      256  6.2441E-04  6.2441E-04  6.2441E-04  error n
  3      256  6.2441E-04  6.2441E-04  6.2441E-04  error n
  3      256  6.2441E-04  6.2441E-04  6.2441E-04  error n
  3      256  6.2441E-04  6.2441E-04  6.2441E-04  error n
  3      256  6.2441E-04  6.2441E-04  6.2441E-04  error n
  3      256  6.2441E-04  6.2441E-04  6.2441E-04  error n
  3      256  6.2441E-04  6.2441E-04  6.2441E-04  error n
  3      256  6.2441E-04  6.2441E-04  6.2441E-04  error n
  3      256  6.2441E-04  6.2441E-04  6.2441E-04  error n
  3      256  6.2441E-04  6.2441E-04  6.2441E-04  error n
  3      256  6.2441E-04  6.2441E-04  6.2441E-04  error n
  3      256  6.2441E-04  6.2441E-04  6.2441E-04  error n
  3      256  6.2441E-04  6.2441E-04  6.2441E-04  error n
  3      256  6.2441E-04  6.2441E-04  6.2441E-04  error n
  3      256  6.2441E-04  6.2441E-04  6.2441E-04  error n
  3      256  6.2441E-04  6.2441E-04  6.2441E-04  error n
  3      256  6.2441E-04  6.2441E-04  6.2441E-04  error n
  3      256  6.2441E-04  6.2441E-04  6.2441E-04  error n
  3      256  6.2441E-04  6.2441E-04  6.2441E-04  error n
  3      256  6.2441E-04  6.2441E-04  6.2441E-04  error n
  3      256  6.2441E-04  6.2441E-04  6.2441E-04  error n
  3      256  6.2441E-04  6.2441E-04  6.2441E-04  error n
  3      256  6.2441E-04  6.2441E-04  6.2441E-04  error n
  3      256  6.2441E-04  6.2441E-04  6.2441E-04  error n
  3      256  6.2441E-04  6.2441E-04  6.2441E-04  error n
  3      256  6.2441E-04  6.2441E-04  6.2441E-04  error n
  3      256  6.2441E-04  6.2441E-04  6.2441E-04  error n
  3      256  6.2441E-04  6.2441E-04  6.2441E-04  error n
  3      256  6.2441E-04  6.2441E-04  6.2441E-04  error n
  3      256  6.2441E-04  6.2441E-04  6.2441E-04  error n
  3      256  6.2441E-04  6.2441E-04  6.2441E-04  error n
  3      256  6.2441E-04  6.2441E-04  6.2441E-04  error n
  3      256  6.2441E-04  6.2441E-04  6.2441E-04  error n
  3      256  6.2441E-04  6.2441E-04  6.2441E-04  error n
  3      256  6.2441E-04  6.2441E-04  6.2441E-04  error n
  3      256  6.2441E-04  6.2441E-04  6.2441E-04  error n
  3      256  6.2441E-04  6.2441E-04  6.2441E-04  error n
   2      256  100  0.0000E+00  0.0000E+00  0.0000E+00 time for 3 hmholtz
  3      256  6.2441E-04  6.2441E-04  6.2441E-04  error n
  3      256  6.2441E-04  6.2441E-04  6.2441E-04  error n
  3      256  6.2441E-04  6.2441E-04  6.2441E-04  error n
  3      256  6.2441E-04  6.2441E-04  6.2441E-04  error n
EXIT: quit after cggov          2
  3      256  6.2441E-04  6.2441E-04  6.2441E-04  error n
  3      256  6.2441E-04  6.2441E-04  6.2441E-04  error n
  3      256  6.2441E-04  6.2441E-04  6.2441E-04  error n
  3      256  6.2441E-04  6.2441E-04  6.2441E-04  error n
  3      256  6.2441E-04  6.2441E-04  6.2441E-04  error n
  3      256  6.2441E-04  6.2441E-04  6.2441E-04  error n
  3      256  6.2441E-04  6.2441E-04  6.2441E-04  error n
  3      256  6.2441E-04  6.2441E-04  6.2441E-04  error n
  3      256  6.2441E-04  6.2441E-04  6.2441E-04  error n
  3      256  6.2441E-04  6.2441E-04  6.2441E-04  error n
  3      256  6.2441E-04  6.2441E-04  6.2441E-04  error n
  3      256  6.2441E-04  6.2441E-04  6.2441E-04  error n
  3      256  6.2441E-04  6.2441E-04  6.2441E-04  error n
  3      256  6.2441E-04  6.2441E-04  6.2441E-04  error n
  3      256  6.2441E-04  6.2441E-04  6.2441E-04  error n
  3      256  6.2441E-04  6.2441E-04  6.2441E-04  error n
  3      256  6.2441E-04  6.2441E-04  6.2441E-04  error n
  3      256  6.2441E-04  6.2441E-04  6.2441E-04  error n
  3      256  6.2441E-04  6.2441E-04  6.2441E-04  error n
  3      256  6.2441E-04  6.2441E-04  6.2441E-04  error n
  3      256  6.2441E-04  6.2441E-04  6.2441E-04  error n
  3      256  6.2441E-04  6.2441E-04  6.2441E-04  error n
  3      256  6.2441E-04  6.2441E-04  6.2441E-04  error n
  3      256  6.2441E-04  6.2441E-04  6.2441E-04  error n
  3      256  6.2441E-04  6.2441E-04  6.2441E-04  error n
  3      256  6.2441E-04  6.2441E-04  6.2441E-04  error n
  3      256  6.2441E-04  6.2441E-04  6.2441E-04  error n
  3      256  6.2441E-04  6.2441E-04  6.2441E-04  error n
  3      256  6.2441E-04  6.2441E-04  6.2441E-04  error n
  3      256  6.2441E-04  6.2441E-04  6.2441E-04  error n
  3      256  6.2441E-04  6.2441E-04  6.2441E-04  error n
  3      256  6.2441E-04  6.2441E-04  6.2441E-04  error n
  3      256  6.2441E-04  6.2441E-04  6.2441E-04  error n
  3      256  6.2441E-04  6.2441E-04  6.2441E-04  error n
  3      256  6.2441E-04  6.2441E-04  6.2441E-04  error n
  3      256  6.2441E-04  6.2441E-04  6.2441E-04  error n
  3      256  6.2441E-04  6.2441E-04  6.2441E-04  error n
  3      256  6.2441E-04  6.2441E-04  6.2441E-04  error n
  3      256  6.2441E-04  6.2441E-04  6.2441E-04  error n
  3      256  6.2441E-04  6.2441E-04  6.2441E-04  error n
  3      256  6.2441E-04  6.2441E-04  6.2441E-04  error n
  3      256  6.2441E-04  6.2441E-04  6.2441E-04  error n
  3      256  6.2441E-04  6.2441E-04  6.2441E-04  error n
  3      256  6.2441E-04  6.2441E-04  6.2441E-04  error n
  3      256  6.2441E-04  6.2441E-04  6.2441E-04  error n
  3      256  6.2441E-04  6.2441E-04  6.2441E-04  error n
  3      256  6.2441E-04  6.2441E-04  6.2441E-04  error n
  3      256  6.2441E-04  6.2441E-04  6.2441E-04  error n
  3      256  6.2441E-04  6.2441E-04  6.2441E-04  error n
  3      256  6.2441E-04  6.2441E-04  6.2441E-04  error n
  3      256  6.2441E-04  6.2441E-04  6.2441E-04  error n
  3      256  6.2441E-04  6.2441E-04  6.2441E-04  error n
  3      256  6.2441E-04  6.2441E-04  6.2441E-04  error n
  3      256  6.2441E-04  6.2441E-04  6.2441E-04  error n
  3      256  6.2441E-04  6.2441E-04  6.2441E-04  error n
  3      256  6.2441E-04  6.2441E-04  6.2441E-04  error n
  3      256  6.2441E-04  6.2441E-04  6.2441E-04  error n
  3      256  6.2441E-04  6.2441E-04  6.2441E-04  error n
  3      256  6.2441E-04  6.2441E-04  6.2441E-04  error n
  3      256  6.2441E-04  6.2441E-04  6.2441E-04  error n
  3      256  6.2441E-04  6.2441E-04  6.2441E-04  error n
  3      256  6.2441E-04  6.2441E-04  6.2441E-04  error n
  3      256  6.2441E-04  6.2441E-04  6.2441E-04  error n
  3      256  6.2441E-04  6.2441E-04  6.2441E-04  error n
  3      256  6.2441E-04  6.2441E-04  6.2441E-04  error n
  3      256  6.2441E-04  6.2441E-04  6.2441E-04  error n
  3      256  6.2441E-04  6.2441E-04  6.2441E-04  error n
  3      256  6.2441E-04  6.2441E-04  6.2441E-04  error n
  3      256  6.2441E-04  6.2441E-04  6.2441E-04  error n
  3      256  6.2441E-04  6.2441E-04  6.2441E-04  error n
  3      256  6.2441E-04  6.2441E-04  6.2441E-04  error n
  3      256  6.2441E-04  6.2441E-04  6.2441E-04  error n
  3      256  6.2441E-04  6.2441E-04  6.2441E-04  error n
  3      256  6.2441E-04  6.2441E-04  6.2441E-04  error n
  3      256  6.2441E-04  6.2441E-04  6.2441E-04  error n
  3      256  6.2441E-04  6.2441E-04  6.2441E-04  error n
  3      256  6.2441E-04  6.2441E-04  6.2441E-04  error n
  3      256  6.2441E-04  6.2441E-04  6.2441E-04  error n
  3      256  6.2441E-04  6.2441E-04  6.2441E-04  error n
  3      256  6.2441E-04  6.2441E-04  6.2441E-04  error n
  3      256  6.2441E-04  6.2441E-04  6.2441E-04  error n
  3      256  6.2441E-04  6.2441E-04  6.2441E-04  error n
  3      256  6.2441E-04  6.2441E-04  6.2441E-04  error n
  3      256  6.2441E-04  6.2441E-04  6.2441E-04  error n
  3      256  6.2441E-04  6.2441E-04  6.2441E-04  error n
  3      256  6.2441E-04  6.2441E-04  6.2441E-04  error n
  3      256  6.2441E-04  6.2441E-04  6.2441E-04  error n
  3      256  6.2441E-04  6.2441E-04  6.2441E-04  error n
  3      256  6.2441E-04  6.2441E-04  6.2441E-04  error n
  3      256  6.2441E-04  6.2441E-04  6.2441E-04  error n
  3      256  6.2441E-04  6.2441E-04  6.2441E-04  error n
  3      256  6.2441E-04  6.2441E-04  6.2441E-04  error n
  3      256  6.2441E-04  6.2441E-04  6.2441E-04  error n
  3      256  6.2441E-04  6.2441E-04  6.2441E-04  error n
  3      256  6.2441E-04  6.2441E-04  6.2441E-04  error n
  3      256  6.2441E-04  6.2441E-04  6.2441E-04  error n
  3      256  6.2441E-04  6.2441E-04  6.2441E-04  error n
  3      256  6.2441E-04  6.2441E-04  6.2441E-04  error n
  3      256  6.2441E-04  6.2441E-04  6.2441E-04  error n
  3      256  6.2441E-04  6.2441E-04  6.2441E-04  error n
  3      256  6.2441E-04  6.2441E-04  6.2441E-04  error n
  3      256  6.2441E-04  6.2441E-04  6.2441E-04  error n
  3      256  6.2441E-04  6.2441E-04  6.2441E-04  error n
  3      256  6.2441E-04  6.2441E-04  6.2441E-04  error n
  3      256  6.2441E-04  6.2441E-04  6.2441E-04  error n
  3      256  6.2441E-04  6.2441E-04  6.2441E-04  error n
  3      256  6.2441E-04  6.2441E-04  6.2441E-04  error n
  3      256  6.2441E-04  6.2441E-04  6.2441E-04  error n
  3      256  6.2441E-04  6.2441E-04  6.2441E-04  error n
  3      256  6.2441E-04  6.2441E-04  6.2441E-04  error n
  3      256  6.2441E-04  6.2441E-04  6.2441E-04  error n
  3      256  6.2441E-04  6.2441E-04  6.2441E-04  error n
  3      256  6.2441E-04  6.2441E-04  6.2441E-04  error n
  3      256  6.2441E-04  6.2441E-04  6.2441E-04  error n
  3      256  6.2441E-04  6.2441E-04  6.2441E-04  error n
  3      256  6.2441E-04  6.2441E-04  6.2441E-04  error n
  3      256  6.2441E-04  6.2441E-04  6.2441E-04  error n
  3      256  6.2441E-04  6.2441E-04  6.2441E-04  error n
  3      256  6.2441E-04  6.2441E-04  6.2441E-04  error n
  3      256  6.2441E-04  6.2441E-04  6.2441E-04  error n
  3      256  6.2441E-04  6.2441E-04  6.2441E-04  error n
  3      256  6.2441E-04  6.2441E-04  6.2441E-04  error n
  3      256  6.2441E-04  6.2441E-04  6.2441E-04  error n
  3      256  6.2441E-04  6.2441E-04  6.2441E-04  error n
  3      256  6.2441E-04  6.2441E-04  6.2441E-04  error n
  3      256  6.2441E-04  6.2441E-04  6.2441E-04  error n
  3      256  6.2441E-04  6.2441E-04  6.2441E-04  error n
  3      256  6.2441E-04  6.2441E-04  6.2441E-04  error n
  3      256  6.2441E-04  6.2441E-04  6.2441E-04  error n
  3      256  6.2441E-04  6.2441E-04  6.2441E-04  error n
  3      256  6.2441E-04  6.2441E-04  6.2441E-04  error n
  3      256  6.2441E-04  6.2441E-04  6.2441E-04  error n
  3      256  6.2441E-04  6.2441E-04  6.2441E-04  error n
  3      256  6.2441E-04  6.2441E-04  6.2441E-04  error n
  3      256  6.2441E-04  6.2441E-04  6.2441E-04  error n
  3      256  6.2441E-04  6.2441E-04  6.2441E-04  error n
  3      256  6.2441E-04  6.2441E-04  6.2441E-04  error n
  3      256  6.2441E-04  6.2441E-04  6.2441E-04  error n
  3      256  6.2441E-04  6.2441E-04  6.2441E-04  error n
  3      256  6.2441E-04  6.2441E-04  6.2441E-04  error n
  3      256  6.2441E-04  6.2441E-04  6.2441E-04  error n
  3      256  6.2441E-04  6.2441E-04  6.2441E-04  error n
  3      256  6.2441E-04  6.2441E-04  6.2441E-04  error n
  3      256  6.2441E-04  6.2441E-04  6.2441E-04  error n
  3      256  6.2441E-04  6.2441E-04  6.2441E-04  error n
  3      256  6.2441E-04  6.2441E-04  6.2441E-04  error n
  3      256  6.2441E-04  6.2441E-04  6.2441E-04  error n
  3      256  6.2441E-04  6.2441E-04  6.2441E-04  error n
  3      256  6.2441E-04  6.2441E-04  6.2441E-04  error n
  3      256  6.2441E-04  6.2441E-04  6.2441E-04  error n
  3      256  6.2441E-04  6.2441E-04  6.2441E-04  error n
  3      256  6.2441E-04  6.2441E-04  6.2441E-04  error n
  3      256  6.2441E-04  6.2441E-04  6.2441E-04  error n
  3      256  6.2441E-04  6.2441E-04  6.2441E-04  error n
  3      256  6.2441E-04  6.2441E-04  6.2441E-04  error n
  3      256  6.2441E-04  6.2441E-04  6.2441E-04  error n
  3      256  6.2441E-04  6.2441E-04  6.2441E-04  error n
  3      256  6.2441E-04  6.2441E-04  6.2441E-04  error n
  3      256  6.2441E-04  6.2441E-04  6.2441E-04  error n
  3      256  6.2441E-04  6.2441E-04  6.2441E-04  error n
  3      256  6.2441E-04  6.2441E-04  6.2441E-04  error n
  3      256  6.2441E-04  6.2441E-04  6.2441E-04  error n
  
call exitt: dying ...
  
backtrace(): obtained 8 stack frames.
./nek5000() [0x75d6e5]
./nek5000() [0x940b99]
./nek5000() [0x40d12c]
./nek5000() [0x4238b6]
./nek5000() [0x421e6e]
./nek5000() [0x4054fe]
/lib64/libc.so.6(__libc_start_main+0xf5) [0x2aaab1ca3b25]
./nek5000() [0x405409]
  
total elapsed time             :   4.43264E+00 sec
total solver time incl. I/O    :   0.00000E+00 sec
time/timestep                  :   0.00000E+00 sec
CPU seconds/timestep/gridpt    :   0.00000E+00 sec

  3      256  6.2441E-04  6.2441E-04  6.2441E-04  error n
  3      256  6.2441E-04  6.2441E-04  6.2441E-04  error n
  3      256  6.2441E-04  6.2441E-04  6.2441E-04  error n
  3      256  6.2441E-04  6.2441E-04  6.2441E-04  error n
  3      256  6.2441E-04  6.2441E-04  6.2441E-04  error n
  3      256  6.2441E-04  6.2441E-04  6.2441E-04  error n
  3      256  6.2441E-04  6.2441E-04  6.2441E-04  error n
  3      256  6.2441E-04  6.2441E-04  6.2441E-04  error n
  3      256  6.2441E-04  6.2441E-04  6.2441E-04  error n
  3      256  6.2441E-04  6.2441E-04  6.2441E-04  error n
Application 2255790 resources: utime ~1161s, stime ~74s, Rss ~21684, inblocks ~0, outblocks ~0
