/----------------------------------------------------------\\
|      _   __ ______ __ __  ______  ____   ____   ____     |
|     / | / // ____// //_/ / ____/ / __ \\/ __ \\/ __ \\   |
|    /  |/ // __/  / ,<   /___ \\ / / / // / / // / / /    |
|   / /|  // /___ / /| | ____/ / / /_/ // /_/ // /_/ /     |
|  /_/ |_//_____//_/ |_|/_____/  \\___/ \\___/ \\___/      |
|                                                          |
|----------------------------------------------------------|
|                                                          |
| NEK5000:  Open Source Spectral Element Solver            |
| COPYRIGHT (c) 2008-2016 UCHICAGO ARGONNE, LLC            |
| Version:  16.0.0                                         |
| Web:      http://nek5000.mcs.anl.gov                     |
|                                                          |
\\----------------------------------------------------------/
                                                              

 Number of processors:        8192
 REAL    wdsize      :           8
 INTEGER wdsize      :           4
 Timer accuracy      : 9.54E-08
 Reading /gpfs/theta-fs1/home/thilina/env/lx3/b14.rea                                                                                        

 mapping elements to processors
 Reading /gpfs/theta-fs1/home/thilina/env/lx3/b14.map                                                                                        
 element load imbalance:            0           2           2
 done :: mapping elements to processors
  
           0  objects found
 118   Parameters from file:
   1      1.00000     p001 DENSITY
   2     -100.000     p002 VISCOS
   7      1.00000     p007 RHOCP
   8      1.00000     p008 CONDUCT
  11      1.00        p011 NSTEPS
  12    -0.500000E-02 p012 DT
  21     0.100000E-05 p021 DIVERGENCE
  22     0.100000E-07 p022 HELMHOLTZ
  24     0.100000E-09 p024 TOLREL
  25     0.100000E-09 p025 TOLABS
  26     0.250000     p026 COURANT/NTAU
  27      2.00000     p027 TORDER
  66      6.00000     p066 output : <0=ascii, else binary
  67      6.00000     p067 restart: <0=ascii, else binary
  99      3.00000     p099 dealiasing: <0--> off/3--> old/4--> new
 103     0.500000E-01 p103 weight of stabilizing filter (.01)
  
 nelgt/nelgv/lelt:       16384       16384         100
 lx1  /lx2  /lx3 :           3           3           3
 done :: read .rea file    966.85     sec

 setup mesh topology
   Right-handed check complete for   16384 elements. OK.
   setvert3d:   3      123082      139466      123082      123082
 call usrsetvert
 done :: usrsetvert

gs_setup: 109369 unique labels shared
   pairwise times (avg, min, max): 0.0001321 0.000102711 0.000163317
   crystal router                : 0.000262704 0.000251293 0.000278902
   used all_to_all method: pairwise
   handle bytes (avg, min, max): 2575.27 1452 2748
   buffer bytes (avg, min, max): 1912.92 816 2080
   setupds time 6.8950E-02 seconds   0  3      123082       16384
           8  max multiplicity
 done :: setup mesh topology
  
 call usrdat
 done :: usrdat

 generate geometry data
 done :: generate geometry data
  
 call usrdat2
 done :: usrdat2

 regenerate geometry data           1
 NOTE: All elements deformed , param(59) ^=0
 done :: regenerate geometry data           1
  
 verify mesh topology
  0.000000000000000E+000   1.00000000000000       Xrange
  0.000000000000000E+000   1.00000000000000       Yrange
  0.000000000000000E+000   1.00000000000000       Zrange
 done :: verify mesh topology
  
 IFTRAN   = T
 IFFLOW   = T
 IFHEAT   = F
 IFSPLIT  = T
 IFLOMACH = F
 IFUSERVP = F
 IFUSERMV = F
 IFSTRS   = F
 IFCHAR   = F
 IFCYCLIC = F
 IFAXIS   = F
 IFMVBD   = F
 IFMELT   = F
 IFMODEL  = F
 IFKEPS   = F
 IFMOAB   = F
 IFNEKNEK = F
 IFSYNC   = T
   
 IFVCOR   = T
 IFINTQ   = F
 IFCWUZ   = F
 IFSWALL  = F
 IFGEOM   = F
 IFSURT   = F
 IFWCNO   = F
   
 IFTMSH for field           1    =  F
 IFADVC for field           1    =  T
 IFNONL for field           1    =  F
   
 Dealiasing enabled, lxd=           4
  
 Estimated eigenvalues
 EIGAA =    9.86960440108936     
 EIGGA =    54991.8633631327     
 EIGAE =    9.86960440108936     
 EIGAS =   8.333333333333333E-002
 EIGGE =    54991.8633631327     
 EIGGS =    2.00000000000000     
  
 verify mesh topology
  0.000000000000000E+000   1.00000000000000       Xrange
  0.000000000000000E+000   1.00000000000000       Yrange
  0.000000000000000E+000   1.00000000000000       Zrange
 done :: verify mesh topology
  
  E-solver strategy:  0 itr
 mg_nx:           1           2           2
 mg_ny:           1           2           2
 mg_nz:           1           2           2
 call usrsetvert
 done :: usrsetvert

gs_setup: 18473 unique labels shared
   pairwise times (avg, min, max): 0.000129008 9.84907e-05 0.000166512
   crystal router                : 0.000222111 0.000215816 0.000236106
   all reduce                    : 0.00167494 0.00165339 0.00169032
   used all_to_all method: pairwise
   handle bytes (avg, min, max): 1522.58 812 1652
   buffer bytes (avg, min, max): 986.297 384 1088
   setupds time 4.7083E-02 seconds   1  2       18513       16384
   setvert3d:   4      330133      461205      330133      330133
 call usrsetvert
 done :: usrsetvert

gs_setup: 278089 unique labels shared
   pairwise times (avg, min, max): 0.000122727 9.94921e-05 0.000143099
   crystal router                : 0.000270369 0.0002635 0.000287318
   used all_to_all method: pairwise
   handle bytes (avg, min, max): 4131.95 2380 4372
   buffer bytes (avg, min, max): 3143.55 1408 3392
   setupds time 3.2096E-02 seconds   2  4      330133       16384
   setvert3d:   3      123082      139466      123082      123082
 call usrsetvert
 done :: usrsetvert

gs_setup: 109369 unique labels shared
   pairwise times (avg, min, max): 0.000119412 9.50098e-05 0.000150013
   crystal router                : 0.000252405 0.000237393 0.000272202
   used all_to_all method: pairwise
   handle bytes (avg, min, max): 2575.27 1452 2748
   buffer bytes (avg, min, max): 1912.92 816 2080
   setupds time 2.1795E-02 seconds   3  3      123082       16384
   setvert3d:   5      639666     1082034      639666      639666
 call usrsetvert
 done :: usrsetvert

gs_setup: 524633 unique labels shared
   pairwise times (avg, min, max): 0.000125897 0.000100398 0.000157714
   crystal router                : 0.00030539 0.000292301 0.000322413
   used all_to_all method: pairwise
   handle bytes (avg, min, max): 6192.64 3596 6524
   buffer bytes (avg, min, max): 4678.17 2160 5024
   setupds time 5.4433E-02 seconds   4  5      639666       16384
 regenerate geometry data           1
 NOTE: All elements deformed , param(59) ^=0
 done :: regenerate geometry data           1
  
 h1_mg_nx:           1           2           2
 h1_mg_ny:           1           2           2
 h1_mg_nz:           1           2           2
 call usrsetvert
 done :: usrsetvert

gs_setup: 18473 unique labels shared
   pairwise times (avg, min, max): 0.000119863 9.59873e-05 0.000149107
   crystal router                : 0.000235219 0.000224113 0.0002424
   all reduce                    : 0.0015906 0.00156152 0.001616
   used all_to_all method: pairwise
   handle bytes (avg, min, max): 1522.58 812 1652
   buffer bytes (avg, min, max): 986.297 384 1088
   setupds time 4.4085E-02 seconds   5  2       18513       16384
   setvert3d:   4      330133      461205      330133      330133
 call usrsetvert
 done :: usrsetvert

gs_setup: 278089 unique labels shared
   pairwise times (avg, min, max): 0.000118499 9.5892e-05 0.000145912
   crystal router                : 0.000278269 0.000269318 0.000281906
   used all_to_all method: pairwise
   handle bytes (avg, min, max): 4131.95 2380 4372
   buffer bytes (avg, min, max): 3143.55 1408 3392
   setupds time 3.2228E-02 seconds   6  4      330133       16384
   setvert3d:   3      123082      139466      123082      123082
 call usrsetvert
 done :: usrsetvert

gs_setup: 109369 unique labels shared
   pairwise times (avg, min, max): 0.000117631 9.62019e-05 0.000137115
   crystal router                : 0.000207419 0.000195813 0.000212193
   used all_to_all method: pairwise
   handle bytes (avg, min, max): 2575.27 1452 2748
   buffer bytes (avg, min, max): 1912.92 816 2080
   setupds time 1.8919E-02 seconds   7  3      123082       16384
   setvert3d:   5      639666     1082034      639666      639666
 call usrsetvert
 done :: usrsetvert

gs_setup: 524633 unique labels shared
   pairwise times (avg, min, max): 0.000122116 9.78947e-05 0.000158
   crystal router                : 0.000299091 0.000291014 0.000305295
   used all_to_all method: pairwise
   handle bytes (avg, min, max): 6192.64 3596 6524
   buffer bytes (avg, min, max): 4678.17 2160 5024
   setupds time 5.1365E-02 seconds   8  5      639666       16384
   setvert3d:   3      123082      139466      123082      123082
 call usrsetvert
 done :: usrsetvert

gs_setup: 109369 unique labels shared
   pairwise times (avg, min, max): 0.00011714 9.62019e-05 0.000140691
   crystal router                : 0.000185838 0.000179505 0.000191402
   used all_to_all method: pairwise
   handle bytes (avg, min, max): 2575.27 1452 2748
   buffer bytes (avg, min, max): 1912.92 816 2080
   setupds time 1.8846E-02 seconds   9  3      123082       16384
   setvert3d:   5      639666     1082034      639666      639666
 call usrsetvert
 done :: usrsetvert

gs_setup: 524633 unique labels shared
   pairwise times (avg, min, max): 0.000120805 9.9802e-05 0.000142407
   crystal router                : 0.000306503 0.000299406 0.000315189
   used all_to_all method: pairwise
   handle bytes (avg, min, max): 6192.64 3596 6524
   buffer bytes (avg, min, max): 4678.17 2160 5024
   setupds time 3.5742E-02 seconds  10  5      639666       16384
 setup h1 coarse grid, nx_crs=           2
 call usrsetvert
 done :: usrsetvert

gs_setup: 18473 unique labels shared
   pairwise times (avg, min, max): 0.000115809 9.32932e-05 0.000173807
   crystal router                : 0.000156173 0.000151396 0.0001616
   all reduce                    : 0.00161862 0.00160801 0.0016398
   used all_to_all method: crystal router
   handle bytes (avg, min, max): 8788.04 7556 10820
   buffer bytes (avg, min, max): 706 496 720
 done :: setup h1 coarse grid   0.832885980606079       sec
  
 call usrdat3
 done :: usrdat3

 set initial conditions
 nekuic (1) for ifld            1
 call nekuic for vel  
 xyz min     0.0000       0.0000       0.0000    
 uvwpt min   0.0000       0.0000       0.0000       0.0000       0.0000    
 PS min      0.0000       0.0000      0.99000E+22
 xyz max     1.0000       1.0000       1.0000    
 uvwpt max   0.0000       0.0000       0.0000       0.0000       0.0000    
 PS max      0.0000       0.0000     -0.99000E+22
 done :: set initial conditions
  
 call userchk
GFM max:  1.8519E-02  7.4074E-02  7.4074E-02  0.0000E+00  0.0000E+00  0.0000E+00
 
nelt =       2, np =      8192, nx1 =       3, elements =     16384
Solve Time =   0.8210E-09
 
nelt =       2, np =      8192, nx1 =       3, elements =     16384
Solve Time =   0.7918E-09
 
nelt =       2, np =      8192, nx1 =       3, elements =     16384
Solve Time =   0.7763E-09
 
nelt =       2, np =      8192, nx1 =       3, elements =     16384
Solve Time =   0.7887E-09
 
nelt =       2, np =      8192, nx1 =       3, elements =     16384
Solve Time =   0.8180E-09
 
nelt =       2, np =      8192, nx1 =       3, elements =     16384
Solve Time =   0.8150E-09
 
nelt =       2, np =      8192, nx1 =       3, elements =     16384
Solve Time =   0.8167E-09
 
nelt =       2, np =      8192, nx1 =       3, elements =     16384
Solve Time =   0.7873E-09
 
nelt =       2, np =      8192, nx1 =       3, elements =     16384
Solve Time =   0.7664E-09
 
nelt =       2, np =      8192, nx1 =       3, elements =     16384
Solve Time =   0.7502E-09
 
nelt =       2, np =      8192, nx1 =       3, elements =     16384
Solve Time =   0.5655E-09
 
nelt =       2, np =      8192, nx1 =       3, elements =     16384
Solve Time =   0.5610E-09
 
nelt =       2, np =      8192, nx1 =       3, elements =     16384
Solve Time =   0.5608E-09
 
nelt =       2, np =      8192, nx1 =       3, elements =     16384
Solve Time =   0.5608E-09
 
nelt =       2, np =      8192, nx1 =       3, elements =     16384
Solve Time =   0.5507E-09
 
nelt =       2, np =      8192, nx1 =       3, elements =     16384
Solve Time =   0.5941E-09
 
nelt =       2, np =      8192, nx1 =       3, elements =     16384
Solve Time =   0.6052E-09
 
nelt =       2, np =      8192, nx1 =       3, elements =     16384
Solve Time =   0.5997E-09
 
nelt =       2, np =      8192, nx1 =       3, elements =     16384
Solve Time =   0.5897E-09
 
nelt =       2, np =      8192, nx1 =       3, elements =     16384
Solve Time =   0.5965E-09
 
nelt =       2, np =      8192, nx1 =       3, elements =     16384
Solve Time =   0.7581E-09
 
nelt =       2, np =      8192, nx1 =       3, elements =     16384
Solve Time =   0.7506E-09
 
nelt =       2, np =      8192, nx1 =       3, elements =     16384
Solve Time =   0.7405E-09
 
nelt =       2, np =      8192, nx1 =       3, elements =     16384
Solve Time =   0.7511E-09
 
nelt =       2, np =      8192, nx1 =       3, elements =     16384
Solve Time =   0.7587E-09
 
nelt =       2, np =      8192, nx1 =       3, elements =     16384
Solve Time =   0.7766E-09
 
nelt =       2, np =      8192, nx1 =       3, elements =     16384
Solve Time =   0.8080E-09
 
nelt =       2, np =      8192, nx1 =       3, elements =     16384
Solve Time =   0.8100E-09
 
nelt =       2, np =      8192, nx1 =       3, elements =     16384
Solve Time =   0.8097E-09
 
nelt =       2, np =      8192, nx1 =       3, elements =     16384
Solve Time =   0.8122E-09
 
nelt =       2, np =      8192, nx1 =       3, elements =     16384
Solve Time =   0.9418E-09
 
nelt =       2, np =      8192, nx1 =       3, elements =     16384
Solve Time =   0.9352E-09
 
nelt =       2, np =      8192, nx1 =       3, elements =     16384
Solve Time =   0.9093E-09
 
nelt =       2, np =      8192, nx1 =       3, elements =     16384
Solve Time =   0.9240E-09
 
nelt =       2, np =      8192, nx1 =       3, elements =     16384
Solve Time =   0.9519E-09
 
nelt =       2, np =      8192, nx1 =       3, elements =     16384
Solve Time =   0.9959E-09
 
nelt =       2, np =      8192, nx1 =       3, elements =     16384
Solve Time =   0.1013E-08
 
nelt =       2, np =      8192, nx1 =       3, elements =     16384
Solve Time =   0.9477E-09
 
nelt =       2, np =      8192, nx1 =       3, elements =     16384
Solve Time =   0.9127E-09
 
nelt =       2, np =      8192, nx1 =       3, elements =     16384
Solve Time =   0.9299E-09
 
nelt =       2, np =      8192, nx1 =       3, elements =     16384
Solve Time =   0.1109E-08
 
nelt =       2, np =      8192, nx1 =       3, elements =     16384
Solve Time =   0.1109E-08
 
nelt =       2, np =      8192, nx1 =       3, elements =     16384
Solve Time =   0.1147E-08
 
nelt =       2, np =      8192, nx1 =       3, elements =     16384
Solve Time =   0.1156E-08
 
nelt =       2, np =      8192, nx1 =       3, elements =     16384
Solve Time =   0.1158E-08
 
nelt =       2, np =      8192, nx1 =       3, elements =     16384
Solve Time =   0.1106E-08
 
nelt =       2, np =      8192, nx1 =       3, elements =     16384
Solve Time =   0.1120E-08
 
nelt =       2, np =      8192, nx1 =       3, elements =     16384
Solve Time =   0.1106E-08
 
nelt =       2, np =      8192, nx1 =       3, elements =     16384
Solve Time =   0.1135E-08
 
nelt =       2, np =      8192, nx1 =       3, elements =     16384
Solve Time =   0.1212E-08
 schfile:
 /gpfs/theta-fs1/home/thilina/env/lx3/b14.sch                                   
                                                      
ERROR: .sch file already exists. Use IFSCHCLOB=F todisable this check BUT BEWARE!!!!!!  ierr=  1 
  
call exitt: dying ...
  
backtrace(): obtained 9 stack frames.
./nek5000() [0x75d6e5]
./nek5000() [0x9400c9]
./nek5000() [0x508e01]
./nek5000() [0x409071]
./nek5000() [0x4238b6]
./nek5000() [0x421e6e]
./nek5000() [0x4054fe]
/lib64/libc.so.6(__libc_start_main+0xf5) [0x2aaab1ca3b25]
./nek5000() [0x405409]
  
total elapsed time             :   9.73921E+02 sec
total solver time incl. I/O    :   0.00000E+00 sec
time/timestep                  :   0.00000E+00 sec
CPU seconds/timestep/gridpt    :   0.00000E+00 sec

Application 2255870 resources: utime ~7955393s, stime ~3267s, Rss ~32600, inblocks ~0, outblocks ~0
