/----------------------------------------------------------\\
|      _   __ ______ __ __  ______  ____   ____   ____     |
|     / | / // ____// //_/ / ____/ / __ \\/ __ \\/ __ \\   |
|    /  |/ // __/  / ,<   /___ \\ / / / // / / // / / /    |
|   / /|  // /___ / /| | ____/ / / /_/ // /_/ // /_/ /     |
|  /_/ |_//_____//_/ |_|/_____/  \\___/ \\___/ \\___/      |
|                                                          |
|----------------------------------------------------------|
|                                                          |
| NEK5000:  Open Source Spectral Element Solver            |
| COPYRIGHT (c) 2008-2016 UCHICAGO ARGONNE, LLC            |
| Version:  16.0.0                                         |
| Web:      http://nek5000.mcs.anl.gov                     |
|                                                          |
\\----------------------------------------------------------/
                                                              

 Number of processors:           8
 REAL    wdsize      :           8
 INTEGER wdsize      :           4
 Timer accuracy      : 4.05E-07
 Reading /gpfs/theta-fs1/home/thilina/env/lx6/b5.rea                                                                                         

 mapping elements to processors
 Reading /gpfs/theta-fs1/home/thilina/env/lx6/b5.map                                                                                         
           0           4           4          32          32  NELV
           4           4           4          32          32  NELV
           6           4           4          32          32  NELV
           7           4           4          32          32  NELV
           2           4           4          32          32  NELV
           5           4           4          32          32  NELV
           3           4           4          32          32  NELV
           1           4           4          32          32  NELV
 RANK     0 IEG      25      26      27      28
 element load imbalance:            0           4           4
 done :: mapping elements to processors
  
           0  objects found
 118   Parameters from file:
   1      1.00000     p001 DENSITY
   2     -100.000     p002 VISCOS
   7      1.00000     p007 RHOCP
   8      1.00000     p008 CONDUCT
  11      1.00        p011 NSTEPS
  12    -0.500000E-02 p012 DT
  21     0.100000E-05 p021 DIVERGENCE
  22     0.100000E-07 p022 HELMHOLTZ
  24     0.100000E-09 p024 TOLREL
  25     0.100000E-09 p025 TOLABS
  26     0.250000     p026 COURANT/NTAU
  27      2.00000     p027 TORDER
  66      6.00000     p066 output : <0=ascii, else binary
  67      6.00000     p067 restart: <0=ascii, else binary
  99      3.00000     p099 dealiasing: <0--> off/3--> old/4--> new
 103     0.500000E-01 p103 weight of stabilizing filter (.01)
  
 nelgt/nelgv/lelt:          32          32         100
 lx1  /lx2  /lx3 :           6           6           6
 done :: read .rea file   0.33120E-01 sec

 setup mesh topology
   Right-handed check complete for      32 elements. OK.
   setvert3d:   6        2803        4851        2803        2803
 call usrsetvert
 done :: usrsetvert

gs_setup: 891 unique labels shared
   pairwise times (avg, min, max): 2.11746e-05 1.95026e-05 2.21014e-05
   crystal router                : 1.12712e-05 1.11103e-05 1.15156e-05
   all reduce                    : 6.01768e-05 6.001e-05 6.02961e-05
   used all_to_all method: crystal router
   handle bytes (avg, min, max): 35832 29100 42564
   buffer bytes (avg, min, max): 9152 8272 10032
   setupds time 8.5571E-03 seconds   0  6        2803          32
           8  max multiplicity
 done :: setup mesh topology
  
 call usrdat
 done :: usrdat

 generate geometry data
 done :: generate geometry data
  
 call usrdat2
 done :: usrdat2

 regenerate geometry data           1
 NOTE: All elements deformed , param(59) ^=0
 done :: regenerate geometry data           1
  
 verify mesh topology
  0.000000000000000E+000   1.00000000000000       Xrange
  0.000000000000000E+000   1.00000000000000       Yrange
  0.000000000000000E+000   1.00000000000000       Zrange
 done :: verify mesh topology
  
 IFTRAN   = T
 IFFLOW   = T
 IFHEAT   = F
 IFSPLIT  = T
 IFLOMACH = F
 IFUSERVP = F
 IFUSERMV = F
 IFSTRS   = F
 IFCHAR   = F
 IFCYCLIC = F
 IFAXIS   = F
 IFMVBD   = F
 IFMELT   = F
 IFMODEL  = F
 IFKEPS   = F
 IFMOAB   = F
 IFNEKNEK = F
 IFSYNC   = T
   
 IFVCOR   = T
 IFINTQ   = F
 IFCWUZ   = F
 IFSWALL  = F
 IFGEOM   = F
 IFSURT   = F
 IFWCNO   = F
   
 IFTMSH for field           1    =  F
 IFADVC for field           1    =  T
 IFNONL for field           1    =  F
   
 Dealiasing enabled, lxd=           9
  
 Estimated eigenvalues
 EIGAA =    9.86960440108936     
 EIGGA =    13747.8960983584     
 EIGAE =    9.86960440108936     
 EIGAS =   8.333333333333333E-002
 EIGGE =    13747.8960983584     
 EIGGS =    2.00000000000000     
  
 verify mesh topology
  0.000000000000000E+000   1.00000000000000       Xrange
  0.000000000000000E+000   1.00000000000000       Yrange
  0.000000000000000E+000   1.00000000000000       Zrange
 done :: verify mesh topology
  
  E-solver strategy:  0 itr
 mg_nx:           1           3           5
 mg_ny:           1           3           5
 mg_nz:           1           3           5
 call usrsetvert
 done :: usrsetvert

gs_setup: 51 unique labels shared
   pairwise times (avg, min, max): 1.62572e-05 1.52111e-05 1.72138e-05
   crystal router                : 1.11103e-05 1.10149e-05 1.1301e-05
   all reduce                    : 2.37107e-05 2.36034e-05 2.37942e-05
   used all_to_all method: crystal router
   handle bytes (avg, min, max): 3032 2636 3428
   buffer bytes (avg, min, max): 576 528 624
   setupds time 2.5880E-03 seconds   1  2          75          32
   setvert3d:   4         927        1183         927         927
 call usrsetvert
 done :: usrsetvert

gs_setup: 343 unique labels shared
   pairwise times (avg, min, max): 1.52737e-05 1.43051e-05 1.59025e-05
   crystal router                : 8.88109e-06 8.70228e-06 8.98838e-06
   all reduce                    : 4.96626e-05 4.94957e-05 4.98056e-05
   used all_to_all method: crystal router
   handle bytes (avg, min, max): 14632 12028 17236
   buffer bytes (avg, min, max): 3584 3248 3920
   setupds time 4.5531E-03 seconds   2  4         927          32
   setvert3d:   4         927        1183         927         927
 call usrsetvert
 done :: usrsetvert

gs_setup: 343 unique labels shared
   pairwise times (avg, min, max): 1.63108e-05 1.56164e-05 1.72853e-05
   crystal router                : 8.13007e-06 8.01086e-06 8.2016e-06
   all reduce                    : 4.19706e-05 4.16994e-05 4.24862e-05
   used all_to_all method: crystal router
   handle bytes (avg, min, max): 14632 12028 17236
   buffer bytes (avg, min, max): 3584 3248 3920
   setupds time 4.6210E-03 seconds   3  4         927          32
   setvert3d:   6        2803        4851        2803        2803
 call usrsetvert
 done :: usrsetvert

gs_setup: 891 unique labels shared
   pairwise times (avg, min, max): 2.20984e-05 2.13861e-05 2.26974e-05
   crystal router                : 1.16616e-05 1.14918e-05 1.18971e-05
   all reduce                    : 5.5331e-05 5.50985e-05 5.55038e-05
   used all_to_all method: crystal router
   handle bytes (avg, min, max): 35832 29100 42564
   buffer bytes (avg, min, max): 9152 8272 10032
   setupds time 6.0270E-03 seconds   4  6        2803          32
 regenerate geometry data           1
 NOTE: All elements deformed , param(59) ^=0
 done :: regenerate geometry data           1
  
 h1_mg_nx:           1           3           5
 h1_mg_ny:           1           3           5
 h1_mg_nz:           1           3           5
 call usrsetvert
 done :: usrsetvert

gs_setup: 51 unique labels shared
   pairwise times (avg, min, max): 1.52588e-05 1.44005e-05 1.59025e-05
   crystal router                : 1.35124e-05 1.33038e-05 1.37091e-05
   all reduce                    : 2.57343e-05 2.54869e-05 2.58923e-05
   used all_to_all method: crystal router
   handle bytes (avg, min, max): 3032 2636 3428
   buffer bytes (avg, min, max): 576 528 624
   setupds time 2.5809E-03 seconds   5  2          75          32
   setvert3d:   4         927        1183         927         927
 call usrsetvert
 done :: usrsetvert

gs_setup: 343 unique labels shared
   pairwise times (avg, min, max): 1.57028e-05 1.50919e-05 1.65939e-05
   crystal router                : 7.82013e-06 7.70092e-06 7.89165e-06
   all reduce                    : 4.51446e-05 4.50134e-05 4.53234e-05
   used all_to_all method: crystal router
   handle bytes (avg, min, max): 14632 12028 17236
   buffer bytes (avg, min, max): 3584 3248 3920
   setupds time 4.5750E-03 seconds   6  4         927          32
   setvert3d:   4         927        1183         927         927
 call usrsetvert
 done :: usrsetvert

gs_setup: 343 unique labels shared
   pairwise times (avg, min, max): 1.84268e-05 1.69039e-05 1.96934e-05
   crystal router                : 1.25021e-05 1.23024e-05 1.27077e-05
   all reduce                    : 4.03136e-05 4.01974e-05 4.05073e-05
   used all_to_all method: crystal router
   handle bytes (avg, min, max): 14632 12028 17236
   buffer bytes (avg, min, max): 3584 3248 3920
   setupds time 4.1590E-03 seconds   7  4         927          32
   setvert3d:   6        2803        4851        2803        2803
 call usrsetvert
 done :: usrsetvert

gs_setup: 891 unique labels shared
   pairwise times (avg, min, max): 1.95444e-05 1.8692e-05 2.08139e-05
   crystal router                : 1.1757e-05 1.1611e-05 1.20163e-05
   all reduce                    : 4.96328e-05 4.94003e-05 4.98056e-05
   used all_to_all method: crystal router
   handle bytes (avg, min, max): 35832 29100 42564
   buffer bytes (avg, min, max): 9152 8272 10032
   setupds time 5.6179E-03 seconds   8  6        2803          32
   setvert3d:   6        2803        4851        2803        2803
 call usrsetvert
 done :: usrsetvert

gs_setup: 891 unique labels shared
   pairwise times (avg, min, max): 1.72615e-05 1.67131e-05 1.8096e-05
   crystal router                : 1.36852e-05 1.33991e-05 1.38998e-05
   all reduce                    : 5.67675e-05 5.66959e-05 5.68867e-05
   used all_to_all method: crystal router
   handle bytes (avg, min, max): 35832 29100 42564
   buffer bytes (avg, min, max): 9152 8272 10032
   setupds time 5.5459E-03 seconds   9  6        2803          32
   setvert3d:   8        5703       12615        5703        5703
 call usrsetvert
 done :: usrsetvert

gs_setup: 1695 unique labels shared
   pairwise times (avg, min, max): 1.71304e-05 1.64032e-05 1.79052e-05
   crystal router                : 2.06023e-05 2.03848e-05 2.07901e-05
   all reduce                    : 5.31405e-05 5.26905e-05 5.37157e-05
   used all_to_all method: pairwise
   handle bytes (avg, min, max): 16788 14124 19452
   buffer bytes (avg, min, max): 7680 5760 9600
   setupds time 8.4331E-03 seconds  10  8        5703          32
 setup h1 coarse grid, nx_crs=           2
 call usrsetvert
 done :: usrsetvert

gs_setup: 51 unique labels shared
   pairwise times (avg, min, max): 1.58548e-05 1.25885e-05 1.78099e-05
   crystal router                : 7.50721e-06 6.19888e-06 8.70228e-06
   all reduce                    : 2.06769e-05 2.03133e-05 2.26974e-05
   used all_to_all method: crystal router
   handle bytes (avg, min, max): 3032 2636 3428
   buffer bytes (avg, min, max): 576 528 624
 done :: setup h1 coarse grid   4.724025726318359E-003  sec
  
 call usrdat3
 done :: usrdat3

 set initial conditions
 nekuic (1) for ifld            1
 call nekuic for vel  
 xyz min     0.0000       0.0000       0.0000    
 uvwpt min   0.0000       0.0000       0.0000       0.0000       0.0000    
 PS min      0.0000       0.0000      0.99000E+22
 xyz max     1.0000       1.0000       1.0000    
 uvwpt max   0.0000       0.0000       0.0000       0.0000       0.0000    
 PS max      0.0000       0.0000     -0.99000E+22
 done :: set initial conditions
  
 call userchk
GFM max:  1.0676E-02  4.2706E-02  4.2706E-02  1.3677E-16  1.3677E-16  3.7600E-16
 
nelt =       4, np =         8, nx1 =       6, elements =        32
Solve Time =   0.1130E-07
 
nelt =       4, np =         8, nx1 =       6, elements =        32
Solve Time =   0.1017E-07
 
nelt =       4, np =         8, nx1 =       6, elements =        32
Solve Time =   0.1006E-07
 
nelt =       4, np =         8, nx1 =       6, elements =        32
Solve Time =   0.1016E-07
 
nelt =       4, np =         8, nx1 =       6, elements =        32
Solve Time =   0.1006E-07
 
nelt =       4, np =         8, nx1 =       6, elements =        32
Solve Time =   0.1760E-07
 
nelt =       4, np =         8, nx1 =       6, elements =        32
Solve Time =   0.1717E-07
 
nelt =       4, np =         8, nx1 =       6, elements =        32
Solve Time =   0.1703E-07
 
nelt =       4, np =         8, nx1 =       6, elements =        32
Solve Time =   0.1650E-07
 
nelt =       4, np =         8, nx1 =       6, elements =        32
Solve Time =   0.1602E-07
 
nelt =       4, np =         8, nx1 =       6, elements =        32
Solve Time =   0.2769E-07
 
nelt =       4, np =         8, nx1 =       6, elements =        32
Solve Time =   0.1587E-07
 
nelt =       4, np =         8, nx1 =       6, elements =        32
Solve Time =   0.1316E-07
 
nelt =       4, np =         8, nx1 =       6, elements =        32
Solve Time =   0.1341E-07
 
nelt =       4, np =         8, nx1 =       6, elements =        32
Solve Time =   0.1303E-07
 
nelt =       4, np =         8, nx1 =       6, elements =        32
Solve Time =   0.1264E-07
 
nelt =       4, np =         8, nx1 =       6, elements =        32
Solve Time =   0.1418E-07
 
nelt =       4, np =         8, nx1 =       6, elements =        32
Solve Time =   0.1336E-07
 
nelt =       4, np =         8, nx1 =       6, elements =        32
Solve Time =   0.1311E-07
 
nelt =       4, np =         8, nx1 =       6, elements =        32
Solve Time =   0.1279E-07
 
nelt =       4, np =         8, nx1 =       6, elements =        32
Solve Time =   0.2899E-07
 
nelt =       4, np =         8, nx1 =       6, elements =        32
Solve Time =   0.1558E-07
 
nelt =       4, np =         8, nx1 =       6, elements =        32
Solve Time =   0.1471E-07
 
nelt =       4, np =         8, nx1 =       6, elements =        32
Solve Time =   0.1345E-07
 
nelt =       4, np =         8, nx1 =       6, elements =        32
Solve Time =   0.1360E-07
 
nelt =       4, np =         8, nx1 =       6, elements =        32
Solve Time =   0.1427E-07
 
nelt =       4, np =         8, nx1 =       6, elements =        32
Solve Time =   0.1341E-07
 
nelt =       4, np =         8, nx1 =       6, elements =        32
Solve Time =   0.1374E-07
 
nelt =       4, np =         8, nx1 =       6, elements =        32
Solve Time =   0.1312E-07
 
nelt =       4, np =         8, nx1 =       6, elements =        32
Solve Time =   0.1587E-07
 
nelt =       4, np =         8, nx1 =       6, elements =        32
Solve Time =   0.2574E-07
 
nelt =       4, np =         8, nx1 =       6, elements =        32
Solve Time =   0.1504E-07
 
nelt =       4, np =         8, nx1 =       6, elements =        32
Solve Time =   0.1446E-07
 
nelt =       4, np =         8, nx1 =       6, elements =        32
Solve Time =   0.1471E-07
 
nelt =       4, np =         8, nx1 =       6, elements =        32
Solve Time =   0.1408E-07
 
nelt =       4, np =         8, nx1 =       6, elements =        32
Solve Time =   0.1404E-07
 
nelt =       4, np =         8, nx1 =       6, elements =        32
Solve Time =   0.1504E-07
 
nelt =       4, np =         8, nx1 =       6, elements =        32
Solve Time =   0.1668E-07
 
nelt =       4, np =         8, nx1 =       6, elements =        32
Solve Time =   0.1471E-07
 
nelt =       4, np =         8, nx1 =       6, elements =        32
Solve Time =   0.1552E-07
 
nelt =       4, np =         8, nx1 =       6, elements =        32
Solve Time =   0.2489E-07
 
nelt =       4, np =         8, nx1 =       6, elements =        32
Solve Time =   0.1592E-07
 
nelt =       4, np =         8, nx1 =       6, elements =        32
Solve Time =   0.1669E-07
 
nelt =       4, np =         8, nx1 =       6, elements =        32
Solve Time =   0.1596E-07
 
nelt =       4, np =         8, nx1 =       6, elements =        32
Solve Time =   0.1683E-07
 
nelt =       4, np =         8, nx1 =       6, elements =        32
Solve Time =   0.1606E-07
 
nelt =       4, np =         8, nx1 =       6, elements =        32
Solve Time =   0.1798E-07
 
nelt =       4, np =         8, nx1 =       6, elements =        32
Solve Time =   0.1615E-07
 
nelt =       4, np =         8, nx1 =       6, elements =        32
Solve Time =   0.1745E-07
 
nelt =       4, np =         8, nx1 =       6, elements =        32
Solve Time =   0.1626E-07
 schfile:
 /gpfs/theta-fs1/home/thilina/env/lx6/b5.sch                                    
                                                      
  6       32  1.0000E+00  1.0000E+00  1.0000E+00  error v
  6       32  1.0000E+00  1.0000E+00  1.0000E+00  error v
  6       32  1.0000E+00  1.0000E+00  1.0000E+00  error v
  6       32  1.0000E+00  1.0000E+00  1.0000E+00  error v
  6       32  1.0000E+00  1.0000E+00  1.0000E+00  error v
  6       32  1.0000E+00  1.0000E+00  1.0000E+00  error v
  6       32  1.0000E+00  1.0000E+00  1.0000E+00  error v
  6       32  1.0000E+00  1.0000E+00  1.0000E+00  error v
 
nelt =       4, np =         8, nx1 =       6, elements =        32
Solve Time =   0.1159E-07
 
nelt =       4, np =         8, nx1 =       6, elements =        32
Solve Time =   0.1134E-07
 
nelt =       4, np =         8, nx1 =       6, elements =        32
Solve Time =   0.1128E-07
 
nelt =       4, np =         8, nx1 =       6, elements =        32
Solve Time =   0.1124E-07
 
nelt =       4, np =         8, nx1 =       6, elements =        32
Solve Time =   0.1126E-07
 
nelt =       4, np =         8, nx1 =       6, elements =        32
Solve Time =   0.1121E-07
 
nelt =       4, np =         8, nx1 =       6, elements =        32
Solve Time =   0.1133E-07
 
nelt =       4, np =         8, nx1 =       6, elements =        32
Solve Time =   0.1123E-07
 
nelt =       4, np =         8, nx1 =       6, elements =        32
Solve Time =   0.1125E-07
 
nelt =       4, np =         8, nx1 =       6, elements =        32
Solve Time =   0.1126E-07
  6       32  6.2512E-07  6.2512E-07  6.2512E-07  error s
  6       32  6.2512E-07  6.2512E-07  6.2512E-07  error s
  6       32  6.2512E-07  6.2512E-07  6.2512E-07  error s
  6       32  6.2512E-07  6.2512E-07  6.2512E-07  error s
  6       32  6.2512E-07  6.2512E-07  6.2512E-07  error s
  6       32  6.2512E-07  6.2512E-07  6.2512E-07  error s
  6       32  6.2512E-07  6.2512E-07  6.2512E-07  error s
  6       32  6.2512E-07  6.2512E-07  6.2512E-07  error s
 
nelt =       4, np =         8, nx1 =       6, elements =        32
Solve Time =   0.1181E-07
 
nelt =       4, np =         8, nx1 =       6, elements =        32
Solve Time =   0.1139E-07
 
nelt =       4, np =         8, nx1 =       6, elements =        32
Solve Time =   0.1136E-07
 
nelt =       4, np =         8, nx1 =       6, elements =        32
Solve Time =   0.1132E-07
 
nelt =       4, np =         8, nx1 =       6, elements =        32
Solve Time =   0.1130E-07
 
nelt =       4, np =         8, nx1 =       6, elements =        32
Solve Time =   0.1128E-07
 
nelt =       4, np =         8, nx1 =       6, elements =        32
Solve Time =   0.1138E-07
 
nelt =       4, np =         8, nx1 =       6, elements =        32
Solve Time =   0.1128E-07
 
nelt =       4, np =         8, nx1 =       6, elements =        32
Solve Time =   0.1140E-07
 
nelt =       4, np =         8, nx1 =       6, elements =        32
Solve Time =   0.1131E-07
  6       32  6.2512E-07  6.2512E-07  6.2512E-07  error n
  6       32  6.2512E-07  6.2512E-07  6.2512E-07  error n
  6       32  6.2512E-07  6.2512E-07  6.2512E-07  error n
  6       32  6.2512E-07  6.2512E-07  6.2512E-07  error n
  6       32  6.2512E-07  6.2512E-07  6.2512E-07  error n
  6       32  6.2512E-07  6.2512E-07  6.2512E-07  error n
  6       32  6.2512E-07  6.2512E-07  6.2512E-07  error n
  6       32  6.2512E-07  6.2512E-07  6.2512E-07  error n
   5       32  100  0.0000E+00  0.0000E+00  0.0000E+00 time for 3 hmholtz
EXIT: quit after cggov          5
  
call exitt: dying ...
  
backtrace(): obtained 8 stack frames.
./nek5000() [0x771555]
./nek5000() [0x954e99]
./nek5000() [0x40cb9c]
./nek5000() [0x424fa6]
./nek5000() [0x42355e]
./nek5000() [0x4054fe]
/lib64/libc.so.6(__libc_start_main+0xf5) [0x2aaab1ca3b25]
./nek5000() [0x405409]
  
total elapsed time             :   2.33132E+00 sec
total solver time incl. I/O    :   0.00000E+00 sec
time/timestep                  :   0.00000E+00 sec
CPU seconds/timestep/gridpt    :   0.00000E+00 sec

Application 2256270 resources: utime ~18s, stime ~2s, Rss ~16224, inblocks ~0, outblocks ~0
