/----------------------------------------------------------\\
|      _   __ ______ __ __  ______  ____   ____   ____     |
|     / | / // ____// //_/ / ____/ / __ \\/ __ \\/ __ \\   |
|    /  |/ // __/  / ,<   /___ \\ / / / // / / // / / /    |
|   / /|  // /___ / /| | ____/ / / /_/ // /_/ // /_/ /     |
|  /_/ |_//_____//_/ |_|/_____/  \\___/ \\___/ \\___/      |
|                                                          |
|----------------------------------------------------------|
|                                                          |
| NEK5000:  Open Source Spectral Element Solver            |
| COPYRIGHT (c) 2008-2016 UCHICAGO ARGONNE, LLC            |
| Version:  16.0.0                                         |
| Web:      http://nek5000.mcs.anl.gov                     |
|                                                          |
\\----------------------------------------------------------/
                                                              

 Number of processors:          32
 REAL    wdsize      :           8
 INTEGER wdsize      :           4
 Timer accuracy      : 3.81E-07
 Reading /gpfs/theta-fs1/home/thilina/env/lx6/b5.rea                                                                                         

 mapping elements to processors
 Reading /gpfs/theta-fs1/home/thilina/env/lx6/b5.map                                                                                         
           0           1           1          32          32  NELV
          14           1           1          32          32  NELV
          11           1           1          32          32  NELV
          15           1           1          32          32  NELV
          16           1           1          32          32  NELV
          26           1           1          32          32  NELV
           2           1           1          32          32  NELV
          22           1           1          32          32  NELV
          12           1           1          32          32  NELV
           1           1           1          32          32  NELV
           9           1           1          32          32  NELV
          13           1           1          32          32  NELV
           5           1           1          32          32  NELV
           4           1           1          32          32  NELV
          28           1           1          32          32  NELV
          29           1           1          32          32  NELV
          17           1           1          32          32  NELV
          10           1           1          32          32  NELV
          20           1           1          32          32  NELV
          31           1           1          32          32  NELV
          30           1           1          32          32  NELV
          27           1           1          32          32  NELV
           7           1           1          32          32  NELV
          21           1           1          32          32  NELV
          23           1           1          32          32  NELV
           6           1           1          32          32  NELV
           3           1           1          32          32  NELV
          25           1           1          32          32  NELV
          19           1           1          32          32  NELV
          24           1           1          32          32  NELV
          18           1           1          32          32  NELV
           8           1           1          32          32  NELV
 RANK     0 IEG      27
 element load imbalance:            0           1           1
 done :: mapping elements to processors
  
           0  objects found
 118   Parameters from file:
   1      1.00000     p001 DENSITY
   2     -100.000     p002 VISCOS
   7      1.00000     p007 RHOCP
   8      1.00000     p008 CONDUCT
  11      1.00        p011 NSTEPS
  12    -0.500000E-02 p012 DT
  21     0.100000E-05 p021 DIVERGENCE
  22     0.100000E-07 p022 HELMHOLTZ
  24     0.100000E-09 p024 TOLREL
  25     0.100000E-09 p025 TOLABS
  26     0.250000     p026 COURANT/NTAU
  27      2.00000     p027 TORDER
  66      6.00000     p066 output : <0=ascii, else binary
  67      6.00000     p067 restart: <0=ascii, else binary
  99      3.00000     p099 dealiasing: <0--> off/3--> old/4--> new
 103     0.500000E-01 p103 weight of stabilizing filter (.01)
  
 nelgt/nelgv/lelt:          32          32         100
 lx1  /lx2  /lx3 :           6           6           6
 done :: read .rea file   0.55710E-01 sec

 setup mesh topology
   Right-handed check complete for      32 elements. OK.
   setvert3d:   6        2803        4851        2803        2803
 call usrsetvert
 done :: usrsetvert

gs_setup: 1611 unique labels shared
   pairwise times (avg, min, max): 4.5345e-05 4.37975e-05 4.98056e-05
   crystal router                : 1.94132e-05 1.91927e-05 1.9598e-05
   all reduce                    : 8.51691e-05 8.4281e-05 8.59022e-05
   used all_to_all method: crystal router
   handle bytes (avg, min, max): 25288 19972 30436
   buffer bytes (avg, min, max): 4744 3712 5696
   setupds time 1.8288E-02 seconds   0  6        2803          32
           8  max multiplicity
 done :: setup mesh topology
  
 call usrdat
 done :: usrdat

 generate geometry data
 done :: generate geometry data
  
 call usrdat2
 done :: usrdat2

 regenerate geometry data           1
 NOTE: All elements deformed , param(59) ^=0
 done :: regenerate geometry data           1
  
 verify mesh topology
  0.000000000000000E+000   1.00000000000000       Xrange
  0.000000000000000E+000   1.00000000000000       Yrange
  0.000000000000000E+000   1.00000000000000       Zrange
 done :: verify mesh topology
  
 IFTRAN   = T
 IFFLOW   = T
 IFHEAT   = F
 IFSPLIT  = T
 IFLOMACH = F
 IFUSERVP = F
 IFUSERMV = F
 IFSTRS   = F
 IFCHAR   = F
 IFCYCLIC = F
 IFAXIS   = F
 IFMVBD   = F
 IFMELT   = F
 IFMODEL  = F
 IFKEPS   = F
 IFMOAB   = F
 IFNEKNEK = F
 IFSYNC   = T
   
 IFVCOR   = T
 IFINTQ   = F
 IFCWUZ   = F
 IFSWALL  = F
 IFGEOM   = F
 IFSURT   = F
 IFWCNO   = F
   
 IFTMSH for field           1    =  F
 IFADVC for field           1    =  T
 IFNONL for field           1    =  F
   
 Dealiasing enabled, lxd=           9
  
 Estimated eigenvalues
 EIGAA =    9.86960440108936     
 EIGGA =    13747.9377575967     
 EIGAE =    9.86960440108936     
 EIGAS =   8.333333333333333E-002
 EIGGE =    13747.9377575967     
 EIGGS =    2.00000000000000     
  
 verify mesh topology
  0.000000000000000E+000   1.00000000000000       Xrange
  0.000000000000000E+000   1.00000000000000       Yrange
  0.000000000000000E+000   1.00000000000000       Zrange
 done :: verify mesh topology
  
  E-solver strategy:  0 itr
 mg_nx:           1           3           5
 mg_ny:           1           3           5
 mg_nz:           1           3           5
 call usrsetvert
 done :: usrsetvert

gs_setup: 67 unique labels shared
   pairwise times (avg, min, max): 4.65542e-05 4.42982e-05 5.04971e-05
   crystal router                : 1.0252e-05 1.01089e-05 1.04189e-05
   all reduce                    : 3.71091e-05 3.68834e-05 3.73125e-05
   used all_to_all method: crystal router
   handle bytes (avg, min, max): 2800 2500 3076
   buffer bytes (avg, min, max): 384 320 448
   setupds time 4.9250E-03 seconds   1  2          75          32
   setvert3d:   4         927        1183         927         927
 call usrsetvert
 done :: usrsetvert

gs_setup: 583 unique labels shared
   pairwise times (avg, min, max): 4.73134e-05 4.37975e-05 5.14984e-05
   crystal router                : 1.90996e-05 1.89066e-05 1.94073e-05
   all reduce                    : 6.03415e-05 5.97954e-05 6.08921e-05
   used all_to_all method: crystal router
   handle bytes (avg, min, max): 10876 8836 12820
   buffer bytes (avg, min, max): 1968 1568 2368
   setupds time 6.7749E-03 seconds   2  4         927          32
   setvert3d:   4         927        1183         927         927
 call usrsetvert
 done :: usrsetvert

gs_setup: 583 unique labels shared
   pairwise times (avg, min, max): 4.67964e-05 4.41074e-05 5.0807e-05
   crystal router                : 1.66371e-05 1.64986e-05 1.68085e-05
   all reduce                    : 7.07753e-05 7.02858e-05 7.11918e-05
   used all_to_all method: crystal router
   handle bytes (avg, min, max): 10876 8836 12820
   buffer bytes (avg, min, max): 1968 1568 2368
   setupds time 7.4131E-03 seconds   3  4         927          32
   setvert3d:   6        2803        4851        2803        2803
 call usrsetvert
 done :: usrsetvert

gs_setup: 1611 unique labels shared
   pairwise times (avg, min, max): 4.75496e-05 4.42982e-05 5.09977e-05
   crystal router                : 1.94997e-05 1.93119e-05 1.96934e-05
   all reduce                    : 8.37564e-05 8.29935e-05 8.48055e-05
   used all_to_all method: crystal router
   handle bytes (avg, min, max): 25288 19972 30436
   buffer bytes (avg, min, max): 4744 3712 5696
   setupds time 8.8191E-03 seconds   4  6        2803          32
 regenerate geometry data           1
 NOTE: All elements deformed , param(59) ^=0
 done :: regenerate geometry data           1
  
 h1_mg_nx:           1           3           5
 h1_mg_ny:           1           3           5
 h1_mg_nz:           1           3           5
 call usrsetvert
 done :: usrsetvert

gs_setup: 67 unique labels shared
   pairwise times (avg, min, max): 4.81404e-05 4.38929e-05 5.22852e-05
   crystal router                : 1.17511e-05 1.15871e-05 1.19209e-05
   all reduce                    : 4.16011e-05 4.13895e-05 4.1914e-05
   used all_to_all method: crystal router
   handle bytes (avg, min, max): 2800 2500 3076
   buffer bytes (avg, min, max): 384 320 448
   setupds time 5.0030E-03 seconds   5  2          75          32
   setvert3d:   4         927        1183         927         927
 call usrsetvert
 done :: usrsetvert

gs_setup: 583 unique labels shared
   pairwise times (avg, min, max): 4.38474e-05 4.24862e-05 4.78983e-05
   crystal router                : 1.43841e-05 1.42813e-05 1.45197e-05
   all reduce                    : 8.0581e-05 8.00133e-05 8.09193e-05
   used all_to_all method: crystal router
   handle bytes (avg, min, max): 10876 8836 12820
   buffer bytes (avg, min, max): 1968 1568 2368
   setupds time 7.2880E-03 seconds   6  4         927          32
   setvert3d:   4         927        1183         927         927
 call usrsetvert
 done :: usrsetvert

gs_setup: 583 unique labels shared
   pairwise times (avg, min, max): 4.19632e-05 3.90053e-05 4.53949e-05
   crystal router                : 1.39751e-05 1.34945e-05 1.42097e-05
   all reduce                    : 7.04229e-05 6.83069e-05 7.09057e-05
   used all_to_all method: crystal router
   handle bytes (avg, min, max): 10876 8836 12820
   buffer bytes (avg, min, max): 1968 1568 2368
   setupds time 5.6441E-03 seconds   7  4         927          32
   setvert3d:   6        2803        4851        2803        2803
 call usrsetvert
 done :: usrsetvert

gs_setup: 1611 unique labels shared
   pairwise times (avg, min, max): 4.29779e-05 4.21047e-05 4.75168e-05
   crystal router                : 1.93983e-05 1.91212e-05 1.97172e-05
   all reduce                    : 8.02353e-05 7.94888e-05 8.09908e-05
   used all_to_all method: crystal router
   handle bytes (avg, min, max): 25288 19972 30436
   buffer bytes (avg, min, max): 4744 3712 5696
   setupds time 7.1499E-03 seconds   8  6        2803          32
   setvert3d:   6        2803        4851        2803        2803
 call usrsetvert
 done :: usrsetvert

gs_setup: 1611 unique labels shared
   pairwise times (avg, min, max): 4.46402e-05 4.02927e-05 4.79937e-05
   crystal router                : 1.96122e-05 1.94073e-05 2.00033e-05
   all reduce                    : 8.56087e-05 8.48055e-05 8.64029e-05
   used all_to_all method: crystal router
   handle bytes (avg, min, max): 25288 19972 30436
   buffer bytes (avg, min, max): 4744 3712 5696
   setupds time 7.0462E-03 seconds   9  6        2803          32
   setvert3d:   8        5703       12615        5703        5703
 call usrsetvert
 done :: usrsetvert

gs_setup: 3151 unique labels shared
   pairwise times (avg, min, max): 5.30235e-05 5.1713e-05 5.49078e-05
   crystal router                : 4.10452e-05 4.01974e-05 4.16994e-05
   all reduce                    : 0.000122783 0.000121593 0.00012362
   used all_to_all method: crystal router
   handle bytes (avg, min, max): 46036 35908 55924
   buffer bytes (avg, min, max): 8704 6752 10432
   setupds time 9.8729E-03 seconds  10  8        5703          32
 setup h1 coarse grid, nx_crs=           2
 call usrsetvert
 done :: usrsetvert

gs_setup: 67 unique labels shared
   pairwise times (avg, min, max): 3.94076e-05 3.71933e-05 4.28915e-05
   crystal router                : 1.40324e-05 1.38998e-05 1.43051e-05
   all reduce                    : 3.75427e-05 3.71933e-05 3.77893e-05
   used all_to_all method: crystal router
   handle bytes (avg, min, max): 2800 2500 3076
   buffer bytes (avg, min, max): 384 320 448
 done :: setup h1 coarse grid   8.150100708007812E-003  sec
  
 call usrdat3
 done :: usrdat3

 set initial conditions
 nekuic (1) for ifld            1
 call nekuic for vel  
 xyz min     0.0000       0.0000       0.0000    
 uvwpt min   0.0000       0.0000       0.0000       0.0000       0.0000    
 PS min      0.0000       0.0000      0.99000E+22
 xyz max     1.0000       1.0000       1.0000    
 uvwpt max   0.0000       0.0000       0.0000       0.0000       0.0000    
 PS max      0.0000       0.0000     -0.99000E+22
 done :: set initial conditions
  
 call userchk
GFM max:  1.0676E-02  4.2706E-02  4.2706E-02  1.3677E-16  1.3677E-16  3.7600E-16
 
nelt =       1, np =        32, nx1 =       6, elements =        32
Solve Time =   0.7214E-08
 
nelt =       1, np =        32, nx1 =       6, elements =        32
Solve Time =   0.6137E-08
 
nelt =       1, np =        32, nx1 =       6, elements =        32
Solve Time =   0.6059E-08
 
nelt =       1, np =        32, nx1 =       6, elements =        32
Solve Time =   0.6033E-08
 
nelt =       1, np =        32, nx1 =       6, elements =        32
Solve Time =   0.6142E-08
 
nelt =       1, np =        32, nx1 =       6, elements =        32
Solve Time =   0.1741E-07
 
nelt =       1, np =        32, nx1 =       6, elements =        32
Solve Time =   0.1847E-07
 
nelt =       1, np =        32, nx1 =       6, elements =        32
Solve Time =   0.1789E-07
 
nelt =       1, np =        32, nx1 =       6, elements =        32
Solve Time =   0.1736E-07
 
nelt =       1, np =        32, nx1 =       6, elements =        32
Solve Time =   0.1692E-07
 
nelt =       1, np =        32, nx1 =       6, elements =        32
Solve Time =   0.5921E-07
 
nelt =       1, np =        32, nx1 =       6, elements =        32
Solve Time =   0.1080E-07
 
nelt =       1, np =        32, nx1 =       6, elements =        32
Solve Time =   0.1436E-07
 
nelt =       1, np =        32, nx1 =       6, elements =        32
Solve Time =   0.1283E-07
 
nelt =       1, np =        32, nx1 =       6, elements =        32
Solve Time =   0.1042E-07
 
nelt =       1, np =        32, nx1 =       6, elements =        32
Solve Time =   0.1182E-07
 
nelt =       1, np =        32, nx1 =       6, elements =        32
Solve Time =   0.1225E-07
 
nelt =       1, np =        32, nx1 =       6, elements =        32
Solve Time =   0.1442E-07
 
nelt =       1, np =        32, nx1 =       6, elements =        32
Solve Time =   0.1176E-07
 
nelt =       1, np =        32, nx1 =       6, elements =        32
Solve Time =   0.1128E-07
 
nelt =       1, np =        32, nx1 =       6, elements =        32
Solve Time =   0.5059E-07
 
nelt =       1, np =        32, nx1 =       6, elements =        32
Solve Time =   0.1442E-07
 
nelt =       1, np =        32, nx1 =       6, elements =        32
Solve Time =   0.1394E-07
 
nelt =       1, np =        32, nx1 =       6, elements =        32
Solve Time =   0.1341E-07
 
nelt =       1, np =        32, nx1 =       6, elements =        32
Solve Time =   0.1356E-07
 
nelt =       1, np =        32, nx1 =       6, elements =        32
Solve Time =   0.1351E-07
 
nelt =       1, np =        32, nx1 =       6, elements =        32
Solve Time =   0.1292E-07
 
nelt =       1, np =        32, nx1 =       6, elements =        32
Solve Time =   0.1288E-07
 
nelt =       1, np =        32, nx1 =       6, elements =        32
Solve Time =   0.1292E-07
 
nelt =       1, np =        32, nx1 =       6, elements =        32
Solve Time =   0.1461E-07
 
nelt =       1, np =        32, nx1 =       6, elements =        32
Solve Time =   0.3694E-07
 
nelt =       1, np =        32, nx1 =       6, elements =        32
Solve Time =   0.1572E-07
 
nelt =       1, np =        32, nx1 =       6, elements =        32
Solve Time =   0.1418E-07
 
nelt =       1, np =        32, nx1 =       6, elements =        32
Solve Time =   0.1645E-07
 
nelt =       1, np =        32, nx1 =       6, elements =        32
Solve Time =   0.1538E-07
 
nelt =       1, np =        32, nx1 =       6, elements =        32
Solve Time =   0.1389E-07
 
nelt =       1, np =        32, nx1 =       6, elements =        32
Solve Time =   0.1365E-07
 
nelt =       1, np =        32, nx1 =       6, elements =        32
Solve Time =   0.1591E-07
 
nelt =       1, np =        32, nx1 =       6, elements =        32
Solve Time =   0.1486E-07
 
nelt =       1, np =        32, nx1 =       6, elements =        32
Solve Time =   0.1476E-07
 
nelt =       1, np =        32, nx1 =       6, elements =        32
Solve Time =   0.4654E-07
 
nelt =       1, np =        32, nx1 =       6, elements =        32
Solve Time =   0.1640E-07
 
nelt =       1, np =        32, nx1 =       6, elements =        32
Solve Time =   0.1587E-07
 
nelt =       1, np =        32, nx1 =       6, elements =        32
Solve Time =   0.1529E-07
 
nelt =       1, np =        32, nx1 =       6, elements =        32
Solve Time =   0.1587E-07
 
nelt =       1, np =        32, nx1 =       6, elements =        32
Solve Time =   0.1567E-07
 
nelt =       1, np =        32, nx1 =       6, elements =        32
Solve Time =   0.1548E-07
 
nelt =       1, np =        32, nx1 =       6, elements =        32
Solve Time =   0.1534E-07
 
nelt =       1, np =        32, nx1 =       6, elements =        32
Solve Time =   0.1591E-07
 
nelt =       1, np =        32, nx1 =       6, elements =        32
Solve Time =   0.1771E-07
 schfile:
 /gpfs/theta-fs1/home/thilina/env/lx6/b5.sch                                    
                                                      
  6       32  1.0000E+00  1.0000E+00  1.0000E+00  error v
  6       32  1.0000E+00  1.0000E+00  1.0000E+00  error v
  6       32  1.0000E+00  1.0000E+00  1.0000E+00  error v
  6       32  1.0000E+00  1.0000E+00  1.0000E+00  error v
  6       32  1.0000E+00  1.0000E+00  1.0000E+00  error v
  6       32  1.0000E+00  1.0000E+00  1.0000E+00  error v
  6       32  1.0000E+00  1.0000E+00  1.0000E+00  error v
  6       32  1.0000E+00  1.0000E+00  1.0000E+00  error v
  6       32  1.0000E+00  1.0000E+00  1.0000E+00  error v
  6       32  1.0000E+00  1.0000E+00  1.0000E+00  error v
  6       32  1.0000E+00  1.0000E+00  1.0000E+00  error v
  6       32  1.0000E+00  1.0000E+00  1.0000E+00  error v
  6       32  1.0000E+00  1.0000E+00  1.0000E+00  error v
  6       32  1.0000E+00  1.0000E+00  1.0000E+00  error v
  6       32  1.0000E+00  1.0000E+00  1.0000E+00  error v
  6       32  1.0000E+00  1.0000E+00  1.0000E+00  error v
  6       32  1.0000E+00  1.0000E+00  1.0000E+00  error v
  6       32  1.0000E+00  1.0000E+00  1.0000E+00  error v
  6       32  1.0000E+00  1.0000E+00  1.0000E+00  error v
  6       32  1.0000E+00  1.0000E+00  1.0000E+00  error v
  6       32  1.0000E+00  1.0000E+00  1.0000E+00  error v
  6       32  1.0000E+00  1.0000E+00  1.0000E+00  error v
  6       32  1.0000E+00  1.0000E+00  1.0000E+00  error v
  6       32  1.0000E+00  1.0000E+00  1.0000E+00  error v
  6       32  1.0000E+00  1.0000E+00  1.0000E+00  error v
  6       32  1.0000E+00  1.0000E+00  1.0000E+00  error v
  6       32  1.0000E+00  1.0000E+00  1.0000E+00  error v
  6       32  1.0000E+00  1.0000E+00  1.0000E+00  error v
  6       32  1.0000E+00  1.0000E+00  1.0000E+00  error v
  6       32  1.0000E+00  1.0000E+00  1.0000E+00  error v
  6       32  1.0000E+00  1.0000E+00  1.0000E+00  error v
  6       32  1.0000E+00  1.0000E+00  1.0000E+00  error v
 
nelt =       1, np =        32, nx1 =       6, elements =        32
Solve Time =   0.9894E-08
 
nelt =       1, np =        32, nx1 =       6, elements =        32
Solve Time =   0.9259E-08
 
nelt =       1, np =        32, nx1 =       6, elements =        32
Solve Time =   0.9253E-08
 
nelt =       1, np =        32, nx1 =       6, elements =        32
Solve Time =   0.9207E-08
 
nelt =       1, np =        32, nx1 =       6, elements =        32
Solve Time =   0.9325E-08
 
nelt =       1, np =        32, nx1 =       6, elements =        32
Solve Time =   0.9444E-08
 
nelt =       1, np =        32, nx1 =       6, elements =        32
Solve Time =   0.9373E-08
 
nelt =       1, np =        32, nx1 =       6, elements =        32
Solve Time =   0.9099E-08
 
nelt =       1, np =        32, nx1 =       6, elements =        32
Solve Time =   0.9098E-08
 
nelt =       1, np =        32, nx1 =       6, elements =        32
Solve Time =   0.9115E-08
  6       32  6.2512E-07  6.2512E-07  6.2512E-07  error s
  6       32  6.2512E-07  6.2512E-07  6.2512E-07  error s
  6       32  6.2512E-07  6.2512E-07  6.2512E-07  error s
  6       32  6.2512E-07  6.2512E-07  6.2512E-07  error s
  6       32  6.2512E-07  6.2512E-07  6.2512E-07  error s
  6       32  6.2512E-07  6.2512E-07  6.2512E-07  error s
  6       32  6.2512E-07  6.2512E-07  6.2512E-07  error s
  6       32  6.2512E-07  6.2512E-07  6.2512E-07  error s
  6       32  6.2512E-07  6.2512E-07  6.2512E-07  error s
  6       32  6.2512E-07  6.2512E-07  6.2512E-07  error s
  6       32  6.2512E-07  6.2512E-07  6.2512E-07  error s
  6       32  6.2512E-07  6.2512E-07  6.2512E-07  error s
  6       32  6.2512E-07  6.2512E-07  6.2512E-07  error s
  6       32  6.2512E-07  6.2512E-07  6.2512E-07  error s
  6       32  6.2512E-07  6.2512E-07  6.2512E-07  error s
  6       32  6.2512E-07  6.2512E-07  6.2512E-07  error s
  6       32  6.2512E-07  6.2512E-07  6.2512E-07  error s
  6       32  6.2512E-07  6.2512E-07  6.2512E-07  error s
  6       32  6.2512E-07  6.2512E-07  6.2512E-07  error s
  6       32  6.2512E-07  6.2512E-07  6.2512E-07  error s
  6       32  6.2512E-07  6.2512E-07  6.2512E-07  error s
  6       32  6.2512E-07  6.2512E-07  6.2512E-07  error s
  6       32  6.2512E-07  6.2512E-07  6.2512E-07  error s
  6       32  6.2512E-07  6.2512E-07  6.2512E-07  error s
  6       32  6.2512E-07  6.2512E-07  6.2512E-07  error s
  6       32  6.2512E-07  6.2512E-07  6.2512E-07  error s
  6       32  6.2512E-07  6.2512E-07  6.2512E-07  error s
  6       32  6.2512E-07  6.2512E-07  6.2512E-07  error s
  6       32  6.2512E-07  6.2512E-07  6.2512E-07  error s
  6       32  6.2512E-07  6.2512E-07  6.2512E-07  error s
  6       32  6.2512E-07  6.2512E-07  6.2512E-07  error s
  6       32  6.2512E-07  6.2512E-07  6.2512E-07  error s
 
nelt =       1, np =        32, nx1 =       6, elements =        32
Solve Time =   0.1004E-07
 
nelt =       1, np =        32, nx1 =       6, elements =        32
Solve Time =   0.9185E-08
 
nelt =       1, np =        32, nx1 =       6, elements =        32
Solve Time =   0.9032E-08
 
nelt =       1, np =        32, nx1 =       6, elements =        32
Solve Time =   0.8986E-08
 
nelt =       1, np =        32, nx1 =       6, elements =        32
Solve Time =   0.8956E-08
 
nelt =       1, np =        32, nx1 =       6, elements =        32
Solve Time =   0.9024E-08
 
nelt =       1, np =        32, nx1 =       6, elements =        32
Solve Time =   0.9171E-08
 
nelt =       1, np =        32, nx1 =       6, elements =        32
Solve Time =   0.9014E-08
 
nelt =       1, np =        32, nx1 =       6, elements =        32
Solve Time =   0.8958E-08
 
nelt =       1, np =        32, nx1 =       6, elements =        32
Solve Time =   0.8882E-08
  6       32  6.2512E-07  6.2512E-07  6.2512E-07  error n
  6       32  6.2512E-07  6.2512E-07  6.2512E-07  error n
  6       32  6.2512E-07  6.2512E-07  6.2512E-07  error n
  6       32  6.2512E-07  6.2512E-07  6.2512E-07  error n
  6       32  6.2512E-07  6.2512E-07  6.2512E-07  error n
  6       32  6.2512E-07  6.2512E-07  6.2512E-07  error n
   5       32  100  0.0000E+00  0.0000E+00  0.0000E+00 time for 3 hmholtz
  6       32  6.2512E-07  6.2512E-07  6.2512E-07  error n
  6       32  6.2512E-07  6.2512E-07  6.2512E-07  error n
  6       32  6.2512E-07  6.2512E-07  6.2512E-07  error n
  6       32  6.2512E-07  6.2512E-07  6.2512E-07  error n
  6       32  6.2512E-07  6.2512E-07  6.2512E-07  error n
  6       32  6.2512E-07  6.2512E-07  6.2512E-07  error n
  6       32  6.2512E-07  6.2512E-07  6.2512E-07  error n
  6       32  6.2512E-07  6.2512E-07  6.2512E-07  error n
  6       32  6.2512E-07  6.2512E-07  6.2512E-07  error n
  6       32  6.2512E-07  6.2512E-07  6.2512E-07  error n
  6       32  6.2512E-07  6.2512E-07  6.2512E-07  error n
  6       32  6.2512E-07  6.2512E-07  6.2512E-07  error n
  6       32  6.2512E-07  6.2512E-07  6.2512E-07  error n
  6       32  6.2512E-07  6.2512E-07  6.2512E-07  error n
  6       32  6.2512E-07  6.2512E-07  6.2512E-07  error n
  6       32  6.2512E-07  6.2512E-07  6.2512E-07  error n
  6       32  6.2512E-07  6.2512E-07  6.2512E-07  error n
  6       32  6.2512E-07  6.2512E-07  6.2512E-07  error n
  6       32  6.2512E-07  6.2512E-07  6.2512E-07  error n
  6       32  6.2512E-07  6.2512E-07  6.2512E-07  error n
  6       32  6.2512E-07  6.2512E-07  6.2512E-07  error n
  6       32  6.2512E-07  6.2512E-07  6.2512E-07  error n
  6       32  6.2512E-07  6.2512E-07  6.2512E-07  error n
  6       32  6.2512E-07  6.2512E-07  6.2512E-07  error n
  6       32  6.2512E-07  6.2512E-07  6.2512E-07  error n
  6       32  6.2512E-07  6.2512E-07  6.2512E-07  error n
EXIT: quit after cggov          5
  
call exitt: dying ...
  
backtrace(): obtained 8 stack frames.
./nek5000() [0x771555]
./nek5000() [0x954e99]
./nek5000() [0x40cb9c]
./nek5000() [0x424fa6]
./nek5000() [0x42355e]
./nek5000() [0x4054fe]
/lib64/libc.so.6(__libc_start_main+0xf5) [0x2aaab1ca3b25]
./nek5000() [0x405409]
  
total elapsed time             :   2.28077E+00 sec
total solver time incl. I/O    :   0.00000E+00 sec
time/timestep                  :   0.00000E+00 sec
CPU seconds/timestep/gridpt    :   0.00000E+00 sec

Application 2256360 resources: utime ~71s, stime ~7s, Rss ~18052, inblocks ~0, outblocks ~0
