/----------------------------------------------------------\\
|      _   __ ______ __ __  ______  ____   ____   ____     |
|     / | / // ____// //_/ / ____/ / __ \\/ __ \\/ __ \\   |
|    /  |/ // __/  / ,<   /___ \\ / / / // / / // / / /    |
|   / /|  // /___ / /| | ____/ / / /_/ // /_/ // /_/ /     |
|  /_/ |_//_____//_/ |_|/_____/  \\___/ \\___/ \\___/      |
|                                                          |
|----------------------------------------------------------|
|                                                          |
| NEK5000:  Open Source Spectral Element Solver            |
| COPYRIGHT (c) 2008-2016 UCHICAGO ARGONNE, LLC            |
| Version:  16.0.0                                         |
| Web:      http://nek5000.mcs.anl.gov                     |
|                                                          |
\\----------------------------------------------------------/
                                                              

 Number of processors:          64
 REAL    wdsize      :           8
 INTEGER wdsize      :           4
 Timer accuracy      : 4.05E-07
 Reading /gpfs/theta-fs1/home/thilina/env/lx6/b10.rea                                                                                        

 mapping elements to processors
 Reading /gpfs/theta-fs1/home/thilina/env/lx6/b10.map                                                                                        
          51          16          16        1024        1024  NELV
          35          16          16        1024        1024  NELV
          37          16          16        1024        1024  NELV
          32          16          16        1024        1024  NELV
          38          16          16        1024        1024  NELV
          53          16          16        1024        1024  NELV
           7          16          16        1024        1024  NELV
          11          16          16        1024        1024  NELV
          21          16          16        1024        1024  NELV
          13          16          16        1024        1024  NELV
          10          16          16        1024        1024  NELV
          12          16          16        1024        1024  NELV
           3          16          16        1024        1024  NELV
          28          16          16        1024        1024  NELV
           0          16          16        1024        1024  NELV
          17          16          16        1024        1024  NELV
          22          16          16        1024        1024  NELV
          16          16          16        1024        1024  NELV
          30          16          16        1024        1024  NELV
          23          16          16        1024        1024  NELV
           6          16          16        1024        1024  NELV
          31          16          16        1024        1024  NELV
          14          16          16        1024        1024  NELV
          20          16          16        1024        1024  NELV
          15          16          16        1024        1024  NELV
          24          16          16        1024        1024  NELV
          25          16          16        1024        1024  NELV
          19          16          16        1024        1024  NELV
           4          16          16        1024        1024  NELV
           5          16          16        1024        1024  NELV
          26          16          16        1024        1024  NELV
          27          16          16        1024        1024  NELV
           2          16          16        1024        1024  NELV
          29          16          16        1024        1024  NELV
           8          16          16        1024        1024  NELV
           9          16          16        1024        1024  NELV
          18          16          16        1024        1024  NELV
           1          16          16        1024        1024  NELV
 RANK     0 IEG     897     898     899     900     905     906     907     908
                    961     962     963     964     969     970     971     972
 element load imbalance:            0          16          16
 done :: mapping elements to processors
  
          54          16          16        1024        1024  NELV
          55          16          16        1024        1024  NELV
          48          16          16        1024        1024  NELV
          39          16          16        1024        1024  NELV
          34          16          16        1024        1024  NELV
          50          16          16        1024        1024  NELV
          56          16          16        1024        1024  NELV
          57          16          16        1024        1024  NELV
          33          16          16        1024        1024  NELV
          63          16          16        1024        1024  NELV
          43          16          16        1024        1024  NELV
          36          16          16        1024        1024  NELV
          47          16          16        1024        1024  NELV
          46          16          16        1024        1024  NELV
          62          16          16        1024        1024  NELV
          41          16          16        1024        1024  NELV
          42          16          16        1024        1024  NELV
          60          16          16        1024        1024  NELV
          40          16          16        1024        1024  NELV
          61          16          16        1024        1024  NELV
          45          16          16        1024        1024  NELV
          52          16          16        1024        1024  NELV
          58          16          16        1024        1024  NELV
          59          16          16        1024        1024  NELV
          44          16          16        1024        1024  NELV
          49          16          16        1024        1024  NELV
           0  objects found
 118   Parameters from file:
   1      1.00000     p001 DENSITY
   2     -100.000     p002 VISCOS
   7      1.00000     p007 RHOCP
   8      1.00000     p008 CONDUCT
  11      1.00        p011 NSTEPS
  12    -0.500000E-02 p012 DT
  21     0.100000E-05 p021 DIVERGENCE
  22     0.100000E-07 p022 HELMHOLTZ
  24     0.100000E-09 p024 TOLREL
  25     0.100000E-09 p025 TOLABS
  26     0.250000     p026 COURANT/NTAU
  27      2.00000     p027 TORDER
  66      6.00000     p066 output : <0=ascii, else binary
  67      6.00000     p067 restart: <0=ascii, else binary
  99      3.00000     p099 dealiasing: <0--> off/3--> old/4--> new
 103     0.500000E-01 p103 weight of stabilizing filter (.01)
  
 nelgt/nelgv/lelt:        1024        1024         100
 lx1  /lx2  /lx3 :           6           6           6
 done :: read .rea file   0.42695     sec

 setup mesh topology
   Right-handed check complete for    1024 elements. OK.
   setvert3d:   6       70625      136161       70625       70625
 call usrsetvert
 done :: usrsetvert

gs_setup: 23681 unique labels shared
   pairwise times (avg, min, max): 8.11633e-05 6.89983e-05 9.30071e-05
   crystal router                : 9.93926e-05 9.83953e-05 0.000100493
   all reduce                    : 0.00197969 0.0019757 0.00198731
   used all_to_all method: pairwise
   handle bytes (avg, min, max): 39936 33212 43932
   buffer bytes (avg, min, max): 15444 10032 18832
   setupds time 8.5928E-02 seconds   0  6       70625        1024
           8  max multiplicity
 done :: setup mesh topology
  
 call usrdat
 done :: usrdat

 generate geometry data
 done :: generate geometry data
  
 call usrdat2
 done :: usrdat2

 regenerate geometry data           1
 NOTE: All elements deformed , param(59) ^=0
 done :: regenerate geometry data           1
  
 verify mesh topology
  0.000000000000000E+000   1.00000000000000       Xrange
  0.000000000000000E+000   1.00000000000000       Yrange
  0.000000000000000E+000   1.00000000000000       Zrange
 done :: verify mesh topology
  
 IFTRAN   = T
 IFFLOW   = T
 IFHEAT   = F
 IFSPLIT  = T
 IFLOMACH = F
 IFUSERVP = F
 IFUSERMV = F
 IFSTRS   = F
 IFCHAR   = F
 IFCYCLIC = F
 IFAXIS   = F
 IFMVBD   = F
 IFMELT   = F
 IFMODEL  = F
 IFKEPS   = F
 IFMOAB   = F
 IFNEKNEK = F
 IFSYNC   = T
   
 IFVCOR   = T
 IFINTQ   = F
 IFCWUZ   = F
 IFSWALL  = F
 IFGEOM   = F
 IFSURT   = F
 IFWCNO   = F
   
 IFTMSH for field           1    =  F
 IFADVC for field           1    =  T
 IFNONL for field           1    =  F
   
 Dealiasing enabled, lxd=           9
  
 Estimated eigenvalues
 EIGAA =    9.86960440108936     
 EIGGA =    146121.667522814     
 EIGAE =    9.86960440108936     
 EIGAS =   8.333333333333333E-002
 EIGGE =    146121.667522814     
 EIGGS =    2.00000000000000     
  
 verify mesh topology
  0.000000000000000E+000   1.00000000000000       Xrange
  0.000000000000000E+000   1.00000000000000       Yrange
  0.000000000000000E+000   1.00000000000000       Zrange
 done :: verify mesh topology
  
  E-solver strategy:  0 itr
 mg_nx:           1           3           5
 mg_ny:           1           3           5
 mg_nz:           1           3           5
 call usrsetvert
 done :: usrsetvert

gs_setup: 897 unique labels shared
   pairwise times (avg, min, max): 7.61241e-05 6.59943e-05 8.7595e-05
   crystal router                : 2.98217e-05 2.94924e-05 3.0303e-05
   all reduce                    : 9.62317e-05 9.57012e-05 9.67979e-05
   used all_to_all method: crystal router
   handle bytes (avg, min, max): 12161 10100 13460
   buffer bytes (avg, min, max): 1668 1392 1856
   setupds time 8.8041E-03 seconds   1  2        1377        1024
   setvert3d:   4       22433       30625       22433       22433
 call usrsetvert
 done :: usrsetvert

gs_setup: 8449 unique labels shared
   pairwise times (avg, min, max): 7.7169e-05 6.84023e-05 8.90017e-05
   crystal router                : 4.53919e-05 4.5085e-05 4.57048e-05
   all reduce                    : 0.000439454 0.000437307 0.000442195
   used all_to_all method: crystal router
   handle bytes (avg, min, max): 79417 60820 91636
   buffer bytes (avg, min, max): 11728 9440 12880
   setupds time 3.2374E-02 seconds   2  4       22433        1024
   setvert3d:   4       22433       30625       22433       22433
 call usrsetvert
 done :: usrsetvert

gs_setup: 8449 unique labels shared
   pairwise times (avg, min, max): 7.3402e-05 6.36101e-05 8.44955e-05
   crystal router                : 4.64603e-05 4.5681e-05 4.77076e-05
   all reduce                    : 0.000431878 0.000429702 0.000434399
   used all_to_all method: crystal router
   handle bytes (avg, min, max): 79417 60820 91636
   buffer bytes (avg, min, max): 11728 9440 12880
   setupds time 1.9825E-02 seconds   3  4       22433        1024
   setvert3d:   6       70625      136161       70625       70625
 call usrsetvert
 done :: usrsetvert

gs_setup: 23681 unique labels shared
   pairwise times (avg, min, max): 8.08723e-05 6.99043e-05 9.44138e-05
   crystal router                : 8.46703e-05 8.33035e-05 8.55207e-05
   all reduce                    : 0.000978787 0.000973296 0.000988412
   used all_to_all method: crystal router
   handle bytes (avg, min, max): 207729 156084 242004
   buffer bytes (avg, min, max): 31300 24032 34896
   setupds time 8.0380E-02 seconds   4  6       70625        1024
 regenerate geometry data           1
 NOTE: All elements deformed , param(59) ^=0
 done :: regenerate geometry data           1
  
 h1_mg_nx:           1           3           5
 h1_mg_ny:           1           3           5
 h1_mg_nz:           1           3           5
 call usrsetvert
 done :: usrsetvert

gs_setup: 897 unique labels shared
   pairwise times (avg, min, max): 6.34145e-05 5.40018e-05 7.41005e-05
   crystal router                : 3.07053e-05 3.02792e-05 3.10898e-05
   all reduce                    : 0.000110086 0.00010891 0.000111103
   used all_to_all method: crystal router
   handle bytes (avg, min, max): 12161 10100 13460
   buffer bytes (avg, min, max): 1668 1392 1856
   setupds time 8.6370E-03 seconds   5  2        1377        1024
   setvert3d:   4       22433       30625       22433       22433
 call usrsetvert
 done :: usrsetvert

gs_setup: 8449 unique labels shared
   pairwise times (avg, min, max): 7.39936e-05 6.38008e-05 8.65936e-05
   crystal router                : 5.69165e-05 5.62906e-05 5.81026e-05
   all reduce                    : 0.000494511 0.000490189 0.000500798
   used all_to_all method: crystal router
   handle bytes (avg, min, max): 79417 60820 91636
   buffer bytes (avg, min, max): 11728 9440 12880
   setupds time 3.3262E-02 seconds   6  4       22433        1024
   setvert3d:   4       22433       30625       22433       22433
 call usrsetvert
 done :: usrsetvert

gs_setup: 8449 unique labels shared
   pairwise times (avg, min, max): 7.02526e-05 6.1512e-05 8.08954e-05
   crystal router                : 5.50374e-05 5.45025e-05 5.56946e-05
   all reduce                    : 0.000461992 0.000460219 0.000465417
   used all_to_all method: crystal router
   handle bytes (avg, min, max): 79417 60820 91636
   buffer bytes (avg, min, max): 11728 9440 12880
   setupds time 1.8770E-02 seconds   7  4       22433        1024
   setvert3d:   6       70625      136161       70625       70625
 call usrsetvert
 done :: usrsetvert

gs_setup: 23681 unique labels shared
   pairwise times (avg, min, max): 7.2927e-05 6.35147e-05 8.37088e-05
   crystal router                : 9.14123e-05 9.0003e-05 9.25064e-05
   all reduce                    : 0.000957862 0.000952005 0.000967503
   used all_to_all method: pairwise
   handle bytes (avg, min, max): 39936 33212 43932
   buffer bytes (avg, min, max): 15444 10032 18832
   setupds time 7.0214E-02 seconds   8  6       70625        1024
   setvert3d:   6       70625      136161       70625       70625
 call usrsetvert
 done :: usrsetvert

gs_setup: 23681 unique labels shared
   pairwise times (avg, min, max): 6.98838e-05 6.10828e-05 8.14915e-05
   crystal router                : 0.00011909 0.000116587 0.000122094
   all reduce                    : 0.000974347 0.000969005 0.000982404
   used all_to_all method: pairwise
   handle bytes (avg, min, max): 39936 33212 43932
   buffer bytes (avg, min, max): 15444 10032 18832
   setupds time 7.0808E-02 seconds   9  6       70625        1024
   setvert3d:   8      145953      367137      145953      145953
 call usrsetvert
 done :: usrsetvert

gs_setup: 46593 unique labels shared
   pairwise times (avg, min, max): 7.81756e-05 6.75917e-05 9.05991e-05
   crystal router                : 0.000199049 0.000196981 0.000202608
   all reduce                    : 0.00106998 0.00106609 0.0010747
   used all_to_all method: pairwise
   handle bytes (avg, min, max): 75096 62396 82652
   buffer bytes (avg, min, max): 28260 18480 34320
   setupds time 8.3290E-02 seconds  10  8      145953        1024
 setup h1 coarse grid, nx_crs=           2
 call usrsetvert
 done :: usrsetvert

gs_setup: 897 unique labels shared
   pairwise times (avg, min, max): 6.34432e-05 5.50032e-05 7.36952e-05
   crystal router                : 2.63672e-05 2.61068e-05 2.67029e-05
   all reduce                    : 9.66337e-05 9.57012e-05 9.72986e-05
   used all_to_all method: crystal router
   handle bytes (avg, min, max): 12161 10100 13460
   buffer bytes (avg, min, max): 1668 1392 1856
 done :: setup h1 coarse grid   2.836799621582031E-002  sec
  
 call usrdat3
 done :: usrdat3

 set initial conditions
 nekuic (1) for ifld            1
 call nekuic for vel  
 xyz min     0.0000       0.0000       0.0000    
 uvwpt min   0.0000       0.0000       0.0000       0.0000       0.0000    
 PS min      0.0000       0.0000      0.99000E+22
 xyz max     1.0000       1.0000       1.0000    
 uvwpt max   0.0000       0.0000       0.0000       0.0000       0.0000    
 PS max      0.0000       0.0000     -0.99000E+22
 done :: set initial conditions
  
 call userchk
GFM max:  5.3382E-03  5.3382E-03  2.1353E-02  9.9944E-17  2.9492E-16  2.9492E-16
 
nelt =      16, np =        64, nx1 =       6, elements =      1024
Solve Time =   0.1751E-08
 
nelt =      16, np =        64, nx1 =       6, elements =      1024
Solve Time =   0.1689E-08
 
nelt =      16, np =        64, nx1 =       6, elements =      1024
Solve Time =   0.1699E-08
 
nelt =      16, np =        64, nx1 =       6, elements =      1024
Solve Time =   0.1694E-08
 
nelt =      16, np =        64, nx1 =       6, elements =      1024
Solve Time =   0.1695E-08
 
nelt =      16, np =        64, nx1 =       6, elements =      1024
Solve Time =   0.1690E-08
 
nelt =      16, np =        64, nx1 =       6, elements =      1024
Solve Time =   0.1692E-08
 
nelt =      16, np =        64, nx1 =       6, elements =      1024
Solve Time =   0.1693E-08
 
nelt =      16, np =        64, nx1 =       6, elements =      1024
Solve Time =   0.1700E-08
 
nelt =      16, np =        64, nx1 =       6, elements =      1024
Solve Time =   0.1698E-08
 
nelt =      16, np =        64, nx1 =       6, elements =      1024
Solve Time =   0.1225E-08
 
nelt =      16, np =        64, nx1 =       6, elements =      1024
Solve Time =   0.1191E-08
 
nelt =      16, np =        64, nx1 =       6, elements =      1024
Solve Time =   0.1194E-08
 
nelt =      16, np =        64, nx1 =       6, elements =      1024
Solve Time =   0.1197E-08
 
nelt =      16, np =        64, nx1 =       6, elements =      1024
Solve Time =   0.1191E-08
 
nelt =      16, np =        64, nx1 =       6, elements =      1024
Solve Time =   0.1189E-08
 
nelt =      16, np =        64, nx1 =       6, elements =      1024
Solve Time =   0.1192E-08
 
nelt =      16, np =        64, nx1 =       6, elements =      1024
Solve Time =   0.1191E-08
 
nelt =      16, np =        64, nx1 =       6, elements =      1024
Solve Time =   0.1188E-08
 
nelt =      16, np =        64, nx1 =       6, elements =      1024
Solve Time =   0.1191E-08
 
nelt =      16, np =        64, nx1 =       6, elements =      1024
Solve Time =   0.1559E-08
 
nelt =      16, np =        64, nx1 =       6, elements =      1024
Solve Time =   0.1539E-08
 
nelt =      16, np =        64, nx1 =       6, elements =      1024
Solve Time =   0.1539E-08
 
nelt =      16, np =        64, nx1 =       6, elements =      1024
Solve Time =   0.1534E-08
 
nelt =      16, np =        64, nx1 =       6, elements =      1024
Solve Time =   0.1537E-08
 
nelt =      16, np =        64, nx1 =       6, elements =      1024
Solve Time =   0.1536E-08
 
nelt =      16, np =        64, nx1 =       6, elements =      1024
Solve Time =   0.1532E-08
 
nelt =      16, np =        64, nx1 =       6, elements =      1024
Solve Time =   0.1535E-08
 
nelt =      16, np =        64, nx1 =       6, elements =      1024
Solve Time =   0.1537E-08
 
nelt =      16, np =        64, nx1 =       6, elements =      1024
Solve Time =   0.1537E-08
 
nelt =      16, np =        64, nx1 =       6, elements =      1024
Solve Time =   0.1763E-08
 
nelt =      16, np =        64, nx1 =       6, elements =      1024
Solve Time =   0.1730E-08
 
nelt =      16, np =        64, nx1 =       6, elements =      1024
Solve Time =   0.1729E-08
 
nelt =      16, np =        64, nx1 =       6, elements =      1024
Solve Time =   0.1734E-08
 
nelt =      16, np =        64, nx1 =       6, elements =      1024
Solve Time =   0.1729E-08
 
nelt =      16, np =        64, nx1 =       6, elements =      1024
Solve Time =   0.1725E-08
 
nelt =      16, np =        64, nx1 =       6, elements =      1024
Solve Time =   0.1731E-08
 
nelt =      16, np =        64, nx1 =       6, elements =      1024
Solve Time =   0.1726E-08
 
nelt =      16, np =        64, nx1 =       6, elements =      1024
Solve Time =   0.1730E-08
 
nelt =      16, np =        64, nx1 =       6, elements =      1024
Solve Time =   0.1735E-08
 
nelt =      16, np =        64, nx1 =       6, elements =      1024
Solve Time =   0.1937E-08
 
nelt =      16, np =        64, nx1 =       6, elements =      1024
Solve Time =   0.1915E-08
 
nelt =      16, np =        64, nx1 =       6, elements =      1024
Solve Time =   0.1914E-08
 
nelt =      16, np =        64, nx1 =       6, elements =      1024
Solve Time =   0.1909E-08
 
nelt =      16, np =        64, nx1 =       6, elements =      1024
Solve Time =   0.1909E-08
 
nelt =      16, np =        64, nx1 =       6, elements =      1024
Solve Time =   0.1911E-08
 
nelt =      16, np =        64, nx1 =       6, elements =      1024
Solve Time =   0.1912E-08
 
nelt =      16, np =        64, nx1 =       6, elements =      1024
Solve Time =   0.1914E-08
 
nelt =      16, np =        64, nx1 =       6, elements =      1024
Solve Time =   0.1908E-08
 
nelt =      16, np =        64, nx1 =       6, elements =      1024
Solve Time =   0.1910E-08
 schfile:
 /gpfs/theta-fs1/home/thilina/env/lx6/b10.sch                                   
                                                      
  6     1024  1.0000E+00  1.0000E+00  1.0000E+00  error v
  6     1024  1.0000E+00  1.0000E+00  1.0000E+00  error v
  6     1024  1.0000E+00  1.0000E+00  1.0000E+00  error v
  6     1024  1.0000E+00  1.0000E+00  1.0000E+00  error v
  6     1024  1.0000E+00  1.0000E+00  1.0000E+00  error v
  6     1024  1.0000E+00  1.0000E+00  1.0000E+00  error v
  6     1024  1.0000E+00  1.0000E+00  1.0000E+00  error v
  6     1024  1.0000E+00  1.0000E+00  1.0000E+00  error v
  6     1024  1.0000E+00  1.0000E+00  1.0000E+00  error v
  6     1024  1.0000E+00  1.0000E+00  1.0000E+00  error v
  6     1024  1.0000E+00  1.0000E+00  1.0000E+00  error v
  6     1024  1.0000E+00  1.0000E+00  1.0000E+00  error v
  6     1024  1.0000E+00  1.0000E+00  1.0000E+00  error v
  6     1024  1.0000E+00  1.0000E+00  1.0000E+00  error v
  6     1024  1.0000E+00  1.0000E+00  1.0000E+00  error v
  6     1024  1.0000E+00  1.0000E+00  1.0000E+00  error v
  6     1024  1.0000E+00  1.0000E+00  1.0000E+00  error v
  6     1024  1.0000E+00  1.0000E+00  1.0000E+00  error v
  6     1024  1.0000E+00  1.0000E+00  1.0000E+00  error v
  6     1024  1.0000E+00  1.0000E+00  1.0000E+00  error v
  6     1024  1.0000E+00  1.0000E+00  1.0000E+00  error v
  6     1024  1.0000E+00  1.0000E+00  1.0000E+00  error v
  6     1024  1.0000E+00  1.0000E+00  1.0000E+00  error v
  6     1024  1.0000E+00  1.0000E+00  1.0000E+00  error v
  6     1024  1.0000E+00  1.0000E+00  1.0000E+00  error v
  6     1024  1.0000E+00  1.0000E+00  1.0000E+00  error v
  6     1024  1.0000E+00  1.0000E+00  1.0000E+00  error v
  6     1024  1.0000E+00  1.0000E+00  1.0000E+00  error v
  6     1024  1.0000E+00  1.0000E+00  1.0000E+00  error v
  6     1024  1.0000E+00  1.0000E+00  1.0000E+00  error v
  6     1024  1.0000E+00  1.0000E+00  1.0000E+00  error v
  6     1024  1.0000E+00  1.0000E+00  1.0000E+00  error v
  6     1024  1.0000E+00  1.0000E+00  1.0000E+00  error v
  6     1024  1.0000E+00  1.0000E+00  1.0000E+00  error v
  6     1024  1.0000E+00  1.0000E+00  1.0000E+00  error v
  6     1024  1.0000E+00  1.0000E+00  1.0000E+00  error v
  6     1024  1.0000E+00  1.0000E+00  1.0000E+00  error v
  6     1024  1.0000E+00  1.0000E+00  1.0000E+00  error v
  6     1024  1.0000E+00  1.0000E+00  1.0000E+00  error v
  6     1024  1.0000E+00  1.0000E+00  1.0000E+00  error v
  6     1024  1.0000E+00  1.0000E+00  1.0000E+00  error v
  6     1024  1.0000E+00  1.0000E+00  1.0000E+00  error v
  6     1024  1.0000E+00  1.0000E+00  1.0000E+00  error v
  6     1024  1.0000E+00  1.0000E+00  1.0000E+00  error v
  6     1024  1.0000E+00  1.0000E+00  1.0000E+00  error v
  6     1024  1.0000E+00  1.0000E+00  1.0000E+00  error v
  6     1024  1.0000E+00  1.0000E+00  1.0000E+00  error v
  6     1024  1.0000E+00  1.0000E+00  1.0000E+00  error v
  6     1024  1.0000E+00  1.0000E+00  1.0000E+00  error v
  6     1024  1.0000E+00  1.0000E+00  1.0000E+00  error v
  6     1024  1.0000E+00  1.0000E+00  1.0000E+00  error v
  6     1024  1.0000E+00  1.0000E+00  1.0000E+00  error v
  6     1024  1.0000E+00  1.0000E+00  1.0000E+00  error v
  6     1024  1.0000E+00  1.0000E+00  1.0000E+00  error v
  6     1024  1.0000E+00  1.0000E+00  1.0000E+00  error v
  6     1024  1.0000E+00  1.0000E+00  1.0000E+00  error v
  6     1024  1.0000E+00  1.0000E+00  1.0000E+00  error v
  6     1024  1.0000E+00  1.0000E+00  1.0000E+00  error v
  6     1024  1.0000E+00  1.0000E+00  1.0000E+00  error v
  6     1024  1.0000E+00  1.0000E+00  1.0000E+00  error v
  6     1024  1.0000E+00  1.0000E+00  1.0000E+00  error v
  6     1024  1.0000E+00  1.0000E+00  1.0000E+00  error v
  6     1024  1.0000E+00  1.0000E+00  1.0000E+00  error v
  6     1024  1.0000E+00  1.0000E+00  1.0000E+00  error v
 
nelt =      16, np =        64, nx1 =       6, elements =      1024
Solve Time =   0.2617E-08
 
nelt =      16, np =        64, nx1 =       6, elements =      1024
Solve Time =   0.2567E-08
 
nelt =      16, np =        64, nx1 =       6, elements =      1024
Solve Time =   0.2545E-08
 
nelt =      16, np =        64, nx1 =       6, elements =      1024
Solve Time =   0.2563E-08
 
nelt =      16, np =        64, nx1 =       6, elements =      1024
Solve Time =   0.2542E-08
 
nelt =      16, np =        64, nx1 =       6, elements =      1024
Solve Time =   0.2555E-08
 
nelt =      16, np =        64, nx1 =       6, elements =      1024
Solve Time =   0.2556E-08
 
nelt =      16, np =        64, nx1 =       6, elements =      1024
Solve Time =   0.2562E-08
 
nelt =      16, np =        64, nx1 =       6, elements =      1024
Solve Time =   0.2557E-08
 
nelt =      16, np =        64, nx1 =       6, elements =      1024
Solve Time =   0.2564E-08
  6     1024  5.5355E-11  5.5355E-11  5.5355E-11  error s
  6     1024  5.5355E-11  5.5355E-11  5.5355E-11  error s
  6     1024  5.5355E-11  5.5355E-11  5.5355E-11  error s
  6     1024  5.5355E-11  5.5355E-11  5.5355E-11  error s
  6     1024  5.5355E-11  5.5355E-11  5.5355E-11  error s
  6     1024  5.5355E-11  5.5355E-11  5.5355E-11  error s
  6     1024  5.5355E-11  5.5355E-11  5.5355E-11  error s
  6     1024  5.5355E-11  5.5355E-11  5.5355E-11  error s
  6     1024  5.5355E-11  5.5355E-11  5.5355E-11  error s
  6     1024  5.5355E-11  5.5355E-11  5.5355E-11  error s
  6     1024  5.5355E-11  5.5355E-11  5.5355E-11  error s
  6     1024  5.5355E-11  5.5355E-11  5.5355E-11  error s
  6     1024  5.5355E-11  5.5355E-11  5.5355E-11  error s
  6     1024  5.5355E-11  5.5355E-11  5.5355E-11  error s
  6     1024  5.5355E-11  5.5355E-11  5.5355E-11  error s
  6     1024  5.5355E-11  5.5355E-11  5.5355E-11  error s
  6     1024  5.5355E-11  5.5355E-11  5.5355E-11  error s
  6     1024  5.5355E-11  5.5355E-11  5.5355E-11  error s
  6     1024  5.5355E-11  5.5355E-11  5.5355E-11  error s
  6     1024  5.5355E-11  5.5355E-11  5.5355E-11  error s
  6     1024  5.5355E-11  5.5355E-11  5.5355E-11  error s
  6     1024  5.5355E-11  5.5355E-11  5.5355E-11  error s
  6     1024  5.5355E-11  5.5355E-11  5.5355E-11  error s
  6     1024  5.5355E-11  5.5355E-11  5.5355E-11  error s
  6     1024  5.5355E-11  5.5355E-11  5.5355E-11  error s
  6     1024  5.5355E-11  5.5355E-11  5.5355E-11  error s
  6     1024  5.5355E-11  5.5355E-11  5.5355E-11  error s
  6     1024  5.5355E-11  5.5355E-11  5.5355E-11  error s
  6     1024  5.5355E-11  5.5355E-11  5.5355E-11  error s
  6     1024  5.5355E-11  5.5355E-11  5.5355E-11  error s
  6     1024  5.5355E-11  5.5355E-11  5.5355E-11  error s
  6     1024  5.5355E-11  5.5355E-11  5.5355E-11  error s
  6     1024  5.5355E-11  5.5355E-11  5.5355E-11  error s
  6     1024  5.5355E-11  5.5355E-11  5.5355E-11  error s
  6     1024  5.5355E-11  5.5355E-11  5.5355E-11  error s
  6     1024  5.5355E-11  5.5355E-11  5.5355E-11  error s
  6     1024  5.5355E-11  5.5355E-11  5.5355E-11  error s
  6     1024  5.5355E-11  5.5355E-11  5.5355E-11  error s
  6     1024  5.5355E-11  5.5355E-11  5.5355E-11  error s
  6     1024  5.5355E-11  5.5355E-11  5.5355E-11  error s
  6     1024  5.5355E-11  5.5355E-11  5.5355E-11  error s
  6     1024  5.5355E-11  5.5355E-11  5.5355E-11  error s
  6     1024  5.5355E-11  5.5355E-11  5.5355E-11  error s
  6     1024  5.5355E-11  5.5355E-11  5.5355E-11  error s
  6     1024  5.5355E-11  5.5355E-11  5.5355E-11  error s
  6     1024  5.5355E-11  5.5355E-11  5.5355E-11  error s
  6     1024  5.5355E-11  5.5355E-11  5.5355E-11  error s
  6     1024  5.5355E-11  5.5355E-11  5.5355E-11  error s
  6     1024  5.5355E-11  5.5355E-11  5.5355E-11  error s
  6     1024  5.5355E-11  5.5355E-11  5.5355E-11  error s
  6     1024  5.5355E-11  5.5355E-11  5.5355E-11  error s
  6     1024  5.5355E-11  5.5355E-11  5.5355E-11  error s
  6     1024  5.5355E-11  5.5355E-11  5.5355E-11  error s
  6     1024  5.5355E-11  5.5355E-11  5.5355E-11  error s
  6     1024  5.5355E-11  5.5355E-11  5.5355E-11  error s
  6     1024  5.5355E-11  5.5355E-11  5.5355E-11  error s
  6     1024  5.5355E-11  5.5355E-11  5.5355E-11  error s
  6     1024  5.5355E-11  5.5355E-11  5.5355E-11  error s
  6     1024  5.5355E-11  5.5355E-11  5.5355E-11  error s
  6     1024  5.5355E-11  5.5355E-11  5.5355E-11  error s
  6     1024  5.5355E-11  5.5355E-11  5.5355E-11  error s
  6     1024  5.5355E-11  5.5355E-11  5.5355E-11  error s
  6     1024  5.5355E-11  5.5355E-11  5.5355E-11  error s
  6     1024  5.5355E-11  5.5355E-11  5.5355E-11  error s
 
nelt =      16, np =        64, nx1 =       6, elements =      1024
Solve Time =   0.2478E-08
 
nelt =      16, np =        64, nx1 =       6, elements =      1024
Solve Time =   0.2412E-08
 
nelt =      16, np =        64, nx1 =       6, elements =      1024
Solve Time =   0.2410E-08
 
nelt =      16, np =        64, nx1 =       6, elements =      1024
Solve Time =   0.2417E-08
 
nelt =      16, np =        64, nx1 =       6, elements =      1024
Solve Time =   0.2407E-08
 
nelt =      16, np =        64, nx1 =       6, elements =      1024
Solve Time =   0.2416E-08
 
nelt =      16, np =        64, nx1 =       6, elements =      1024
Solve Time =   0.2410E-08
 
nelt =      16, np =        64, nx1 =       6, elements =      1024
Solve Time =   0.2405E-08
 
nelt =      16, np =        64, nx1 =       6, elements =      1024
Solve Time =   0.2410E-08
 
nelt =      16, np =        64, nx1 =       6, elements =      1024
Solve Time =   0.2422E-08
  6     1024  5.5354E-11  5.5354E-11  5.5354E-11  error n
  6     1024  5.5354E-11  5.5354E-11  5.5354E-11  error n
  6     1024  5.5354E-11  5.5354E-11  5.5354E-11  error n
  6     1024  5.5354E-11  5.5354E-11  5.5354E-11  error n
  6     1024  5.5354E-11  5.5354E-11  5.5354E-11  error n
  6     1024  5.5354E-11  5.5354E-11  5.5354E-11  error n
  6     1024  5.5354E-11  5.5354E-11  5.5354E-11  error n
  6     1024  5.5354E-11  5.5354E-11  5.5354E-11  error n
  6     1024  5.5354E-11  5.5354E-11  5.5354E-11  error n
  6     1024  5.5354E-11  5.5354E-11  5.5354E-11  error n
  6     1024  5.5354E-11  5.5354E-11  5.5354E-11  error n
  6     1024  5.5354E-11  5.5354E-11  5.5354E-11  error n
  6     1024  5.5354E-11  5.5354E-11  5.5354E-11  error n
  6     1024  5.5354E-11  5.5354E-11  5.5354E-11  error n
  6     1024  5.5354E-11  5.5354E-11  5.5354E-11  error n
  6     1024  5.5354E-11  5.5354E-11  5.5354E-11  error n
  6     1024  5.5354E-11  5.5354E-11  5.5354E-11  error n
  6     1024  5.5354E-11  5.5354E-11  5.5354E-11  error n
  6     1024  5.5354E-11  5.5354E-11  5.5354E-11  error n
  6     1024  5.5354E-11  5.5354E-11  5.5354E-11  error n
  6     1024  5.5354E-11  5.5354E-11  5.5354E-11  error n
  6     1024  5.5354E-11  5.5354E-11  5.5354E-11  error n
  6     1024  5.5354E-11  5.5354E-11  5.5354E-11  error n
  6     1024  5.5354E-11  5.5354E-11  5.5354E-11  error n
  6     1024  5.5354E-11  5.5354E-11  5.5354E-11  error n
  6     1024  5.5354E-11  5.5354E-11  5.5354E-11  error n
  6     1024  5.5354E-11  5.5354E-11  5.5354E-11  error n
  6     1024  5.5354E-11  5.5354E-11  5.5354E-11  error n
  6     1024  5.5354E-11  5.5354E-11  5.5354E-11  error n
  6     1024  5.5354E-11  5.5354E-11  5.5354E-11  error n
  6     1024  5.5354E-11  5.5354E-11  5.5354E-11  error n
  6     1024  5.5354E-11  5.5354E-11  5.5354E-11  error n
  6     1024  5.5354E-11  5.5354E-11  5.5354E-11  error n
  6     1024  5.5354E-11  5.5354E-11  5.5354E-11  error n
  6     1024  5.5354E-11  5.5354E-11  5.5354E-11  error n
  6     1024  5.5354E-11  5.5354E-11  5.5354E-11  error n
  6     1024  5.5354E-11  5.5354E-11  5.5354E-11  error n
  6     1024  5.5354E-11  5.5354E-11  5.5354E-11  error n
  6     1024  5.5354E-11  5.5354E-11  5.5354E-11  error n
  6     1024  5.5354E-11  5.5354E-11  5.5354E-11  error n
  6     1024  5.5354E-11  5.5354E-11  5.5354E-11  error n
  6     1024  5.5354E-11  5.5354E-11  5.5354E-11  error n
  6     1024  5.5354E-11  5.5354E-11  5.5354E-11  error n
  6     1024  5.5354E-11  5.5354E-11  5.5354E-11  error n
  6     1024  5.5354E-11  5.5354E-11  5.5354E-11  error n
  6     1024  5.5354E-11  5.5354E-11  5.5354E-11  error n
  6     1024  5.5354E-11  5.5354E-11  5.5354E-11  error n
  6     1024  5.5354E-11  5.5354E-11  5.5354E-11  error n
  6     1024  5.5354E-11  5.5354E-11  5.5354E-11  error n
  6     1024  5.5354E-11  5.5354E-11  5.5354E-11  error n
  6     1024  5.5354E-11  5.5354E-11  5.5354E-11  error n
  6     1024  5.5354E-11  5.5354E-11  5.5354E-11  error n
  6     1024  5.5354E-11  5.5354E-11  5.5354E-11  error n
   5     1024  100  0.0000E+00  0.0000E+00  0.0000E+00 time for 3 hmholtz
EXIT: quit after cggov          5
  6     1024  5.5354E-11  5.5354E-11  5.5354E-11  error n
  6     1024  5.5354E-11  5.5354E-11  5.5354E-11  error n
  6     1024  5.5354E-11  5.5354E-11  5.5354E-11  error n
  6     1024  5.5354E-11  5.5354E-11  5.5354E-11  error n
  6     1024  5.5354E-11  5.5354E-11  5.5354E-11  error n
  6     1024  5.5354E-11  5.5354E-11  5.5354E-11  error n
  6     1024  5.5354E-11  5.5354E-11  5.5354E-11  error n
  6     1024  5.5354E-11  5.5354E-11  5.5354E-11  error n
  6     1024  5.5354E-11  5.5354E-11  5.5354E-11  error n
  6     1024  5.5354E-11  5.5354E-11  5.5354E-11  error n
  6     1024  5.5354E-11  5.5354E-11  5.5354E-11  error n
  
call exitt: dying ...
  
backtrace(): obtained 8 stack frames.
./nek5000() [0x771555]
./nek5000() [0x954e99]
./nek5000() [0x40cb9c]
./nek5000() [0x424fa6]
./nek5000() [0x42355e]
./nek5000() [0x4054fe]
/lib64/libc.so.6(__libc_start_main+0xf5) [0x2aaab1ca3b25]
./nek5000() [0x405409]
  
total elapsed time             :   5.81425E+01 sec
total solver time incl. I/O    :   0.00000E+00 sec
time/timestep                  :   0.00000E+00 sec
CPU seconds/timestep/gridpt    :   0.00000E+00 sec

Application 2256356 resources: utime ~3679s, stime ~47s, Rss ~28340, inblocks ~0, outblocks ~0
