/----------------------------------------------------------\\
|      _   __ ______ __ __  ______  ____   ____   ____     |
|     / | / // ____// //_/ / ____/ / __ \\/ __ \\/ __ \\   |
|    /  |/ // __/  / ,<   /___ \\ / / / // / / // / / /    |
|   / /|  // /___ / /| | ____/ / / /_/ // /_/ // /_/ /     |
|  /_/ |_//_____//_/ |_|/_____/  \\___/ \\___/ \\___/      |
|                                                          |
|----------------------------------------------------------|
|                                                          |
| NEK5000:  Open Source Spectral Element Solver            |
| COPYRIGHT (c) 2008-2016 UCHICAGO ARGONNE, LLC            |
| Version:  16.0.0                                         |
| Web:      http://nek5000.mcs.anl.gov                     |
|                                                          |
\\----------------------------------------------------------/
                                                              

 Number of processors:         128
 REAL    wdsize      :           8
 INTEGER wdsize      :           4
 Timer accuracy      : 3.81E-07
 Reading /gpfs/theta-fs1/home/thilina/env/lx6/b7.rea                                                                                         

 mapping elements to processors
 Reading /gpfs/theta-fs1/home/thilina/env/lx6/b7.map                                                                                         
 RANK     0 IEG     117
 element load imbalance:            0           1           1
 done :: mapping elements to processors
  
           0  objects found
 118   Parameters from file:
   1      1.00000     p001 DENSITY
   2     -100.000     p002 VISCOS
   7      1.00000     p007 RHOCP
   8      1.00000     p008 CONDUCT
  11      1.00        p011 NSTEPS
  12    -0.500000E-02 p012 DT
  21     0.100000E-05 p021 DIVERGENCE
  22     0.100000E-07 p022 HELMHOLTZ
  24     0.100000E-09 p024 TOLREL
  25     0.100000E-09 p025 TOLABS
  26     0.250000     p026 COURANT/NTAU
  27      2.00000     p027 TORDER
  66      6.00000     p066 output : <0=ascii, else binary
  67      6.00000     p067 restart: <0=ascii, else binary
  99      3.00000     p099 dealiasing: <0--> off/3--> old/4--> new
 103     0.500000E-01 p103 weight of stabilizing filter (.01)
  
 nelgt/nelgv/lelt:         128         128         100
 lx1  /lx2  /lx3 :           6           6           6
 done :: read .rea file   0.15531     sec

 setup mesh topology
   Right-handed check complete for     128 elements. OK.
   setvert3d:   6       10053       18245       10053       10053
 call usrsetvert
 done :: usrsetvert

gs_setup: 7065 unique labels shared
   pairwise times (avg, min, max): 0.000128378 0.000111485 0.000150299
   crystal router                : 6.08446e-05 5.7292e-05 6.33001e-05
   all reduce                    : 0.000532376 0.000528002 0.000537515
   used all_to_all method: crystal router
   handle bytes (avg, min, max): 38204 28412 44996
   buffer bytes (avg, min, max): 5713 4256 6336
   setupds time 3.8943E-02 seconds   0  6       10053         128
           8  max multiplicity
 done :: setup mesh topology
  
 call usrdat
 done :: usrdat

 generate geometry data
 done :: generate geometry data
  
 call usrdat2
 done :: usrdat2

 regenerate geometry data           1
 NOTE: All elements deformed , param(59) ^=0
 done :: regenerate geometry data           1
  
 verify mesh topology
  0.000000000000000E+000   1.00000000000000       Xrange
  0.000000000000000E+000   1.00000000000000       Yrange
  0.000000000000000E+000   1.00000000000000       Zrange
 done :: verify mesh topology
  
 IFTRAN   = T
 IFFLOW   = T
 IFHEAT   = F
 IFSPLIT  = T
 IFLOMACH = F
 IFUSERVP = F
 IFUSERMV = F
 IFSTRS   = F
 IFCHAR   = F
 IFCYCLIC = F
 IFAXIS   = F
 IFMVBD   = F
 IFMELT   = F
 IFMODEL  = F
 IFKEPS   = F
 IFMOAB   = F
 IFNEKNEK = F
 IFSYNC   = T
   
 IFVCOR   = T
 IFINTQ   = F
 IFCWUZ   = F
 IFSWALL  = F
 IFGEOM   = F
 IFSURT   = F
 IFWCNO   = F
   
 IFTMSH for field           1    =  F
 IFADVC for field           1    =  T
 IFNONL for field           1    =  F
   
 Dealiasing enabled, lxd=           9
  
 Estimated eigenvalues
 EIGAA =    9.86960440108936     
 EIGGA =    36593.1910954198     
 EIGAE =    9.86960440108936     
 EIGAS =   8.333333333333333E-002
 EIGGE =    36593.1910954198     
 EIGGS =    2.00000000000000     
  
 verify mesh topology
  0.000000000000000E+000   1.00000000000000       Xrange
  0.000000000000000E+000   1.00000000000000       Yrange
  0.000000000000000E+000   1.00000000000000       Zrange
 done :: verify mesh topology
  
  E-solver strategy:  0 itr
 mg_nx:           1           3           5
 mg_ny:           1           3           5
 mg_nz:           1           3           5
 call usrsetvert
 done :: usrsetvert

gs_setup: 217 unique labels shared
   pairwise times (avg, min, max): 0.000124888 0.000102592 0.000151205
   crystal router                : 4.26332e-05 4.21047e-05 4.32968e-05
   all reduce                    : 7.39248e-05 7.16925e-05 7.46012e-05
   used all_to_all method: crystal router
   handle bytes (avg, min, max): 3896 3548 4196
   buffer bytes (avg, min, max): 438 352 480
   setupds time 8.5371E-03 seconds   1  2         225         128
   setvert3d:   4        3243        4267        3243        3243
 call usrsetvert
 done :: usrsetvert

gs_setup: 2425 unique labels shared
   pairwise times (avg, min, max): 0.000111118 0.000102496 0.000123715
   crystal router                : 4.63907e-05 4.52995e-05 4.71115e-05
   all reduce                    : 0.00030841 0.000307202 0.000311589
   used all_to_all method: crystal router
   handle bytes (avg, min, max): 16106 12620 18452
   buffer bytes (avg, min, max): 2378 1792 2624
   setupds time 1.8091E-02 seconds   2  4        3243         128
   setvert3d:   4        3243        4267        3243        3243
 call usrsetvert
 done :: usrsetvert

gs_setup: 2425 unique labels shared
   pairwise times (avg, min, max): 0.000112785 9.86099e-05 0.000137711
   crystal router                : 6.87368e-05 6.64949e-05 7.05957e-05
   all reduce                    : 0.000273575 0.000271893 0.000276995
   used all_to_all method: crystal router
   handle bytes (avg, min, max): 16106 12620 18452
   buffer bytes (avg, min, max): 2378 1792 2624
   setupds time 1.3868E-02 seconds   3  4        3243         128
   setvert3d:   6       10053       18245       10053       10053
 call usrsetvert
 done :: usrsetvert

gs_setup: 7065 unique labels shared
   pairwise times (avg, min, max): 0.000108236 0.000100398 0.000122714
   crystal router                : 5.06165e-05 4.99964e-05 5.12123e-05
   all reduce                    : 0.000474041 0.000471282 0.000477409
   used all_to_all method: crystal router
   handle bytes (avg, min, max): 38204 28412 44996
   buffer bytes (avg, min, max): 5713 4256 6336
   setupds time 2.6484E-02 seconds   4  6       10053         128
 regenerate geometry data           1
 NOTE: All elements deformed , param(59) ^=0
 done :: regenerate geometry data           1
  
 h1_mg_nx:           1           3           5
 h1_mg_ny:           1           3           5
 h1_mg_nz:           1           3           5
 call usrsetvert
 done :: usrsetvert

gs_setup: 217 unique labels shared
   pairwise times (avg, min, max): 9.74961e-05 8.65936e-05 0.00011251
   crystal router                : 4.54323e-05 4.47989e-05 4.62055e-05
   all reduce                    : 7.19521e-05 6.97136e-05 7.42197e-05
   used all_to_all method: crystal router
   handle bytes (avg, min, max): 3896 3548 4196
   buffer bytes (avg, min, max): 438 352 480
   setupds time 8.3952E-03 seconds   5  2         225         128
   setvert3d:   4        3243        4267        3243        3243
 call usrsetvert
 done :: usrsetvert

gs_setup: 2425 unique labels shared
   pairwise times (avg, min, max): 0.000104363 9.36985e-05 0.000122094
   crystal router                : 5.01975e-05 4.97103e-05 5.06878e-05
   all reduce                    : 0.000314587 0.000311685 0.000319695
   used all_to_all method: crystal router
   handle bytes (avg, min, max): 16106 12620 18452
   buffer bytes (avg, min, max): 2378 1792 2624
   setupds time 1.7920E-02 seconds   6  4        3243         128
   setvert3d:   4        3243        4267        3243        3243
 call usrsetvert
 done :: usrsetvert

gs_setup: 2425 unique labels shared
   pairwise times (avg, min, max): 0.000104543 9.34124e-05 0.000120282
   crystal router                : 4.73311e-05 4.66108e-05 4.83036e-05
   all reduce                    : 0.000263395 0.000261497 0.0002666
   used all_to_all method: crystal router
   handle bytes (avg, min, max): 16106 12620 18452
   buffer bytes (avg, min, max): 2378 1792 2624
   setupds time 1.1827E-02 seconds   7  4        3243         128
   setvert3d:   6       10053       18245       10053       10053
 call usrsetvert
 done :: usrsetvert

gs_setup: 7065 unique labels shared
   pairwise times (avg, min, max): 0.00010483 9.01937e-05 0.0001194
   crystal router                : 5.6185e-05 5.56946e-05 5.67913e-05
   all reduce                    : 0.000504014 0.0005018 0.000507498
   used all_to_all method: crystal router
   handle bytes (avg, min, max): 38204 28412 44996
   buffer bytes (avg, min, max): 5713 4256 6336
   setupds time 2.1043E-02 seconds   8  6       10053         128
   setvert3d:   6       10053       18245       10053       10053
 call usrsetvert
 done :: usrsetvert

gs_setup: 7065 unique labels shared
   pairwise times (avg, min, max): 9.54533e-05 8.65936e-05 0.000108504
   crystal router                : 5.51812e-05 5.44071e-05 5.59807e-05
   all reduce                    : 0.000457855 0.000455284 0.000460792
   used all_to_all method: crystal router
   handle bytes (avg, min, max): 38204 28412 44996
   buffer bytes (avg, min, max): 5713 4256 6336
   setupds time 1.9929E-02 seconds   9  6       10053         128
   setvert3d:   8       20655       48303       20655       20655
 call usrsetvert
 done :: usrsetvert

gs_setup: 14137 unique labels shared
   pairwise times (avg, min, max): 9.71617e-05 8.95977e-05 0.000112295
   crystal router                : 7.30468e-05 7.23839e-05 7.38859e-05
   all reduce                    : 0.00134508 0.00134101 0.00135319
   used all_to_all method: crystal router
   handle bytes (avg, min, max): 70190 50924 83828
   buffer bytes (avg, min, max): 10449 7744 11584
   setupds time 4.7952E-02 seconds  10  8       20655         128
 setup h1 coarse grid, nx_crs=           2
 call usrsetvert
 done :: usrsetvert

gs_setup: 217 unique labels shared
   pairwise times (avg, min, max): 9.60007e-05 8.59976e-05 0.000107121
   crystal router                : 3.87104e-05 3.80039e-05 3.94106e-05
   all reduce                    : 7.23664e-05 7.11918e-05 7.41005e-05
   used all_to_all method: crystal router
   handle bytes (avg, min, max): 3896 3548 4196
   buffer bytes (avg, min, max): 438 352 480
 done :: setup h1 coarse grid   1.704692840576172E-002  sec
  
 call usrdat3
 done :: usrdat3

 set initial conditions
 nekuic (1) for ifld            1
 call nekuic for vel  
 xyz min     0.0000       0.0000       0.0000    
 uvwpt min   0.0000       0.0000       0.0000       0.0000       0.0000    
 PS min      0.0000       0.0000      0.99000E+22
 xyz max     1.0000       1.0000       1.0000    
 uvwpt max   0.0000       0.0000       0.0000       0.0000       0.0000    
 PS max      0.0000       0.0000     -0.99000E+22
 done :: set initial conditions
  
 call userchk
GFM max:  1.0676E-02  1.0676E-02  4.2706E-02  9.3999E-17  2.8794E-16  2.8794E-16
 
nelt =       1, np =       128, nx1 =       6, elements =       128
Solve Time =   0.4687E-08
 
nelt =       1, np =       128, nx1 =       6, elements =       128
Solve Time =   0.4329E-08
 
nelt =       1, np =       128, nx1 =       6, elements =       128
Solve Time =   0.4240E-08
 
nelt =       1, np =       128, nx1 =       6, elements =       128
Solve Time =   0.4237E-08
 
nelt =       1, np =       128, nx1 =       6, elements =       128
Solve Time =   0.4328E-08
 
nelt =       1, np =       128, nx1 =       6, elements =       128
Solve Time =   0.4294E-08
 
nelt =       1, np =       128, nx1 =       6, elements =       128
Solve Time =   0.4277E-08
 
nelt =       1, np =       128, nx1 =       6, elements =       128
Solve Time =   0.4276E-08
 
nelt =       1, np =       128, nx1 =       6, elements =       128
Solve Time =   0.4359E-08
 
nelt =       1, np =       128, nx1 =       6, elements =       128
Solve Time =   0.8730E-08
 
nelt =       1, np =       128, nx1 =       6, elements =       128
Solve Time =   0.2247E-07
 
nelt =       1, np =       128, nx1 =       6, elements =       128
Solve Time =   0.6789E-08
 
nelt =       1, np =       128, nx1 =       6, elements =       128
Solve Time =   0.7065E-08
 
nelt =       1, np =       128, nx1 =       6, elements =       128
Solve Time =   0.6870E-08
 
nelt =       1, np =       128, nx1 =       6, elements =       128
Solve Time =   0.6847E-08
 
nelt =       1, np =       128, nx1 =       6, elements =       128
Solve Time =   0.6677E-08
 
nelt =       1, np =       128, nx1 =       6, elements =       128
Solve Time =   0.6390E-08
 
nelt =       1, np =       128, nx1 =       6, elements =       128
Solve Time =   0.6355E-08
 
nelt =       1, np =       128, nx1 =       6, elements =       128
Solve Time =   0.6919E-08
 
nelt =       1, np =       128, nx1 =       6, elements =       128
Solve Time =   0.6608E-08
 
nelt =       1, np =       128, nx1 =       6, elements =       128
Solve Time =   0.1783E-07
 
nelt =       1, np =       128, nx1 =       6, elements =       128
Solve Time =   0.7945E-08
 
nelt =       1, np =       128, nx1 =       6, elements =       128
Solve Time =   0.8261E-08
 
nelt =       1, np =       128, nx1 =       6, elements =       128
Solve Time =   0.7982E-08
 
nelt =       1, np =       128, nx1 =       6, elements =       128
Solve Time =   0.7681E-08
 
nelt =       1, np =       128, nx1 =       6, elements =       128
Solve Time =   0.7706E-08
 
nelt =       1, np =       128, nx1 =       6, elements =       128
Solve Time =   0.7727E-08
 
nelt =       1, np =       128, nx1 =       6, elements =       128
Solve Time =   0.7813E-08
 
nelt =       1, np =       128, nx1 =       6, elements =       128
Solve Time =   0.7655E-08
 
nelt =       1, np =       128, nx1 =       6, elements =       128
Solve Time =   0.7643E-08
 
nelt =       1, np =       128, nx1 =       6, elements =       128
Solve Time =   0.1821E-07
 
nelt =       1, np =       128, nx1 =       6, elements =       128
Solve Time =   0.9115E-08
 
nelt =       1, np =       128, nx1 =       6, elements =       128
Solve Time =   0.9089E-08
 
nelt =       1, np =       128, nx1 =       6, elements =       128
Solve Time =   0.8586E-08
 
nelt =       1, np =       128, nx1 =       6, elements =       128
Solve Time =   0.8692E-08
 
nelt =       1, np =       128, nx1 =       6, elements =       128
Solve Time =   0.8465E-08
 
nelt =       1, np =       128, nx1 =       6, elements =       128
Solve Time =   0.9101E-08
 
nelt =       1, np =       128, nx1 =       6, elements =       128
Solve Time =   0.8391E-08
 
nelt =       1, np =       128, nx1 =       6, elements =       128
Solve Time =   0.8186E-08
 
nelt =       1, np =       128, nx1 =       6, elements =       128
Solve Time =   0.8175E-08
 
nelt =       1, np =       128, nx1 =       6, elements =       128
Solve Time =   0.2293E-07
 
nelt =       1, np =       128, nx1 =       6, elements =       128
Solve Time =   0.1008E-07
 
nelt =       1, np =       128, nx1 =       6, elements =       128
Solve Time =   0.1022E-07
 
nelt =       1, np =       128, nx1 =       6, elements =       128
Solve Time =   0.1014E-07
 
nelt =       1, np =       128, nx1 =       6, elements =       128
Solve Time =   0.1030E-07
 
nelt =       1, np =       128, nx1 =       6, elements =       128
Solve Time =   0.9960E-08
 
nelt =       1, np =       128, nx1 =       6, elements =       128
Solve Time =   0.9848E-08
 
nelt =       1, np =       128, nx1 =       6, elements =       128
Solve Time =   0.9802E-08
 
nelt =       1, np =       128, nx1 =       6, elements =       128
Solve Time =   0.9598E-08
 
nelt =       1, np =       128, nx1 =       6, elements =       128
Solve Time =   0.1044E-07
 schfile:
 /gpfs/theta-fs1/home/thilina/env/lx6/b7.sch                                    
                                                      
  6      128  1.0000E+00  1.0000E+00  1.0000E+00  error v
  6      128  1.0000E+00  1.0000E+00  1.0000E+00  error v
  6      128  1.0000E+00  1.0000E+00  1.0000E+00  error v
  6      128  1.0000E+00  1.0000E+00  1.0000E+00  error v
  6      128  1.0000E+00  1.0000E+00  1.0000E+00  error v
  6      128  1.0000E+00  1.0000E+00  1.0000E+00  error v
  6      128  1.0000E+00  1.0000E+00  1.0000E+00  error v
  6      128  1.0000E+00  1.0000E+00  1.0000E+00  error v
  6      128  1.0000E+00  1.0000E+00  1.0000E+00  error v
  6      128  1.0000E+00  1.0000E+00  1.0000E+00  error v
  6      128  1.0000E+00  1.0000E+00  1.0000E+00  error v
  6      128  1.0000E+00  1.0000E+00  1.0000E+00  error v
  6      128  1.0000E+00  1.0000E+00  1.0000E+00  error v
  6      128  1.0000E+00  1.0000E+00  1.0000E+00  error v
  6      128  1.0000E+00  1.0000E+00  1.0000E+00  error v
  6      128  1.0000E+00  1.0000E+00  1.0000E+00  error v
  6      128  1.0000E+00  1.0000E+00  1.0000E+00  error v
  6      128  1.0000E+00  1.0000E+00  1.0000E+00  error v
  6      128  1.0000E+00  1.0000E+00  1.0000E+00  error v
  6      128  1.0000E+00  1.0000E+00  1.0000E+00  error v
  6      128  1.0000E+00  1.0000E+00  1.0000E+00  error v
  6      128  1.0000E+00  1.0000E+00  1.0000E+00  error v
  6      128  1.0000E+00  1.0000E+00  1.0000E+00  error v
  6      128  1.0000E+00  1.0000E+00  1.0000E+00  error v
  6      128  1.0000E+00  1.0000E+00  1.0000E+00  error v
  6      128  1.0000E+00  1.0000E+00  1.0000E+00  error v
  6      128  1.0000E+00  1.0000E+00  1.0000E+00  error v
  6      128  1.0000E+00  1.0000E+00  1.0000E+00  error v
  6      128  1.0000E+00  1.0000E+00  1.0000E+00  error v
  6      128  1.0000E+00  1.0000E+00  1.0000E+00  error v
  6      128  1.0000E+00  1.0000E+00  1.0000E+00  error v
  6      128  1.0000E+00  1.0000E+00  1.0000E+00  error v
  6      128  1.0000E+00  1.0000E+00  1.0000E+00  error v
  6      128  1.0000E+00  1.0000E+00  1.0000E+00  error v
  6      128  1.0000E+00  1.0000E+00  1.0000E+00  error v
  6      128  1.0000E+00  1.0000E+00  1.0000E+00  error v
  6      128  1.0000E+00  1.0000E+00  1.0000E+00  error v
  6      128  1.0000E+00  1.0000E+00  1.0000E+00  error v
  6      128  1.0000E+00  1.0000E+00  1.0000E+00  error v
  6      128  1.0000E+00  1.0000E+00  1.0000E+00  error v
  6      128  1.0000E+00  1.0000E+00  1.0000E+00  error v
  6      128  1.0000E+00  1.0000E+00  1.0000E+00  error v
  6      128  1.0000E+00  1.0000E+00  1.0000E+00  error v
  6      128  1.0000E+00  1.0000E+00  1.0000E+00  error v
  6      128  1.0000E+00  1.0000E+00  1.0000E+00  error v
  6      128  1.0000E+00  1.0000E+00  1.0000E+00  error v
  6      128  1.0000E+00  1.0000E+00  1.0000E+00  error v
  6      128  1.0000E+00  1.0000E+00  1.0000E+00  error v
  6      128  1.0000E+00  1.0000E+00  1.0000E+00  error v
  6      128  1.0000E+00  1.0000E+00  1.0000E+00  error v
  6      128  1.0000E+00  1.0000E+00  1.0000E+00  error v
  6      128  1.0000E+00  1.0000E+00  1.0000E+00  error v
  6      128  1.0000E+00  1.0000E+00  1.0000E+00  error v
  6      128  1.0000E+00  1.0000E+00  1.0000E+00  error v
  6      128  1.0000E+00  1.0000E+00  1.0000E+00  error v
  6      128  1.0000E+00  1.0000E+00  1.0000E+00  error v
  6      128  1.0000E+00  1.0000E+00  1.0000E+00  error v
  6      128  1.0000E+00  1.0000E+00  1.0000E+00  error v
  6      128  1.0000E+00  1.0000E+00  1.0000E+00  error v
  6      128  1.0000E+00  1.0000E+00  1.0000E+00  error v
  6      128  1.0000E+00  1.0000E+00  1.0000E+00  error v
  6      128  1.0000E+00  1.0000E+00  1.0000E+00  error v
  6      128  1.0000E+00  1.0000E+00  1.0000E+00  error v
  6      128  1.0000E+00  1.0000E+00  1.0000E+00  error v
  6      128  1.0000E+00  1.0000E+00  1.0000E+00  error v
  6      128  1.0000E+00  1.0000E+00  1.0000E+00  error v
  6      128  1.0000E+00  1.0000E+00  1.0000E+00  error v
  6      128  1.0000E+00  1.0000E+00  1.0000E+00  error v
  6      128  1.0000E+00  1.0000E+00  1.0000E+00  error v
  6      128  1.0000E+00  1.0000E+00  1.0000E+00  error v
  6      128  1.0000E+00  1.0000E+00  1.0000E+00  error v
  6      128  1.0000E+00  1.0000E+00  1.0000E+00  error v
  6      128  1.0000E+00  1.0000E+00  1.0000E+00  error v
  6      128  1.0000E+00  1.0000E+00  1.0000E+00  error v
  6      128  1.0000E+00  1.0000E+00  1.0000E+00  error v
  6      128  1.0000E+00  1.0000E+00  1.0000E+00  error v
  6      128  1.0000E+00  1.0000E+00  1.0000E+00  error v
  6      128  1.0000E+00  1.0000E+00  1.0000E+00  error v
  6      128  1.0000E+00  1.0000E+00  1.0000E+00  error v
  6      128  1.0000E+00  1.0000E+00  1.0000E+00  error v
  6      128  1.0000E+00  1.0000E+00  1.0000E+00  error v
  6      128  1.0000E+00  1.0000E+00  1.0000E+00  error v
  6      128  1.0000E+00  1.0000E+00  1.0000E+00  error v
  6      128  1.0000E+00  1.0000E+00  1.0000E+00  error v
  6      128  1.0000E+00  1.0000E+00  1.0000E+00  error v
  6      128  1.0000E+00  1.0000E+00  1.0000E+00  error v
  6      128  1.0000E+00  1.0000E+00  1.0000E+00  error v
  6      128  1.0000E+00  1.0000E+00  1.0000E+00  error v
  6      128  1.0000E+00  1.0000E+00  1.0000E+00  error v
  6      128  1.0000E+00  1.0000E+00  1.0000E+00  error v
  6      128  1.0000E+00  1.0000E+00  1.0000E+00  error v
  6      128  1.0000E+00  1.0000E+00  1.0000E+00  error v
  6      128  1.0000E+00  1.0000E+00  1.0000E+00  error v
  6      128  1.0000E+00  1.0000E+00  1.0000E+00  error v
  6      128  1.0000E+00  1.0000E+00  1.0000E+00  error v
  6      128  1.0000E+00  1.0000E+00  1.0000E+00  error v
  6      128  1.0000E+00  1.0000E+00  1.0000E+00  error v
  6      128  1.0000E+00  1.0000E+00  1.0000E+00  error v
  6      128  1.0000E+00  1.0000E+00  1.0000E+00  error v
  6      128  1.0000E+00  1.0000E+00  1.0000E+00  error v
  6      128  1.0000E+00  1.0000E+00  1.0000E+00  error v
  6      128  1.0000E+00  1.0000E+00  1.0000E+00  error v
  6      128  1.0000E+00  1.0000E+00  1.0000E+00  error v
  6      128  1.0000E+00  1.0000E+00  1.0000E+00  error v
  6      128  1.0000E+00  1.0000E+00  1.0000E+00  error v
  6      128  1.0000E+00  1.0000E+00  1.0000E+00  error v
  6      128  1.0000E+00  1.0000E+00  1.0000E+00  error v
  6      128  1.0000E+00  1.0000E+00  1.0000E+00  error v
  6      128  1.0000E+00  1.0000E+00  1.0000E+00  error v
  6      128  1.0000E+00  1.0000E+00  1.0000E+00  error v
  6      128  1.0000E+00  1.0000E+00  1.0000E+00  error v
  6      128  1.0000E+00  1.0000E+00  1.0000E+00  error v
  6      128  1.0000E+00  1.0000E+00  1.0000E+00  error v
  6      128  1.0000E+00  1.0000E+00  1.0000E+00  error v
  6      128  1.0000E+00  1.0000E+00  1.0000E+00  error v
  6      128  1.0000E+00  1.0000E+00  1.0000E+00  error v
  6      128  1.0000E+00  1.0000E+00  1.0000E+00  error v
  6      128  1.0000E+00  1.0000E+00  1.0000E+00  error v
  6      128  1.0000E+00  1.0000E+00  1.0000E+00  error v
  6      128  1.0000E+00  1.0000E+00  1.0000E+00  error v
  6      128  1.0000E+00  1.0000E+00  1.0000E+00  error v
  6      128  1.0000E+00  1.0000E+00  1.0000E+00  error v
  6      128  1.0000E+00  1.0000E+00  1.0000E+00  error v
  6      128  1.0000E+00  1.0000E+00  1.0000E+00  error v
  6      128  1.0000E+00  1.0000E+00  1.0000E+00  error v
  6      128  1.0000E+00  1.0000E+00  1.0000E+00  error v
  6      128  1.0000E+00  1.0000E+00  1.0000E+00  error v
  6      128  1.0000E+00  1.0000E+00  1.0000E+00  error v
 
nelt =       1, np =       128, nx1 =       6, elements =       128
Solve Time =   0.1015E-07
 
nelt =       1, np =       128, nx1 =       6, elements =       128
Solve Time =   0.9796E-08
 
nelt =       1, np =       128, nx1 =       6, elements =       128
Solve Time =   0.9684E-08
 
nelt =       1, np =       128, nx1 =       6, elements =       128
Solve Time =   0.9648E-08
 
nelt =       1, np =       128, nx1 =       6, elements =       128
Solve Time =   0.9616E-08
 
nelt =       1, np =       128, nx1 =       6, elements =       128
Solve Time =   0.9727E-08
 
nelt =       1, np =       128, nx1 =       6, elements =       128
Solve Time =   0.9663E-08
 
nelt =       1, np =       128, nx1 =       6, elements =       128
Solve Time =   0.9611E-08
 
nelt =       1, np =       128, nx1 =       6, elements =       128
Solve Time =   0.9579E-08
 
nelt =       1, np =       128, nx1 =       6, elements =       128
Solve Time =   0.9578E-08
  6      128  7.0314E-09  7.0314E-09  7.0314E-09  error s
  6      128  7.0314E-09  7.0314E-09  7.0314E-09  error s
  6      128  7.0314E-09  7.0314E-09  7.0314E-09  error s
  6      128  7.0314E-09  7.0314E-09  7.0314E-09  error s
  6      128  7.0314E-09  7.0314E-09  7.0314E-09  error s
  6      128  7.0314E-09  7.0314E-09  7.0314E-09  error s
  6      128  7.0314E-09  7.0314E-09  7.0314E-09  error s
  6      128  7.0314E-09  7.0314E-09  7.0314E-09  error s
  6      128  7.0314E-09  7.0314E-09  7.0314E-09  error s
  6      128  7.0314E-09  7.0314E-09  7.0314E-09  error s
  6      128  7.0314E-09  7.0314E-09  7.0314E-09  error s
  6      128  7.0314E-09  7.0314E-09  7.0314E-09  error s
  6      128  7.0314E-09  7.0314E-09  7.0314E-09  error s
  6      128  7.0314E-09  7.0314E-09  7.0314E-09  error s
  6      128  7.0314E-09  7.0314E-09  7.0314E-09  error s
  6      128  7.0314E-09  7.0314E-09  7.0314E-09  error s
  6      128  7.0314E-09  7.0314E-09  7.0314E-09  error s
  6      128  7.0314E-09  7.0314E-09  7.0314E-09  error s
  6      128  7.0314E-09  7.0314E-09  7.0314E-09  error s
  6      128  7.0314E-09  7.0314E-09  7.0314E-09  error s
  6      128  7.0314E-09  7.0314E-09  7.0314E-09  error s
  6      128  7.0314E-09  7.0314E-09  7.0314E-09  error s
  6      128  7.0314E-09  7.0314E-09  7.0314E-09  error s
  6      128  7.0314E-09  7.0314E-09  7.0314E-09  error s
  6      128  7.0314E-09  7.0314E-09  7.0314E-09  error s
  6      128  7.0314E-09  7.0314E-09  7.0314E-09  error s
  6      128  7.0314E-09  7.0314E-09  7.0314E-09  error s
  6      128  7.0314E-09  7.0314E-09  7.0314E-09  error s
  6      128  7.0314E-09  7.0314E-09  7.0314E-09  error s
  6      128  7.0314E-09  7.0314E-09  7.0314E-09  error s
  6      128  7.0314E-09  7.0314E-09  7.0314E-09  error s
  6      128  7.0314E-09  7.0314E-09  7.0314E-09  error s
  6      128  7.0314E-09  7.0314E-09  7.0314E-09  error s
  6      128  7.0314E-09  7.0314E-09  7.0314E-09  error s
  6      128  7.0314E-09  7.0314E-09  7.0314E-09  error s
  6      128  7.0314E-09  7.0314E-09  7.0314E-09  error s
  6      128  7.0314E-09  7.0314E-09  7.0314E-09  error s
  6      128  7.0314E-09  7.0314E-09  7.0314E-09  error s
  6      128  7.0314E-09  7.0314E-09  7.0314E-09  error s
  6      128  7.0314E-09  7.0314E-09  7.0314E-09  error s
  6      128  7.0314E-09  7.0314E-09  7.0314E-09  error s
  6      128  7.0314E-09  7.0314E-09  7.0314E-09  error s
  6      128  7.0314E-09  7.0314E-09  7.0314E-09  error s
  6      128  7.0314E-09  7.0314E-09  7.0314E-09  error s
  6      128  7.0314E-09  7.0314E-09  7.0314E-09  error s
  6      128  7.0314E-09  7.0314E-09  7.0314E-09  error s
  6      128  7.0314E-09  7.0314E-09  7.0314E-09  error s
  6      128  7.0314E-09  7.0314E-09  7.0314E-09  error s
  6      128  7.0314E-09  7.0314E-09  7.0314E-09  error s
  6      128  7.0314E-09  7.0314E-09  7.0314E-09  error s
  6      128  7.0314E-09  7.0314E-09  7.0314E-09  error s
  6      128  7.0314E-09  7.0314E-09  7.0314E-09  error s
  6      128  7.0314E-09  7.0314E-09  7.0314E-09  error s
  6      128  7.0314E-09  7.0314E-09  7.0314E-09  error s
  6      128  7.0314E-09  7.0314E-09  7.0314E-09  error s
  6      128  7.0314E-09  7.0314E-09  7.0314E-09  error s
  6      128  7.0314E-09  7.0314E-09  7.0314E-09  error s
  6      128  7.0314E-09  7.0314E-09  7.0314E-09  error s
  6      128  7.0314E-09  7.0314E-09  7.0314E-09  error s
  6      128  7.0314E-09  7.0314E-09  7.0314E-09  error s
  6      128  7.0314E-09  7.0314E-09  7.0314E-09  error s
  6      128  7.0314E-09  7.0314E-09  7.0314E-09  error s
  6      128  7.0314E-09  7.0314E-09  7.0314E-09  error s
  6      128  7.0314E-09  7.0314E-09  7.0314E-09  error s
  6      128  7.0314E-09  7.0314E-09  7.0314E-09  error s
  6      128  7.0314E-09  7.0314E-09  7.0314E-09  error s
  6      128  7.0314E-09  7.0314E-09  7.0314E-09  error s
  6      128  7.0314E-09  7.0314E-09  7.0314E-09  error s
  6      128  7.0314E-09  7.0314E-09  7.0314E-09  error s
  6      128  7.0314E-09  7.0314E-09  7.0314E-09  error s
  6      128  7.0314E-09  7.0314E-09  7.0314E-09  error s
  6      128  7.0314E-09  7.0314E-09  7.0314E-09  error s
  6      128  7.0314E-09  7.0314E-09  7.0314E-09  error s
  6      128  7.0314E-09  7.0314E-09  7.0314E-09  error s
  6      128  7.0314E-09  7.0314E-09  7.0314E-09  error s
  6      128  7.0314E-09  7.0314E-09  7.0314E-09  error s
  6      128  7.0314E-09  7.0314E-09  7.0314E-09  error s
  6      128  7.0314E-09  7.0314E-09  7.0314E-09  error s
  6      128  7.0314E-09  7.0314E-09  7.0314E-09  error s
  6      128  7.0314E-09  7.0314E-09  7.0314E-09  error s
  6      128  7.0314E-09  7.0314E-09  7.0314E-09  error s
  6      128  7.0314E-09  7.0314E-09  7.0314E-09  error s
  6      128  7.0314E-09  7.0314E-09  7.0314E-09  error s
  6      128  7.0314E-09  7.0314E-09  7.0314E-09  error s
  6      128  7.0314E-09  7.0314E-09  7.0314E-09  error s
  6      128  7.0314E-09  7.0314E-09  7.0314E-09  error s
  6      128  7.0314E-09  7.0314E-09  7.0314E-09  error s
  6      128  7.0314E-09  7.0314E-09  7.0314E-09  error s
  6      128  7.0314E-09  7.0314E-09  7.0314E-09  error s
  6      128  7.0314E-09  7.0314E-09  7.0314E-09  error s
  6      128  7.0314E-09  7.0314E-09  7.0314E-09  error s
  6      128  7.0314E-09  7.0314E-09  7.0314E-09  error s
  6      128  7.0314E-09  7.0314E-09  7.0314E-09  error s
  6      128  7.0314E-09  7.0314E-09  7.0314E-09  error s
  6      128  7.0314E-09  7.0314E-09  7.0314E-09  error s
  6      128  7.0314E-09  7.0314E-09  7.0314E-09  error s
  6      128  7.0314E-09  7.0314E-09  7.0314E-09  error s
  6      128  7.0314E-09  7.0314E-09  7.0314E-09  error s
  6      128  7.0314E-09  7.0314E-09  7.0314E-09  error s
  6      128  7.0314E-09  7.0314E-09  7.0314E-09  error s
  6      128  7.0314E-09  7.0314E-09  7.0314E-09  error s
  6      128  7.0314E-09  7.0314E-09  7.0314E-09  error s
  6      128  7.0314E-09  7.0314E-09  7.0314E-09  error s
  6      128  7.0314E-09  7.0314E-09  7.0314E-09  error s
  6      128  7.0314E-09  7.0314E-09  7.0314E-09  error s
  6      128  7.0314E-09  7.0314E-09  7.0314E-09  error s
  6      128  7.0314E-09  7.0314E-09  7.0314E-09  error s
  6      128  7.0314E-09  7.0314E-09  7.0314E-09  error s
  6      128  7.0314E-09  7.0314E-09  7.0314E-09  error s
  6      128  7.0314E-09  7.0314E-09  7.0314E-09  error s
  6      128  7.0314E-09  7.0314E-09  7.0314E-09  error s
  6      128  7.0314E-09  7.0314E-09  7.0314E-09  error s
  6      128  7.0314E-09  7.0314E-09  7.0314E-09  error s
  6      128  7.0314E-09  7.0314E-09  7.0314E-09  error s
  6      128  7.0314E-09  7.0314E-09  7.0314E-09  error s
  6      128  7.0314E-09  7.0314E-09  7.0314E-09  error s
  6      128  7.0314E-09  7.0314E-09  7.0314E-09  error s
  6      128  7.0314E-09  7.0314E-09  7.0314E-09  error s
  6      128  7.0314E-09  7.0314E-09  7.0314E-09  error s
  6      128  7.0314E-09  7.0314E-09  7.0314E-09  error s
  6      128  7.0314E-09  7.0314E-09  7.0314E-09  error s
  6      128  7.0314E-09  7.0314E-09  7.0314E-09  error s
  6      128  7.0314E-09  7.0314E-09  7.0314E-09  error s
  6      128  7.0314E-09  7.0314E-09  7.0314E-09  error s
  6      128  7.0314E-09  7.0314E-09  7.0314E-09  error s
  6      128  7.0314E-09  7.0314E-09  7.0314E-09  error s
  6      128  7.0314E-09  7.0314E-09  7.0314E-09  error s
  6      128  7.0314E-09  7.0314E-09  7.0314E-09  error s
 
nelt =       1, np =       128, nx1 =       6, elements =       128
Solve Time =   0.8553E-08
 
nelt =       1, np =       128, nx1 =       6, elements =       128
Solve Time =   0.8095E-08
 
nelt =       1, np =       128, nx1 =       6, elements =       128
Solve Time =   0.8017E-08
 
nelt =       1, np =       128, nx1 =       6, elements =       128
Solve Time =   0.7970E-08
 
nelt =       1, np =       128, nx1 =       6, elements =       128
Solve Time =   0.7947E-08
 
nelt =       1, np =       128, nx1 =       6, elements =       128
Solve Time =   0.7948E-08
 
nelt =       1, np =       128, nx1 =       6, elements =       128
Solve Time =   0.7938E-08
 
nelt =       1, np =       128, nx1 =       6, elements =       128
Solve Time =   0.7965E-08
 
nelt =       1, np =       128, nx1 =       6, elements =       128
Solve Time =   0.7896E-08
 
nelt =       1, np =       128, nx1 =       6, elements =       128
Solve Time =   0.7984E-08
  6      128  7.0314E-09  7.0314E-09  7.0314E-09  error n
  6      128  7.0314E-09  7.0314E-09  7.0314E-09  error n
  6      128  7.0314E-09  7.0314E-09  7.0314E-09  error n
  6      128  7.0314E-09  7.0314E-09  7.0314E-09  error n
  6      128  7.0314E-09  7.0314E-09  7.0314E-09  error n
   5      128  100  0.0000E+00  0.0000E+00  0.0000E+00 time for 3 hmholtz
  6      128  7.0314E-09  7.0314E-09  7.0314E-09  error n
  6      128  7.0314E-09  7.0314E-09  7.0314E-09  error n
  6      128  7.0314E-09  7.0314E-09  7.0314E-09  error n
  6      128  7.0314E-09  7.0314E-09  7.0314E-09  error n
  6      128  7.0314E-09  7.0314E-09  7.0314E-09  error n
  6      128  7.0314E-09  7.0314E-09  7.0314E-09  error n
  6      128  7.0314E-09  7.0314E-09  7.0314E-09  error n
  6      128  7.0314E-09  7.0314E-09  7.0314E-09  error n
  6      128  7.0314E-09  7.0314E-09  7.0314E-09  error n
  6      128  7.0314E-09  7.0314E-09  7.0314E-09  error n
  6      128  7.0314E-09  7.0314E-09  7.0314E-09  error n
  6      128  7.0314E-09  7.0314E-09  7.0314E-09  error n
  6      128  7.0314E-09  7.0314E-09  7.0314E-09  error n
  6      128  7.0314E-09  7.0314E-09  7.0314E-09  error n
  6      128  7.0314E-09  7.0314E-09  7.0314E-09  error n
  6      128  7.0314E-09  7.0314E-09  7.0314E-09  error n
  6      128  7.0314E-09  7.0314E-09  7.0314E-09  error n
  6      128  7.0314E-09  7.0314E-09  7.0314E-09  error n
  6      128  7.0314E-09  7.0314E-09  7.0314E-09  error n
  6      128  7.0314E-09  7.0314E-09  7.0314E-09  error n
  6      128  7.0314E-09  7.0314E-09  7.0314E-09  error n
  6      128  7.0314E-09  7.0314E-09  7.0314E-09  error n
  6      128  7.0314E-09  7.0314E-09  7.0314E-09  error n
  6      128  7.0314E-09  7.0314E-09  7.0314E-09  error n
  6      128  7.0314E-09  7.0314E-09  7.0314E-09  error n
  6      128  7.0314E-09  7.0314E-09  7.0314E-09  error n
  6      128  7.0314E-09  7.0314E-09  7.0314E-09  error n
  6      128  7.0314E-09  7.0314E-09  7.0314E-09  error n
  6      128  7.0314E-09  7.0314E-09  7.0314E-09  error n
  6      128  7.0314E-09  7.0314E-09  7.0314E-09  error n
  6      128  7.0314E-09  7.0314E-09  7.0314E-09  error n
  6      128  7.0314E-09  7.0314E-09  7.0314E-09  error n
  6      128  7.0314E-09  7.0314E-09  7.0314E-09  error n
  6      128  7.0314E-09  7.0314E-09  7.0314E-09  error n
  6      128  7.0314E-09  7.0314E-09  7.0314E-09  error n
  6      128  7.0314E-09  7.0314E-09  7.0314E-09  error n
  6      128  7.0314E-09  7.0314E-09  7.0314E-09  error n
  6      128  7.0314E-09  7.0314E-09  7.0314E-09  error n
  6      128  7.0314E-09  7.0314E-09  7.0314E-09  error n
  6      128  7.0314E-09  7.0314E-09  7.0314E-09  error n
  6      128  7.0314E-09  7.0314E-09  7.0314E-09  error n
  6      128  7.0314E-09  7.0314E-09  7.0314E-09  error n
  6      128  7.0314E-09  7.0314E-09  7.0314E-09  error n
  6      128  7.0314E-09  7.0314E-09  7.0314E-09  error n
EXIT: quit after cggov          5
  6      128  7.0314E-09  7.0314E-09  7.0314E-09  error n
  6      128  7.0314E-09  7.0314E-09  7.0314E-09  error n
  6      128  7.0314E-09  7.0314E-09  7.0314E-09  error n
  6      128  7.0314E-09  7.0314E-09  7.0314E-09  error n
  6      128  7.0314E-09  7.0314E-09  7.0314E-09  error n
  6      128  7.0314E-09  7.0314E-09  7.0314E-09  error n
  6      128  7.0314E-09  7.0314E-09  7.0314E-09  error n
  6      128  7.0314E-09  7.0314E-09  7.0314E-09  error n
  6      128  7.0314E-09  7.0314E-09  7.0314E-09  error n
  6      128  7.0314E-09  7.0314E-09  7.0314E-09  error n
  6      128  7.0314E-09  7.0314E-09  7.0314E-09  error n
  6      128  7.0314E-09  7.0314E-09  7.0314E-09  error n
  6      128  7.0314E-09  7.0314E-09  7.0314E-09  error n
  6      128  7.0314E-09  7.0314E-09  7.0314E-09  error n
  6      128  7.0314E-09  7.0314E-09  7.0314E-09  error n
  6      128  7.0314E-09  7.0314E-09  7.0314E-09  error n
  6      128  7.0314E-09  7.0314E-09  7.0314E-09  error n
  6      128  7.0314E-09  7.0314E-09  7.0314E-09  error n
  6      128  7.0314E-09  7.0314E-09  7.0314E-09  error n
  6      128  7.0314E-09  7.0314E-09  7.0314E-09  error n
  6      128  7.0314E-09  7.0314E-09  7.0314E-09  error n
  6      128  7.0314E-09  7.0314E-09  7.0314E-09  error n
  6      128  7.0314E-09  7.0314E-09  7.0314E-09  error n
  6      128  7.0314E-09  7.0314E-09  7.0314E-09  error n
  6      128  7.0314E-09  7.0314E-09  7.0314E-09  error n
  6      128  7.0314E-09  7.0314E-09  7.0314E-09  error n
  6      128  7.0314E-09  7.0314E-09  7.0314E-09  error n
  6      128  7.0314E-09  7.0314E-09  7.0314E-09  error n
  6      128  7.0314E-09  7.0314E-09  7.0314E-09  error n
  6      128  7.0314E-09  7.0314E-09  7.0314E-09  error n
  6      128  7.0314E-09  7.0314E-09  7.0314E-09  error n
  6      128  7.0314E-09  7.0314E-09  7.0314E-09  error n
  6      128  7.0314E-09  7.0314E-09  7.0314E-09  error n
  6      128  7.0314E-09  7.0314E-09  7.0314E-09  error n
  6      128  7.0314E-09  7.0314E-09  7.0314E-09  error n
  6      128  7.0314E-09  7.0314E-09  7.0314E-09  error n
  6      128  7.0314E-09  7.0314E-09  7.0314E-09  error n
  6      128  7.0314E-09  7.0314E-09  7.0314E-09  error n
  6      128  7.0314E-09  7.0314E-09  7.0314E-09  error n
  6      128  7.0314E-09  7.0314E-09  7.0314E-09  error n
  6      128  7.0314E-09  7.0314E-09  7.0314E-09  error n
  6      128  7.0314E-09  7.0314E-09  7.0314E-09  error n
  6      128  7.0314E-09  7.0314E-09  7.0314E-09  error n
  6      128  7.0314E-09  7.0314E-09  7.0314E-09  error n
  6      128  7.0314E-09  7.0314E-09  7.0314E-09  error n
  6      128  7.0314E-09  7.0314E-09  7.0314E-09  error n
  6      128  7.0314E-09  7.0314E-09  7.0314E-09  error n
  6      128  7.0314E-09  7.0314E-09  7.0314E-09  error n
  6      128  7.0314E-09  7.0314E-09  7.0314E-09  error n
  6      128  7.0314E-09  7.0314E-09  7.0314E-09  error n
  6      128  7.0314E-09  7.0314E-09  7.0314E-09  error n
  6      128  7.0314E-09  7.0314E-09  7.0314E-09  error n
  6      128  7.0314E-09  7.0314E-09  7.0314E-09  error n
  6      128  7.0314E-09  7.0314E-09  7.0314E-09  error n
  6      128  7.0314E-09  7.0314E-09  7.0314E-09  error n
  6      128  7.0314E-09  7.0314E-09  7.0314E-09  error n
  6      128  7.0314E-09  7.0314E-09  7.0314E-09  error n
  6      128  7.0314E-09  7.0314E-09  7.0314E-09  error n
  6      128  7.0314E-09  7.0314E-09  7.0314E-09  error n
  6      128  7.0314E-09  7.0314E-09  7.0314E-09  error n
  6      128  7.0314E-09  7.0314E-09  7.0314E-09  error n
  6      128  7.0314E-09  7.0314E-09  7.0314E-09  error n
  
call exitt: dying ...
  
backtrace(): obtained 8 stack frames.
./nek5000() [0x771555]
./nek5000() [0x954e99]
./nek5000() [0x40cb9c]
./nek5000() [0x424fa6]
./nek5000() [0x42355e]
./nek5000() [0x4054fe]
/lib64/libc.so.6(__libc_start_main+0xf5) [0x2aaab1ca3b25]
./nek5000() [0x405409]
  
  6      128  7.0314E-09  7.0314E-09  7.0314E-09  error n
  6      128  7.0314E-09  7.0314E-09  7.0314E-09  error n
  6      128  7.0314E-09  7.0314E-09  7.0314E-09  error n
  6      128  7.0314E-09  7.0314E-09  7.0314E-09  error n
  6      128  7.0314E-09  7.0314E-09  7.0314E-09  error n
  6      128  7.0314E-09  7.0314E-09  7.0314E-09  error n
  6      128  7.0314E-09  7.0314E-09  7.0314E-09  error n
  6      128  7.0314E-09  7.0314E-09  7.0314E-09  error n
  6      128  7.0314E-09  7.0314E-09  7.0314E-09  error n
  6      128  7.0314E-09  7.0314E-09  7.0314E-09  error n
  6      128  7.0314E-09  7.0314E-09  7.0314E-09  error n
  6      128  7.0314E-09  7.0314E-09  7.0314E-09  error n
  6      128  7.0314E-09  7.0314E-09  7.0314E-09  error n
  6      128  7.0314E-09  7.0314E-09  7.0314E-09  error n
  6      128  7.0314E-09  7.0314E-09  7.0314E-09  error n
  6      128  7.0314E-09  7.0314E-09  7.0314E-09  error n
  6      128  7.0314E-09  7.0314E-09  7.0314E-09  error n
total elapsed time             :   8.30024E+00 sec
total solver time incl. I/O    :   0.00000E+00 sec
time/timestep                  :   0.00000E+00 sec
CPU seconds/timestep/gridpt    :   0.00000E+00 sec

Application 2256273 resources: utime ~1071s, stime ~39s, Rss ~23276, inblocks ~0, outblocks ~0
