/----------------------------------------------------------\\
|      _   __ ______ __ __  ______  ____   ____   ____     |
|     / | / // ____// //_/ / ____/ / __ \\/ __ \\/ __ \\   |
|    /  |/ // __/  / ,<   /___ \\ / / / // / / // / / /    |
|   / /|  // /___ / /| | ____/ / / /_/ // /_/ // /_/ /     |
|  /_/ |_//_____//_/ |_|/_____/  \\___/ \\___/ \\___/      |
|                                                          |
|----------------------------------------------------------|
|                                                          |
| NEK5000:  Open Source Spectral Element Solver            |
| COPYRIGHT (c) 2008-2016 UCHICAGO ARGONNE, LLC            |
| Version:  16.0.0                                         |
| Web:      http://nek5000.mcs.anl.gov                     |
|                                                          |
\\----------------------------------------------------------/
                                                              

 Number of processors:           1
 REAL    wdsize      :           8
 INTEGER wdsize      :           4
 Timer accuracy      : 3.81E-07
 Reading /gpfs/theta-fs1/home/thilina/env/lx4/b3.rea                                                                                         

 mapping elements to processors
 Reading /gpfs/theta-fs1/home/thilina/env/lx4/b3.map                                                                                         
           0           8           8           8           8  NELV
 RANK     0 IEG       1       2       3       4       5       6       7       8
 element load imbalance:            0           8           8
 done :: mapping elements to processors
  
           0  objects found
 118   Parameters from file:
   1      1.00000     p001 DENSITY
   2     -100.000     p002 VISCOS
   7      1.00000     p007 RHOCP
   8      1.00000     p008 CONDUCT
  11      1.00        p011 NSTEPS
  12    -0.500000E-02 p012 DT
  21     0.100000E-05 p021 DIVERGENCE
  22     0.100000E-07 p022 HELMHOLTZ
  24     0.100000E-09 p024 TOLREL
  25     0.100000E-09 p025 TOLABS
  26     0.250000     p026 COURANT/NTAU
  27      2.00000     p027 TORDER
  66      6.00000     p066 output : <0=ascii, else binary
  67      6.00000     p067 restart: <0=ascii, else binary
  99      3.00000     p099 dealiasing: <0--> off/3--> old/4--> new
 103     0.500000E-01 p103 weight of stabilizing filter (.01)
  
 nelgt/nelgv/lelt:           8           8         100
 lx1  /lx2  /lx3 :           4           4           4
 done :: read .rea file   0.23859E-01 sec

 setup mesh topology
   Right-handed check complete for       8 elements. OK.
   setvert3d:   4         279         343         279         279
 call usrsetvert
 done :: usrsetvert

gs_setup: 0 unique labels shared
   handle bytes (avg, min, max): 3580 3580 3580
   buffer bytes (avg, min, max): 0 0 0
   setupds time 1.2331E-03 seconds   0  4         279           8
           8  max multiplicity
 done :: setup mesh topology
  
 call usrdat
 done :: usrdat

 generate geometry data
 done :: generate geometry data
  
 call usrdat2
 done :: usrdat2

 regenerate geometry data           1
 NOTE: All elements deformed , param(59) ^=0
 done :: regenerate geometry data           1
  
 verify mesh topology
  0.000000000000000E+000   1.00000000000000       Xrange
  0.000000000000000E+000   1.00000000000000       Yrange
  0.000000000000000E+000   1.00000000000000       Zrange
 done :: verify mesh topology
  
 IFTRAN   = T
 IFFLOW   = T
 IFHEAT   = F
 IFSPLIT  = T
 IFLOMACH = F
 IFUSERVP = F
 IFUSERMV = F
 IFSTRS   = F
 IFCHAR   = F
 IFCYCLIC = F
 IFAXIS   = F
 IFMVBD   = F
 IFMELT   = F
 IFMODEL  = F
 IFKEPS   = F
 IFMOAB   = F
 IFNEKNEK = F
 IFSYNC   = T
   
 IFVCOR   = T
 IFINTQ   = F
 IFCWUZ   = F
 IFSWALL  = F
 IFGEOM   = F
 IFSURT   = F
 IFWCNO   = F
   
 IFTMSH for field           1    =  F
 IFADVC for field           1    =  T
 IFNONL for field           1    =  F
   
 Dealiasing enabled, lxd=           6
  
 Estimated eigenvalues
 EIGAA =    9.86960440108936     
 EIGGA =    816.999627435726     
 EIGAE =    9.86960440108936     
 EIGAS =   8.333333333333333E-002
 EIGGE =    816.999627435726     
 EIGGS =    2.00000000000000     
  
 verify mesh topology
  0.000000000000000E+000   1.00000000000000       Xrange
  0.000000000000000E+000   1.00000000000000       Yrange
  0.000000000000000E+000   1.00000000000000       Zrange
 done :: verify mesh topology
  
  E-solver strategy:  0 itr
 mg_nx:           1           3
 mg_ny:           1           3
 mg_nz:           1           3
 call usrsetvert
 done :: usrsetvert

gs_setup: 0 unique labels shared
   handle bytes (avg, min, max): 796 796 796
   buffer bytes (avg, min, max): 0 0 0
   setupds time 6.0415E-04 seconds   1  2          27           8
   setvert3d:   4         279         343         279         279
 call usrsetvert
 done :: usrsetvert

gs_setup: 0 unique labels shared
   handle bytes (avg, min, max): 3580 3580 3580
   buffer bytes (avg, min, max): 0 0 0
   setupds time 9.2793E-04 seconds   2  4         279           8
 regenerate geometry data           1
 NOTE: All elements deformed , param(59) ^=0
 done :: regenerate geometry data           1
  
 h1_mg_nx:           1           3
 h1_mg_ny:           1           3
 h1_mg_nz:           1           3
 call usrsetvert
 done :: usrsetvert

gs_setup: 0 unique labels shared
   handle bytes (avg, min, max): 796 796 796
   buffer bytes (avg, min, max): 0 0 0
   setupds time 5.9199E-04 seconds   3  2          27           8
   setvert3d:   4         279         343         279         279
 call usrsetvert
 done :: usrsetvert

gs_setup: 0 unique labels shared
   handle bytes (avg, min, max): 3580 3580 3580
   buffer bytes (avg, min, max): 0 0 0
   setupds time 8.6188E-04 seconds   4  4         279           8
   setvert3d:   4         279         343         279         279
 call usrsetvert
 done :: usrsetvert

gs_setup: 0 unique labels shared
   handle bytes (avg, min, max): 3580 3580 3580
   buffer bytes (avg, min, max): 0 0 0
   setupds time 1.3490E-03 seconds   5  4         279           8
   setvert3d:   6         819        1331         819         819
 call usrsetvert
 done :: usrsetvert

gs_setup: 0 unique labels shared
   handle bytes (avg, min, max): 8668 8668 8668
   buffer bytes (avg, min, max): 0 0 0
   setupds time 1.4889E-03 seconds   6  6         819           8
 setup h1 coarse grid, nx_crs=           2
 call usrsetvert
 done :: usrsetvert

gs_setup: 0 unique labels shared
   handle bytes (avg, min, max): 796 796 796
   buffer bytes (avg, min, max): 0 0 0
 done :: setup h1 coarse grid   1.501083374023438E-003  sec
  
 call usrdat3
 done :: usrdat3

 set initial conditions
 nekuic (1) for ifld            1
 call nekuic for vel  
 xyz min     0.0000       0.0000       0.0000    
 uvwpt min   0.0000       0.0000       0.0000       0.0000       0.0000    
 PS min      0.0000       0.0000      0.99000E+22
 xyz max     1.0000       1.0000       1.0000    
 uvwpt max   0.0000       0.0000       0.0000       0.0000       0.0000    
 PS max      0.0000       0.0000     -0.99000E+22
 done :: set initial conditions
  
 call userchk
GFM max:  1.4468E-01  1.4468E-01  1.4468E-01  1.5020E-16  1.5020E-16  1.5020E-16
 
nelt =       8, np =         1, nx1 =       4, elements =         8
Solve Time =   0.5696E-07
 
nelt =       8, np =         1, nx1 =       4, elements =         8
Solve Time =   0.9111E-07
 
nelt =       8, np =         1, nx1 =       4, elements =         8
Solve Time =   0.1341E-06
 
nelt =       8, np =         1, nx1 =       4, elements =         8
Solve Time =   0.1153E-06
 
nelt =       8, np =         1, nx1 =       4, elements =         8
Solve Time =   0.1133E-06
 
nelt =       8, np =         1, nx1 =       4, elements =         8
Solve Time =   0.1158E-06
 
nelt =       8, np =         1, nx1 =       4, elements =         8
Solve Time =   0.7885E-07
 
nelt =       8, np =         1, nx1 =       4, elements =         8
Solve Time =   0.1139E-06
 
nelt =       8, np =         1, nx1 =       4, elements =         8
Solve Time =   0.1107E-06
 
nelt =       8, np =         1, nx1 =       4, elements =         8
Solve Time =   0.7606E-07
 
nelt =       8, np =         1, nx1 =       4, elements =         8
Solve Time =   0.1087E-06
 
nelt =       8, np =         1, nx1 =       4, elements =         8
Solve Time =   0.1042E-06
 
nelt =       8, np =         1, nx1 =       4, elements =         8
Solve Time =   0.1121E-06
 
nelt =       8, np =         1, nx1 =       4, elements =         8
Solve Time =   0.7171E-07
 
nelt =       8, np =         1, nx1 =       4, elements =         8
Solve Time =   0.9049E-07
 
nelt =       8, np =         1, nx1 =       4, elements =         8
Solve Time =   0.6969E-07
 
nelt =       8, np =         1, nx1 =       4, elements =         8
Solve Time =   0.8863E-07
 
nelt =       8, np =         1, nx1 =       4, elements =         8
Solve Time =   0.6845E-07
 
nelt =       8, np =         1, nx1 =       4, elements =         8
Solve Time =   0.8599E-07
 
nelt =       8, np =         1, nx1 =       4, elements =         8
Solve Time =   0.6830E-07
 
nelt =       8, np =         1, nx1 =       4, elements =         8
Solve Time =   0.1270E-06
 
nelt =       8, np =         1, nx1 =       4, elements =         8
Solve Time =   0.7606E-07
 
nelt =       8, np =         1, nx1 =       4, elements =         8
Solve Time =   0.9453E-07
 
nelt =       8, np =         1, nx1 =       4, elements =         8
Solve Time =   0.7233E-07
 
nelt =       8, np =         1, nx1 =       4, elements =         8
Solve Time =   0.9111E-07
 
nelt =       8, np =         1, nx1 =       4, elements =         8
Solve Time =   0.7031E-07
 
nelt =       8, np =         1, nx1 =       4, elements =         8
Solve Time =   0.1068E-06
 
nelt =       8, np =         1, nx1 =       4, elements =         8
Solve Time =   0.1080E-06
 
nelt =       8, np =         1, nx1 =       4, elements =         8
Solve Time =   0.1453E-06
 
nelt =       8, np =         1, nx1 =       4, elements =         8
Solve Time =   0.1152E-06
 
nelt =       8, np =         1, nx1 =       4, elements =         8
Solve Time =   0.1270E-06
 
nelt =       8, np =         1, nx1 =       4, elements =         8
Solve Time =   0.1139E-06
 
nelt =       8, np =         1, nx1 =       4, elements =         8
Solve Time =   0.7156E-07
 
nelt =       8, np =         1, nx1 =       4, elements =         8
Solve Time =   0.9049E-07
 
nelt =       8, np =         1, nx1 =       4, elements =         8
Solve Time =   0.7094E-07
 
nelt =       8, np =         1, nx1 =       4, elements =         8
Solve Time =   0.1062E-06
 
nelt =       8, np =         1, nx1 =       4, elements =         8
Solve Time =   0.1021E-06
 
nelt =       8, np =         1, nx1 =       4, elements =         8
Solve Time =   0.1021E-06
 
nelt =       8, np =         1, nx1 =       4, elements =         8
Solve Time =   0.1003E-06
 
nelt =       8, np =         1, nx1 =       4, elements =         8
Solve Time =   0.1015E-06
 
nelt =       8, np =         1, nx1 =       4, elements =         8
Solve Time =   0.1158E-06
 
nelt =       8, np =         1, nx1 =       4, elements =         8
Solve Time =   0.1042E-06
 
nelt =       8, np =         1, nx1 =       4, elements =         8
Solve Time =   0.1068E-06
 
nelt =       8, np =         1, nx1 =       4, elements =         8
Solve Time =   0.1035E-06
 
nelt =       8, np =         1, nx1 =       4, elements =         8
Solve Time =   0.1099E-06
 
nelt =       8, np =         1, nx1 =       4, elements =         8
Solve Time =   0.1101E-06
 
nelt =       8, np =         1, nx1 =       4, elements =         8
Solve Time =   0.1152E-06
 
nelt =       8, np =         1, nx1 =       4, elements =         8
Solve Time =   0.1113E-06
 
nelt =       8, np =         1, nx1 =       4, elements =         8
Solve Time =   0.1080E-06
 
nelt =       8, np =         1, nx1 =       4, elements =         8
Solve Time =   0.1060E-06
 schfile:
 /gpfs/theta-fs1/home/thilina/env/lx4/b3.sch                                    
                                                      
  4        8  1.0000E+00  1.0000E+00  1.0000E+00  error v
 
nelt =       8, np =         1, nx1 =       4, elements =         8
Solve Time =   0.5933E-07
 
nelt =       8, np =         1, nx1 =       4, elements =         8
Solve Time =   0.5885E-07
 
nelt =       8, np =         1, nx1 =       4, elements =         8
Solve Time =   0.5824E-07
 
nelt =       8, np =         1, nx1 =       4, elements =         8
Solve Time =   0.5899E-07
 
nelt =       8, np =         1, nx1 =       4, elements =         8
Solve Time =   0.5834E-07
 
nelt =       8, np =         1, nx1 =       4, elements =         8
Solve Time =   0.5900E-07
 
nelt =       8, np =         1, nx1 =       4, elements =         8
Solve Time =   0.5849E-07
 
nelt =       8, np =         1, nx1 =       4, elements =         8
Solve Time =   0.5875E-07
 
nelt =       8, np =         1, nx1 =       4, elements =         8
Solve Time =   0.5848E-07
 
nelt =       8, np =         1, nx1 =       4, elements =         8
Solve Time =   0.5890E-07
  4        8  4.7776E-04  4.7776E-04  4.7776E-04  error s
 
nelt =       8, np =         1, nx1 =       4, elements =         8
Solve Time =   0.3852E-07
 
nelt =       8, np =         1, nx1 =       4, elements =         8
Solve Time =   0.3904E-07
 
nelt =       8, np =         1, nx1 =       4, elements =         8
Solve Time =   0.3800E-07
 
nelt =       8, np =         1, nx1 =       4, elements =         8
Solve Time =   0.3842E-07
 
nelt =       8, np =         1, nx1 =       4, elements =         8
Solve Time =   0.3786E-07
 
nelt =       8, np =         1, nx1 =       4, elements =         8
Solve Time =   0.3829E-07
 
nelt =       8, np =         1, nx1 =       4, elements =         8
Solve Time =   0.3794E-07
 
nelt =       8, np =         1, nx1 =       4, elements =         8
Solve Time =   0.3813E-07
 
nelt =       8, np =         1, nx1 =       4, elements =         8
Solve Time =   0.3782E-07
 
nelt =       8, np =         1, nx1 =       4, elements =         8
Solve Time =   0.3805E-07
  4        8  4.7776E-04  4.7776E-04  4.7776E-04  error n
   3        8  100  0.0000E+00  0.0000E+00  0.0000E+00 time for 3 hmholtz
EXIT: quit after cggov          3
  
call exitt: dying ...
  
backtrace(): obtained 8 stack frames.
./nek5000() [0x768a95]
./nek5000() [0x94b489]
./nek5000() [0x40c94c]
./nek5000() [0x422d66]
./nek5000() [0x42131e]
./nek5000() [0x4054fe]
/lib64/libc.so.6(__libc_start_main+0xf5) [0x2aaab1ca3b25]
./nek5000() [0x405409]
  
total elapsed time             :   3.59820E-01 sec
total solver time incl. I/O    :   0.00000E+00 sec
time/timestep                  :   0.00000E+00 sec
CPU seconds/timestep/gridpt    :   0.00000E+00 sec

Application 2255903 resources: utime ~0s, stime ~1s, Rss ~12136, inblocks ~0, outblocks ~0
