/----------------------------------------------------------\\
|      _   __ ______ __ __  ______  ____   ____   ____     |
|     / | / // ____// //_/ / ____/ / __ \\/ __ \\/ __ \\   |
|    /  |/ // __/  / ,<   /___ \\ / / / // / / // / / /    |
|   / /|  // /___ / /| | ____/ / / /_/ // /_/ // /_/ /     |
|  /_/ |_//_____//_/ |_|/_____/  \\___/ \\___/ \\___/      |
|                                                          |
|----------------------------------------------------------|
|                                                          |
| NEK5000:  Open Source Spectral Element Solver            |
| COPYRIGHT (c) 2008-2016 UCHICAGO ARGONNE, LLC            |
| Version:  16.0.0                                         |
| Web:      http://nek5000.mcs.anl.gov                     |
|                                                          |
\\----------------------------------------------------------/
                                                              

 Number of processors:           2
 REAL    wdsize      :           8
 INTEGER wdsize      :           4
 Timer accuracy      : 2.86E-07
 Reading /gpfs/theta-fs1/home/thilina/env/lx4/b5.rea                                                                                         

 mapping elements to processors
 Reading /gpfs/theta-fs1/home/thilina/env/lx4/b5.map                                                                                         
           0          16          16          32          32  NELV
           1          16          16          32          32  NELV
 RANK     0 IEG      17      18      19      20      21      22      23      24
                     25      26      27      28      29      30      31      32
 element load imbalance:            0          16          16
 done :: mapping elements to processors
  
           0  objects found
 118   Parameters from file:
   1      1.00000     p001 DENSITY
   2     -100.000     p002 VISCOS
   7      1.00000     p007 RHOCP
   8      1.00000     p008 CONDUCT
  11      1.00        p011 NSTEPS
  12    -0.500000E-02 p012 DT
  21     0.100000E-05 p021 DIVERGENCE
  22     0.100000E-07 p022 HELMHOLTZ
  24     0.100000E-09 p024 TOLREL
  25     0.100000E-09 p025 TOLABS
  26     0.250000     p026 COURANT/NTAU
  27      2.00000     p027 TORDER
  66      6.00000     p066 output : <0=ascii, else binary
  67      6.00000     p067 restart: <0=ascii, else binary
  99      3.00000     p099 dealiasing: <0--> off/3--> old/4--> new
 103     0.500000E-01 p103 weight of stabilizing filter (.01)
  
 nelgt/nelgv/lelt:          32          32         100
 lx1  /lx2  /lx3 :           4           4           4
 done :: read .rea file   0.32407E-01 sec

 setup mesh topology
   Right-handed check complete for      32 elements. OK.
   setvert3d:   4         927        1183         927         927
 call usrsetvert
 done :: usrsetvert

gs_setup: 91 unique labels shared
   pairwise times (avg, min, max): 3.19481e-06 3.19481e-06 3.19481e-06
   crystal router                : 1.90735e-06 1.90735e-06 1.90735e-06
   all reduce                    : 1.11103e-05 1.11103e-05 1.11103e-05
   used all_to_all method: crystal router
   handle bytes (avg, min, max): 14460 14460 14460
   buffer bytes (avg, min, max): 2912 2912 2912
   setupds time 4.2980E-03 seconds   0  4         927          32
           8  max multiplicity
 done :: setup mesh topology
  
 call usrdat
 done :: usrdat

 generate geometry data
 done :: generate geometry data
  
 call usrdat2
 done :: usrdat2

 regenerate geometry data           1
 NOTE: All elements deformed , param(59) ^=0
 done :: regenerate geometry data           1
  
 verify mesh topology
  0.000000000000000E+000   1.00000000000000       Xrange
  0.000000000000000E+000   1.00000000000000       Yrange
  0.000000000000000E+000   1.00000000000000       Zrange
 done :: verify mesh topology
  
 IFTRAN   = T
 IFFLOW   = T
 IFHEAT   = F
 IFSPLIT  = T
 IFLOMACH = F
 IFUSERVP = F
 IFUSERMV = F
 IFSTRS   = F
 IFCHAR   = F
 IFCYCLIC = F
 IFAXIS   = F
 IFMVBD   = F
 IFMELT   = F
 IFMODEL  = F
 IFKEPS   = F
 IFMOAB   = F
 IFNEKNEK = F
 IFSYNC   = T
   
 IFVCOR   = T
 IFINTQ   = F
 IFCWUZ   = F
 IFSWALL  = F
 IFGEOM   = F
 IFSURT   = F
 IFWCNO   = F
   
 IFTMSH for field           1    =  F
 IFADVC for field           1    =  T
 IFNONL for field           1    =  F
   
 Dealiasing enabled, lxd=           6
  
 Estimated eigenvalues
 EIGAA =    9.86960440108936     
 EIGGA =    2579.44500461371     
 EIGAE =    9.86960440108936     
 EIGAS =   8.333333333333333E-002
 EIGGE =    2579.44500461371     
 EIGGS =    2.00000000000000     
  
 verify mesh topology
  0.000000000000000E+000   1.00000000000000       Xrange
  0.000000000000000E+000   1.00000000000000       Yrange
  0.000000000000000E+000   1.00000000000000       Zrange
 done :: verify mesh topology
  
  E-solver strategy:  0 itr
 mg_nx:           1           3
 mg_ny:           1           3
 mg_nz:           1           3
 call usrsetvert
 done :: usrsetvert

gs_setup: 15 unique labels shared
   pairwise times (avg, min, max): 3.09944e-06 3.09944e-06 3.09944e-06
   crystal router                : 1.88351e-06 1.88351e-06 1.88351e-06
   all reduce                    : 1.26362e-06 1.21593e-06 1.3113e-06
   used all_to_all method: allreduce
   handle bytes (avg, min, max): 2124 2124 2124
   buffer bytes (avg, min, max): 240 240 240
   setupds time 1.4112E-03 seconds   1  2          75          32
   setvert3d:   4         927        1183         927         927
 call usrsetvert
 done :: usrsetvert

gs_setup: 91 unique labels shared
   pairwise times (avg, min, max): 3.14713e-06 3.09944e-06 3.19481e-06
   crystal router                : 1.90735e-06 1.90735e-06 1.90735e-06
   all reduce                    : 1.19925e-05 1.19925e-05 1.19925e-05
   used all_to_all method: crystal router
   handle bytes (avg, min, max): 14460 14460 14460
   buffer bytes (avg, min, max): 2912 2912 2912
   setupds time 3.2129E-03 seconds   2  4         927          32
 regenerate geometry data           1
 NOTE: All elements deformed , param(59) ^=0
 done :: regenerate geometry data           1
  
 h1_mg_nx:           1           3
 h1_mg_ny:           1           3
 h1_mg_nz:           1           3
 call usrsetvert
 done :: usrsetvert

gs_setup: 15 unique labels shared
   pairwise times (avg, min, max): 3.69549e-06 3.69549e-06 3.69549e-06
   crystal router                : 2.00272e-06 2.00272e-06 2.00272e-06
   all reduce                    : 1.19209e-06 1.19209e-06 1.19209e-06
   used all_to_all method: allreduce
   handle bytes (avg, min, max): 2124 2124 2124
   buffer bytes (avg, min, max): 240 240 240
   setupds time 1.6530E-03 seconds   3  2          75          32
   setvert3d:   4         927        1183         927         927
 call usrsetvert
 done :: usrsetvert

gs_setup: 91 unique labels shared
   pairwise times (avg, min, max): 3.19481e-06 3.19481e-06 3.19481e-06
   crystal router                : 2.0504e-06 2.00272e-06 2.09808e-06
   all reduce                    : 1.54018e-05 1.54018e-05 1.54018e-05
   used all_to_all method: crystal router
   handle bytes (avg, min, max): 14460 14460 14460
   buffer bytes (avg, min, max): 2912 2912 2912
   setupds time 3.2220E-03 seconds   4  4         927          32
   setvert3d:   4         927        1183         927         927
 call usrsetvert
 done :: usrsetvert

gs_setup: 91 unique labels shared
   pairwise times (avg, min, max): 3.19481e-06 3.19481e-06 3.19481e-06
   crystal router                : 2.00272e-06 2.00272e-06 2.00272e-06
   all reduce                    : 1.54972e-05 1.54972e-05 1.54972e-05
   used all_to_all method: crystal router
   handle bytes (avg, min, max): 14460 14460 14460
   buffer bytes (avg, min, max): 2912 2912 2912
   setupds time 3.1049E-03 seconds   5  4         927          32
   setvert3d:   6        2803        4851        2803        2803
 call usrsetvert
 done :: usrsetvert

gs_setup: 231 unique labels shared
   pairwise times (avg, min, max): 3.60012e-06 3.60012e-06 3.60012e-06
   crystal router                : 2.09808e-06 2.09808e-06 2.09808e-06
   all reduce                    : 1.68562e-05 1.68085e-05 1.69039e-05
   used all_to_all method: crystal router
   handle bytes (avg, min, max): 36188 36188 36188
   buffer bytes (avg, min, max): 7392 7392 7392
   setupds time 4.8831E-03 seconds   6  6        2803          32
 setup h1 coarse grid, nx_crs=           2
 call usrsetvert
 done :: usrsetvert

gs_setup: 15 unique labels shared
   pairwise times (avg, min, max): 2.09808e-06 2.09808e-06 2.09808e-06
   crystal router                : 1.88351e-06 1.88351e-06 1.88351e-06
   all reduce                    : 9.70364e-06 9.70364e-06 9.70364e-06
   used all_to_all method: crystal router
   handle bytes (avg, min, max): 2716 2716 2716
   buffer bytes (avg, min, max): 480 480 480
 done :: setup h1 coarse grid   3.353118896484375E-003  sec
  
 call usrdat3
 done :: usrdat3

 set initial conditions
 nekuic (1) for ifld            1
 call nekuic for vel  
 xyz min     0.0000       0.0000       0.0000    
 uvwpt min   0.0000       0.0000       0.0000       0.0000       0.0000    
 PS min      0.0000       0.0000      0.99000E+22
 xyz max     1.0000       1.0000       1.0000    
 uvwpt max   0.0000       0.0000       0.0000       0.0000       0.0000    
 PS max      0.0000       0.0000     -0.99000E+22
 done :: set initial conditions
  
 call userchk
GFM max:  3.6169E-02  1.4468E-01  1.4468E-01  1.0497E-16  1.0497E-16  3.2149E-16
 
nelt =      16, np =         2, nx1 =       4, elements =        32
Solve Time =   0.3469E-07
 
nelt =      16, np =         2, nx1 =       4, elements =        32
Solve Time =   0.3220E-07
 
nelt =      16, np =         2, nx1 =       4, elements =        32
Solve Time =   0.5778E-07
 
nelt =      16, np =         2, nx1 =       4, elements =        32
Solve Time =   0.5452E-07
 
nelt =      16, np =         2, nx1 =       4, elements =        32
Solve Time =   0.5320E-07
 
nelt =      16, np =         2, nx1 =       4, elements =        32
Solve Time =   0.5212E-07
 
nelt =      16, np =         2, nx1 =       4, elements =        32
Solve Time =   0.6252E-07
 
nelt =      16, np =         2, nx1 =       4, elements =        32
Solve Time =   0.5406E-07
 
nelt =      16, np =         2, nx1 =       4, elements =        32
Solve Time =   0.5355E-07
 
nelt =      16, np =         2, nx1 =       4, elements =        32
Solve Time =   0.5223E-07
 
nelt =      16, np =         2, nx1 =       4, elements =        32
Solve Time =   0.5258E-07
 
nelt =      16, np =         2, nx1 =       4, elements =        32
Solve Time =   0.4835E-07
 
nelt =      16, np =         2, nx1 =       4, elements =        32
Solve Time =   0.4738E-07
 
nelt =      16, np =         2, nx1 =       4, elements =        32
Solve Time =   0.4428E-07
 
nelt =      16, np =         2, nx1 =       4, elements =        32
Solve Time =   0.4408E-07
 
nelt =      16, np =         2, nx1 =       4, elements =        32
Solve Time =   0.5289E-07
 
nelt =      16, np =         2, nx1 =       4, elements =        32
Solve Time =   0.4723E-07
 
nelt =      16, np =         2, nx1 =       4, elements =        32
Solve Time =   0.4474E-07
 
nelt =      16, np =         2, nx1 =       4, elements =        32
Solve Time =   0.4463E-07
 
nelt =      16, np =         2, nx1 =       4, elements =        32
Solve Time =   0.5662E-07
 
nelt =      16, np =         2, nx1 =       4, elements =        32
Solve Time =   0.5386E-07
 
nelt =      16, np =         2, nx1 =       4, elements =        32
Solve Time =   0.4657E-07
 
nelt =      16, np =         2, nx1 =       4, elements =        32
Solve Time =   0.5045E-07
 
nelt =      16, np =         2, nx1 =       4, elements =        32
Solve Time =   0.4505E-07
 
nelt =      16, np =         2, nx1 =       4, elements =        32
Solve Time =   0.5437E-07
 
nelt =      16, np =         2, nx1 =       4, elements =        32
Solve Time =   0.4948E-07
 
nelt =      16, np =         2, nx1 =       4, elements =        32
Solve Time =   0.4703E-07
 
nelt =      16, np =         2, nx1 =       4, elements =        32
Solve Time =   0.4769E-07
 
nelt =      16, np =         2, nx1 =       4, elements =        32
Solve Time =   0.5029E-07
 
nelt =      16, np =         2, nx1 =       4, elements =        32
Solve Time =   0.4979E-07
 
nelt =      16, np =         2, nx1 =       4, elements =        32
Solve Time =   0.5437E-07
 
nelt =      16, np =         2, nx1 =       4, elements =        32
Solve Time =   0.5243E-07
 
nelt =      16, np =         2, nx1 =       4, elements =        32
Solve Time =   0.4967E-07
 
nelt =      16, np =         2, nx1 =       4, elements =        32
Solve Time =   0.4754E-07
 
nelt =      16, np =         2, nx1 =       4, elements =        32
Solve Time =   0.5549E-07
 
nelt =      16, np =         2, nx1 =       4, elements =        32
Solve Time =   0.4886E-07
 
nelt =      16, np =         2, nx1 =       4, elements =        32
Solve Time =   0.5111E-07
 
nelt =      16, np =         2, nx1 =       4, elements =        32
Solve Time =   0.6073E-07
 
nelt =      16, np =         2, nx1 =       4, elements =        32
Solve Time =   0.5274E-07
 
nelt =      16, np =         2, nx1 =       4, elements =        32
Solve Time =   0.5111E-07
 
nelt =      16, np =         2, nx1 =       4, elements =        32
Solve Time =   0.5600E-07
 
nelt =      16, np =         2, nx1 =       4, elements =        32
Solve Time =   0.4820E-07
 
nelt =      16, np =         2, nx1 =       4, elements =        32
Solve Time =   0.5759E-07
 
nelt =      16, np =         2, nx1 =       4, elements =        32
Solve Time =   0.5340E-07
 
nelt =      16, np =         2, nx1 =       4, elements =        32
Solve Time =   0.5126E-07
 
nelt =      16, np =         2, nx1 =       4, elements =        32
Solve Time =   0.5258E-07
 
nelt =      16, np =         2, nx1 =       4, elements =        32
Solve Time =   0.5371E-07
 
nelt =      16, np =         2, nx1 =       4, elements =        32
Solve Time =   0.5029E-07
 
nelt =      16, np =         2, nx1 =       4, elements =        32
Solve Time =   0.5161E-07
 
nelt =      16, np =         2, nx1 =       4, elements =        32
Solve Time =   0.5223E-07
 schfile:
 /gpfs/theta-fs1/home/thilina/env/lx4/b5.sch                                    
                                                      
  4       32  1.0000E+00  1.0000E+00  1.0000E+00  error v
  4       32  1.0000E+00  1.0000E+00  1.0000E+00  error v
 
nelt =      16, np =         2, nx1 =       4, elements =        32
Solve Time =   0.3736E-07
 
nelt =      16, np =         2, nx1 =       4, elements =        32
Solve Time =   0.3703E-07
 
nelt =      16, np =         2, nx1 =       4, elements =        32
Solve Time =   0.3671E-07
 
nelt =      16, np =         2, nx1 =       4, elements =        32
Solve Time =   0.3655E-07
 
nelt =      16, np =         2, nx1 =       4, elements =        32
Solve Time =   0.3657E-07
 
nelt =      16, np =         2, nx1 =       4, elements =        32
Solve Time =   0.3666E-07
 
nelt =      16, np =         2, nx1 =       4, elements =        32
Solve Time =   0.3650E-07
 
nelt =      16, np =         2, nx1 =       4, elements =        32
Solve Time =   0.3655E-07
 
nelt =      16, np =         2, nx1 =       4, elements =        32
Solve Time =   0.3685E-07
 
nelt =      16, np =         2, nx1 =       4, elements =        32
Solve Time =   0.3644E-07
  4       32  3.6124E-04  3.6124E-04  3.6124E-04  error s
  4       32  3.6124E-04  3.6124E-04  3.6124E-04  error s
 
nelt =      16, np =         2, nx1 =       4, elements =        32
Solve Time =   0.3769E-07
 
nelt =      16, np =         2, nx1 =       4, elements =        32
Solve Time =   0.3702E-07
 
nelt =      16, np =         2, nx1 =       4, elements =        32
Solve Time =   0.3672E-07
 
nelt =      16, np =         2, nx1 =       4, elements =        32
Solve Time =   0.3682E-07
 
nelt =      16, np =         2, nx1 =       4, elements =        32
Solve Time =   0.3694E-07
 
nelt =      16, np =         2, nx1 =       4, elements =        32
Solve Time =   0.3670E-07
 
nelt =      16, np =         2, nx1 =       4, elements =        32
Solve Time =   0.3673E-07
 
nelt =      16, np =         2, nx1 =       4, elements =        32
Solve Time =   0.3675E-07
 
nelt =      16, np =         2, nx1 =       4, elements =        32
Solve Time =   0.3662E-07
 
nelt =      16, np =         2, nx1 =       4, elements =        32
Solve Time =   0.3666E-07
  4       32  3.6124E-04  3.6124E-04  3.6124E-04  error n
  4       32  3.6124E-04  3.6124E-04  3.6124E-04  error n
   3       32  100  0.0000E+00  0.0000E+00  0.0000E+00 time for 3 hmholtz
EXIT: quit after cggov          3
  
call exitt: dying ...
  
backtrace(): obtained 8 stack frames.
./nek5000() [0x768a95]
./nek5000() [0x94b489]
./nek5000() [0x40c94c]
./nek5000() [0x422d66]
./nek5000() [0x42131e]
./nek5000() [0x4054fe]
/lib64/libc.so.6(__libc_start_main+0xf5) [0x2aaab1ca3b25]
./nek5000() [0x405409]
  
total elapsed time             :   1.12392E+00 sec
total solver time incl. I/O    :   0.00000E+00 sec
time/timestep                  :   0.00000E+00 sec
CPU seconds/timestep/gridpt    :   0.00000E+00 sec

Application 2255955 resources: utime ~2s, stime ~1s, Rss ~13420, inblocks ~0, outblocks ~0
