/----------------------------------------------------------\\
|      _   __ ______ __ __  ______  ____   ____   ____     |
|     / | / // ____// //_/ / ____/ / __ \\/ __ \\/ __ \\   |
|    /  |/ // __/  / ,<   /___ \\ / / / // / / // / / /    |
|   / /|  // /___ / /| | ____/ / / /_/ // /_/ // /_/ /     |
|  /_/ |_//_____//_/ |_|/_____/  \\___/ \\___/ \\___/      |
|                                                          |
|----------------------------------------------------------|
|                                                          |
| NEK5000:  Open Source Spectral Element Solver            |
| COPYRIGHT (c) 2008-2016 UCHICAGO ARGONNE, LLC            |
| Version:  16.0.0                                         |
| Web:      http://nek5000.mcs.anl.gov                     |
|                                                          |
\\----------------------------------------------------------/
                                                              

 Number of processors:          16
 REAL    wdsize      :           8
 INTEGER wdsize      :           4
 Timer accuracy      : 3.10E-07
 Reading /gpfs/theta-fs1/home/thilina/env/lx4/b7.rea                                                                                         

 mapping elements to processors
 Reading /gpfs/theta-fs1/home/thilina/env/lx4/b7.map                                                                                         
           0           8           8         128         128  NELV
           8           8           8         128         128  NELV
           9           8           8         128         128  NELV
           7           8           8         128         128  NELV
           4           8           8         128         128  NELV
           5           8           8         128         128  NELV
           2           8           8         128         128  NELV
           3           8           8         128         128  NELV
          13           8           8         128         128  NELV
          12           8           8         128         128  NELV
          10           8           8         128         128  NELV
          11           8           8         128         128  NELV
          15           8           8         128         128  NELV
          14           8           8         128         128  NELV
           6           8           8         128         128  NELV
           1           8           8         128         128  NELV
 RANK     0 IEG      97      98     101     102     113     114     117     118
 element load imbalance:            0           8           8
 done :: mapping elements to processors
  
           0  objects found
 118   Parameters from file:
   1      1.00000     p001 DENSITY
   2     -100.000     p002 VISCOS
   7      1.00000     p007 RHOCP
   8      1.00000     p008 CONDUCT
  11      1.00        p011 NSTEPS
  12    -0.500000E-02 p012 DT
  21     0.100000E-05 p021 DIVERGENCE
  22     0.100000E-07 p022 HELMHOLTZ
  24     0.100000E-09 p024 TOLREL
  25     0.100000E-09 p025 TOLABS
  26     0.250000     p026 COURANT/NTAU
  27      2.00000     p027 TORDER
  66      6.00000     p066 output : <0=ascii, else binary
  67      6.00000     p067 restart: <0=ascii, else binary
  99      3.00000     p099 dealiasing: <0--> off/3--> old/4--> new
 103     0.500000E-01 p103 weight of stabilizing filter (.01)
  
 nelgt/nelgv/lelt:         128         128         100
 lx1  /lx2  /lx3 :           4           4           4
 done :: read .rea file   0.64877E-01 sec

 setup mesh topology
   Right-handed check complete for     128 elements. OK.
   setvert3d:   4        3201        4225        3201        3201
 call usrsetvert
 done :: usrsetvert

gs_setup: 1057 unique labels shared
   pairwise times (avg, min, max): 3.09676e-05 3.00884e-05 3.34024e-05
   crystal router                : 1.67742e-05 1.65939e-05 1.69992e-05
   all reduce                    : 6.77243e-05 6.7091e-05 6.83784e-05
   used all_to_all method: crystal router
   handle bytes (avg, min, max): 29192 25220 33164
   buffer bytes (avg, min, max): 5408 4352 6464
   setupds time 1.0462E-02 seconds   0  4        3201         128
           8  max multiplicity
 done :: setup mesh topology
  
 call usrdat
 done :: usrdat

 generate geometry data
 done :: generate geometry data
  
 call usrdat2
 done :: usrdat2

 regenerate geometry data           1
 NOTE: All elements deformed , param(59) ^=0
 done :: regenerate geometry data           1
  
 verify mesh topology
  0.000000000000000E+000   1.00000000000000       Xrange
  0.000000000000000E+000   1.00000000000000       Yrange
  0.000000000000000E+000   1.00000000000000       Zrange
 done :: verify mesh topology
  
 IFTRAN   = T
 IFFLOW   = T
 IFHEAT   = F
 IFSPLIT  = T
 IFLOMACH = F
 IFUSERVP = F
 IFUSERMV = F
 IFSTRS   = F
 IFCHAR   = F
 IFCYCLIC = F
 IFAXIS   = F
 IFMVBD   = F
 IFMELT   = F
 IFMODEL  = F
 IFKEPS   = F
 IFMOAB   = F
 IFNEKNEK = F
 IFSYNC   = T
   
 IFVCOR   = T
 IFINTQ   = F
 IFCWUZ   = F
 IFSWALL  = F
 IFGEOM   = F
 IFSURT   = F
 IFWCNO   = F
   
 IFTMSH for field           1    =  F
 IFADVC for field           1    =  T
 IFNONL for field           1    =  F
   
 Dealiasing enabled, lxd=           6
  
 Estimated eigenvalues
 EIGAA =    9.86960440108936     
 EIGGA =    6679.09314650946     
 EIGAE =    9.86960440108936     
 EIGAS =   8.333333333333333E-002
 EIGGE =    6679.09314650946     
 EIGGS =    2.00000000000000     
  
 verify mesh topology
  0.000000000000000E+000   1.00000000000000       Xrange
  0.000000000000000E+000   1.00000000000000       Yrange
  0.000000000000000E+000   1.00000000000000       Zrange
 done :: verify mesh topology
  
  E-solver strategy:  0 itr
 mg_nx:           1           3
 mg_ny:           1           3
 mg_nz:           1           3
 call usrsetvert
 done :: usrsetvert

gs_setup: 129 unique labels shared
   pairwise times (avg, min, max): 2.75835e-05 2.59876e-05 2.89917e-05
   crystal router                : 8.77976e-06 8.70228e-06 8.89301e-06
   all reduce                    : 3.52308e-05 3.50952e-05 3.54052e-05
   used all_to_all method: crystal router
   handle bytes (avg, min, max): 5240 4676 5804
   buffer bytes (avg, min, max): 864 704 1024
   setupds time 3.9139E-03 seconds   1  2         225         128
   setvert3d:   4        3201        4225        3201        3201
 call usrsetvert
 done :: usrsetvert

gs_setup: 1057 unique labels shared
   pairwise times (avg, min, max): 2.90751e-05 2.80857e-05 3.02076e-05
   crystal router                : 1.35899e-05 1.33991e-05 1.37091e-05
   all reduce                    : 7.09742e-05 7.0405e-05 7.15971e-05
   used all_to_all method: crystal router
   handle bytes (avg, min, max): 29192 25220 33164
   buffer bytes (avg, min, max): 5408 4352 6464
   setupds time 7.0770E-03 seconds   2  4        3201         128
 regenerate geometry data           1
 NOTE: All elements deformed , param(59) ^=0
 done :: regenerate geometry data           1
  
 h1_mg_nx:           1           3
 h1_mg_ny:           1           3
 h1_mg_nz:           1           3
 call usrsetvert
 done :: usrsetvert

gs_setup: 129 unique labels shared
   pairwise times (avg, min, max): 3.11941e-05 3.0303e-05 3.24011e-05
   crystal router                : 8.59499e-06 8.51154e-06 8.70228e-06
   all reduce                    : 3.48598e-05 3.45945e-05 3.50952e-05
   used all_to_all method: crystal router
   handle bytes (avg, min, max): 5240 4676 5804
   buffer bytes (avg, min, max): 864 704 1024
   setupds time 4.1220E-03 seconds   3  2         225         128
   setvert3d:   4        3201        4225        3201        3201
 call usrsetvert
 done :: usrsetvert

gs_setup: 1057 unique labels shared
   pairwise times (avg, min, max): 3.80546e-05 3.73125e-05 3.91006e-05
   crystal router                : 1.50397e-05 1.4782e-05 1.51157e-05
   all reduce                    : 6.5124e-05 6.45876e-05 6.58989e-05
   used all_to_all method: crystal router
   handle bytes (avg, min, max): 29192 25220 33164
   buffer bytes (avg, min, max): 5408 4352 6464
   setupds time 7.6430E-03 seconds   4  4        3201         128
   setvert3d:   4        3201        4225        3201        3201
 call usrsetvert
 done :: usrsetvert

gs_setup: 1057 unique labels shared
   pairwise times (avg, min, max): 3.25963e-05 3.02076e-05 3.44038e-05
   crystal router                : 1.33991e-05 1.31845e-05 1.35899e-05
   all reduce                    : 7.07939e-05 7.03096e-05 7.14064e-05
   used all_to_all method: crystal router
   handle bytes (avg, min, max): 29192 25220 33164
   buffer bytes (avg, min, max): 5408 4352 6464
   setupds time 7.2272E-03 seconds   5  4        3201         128
   setvert3d:   6        9889       18081        9889        9889
 call usrsetvert
 done :: usrsetvert

gs_setup: 2881 unique labels shared
   pairwise times (avg, min, max): 3.4456e-05 3.34978e-05 3.97921e-05
   crystal router                : 2.23592e-05 2.21014e-05 2.25067e-05
   all reduce                    : 0.000112034 0.000111198 0.000113082
   used all_to_all method: crystal router
   handle bytes (avg, min, max): 73880 63428 84332
   buffer bytes (avg, min, max): 13792 11072 16512
   setupds time 1.1938E-02 seconds   6  6        9889         128
 setup h1 coarse grid, nx_crs=           2
 call usrsetvert
 done :: usrsetvert

gs_setup: 129 unique labels shared
   pairwise times (avg, min, max): 2.48283e-05 2.28167e-05 2.62976e-05
   crystal router                : 8.76635e-06 8.58307e-06 9.08375e-06
   all reduce                    : 3.41177e-05 3.37839e-05 3.42846e-05
   used all_to_all method: crystal router
   handle bytes (avg, min, max): 5240 4676 5804
   buffer bytes (avg, min, max): 864 704 1024
 done :: setup h1 coarse grid   7.616996765136719E-003  sec
  
 call usrdat3
 done :: usrdat3

 set initial conditions
 nekuic (1) for ifld            1
 call nekuic for vel  
 xyz min     0.0000       0.0000       0.0000    
 uvwpt min   0.0000       0.0000       0.0000       0.0000       0.0000    
 PS min      0.0000       0.0000      0.99000E+22
 xyz max     1.0000       1.0000       1.0000    
 uvwpt max   0.0000       0.0000       0.0000       0.0000       0.0000    
 PS max      0.0000       0.0000     -0.99000E+22
 done :: set initial conditions
  
 call userchk
GFM max:  3.6169E-02  3.6169E-02  1.4468E-01  8.0373E-17  2.2165E-16  2.2165E-16
 
nelt =       8, np =        16, nx1 =       4, elements =       128
Solve Time =   0.7673E-08
 
nelt =       8, np =        16, nx1 =       4, elements =       128
Solve Time =   0.6944E-08
 
nelt =       8, np =        16, nx1 =       4, elements =       128
Solve Time =   0.6882E-08
 
nelt =       8, np =        16, nx1 =       4, elements =       128
Solve Time =   0.7036E-08
 
nelt =       8, np =        16, nx1 =       4, elements =       128
Solve Time =   0.1839E-07
 
nelt =       8, np =        16, nx1 =       4, elements =       128
Solve Time =   0.1799E-07
 
nelt =       8, np =        16, nx1 =       4, elements =       128
Solve Time =   0.1791E-07
 
nelt =       8, np =        16, nx1 =       4, elements =       128
Solve Time =   0.1749E-07
 
nelt =       8, np =        16, nx1 =       4, elements =       128
Solve Time =   0.1762E-07
 
nelt =       8, np =        16, nx1 =       4, elements =       128
Solve Time =   0.1969E-07
 
nelt =       8, np =        16, nx1 =       4, elements =       128
Solve Time =   0.2629E-07
 
nelt =       8, np =        16, nx1 =       4, elements =       128
Solve Time =   0.1550E-07
 
nelt =       8, np =        16, nx1 =       4, elements =       128
Solve Time =   0.1380E-07
 
nelt =       8, np =        16, nx1 =       4, elements =       128
Solve Time =   0.1376E-07
 
nelt =       8, np =        16, nx1 =       4, elements =       128
Solve Time =   0.1326E-07
 
nelt =       8, np =        16, nx1 =       4, elements =       128
Solve Time =   0.1302E-07
 
nelt =       8, np =        16, nx1 =       4, elements =       128
Solve Time =   0.1452E-07
 
nelt =       8, np =        16, nx1 =       4, elements =       128
Solve Time =   0.1298E-07
 
nelt =       8, np =        16, nx1 =       4, elements =       128
Solve Time =   0.1250E-07
 
nelt =       8, np =        16, nx1 =       4, elements =       128
Solve Time =   0.1249E-07
 
nelt =       8, np =        16, nx1 =       4, elements =       128
Solve Time =   0.1680E-07
 
nelt =       8, np =        16, nx1 =       4, elements =       128
Solve Time =   0.1473E-07
 
nelt =       8, np =        16, nx1 =       4, elements =       128
Solve Time =   0.1424E-07
 
nelt =       8, np =        16, nx1 =       4, elements =       128
Solve Time =   0.1396E-07
 
nelt =       8, np =        16, nx1 =       4, elements =       128
Solve Time =   0.1603E-07
 
nelt =       8, np =        16, nx1 =       4, elements =       128
Solve Time =   0.1440E-07
 
nelt =       8, np =        16, nx1 =       4, elements =       128
Solve Time =   0.1387E-07
 
nelt =       8, np =        16, nx1 =       4, elements =       128
Solve Time =   0.1554E-07
 
nelt =       8, np =        16, nx1 =       4, elements =       128
Solve Time =   0.1415E-07
 
nelt =       8, np =        16, nx1 =       4, elements =       128
Solve Time =   0.1383E-07
 
nelt =       8, np =        16, nx1 =       4, elements =       128
Solve Time =   0.1884E-07
 
nelt =       8, np =        16, nx1 =       4, elements =       128
Solve Time =   0.1539E-07
 
nelt =       8, np =        16, nx1 =       4, elements =       128
Solve Time =   0.1604E-07
 
nelt =       8, np =        16, nx1 =       4, elements =       128
Solve Time =   0.1521E-07
 
nelt =       8, np =        16, nx1 =       4, elements =       128
Solve Time =   0.1489E-07
 
nelt =       8, np =        16, nx1 =       4, elements =       128
Solve Time =   0.1474E-07
 
nelt =       8, np =        16, nx1 =       4, elements =       128
Solve Time =   0.1452E-07
 
nelt =       8, np =        16, nx1 =       4, elements =       128
Solve Time =   0.1493E-07
 
nelt =       8, np =        16, nx1 =       4, elements =       128
Solve Time =   0.1460E-07
 
nelt =       8, np =        16, nx1 =       4, elements =       128
Solve Time =   0.1441E-07
 
nelt =       8, np =        16, nx1 =       4, elements =       128
Solve Time =   0.2201E-07
 
nelt =       8, np =        16, nx1 =       4, elements =       128
Solve Time =   0.1640E-07
 
nelt =       8, np =        16, nx1 =       4, elements =       128
Solve Time =   0.1627E-07
 
nelt =       8, np =        16, nx1 =       4, elements =       128
Solve Time =   0.1753E-07
 
nelt =       8, np =        16, nx1 =       4, elements =       128
Solve Time =   0.1599E-07
 
nelt =       8, np =        16, nx1 =       4, elements =       128
Solve Time =   0.1619E-07
 
nelt =       8, np =        16, nx1 =       4, elements =       128
Solve Time =   0.1559E-07
 
nelt =       8, np =        16, nx1 =       4, elements =       128
Solve Time =   0.1587E-07
 
nelt =       8, np =        16, nx1 =       4, elements =       128
Solve Time =   0.1575E-07
 
nelt =       8, np =        16, nx1 =       4, elements =       128
Solve Time =   0.1562E-07
 schfile:
 /gpfs/theta-fs1/home/thilina/env/lx4/b7.sch                                    
                                                      
  4      128  1.0000E+00  1.0000E+00  1.0000E+00  error v
  4      128  1.0000E+00  1.0000E+00  1.0000E+00  error v
  4      128  1.0000E+00  1.0000E+00  1.0000E+00  error v
  4      128  1.0000E+00  1.0000E+00  1.0000E+00  error v
  4      128  1.0000E+00  1.0000E+00  1.0000E+00  error v
  4      128  1.0000E+00  1.0000E+00  1.0000E+00  error v
  4      128  1.0000E+00  1.0000E+00  1.0000E+00  error v
  4      128  1.0000E+00  1.0000E+00  1.0000E+00  error v
  4      128  1.0000E+00  1.0000E+00  1.0000E+00  error v
  4      128  1.0000E+00  1.0000E+00  1.0000E+00  error v
  4      128  1.0000E+00  1.0000E+00  1.0000E+00  error v
  4      128  1.0000E+00  1.0000E+00  1.0000E+00  error v
  4      128  1.0000E+00  1.0000E+00  1.0000E+00  error v
  4      128  1.0000E+00  1.0000E+00  1.0000E+00  error v
  4      128  1.0000E+00  1.0000E+00  1.0000E+00  error v
  4      128  1.0000E+00  1.0000E+00  1.0000E+00  error v
 
nelt =       8, np =        16, nx1 =       4, elements =       128
Solve Time =   0.9156E-08
 
nelt =       8, np =        16, nx1 =       4, elements =       128
Solve Time =   0.8926E-08
 
nelt =       8, np =        16, nx1 =       4, elements =       128
Solve Time =   0.8888E-08
 
nelt =       8, np =        16, nx1 =       4, elements =       128
Solve Time =   0.8835E-08
 
nelt =       8, np =        16, nx1 =       4, elements =       128
Solve Time =   0.8885E-08
 
nelt =       8, np =        16, nx1 =       4, elements =       128
Solve Time =   0.8837E-08
 
nelt =       8, np =        16, nx1 =       4, elements =       128
Solve Time =   0.8878E-08
 
nelt =       8, np =        16, nx1 =       4, elements =       128
Solve Time =   0.8816E-08
 
nelt =       8, np =        16, nx1 =       4, elements =       128
Solve Time =   0.8889E-08
 
nelt =       8, np =        16, nx1 =       4, elements =       128
Solve Time =   0.8939E-08
  4      128  1.3934E-05  1.3934E-05  1.3934E-05  error s
  4      128  1.3934E-05  1.3934E-05  1.3934E-05  error s
  4      128  1.3934E-05  1.3934E-05  1.3934E-05  error s
  4      128  1.3934E-05  1.3934E-05  1.3934E-05  error s
  4      128  1.3934E-05  1.3934E-05  1.3934E-05  error s
  4      128  1.3934E-05  1.3934E-05  1.3934E-05  error s
  4      128  1.3934E-05  1.3934E-05  1.3934E-05  error s
  4      128  1.3934E-05  1.3934E-05  1.3934E-05  error s
  4      128  1.3934E-05  1.3934E-05  1.3934E-05  error s
  4      128  1.3934E-05  1.3934E-05  1.3934E-05  error s
  4      128  1.3934E-05  1.3934E-05  1.3934E-05  error s
  4      128  1.3934E-05  1.3934E-05  1.3934E-05  error s
  4      128  1.3934E-05  1.3934E-05  1.3934E-05  error s
  4      128  1.3934E-05  1.3934E-05  1.3934E-05  error s
  4      128  1.3934E-05  1.3934E-05  1.3934E-05  error s
  4      128  1.3934E-05  1.3934E-05  1.3934E-05  error s
 
nelt =       8, np =        16, nx1 =       4, elements =       128
Solve Time =   0.9224E-08
 
nelt =       8, np =        16, nx1 =       4, elements =       128
Solve Time =   0.8865E-08
 
nelt =       8, np =        16, nx1 =       4, elements =       128
Solve Time =   0.8785E-08
 
nelt =       8, np =        16, nx1 =       4, elements =       128
Solve Time =   0.8737E-08
 
nelt =       8, np =        16, nx1 =       4, elements =       128
Solve Time =   0.8763E-08
 
nelt =       8, np =        16, nx1 =       4, elements =       128
Solve Time =   0.8712E-08
 
nelt =       8, np =        16, nx1 =       4, elements =       128
Solve Time =   0.8707E-08
 
nelt =       8, np =        16, nx1 =       4, elements =       128
Solve Time =   0.8709E-08
 
nelt =       8, np =        16, nx1 =       4, elements =       128
Solve Time =   0.8693E-08
 
nelt =       8, np =        16, nx1 =       4, elements =       128
Solve Time =   0.8706E-08
  4      128  1.3934E-05  1.3934E-05  1.3934E-05  error n
  4      128  1.3934E-05  1.3934E-05  1.3934E-05  error n
  4      128  1.3934E-05  1.3934E-05  1.3934E-05  error n
  4      128  1.3934E-05  1.3934E-05  1.3934E-05  error n
  4      128  1.3934E-05  1.3934E-05  1.3934E-05  error n
  4      128  1.3934E-05  1.3934E-05  1.3934E-05  error n
  4      128  1.3934E-05  1.3934E-05  1.3934E-05  error n
  4      128  1.3934E-05  1.3934E-05  1.3934E-05  error n
  4      128  1.3934E-05  1.3934E-05  1.3934E-05  error n
  4      128  1.3934E-05  1.3934E-05  1.3934E-05  error n
  4      128  1.3934E-05  1.3934E-05  1.3934E-05  error n
  4      128  1.3934E-05  1.3934E-05  1.3934E-05  error n
  4      128  1.3934E-05  1.3934E-05  1.3934E-05  error n
  4      128  1.3934E-05  1.3934E-05  1.3934E-05  error n
  4      128  1.3934E-05  1.3934E-05  1.3934E-05  error n
  4      128  1.3934E-05  1.3934E-05  1.3934E-05  error n
   3      128  100  0.0000E+00  0.0000E+00  0.0000E+00 time for 3 hmholtz
EXIT: quit after cggov          3
  
call exitt: dying ...
  
backtrace(): obtained 8 stack frames.
./nek5000() [0x768a95]
./nek5000() [0x94b489]
./nek5000() [0x40c94c]
./nek5000() [0x422d66]
./nek5000() [0x42131e]
./nek5000() [0x4054fe]
/lib64/libc.so.6(__libc_start_main+0xf5) [0x2aaab1ca3b25]
./nek5000() [0x405409]
  
total elapsed time             :   2.53005E+00 sec
total solver time incl. I/O    :   0.00000E+00 sec
time/timestep                  :   0.00000E+00 sec
CPU seconds/timestep/gridpt    :   0.00000E+00 sec

Application 2255933 resources: utime ~39s, stime ~4s, Rss ~15360, inblocks ~0, outblocks ~0
