/----------------------------------------------------------\\
|      _   __ ______ __ __  ______  ____   ____   ____     |
|     / | / // ____// //_/ / ____/ / __ \\/ __ \\/ __ \\   |
|    /  |/ // __/  / ,<   /___ \\ / / / // / / // / / /    |
|   / /|  // /___ / /| | ____/ / / /_/ // /_/ // /_/ /     |
|  /_/ |_//_____//_/ |_|/_____/  \\___/ \\___/ \\___/      |
|                                                          |
|----------------------------------------------------------|
|                                                          |
| NEK5000:  Open Source Spectral Element Solver            |
| COPYRIGHT (c) 2008-2016 UCHICAGO ARGONNE, LLC            |
| Version:  16.0.0                                         |
| Web:      http://nek5000.mcs.anl.gov                     |
|                                                          |
\\----------------------------------------------------------/
                                                              

 Number of processors:         128
 REAL    wdsize      :           8
 INTEGER wdsize      :           4
 Timer accuracy      : 4.05E-07
 Reading /gpfs/theta-fs1/home/thilina/env/lx4/b9.rea                                                                                         

 mapping elements to processors
 Reading /gpfs/theta-fs1/home/thilina/env/lx4/b9.map                                                                                         
 RANK     0 IEG     449     450     457     458
 element load imbalance:            0           4           4
 done :: mapping elements to processors
  
           0  objects found
 118   Parameters from file:
   1      1.00000     p001 DENSITY
   2     -100.000     p002 VISCOS
   7      1.00000     p007 RHOCP
   8      1.00000     p008 CONDUCT
  11      1.00        p011 NSTEPS
  12    -0.500000E-02 p012 DT
  21     0.100000E-05 p021 DIVERGENCE
  22     0.100000E-07 p022 HELMHOLTZ
  24     0.100000E-09 p024 TOLREL
  25     0.100000E-09 p025 TOLABS
  26     0.250000     p026 COURANT/NTAU
  27      2.00000     p027 TORDER
  66      6.00000     p066 output : <0=ascii, else binary
  67      6.00000     p067 restart: <0=ascii, else binary
  99      3.00000     p099 dealiasing: <0--> off/3--> old/4--> new
 103     0.500000E-01 p103 weight of stabilizing filter (.01)
  
 nelgt/nelgv/lelt:         512         512         100
 lx1  /lx2  /lx3 :           4           4           4
 done :: read .rea file   0.42564     sec

 setup mesh topology
   Right-handed check complete for     512 elements. OK.
   setvert3d:   4       11529       15625       11529       11529
 call usrsetvert
 done :: usrsetvert

gs_setup: 6913 unique labels shared
   pairwise times (avg, min, max): 0.000120505 0.000109887 0.00014019
   crystal router                : 4.91999e-05 4.84943e-05 5.04017e-05
   all reduce                    : 0.000517763 0.000515103 0.000521684
   used all_to_all method: crystal router
   handle bytes (avg, min, max): 39003 30996 45276
   buffer bytes (avg, min, max): 5253 4112 6256
   setupds time 3.8601E-02 seconds   0  4       11529         512
           8  max multiplicity
 done :: setup mesh topology
  
 call usrdat
 done :: usrdat

 generate geometry data
 done :: generate geometry data
  
 call usrdat2
 done :: usrdat2

 regenerate geometry data           1
 NOTE: All elements deformed , param(59) ^=0
 done :: regenerate geometry data           1
  
 verify mesh topology
  0.000000000000000E+000   1.00000000000000       Xrange
  0.000000000000000E+000   1.00000000000000       Yrange
  0.000000000000000E+000   1.00000000000000       Zrange
 done :: verify mesh topology
  
 IFTRAN   = T
 IFFLOW   = T
 IFHEAT   = F
 IFSPLIT  = T
 IFLOMACH = F
 IFUSERVP = F
 IFUSERMV = F
 IFSTRS   = F
 IFCHAR   = F
 IFCYCLIC = F
 IFAXIS   = F
 IFMVBD   = F
 IFMELT   = F
 IFMODEL  = F
 IFKEPS   = F
 IFMOAB   = F
 IFNEKNEK = F
 IFSYNC   = T
   
 IFVCOR   = T
 IFINTQ   = F
 IFCWUZ   = F
 IFSWALL  = F
 IFGEOM   = F
 IFSURT   = F
 IFWCNO   = F
   
 IFTMSH for field           1    =  F
 IFADVC for field           1    =  T
 IFNONL for field           1    =  F
   
 Dealiasing enabled, lxd=           6
  
 Estimated eigenvalues
 EIGAA =    9.86960440108936     
 EIGGA =    13695.2185875767     
 EIGAE =    9.86960440108936     
 EIGAS =   8.333333333333333E-002
 EIGGE =    13695.2185875767     
 EIGGS =    2.00000000000000     
  
 verify mesh topology
  0.000000000000000E+000   1.00000000000000       Xrange
  0.000000000000000E+000   1.00000000000000       Yrange
  0.000000000000000E+000   1.00000000000000       Zrange
 done :: verify mesh topology
  
  E-solver strategy:  0 itr
 mg_nx:           1           3
 mg_ny:           1           3
 mg_nz:           1           3
 call usrsetvert
 done :: usrsetvert

gs_setup: 657 unique labels shared
   pairwise times (avg, min, max): 0.000110721 9.62019e-05 0.000120902
   crystal router                : 3.93052e-05 3.87192e-05 4.03881e-05
   all reduce                    : 0.000127535 0.000126791 0.000128508
   used all_to_all method: crystal router
   handle bytes (avg, min, max): 7051 6436 7708
   buffer bytes (avg, min, max): 871 688 1008
   setupds time 9.2769E-03 seconds   1  2         729         512
   setvert3d:   4       11529       15625       11529       11529
 call usrsetvert
 done :: usrsetvert

gs_setup: 6913 unique labels shared
   pairwise times (avg, min, max): 0.000119385 0.000110793 0.000134706
   crystal router                : 5.84122e-05 5.79119e-05 5.92947e-05
   all reduce                    : 0.000487144 0.000483489 0.000493908
   used all_to_all method: crystal router
   handle bytes (avg, min, max): 39003 30996 45276
   buffer bytes (avg, min, max): 5253 4112 6256
   setupds time 2.2855E-02 seconds   2  4       11529         512
 regenerate geometry data           1
 NOTE: All elements deformed , param(59) ^=0
 done :: regenerate geometry data           1
  
 h1_mg_nx:           1           3
 h1_mg_ny:           1           3
 h1_mg_nz:           1           3
 call usrsetvert
 done :: usrsetvert

gs_setup: 657 unique labels shared
   pairwise times (avg, min, max): 0.00011937 0.000101995 0.000133705
   crystal router                : 4.52602e-05 4.45127e-05 4.63963e-05
   all reduce                    : 0.000137643 0.000135589 0.000139213
   used all_to_all method: crystal router
   handle bytes (avg, min, max): 7051 6436 7708
   buffer bytes (avg, min, max): 871 688 1008
   setupds time 9.7692E-03 seconds   3  2         729         512
   setvert3d:   4       11529       15625       11529       11529
 call usrsetvert
 done :: usrsetvert

gs_setup: 6913 unique labels shared
   pairwise times (avg, min, max): 0.000125813 0.000109315 0.000136399
   crystal router                : 6.55388e-05 6.45876e-05 6.69956e-05
   all reduce                    : 0.000478365 0.000474 0.0004951
   used all_to_all method: crystal router
   handle bytes (avg, min, max): 39003 30996 45276
   buffer bytes (avg, min, max): 5253 4112 6256
   setupds time 2.2913E-02 seconds   4  4       11529         512
   setvert3d:   4       11529       15625       11529       11529
 call usrsetvert
 done :: usrsetvert

gs_setup: 6913 unique labels shared
   pairwise times (avg, min, max): 0.000107058 8.99076e-05 0.000118995
   crystal router                : 5.50307e-05 5.42879e-05 5.60045e-05
   all reduce                    : 0.000478613 0.000476503 0.0004812
   used all_to_all method: crystal router
   handle bytes (avg, min, max): 39003 30996 45276
   buffer bytes (avg, min, max): 5253 4112 6256
   setupds time 2.2387E-02 seconds   5  4       11529         512
   setvert3d:   6       36153       68921       36153       36153
 call usrsetvert
 done :: usrsetvert

gs_setup: 19825 unique labels shared
   pairwise times (avg, min, max): 0.000110295 9.57966e-05 0.000125909
   crystal router                : 7.49312e-05 7.37906e-05 7.61986e-05
   all reduce                    : 0.00181883 0.00181479 0.0018261
   used all_to_all method: crystal router
   handle bytes (avg, min, max): 98795 75524 116636
   buffer bytes (avg, min, max): 13287 10032 15600
   setupds time 6.0700E-02 seconds   6  6       36153         512
 setup h1 coarse grid, nx_crs=           2
 call usrsetvert
 done :: usrsetvert

gs_setup: 657 unique labels shared
   pairwise times (avg, min, max): 9.93006e-05 8.8501e-05 0.000110507
   crystal router                : 4.25279e-05 4.1914e-05 4.32014e-05
   all reduce                    : 0.000125947 0.000123501 0.000128007
   used all_to_all method: crystal router
   handle bytes (avg, min, max): 7051 6436 7708
   buffer bytes (avg, min, max): 871 688 1008
 done :: setup h1 coarse grid   2.609205245971680E-002  sec
  
 call usrdat3
 done :: usrdat3

 set initial conditions
 nekuic (1) for ifld            1
 call nekuic for vel  
 xyz min     0.0000       0.0000       0.0000    
 uvwpt min   0.0000       0.0000       0.0000       0.0000       0.0000    
 PS min      0.0000       0.0000      0.99000E+22
 xyz max     1.0000       1.0000       1.0000    
 uvwpt max   0.0000       0.0000       0.0000       0.0000       0.0000    
 PS max      0.0000       0.0000     -0.99000E+22
 done :: set initial conditions
  
 call userchk
GFM max:  3.6169E-02  3.6169E-02  3.6169E-02  2.0431E-16  2.0431E-16  2.0431E-16
 
nelt =       4, np =       128, nx1 =       4, elements =       512
Solve Time =   0.4078E-08
 
nelt =       4, np =       128, nx1 =       4, elements =       512
Solve Time =   0.3720E-08
 
nelt =       4, np =       128, nx1 =       4, elements =       512
Solve Time =   0.3739E-08
 
nelt =       4, np =       128, nx1 =       4, elements =       512
Solve Time =   0.3744E-08
 
nelt =       4, np =       128, nx1 =       4, elements =       512
Solve Time =   0.3755E-08
 
nelt =       4, np =       128, nx1 =       4, elements =       512
Solve Time =   0.3919E-08
 
nelt =       4, np =       128, nx1 =       4, elements =       512
Solve Time =   0.8118E-08
 
nelt =       4, np =       128, nx1 =       4, elements =       512
Solve Time =   0.8200E-08
 
nelt =       4, np =       128, nx1 =       4, elements =       512
Solve Time =   0.8219E-08
 
nelt =       4, np =       128, nx1 =       4, elements =       512
Solve Time =   0.8455E-08
 
nelt =       4, np =       128, nx1 =       4, elements =       512
Solve Time =   0.1823E-07
 
nelt =       4, np =       128, nx1 =       4, elements =       512
Solve Time =   0.6767E-08
 
nelt =       4, np =       128, nx1 =       4, elements =       512
Solve Time =   0.6755E-08
 
nelt =       4, np =       128, nx1 =       4, elements =       512
Solve Time =   0.6277E-08
 
nelt =       4, np =       128, nx1 =       4, elements =       512
Solve Time =   0.6459E-08
 
nelt =       4, np =       128, nx1 =       4, elements =       512
Solve Time =   0.6369E-08
 
nelt =       4, np =       128, nx1 =       4, elements =       512
Solve Time =   0.6337E-08
 
nelt =       4, np =       128, nx1 =       4, elements =       512
Solve Time =   0.6786E-08
 
nelt =       4, np =       128, nx1 =       4, elements =       512
Solve Time =   0.6134E-08
 
nelt =       4, np =       128, nx1 =       4, elements =       512
Solve Time =   0.6277E-08
 
nelt =       4, np =       128, nx1 =       4, elements =       512
Solve Time =   0.1113E-07
 
nelt =       4, np =       128, nx1 =       4, elements =       512
Solve Time =   0.5626E-08
 
nelt =       4, np =       128, nx1 =       4, elements =       512
Solve Time =   0.7252E-08
 
nelt =       4, np =       128, nx1 =       4, elements =       512
Solve Time =   0.7111E-08
 
nelt =       4, np =       128, nx1 =       4, elements =       512
Solve Time =   0.7070E-08
 
nelt =       4, np =       128, nx1 =       4, elements =       512
Solve Time =   0.7080E-08
 
nelt =       4, np =       128, nx1 =       4, elements =       512
Solve Time =   0.7477E-08
 
nelt =       4, np =       128, nx1 =       4, elements =       512
Solve Time =   0.7050E-08
 
nelt =       4, np =       128, nx1 =       4, elements =       512
Solve Time =   0.6713E-08
 
nelt =       4, np =       128, nx1 =       4, elements =       512
Solve Time =   0.6764E-08
 
nelt =       4, np =       128, nx1 =       4, elements =       512
Solve Time =   0.1533E-07
 
nelt =       4, np =       128, nx1 =       4, elements =       512
Solve Time =   0.7943E-08
 
nelt =       4, np =       128, nx1 =       4, elements =       512
Solve Time =   0.7904E-08
 
nelt =       4, np =       128, nx1 =       4, elements =       512
Solve Time =   0.7628E-08
 
nelt =       4, np =       128, nx1 =       4, elements =       512
Solve Time =   0.8576E-08
 
nelt =       4, np =       128, nx1 =       4, elements =       512
Solve Time =   0.7802E-08
 
nelt =       4, np =       128, nx1 =       4, elements =       512
Solve Time =   0.7984E-08
 
nelt =       4, np =       128, nx1 =       4, elements =       512
Solve Time =   0.8496E-08
 
nelt =       4, np =       128, nx1 =       4, elements =       512
Solve Time =   0.8270E-08
 
nelt =       4, np =       128, nx1 =       4, elements =       512
Solve Time =   0.7843E-08
 
nelt =       4, np =       128, nx1 =       4, elements =       512
Solve Time =   0.1434E-07
 
nelt =       4, np =       128, nx1 =       4, elements =       512
Solve Time =   0.8777E-08
 
nelt =       4, np =       128, nx1 =       4, elements =       512
Solve Time =   0.9226E-08
 
nelt =       4, np =       128, nx1 =       4, elements =       512
Solve Time =   0.9012E-08
 
nelt =       4, np =       128, nx1 =       4, elements =       512
Solve Time =   0.8758E-08
 
nelt =       4, np =       128, nx1 =       4, elements =       512
Solve Time =   0.8758E-08
 
nelt =       4, np =       128, nx1 =       4, elements =       512
Solve Time =   0.8472E-08
 
nelt =       4, np =       128, nx1 =       4, elements =       512
Solve Time =   0.8738E-08
 
nelt =       4, np =       128, nx1 =       4, elements =       512
Solve Time =   0.8435E-08
 
nelt =       4, np =       128, nx1 =       4, elements =       512
Solve Time =   0.8433E-08
 schfile:
 /gpfs/theta-fs1/home/thilina/env/lx4/b9.sch                                    
                                                      
  4      512  1.0000E+00  1.0000E+00  1.0000E+00  error v
  4      512  1.0000E+00  1.0000E+00  1.0000E+00  error v
  4      512  1.0000E+00  1.0000E+00  1.0000E+00  error v
  4      512  1.0000E+00  1.0000E+00  1.0000E+00  error v
  4      512  1.0000E+00  1.0000E+00  1.0000E+00  error v
  4      512  1.0000E+00  1.0000E+00  1.0000E+00  error v
  4      512  1.0000E+00  1.0000E+00  1.0000E+00  error v
  4      512  1.0000E+00  1.0000E+00  1.0000E+00  error v
  4      512  1.0000E+00  1.0000E+00  1.0000E+00  error v
  4      512  1.0000E+00  1.0000E+00  1.0000E+00  error v
  4      512  1.0000E+00  1.0000E+00  1.0000E+00  error v
  4      512  1.0000E+00  1.0000E+00  1.0000E+00  error v
  4      512  1.0000E+00  1.0000E+00  1.0000E+00  error v
  4      512  1.0000E+00  1.0000E+00  1.0000E+00  error v
  4      512  1.0000E+00  1.0000E+00  1.0000E+00  error v
  4      512  1.0000E+00  1.0000E+00  1.0000E+00  error v
  4      512  1.0000E+00  1.0000E+00  1.0000E+00  error v
  4      512  1.0000E+00  1.0000E+00  1.0000E+00  error v
  4      512  1.0000E+00  1.0000E+00  1.0000E+00  error v
  4      512  1.0000E+00  1.0000E+00  1.0000E+00  error v
  4      512  1.0000E+00  1.0000E+00  1.0000E+00  error v
  4      512  1.0000E+00  1.0000E+00  1.0000E+00  error v
  4      512  1.0000E+00  1.0000E+00  1.0000E+00  error v
  4      512  1.0000E+00  1.0000E+00  1.0000E+00  error v
  4      512  1.0000E+00  1.0000E+00  1.0000E+00  error v
  4      512  1.0000E+00  1.0000E+00  1.0000E+00  error v
  4      512  1.0000E+00  1.0000E+00  1.0000E+00  error v
  4      512  1.0000E+00  1.0000E+00  1.0000E+00  error v
  4      512  1.0000E+00  1.0000E+00  1.0000E+00  error v
  4      512  1.0000E+00  1.0000E+00  1.0000E+00  error v
  4      512  1.0000E+00  1.0000E+00  1.0000E+00  error v
  4      512  1.0000E+00  1.0000E+00  1.0000E+00  error v
  4      512  1.0000E+00  1.0000E+00  1.0000E+00  error v
  4      512  1.0000E+00  1.0000E+00  1.0000E+00  error v
  4      512  1.0000E+00  1.0000E+00  1.0000E+00  error v
  4      512  1.0000E+00  1.0000E+00  1.0000E+00  error v
  4      512  1.0000E+00  1.0000E+00  1.0000E+00  error v
  4      512  1.0000E+00  1.0000E+00  1.0000E+00  error v
  4      512  1.0000E+00  1.0000E+00  1.0000E+00  error v
  4      512  1.0000E+00  1.0000E+00  1.0000E+00  error v
  4      512  1.0000E+00  1.0000E+00  1.0000E+00  error v
  4      512  1.0000E+00  1.0000E+00  1.0000E+00  error v
  4      512  1.0000E+00  1.0000E+00  1.0000E+00  error v
  4      512  1.0000E+00  1.0000E+00  1.0000E+00  error v
  4      512  1.0000E+00  1.0000E+00  1.0000E+00  error v
  4      512  1.0000E+00  1.0000E+00  1.0000E+00  error v
  4      512  1.0000E+00  1.0000E+00  1.0000E+00  error v
  4      512  1.0000E+00  1.0000E+00  1.0000E+00  error v
  4      512  1.0000E+00  1.0000E+00  1.0000E+00  error v
  4      512  1.0000E+00  1.0000E+00  1.0000E+00  error v
  4      512  1.0000E+00  1.0000E+00  1.0000E+00  error v
  4      512  1.0000E+00  1.0000E+00  1.0000E+00  error v
  4      512  1.0000E+00  1.0000E+00  1.0000E+00  error v
  4      512  1.0000E+00  1.0000E+00  1.0000E+00  error v
  4      512  1.0000E+00  1.0000E+00  1.0000E+00  error v
  4      512  1.0000E+00  1.0000E+00  1.0000E+00  error v
  4      512  1.0000E+00  1.0000E+00  1.0000E+00  error v
  4      512  1.0000E+00  1.0000E+00  1.0000E+00  error v
  4      512  1.0000E+00  1.0000E+00  1.0000E+00  error v
  4      512  1.0000E+00  1.0000E+00  1.0000E+00  error v
  4      512  1.0000E+00  1.0000E+00  1.0000E+00  error v
  4      512  1.0000E+00  1.0000E+00  1.0000E+00  error v
  4      512  1.0000E+00  1.0000E+00  1.0000E+00  error v
  4      512  1.0000E+00  1.0000E+00  1.0000E+00  error v
  4      512  1.0000E+00  1.0000E+00  1.0000E+00  error v
  4      512  1.0000E+00  1.0000E+00  1.0000E+00  error v
  4      512  1.0000E+00  1.0000E+00  1.0000E+00  error v
  4      512  1.0000E+00  1.0000E+00  1.0000E+00  error v
  4      512  1.0000E+00  1.0000E+00  1.0000E+00  error v
  4      512  1.0000E+00  1.0000E+00  1.0000E+00  error v
  4      512  1.0000E+00  1.0000E+00  1.0000E+00  error v
  4      512  1.0000E+00  1.0000E+00  1.0000E+00  error v
  4      512  1.0000E+00  1.0000E+00  1.0000E+00  error v
  4      512  1.0000E+00  1.0000E+00  1.0000E+00  error v
  4      512  1.0000E+00  1.0000E+00  1.0000E+00  error v
  4      512  1.0000E+00  1.0000E+00  1.0000E+00  error v
  4      512  1.0000E+00  1.0000E+00  1.0000E+00  error v
  4      512  1.0000E+00  1.0000E+00  1.0000E+00  error v
  4      512  1.0000E+00  1.0000E+00  1.0000E+00  error v
  4      512  1.0000E+00  1.0000E+00  1.0000E+00  error v
  4      512  1.0000E+00  1.0000E+00  1.0000E+00  error v
  4      512  1.0000E+00  1.0000E+00  1.0000E+00  error v
  4      512  1.0000E+00  1.0000E+00  1.0000E+00  error v
  4      512  1.0000E+00  1.0000E+00  1.0000E+00  error v
  4      512  1.0000E+00  1.0000E+00  1.0000E+00  error v
  4      512  1.0000E+00  1.0000E+00  1.0000E+00  error v
  4      512  1.0000E+00  1.0000E+00  1.0000E+00  error v
  4      512  1.0000E+00  1.0000E+00  1.0000E+00  error v
  4      512  1.0000E+00  1.0000E+00  1.0000E+00  error v
  4      512  1.0000E+00  1.0000E+00  1.0000E+00  error v
  4      512  1.0000E+00  1.0000E+00  1.0000E+00  error v
  4      512  1.0000E+00  1.0000E+00  1.0000E+00  error v
  4      512  1.0000E+00  1.0000E+00  1.0000E+00  error v
  4      512  1.0000E+00  1.0000E+00  1.0000E+00  error v
  4      512  1.0000E+00  1.0000E+00  1.0000E+00  error v
  4      512  1.0000E+00  1.0000E+00  1.0000E+00  error v
  4      512  1.0000E+00  1.0000E+00  1.0000E+00  error v
  4      512  1.0000E+00  1.0000E+00  1.0000E+00  error v
  4      512  1.0000E+00  1.0000E+00  1.0000E+00  error v
  4      512  1.0000E+00  1.0000E+00  1.0000E+00  error v
  4      512  1.0000E+00  1.0000E+00  1.0000E+00  error v
  4      512  1.0000E+00  1.0000E+00  1.0000E+00  error v
  4      512  1.0000E+00  1.0000E+00  1.0000E+00  error v
  4      512  1.0000E+00  1.0000E+00  1.0000E+00  error v
  4      512  1.0000E+00  1.0000E+00  1.0000E+00  error v
  4      512  1.0000E+00  1.0000E+00  1.0000E+00  error v
  4      512  1.0000E+00  1.0000E+00  1.0000E+00  error v
  4      512  1.0000E+00  1.0000E+00  1.0000E+00  error v
  4      512  1.0000E+00  1.0000E+00  1.0000E+00  error v
  4      512  1.0000E+00  1.0000E+00  1.0000E+00  error v
  4      512  1.0000E+00  1.0000E+00  1.0000E+00  error v
  4      512  1.0000E+00  1.0000E+00  1.0000E+00  error v
  4      512  1.0000E+00  1.0000E+00  1.0000E+00  error v
  4      512  1.0000E+00  1.0000E+00  1.0000E+00  error v
  4      512  1.0000E+00  1.0000E+00  1.0000E+00  error v
  4      512  1.0000E+00  1.0000E+00  1.0000E+00  error v
  4      512  1.0000E+00  1.0000E+00  1.0000E+00  error v
  4      512  1.0000E+00  1.0000E+00  1.0000E+00  error v
  4      512  1.0000E+00  1.0000E+00  1.0000E+00  error v
  4      512  1.0000E+00  1.0000E+00  1.0000E+00  error v
  4      512  1.0000E+00  1.0000E+00  1.0000E+00  error v
  4      512  1.0000E+00  1.0000E+00  1.0000E+00  error v
  4      512  1.0000E+00  1.0000E+00  1.0000E+00  error v
  4      512  1.0000E+00  1.0000E+00  1.0000E+00  error v
  4      512  1.0000E+00  1.0000E+00  1.0000E+00  error v
  4      512  1.0000E+00  1.0000E+00  1.0000E+00  error v
  4      512  1.0000E+00  1.0000E+00  1.0000E+00  error v
  4      512  1.0000E+00  1.0000E+00  1.0000E+00  error v
 
nelt =       4, np =       128, nx1 =       4, elements =       512
Solve Time =   0.8793E-08
 
nelt =       4, np =       128, nx1 =       4, elements =       512
Solve Time =   0.8215E-08
 
nelt =       4, np =       128, nx1 =       4, elements =       512
Solve Time =   0.8261E-08
 
nelt =       4, np =       128, nx1 =       4, elements =       512
Solve Time =   0.8156E-08
 
nelt =       4, np =       128, nx1 =       4, elements =       512
Solve Time =   0.8218E-08
 
nelt =       4, np =       128, nx1 =       4, elements =       512
Solve Time =   0.8235E-08
 
nelt =       4, np =       128, nx1 =       4, elements =       512
Solve Time =   0.8189E-08
 
nelt =       4, np =       128, nx1 =       4, elements =       512
Solve Time =   0.8187E-08
 
nelt =       4, np =       128, nx1 =       4, elements =       512
Solve Time =   0.8177E-08
 
nelt =       4, np =       128, nx1 =       4, elements =       512
Solve Time =   0.8190E-08
  4      512  5.2496E-07  5.2496E-07  5.2496E-07  error s
  4      512  5.2496E-07  5.2496E-07  5.2496E-07  error s
  4      512  5.2496E-07  5.2496E-07  5.2496E-07  error s
  4      512  5.2496E-07  5.2496E-07  5.2496E-07  error s
  4      512  5.2496E-07  5.2496E-07  5.2496E-07  error s
  4      512  5.2496E-07  5.2496E-07  5.2496E-07  error s
  4      512  5.2496E-07  5.2496E-07  5.2496E-07  error s
  4      512  5.2496E-07  5.2496E-07  5.2496E-07  error s
  4      512  5.2496E-07  5.2496E-07  5.2496E-07  error s
  4      512  5.2496E-07  5.2496E-07  5.2496E-07  error s
  4      512  5.2496E-07  5.2496E-07  5.2496E-07  error s
  4      512  5.2496E-07  5.2496E-07  5.2496E-07  error s
  4      512  5.2496E-07  5.2496E-07  5.2496E-07  error s
  4      512  5.2496E-07  5.2496E-07  5.2496E-07  error s
  4      512  5.2496E-07  5.2496E-07  5.2496E-07  error s
  4      512  5.2496E-07  5.2496E-07  5.2496E-07  error s
  4      512  5.2496E-07  5.2496E-07  5.2496E-07  error s
  4      512  5.2496E-07  5.2496E-07  5.2496E-07  error s
  4      512  5.2496E-07  5.2496E-07  5.2496E-07  error s
  4      512  5.2496E-07  5.2496E-07  5.2496E-07  error s
  4      512  5.2496E-07  5.2496E-07  5.2496E-07  error s
  4      512  5.2496E-07  5.2496E-07  5.2496E-07  error s
  4      512  5.2496E-07  5.2496E-07  5.2496E-07  error s
  4      512  5.2496E-07  5.2496E-07  5.2496E-07  error s
  4      512  5.2496E-07  5.2496E-07  5.2496E-07  error s
  4      512  5.2496E-07  5.2496E-07  5.2496E-07  error s
  4      512  5.2496E-07  5.2496E-07  5.2496E-07  error s
  4      512  5.2496E-07  5.2496E-07  5.2496E-07  error s
  4      512  5.2496E-07  5.2496E-07  5.2496E-07  error s
  4      512  5.2496E-07  5.2496E-07  5.2496E-07  error s
  4      512  5.2496E-07  5.2496E-07  5.2496E-07  error s
  4      512  5.2496E-07  5.2496E-07  5.2496E-07  error s
  4      512  5.2496E-07  5.2496E-07  5.2496E-07  error s
  4      512  5.2496E-07  5.2496E-07  5.2496E-07  error s
  4      512  5.2496E-07  5.2496E-07  5.2496E-07  error s
  4      512  5.2496E-07  5.2496E-07  5.2496E-07  error s
  4      512  5.2496E-07  5.2496E-07  5.2496E-07  error s
  4      512  5.2496E-07  5.2496E-07  5.2496E-07  error s
  4      512  5.2496E-07  5.2496E-07  5.2496E-07  error s
  4      512  5.2496E-07  5.2496E-07  5.2496E-07  error s
  4      512  5.2496E-07  5.2496E-07  5.2496E-07  error s
  4      512  5.2496E-07  5.2496E-07  5.2496E-07  error s
  4      512  5.2496E-07  5.2496E-07  5.2496E-07  error s
  4      512  5.2496E-07  5.2496E-07  5.2496E-07  error s
  4      512  5.2496E-07  5.2496E-07  5.2496E-07  error s
  4      512  5.2496E-07  5.2496E-07  5.2496E-07  error s
  4      512  5.2496E-07  5.2496E-07  5.2496E-07  error s
  4      512  5.2496E-07  5.2496E-07  5.2496E-07  error s
  4      512  5.2496E-07  5.2496E-07  5.2496E-07  error s
  4      512  5.2496E-07  5.2496E-07  5.2496E-07  error s
  4      512  5.2496E-07  5.2496E-07  5.2496E-07  error s
  4      512  5.2496E-07  5.2496E-07  5.2496E-07  error s
  4      512  5.2496E-07  5.2496E-07  5.2496E-07  error s
  4      512  5.2496E-07  5.2496E-07  5.2496E-07  error s
  4      512  5.2496E-07  5.2496E-07  5.2496E-07  error s
  4      512  5.2496E-07  5.2496E-07  5.2496E-07  error s
  4      512  5.2496E-07  5.2496E-07  5.2496E-07  error s
  4      512  5.2496E-07  5.2496E-07  5.2496E-07  error s
  4      512  5.2496E-07  5.2496E-07  5.2496E-07  error s
  4      512  5.2496E-07  5.2496E-07  5.2496E-07  error s
  4      512  5.2496E-07  5.2496E-07  5.2496E-07  error s
  4      512  5.2496E-07  5.2496E-07  5.2496E-07  error s
  4      512  5.2496E-07  5.2496E-07  5.2496E-07  error s
  4      512  5.2496E-07  5.2496E-07  5.2496E-07  error s
  4      512  5.2496E-07  5.2496E-07  5.2496E-07  error s
  4      512  5.2496E-07  5.2496E-07  5.2496E-07  error s
  4      512  5.2496E-07  5.2496E-07  5.2496E-07  error s
  4      512  5.2496E-07  5.2496E-07  5.2496E-07  error s
  4      512  5.2496E-07  5.2496E-07  5.2496E-07  error s
  4      512  5.2496E-07  5.2496E-07  5.2496E-07  error s
  4      512  5.2496E-07  5.2496E-07  5.2496E-07  error s
  4      512  5.2496E-07  5.2496E-07  5.2496E-07  error s
  4      512  5.2496E-07  5.2496E-07  5.2496E-07  error s
  4      512  5.2496E-07  5.2496E-07  5.2496E-07  error s
  4      512  5.2496E-07  5.2496E-07  5.2496E-07  error s
  4      512  5.2496E-07  5.2496E-07  5.2496E-07  error s
  4      512  5.2496E-07  5.2496E-07  5.2496E-07  error s
  4      512  5.2496E-07  5.2496E-07  5.2496E-07  error s
  4      512  5.2496E-07  5.2496E-07  5.2496E-07  error s
  4      512  5.2496E-07  5.2496E-07  5.2496E-07  error s
  4      512  5.2496E-07  5.2496E-07  5.2496E-07  error s
  4      512  5.2496E-07  5.2496E-07  5.2496E-07  error s
  4      512  5.2496E-07  5.2496E-07  5.2496E-07  error s
  4      512  5.2496E-07  5.2496E-07  5.2496E-07  error s
  4      512  5.2496E-07  5.2496E-07  5.2496E-07  error s
  4      512  5.2496E-07  5.2496E-07  5.2496E-07  error s
  4      512  5.2496E-07  5.2496E-07  5.2496E-07  error s
  4      512  5.2496E-07  5.2496E-07  5.2496E-07  error s
  4      512  5.2496E-07  5.2496E-07  5.2496E-07  error s
  4      512  5.2496E-07  5.2496E-07  5.2496E-07  error s
  4      512  5.2496E-07  5.2496E-07  5.2496E-07  error s
  4      512  5.2496E-07  5.2496E-07  5.2496E-07  error s
  4      512  5.2496E-07  5.2496E-07  5.2496E-07  error s
  4      512  5.2496E-07  5.2496E-07  5.2496E-07  error s
  4      512  5.2496E-07  5.2496E-07  5.2496E-07  error s
  4      512  5.2496E-07  5.2496E-07  5.2496E-07  error s
  4      512  5.2496E-07  5.2496E-07  5.2496E-07  error s
  4      512  5.2496E-07  5.2496E-07  5.2496E-07  error s
  4      512  5.2496E-07  5.2496E-07  5.2496E-07  error s
  4      512  5.2496E-07  5.2496E-07  5.2496E-07  error s
  4      512  5.2496E-07  5.2496E-07  5.2496E-07  error s
  4      512  5.2496E-07  5.2496E-07  5.2496E-07  error s
  4      512  5.2496E-07  5.2496E-07  5.2496E-07  error s
  4      512  5.2496E-07  5.2496E-07  5.2496E-07  error s
  4      512  5.2496E-07  5.2496E-07  5.2496E-07  error s
  4      512  5.2496E-07  5.2496E-07  5.2496E-07  error s
  4      512  5.2496E-07  5.2496E-07  5.2496E-07  error s
  4      512  5.2496E-07  5.2496E-07  5.2496E-07  error s
  4      512  5.2496E-07  5.2496E-07  5.2496E-07  error s
  4      512  5.2496E-07  5.2496E-07  5.2496E-07  error s
  4      512  5.2496E-07  5.2496E-07  5.2496E-07  error s
  4      512  5.2496E-07  5.2496E-07  5.2496E-07  error s
  4      512  5.2496E-07  5.2496E-07  5.2496E-07  error s
  4      512  5.2496E-07  5.2496E-07  5.2496E-07  error s
  4      512  5.2496E-07  5.2496E-07  5.2496E-07  error s
  4      512  5.2496E-07  5.2496E-07  5.2496E-07  error s
  4      512  5.2496E-07  5.2496E-07  5.2496E-07  error s
  4      512  5.2496E-07  5.2496E-07  5.2496E-07  error s
  4      512  5.2496E-07  5.2496E-07  5.2496E-07  error s
  4      512  5.2496E-07  5.2496E-07  5.2496E-07  error s
  4      512  5.2496E-07  5.2496E-07  5.2496E-07  error s
  4      512  5.2496E-07  5.2496E-07  5.2496E-07  error s
  4      512  5.2496E-07  5.2496E-07  5.2496E-07  error s
  4      512  5.2496E-07  5.2496E-07  5.2496E-07  error s
  4      512  5.2496E-07  5.2496E-07  5.2496E-07  error s
  4      512  5.2496E-07  5.2496E-07  5.2496E-07  error s
  4      512  5.2496E-07  5.2496E-07  5.2496E-07  error s
  4      512  5.2496E-07  5.2496E-07  5.2496E-07  error s
 
nelt =       4, np =       128, nx1 =       4, elements =       512
Solve Time =   0.7266E-08
 
nelt =       4, np =       128, nx1 =       4, elements =       512
Solve Time =   0.6896E-08
 
nelt =       4, np =       128, nx1 =       4, elements =       512
Solve Time =   0.6881E-08
 
nelt =       4, np =       128, nx1 =       4, elements =       512
Solve Time =   0.6771E-08
 
nelt =       4, np =       128, nx1 =       4, elements =       512
Solve Time =   0.6801E-08
 
nelt =       4, np =       128, nx1 =       4, elements =       512
Solve Time =   0.6812E-08
 
nelt =       4, np =       128, nx1 =       4, elements =       512
Solve Time =   0.6791E-08
 
nelt =       4, np =       128, nx1 =       4, elements =       512
Solve Time =   0.6792E-08
 
nelt =       4, np =       128, nx1 =       4, elements =       512
Solve Time =   0.6802E-08
 
nelt =       4, np =       128, nx1 =       4, elements =       512
Solve Time =   0.6799E-08
  4      512  5.2496E-07  5.2496E-07  5.2496E-07  error n
  4      512  5.2496E-07  5.2496E-07  5.2496E-07  error n
  4      512  5.2496E-07  5.2496E-07  5.2496E-07  error n
  4      512  5.2496E-07  5.2496E-07  5.2496E-07  error n
  4      512  5.2496E-07  5.2496E-07  5.2496E-07  error n
  4      512  5.2496E-07  5.2496E-07  5.2496E-07  error n
  4      512  5.2496E-07  5.2496E-07  5.2496E-07  error n
  4      512  5.2496E-07  5.2496E-07  5.2496E-07  error n
  4      512  5.2496E-07  5.2496E-07  5.2496E-07  error n
  4      512  5.2496E-07  5.2496E-07  5.2496E-07  error n
  4      512  5.2496E-07  5.2496E-07  5.2496E-07  error n
  4      512  5.2496E-07  5.2496E-07  5.2496E-07  error n
  4      512  5.2496E-07  5.2496E-07  5.2496E-07  error n
  4      512  5.2496E-07  5.2496E-07  5.2496E-07  error n
  4      512  5.2496E-07  5.2496E-07  5.2496E-07  error n
  4      512  5.2496E-07  5.2496E-07  5.2496E-07  error n
  4      512  5.2496E-07  5.2496E-07  5.2496E-07  error n
  4      512  5.2496E-07  5.2496E-07  5.2496E-07  error n
  4      512  5.2496E-07  5.2496E-07  5.2496E-07  error n
  4      512  5.2496E-07  5.2496E-07  5.2496E-07  error n
  4      512  5.2496E-07  5.2496E-07  5.2496E-07  error n
  4      512  5.2496E-07  5.2496E-07  5.2496E-07  error n
  4      512  5.2496E-07  5.2496E-07  5.2496E-07  error n
  4      512  5.2496E-07  5.2496E-07  5.2496E-07  error n
  4      512  5.2496E-07  5.2496E-07  5.2496E-07  error n
  4      512  5.2496E-07  5.2496E-07  5.2496E-07  error n
  4      512  5.2496E-07  5.2496E-07  5.2496E-07  error n
  4      512  5.2496E-07  5.2496E-07  5.2496E-07  error n
  4      512  5.2496E-07  5.2496E-07  5.2496E-07  error n
  4      512  5.2496E-07  5.2496E-07  5.2496E-07  error n
  4      512  5.2496E-07  5.2496E-07  5.2496E-07  error n
  4      512  5.2496E-07  5.2496E-07  5.2496E-07  error n
  4      512  5.2496E-07  5.2496E-07  5.2496E-07  error n
  4      512  5.2496E-07  5.2496E-07  5.2496E-07  error n
  4      512  5.2496E-07  5.2496E-07  5.2496E-07  error n
  4      512  5.2496E-07  5.2496E-07  5.2496E-07  error n
  4      512  5.2496E-07  5.2496E-07  5.2496E-07  error n
  4      512  5.2496E-07  5.2496E-07  5.2496E-07  error n
  4      512  5.2496E-07  5.2496E-07  5.2496E-07  error n
  4      512  5.2496E-07  5.2496E-07  5.2496E-07  error n
  4      512  5.2496E-07  5.2496E-07  5.2496E-07  error n
  4      512  5.2496E-07  5.2496E-07  5.2496E-07  error n
  4      512  5.2496E-07  5.2496E-07  5.2496E-07  error n
  4      512  5.2496E-07  5.2496E-07  5.2496E-07  error n
  4      512  5.2496E-07  5.2496E-07  5.2496E-07  error n
  4      512  5.2496E-07  5.2496E-07  5.2496E-07  error n
   3      512  100  0.0000E+00  0.0000E+00  0.0000E+00 time for 3 hmholtz
EXIT: quit after cggov          3
  4      512  5.2496E-07  5.2496E-07  5.2496E-07  error n
  4      512  5.2496E-07  5.2496E-07  5.2496E-07  error n
  4      512  5.2496E-07  5.2496E-07  5.2496E-07  error n
  4      512  5.2496E-07  5.2496E-07  5.2496E-07  error n
  4      512  5.2496E-07  5.2496E-07  5.2496E-07  error n
  4      512  5.2496E-07  5.2496E-07  5.2496E-07  error n
  4      512  5.2496E-07  5.2496E-07  5.2496E-07  error n
  4      512  5.2496E-07  5.2496E-07  5.2496E-07  error n
  4      512  5.2496E-07  5.2496E-07  5.2496E-07  error n
  4      512  5.2496E-07  5.2496E-07  5.2496E-07  error n
  4      512  5.2496E-07  5.2496E-07  5.2496E-07  error n
  4      512  5.2496E-07  5.2496E-07  5.2496E-07  error n
  4      512  5.2496E-07  5.2496E-07  5.2496E-07  error n
  4      512  5.2496E-07  5.2496E-07  5.2496E-07  error n
  4      512  5.2496E-07  5.2496E-07  5.2496E-07  error n
  4      512  5.2496E-07  5.2496E-07  5.2496E-07  error n
  4      512  5.2496E-07  5.2496E-07  5.2496E-07  error n
  4      512  5.2496E-07  5.2496E-07  5.2496E-07  error n
  4      512  5.2496E-07  5.2496E-07  5.2496E-07  error n
  4      512  5.2496E-07  5.2496E-07  5.2496E-07  error n
  4      512  5.2496E-07  5.2496E-07  5.2496E-07  error n
  4      512  5.2496E-07  5.2496E-07  5.2496E-07  error n
  4      512  5.2496E-07  5.2496E-07  5.2496E-07  error n
  4      512  5.2496E-07  5.2496E-07  5.2496E-07  error n
  4      512  5.2496E-07  5.2496E-07  5.2496E-07  error n
  4      512  5.2496E-07  5.2496E-07  5.2496E-07  error n
  4      512  5.2496E-07  5.2496E-07  5.2496E-07  error n
  4      512  5.2496E-07  5.2496E-07  5.2496E-07  error n
  4      512  5.2496E-07  5.2496E-07  5.2496E-07  error n
  4      512  5.2496E-07  5.2496E-07  5.2496E-07  error n
  4      512  5.2496E-07  5.2496E-07  5.2496E-07  error n
  4      512  5.2496E-07  5.2496E-07  5.2496E-07  error n
  4      512  5.2496E-07  5.2496E-07  5.2496E-07  error n
  4      512  5.2496E-07  5.2496E-07  5.2496E-07  error n
  4      512  5.2496E-07  5.2496E-07  5.2496E-07  error n
  4      512  5.2496E-07  5.2496E-07  5.2496E-07  error n
  4      512  5.2496E-07  5.2496E-07  5.2496E-07  error n
  4      512  5.2496E-07  5.2496E-07  5.2496E-07  error n
  4      512  5.2496E-07  5.2496E-07  5.2496E-07  error n
  4      512  5.2496E-07  5.2496E-07  5.2496E-07  error n
  4      512  5.2496E-07  5.2496E-07  5.2496E-07  error n
  4      512  5.2496E-07  5.2496E-07  5.2496E-07  error n
  4      512  5.2496E-07  5.2496E-07  5.2496E-07  error n
  4      512  5.2496E-07  5.2496E-07  5.2496E-07  error n
  4      512  5.2496E-07  5.2496E-07  5.2496E-07  error n
  4      512  5.2496E-07  5.2496E-07  5.2496E-07  error n
  4      512  5.2496E-07  5.2496E-07  5.2496E-07  error n
  4      512  5.2496E-07  5.2496E-07  5.2496E-07  error n
  4      512  5.2496E-07  5.2496E-07  5.2496E-07  error n
  4      512  5.2496E-07  5.2496E-07  5.2496E-07  error n
  4      512  5.2496E-07  5.2496E-07  5.2496E-07  error n
  4      512  5.2496E-07  5.2496E-07  5.2496E-07  error n
  4      512  5.2496E-07  5.2496E-07  5.2496E-07  error n
  4      512  5.2496E-07  5.2496E-07  5.2496E-07  error n
  4      512  5.2496E-07  5.2496E-07  5.2496E-07  error n
  4      512  5.2496E-07  5.2496E-07  5.2496E-07  error n
  4      512  5.2496E-07  5.2496E-07  5.2496E-07  error n
  4      512  5.2496E-07  5.2496E-07  5.2496E-07  error n
  4      512  5.2496E-07  5.2496E-07  5.2496E-07  error n
  4      512  5.2496E-07  5.2496E-07  5.2496E-07  error n
  4      512  5.2496E-07  5.2496E-07  5.2496E-07  error n
  4      512  5.2496E-07  5.2496E-07  5.2496E-07  error n
  4      512  5.2496E-07  5.2496E-07  5.2496E-07  error n
  4      512  5.2496E-07  5.2496E-07  5.2496E-07  error n
  4      512  5.2496E-07  5.2496E-07  5.2496E-07  error n
  4      512  5.2496E-07  5.2496E-07  5.2496E-07  error n
  4      512  5.2496E-07  5.2496E-07  5.2496E-07  error n
  4      512  5.2496E-07  5.2496E-07  5.2496E-07  error n
  4      512  5.2496E-07  5.2496E-07  5.2496E-07  error n
  4      512  5.2496E-07  5.2496E-07  5.2496E-07  error n
  4      512  5.2496E-07  5.2496E-07  5.2496E-07  error n
  4      512  5.2496E-07  5.2496E-07  5.2496E-07  error n
  4      512  5.2496E-07  5.2496E-07  5.2496E-07  error n
  4      512  5.2496E-07  5.2496E-07  5.2496E-07  error n
  4      512  5.2496E-07  5.2496E-07  5.2496E-07  error n
  4      512  5.2496E-07  5.2496E-07  5.2496E-07  error n
  4      512  5.2496E-07  5.2496E-07  5.2496E-07  error n
  4      512  5.2496E-07  5.2496E-07  5.2496E-07  error n
  4      512  5.2496E-07  5.2496E-07  5.2496E-07  error n
  4      512  5.2496E-07  5.2496E-07  5.2496E-07  error n
  4      512  5.2496E-07  5.2496E-07  5.2496E-07  error n
  4      512  5.2496E-07  5.2496E-07  5.2496E-07  error n
  
call exitt: dying ...
  
backtrace(): obtained 8 stack frames.
./nek5000() [0x768a95]
./nek5000() [0x94b489]
./nek5000() [0x40c94c]
./nek5000() [0x422d66]
./nek5000() [0x42131e]
./nek5000() [0x4054fe]
/lib64/libc.so.6(__libc_start_main+0xf5) [0x2aaab1ca3b25]
./nek5000() [0x405409]
  
total elapsed time             :   9.56587E+00 sec
total solver time incl. I/O    :   0.00000E+00 sec
time/timestep                  :   0.00000E+00 sec
CPU seconds/timestep/gridpt    :   0.00000E+00 sec

Application 2255939 resources: utime ~1227s, stime ~40s, Rss ~21680, inblocks ~0, outblocks ~0
