/----------------------------------------------------------\\
|      _   __ ______ __ __  ______  ____   ____   ____     |
|     / | / // ____// //_/ / ____/ / __ \\/ __ \\/ __ \\   |
|    /  |/ // __/  / ,<   /___ \\ / / / // / / // / / /    |
|   / /|  // /___ / /| | ____/ / / /_/ // /_/ // /_/ /     |
|  /_/ |_//_____//_/ |_|/_____/  \\___/ \\___/ \\___/      |
|                                                          |
|----------------------------------------------------------|
|                                                          |
| NEK5000:  Open Source Spectral Element Solver            |
| COPYRIGHT (c) 2008-2016 UCHICAGO ARGONNE, LLC            |
| Version:  16.0.0                                         |
| Web:      http://nek5000.mcs.anl.gov                     |
|                                                          |
\\----------------------------------------------------------/
                                                              

 Number of processors:         128
 REAL    wdsize      :           8
 INTEGER wdsize      :           4
 Timer accuracy      : 4.05E-07
 Reading /gpfs/theta-fs1/home/thilina/env/lx4/b10.rea                                                                                        

 mapping elements to processors
 Reading /gpfs/theta-fs1/home/thilina/env/lx4/b10.map                                                                                        
 RANK     0 IEG     897     898     905     906     961     962     969     970
 element load imbalance:            0           8           8
 done :: mapping elements to processors
  
           0  objects found
 118   Parameters from file:
   1      1.00000     p001 DENSITY
   2     -100.000     p002 VISCOS
   7      1.00000     p007 RHOCP
   8      1.00000     p008 CONDUCT
  11      1.00        p011 NSTEPS
  12    -0.500000E-02 p012 DT
  21     0.100000E-05 p021 DIVERGENCE
  22     0.100000E-07 p022 HELMHOLTZ
  24     0.100000E-09 p024 TOLREL
  25     0.100000E-09 p025 TOLABS
  26     0.250000     p026 COURANT/NTAU
  27      2.00000     p027 TORDER
  66      6.00000     p066 output : <0=ascii, else binary
  67      6.00000     p067 restart: <0=ascii, else binary
  99      3.00000     p099 dealiasing: <0--> off/3--> old/4--> new
 103     0.500000E-01 p103 weight of stabilizing filter (.01)
  
 nelgt/nelgv/lelt:        1024        1024         100
 lx1  /lx2  /lx3 :           4           4           4
 done :: read .rea file   0.78648     sec

 setup mesh topology
   Right-handed check complete for    1024 elements. OK.
   setvert3d:   4       22433       30625       22433       22433
 call usrsetvert
 done :: usrsetvert

gs_setup: 10297 unique labels shared
   pairwise times (avg, min, max): 0.000127806 0.000118995 0.000143099
   crystal router                : 6.19082e-05 6.10828e-05 6.28948e-05
   all reduce                    : 0.00101281 0.00100691 0.00102081
   used all_to_all method: crystal router
   handle bytes (avg, min, max): 56345 42212 66260
   buffer bytes (avg, min, max): 7904 5872 8768
   setupds time 5.3490E-02 seconds   0  4       22433        1024
           8  max multiplicity
 done :: setup mesh topology
  
 call usrdat
 done :: usrdat

 generate geometry data
 done :: generate geometry data
  
 call usrdat2
 done :: usrdat2

 regenerate geometry data           1
 NOTE: All elements deformed , param(59) ^=0
 done :: regenerate geometry data           1
  
 verify mesh topology
  0.000000000000000E+000   1.00000000000000       Xrange
  0.000000000000000E+000   1.00000000000000       Yrange
  0.000000000000000E+000   1.00000000000000       Zrange
 done :: verify mesh topology
  
 IFTRAN   = T
 IFFLOW   = T
 IFHEAT   = F
 IFSPLIT  = T
 IFLOMACH = F
 IFUSERVP = F
 IFUSERMV = F
 IFSTRS   = F
 IFCHAR   = F
 IFCYCLIC = F
 IFAXIS   = F
 IFMVBD   = F
 IFMELT   = F
 IFMODEL  = F
 IFKEPS   = F
 IFMOAB   = F
 IFNEKNEK = F
 IFSYNC   = T
   
 IFVCOR   = T
 IFINTQ   = F
 IFCWUZ   = F
 IFSWALL  = F
 IFGEOM   = F
 IFSURT   = F
 IFWCNO   = F
   
 IFTMSH for field           1    =  F
 IFADVC for field           1    =  T
 IFNONL for field           1    =  F
   
 Dealiasing enabled, lxd=           6
  
 Estimated eigenvalues
 EIGAA =    9.86960440108936     
 EIGGA =    28232.4133045824     
 EIGAE =    9.86960440108936     
 EIGAS =   8.333333333333333E-002
 EIGGE =    28232.4133045824     
 EIGGS =    2.00000000000000     
  
 verify mesh topology
  0.000000000000000E+000   1.00000000000000       Xrange
  0.000000000000000E+000   1.00000000000000       Yrange
  0.000000000000000E+000   1.00000000000000       Zrange
 done :: verify mesh topology
  
  E-solver strategy:  0 itr
 mg_nx:           1           3
 mg_ny:           1           3
 mg_nz:           1           3
 call usrsetvert
 done :: usrsetvert

gs_setup: 1017 unique labels shared
   pairwise times (avg, min, max): 0.000105987 9.30071e-05 0.000124192
   crystal router                : 4.39441e-05 4.35829e-05 4.42982e-05
   all reduce                    : 0.000146083 0.000145006 0.0001472
   used all_to_all method: crystal router
   handle bytes (avg, min, max): 9365 7844 10388
   buffer bytes (avg, min, max): 1236 944 1344
   setupds time 1.0031E-02 seconds   1  2        1377        1024
   setvert3d:   4       22433       30625       22433       22433
 call usrsetvert
 done :: usrsetvert

gs_setup: 10297 unique labels shared
   pairwise times (avg, min, max): 0.000110645 0.000102186 0.000128198
   crystal router                : 6.14358e-05 6.07967e-05 6.24895e-05
   all reduce                    : 0.000676583 0.0006742 0.000681114
   used all_to_all method: crystal router
   handle bytes (avg, min, max): 56345 42212 66260
   buffer bytes (avg, min, max): 7904 5872 8768
   setupds time 3.5625E-02 seconds   2  4       22433        1024
 regenerate geometry data           1
 NOTE: All elements deformed , param(59) ^=0
 done :: regenerate geometry data           1
  
 h1_mg_nx:           1           3
 h1_mg_ny:           1           3
 h1_mg_nz:           1           3
 call usrsetvert
 done :: usrsetvert

gs_setup: 1017 unique labels shared
   pairwise times (avg, min, max): 0.000104382 9.16004e-05 0.00012219
   crystal router                : 4.76008e-05 4.73022e-05 4.79937e-05
   all reduce                    : 0.000143575 0.000142789 0.000144577
   used all_to_all method: crystal router
   handle bytes (avg, min, max): 9365 7844 10388
   buffer bytes (avg, min, max): 1236 944 1344
   setupds time 1.0261E-02 seconds   3  2        1377        1024
   setvert3d:   4       22433       30625       22433       22433
 call usrsetvert
 done :: usrsetvert

gs_setup: 10297 unique labels shared
   pairwise times (avg, min, max): 0.000109861 9.38177e-05 0.00012908
   crystal router                : 6.23766e-05 6.1202e-05 7.35044e-05
   all reduce                    : 0.000667997 0.000664902 0.000672007
   used all_to_all method: crystal router
   handle bytes (avg, min, max): 56345 42212 66260
   buffer bytes (avg, min, max): 7904 5872 8768
   setupds time 3.6097E-02 seconds   4  4       22433        1024
   setvert3d:   4       22433       30625       22433       22433
 call usrsetvert
 done :: usrsetvert

gs_setup: 10297 unique labels shared
   pairwise times (avg, min, max): 0.000107852 9.70125e-05 0.000123286
   crystal router                : 6.04147e-05 5.98907e-05 6.16074e-05
   all reduce                    : 0.000644647 0.000641394 0.00064919
   used all_to_all method: crystal router
   handle bytes (avg, min, max): 56345 42212 66260
   buffer bytes (avg, min, max): 7904 5872 8768
   setupds time 3.0875E-02 seconds   5  4       22433        1024
   setvert3d:   6       70625      136161       70625       70625
 call usrsetvert
 done :: usrsetvert

gs_setup: 29305 unique labels shared
   pairwise times (avg, min, max): 0.000110708 9.59158e-05 0.000132918
   crystal router                : 0.000101275 9.91106e-05 0.000104785
   all reduce                    : 0.00247581 0.00246899 0.00248749
   used all_to_all method: crystal router
   handle bytes (avg, min, max): 145181 105764 173588
   buffer bytes (avg, min, max): 20184 14896 22336
   setupds time 6.7818E-02 seconds   6  6       70625        1024
 setup h1 coarse grid, nx_crs=           2
 call usrsetvert
 done :: usrsetvert

gs_setup: 1017 unique labels shared
   pairwise times (avg, min, max): 9.04648e-05 8.31842e-05 0.000103092
   crystal router                : 4.36494e-05 4.27961e-05 4.47989e-05
   all reduce                    : 0.000146279 0.000145197 0.00014751
   used all_to_all method: crystal router
   handle bytes (avg, min, max): 9365 7844 10388
   buffer bytes (avg, min, max): 1236 944 1344
 done :: setup h1 coarse grid   3.357005119323730E-002  sec
  
 call usrdat3
 done :: usrdat3

 set initial conditions
 nekuic (1) for ifld            1
 call nekuic for vel  
 xyz min     0.0000       0.0000       0.0000    
 uvwpt min   0.0000       0.0000       0.0000       0.0000       0.0000    
 PS min      0.0000       0.0000      0.99000E+22
 xyz max     1.0000       1.0000       1.0000    
 uvwpt max   0.0000       0.0000       0.0000       0.0000       0.0000    
 PS max      0.0000       0.0000     -0.99000E+22
 done :: set initial conditions
  
 call userchk
GFM max:  1.8084E-02  1.8084E-02  7.2338E-02  1.0215E-16  2.7736E-16  2.7736E-16
 
nelt =       8, np =       128, nx1 =       4, elements =      1024
Solve Time =   0.2559E-08
 
nelt =       8, np =       128, nx1 =       4, elements =      1024
Solve Time =   0.2355E-08
 
nelt =       8, np =       128, nx1 =       4, elements =      1024
Solve Time =   0.2351E-08
 
nelt =       8, np =       128, nx1 =       4, elements =      1024
Solve Time =   0.2305E-08
 
nelt =       8, np =       128, nx1 =       4, elements =      1024
Solve Time =   0.2326E-08
 
nelt =       8, np =       128, nx1 =       4, elements =      1024
Solve Time =   0.2307E-08
 
nelt =       8, np =       128, nx1 =       4, elements =      1024
Solve Time =   0.2302E-08
 
nelt =       8, np =       128, nx1 =       4, elements =      1024
Solve Time =   0.2299E-08
 
nelt =       8, np =       128, nx1 =       4, elements =      1024
Solve Time =   0.2355E-08
 
nelt =       8, np =       128, nx1 =       4, elements =      1024
Solve Time =   0.4689E-08
 
nelt =       8, np =       128, nx1 =       4, elements =      1024
Solve Time =   0.9455E-08
 
nelt =       8, np =       128, nx1 =       4, elements =      1024
Solve Time =   0.3648E-08
 
nelt =       8, np =       128, nx1 =       4, elements =      1024
Solve Time =   0.3570E-08
 
nelt =       8, np =       128, nx1 =       4, elements =      1024
Solve Time =   0.4298E-08
 
nelt =       8, np =       128, nx1 =       4, elements =      1024
Solve Time =   0.3530E-08
 
nelt =       8, np =       128, nx1 =       4, elements =      1024
Solve Time =   0.3474E-08
 
nelt =       8, np =       128, nx1 =       4, elements =      1024
Solve Time =   0.3535E-08
 
nelt =       8, np =       128, nx1 =       4, elements =      1024
Solve Time =   0.3672E-08
 
nelt =       8, np =       128, nx1 =       4, elements =      1024
Solve Time =   0.3500E-08
 
nelt =       8, np =       128, nx1 =       4, elements =      1024
Solve Time =   0.2396E-08
 
nelt =       8, np =       128, nx1 =       4, elements =      1024
Solve Time =   0.6750E-08
 
nelt =       8, np =       128, nx1 =       4, elements =      1024
Solve Time =   0.4419E-08
 
nelt =       8, np =       128, nx1 =       4, elements =      1024
Solve Time =   0.4068E-08
 
nelt =       8, np =       128, nx1 =       4, elements =      1024
Solve Time =   0.4145E-08
 
nelt =       8, np =       128, nx1 =       4, elements =      1024
Solve Time =   0.4202E-08
 
nelt =       8, np =       128, nx1 =       4, elements =      1024
Solve Time =   0.4303E-08
 
nelt =       8, np =       128, nx1 =       4, elements =      1024
Solve Time =   0.4022E-08
 
nelt =       8, np =       128, nx1 =       4, elements =      1024
Solve Time =   0.4035E-08
 
nelt =       8, np =       128, nx1 =       4, elements =      1024
Solve Time =   0.4110E-08
 
nelt =       8, np =       128, nx1 =       4, elements =      1024
Solve Time =   0.4175E-08
 
nelt =       8, np =       128, nx1 =       4, elements =      1024
Solve Time =   0.7135E-08
 
nelt =       8, np =       128, nx1 =       4, elements =      1024
Solve Time =   0.4501E-08
 
nelt =       8, np =       128, nx1 =       4, elements =      1024
Solve Time =   0.2805E-08
 
nelt =       8, np =       128, nx1 =       4, elements =      1024
Solve Time =   0.2513E-08
 
nelt =       8, np =       128, nx1 =       4, elements =      1024
Solve Time =   0.4726E-08
 
nelt =       8, np =       128, nx1 =       4, elements =      1024
Solve Time =   0.4532E-08
 
nelt =       8, np =       128, nx1 =       4, elements =      1024
Solve Time =   0.4537E-08
 
nelt =       8, np =       128, nx1 =       4, elements =      1024
Solve Time =   0.4547E-08
 
nelt =       8, np =       128, nx1 =       4, elements =      1024
Solve Time =   0.4674E-08
 
nelt =       8, np =       128, nx1 =       4, elements =      1024
Solve Time =   0.4608E-08
 
nelt =       8, np =       128, nx1 =       4, elements =      1024
Solve Time =   0.8219E-08
 
nelt =       8, np =       128, nx1 =       4, elements =      1024
Solve Time =   0.5361E-08
 
nelt =       8, np =       128, nx1 =       4, elements =      1024
Solve Time =   0.5030E-08
 
nelt =       8, np =       128, nx1 =       4, elements =      1024
Solve Time =   0.4928E-08
 
nelt =       8, np =       128, nx1 =       4, elements =      1024
Solve Time =   0.6006E-08
 
nelt =       8, np =       128, nx1 =       4, elements =      1024
Solve Time =   0.5051E-08
 
nelt =       8, np =       128, nx1 =       4, elements =      1024
Solve Time =   0.4919E-08
 
nelt =       8, np =       128, nx1 =       4, elements =      1024
Solve Time =   0.5066E-08
 
nelt =       8, np =       128, nx1 =       4, elements =      1024
Solve Time =   0.5056E-08
 
nelt =       8, np =       128, nx1 =       4, elements =      1024
Solve Time =   0.4990E-08
 schfile:
 /gpfs/theta-fs1/home/thilina/env/lx4/b10.sch                                   
                                                      
  4     1024  1.0000E+00  1.0000E+00  1.0000E+00  error v
  4     1024  1.0000E+00  1.0000E+00  1.0000E+00  error v
  4     1024  1.0000E+00  1.0000E+00  1.0000E+00  error v
  4     1024  1.0000E+00  1.0000E+00  1.0000E+00  error v
  4     1024  1.0000E+00  1.0000E+00  1.0000E+00  error v
  4     1024  1.0000E+00  1.0000E+00  1.0000E+00  error v
  4     1024  1.0000E+00  1.0000E+00  1.0000E+00  error v
  4     1024  1.0000E+00  1.0000E+00  1.0000E+00  error v
  4     1024  1.0000E+00  1.0000E+00  1.0000E+00  error v
  4     1024  1.0000E+00  1.0000E+00  1.0000E+00  error v
  4     1024  1.0000E+00  1.0000E+00  1.0000E+00  error v
  4     1024  1.0000E+00  1.0000E+00  1.0000E+00  error v
  4     1024  1.0000E+00  1.0000E+00  1.0000E+00  error v
  4     1024  1.0000E+00  1.0000E+00  1.0000E+00  error v
  4     1024  1.0000E+00  1.0000E+00  1.0000E+00  error v
  4     1024  1.0000E+00  1.0000E+00  1.0000E+00  error v
  4     1024  1.0000E+00  1.0000E+00  1.0000E+00  error v
  4     1024  1.0000E+00  1.0000E+00  1.0000E+00  error v
  4     1024  1.0000E+00  1.0000E+00  1.0000E+00  error v
  4     1024  1.0000E+00  1.0000E+00  1.0000E+00  error v
  4     1024  1.0000E+00  1.0000E+00  1.0000E+00  error v
  4     1024  1.0000E+00  1.0000E+00  1.0000E+00  error v
  4     1024  1.0000E+00  1.0000E+00  1.0000E+00  error v
  4     1024  1.0000E+00  1.0000E+00  1.0000E+00  error v
  4     1024  1.0000E+00  1.0000E+00  1.0000E+00  error v
  4     1024  1.0000E+00  1.0000E+00  1.0000E+00  error v
  4     1024  1.0000E+00  1.0000E+00  1.0000E+00  error v
  4     1024  1.0000E+00  1.0000E+00  1.0000E+00  error v
  4     1024  1.0000E+00  1.0000E+00  1.0000E+00  error v
  4     1024  1.0000E+00  1.0000E+00  1.0000E+00  error v
  4     1024  1.0000E+00  1.0000E+00  1.0000E+00  error v
  4     1024  1.0000E+00  1.0000E+00  1.0000E+00  error v
  4     1024  1.0000E+00  1.0000E+00  1.0000E+00  error v
  4     1024  1.0000E+00  1.0000E+00  1.0000E+00  error v
  4     1024  1.0000E+00  1.0000E+00  1.0000E+00  error v
  4     1024  1.0000E+00  1.0000E+00  1.0000E+00  error v
  4     1024  1.0000E+00  1.0000E+00  1.0000E+00  error v
  4     1024  1.0000E+00  1.0000E+00  1.0000E+00  error v
  4     1024  1.0000E+00  1.0000E+00  1.0000E+00  error v
  4     1024  1.0000E+00  1.0000E+00  1.0000E+00  error v
  4     1024  1.0000E+00  1.0000E+00  1.0000E+00  error v
  4     1024  1.0000E+00  1.0000E+00  1.0000E+00  error v
  4     1024  1.0000E+00  1.0000E+00  1.0000E+00  error v
  4     1024  1.0000E+00  1.0000E+00  1.0000E+00  error v
  4     1024  1.0000E+00  1.0000E+00  1.0000E+00  error v
  4     1024  1.0000E+00  1.0000E+00  1.0000E+00  error v
  4     1024  1.0000E+00  1.0000E+00  1.0000E+00  error v
  4     1024  1.0000E+00  1.0000E+00  1.0000E+00  error v
  4     1024  1.0000E+00  1.0000E+00  1.0000E+00  error v
  4     1024  1.0000E+00  1.0000E+00  1.0000E+00  error v
  4     1024  1.0000E+00  1.0000E+00  1.0000E+00  error v
  4     1024  1.0000E+00  1.0000E+00  1.0000E+00  error v
  4     1024  1.0000E+00  1.0000E+00  1.0000E+00  error v
  4     1024  1.0000E+00  1.0000E+00  1.0000E+00  error v
  4     1024  1.0000E+00  1.0000E+00  1.0000E+00  error v
  4     1024  1.0000E+00  1.0000E+00  1.0000E+00  error v
  4     1024  1.0000E+00  1.0000E+00  1.0000E+00  error v
  4     1024  1.0000E+00  1.0000E+00  1.0000E+00  error v
  4     1024  1.0000E+00  1.0000E+00  1.0000E+00  error v
  4     1024  1.0000E+00  1.0000E+00  1.0000E+00  error v
  4     1024  1.0000E+00  1.0000E+00  1.0000E+00  error v
  4     1024  1.0000E+00  1.0000E+00  1.0000E+00  error v
  4     1024  1.0000E+00  1.0000E+00  1.0000E+00  error v
  4     1024  1.0000E+00  1.0000E+00  1.0000E+00  error v
  4     1024  1.0000E+00  1.0000E+00  1.0000E+00  error v
  4     1024  1.0000E+00  1.0000E+00  1.0000E+00  error v
  4     1024  1.0000E+00  1.0000E+00  1.0000E+00  error v
  4     1024  1.0000E+00  1.0000E+00  1.0000E+00  error v
  4     1024  1.0000E+00  1.0000E+00  1.0000E+00  error v
  4     1024  1.0000E+00  1.0000E+00  1.0000E+00  error v
  4     1024  1.0000E+00  1.0000E+00  1.0000E+00  error v
  4     1024  1.0000E+00  1.0000E+00  1.0000E+00  error v
  4     1024  1.0000E+00  1.0000E+00  1.0000E+00  error v
  4     1024  1.0000E+00  1.0000E+00  1.0000E+00  error v
  4     1024  1.0000E+00  1.0000E+00  1.0000E+00  error v
  4     1024  1.0000E+00  1.0000E+00  1.0000E+00  error v
  4     1024  1.0000E+00  1.0000E+00  1.0000E+00  error v
  4     1024  1.0000E+00  1.0000E+00  1.0000E+00  error v
  4     1024  1.0000E+00  1.0000E+00  1.0000E+00  error v
  4     1024  1.0000E+00  1.0000E+00  1.0000E+00  error v
  4     1024  1.0000E+00  1.0000E+00  1.0000E+00  error v
  4     1024  1.0000E+00  1.0000E+00  1.0000E+00  error v
  4     1024  1.0000E+00  1.0000E+00  1.0000E+00  error v
  4     1024  1.0000E+00  1.0000E+00  1.0000E+00  error v
  4     1024  1.0000E+00  1.0000E+00  1.0000E+00  error v
  4     1024  1.0000E+00  1.0000E+00  1.0000E+00  error v
  4     1024  1.0000E+00  1.0000E+00  1.0000E+00  error v
  4     1024  1.0000E+00  1.0000E+00  1.0000E+00  error v
  4     1024  1.0000E+00  1.0000E+00  1.0000E+00  error v
  4     1024  1.0000E+00  1.0000E+00  1.0000E+00  error v
  4     1024  1.0000E+00  1.0000E+00  1.0000E+00  error v
  4     1024  1.0000E+00  1.0000E+00  1.0000E+00  error v
  4     1024  1.0000E+00  1.0000E+00  1.0000E+00  error v
  4     1024  1.0000E+00  1.0000E+00  1.0000E+00  error v
  4     1024  1.0000E+00  1.0000E+00  1.0000E+00  error v
  4     1024  1.0000E+00  1.0000E+00  1.0000E+00  error v
  4     1024  1.0000E+00  1.0000E+00  1.0000E+00  error v
  4     1024  1.0000E+00  1.0000E+00  1.0000E+00  error v
  4     1024  1.0000E+00  1.0000E+00  1.0000E+00  error v
  4     1024  1.0000E+00  1.0000E+00  1.0000E+00  error v
  4     1024  1.0000E+00  1.0000E+00  1.0000E+00  error v
  4     1024  1.0000E+00  1.0000E+00  1.0000E+00  error v
  4     1024  1.0000E+00  1.0000E+00  1.0000E+00  error v
  4     1024  1.0000E+00  1.0000E+00  1.0000E+00  error v
  4     1024  1.0000E+00  1.0000E+00  1.0000E+00  error v
  4     1024  1.0000E+00  1.0000E+00  1.0000E+00  error v
  4     1024  1.0000E+00  1.0000E+00  1.0000E+00  error v
  4     1024  1.0000E+00  1.0000E+00  1.0000E+00  error v
  4     1024  1.0000E+00  1.0000E+00  1.0000E+00  error v
  4     1024  1.0000E+00  1.0000E+00  1.0000E+00  error v
  4     1024  1.0000E+00  1.0000E+00  1.0000E+00  error v
  4     1024  1.0000E+00  1.0000E+00  1.0000E+00  error v
  4     1024  1.0000E+00  1.0000E+00  1.0000E+00  error v
  4     1024  1.0000E+00  1.0000E+00  1.0000E+00  error v
  4     1024  1.0000E+00  1.0000E+00  1.0000E+00  error v
  4     1024  1.0000E+00  1.0000E+00  1.0000E+00  error v
  4     1024  1.0000E+00  1.0000E+00  1.0000E+00  error v
  4     1024  1.0000E+00  1.0000E+00  1.0000E+00  error v
  4     1024  1.0000E+00  1.0000E+00  1.0000E+00  error v
  4     1024  1.0000E+00  1.0000E+00  1.0000E+00  error v
  4     1024  1.0000E+00  1.0000E+00  1.0000E+00  error v
  4     1024  1.0000E+00  1.0000E+00  1.0000E+00  error v
  4     1024  1.0000E+00  1.0000E+00  1.0000E+00  error v
  4     1024  1.0000E+00  1.0000E+00  1.0000E+00  error v
  4     1024  1.0000E+00  1.0000E+00  1.0000E+00  error v
  4     1024  1.0000E+00  1.0000E+00  1.0000E+00  error v
  4     1024  1.0000E+00  1.0000E+00  1.0000E+00  error v
  4     1024  1.0000E+00  1.0000E+00  1.0000E+00  error v
 
nelt =       8, np =       128, nx1 =       4, elements =      1024
Solve Time =   0.4728E-08
 
nelt =       8, np =       128, nx1 =       4, elements =      1024
Solve Time =   0.4494E-08
 
nelt =       8, np =       128, nx1 =       4, elements =      1024
Solve Time =   0.4482E-08
 
nelt =       8, np =       128, nx1 =       4, elements =      1024
Solve Time =   0.4451E-08
 
nelt =       8, np =       128, nx1 =       4, elements =      1024
Solve Time =   0.4476E-08
 
nelt =       8, np =       128, nx1 =       4, elements =      1024
Solve Time =   0.4491E-08
 
nelt =       8, np =       128, nx1 =       4, elements =      1024
Solve Time =   0.4520E-08
 
nelt =       8, np =       128, nx1 =       4, elements =      1024
Solve Time =   0.4474E-08
 
nelt =       8, np =       128, nx1 =       4, elements =      1024
Solve Time =   0.4475E-08
 
nelt =       8, np =       128, nx1 =       4, elements =      1024
Solve Time =   0.4476E-08
  4     1024  4.5781E-07  4.5781E-07  4.5781E-07  error s
  4     1024  4.5781E-07  4.5781E-07  4.5781E-07  error s
  4     1024  4.5781E-07  4.5781E-07  4.5781E-07  error s
  4     1024  4.5781E-07  4.5781E-07  4.5781E-07  error s
  4     1024  4.5781E-07  4.5781E-07  4.5781E-07  error s
  4     1024  4.5781E-07  4.5781E-07  4.5781E-07  error s
  4     1024  4.5781E-07  4.5781E-07  4.5781E-07  error s
  4     1024  4.5781E-07  4.5781E-07  4.5781E-07  error s
  4     1024  4.5781E-07  4.5781E-07  4.5781E-07  error s
  4     1024  4.5781E-07  4.5781E-07  4.5781E-07  error s
  4     1024  4.5781E-07  4.5781E-07  4.5781E-07  error s
  4     1024  4.5781E-07  4.5781E-07  4.5781E-07  error s
  4     1024  4.5781E-07  4.5781E-07  4.5781E-07  error s
  4     1024  4.5781E-07  4.5781E-07  4.5781E-07  error s
  4     1024  4.5781E-07  4.5781E-07  4.5781E-07  error s
  4     1024  4.5781E-07  4.5781E-07  4.5781E-07  error s
  4     1024  4.5781E-07  4.5781E-07  4.5781E-07  error s
  4     1024  4.5781E-07  4.5781E-07  4.5781E-07  error s
  4     1024  4.5781E-07  4.5781E-07  4.5781E-07  error s
  4     1024  4.5781E-07  4.5781E-07  4.5781E-07  error s
  4     1024  4.5781E-07  4.5781E-07  4.5781E-07  error s
  4     1024  4.5781E-07  4.5781E-07  4.5781E-07  error s
  4     1024  4.5781E-07  4.5781E-07  4.5781E-07  error s
  4     1024  4.5781E-07  4.5781E-07  4.5781E-07  error s
  4     1024  4.5781E-07  4.5781E-07  4.5781E-07  error s
  4     1024  4.5781E-07  4.5781E-07  4.5781E-07  error s
  4     1024  4.5781E-07  4.5781E-07  4.5781E-07  error s
  4     1024  4.5781E-07  4.5781E-07  4.5781E-07  error s
  4     1024  4.5781E-07  4.5781E-07  4.5781E-07  error s
  4     1024  4.5781E-07  4.5781E-07  4.5781E-07  error s
  4     1024  4.5781E-07  4.5781E-07  4.5781E-07  error s
  4     1024  4.5781E-07  4.5781E-07  4.5781E-07  error s
  4     1024  4.5781E-07  4.5781E-07  4.5781E-07  error s
  4     1024  4.5781E-07  4.5781E-07  4.5781E-07  error s
  4     1024  4.5781E-07  4.5781E-07  4.5781E-07  error s
  4     1024  4.5781E-07  4.5781E-07  4.5781E-07  error s
  4     1024  4.5781E-07  4.5781E-07  4.5781E-07  error s
  4     1024  4.5781E-07  4.5781E-07  4.5781E-07  error s
  4     1024  4.5781E-07  4.5781E-07  4.5781E-07  error s
  4     1024  4.5781E-07  4.5781E-07  4.5781E-07  error s
  4     1024  4.5781E-07  4.5781E-07  4.5781E-07  error s
  4     1024  4.5781E-07  4.5781E-07  4.5781E-07  error s
  4     1024  4.5781E-07  4.5781E-07  4.5781E-07  error s
  4     1024  4.5781E-07  4.5781E-07  4.5781E-07  error s
  4     1024  4.5781E-07  4.5781E-07  4.5781E-07  error s
  4     1024  4.5781E-07  4.5781E-07  4.5781E-07  error s
  4     1024  4.5781E-07  4.5781E-07  4.5781E-07  error s
  4     1024  4.5781E-07  4.5781E-07  4.5781E-07  error s
  4     1024  4.5781E-07  4.5781E-07  4.5781E-07  error s
  4     1024  4.5781E-07  4.5781E-07  4.5781E-07  error s
  4     1024  4.5781E-07  4.5781E-07  4.5781E-07  error s
  4     1024  4.5781E-07  4.5781E-07  4.5781E-07  error s
  4     1024  4.5781E-07  4.5781E-07  4.5781E-07  error s
  4     1024  4.5781E-07  4.5781E-07  4.5781E-07  error s
  4     1024  4.5781E-07  4.5781E-07  4.5781E-07  error s
  4     1024  4.5781E-07  4.5781E-07  4.5781E-07  error s
  4     1024  4.5781E-07  4.5781E-07  4.5781E-07  error s
  4     1024  4.5781E-07  4.5781E-07  4.5781E-07  error s
  4     1024  4.5781E-07  4.5781E-07  4.5781E-07  error s
  4     1024  4.5781E-07  4.5781E-07  4.5781E-07  error s
  4     1024  4.5781E-07  4.5781E-07  4.5781E-07  error s
  4     1024  4.5781E-07  4.5781E-07  4.5781E-07  error s
  4     1024  4.5781E-07  4.5781E-07  4.5781E-07  error s
  4     1024  4.5781E-07  4.5781E-07  4.5781E-07  error s
  4     1024  4.5781E-07  4.5781E-07  4.5781E-07  error s
  4     1024  4.5781E-07  4.5781E-07  4.5781E-07  error s
  4     1024  4.5781E-07  4.5781E-07  4.5781E-07  error s
  4     1024  4.5781E-07  4.5781E-07  4.5781E-07  error s
  4     1024  4.5781E-07  4.5781E-07  4.5781E-07  error s
  4     1024  4.5781E-07  4.5781E-07  4.5781E-07  error s
  4     1024  4.5781E-07  4.5781E-07  4.5781E-07  error s
  4     1024  4.5781E-07  4.5781E-07  4.5781E-07  error s
  4     1024  4.5781E-07  4.5781E-07  4.5781E-07  error s
  4     1024  4.5781E-07  4.5781E-07  4.5781E-07  error s
  4     1024  4.5781E-07  4.5781E-07  4.5781E-07  error s
  4     1024  4.5781E-07  4.5781E-07  4.5781E-07  error s
  4     1024  4.5781E-07  4.5781E-07  4.5781E-07  error s
  4     1024  4.5781E-07  4.5781E-07  4.5781E-07  error s
  4     1024  4.5781E-07  4.5781E-07  4.5781E-07  error s
  4     1024  4.5781E-07  4.5781E-07  4.5781E-07  error s
  4     1024  4.5781E-07  4.5781E-07  4.5781E-07  error s
  4     1024  4.5781E-07  4.5781E-07  4.5781E-07  error s
  4     1024  4.5781E-07  4.5781E-07  4.5781E-07  error s
  4     1024  4.5781E-07  4.5781E-07  4.5781E-07  error s
  4     1024  4.5781E-07  4.5781E-07  4.5781E-07  error s
  4     1024  4.5781E-07  4.5781E-07  4.5781E-07  error s
  4     1024  4.5781E-07  4.5781E-07  4.5781E-07  error s
  4     1024  4.5781E-07  4.5781E-07  4.5781E-07  error s
  4     1024  4.5781E-07  4.5781E-07  4.5781E-07  error s
  4     1024  4.5781E-07  4.5781E-07  4.5781E-07  error s
  4     1024  4.5781E-07  4.5781E-07  4.5781E-07  error s
  4     1024  4.5781E-07  4.5781E-07  4.5781E-07  error s
  4     1024  4.5781E-07  4.5781E-07  4.5781E-07  error s
  4     1024  4.5781E-07  4.5781E-07  4.5781E-07  error s
  4     1024  4.5781E-07  4.5781E-07  4.5781E-07  error s
  4     1024  4.5781E-07  4.5781E-07  4.5781E-07  error s
  4     1024  4.5781E-07  4.5781E-07  4.5781E-07  error s
  4     1024  4.5781E-07  4.5781E-07  4.5781E-07  error s
  4     1024  4.5781E-07  4.5781E-07  4.5781E-07  error s
  4     1024  4.5781E-07  4.5781E-07  4.5781E-07  error s
  4     1024  4.5781E-07  4.5781E-07  4.5781E-07  error s
  4     1024  4.5781E-07  4.5781E-07  4.5781E-07  error s
  4     1024  4.5781E-07  4.5781E-07  4.5781E-07  error s
  4     1024  4.5781E-07  4.5781E-07  4.5781E-07  error s
  4     1024  4.5781E-07  4.5781E-07  4.5781E-07  error s
  4     1024  4.5781E-07  4.5781E-07  4.5781E-07  error s
  4     1024  4.5781E-07  4.5781E-07  4.5781E-07  error s
  4     1024  4.5781E-07  4.5781E-07  4.5781E-07  error s
  4     1024  4.5781E-07  4.5781E-07  4.5781E-07  error s
  4     1024  4.5781E-07  4.5781E-07  4.5781E-07  error s
  4     1024  4.5781E-07  4.5781E-07  4.5781E-07  error s
  4     1024  4.5781E-07  4.5781E-07  4.5781E-07  error s
  4     1024  4.5781E-07  4.5781E-07  4.5781E-07  error s
  4     1024  4.5781E-07  4.5781E-07  4.5781E-07  error s
  4     1024  4.5781E-07  4.5781E-07  4.5781E-07  error s
  4     1024  4.5781E-07  4.5781E-07  4.5781E-07  error s
  4     1024  4.5781E-07  4.5781E-07  4.5781E-07  error s
  4     1024  4.5781E-07  4.5781E-07  4.5781E-07  error s
  4     1024  4.5781E-07  4.5781E-07  4.5781E-07  error s
  4     1024  4.5781E-07  4.5781E-07  4.5781E-07  error s
  4     1024  4.5781E-07  4.5781E-07  4.5781E-07  error s
  4     1024  4.5781E-07  4.5781E-07  4.5781E-07  error s
  4     1024  4.5781E-07  4.5781E-07  4.5781E-07  error s
  4     1024  4.5781E-07  4.5781E-07  4.5781E-07  error s
  4     1024  4.5781E-07  4.5781E-07  4.5781E-07  error s
  4     1024  4.5781E-07  4.5781E-07  4.5781E-07  error s
  4     1024  4.5781E-07  4.5781E-07  4.5781E-07  error s
  4     1024  4.5781E-07  4.5781E-07  4.5781E-07  error s
 
nelt =       8, np =       128, nx1 =       4, elements =      1024
Solve Time =   0.4023E-08
 
nelt =       8, np =       128, nx1 =       4, elements =      1024
Solve Time =   0.3958E-08
 
nelt =       8, np =       128, nx1 =       4, elements =      1024
Solve Time =   0.3891E-08
 
nelt =       8, np =       128, nx1 =       4, elements =      1024
Solve Time =   0.3773E-08
 
nelt =       8, np =       128, nx1 =       4, elements =      1024
Solve Time =   0.3786E-08
 
nelt =       8, np =       128, nx1 =       4, elements =      1024
Solve Time =   0.3734E-08
 
nelt =       8, np =       128, nx1 =       4, elements =      1024
Solve Time =   0.3822E-08
 
nelt =       8, np =       128, nx1 =       4, elements =      1024
Solve Time =   0.3778E-08
 
nelt =       8, np =       128, nx1 =       4, elements =      1024
Solve Time =   0.3813E-08
 
nelt =       8, np =       128, nx1 =       4, elements =      1024
Solve Time =   0.3780E-08
  4     1024  4.5781E-07  4.5781E-07  4.5781E-07  error n
  4     1024  4.5781E-07  4.5781E-07  4.5781E-07  error n
  4     1024  4.5781E-07  4.5781E-07  4.5781E-07  error n
  4     1024  4.5781E-07  4.5781E-07  4.5781E-07  error n
  4     1024  4.5781E-07  4.5781E-07  4.5781E-07  error n
  4     1024  4.5781E-07  4.5781E-07  4.5781E-07  error n
  4     1024  4.5781E-07  4.5781E-07  4.5781E-07  error n
  4     1024  4.5781E-07  4.5781E-07  4.5781E-07  error n
  4     1024  4.5781E-07  4.5781E-07  4.5781E-07  error n
  4     1024  4.5781E-07  4.5781E-07  4.5781E-07  error n
  4     1024  4.5781E-07  4.5781E-07  4.5781E-07  error n
  4     1024  4.5781E-07  4.5781E-07  4.5781E-07  error n
  4     1024  4.5781E-07  4.5781E-07  4.5781E-07  error n
  4     1024  4.5781E-07  4.5781E-07  4.5781E-07  error n
  4     1024  4.5781E-07  4.5781E-07  4.5781E-07  error n
  4     1024  4.5781E-07  4.5781E-07  4.5781E-07  error n
  4     1024  4.5781E-07  4.5781E-07  4.5781E-07  error n
  4     1024  4.5781E-07  4.5781E-07  4.5781E-07  error n
  4     1024  4.5781E-07  4.5781E-07  4.5781E-07  error n
  4     1024  4.5781E-07  4.5781E-07  4.5781E-07  error n
  4     1024  4.5781E-07  4.5781E-07  4.5781E-07  error n
  4     1024  4.5781E-07  4.5781E-07  4.5781E-07  error n
  4     1024  4.5781E-07  4.5781E-07  4.5781E-07  error n
  4     1024  4.5781E-07  4.5781E-07  4.5781E-07  error n
  4     1024  4.5781E-07  4.5781E-07  4.5781E-07  error n
  4     1024  4.5781E-07  4.5781E-07  4.5781E-07  error n
  4     1024  4.5781E-07  4.5781E-07  4.5781E-07  error n
  4     1024  4.5781E-07  4.5781E-07  4.5781E-07  error n
  4     1024  4.5781E-07  4.5781E-07  4.5781E-07  error n
  4     1024  4.5781E-07  4.5781E-07  4.5781E-07  error n
  4     1024  4.5781E-07  4.5781E-07  4.5781E-07  error n
  4     1024  4.5781E-07  4.5781E-07  4.5781E-07  error n
  4     1024  4.5781E-07  4.5781E-07  4.5781E-07  error n
  4     1024  4.5781E-07  4.5781E-07  4.5781E-07  error n
  4     1024  4.5781E-07  4.5781E-07  4.5781E-07  error n
  4     1024  4.5781E-07  4.5781E-07  4.5781E-07  error n
  4     1024  4.5781E-07  4.5781E-07  4.5781E-07  error n
  4     1024  4.5781E-07  4.5781E-07  4.5781E-07  error n
  4     1024  4.5781E-07  4.5781E-07  4.5781E-07  error n
  4     1024  4.5781E-07  4.5781E-07  4.5781E-07  error n
  4     1024  4.5781E-07  4.5781E-07  4.5781E-07  error n
  4     1024  4.5781E-07  4.5781E-07  4.5781E-07  error n
  4     1024  4.5781E-07  4.5781E-07  4.5781E-07  error n
  4     1024  4.5781E-07  4.5781E-07  4.5781E-07  error n
  4     1024  4.5781E-07  4.5781E-07  4.5781E-07  error n
  4     1024  4.5781E-07  4.5781E-07  4.5781E-07  error n
   3     1024  100  0.0000E+00  0.0000E+00  0.0000E+00 time for 3 hmholtz
EXIT: quit after cggov          3
  4     1024  4.5781E-07  4.5781E-07  4.5781E-07  error n
  4     1024  4.5781E-07  4.5781E-07  4.5781E-07  error n
  4     1024  4.5781E-07  4.5781E-07  4.5781E-07  error n
  4     1024  4.5781E-07  4.5781E-07  4.5781E-07  error n
  4     1024  4.5781E-07  4.5781E-07  4.5781E-07  error n
  4     1024  4.5781E-07  4.5781E-07  4.5781E-07  error n
  4     1024  4.5781E-07  4.5781E-07  4.5781E-07  error n
  4     1024  4.5781E-07  4.5781E-07  4.5781E-07  error n
  4     1024  4.5781E-07  4.5781E-07  4.5781E-07  error n
  4     1024  4.5781E-07  4.5781E-07  4.5781E-07  error n
  4     1024  4.5781E-07  4.5781E-07  4.5781E-07  error n
  4     1024  4.5781E-07  4.5781E-07  4.5781E-07  error n
  4     1024  4.5781E-07  4.5781E-07  4.5781E-07  error n
  4     1024  4.5781E-07  4.5781E-07  4.5781E-07  error n
  4     1024  4.5781E-07  4.5781E-07  4.5781E-07  error n
  4     1024  4.5781E-07  4.5781E-07  4.5781E-07  error n
  4     1024  4.5781E-07  4.5781E-07  4.5781E-07  error n
  4     1024  4.5781E-07  4.5781E-07  4.5781E-07  error n
  4     1024  4.5781E-07  4.5781E-07  4.5781E-07  error n
  4     1024  4.5781E-07  4.5781E-07  4.5781E-07  error n
  4     1024  4.5781E-07  4.5781E-07  4.5781E-07  error n
  4     1024  4.5781E-07  4.5781E-07  4.5781E-07  error n
  4     1024  4.5781E-07  4.5781E-07  4.5781E-07  error n
  4     1024  4.5781E-07  4.5781E-07  4.5781E-07  error n
  4     1024  4.5781E-07  4.5781E-07  4.5781E-07  error n
  4     1024  4.5781E-07  4.5781E-07  4.5781E-07  error n
  4     1024  4.5781E-07  4.5781E-07  4.5781E-07  error n
  4     1024  4.5781E-07  4.5781E-07  4.5781E-07  error n
  4     1024  4.5781E-07  4.5781E-07  4.5781E-07  error n
  4     1024  4.5781E-07  4.5781E-07  4.5781E-07  error n
  4     1024  4.5781E-07  4.5781E-07  4.5781E-07  error n
  4     1024  4.5781E-07  4.5781E-07  4.5781E-07  error n
  4     1024  4.5781E-07  4.5781E-07  4.5781E-07  error n
  4     1024  4.5781E-07  4.5781E-07  4.5781E-07  error n
  4     1024  4.5781E-07  4.5781E-07  4.5781E-07  error n
  4     1024  4.5781E-07  4.5781E-07  4.5781E-07  error n
  4     1024  4.5781E-07  4.5781E-07  4.5781E-07  error n
  4     1024  4.5781E-07  4.5781E-07  4.5781E-07  error n
  4     1024  4.5781E-07  4.5781E-07  4.5781E-07  error n
  4     1024  4.5781E-07  4.5781E-07  4.5781E-07  error n
  4     1024  4.5781E-07  4.5781E-07  4.5781E-07  error n
  4     1024  4.5781E-07  4.5781E-07  4.5781E-07  error n
  4     1024  4.5781E-07  4.5781E-07  4.5781E-07  error n
  4     1024  4.5781E-07  4.5781E-07  4.5781E-07  error n
  4     1024  4.5781E-07  4.5781E-07  4.5781E-07  error n
  4     1024  4.5781E-07  4.5781E-07  4.5781E-07  error n
  4     1024  4.5781E-07  4.5781E-07  4.5781E-07  error n
  4     1024  4.5781E-07  4.5781E-07  4.5781E-07  error n
  4     1024  4.5781E-07  4.5781E-07  4.5781E-07  error n
  4     1024  4.5781E-07  4.5781E-07  4.5781E-07  error n
  4     1024  4.5781E-07  4.5781E-07  4.5781E-07  error n
  4     1024  4.5781E-07  4.5781E-07  4.5781E-07  error n
  4     1024  4.5781E-07  4.5781E-07  4.5781E-07  error n
  4     1024  4.5781E-07  4.5781E-07  4.5781E-07  error n
  4     1024  4.5781E-07  4.5781E-07  4.5781E-07  error n
  4     1024  4.5781E-07  4.5781E-07  4.5781E-07  error n
  4     1024  4.5781E-07  4.5781E-07  4.5781E-07  error n
  4     1024  4.5781E-07  4.5781E-07  4.5781E-07  error n
  4     1024  4.5781E-07  4.5781E-07  4.5781E-07  error n
  4     1024  4.5781E-07  4.5781E-07  4.5781E-07  error n
  4     1024  4.5781E-07  4.5781E-07  4.5781E-07  error n
  4     1024  4.5781E-07  4.5781E-07  4.5781E-07  error n
  4     1024  4.5781E-07  4.5781E-07  4.5781E-07  error n
  4     1024  4.5781E-07  4.5781E-07  4.5781E-07  error n
  4     1024  4.5781E-07  4.5781E-07  4.5781E-07  error n
  4     1024  4.5781E-07  4.5781E-07  4.5781E-07  error n
  4     1024  4.5781E-07  4.5781E-07  4.5781E-07  error n
  4     1024  4.5781E-07  4.5781E-07  4.5781E-07  error n
  4     1024  4.5781E-07  4.5781E-07  4.5781E-07  error n
  4     1024  4.5781E-07  4.5781E-07  4.5781E-07  error n
  4     1024  4.5781E-07  4.5781E-07  4.5781E-07  error n
  4     1024  4.5781E-07  4.5781E-07  4.5781E-07  error n
  4     1024  4.5781E-07  4.5781E-07  4.5781E-07  error n
  4     1024  4.5781E-07  4.5781E-07  4.5781E-07  error n
  4     1024  4.5781E-07  4.5781E-07  4.5781E-07  error n
  4     1024  4.5781E-07  4.5781E-07  4.5781E-07  error n
  4     1024  4.5781E-07  4.5781E-07  4.5781E-07  error n
  4     1024  4.5781E-07  4.5781E-07  4.5781E-07  error n
  4     1024  4.5781E-07  4.5781E-07  4.5781E-07  error n
  4     1024  4.5781E-07  4.5781E-07  4.5781E-07  error n
  4     1024  4.5781E-07  4.5781E-07  4.5781E-07  error n
  4     1024  4.5781E-07  4.5781E-07  4.5781E-07  error n
  
call exitt: dying ...
  
backtrace(): obtained 8 stack frames.
./nek5000() [0x768a95]
./nek5000() [0x94b489]
./nek5000() [0x40c94c]
./nek5000() [0x422d66]
./nek5000() [0x42131e]
./nek5000() [0x4054fe]
/lib64/libc.so.6(__libc_start_main+0xf5) [0x2aaab1ca3b25]
./nek5000() [0x405409]
  
total elapsed time             :   1.74396E+01 sec
total solver time incl. I/O    :   0.00000E+00 sec
time/timestep                  :   0.00000E+00 sec
CPU seconds/timestep/gridpt    :   0.00000E+00 sec

Application 2255888 resources: utime ~2217s, stime ~48s, Rss ~22616, inblocks ~0, outblocks ~0
