/----------------------------------------------------------\\
|      _   __ ______ __ __  ______  ____   ____   ____     |
|     / | / // ____// //_/ / ____/ / __ \\/ __ \\/ __ \\   |
|    /  |/ // __/  / ,<   /___ \\ / / / // / / // / / /    |
|   / /|  // /___ / /| | ____/ / / /_/ // /_/ // /_/ /     |
|  /_/ |_//_____//_/ |_|/_____/  \\___/ \\___/ \\___/      |
|                                                          |
|----------------------------------------------------------|
|                                                          |
| NEK5000:  Open Source Spectral Element Solver            |
| COPYRIGHT (c) 2008-2016 UCHICAGO ARGONNE, LLC            |
| Version:  16.0.0                                         |
| Web:      http://nek5000.mcs.anl.gov                     |
|                                                          |
\\----------------------------------------------------------/
                                                              

 Number of processors:         256
 REAL    wdsize      :           8
 INTEGER wdsize      :           4
 Timer accuracy      : 2.86E-07
 Reading /gpfs/theta-fs1/home/thilina/env/lx4/b12.rea                                                                                        

 mapping elements to processors
 Reading /gpfs/theta-fs1/home/thilina/env/lx4/b12.map                                                                                        
 RANK     0 IEG    3585    3586    3587    3588    3601    3602    3603    3604
                   3841    3842    3843    3844    3857    3858    3859    3860
 element load imbalance:            0          16          16
 done :: mapping elements to processors
  
           0  objects found
 118   Parameters from file:
   1      1.00000     p001 DENSITY
   2     -100.000     p002 VISCOS
   7      1.00000     p007 RHOCP
   8      1.00000     p008 CONDUCT
  11      1.00        p011 NSTEPS
  12    -0.500000E-02 p012 DT
  21     0.100000E-05 p021 DIVERGENCE
  22     0.100000E-07 p022 HELMHOLTZ
  24     0.100000E-09 p024 TOLREL
  25     0.100000E-09 p025 TOLABS
  26     0.250000     p026 COURANT/NTAU
  27      2.00000     p027 TORDER
  66      6.00000     p066 output : <0=ascii, else binary
  67      6.00000     p067 restart: <0=ascii, else binary
  99      3.00000     p099 dealiasing: <0--> off/3--> old/4--> new
 103     0.500000E-01 p103 weight of stabilizing filter (.01)
  
 nelgt/nelgv/lelt:        4096        4096         100
 lx1  /lx2  /lx3 :           4           4           4
 done :: read .rea file    5.9894     sec

 setup mesh topology
   Right-handed check complete for    4096 elements. OK.
   setvert3d:   4       84881      117649       84881       84881
 call usrsetvert
 done :: usrsetvert

gs_setup: 36505 unique labels shared
   pairwise times (avg, min, max): 0.00016843 0.0001436 0.00020709
   crystal router                : 0.000289782 0.000286317 0.000295496
   all reduce                    : 0.00138427 0.00137639 0.0013907
   used all_to_all method: pairwise
   handle bytes (avg, min, max): 17059.5 13244 18764
   buffer bytes (avg, min, max): 7570.5 4144 9248
   setupds time 8.2073E-02 seconds   0  4       84881        4096
           8  max multiplicity
 done :: setup mesh topology
  
 call usrdat
 done :: usrdat

 generate geometry data
 done :: generate geometry data
  
 call usrdat2
 done :: usrdat2

 regenerate geometry data           1
 NOTE: All elements deformed , param(59) ^=0
 done :: regenerate geometry data           1
  
 verify mesh topology
  0.000000000000000E+000   1.00000000000000       Xrange
  0.000000000000000E+000   1.00000000000000       Yrange
  0.000000000000000E+000   1.00000000000000       Zrange
 done :: verify mesh topology
  
 IFTRAN   = T
 IFFLOW   = T
 IFHEAT   = F
 IFSPLIT  = T
 IFLOMACH = F
 IFUSERVP = F
 IFUSERMV = F
 IFSTRS   = F
 IFCHAR   = F
 IFCYCLIC = F
 IFAXIS   = F
 IFMVBD   = F
 IFMELT   = F
 IFMODEL  = F
 IFKEPS   = F
 IFMOAB   = F
 IFNEKNEK = F
 IFSYNC   = T
   
 IFVCOR   = T
 IFINTQ   = F
 IFCWUZ   = F
 IFSWALL  = F
 IFGEOM   = F
 IFSURT   = F
 IFWCNO   = F
   
 IFTMSH for field           1    =  F
 IFADVC for field           1    =  T
 IFNONL for field           1    =  F
   
 Dealiasing enabled, lxd=           6
  
 Estimated eigenvalues
 EIGAA =    9.86960440108936     
 EIGGA =    46771.1605847527     
 EIGAE =    9.86960440108936     
 EIGAS =   8.333333333333333E-002
 EIGGE =    46771.1605847527     
 EIGGS =    2.00000000000000     
  
 verify mesh topology
  0.000000000000000E+000   1.00000000000000       Xrange
  0.000000000000000E+000   1.00000000000000       Yrange
  0.000000000000000E+000   1.00000000000000       Zrange
 done :: verify mesh topology
  
  E-solver strategy:  0 itr
 mg_nx:           1           3
 mg_ny:           1           3
 mg_nz:           1           3
 call usrsetvert
 done :: usrsetvert

gs_setup: 3513 unique labels shared
   pairwise times (avg, min, max): 0.000189386 0.00015738 0.000215292
   crystal router                : 0.000273763 0.000269318 0.000276899
   all reduce                    : 0.00102063 0.00101061 0.00103638
   used all_to_all method: pairwise
   handle bytes (avg, min, max): 3327.5 2492 3788
   buffer bytes (avg, min, max): 1626.5 816 2080
   setupds time 3.3392E-02 seconds   1  2        4913        4096
   setvert3d:   4       84881      117649       84881       84881
 call usrsetvert
 done :: usrsetvert

gs_setup: 36505 unique labels shared
   pairwise times (avg, min, max): 0.000220779 0.000171399 0.00025351
   crystal router                : 0.000405085 0.000388885 0.000422597
   all reduce                    : 0.00152342 0.0015151 0.0015357
   used all_to_all method: pairwise
   handle bytes (avg, min, max): 17059.5 13244 18764
   buffer bytes (avg, min, max): 7570.5 4144 9248
   setupds time 6.7369E-02 seconds   2  4       84881        4096
 regenerate geometry data           1
 NOTE: All elements deformed , param(59) ^=0
 done :: regenerate geometry data           1
  
 h1_mg_nx:           1           3
 h1_mg_ny:           1           3
 h1_mg_nz:           1           3
 call usrsetvert
 done :: usrsetvert

gs_setup: 3513 unique labels shared
   pairwise times (avg, min, max): 0.000155792 0.0001297 0.000184703
   crystal router                : 0.000222805 0.000221014 0.000226903
   all reduce                    : 0.000964004 0.000949597 0.000977516
   used all_to_all method: pairwise
   handle bytes (avg, min, max): 3327.5 2492 3788
   buffer bytes (avg, min, max): 1626.5 816 2080
   setupds time 3.1413E-02 seconds   3  2        4913        4096
   setvert3d:   4       84881      117649       84881       84881
 call usrsetvert
 done :: usrsetvert

gs_setup: 36505 unique labels shared
   pairwise times (avg, min, max): 0.000208558 0.000165296 0.000242996
   crystal router                : 0.000373193 0.000363278 0.000377488
   all reduce                    : 0.00140116 0.00139339 0.0014122
   used all_to_all method: pairwise
   handle bytes (avg, min, max): 17059.5 13244 18764
   buffer bytes (avg, min, max): 7570.5 4144 9248
   setupds time 5.8691E-02 seconds   4  4       84881        4096
   setvert3d:   4       84881      117649       84881       84881
 call usrsetvert
 done :: usrsetvert

gs_setup: 36505 unique labels shared
   pairwise times (avg, min, max): 0.00016099 0.000137401 0.0001894
   crystal router                : 0.000323663 0.000320411 0.000325608
   all reduce                    : 0.00166339 0.00165391 0.0016732
   used all_to_all method: pairwise
   handle bytes (avg, min, max): 17059.5 13244 18764
   buffer bytes (avg, min, max): 7570.5 4144 9248
   setupds time 5.1696E-02 seconds   5  4       84881        4096
   setvert3d:   6      269297      531441      269297      269297
 call usrsetvert
 done :: usrsetvert

gs_setup: 104313 unique labels shared
   pairwise times (avg, min, max): 0.000141137 0.000109386 0.000180888
   crystal router                : 0.000297585 0.000295997 0.000299716
   used all_to_all method: pairwise
   handle bytes (avg, min, max): 42695.5 33212 46796
   buffer bytes (avg, min, max): 17866.5 10032 21536
   setupds time 7.8531E-02 seconds   6  6      269297        4096
 setup h1 coarse grid, nx_crs=           2
 call usrsetvert
 done :: usrsetvert

gs_setup: 3513 unique labels shared
   pairwise times (avg, min, max): 0.000139178 0.000110698 0.000167894
   crystal router                : 0.00026564 0.000264502 0.00026679
   all reduce                    : 0.000816345 0.000813007 0.000822401
   used all_to_all method: pairwise
   handle bytes (avg, min, max): 3327.5 2492 3788
   buffer bytes (avg, min, max): 1626.5 816 2080
 done :: setup h1 coarse grid   0.231160163879395       sec
  
 call usrdat3
 done :: usrdat3

 set initial conditions
 nekuic (1) for ifld            1
 call nekuic for vel  
 xyz min     0.0000       0.0000       0.0000    
 uvwpt min   0.0000       0.0000       0.0000       0.0000       0.0000    
 PS min      0.0000       0.0000      0.99000E+22
 xyz max     1.0000       1.0000       1.0000    
 uvwpt max   0.0000       0.0000       0.0000       0.0000       0.0000    
 PS max      0.0000       0.0000     -0.99000E+22
 done :: set initial conditions
  
 call userchk
GFM max:  1.8084E-02  1.8084E-02  1.8084E-02  2.0460E-16  2.0460E-16  2.0460E-16
 
nelt =      16, np =       256, nx1 =       4, elements =      4096
Solve Time =   0.1291E-08
 
nelt =      16, np =       256, nx1 =       4, elements =      4096
Solve Time =   0.9426E-09
 
nelt =      16, np =       256, nx1 =       4, elements =      4096
Solve Time =   0.9341E-09
 
nelt =      16, np =       256, nx1 =       4, elements =      4096
Solve Time =   0.9319E-09
 
nelt =      16, np =       256, nx1 =       4, elements =      4096
Solve Time =   0.9323E-09
 
nelt =      16, np =       256, nx1 =       4, elements =      4096
Solve Time =   0.9297E-09
 
nelt =      16, np =       256, nx1 =       4, elements =      4096
Solve Time =   0.9331E-09
 
nelt =      16, np =       256, nx1 =       4, elements =      4096
Solve Time =   0.9600E-09
 
nelt =      16, np =       256, nx1 =       4, elements =      4096
Solve Time =   0.9466E-09
 
nelt =      16, np =       256, nx1 =       4, elements =      4096
Solve Time =   0.9437E-09
 
nelt =      16, np =       256, nx1 =       4, elements =      4096
Solve Time =   0.5331E-09
 
nelt =      16, np =       256, nx1 =       4, elements =      4096
Solve Time =   0.5111E-09
 
nelt =      16, np =       256, nx1 =       4, elements =      4096
Solve Time =   0.5105E-09
 
nelt =      16, np =       256, nx1 =       4, elements =      4096
Solve Time =   0.5165E-09
 
nelt =      16, np =       256, nx1 =       4, elements =      4096
Solve Time =   0.5250E-09
 
nelt =      16, np =       256, nx1 =       4, elements =      4096
Solve Time =   0.5066E-09
 
nelt =      16, np =       256, nx1 =       4, elements =      4096
Solve Time =   0.5118E-09
 
nelt =      16, np =       256, nx1 =       4, elements =      4096
Solve Time =   0.5156E-09
 
nelt =      16, np =       256, nx1 =       4, elements =      4096
Solve Time =   0.5081E-09
 
nelt =      16, np =       256, nx1 =       4, elements =      4096
Solve Time =   0.5128E-09
 
nelt =      16, np =       256, nx1 =       4, elements =      4096
Solve Time =   0.8410E-09
 
nelt =      16, np =       256, nx1 =       4, elements =      4096
Solve Time =   0.8316E-09
 
nelt =      16, np =       256, nx1 =       4, elements =      4096
Solve Time =   0.8359E-09
 
nelt =      16, np =       256, nx1 =       4, elements =      4096
Solve Time =   0.8316E-09
 
nelt =      16, np =       256, nx1 =       4, elements =      4096
Solve Time =   0.8312E-09
 
nelt =      16, np =       256, nx1 =       4, elements =      4096
Solve Time =   0.8439E-09
 
nelt =      16, np =       256, nx1 =       4, elements =      4096
Solve Time =   0.8566E-09
 
nelt =      16, np =       256, nx1 =       4, elements =      4096
Solve Time =   0.8539E-09
 
nelt =      16, np =       256, nx1 =       4, elements =      4096
Solve Time =   0.8454E-09
 
nelt =      16, np =       256, nx1 =       4, elements =      4096
Solve Time =   0.8385E-09
 
nelt =      16, np =       256, nx1 =       4, elements =      4096
Solve Time =   0.1056E-08
 
nelt =      16, np =       256, nx1 =       4, elements =      4096
Solve Time =   0.1046E-08
 
nelt =      16, np =       256, nx1 =       4, elements =      4096
Solve Time =   0.1044E-08
 
nelt =      16, np =       256, nx1 =       4, elements =      4096
Solve Time =   0.1035E-08
 
nelt =      16, np =       256, nx1 =       4, elements =      4096
Solve Time =   0.1040E-08
 
nelt =      16, np =       256, nx1 =       4, elements =      4096
Solve Time =   0.1046E-08
 
nelt =      16, np =       256, nx1 =       4, elements =      4096
Solve Time =   0.1039E-08
 
nelt =      16, np =       256, nx1 =       4, elements =      4096
Solve Time =   0.1039E-08
 
nelt =      16, np =       256, nx1 =       4, elements =      4096
Solve Time =   0.1057E-08
 
nelt =      16, np =       256, nx1 =       4, elements =      4096
Solve Time =   0.1065E-08
 
nelt =      16, np =       256, nx1 =       4, elements =      4096
Solve Time =   0.1299E-08
 
nelt =      16, np =       256, nx1 =       4, elements =      4096
Solve Time =   0.1251E-08
 
nelt =      16, np =       256, nx1 =       4, elements =      4096
Solve Time =   0.1268E-08
 
nelt =      16, np =       256, nx1 =       4, elements =      4096
Solve Time =   0.1244E-08
 
nelt =      16, np =       256, nx1 =       4, elements =      4096
Solve Time =   0.1264E-08
 
nelt =      16, np =       256, nx1 =       4, elements =      4096
Solve Time =   0.1265E-08
 
nelt =      16, np =       256, nx1 =       4, elements =      4096
Solve Time =   0.1239E-08
 
nelt =      16, np =       256, nx1 =       4, elements =      4096
Solve Time =   0.1252E-08
 
nelt =      16, np =       256, nx1 =       4, elements =      4096
Solve Time =   0.1246E-08
 
nelt =      16, np =       256, nx1 =       4, elements =      4096
Solve Time =   0.1278E-08
 schfile:
 /gpfs/theta-fs1/home/thilina/env/lx4/b12.sch                                   
                                                      
  4     4096  1.0000E+00  1.0000E+00  1.0000E+00  error v
  4     4096  1.0000E+00  1.0000E+00  1.0000E+00  error v
  4     4096  1.0000E+00  1.0000E+00  1.0000E+00  error v
  4     4096  1.0000E+00  1.0000E+00  1.0000E+00  error v
  4     4096  1.0000E+00  1.0000E+00  1.0000E+00  error v
  4     4096  1.0000E+00  1.0000E+00  1.0000E+00  error v
  4     4096  1.0000E+00  1.0000E+00  1.0000E+00  error v
  4     4096  1.0000E+00  1.0000E+00  1.0000E+00  error v
  4     4096  1.0000E+00  1.0000E+00  1.0000E+00  error v
  4     4096  1.0000E+00  1.0000E+00  1.0000E+00  error v
  4     4096  1.0000E+00  1.0000E+00  1.0000E+00  error v
  4     4096  1.0000E+00  1.0000E+00  1.0000E+00  error v
  4     4096  1.0000E+00  1.0000E+00  1.0000E+00  error v
  4     4096  1.0000E+00  1.0000E+00  1.0000E+00  error v
  4     4096  1.0000E+00  1.0000E+00  1.0000E+00  error v
  4     4096  1.0000E+00  1.0000E+00  1.0000E+00  error v
  4     4096  1.0000E+00  1.0000E+00  1.0000E+00  error v
  4     4096  1.0000E+00  1.0000E+00  1.0000E+00  error v
  4     4096  1.0000E+00  1.0000E+00  1.0000E+00  error v
  4     4096  1.0000E+00  1.0000E+00  1.0000E+00  error v
  4     4096  1.0000E+00  1.0000E+00  1.0000E+00  error v
  4     4096  1.0000E+00  1.0000E+00  1.0000E+00  error v
  4     4096  1.0000E+00  1.0000E+00  1.0000E+00  error v
  4     4096  1.0000E+00  1.0000E+00  1.0000E+00  error v
  4     4096  1.0000E+00  1.0000E+00  1.0000E+00  error v
  4     4096  1.0000E+00  1.0000E+00  1.0000E+00  error v
  4     4096  1.0000E+00  1.0000E+00  1.0000E+00  error v
  4     4096  1.0000E+00  1.0000E+00  1.0000E+00  error v
  4     4096  1.0000E+00  1.0000E+00  1.0000E+00  error v
  4     4096  1.0000E+00  1.0000E+00  1.0000E+00  error v
  4     4096  1.0000E+00  1.0000E+00  1.0000E+00  error v
  4     4096  1.0000E+00  1.0000E+00  1.0000E+00  error v
  4     4096  1.0000E+00  1.0000E+00  1.0000E+00  error v
  4     4096  1.0000E+00  1.0000E+00  1.0000E+00  error v
  4     4096  1.0000E+00  1.0000E+00  1.0000E+00  error v
  4     4096  1.0000E+00  1.0000E+00  1.0000E+00  error v
  4     4096  1.0000E+00  1.0000E+00  1.0000E+00  error v
  4     4096  1.0000E+00  1.0000E+00  1.0000E+00  error v
  4     4096  1.0000E+00  1.0000E+00  1.0000E+00  error v
  4     4096  1.0000E+00  1.0000E+00  1.0000E+00  error v
  4     4096  1.0000E+00  1.0000E+00  1.0000E+00  error v
  4     4096  1.0000E+00  1.0000E+00  1.0000E+00  error v
  4     4096  1.0000E+00  1.0000E+00  1.0000E+00  error v
  4     4096  1.0000E+00  1.0000E+00  1.0000E+00  error v
  4     4096  1.0000E+00  1.0000E+00  1.0000E+00  error v
  4     4096  1.0000E+00  1.0000E+00  1.0000E+00  error v
  4     4096  1.0000E+00  1.0000E+00  1.0000E+00  error v
  4     4096  1.0000E+00  1.0000E+00  1.0000E+00  error v
  4     4096  1.0000E+00  1.0000E+00  1.0000E+00  error v
  4     4096  1.0000E+00  1.0000E+00  1.0000E+00  error v
  4     4096  1.0000E+00  1.0000E+00  1.0000E+00  error v
  4     4096  1.0000E+00  1.0000E+00  1.0000E+00  error v
  4     4096  1.0000E+00  1.0000E+00  1.0000E+00  error v
  4     4096  1.0000E+00  1.0000E+00  1.0000E+00  error v
  4     4096  1.0000E+00  1.0000E+00  1.0000E+00  error v
  4     4096  1.0000E+00  1.0000E+00  1.0000E+00  error v
  4     4096  1.0000E+00  1.0000E+00  1.0000E+00  error v
  4     4096  1.0000E+00  1.0000E+00  1.0000E+00  error v
  4     4096  1.0000E+00  1.0000E+00  1.0000E+00  error v
  4     4096  1.0000E+00  1.0000E+00  1.0000E+00  error v
  4     4096  1.0000E+00  1.0000E+00  1.0000E+00  error v
  4     4096  1.0000E+00  1.0000E+00  1.0000E+00  error v
  4     4096  1.0000E+00  1.0000E+00  1.0000E+00  error v
  4     4096  1.0000E+00  1.0000E+00  1.0000E+00  error v
  4     4096  1.0000E+00  1.0000E+00  1.0000E+00  error v
  4     4096  1.0000E+00  1.0000E+00  1.0000E+00  error v
  4     4096  1.0000E+00  1.0000E+00  1.0000E+00  error v
  4     4096  1.0000E+00  1.0000E+00  1.0000E+00  error v
  4     4096  1.0000E+00  1.0000E+00  1.0000E+00  error v
  4     4096  1.0000E+00  1.0000E+00  1.0000E+00  error v
  4     4096  1.0000E+00  1.0000E+00  1.0000E+00  error v
  4     4096  1.0000E+00  1.0000E+00  1.0000E+00  error v
  4     4096  1.0000E+00  1.0000E+00  1.0000E+00  error v
  4     4096  1.0000E+00  1.0000E+00  1.0000E+00  error v
  4     4096  1.0000E+00  1.0000E+00  1.0000E+00  error v
  4     4096  1.0000E+00  1.0000E+00  1.0000E+00  error v
  4     4096  1.0000E+00  1.0000E+00  1.0000E+00  error v
  4     4096  1.0000E+00  1.0000E+00  1.0000E+00  error v
  4     4096  1.0000E+00  1.0000E+00  1.0000E+00  error v
  4     4096  1.0000E+00  1.0000E+00  1.0000E+00  error v
  4     4096  1.0000E+00  1.0000E+00  1.0000E+00  error v
  4     4096  1.0000E+00  1.0000E+00  1.0000E+00  error v
  4     4096  1.0000E+00  1.0000E+00  1.0000E+00  error v
  4     4096  1.0000E+00  1.0000E+00  1.0000E+00  error v
  4     4096  1.0000E+00  1.0000E+00  1.0000E+00  error v
  4     4096  1.0000E+00  1.0000E+00  1.0000E+00  error v
  4     4096  1.0000E+00  1.0000E+00  1.0000E+00  error v
  4     4096  1.0000E+00  1.0000E+00  1.0000E+00  error v
  4     4096  1.0000E+00  1.0000E+00  1.0000E+00  error v
  4     4096  1.0000E+00  1.0000E+00  1.0000E+00  error v
  4     4096  1.0000E+00  1.0000E+00  1.0000E+00  error v
  4     4096  1.0000E+00  1.0000E+00  1.0000E+00  error v
  4     4096  1.0000E+00  1.0000E+00  1.0000E+00  error v
  4     4096  1.0000E+00  1.0000E+00  1.0000E+00  error v
  4     4096  1.0000E+00  1.0000E+00  1.0000E+00  error v
  4     4096  1.0000E+00  1.0000E+00  1.0000E+00  error v
  4     4096  1.0000E+00  1.0000E+00  1.0000E+00  error v
  4     4096  1.0000E+00  1.0000E+00  1.0000E+00  error v
  4     4096  1.0000E+00  1.0000E+00  1.0000E+00  error v
  4     4096  1.0000E+00  1.0000E+00  1.0000E+00  error v
  4     4096  1.0000E+00  1.0000E+00  1.0000E+00  error v
  4     4096  1.0000E+00  1.0000E+00  1.0000E+00  error v
  4     4096  1.0000E+00  1.0000E+00  1.0000E+00  error v
  4     4096  1.0000E+00  1.0000E+00  1.0000E+00  error v
  4     4096  1.0000E+00  1.0000E+00  1.0000E+00  error v
  4     4096  1.0000E+00  1.0000E+00  1.0000E+00  error v
  4     4096  1.0000E+00  1.0000E+00  1.0000E+00  error v
  4     4096  1.0000E+00  1.0000E+00  1.0000E+00  error v
  4     4096  1.0000E+00  1.0000E+00  1.0000E+00  error v
  4     4096  1.0000E+00  1.0000E+00  1.0000E+00  error v
  4     4096  1.0000E+00  1.0000E+00  1.0000E+00  error v
  4     4096  1.0000E+00  1.0000E+00  1.0000E+00  error v
  4     4096  1.0000E+00  1.0000E+00  1.0000E+00  error v
  4     4096  1.0000E+00  1.0000E+00  1.0000E+00  error v
  4     4096  1.0000E+00  1.0000E+00  1.0000E+00  error v
  4     4096  1.0000E+00  1.0000E+00  1.0000E+00  error v
  4     4096  1.0000E+00  1.0000E+00  1.0000E+00  error v
  4     4096  1.0000E+00  1.0000E+00  1.0000E+00  error v
  4     4096  1.0000E+00  1.0000E+00  1.0000E+00  error v
  4     4096  1.0000E+00  1.0000E+00  1.0000E+00  error v
  4     4096  1.0000E+00  1.0000E+00  1.0000E+00  error v
  4     4096  1.0000E+00  1.0000E+00  1.0000E+00  error v
  4     4096  1.0000E+00  1.0000E+00  1.0000E+00  error v
  4     4096  1.0000E+00  1.0000E+00  1.0000E+00  error v
  4     4096  1.0000E+00  1.0000E+00  1.0000E+00  error v
  4     4096  1.0000E+00  1.0000E+00  1.0000E+00  error v
  4     4096  1.0000E+00  1.0000E+00  1.0000E+00  error v
  4     4096  1.0000E+00  1.0000E+00  1.0000E+00  error v
  4     4096  1.0000E+00  1.0000E+00  1.0000E+00  error v
  4     4096  1.0000E+00  1.0000E+00  1.0000E+00  error v
  4     4096  1.0000E+00  1.0000E+00  1.0000E+00  error v
  4     4096  1.0000E+00  1.0000E+00  1.0000E+00  error v
  4     4096  1.0000E+00  1.0000E+00  1.0000E+00  error v
  4     4096  1.0000E+00  1.0000E+00  1.0000E+00  error v
  4     4096  1.0000E+00  1.0000E+00  1.0000E+00  error v
  4     4096  1.0000E+00  1.0000E+00  1.0000E+00  error v
  4     4096  1.0000E+00  1.0000E+00  1.0000E+00  error v
  4     4096  1.0000E+00  1.0000E+00  1.0000E+00  error v
  4     4096  1.0000E+00  1.0000E+00  1.0000E+00  error v
  4     4096  1.0000E+00  1.0000E+00  1.0000E+00  error v
  4     4096  1.0000E+00  1.0000E+00  1.0000E+00  error v
  4     4096  1.0000E+00  1.0000E+00  1.0000E+00  error v
  4     4096  1.0000E+00  1.0000E+00  1.0000E+00  error v
  4     4096  1.0000E+00  1.0000E+00  1.0000E+00  error v
  4     4096  1.0000E+00  1.0000E+00  1.0000E+00  error v
  4     4096  1.0000E+00  1.0000E+00  1.0000E+00  error v
  4     4096  1.0000E+00  1.0000E+00  1.0000E+00  error v
  4     4096  1.0000E+00  1.0000E+00  1.0000E+00  error v
  4     4096  1.0000E+00  1.0000E+00  1.0000E+00  error v
  4     4096  1.0000E+00  1.0000E+00  1.0000E+00  error v
  4     4096  1.0000E+00  1.0000E+00  1.0000E+00  error v
  4     4096  1.0000E+00  1.0000E+00  1.0000E+00  error v
  4     4096  1.0000E+00  1.0000E+00  1.0000E+00  error v
  4     4096  1.0000E+00  1.0000E+00  1.0000E+00  error v
  4     4096  1.0000E+00  1.0000E+00  1.0000E+00  error v
  4     4096  1.0000E+00  1.0000E+00  1.0000E+00  error v
  4     4096  1.0000E+00  1.0000E+00  1.0000E+00  error v
  4     4096  1.0000E+00  1.0000E+00  1.0000E+00  error v
  4     4096  1.0000E+00  1.0000E+00  1.0000E+00  error v
  4     4096  1.0000E+00  1.0000E+00  1.0000E+00  error v
  4     4096  1.0000E+00  1.0000E+00  1.0000E+00  error v
  4     4096  1.0000E+00  1.0000E+00  1.0000E+00  error v
  4     4096  1.0000E+00  1.0000E+00  1.0000E+00  error v
  4     4096  1.0000E+00  1.0000E+00  1.0000E+00  error v
  4     4096  1.0000E+00  1.0000E+00  1.0000E+00  error v
  4     4096  1.0000E+00  1.0000E+00  1.0000E+00  error v
  4     4096  1.0000E+00  1.0000E+00  1.0000E+00  error v
  4     4096  1.0000E+00  1.0000E+00  1.0000E+00  error v
  4     4096  1.0000E+00  1.0000E+00  1.0000E+00  error v
  4     4096  1.0000E+00  1.0000E+00  1.0000E+00  error v
  4     4096  1.0000E+00  1.0000E+00  1.0000E+00  error v
  4     4096  1.0000E+00  1.0000E+00  1.0000E+00  error v
  4     4096  1.0000E+00  1.0000E+00  1.0000E+00  error v
  4     4096  1.0000E+00  1.0000E+00  1.0000E+00  error v
  4     4096  1.0000E+00  1.0000E+00  1.0000E+00  error v
  4     4096  1.0000E+00  1.0000E+00  1.0000E+00  error v
  4     4096  1.0000E+00  1.0000E+00  1.0000E+00  error v
  4     4096  1.0000E+00  1.0000E+00  1.0000E+00  error v
  4     4096  1.0000E+00  1.0000E+00  1.0000E+00  error v
  4     4096  1.0000E+00  1.0000E+00  1.0000E+00  error v
  4     4096  1.0000E+00  1.0000E+00  1.0000E+00  error v
  4     4096  1.0000E+00  1.0000E+00  1.0000E+00  error v
  4     4096  1.0000E+00  1.0000E+00  1.0000E+00  error v
  4     4096  1.0000E+00  1.0000E+00  1.0000E+00  error v
  4     4096  1.0000E+00  1.0000E+00  1.0000E+00  error v
  4     4096  1.0000E+00  1.0000E+00  1.0000E+00  error v
  4     4096  1.0000E+00  1.0000E+00  1.0000E+00  error v
  4     4096  1.0000E+00  1.0000E+00  1.0000E+00  error v
  4     4096  1.0000E+00  1.0000E+00  1.0000E+00  error v
  4     4096  1.0000E+00  1.0000E+00  1.0000E+00  error v
  4     4096  1.0000E+00  1.0000E+00  1.0000E+00  error v
  4     4096  1.0000E+00  1.0000E+00  1.0000E+00  error v
  4     4096  1.0000E+00  1.0000E+00  1.0000E+00  error v
  4     4096  1.0000E+00  1.0000E+00  1.0000E+00  error v
  4     4096  1.0000E+00  1.0000E+00  1.0000E+00  error v
  4     4096  1.0000E+00  1.0000E+00  1.0000E+00  error v
  4     4096  1.0000E+00  1.0000E+00  1.0000E+00  error v
  4     4096  1.0000E+00  1.0000E+00  1.0000E+00  error v
  4     4096  1.0000E+00  1.0000E+00  1.0000E+00  error v
  4     4096  1.0000E+00  1.0000E+00  1.0000E+00  error v
  4     4096  1.0000E+00  1.0000E+00  1.0000E+00  error v
  4     4096  1.0000E+00  1.0000E+00  1.0000E+00  error v
  4     4096  1.0000E+00  1.0000E+00  1.0000E+00  error v
  4     4096  1.0000E+00  1.0000E+00  1.0000E+00  error v
  4     4096  1.0000E+00  1.0000E+00  1.0000E+00  error v
  4     4096  1.0000E+00  1.0000E+00  1.0000E+00  error v
  4     4096  1.0000E+00  1.0000E+00  1.0000E+00  error v
  4     4096  1.0000E+00  1.0000E+00  1.0000E+00  error v
  4     4096  1.0000E+00  1.0000E+00  1.0000E+00  error v
  4     4096  1.0000E+00  1.0000E+00  1.0000E+00  error v
  4     4096  1.0000E+00  1.0000E+00  1.0000E+00  error v
  4     4096  1.0000E+00  1.0000E+00  1.0000E+00  error v
  4     4096  1.0000E+00  1.0000E+00  1.0000E+00  error v
  4     4096  1.0000E+00  1.0000E+00  1.0000E+00  error v
  4     4096  1.0000E+00  1.0000E+00  1.0000E+00  error v
  4     4096  1.0000E+00  1.0000E+00  1.0000E+00  error v
  4     4096  1.0000E+00  1.0000E+00  1.0000E+00  error v
  4     4096  1.0000E+00  1.0000E+00  1.0000E+00  error v
  4     4096  1.0000E+00  1.0000E+00  1.0000E+00  error v
  4     4096  1.0000E+00  1.0000E+00  1.0000E+00  error v
  4     4096  1.0000E+00  1.0000E+00  1.0000E+00  error v
  4     4096  1.0000E+00  1.0000E+00  1.0000E+00  error v
  4     4096  1.0000E+00  1.0000E+00  1.0000E+00  error v
  4     4096  1.0000E+00  1.0000E+00  1.0000E+00  error v
  4     4096  1.0000E+00  1.0000E+00  1.0000E+00  error v
  4     4096  1.0000E+00  1.0000E+00  1.0000E+00  error v
  4     4096  1.0000E+00  1.0000E+00  1.0000E+00  error v
  4     4096  1.0000E+00  1.0000E+00  1.0000E+00  error v
  4     4096  1.0000E+00  1.0000E+00  1.0000E+00  error v
  4     4096  1.0000E+00  1.0000E+00  1.0000E+00  error v
  4     4096  1.0000E+00  1.0000E+00  1.0000E+00  error v
  4     4096  1.0000E+00  1.0000E+00  1.0000E+00  error v
  4     4096  1.0000E+00  1.0000E+00  1.0000E+00  error v
  4     4096  1.0000E+00  1.0000E+00  1.0000E+00  error v
  4     4096  1.0000E+00  1.0000E+00  1.0000E+00  error v
  4     4096  1.0000E+00  1.0000E+00  1.0000E+00  error v
  4     4096  1.0000E+00  1.0000E+00  1.0000E+00  error v
  4     4096  1.0000E+00  1.0000E+00  1.0000E+00  error v
  4     4096  1.0000E+00  1.0000E+00  1.0000E+00  error v
  4     4096  1.0000E+00  1.0000E+00  1.0000E+00  error v
  4     4096  1.0000E+00  1.0000E+00  1.0000E+00  error v
  4     4096  1.0000E+00  1.0000E+00  1.0000E+00  error v
  4     4096  1.0000E+00  1.0000E+00  1.0000E+00  error v
  4     4096  1.0000E+00  1.0000E+00  1.0000E+00  error v
  4     4096  1.0000E+00  1.0000E+00  1.0000E+00  error v
  4     4096  1.0000E+00  1.0000E+00  1.0000E+00  error v
  4     4096  1.0000E+00  1.0000E+00  1.0000E+00  error v
  4     4096  1.0000E+00  1.0000E+00  1.0000E+00  error v
  4     4096  1.0000E+00  1.0000E+00  1.0000E+00  error v
  4     4096  1.0000E+00  1.0000E+00  1.0000E+00  error v
  4     4096  1.0000E+00  1.0000E+00  1.0000E+00  error v
  4     4096  1.0000E+00  1.0000E+00  1.0000E+00  error v
  4     4096  1.0000E+00  1.0000E+00  1.0000E+00  error v
  4     4096  1.0000E+00  1.0000E+00  1.0000E+00  error v
  4     4096  1.0000E+00  1.0000E+00  1.0000E+00  error v
  4     4096  1.0000E+00  1.0000E+00  1.0000E+00  error v
 
nelt =      16, np =       256, nx1 =       4, elements =      4096
Solve Time =   0.1880E-08
 
nelt =      16, np =       256, nx1 =       4, elements =      4096
Solve Time =   0.1853E-08
 
nelt =      16, np =       256, nx1 =       4, elements =      4096
Solve Time =   0.1816E-08
 
nelt =      16, np =       256, nx1 =       4, elements =      4096
Solve Time =   0.1799E-08
 
nelt =      16, np =       256, nx1 =       4, elements =      4096
Solve Time =   0.1797E-08
 
nelt =      16, np =       256, nx1 =       4, elements =      4096
Solve Time =   0.1785E-08
 
nelt =      16, np =       256, nx1 =       4, elements =      4096
Solve Time =   0.1782E-08
 
nelt =      16, np =       256, nx1 =       4, elements =      4096
Solve Time =   0.1781E-08
 
nelt =      16, np =       256, nx1 =       4, elements =      4096
Solve Time =   0.1824E-08
 
nelt =      16, np =       256, nx1 =       4, elements =      4096
Solve Time =   0.1812E-08
  4     4096  1.6771E-08  1.6771E-08  1.6771E-08  error s
  4     4096  1.6771E-08  1.6771E-08  1.6771E-08  error s
  4     4096  1.6771E-08  1.6771E-08  1.6771E-08  error s
  4     4096  1.6771E-08  1.6771E-08  1.6771E-08  error s
  4     4096  1.6771E-08  1.6771E-08  1.6771E-08  error s
  4     4096  1.6771E-08  1.6771E-08  1.6771E-08  error s
  4     4096  1.6771E-08  1.6771E-08  1.6771E-08  error s
  4     4096  1.6771E-08  1.6771E-08  1.6771E-08  error s
  4     4096  1.6771E-08  1.6771E-08  1.6771E-08  error s
  4     4096  1.6771E-08  1.6771E-08  1.6771E-08  error s
  4     4096  1.6771E-08  1.6771E-08  1.6771E-08  error s
  4     4096  1.6771E-08  1.6771E-08  1.6771E-08  error s
  4     4096  1.6771E-08  1.6771E-08  1.6771E-08  error s
  4     4096  1.6771E-08  1.6771E-08  1.6771E-08  error s
  4     4096  1.6771E-08  1.6771E-08  1.6771E-08  error s
  4     4096  1.6771E-08  1.6771E-08  1.6771E-08  error s
  4     4096  1.6771E-08  1.6771E-08  1.6771E-08  error s
  4     4096  1.6771E-08  1.6771E-08  1.6771E-08  error s
  4     4096  1.6771E-08  1.6771E-08  1.6771E-08  error s
  4     4096  1.6771E-08  1.6771E-08  1.6771E-08  error s
  4     4096  1.6771E-08  1.6771E-08  1.6771E-08  error s
  4     4096  1.6771E-08  1.6771E-08  1.6771E-08  error s
  4     4096  1.6771E-08  1.6771E-08  1.6771E-08  error s
  4     4096  1.6771E-08  1.6771E-08  1.6771E-08  error s
  4     4096  1.6771E-08  1.6771E-08  1.6771E-08  error s
  4     4096  1.6771E-08  1.6771E-08  1.6771E-08  error s
  4     4096  1.6771E-08  1.6771E-08  1.6771E-08  error s
  4     4096  1.6771E-08  1.6771E-08  1.6771E-08  error s
  4     4096  1.6771E-08  1.6771E-08  1.6771E-08  error s
  4     4096  1.6771E-08  1.6771E-08  1.6771E-08  error s
  4     4096  1.6771E-08  1.6771E-08  1.6771E-08  error s
  4     4096  1.6771E-08  1.6771E-08  1.6771E-08  error s
  4     4096  1.6771E-08  1.6771E-08  1.6771E-08  error s
  4     4096  1.6771E-08  1.6771E-08  1.6771E-08  error s
  4     4096  1.6771E-08  1.6771E-08  1.6771E-08  error s
  4     4096  1.6771E-08  1.6771E-08  1.6771E-08  error s
  4     4096  1.6771E-08  1.6771E-08  1.6771E-08  error s
  4     4096  1.6771E-08  1.6771E-08  1.6771E-08  error s
  4     4096  1.6771E-08  1.6771E-08  1.6771E-08  error s
  4     4096  1.6771E-08  1.6771E-08  1.6771E-08  error s
  4     4096  1.6771E-08  1.6771E-08  1.6771E-08  error s
  4     4096  1.6771E-08  1.6771E-08  1.6771E-08  error s
  4     4096  1.6771E-08  1.6771E-08  1.6771E-08  error s
  4     4096  1.6771E-08  1.6771E-08  1.6771E-08  error s
  4     4096  1.6771E-08  1.6771E-08  1.6771E-08  error s
  4     4096  1.6771E-08  1.6771E-08  1.6771E-08  error s
  4     4096  1.6771E-08  1.6771E-08  1.6771E-08  error s
  4     4096  1.6771E-08  1.6771E-08  1.6771E-08  error s
  4     4096  1.6771E-08  1.6771E-08  1.6771E-08  error s
  4     4096  1.6771E-08  1.6771E-08  1.6771E-08  error s
  4     4096  1.6771E-08  1.6771E-08  1.6771E-08  error s
  4     4096  1.6771E-08  1.6771E-08  1.6771E-08  error s
  4     4096  1.6771E-08  1.6771E-08  1.6771E-08  error s
  4     4096  1.6771E-08  1.6771E-08  1.6771E-08  error s
  4     4096  1.6771E-08  1.6771E-08  1.6771E-08  error s
  4     4096  1.6771E-08  1.6771E-08  1.6771E-08  error s
  4     4096  1.6771E-08  1.6771E-08  1.6771E-08  error s
  4     4096  1.6771E-08  1.6771E-08  1.6771E-08  error s
  4     4096  1.6771E-08  1.6771E-08  1.6771E-08  error s
  4     4096  1.6771E-08  1.6771E-08  1.6771E-08  error s
  4     4096  1.6771E-08  1.6771E-08  1.6771E-08  error s
  4     4096  1.6771E-08  1.6771E-08  1.6771E-08  error s
  4     4096  1.6771E-08  1.6771E-08  1.6771E-08  error s
  4     4096  1.6771E-08  1.6771E-08  1.6771E-08  error s
  4     4096  1.6771E-08  1.6771E-08  1.6771E-08  error s
  4     4096  1.6771E-08  1.6771E-08  1.6771E-08  error s
  4     4096  1.6771E-08  1.6771E-08  1.6771E-08  error s
  4     4096  1.6771E-08  1.6771E-08  1.6771E-08  error s
  4     4096  1.6771E-08  1.6771E-08  1.6771E-08  error s
  4     4096  1.6771E-08  1.6771E-08  1.6771E-08  error s
  4     4096  1.6771E-08  1.6771E-08  1.6771E-08  error s
  4     4096  1.6771E-08  1.6771E-08  1.6771E-08  error s
  4     4096  1.6771E-08  1.6771E-08  1.6771E-08  error s
  4     4096  1.6771E-08  1.6771E-08  1.6771E-08  error s
  4     4096  1.6771E-08  1.6771E-08  1.6771E-08  error s
  4     4096  1.6771E-08  1.6771E-08  1.6771E-08  error s
  4     4096  1.6771E-08  1.6771E-08  1.6771E-08  error s
  4     4096  1.6771E-08  1.6771E-08  1.6771E-08  error s
  4     4096  1.6771E-08  1.6771E-08  1.6771E-08  error s
  4     4096  1.6771E-08  1.6771E-08  1.6771E-08  error s
  4     4096  1.6771E-08  1.6771E-08  1.6771E-08  error s
  4     4096  1.6771E-08  1.6771E-08  1.6771E-08  error s
  4     4096  1.6771E-08  1.6771E-08  1.6771E-08  error s
  4     4096  1.6771E-08  1.6771E-08  1.6771E-08  error s
  4     4096  1.6771E-08  1.6771E-08  1.6771E-08  error s
  4     4096  1.6771E-08  1.6771E-08  1.6771E-08  error s
  4     4096  1.6771E-08  1.6771E-08  1.6771E-08  error s
  4     4096  1.6771E-08  1.6771E-08  1.6771E-08  error s
  4     4096  1.6771E-08  1.6771E-08  1.6771E-08  error s
  4     4096  1.6771E-08  1.6771E-08  1.6771E-08  error s
  4     4096  1.6771E-08  1.6771E-08  1.6771E-08  error s
  4     4096  1.6771E-08  1.6771E-08  1.6771E-08  error s
  4     4096  1.6771E-08  1.6771E-08  1.6771E-08  error s
  4     4096  1.6771E-08  1.6771E-08  1.6771E-08  error s
  4     4096  1.6771E-08  1.6771E-08  1.6771E-08  error s
  4     4096  1.6771E-08  1.6771E-08  1.6771E-08  error s
  4     4096  1.6771E-08  1.6771E-08  1.6771E-08  error s
  4     4096  1.6771E-08  1.6771E-08  1.6771E-08  error s
  4     4096  1.6771E-08  1.6771E-08  1.6771E-08  error s
  4     4096  1.6771E-08  1.6771E-08  1.6771E-08  error s
  4     4096  1.6771E-08  1.6771E-08  1.6771E-08  error s
  4     4096  1.6771E-08  1.6771E-08  1.6771E-08  error s
  4     4096  1.6771E-08  1.6771E-08  1.6771E-08  error s
  4     4096  1.6771E-08  1.6771E-08  1.6771E-08  error s
  4     4096  1.6771E-08  1.6771E-08  1.6771E-08  error s
  4     4096  1.6771E-08  1.6771E-08  1.6771E-08  error s
  4     4096  1.6771E-08  1.6771E-08  1.6771E-08  error s
  4     4096  1.6771E-08  1.6771E-08  1.6771E-08  error s
  4     4096  1.6771E-08  1.6771E-08  1.6771E-08  error s
  4     4096  1.6771E-08  1.6771E-08  1.6771E-08  error s
  4     4096  1.6771E-08  1.6771E-08  1.6771E-08  error s
  4     4096  1.6771E-08  1.6771E-08  1.6771E-08  error s
  4     4096  1.6771E-08  1.6771E-08  1.6771E-08  error s
  4     4096  1.6771E-08  1.6771E-08  1.6771E-08  error s
  4     4096  1.6771E-08  1.6771E-08  1.6771E-08  error s
  4     4096  1.6771E-08  1.6771E-08  1.6771E-08  error s
  4     4096  1.6771E-08  1.6771E-08  1.6771E-08  error s
  4     4096  1.6771E-08  1.6771E-08  1.6771E-08  error s
  4     4096  1.6771E-08  1.6771E-08  1.6771E-08  error s
  4     4096  1.6771E-08  1.6771E-08  1.6771E-08  error s
  4     4096  1.6771E-08  1.6771E-08  1.6771E-08  error s
  4     4096  1.6771E-08  1.6771E-08  1.6771E-08  error s
  4     4096  1.6771E-08  1.6771E-08  1.6771E-08  error s
  4     4096  1.6771E-08  1.6771E-08  1.6771E-08  error s
  4     4096  1.6771E-08  1.6771E-08  1.6771E-08  error s
  4     4096  1.6771E-08  1.6771E-08  1.6771E-08  error s
  4     4096  1.6771E-08  1.6771E-08  1.6771E-08  error s
  4     4096  1.6771E-08  1.6771E-08  1.6771E-08  error s
  4     4096  1.6771E-08  1.6771E-08  1.6771E-08  error s
  4     4096  1.6771E-08  1.6771E-08  1.6771E-08  error s
  4     4096  1.6771E-08  1.6771E-08  1.6771E-08  error s
  4     4096  1.6771E-08  1.6771E-08  1.6771E-08  error s
  4     4096  1.6771E-08  1.6771E-08  1.6771E-08  error s
  4     4096  1.6771E-08  1.6771E-08  1.6771E-08  error s
  4     4096  1.6771E-08  1.6771E-08  1.6771E-08  error s
  4     4096  1.6771E-08  1.6771E-08  1.6771E-08  error s
  4     4096  1.6771E-08  1.6771E-08  1.6771E-08  error s
  4     4096  1.6771E-08  1.6771E-08  1.6771E-08  error s
  4     4096  1.6771E-08  1.6771E-08  1.6771E-08  error s
  4     4096  1.6771E-08  1.6771E-08  1.6771E-08  error s
  4     4096  1.6771E-08  1.6771E-08  1.6771E-08  error s
  4     4096  1.6771E-08  1.6771E-08  1.6771E-08  error s
  4     4096  1.6771E-08  1.6771E-08  1.6771E-08  error s
  4     4096  1.6771E-08  1.6771E-08  1.6771E-08  error s
  4     4096  1.6771E-08  1.6771E-08  1.6771E-08  error s
  4     4096  1.6771E-08  1.6771E-08  1.6771E-08  error s
  4     4096  1.6771E-08  1.6771E-08  1.6771E-08  error s
  4     4096  1.6771E-08  1.6771E-08  1.6771E-08  error s
  4     4096  1.6771E-08  1.6771E-08  1.6771E-08  error s
  4     4096  1.6771E-08  1.6771E-08  1.6771E-08  error s
  4     4096  1.6771E-08  1.6771E-08  1.6771E-08  error s
  4     4096  1.6771E-08  1.6771E-08  1.6771E-08  error s
  4     4096  1.6771E-08  1.6771E-08  1.6771E-08  error s
  4     4096  1.6771E-08  1.6771E-08  1.6771E-08  error s
  4     4096  1.6771E-08  1.6771E-08  1.6771E-08  error s
  4     4096  1.6771E-08  1.6771E-08  1.6771E-08  error s
  4     4096  1.6771E-08  1.6771E-08  1.6771E-08  error s
  4     4096  1.6771E-08  1.6771E-08  1.6771E-08  error s
  4     4096  1.6771E-08  1.6771E-08  1.6771E-08  error s
  4     4096  1.6771E-08  1.6771E-08  1.6771E-08  error s
  4     4096  1.6771E-08  1.6771E-08  1.6771E-08  error s
  4     4096  1.6771E-08  1.6771E-08  1.6771E-08  error s
  4     4096  1.6771E-08  1.6771E-08  1.6771E-08  error s
  4     4096  1.6771E-08  1.6771E-08  1.6771E-08  error s
  4     4096  1.6771E-08  1.6771E-08  1.6771E-08  error s
  4     4096  1.6771E-08  1.6771E-08  1.6771E-08  error s
  4     4096  1.6771E-08  1.6771E-08  1.6771E-08  error s
  4     4096  1.6771E-08  1.6771E-08  1.6771E-08  error s
  4     4096  1.6771E-08  1.6771E-08  1.6771E-08  error s
  4     4096  1.6771E-08  1.6771E-08  1.6771E-08  error s
  4     4096  1.6771E-08  1.6771E-08  1.6771E-08  error s
  4     4096  1.6771E-08  1.6771E-08  1.6771E-08  error s
  4     4096  1.6771E-08  1.6771E-08  1.6771E-08  error s
  4     4096  1.6771E-08  1.6771E-08  1.6771E-08  error s
  4     4096  1.6771E-08  1.6771E-08  1.6771E-08  error s
  4     4096  1.6771E-08  1.6771E-08  1.6771E-08  error s
  4     4096  1.6771E-08  1.6771E-08  1.6771E-08  error s
  4     4096  1.6771E-08  1.6771E-08  1.6771E-08  error s
  4     4096  1.6771E-08  1.6771E-08  1.6771E-08  error s
  4     4096  1.6771E-08  1.6771E-08  1.6771E-08  error s
  4     4096  1.6771E-08  1.6771E-08  1.6771E-08  error s
  4     4096  1.6771E-08  1.6771E-08  1.6771E-08  error s
  4     4096  1.6771E-08  1.6771E-08  1.6771E-08  error s
  4     4096  1.6771E-08  1.6771E-08  1.6771E-08  error s
  4     4096  1.6771E-08  1.6771E-08  1.6771E-08  error s
  4     4096  1.6771E-08  1.6771E-08  1.6771E-08  error s
  4     4096  1.6771E-08  1.6771E-08  1.6771E-08  error s
  4     4096  1.6771E-08  1.6771E-08  1.6771E-08  error s
  4     4096  1.6771E-08  1.6771E-08  1.6771E-08  error s
  4     4096  1.6771E-08  1.6771E-08  1.6771E-08  error s
  4     4096  1.6771E-08  1.6771E-08  1.6771E-08  error s
  4     4096  1.6771E-08  1.6771E-08  1.6771E-08  error s
  4     4096  1.6771E-08  1.6771E-08  1.6771E-08  error s
  4     4096  1.6771E-08  1.6771E-08  1.6771E-08  error s
  4     4096  1.6771E-08  1.6771E-08  1.6771E-08  error s
  4     4096  1.6771E-08  1.6771E-08  1.6771E-08  error s
  4     4096  1.6771E-08  1.6771E-08  1.6771E-08  error s
  4     4096  1.6771E-08  1.6771E-08  1.6771E-08  error s
  4     4096  1.6771E-08  1.6771E-08  1.6771E-08  error s
  4     4096  1.6771E-08  1.6771E-08  1.6771E-08  error s
  4     4096  1.6771E-08  1.6771E-08  1.6771E-08  error s
  4     4096  1.6771E-08  1.6771E-08  1.6771E-08  error s
  4     4096  1.6771E-08  1.6771E-08  1.6771E-08  error s
  4     4096  1.6771E-08  1.6771E-08  1.6771E-08  error s
  4     4096  1.6771E-08  1.6771E-08  1.6771E-08  error s
  4     4096  1.6771E-08  1.6771E-08  1.6771E-08  error s
  4     4096  1.6771E-08  1.6771E-08  1.6771E-08  error s
  4     4096  1.6771E-08  1.6771E-08  1.6771E-08  error s
  4     4096  1.6771E-08  1.6771E-08  1.6771E-08  error s
  4     4096  1.6771E-08  1.6771E-08  1.6771E-08  error s
  4     4096  1.6771E-08  1.6771E-08  1.6771E-08  error s
  4     4096  1.6771E-08  1.6771E-08  1.6771E-08  error s
  4     4096  1.6771E-08  1.6771E-08  1.6771E-08  error s
  4     4096  1.6771E-08  1.6771E-08  1.6771E-08  error s
  4     4096  1.6771E-08  1.6771E-08  1.6771E-08  error s
  4     4096  1.6771E-08  1.6771E-08  1.6771E-08  error s
  4     4096  1.6771E-08  1.6771E-08  1.6771E-08  error s
  4     4096  1.6771E-08  1.6771E-08  1.6771E-08  error s
  4     4096  1.6771E-08  1.6771E-08  1.6771E-08  error s
  4     4096  1.6771E-08  1.6771E-08  1.6771E-08  error s
  4     4096  1.6771E-08  1.6771E-08  1.6771E-08  error s
  4     4096  1.6771E-08  1.6771E-08  1.6771E-08  error s
  4     4096  1.6771E-08  1.6771E-08  1.6771E-08  error s
  4     4096  1.6771E-08  1.6771E-08  1.6771E-08  error s
  4     4096  1.6771E-08  1.6771E-08  1.6771E-08  error s
  4     4096  1.6771E-08  1.6771E-08  1.6771E-08  error s
  4     4096  1.6771E-08  1.6771E-08  1.6771E-08  error s
  4     4096  1.6771E-08  1.6771E-08  1.6771E-08  error s
  4     4096  1.6771E-08  1.6771E-08  1.6771E-08  error s
  4     4096  1.6771E-08  1.6771E-08  1.6771E-08  error s
  4     4096  1.6771E-08  1.6771E-08  1.6771E-08  error s
  4     4096  1.6771E-08  1.6771E-08  1.6771E-08  error s
  4     4096  1.6771E-08  1.6771E-08  1.6771E-08  error s
  4     4096  1.6771E-08  1.6771E-08  1.6771E-08  error s
  4     4096  1.6771E-08  1.6771E-08  1.6771E-08  error s
  4     4096  1.6771E-08  1.6771E-08  1.6771E-08  error s
  4     4096  1.6771E-08  1.6771E-08  1.6771E-08  error s
  4     4096  1.6771E-08  1.6771E-08  1.6771E-08  error s
  4     4096  1.6771E-08  1.6771E-08  1.6771E-08  error s
  4     4096  1.6771E-08  1.6771E-08  1.6771E-08  error s
  4     4096  1.6771E-08  1.6771E-08  1.6771E-08  error s
  4     4096  1.6771E-08  1.6771E-08  1.6771E-08  error s
  4     4096  1.6771E-08  1.6771E-08  1.6771E-08  error s
  4     4096  1.6771E-08  1.6771E-08  1.6771E-08  error s
  4     4096  1.6771E-08  1.6771E-08  1.6771E-08  error s
  4     4096  1.6771E-08  1.6771E-08  1.6771E-08  error s
  4     4096  1.6771E-08  1.6771E-08  1.6771E-08  error s
  4     4096  1.6771E-08  1.6771E-08  1.6771E-08  error s
  4     4096  1.6771E-08  1.6771E-08  1.6771E-08  error s
  4     4096  1.6771E-08  1.6771E-08  1.6771E-08  error s
  4     4096  1.6771E-08  1.6771E-08  1.6771E-08  error s
  4     4096  1.6771E-08  1.6771E-08  1.6771E-08  error s
  4     4096  1.6771E-08  1.6771E-08  1.6771E-08  error s
  4     4096  1.6771E-08  1.6771E-08  1.6771E-08  error s
  4     4096  1.6771E-08  1.6771E-08  1.6771E-08  error s
  4     4096  1.6771E-08  1.6771E-08  1.6771E-08  error s
 
nelt =      16, np =       256, nx1 =       4, elements =      4096
Solve Time =   0.1648E-08
 
nelt =      16, np =       256, nx1 =       4, elements =      4096
Solve Time =   0.1610E-08
 
nelt =      16, np =       256, nx1 =       4, elements =      4096
Solve Time =   0.1598E-08
 
nelt =      16, np =       256, nx1 =       4, elements =      4096
Solve Time =   0.1548E-08
 
nelt =      16, np =       256, nx1 =       4, elements =      4096
Solve Time =   0.1556E-08
 
nelt =      16, np =       256, nx1 =       4, elements =      4096
Solve Time =   0.1538E-08
 
nelt =      16, np =       256, nx1 =       4, elements =      4096
Solve Time =   0.1532E-08
 
nelt =      16, np =       256, nx1 =       4, elements =      4096
Solve Time =   0.1536E-08
 
nelt =      16, np =       256, nx1 =       4, elements =      4096
Solve Time =   0.1536E-08
 
nelt =      16, np =       256, nx1 =       4, elements =      4096
Solve Time =   0.1547E-08
  4     4096  1.6771E-08  1.6771E-08  1.6771E-08  error n
  4     4096  1.6771E-08  1.6771E-08  1.6771E-08  error n
  4     4096  1.6771E-08  1.6771E-08  1.6771E-08  error n
  4     4096  1.6771E-08  1.6771E-08  1.6771E-08  error n
  4     4096  1.6771E-08  1.6771E-08  1.6771E-08  error n
  4     4096  1.6771E-08  1.6771E-08  1.6771E-08  error n
  4     4096  1.6771E-08  1.6771E-08  1.6771E-08  error n
  4     4096  1.6771E-08  1.6771E-08  1.6771E-08  error n
  4     4096  1.6771E-08  1.6771E-08  1.6771E-08  error n
  4     4096  1.6771E-08  1.6771E-08  1.6771E-08  error n
  4     4096  1.6771E-08  1.6771E-08  1.6771E-08  error n
  4     4096  1.6771E-08  1.6771E-08  1.6771E-08  error n
  4     4096  1.6771E-08  1.6771E-08  1.6771E-08  error n
  4     4096  1.6771E-08  1.6771E-08  1.6771E-08  error n
  4     4096  1.6771E-08  1.6771E-08  1.6771E-08  error n
  4     4096  1.6771E-08  1.6771E-08  1.6771E-08  error n
  4     4096  1.6771E-08  1.6771E-08  1.6771E-08  error n
  4     4096  1.6771E-08  1.6771E-08  1.6771E-08  error n
  4     4096  1.6771E-08  1.6771E-08  1.6771E-08  error n
  4     4096  1.6771E-08  1.6771E-08  1.6771E-08  error n
  4     4096  1.6771E-08  1.6771E-08  1.6771E-08  error n
  4     4096  1.6771E-08  1.6771E-08  1.6771E-08  error n
  4     4096  1.6771E-08  1.6771E-08  1.6771E-08  error n
  4     4096  1.6771E-08  1.6771E-08  1.6771E-08  error n
  4     4096  1.6771E-08  1.6771E-08  1.6771E-08  error n
  4     4096  1.6771E-08  1.6771E-08  1.6771E-08  error n
  4     4096  1.6771E-08  1.6771E-08  1.6771E-08  error n
  4     4096  1.6771E-08  1.6771E-08  1.6771E-08  error n
  4     4096  1.6771E-08  1.6771E-08  1.6771E-08  error n
  4     4096  1.6771E-08  1.6771E-08  1.6771E-08  error n
  4     4096  1.6771E-08  1.6771E-08  1.6771E-08  error n
  4     4096  1.6771E-08  1.6771E-08  1.6771E-08  error n
  4     4096  1.6771E-08  1.6771E-08  1.6771E-08  error n
  4     4096  1.6771E-08  1.6771E-08  1.6771E-08  error n
  4     4096  1.6771E-08  1.6771E-08  1.6771E-08  error n
  4     4096  1.6771E-08  1.6771E-08  1.6771E-08  error n
  4     4096  1.6771E-08  1.6771E-08  1.6771E-08  error n
  4     4096  1.6771E-08  1.6771E-08  1.6771E-08  error n
  4     4096  1.6771E-08  1.6771E-08  1.6771E-08  error n
  4     4096  1.6771E-08  1.6771E-08  1.6771E-08  error n
  4     4096  1.6771E-08  1.6771E-08  1.6771E-08  error n
  4     4096  1.6771E-08  1.6771E-08  1.6771E-08  error n
  4     4096  1.6771E-08  1.6771E-08  1.6771E-08  error n
  4     4096  1.6771E-08  1.6771E-08  1.6771E-08  error n
  4     4096  1.6771E-08  1.6771E-08  1.6771E-08  error n
  4     4096  1.6771E-08  1.6771E-08  1.6771E-08  error n
  4     4096  1.6771E-08  1.6771E-08  1.6771E-08  error n
  4     4096  1.6771E-08  1.6771E-08  1.6771E-08  error n
  4     4096  1.6771E-08  1.6771E-08  1.6771E-08  error n
  4     4096  1.6771E-08  1.6771E-08  1.6771E-08  error n
  4     4096  1.6771E-08  1.6771E-08  1.6771E-08  error n
  4     4096  1.6771E-08  1.6771E-08  1.6771E-08  error n
  4     4096  1.6771E-08  1.6771E-08  1.6771E-08  error n
  4     4096  1.6771E-08  1.6771E-08  1.6771E-08  error n
  4     4096  1.6771E-08  1.6771E-08  1.6771E-08  error n
   3     4096  100  0.0000E+00  0.0000E+00  0.0000E+00 time for 3 hmholtz
EXIT: quit after cggov          3
  4     4096  1.6771E-08  1.6771E-08  1.6771E-08  error n
  4     4096  1.6771E-08  1.6771E-08  1.6771E-08  error n
  4     4096  1.6771E-08  1.6771E-08  1.6771E-08  error n
  4     4096  1.6771E-08  1.6771E-08  1.6771E-08  error n
  4     4096  1.6771E-08  1.6771E-08  1.6771E-08  error n
  4     4096  1.6771E-08  1.6771E-08  1.6771E-08  error n
  4     4096  1.6771E-08  1.6771E-08  1.6771E-08  error n
  4     4096  1.6771E-08  1.6771E-08  1.6771E-08  error n
  4     4096  1.6771E-08  1.6771E-08  1.6771E-08  error n
  4     4096  1.6771E-08  1.6771E-08  1.6771E-08  error n
  4     4096  1.6771E-08  1.6771E-08  1.6771E-08  error n
  4     4096  1.6771E-08  1.6771E-08  1.6771E-08  error n
  4     4096  1.6771E-08  1.6771E-08  1.6771E-08  error n
  4     4096  1.6771E-08  1.6771E-08  1.6771E-08  error n
  4     4096  1.6771E-08  1.6771E-08  1.6771E-08  error n
  4     4096  1.6771E-08  1.6771E-08  1.6771E-08  error n
  4     4096  1.6771E-08  1.6771E-08  1.6771E-08  error n
  4     4096  1.6771E-08  1.6771E-08  1.6771E-08  error n
  4     4096  1.6771E-08  1.6771E-08  1.6771E-08  error n
  4     4096  1.6771E-08  1.6771E-08  1.6771E-08  error n
  4     4096  1.6771E-08  1.6771E-08  1.6771E-08  error n
  4     4096  1.6771E-08  1.6771E-08  1.6771E-08  error n
  4     4096  1.6771E-08  1.6771E-08  1.6771E-08  error n
  4     4096  1.6771E-08  1.6771E-08  1.6771E-08  error n
  4     4096  1.6771E-08  1.6771E-08  1.6771E-08  error n
  4     4096  1.6771E-08  1.6771E-08  1.6771E-08  error n
  4     4096  1.6771E-08  1.6771E-08  1.6771E-08  error n
  4     4096  1.6771E-08  1.6771E-08  1.6771E-08  error n
  4     4096  1.6771E-08  1.6771E-08  1.6771E-08  error n
  4     4096  1.6771E-08  1.6771E-08  1.6771E-08  error n
  4     4096  1.6771E-08  1.6771E-08  1.6771E-08  error n
  4     4096  1.6771E-08  1.6771E-08  1.6771E-08  error n
  4     4096  1.6771E-08  1.6771E-08  1.6771E-08  error n
  4     4096  1.6771E-08  1.6771E-08  1.6771E-08  error n
  4     4096  1.6771E-08  1.6771E-08  1.6771E-08  error n
  4     4096  1.6771E-08  1.6771E-08  1.6771E-08  error n
  4     4096  1.6771E-08  1.6771E-08  1.6771E-08  error n
  4     4096  1.6771E-08  1.6771E-08  1.6771E-08  error n
  4     4096  1.6771E-08  1.6771E-08  1.6771E-08  error n
  4     4096  1.6771E-08  1.6771E-08  1.6771E-08  error n
  4     4096  1.6771E-08  1.6771E-08  1.6771E-08  error n
  4     4096  1.6771E-08  1.6771E-08  1.6771E-08  error n
  4     4096  1.6771E-08  1.6771E-08  1.6771E-08  error n
  4     4096  1.6771E-08  1.6771E-08  1.6771E-08  error n
  4     4096  1.6771E-08  1.6771E-08  1.6771E-08  error n
  4     4096  1.6771E-08  1.6771E-08  1.6771E-08  error n
  4     4096  1.6771E-08  1.6771E-08  1.6771E-08  error n
  4     4096  1.6771E-08  1.6771E-08  1.6771E-08  error n
  4     4096  1.6771E-08  1.6771E-08  1.6771E-08  error n
  4     4096  1.6771E-08  1.6771E-08  1.6771E-08  error n
  4     4096  1.6771E-08  1.6771E-08  1.6771E-08  error n
  4     4096  1.6771E-08  1.6771E-08  1.6771E-08  error n
  4     4096  1.6771E-08  1.6771E-08  1.6771E-08  error n
  4     4096  1.6771E-08  1.6771E-08  1.6771E-08  error n
  4     4096  1.6771E-08  1.6771E-08  1.6771E-08  error n
  4     4096  1.6771E-08  1.6771E-08  1.6771E-08  error n
  4     4096  1.6771E-08  1.6771E-08  1.6771E-08  error n
  4     4096  1.6771E-08  1.6771E-08  1.6771E-08  error n
  4     4096  1.6771E-08  1.6771E-08  1.6771E-08  error n
  4     4096  1.6771E-08  1.6771E-08  1.6771E-08  error n
  4     4096  1.6771E-08  1.6771E-08  1.6771E-08  error n
  4     4096  1.6771E-08  1.6771E-08  1.6771E-08  error n
  4     4096  1.6771E-08  1.6771E-08  1.6771E-08  error n
  4     4096  1.6771E-08  1.6771E-08  1.6771E-08  error n
  4     4096  1.6771E-08  1.6771E-08  1.6771E-08  error n
  4     4096  1.6771E-08  1.6771E-08  1.6771E-08  error n
  4     4096  1.6771E-08  1.6771E-08  1.6771E-08  error n
  4     4096  1.6771E-08  1.6771E-08  1.6771E-08  error n
  4     4096  1.6771E-08  1.6771E-08  1.6771E-08  error n
  4     4096  1.6771E-08  1.6771E-08  1.6771E-08  error n
  4     4096  1.6771E-08  1.6771E-08  1.6771E-08  error n
  4     4096  1.6771E-08  1.6771E-08  1.6771E-08  error n
  4     4096  1.6771E-08  1.6771E-08  1.6771E-08  error n
  4     4096  1.6771E-08  1.6771E-08  1.6771E-08  error n
  4     4096  1.6771E-08  1.6771E-08  1.6771E-08  error n
  4     4096  1.6771E-08  1.6771E-08  1.6771E-08  error n
  4     4096  1.6771E-08  1.6771E-08  1.6771E-08  error n
  4     4096  1.6771E-08  1.6771E-08  1.6771E-08  error n
  4     4096  1.6771E-08  1.6771E-08  1.6771E-08  error n
  4     4096  1.6771E-08  1.6771E-08  1.6771E-08  error n
  4     4096  1.6771E-08  1.6771E-08  1.6771E-08  error n
  4     4096  1.6771E-08  1.6771E-08  1.6771E-08  error n
  4     4096  1.6771E-08  1.6771E-08  1.6771E-08  error n
  4     4096  1.6771E-08  1.6771E-08  1.6771E-08  error n
  4     4096  1.6771E-08  1.6771E-08  1.6771E-08  error n
  4     4096  1.6771E-08  1.6771E-08  1.6771E-08  error n
  4     4096  1.6771E-08  1.6771E-08  1.6771E-08  error n
  4     4096  1.6771E-08  1.6771E-08  1.6771E-08  error n
  4     4096  1.6771E-08  1.6771E-08  1.6771E-08  error n
  4     4096  1.6771E-08  1.6771E-08  1.6771E-08  error n
  4     4096  1.6771E-08  1.6771E-08  1.6771E-08  error n
  4     4096  1.6771E-08  1.6771E-08  1.6771E-08  error n
  4     4096  1.6771E-08  1.6771E-08  1.6771E-08  error n
  4     4096  1.6771E-08  1.6771E-08  1.6771E-08  error n
  4     4096  1.6771E-08  1.6771E-08  1.6771E-08  error n
  4     4096  1.6771E-08  1.6771E-08  1.6771E-08  error n
  4     4096  1.6771E-08  1.6771E-08  1.6771E-08  error n
  4     4096  1.6771E-08  1.6771E-08  1.6771E-08  error n
  4     4096  1.6771E-08  1.6771E-08  1.6771E-08  error n
  4     4096  1.6771E-08  1.6771E-08  1.6771E-08  error n
  4     4096  1.6771E-08  1.6771E-08  1.6771E-08  error n
  4     4096  1.6771E-08  1.6771E-08  1.6771E-08  error n
  4     4096  1.6771E-08  1.6771E-08  1.6771E-08  error n
  4     4096  1.6771E-08  1.6771E-08  1.6771E-08  error n
  4     4096  1.6771E-08  1.6771E-08  1.6771E-08  error n
  4     4096  1.6771E-08  1.6771E-08  1.6771E-08  error n
  4     4096  1.6771E-08  1.6771E-08  1.6771E-08  error n
  4     4096  1.6771E-08  1.6771E-08  1.6771E-08  error n
  4     4096  1.6771E-08  1.6771E-08  1.6771E-08  error n
  4     4096  1.6771E-08  1.6771E-08  1.6771E-08  error n
  4     4096  1.6771E-08  1.6771E-08  1.6771E-08  error n
  4     4096  1.6771E-08  1.6771E-08  1.6771E-08  error n
  4     4096  1.6771E-08  1.6771E-08  1.6771E-08  error n
  4     4096  1.6771E-08  1.6771E-08  1.6771E-08  error n
  4     4096  1.6771E-08  1.6771E-08  1.6771E-08  error n
  4     4096  1.6771E-08  1.6771E-08  1.6771E-08  error n
  4     4096  1.6771E-08  1.6771E-08  1.6771E-08  error n
  4     4096  1.6771E-08  1.6771E-08  1.6771E-08  error n
  4     4096  1.6771E-08  1.6771E-08  1.6771E-08  error n
  4     4096  1.6771E-08  1.6771E-08  1.6771E-08  error n
  4     4096  1.6771E-08  1.6771E-08  1.6771E-08  error n
  4     4096  1.6771E-08  1.6771E-08  1.6771E-08  error n
  
call exitt: dying ...
  
backtrace(): obtained 8 stack frames.
./nek5000() [0x768a95]
./nek5000() [0x94b489]
./nek5000() [0x40c94c]
./nek5000() [0x422d66]
./nek5000() [0x42131e]
./nek5000() [0x4054fe]
/lib64/libc.so.6(__libc_start_main+0xf5) [0x2aaab1ca3b25]
./nek5000() [0x405409]
  
total elapsed time             :   7.03409E+01 sec
total solver time incl. I/O    :   0.00000E+00 sec
time/timestep                  :   0.00000E+00 sec
CPU seconds/timestep/gridpt    :   0.00000E+00 sec

  4     4096  1.6771E-08  1.6771E-08  1.6771E-08  error n
  4     4096  1.6771E-08  1.6771E-08  1.6771E-08  error n
  4     4096  1.6771E-08  1.6771E-08  1.6771E-08  error n
  4     4096  1.6771E-08  1.6771E-08  1.6771E-08  error n
  4     4096  1.6771E-08  1.6771E-08  1.6771E-08  error n
  4     4096  1.6771E-08  1.6771E-08  1.6771E-08  error n
  4     4096  1.6771E-08  1.6771E-08  1.6771E-08  error n
  4     4096  1.6771E-08  1.6771E-08  1.6771E-08  error n
  4     4096  1.6771E-08  1.6771E-08  1.6771E-08  error n
  4     4096  1.6771E-08  1.6771E-08  1.6771E-08  error n
  4     4096  1.6771E-08  1.6771E-08  1.6771E-08  error n
  4     4096  1.6771E-08  1.6771E-08  1.6771E-08  error n
  4     4096  1.6771E-08  1.6771E-08  1.6771E-08  error n
  4     4096  1.6771E-08  1.6771E-08  1.6771E-08  error n
  4     4096  1.6771E-08  1.6771E-08  1.6771E-08  error n
  4     4096  1.6771E-08  1.6771E-08  1.6771E-08  error n
  4     4096  1.6771E-08  1.6771E-08  1.6771E-08  error n
  4     4096  1.6771E-08  1.6771E-08  1.6771E-08  error n
  4     4096  1.6771E-08  1.6771E-08  1.6771E-08  error n
  4     4096  1.6771E-08  1.6771E-08  1.6771E-08  error n
  4     4096  1.6771E-08  1.6771E-08  1.6771E-08  error n
  4     4096  1.6771E-08  1.6771E-08  1.6771E-08  error n
  4     4096  1.6771E-08  1.6771E-08  1.6771E-08  error n
  4     4096  1.6771E-08  1.6771E-08  1.6771E-08  error n
  4     4096  1.6771E-08  1.6771E-08  1.6771E-08  error n
  4     4096  1.6771E-08  1.6771E-08  1.6771E-08  error n
  4     4096  1.6771E-08  1.6771E-08  1.6771E-08  error n
  4     4096  1.6771E-08  1.6771E-08  1.6771E-08  error n
  4     4096  1.6771E-08  1.6771E-08  1.6771E-08  error n
  4     4096  1.6771E-08  1.6771E-08  1.6771E-08  error n
  4     4096  1.6771E-08  1.6771E-08  1.6771E-08  error n
  4     4096  1.6771E-08  1.6771E-08  1.6771E-08  error n
  4     4096  1.6771E-08  1.6771E-08  1.6771E-08  error n
  4     4096  1.6771E-08  1.6771E-08  1.6771E-08  error n
  4     4096  1.6771E-08  1.6771E-08  1.6771E-08  error n
  4     4096  1.6771E-08  1.6771E-08  1.6771E-08  error n
  4     4096  1.6771E-08  1.6771E-08  1.6771E-08  error n
  4     4096  1.6771E-08  1.6771E-08  1.6771E-08  error n
  4     4096  1.6771E-08  1.6771E-08  1.6771E-08  error n
  4     4096  1.6771E-08  1.6771E-08  1.6771E-08  error n
  4     4096  1.6771E-08  1.6771E-08  1.6771E-08  error n
  4     4096  1.6771E-08  1.6771E-08  1.6771E-08  error n
  4     4096  1.6771E-08  1.6771E-08  1.6771E-08  error n
  4     4096  1.6771E-08  1.6771E-08  1.6771E-08  error n
  4     4096  1.6771E-08  1.6771E-08  1.6771E-08  error n
  4     4096  1.6771E-08  1.6771E-08  1.6771E-08  error n
  4     4096  1.6771E-08  1.6771E-08  1.6771E-08  error n
  4     4096  1.6771E-08  1.6771E-08  1.6771E-08  error n
  4     4096  1.6771E-08  1.6771E-08  1.6771E-08  error n
  4     4096  1.6771E-08  1.6771E-08  1.6771E-08  error n
  4     4096  1.6771E-08  1.6771E-08  1.6771E-08  error n
  4     4096  1.6771E-08  1.6771E-08  1.6771E-08  error n
  4     4096  1.6771E-08  1.6771E-08  1.6771E-08  error n
  4     4096  1.6771E-08  1.6771E-08  1.6771E-08  error n
  4     4096  1.6771E-08  1.6771E-08  1.6771E-08  error n
  4     4096  1.6771E-08  1.6771E-08  1.6771E-08  error n
  4     4096  1.6771E-08  1.6771E-08  1.6771E-08  error n
  4     4096  1.6771E-08  1.6771E-08  1.6771E-08  error n
  4     4096  1.6771E-08  1.6771E-08  1.6771E-08  error n
  4     4096  1.6771E-08  1.6771E-08  1.6771E-08  error n
  4     4096  1.6771E-08  1.6771E-08  1.6771E-08  error n
  4     4096  1.6771E-08  1.6771E-08  1.6771E-08  error n
  4     4096  1.6771E-08  1.6771E-08  1.6771E-08  error n
  4     4096  1.6771E-08  1.6771E-08  1.6771E-08  error n
  4     4096  1.6771E-08  1.6771E-08  1.6771E-08  error n
  4     4096  1.6771E-08  1.6771E-08  1.6771E-08  error n
  4     4096  1.6771E-08  1.6771E-08  1.6771E-08  error n
  4     4096  1.6771E-08  1.6771E-08  1.6771E-08  error n
  4     4096  1.6771E-08  1.6771E-08  1.6771E-08  error n
  4     4096  1.6771E-08  1.6771E-08  1.6771E-08  error n
  4     4096  1.6771E-08  1.6771E-08  1.6771E-08  error n
  4     4096  1.6771E-08  1.6771E-08  1.6771E-08  error n
  4     4096  1.6771E-08  1.6771E-08  1.6771E-08  error n
  4     4096  1.6771E-08  1.6771E-08  1.6771E-08  error n
  4     4096  1.6771E-08  1.6771E-08  1.6771E-08  error n
  4     4096  1.6771E-08  1.6771E-08  1.6771E-08  error n
  4     4096  1.6771E-08  1.6771E-08  1.6771E-08  error n
  4     4096  1.6771E-08  1.6771E-08  1.6771E-08  error n
  4     4096  1.6771E-08  1.6771E-08  1.6771E-08  error n
Application 2255914 resources: utime ~17824s, stime ~116s, Rss ~23924, inblocks ~0, outblocks ~0
