/----------------------------------------------------------\\
|      _   __ ______ __ __  ______  ____   ____   ____     |
|     / | / // ____// //_/ / ____/ / __ \\/ __ \\/ __ \\   |
|    /  |/ // __/  / ,<   /___ \\ / / / // / / // / / /    |
|   / /|  // /___ / /| | ____/ / / /_/ // /_/ // /_/ /     |
|  /_/ |_//_____//_/ |_|/_____/  \\___/ \\___/ \\___/      |
|                                                          |
|----------------------------------------------------------|
|                                                          |
| NEK5000:  Open Source Spectral Element Solver            |
| COPYRIGHT (c) 2008-2016 UCHICAGO ARGONNE, LLC            |
| Version:  16.0.0                                         |
| Web:      http://nek5000.mcs.anl.gov                     |
|                                                          |
\\----------------------------------------------------------/
                                                              

 Number of processors:           1
 REAL    wdsize      :           8
 INTEGER wdsize      :           4
 Timer accuracy      : 4.05E-07
 Reading /gpfs/theta-fs1/home/thilina/env/lx14/b0.rea                                                                                        

 mapping elements to processors
 Reading /gpfs/theta-fs1/home/thilina/env/lx14/b0.map                                                                                        
           0           1           1           1           1  NELV
 RANK     0 IEG       1
 element load imbalance:            0           1           1
 done :: mapping elements to processors
  
           0  objects found
 118   Parameters from file:
   1      1.00000     p001 DENSITY
   2     -100.000     p002 VISCOS
   7      1.00000     p007 RHOCP
   8      1.00000     p008 CONDUCT
  11      1.00        p011 NSTEPS
  12    -0.500000E-02 p012 DT
  21     0.100000E-05 p021 DIVERGENCE
  22     0.100000E-07 p022 HELMHOLTZ
  24     0.100000E-09 p024 TOLREL
  25     0.100000E-09 p025 TOLABS
  26     0.250000     p026 COURANT/NTAU
  27      2.00000     p027 TORDER
  66      6.00000     p066 output : <0=ascii, else binary
  67      6.00000     p067 restart: <0=ascii, else binary
  99      3.00000     p099 dealiasing: <0--> off/3--> old/4--> new
 103     0.500000E-01 p103 weight of stabilizing filter (.01)
  
 nelgt/nelgv/lelt:           1           1         100
 lx1  /lx2  /lx3 :          14          14          14
 done :: read .rea file   0.32036E-01 sec

 setup mesh topology
   Right-handed check complete for       1 elements. OK.
   setvert3d:  14        1016        2744        1016        1016
 call usrsetvert
 done :: usrsetvert

gs_setup: 0 unique labels shared
   handle bytes (avg, min, max): 196 196 196
   buffer bytes (avg, min, max): 0 0 0
   setupds time 1.5709E-03 seconds   0 14        1016           1
           1  max multiplicity
 done :: setup mesh topology
  
 call usrdat
 done :: usrdat

 generate geometry data
 done :: generate geometry data
  
 call usrdat2
 done :: usrdat2

 regenerate geometry data           1
 NOTE: All elements deformed , param(59) ^=0
 done :: regenerate geometry data           1
  
 verify mesh topology
  0.000000000000000E+000   1.00000000000000       Xrange
  0.000000000000000E+000   1.00000000000000       Yrange
  0.000000000000000E+000   1.00000000000000       Zrange
 done :: verify mesh topology
  
 IFTRAN   = T
 IFFLOW   = T
 IFHEAT   = F
 IFSPLIT  = T
 IFLOMACH = F
 IFUSERVP = F
 IFUSERMV = F
 IFSTRS   = F
 IFCHAR   = F
 IFCYCLIC = F
 IFAXIS   = F
 IFMVBD   = F
 IFMELT   = F
 IFMODEL  = F
 IFKEPS   = F
 IFMOAB   = F
 IFNEKNEK = F
 IFSYNC   = T
   
 IFVCOR   = T
 IFINTQ   = F
 IFCWUZ   = F
 IFSWALL  = F
 IFGEOM   = F
 IFSURT   = F
 IFWCNO   = F
   
 IFTMSH for field           1    =  F
 IFADVC for field           1    =  T
 IFNONL for field           1    =  F
   
 Dealiasing enabled, lxd=          21
  
 Estimated eigenvalues
 EIGAA =    9.86960440108936     
 EIGGA =    10431.1157514109     
 EIGAE =    9.86960440108936     
 EIGAS =   8.333333333333333E-002
 EIGGE =    10431.1157514109     
 EIGGS =    2.00000000000000     
  
 verify mesh topology
  0.000000000000000E+000   1.00000000000000       Xrange
  0.000000000000000E+000   1.00000000000000       Yrange
  0.000000000000000E+000   1.00000000000000       Zrange
 done :: verify mesh topology
  
  E-solver strategy:  0 itr
 mg_nx:           1           7          13
 mg_ny:           1           7          13
 mg_nz:           1           7          13
 call usrsetvert
 done :: usrsetvert

gs_setup: 0 unique labels shared
   handle bytes (avg, min, max): 196 196 196
   buffer bytes (avg, min, max): 0 0 0
   setupds time 3.5000E-04 seconds   1  2           8           1
   setvert3d:   4          56          64          56          56
 call usrsetvert
 done :: usrsetvert

gs_setup: 0 unique labels shared
   handle bytes (avg, min, max): 196 196 196
   buffer bytes (avg, min, max): 0 0 0
   setupds time 5.8222E-04 seconds   2  4          56           1
   setvert3d:   8         296         512         296         296
 call usrsetvert
 done :: usrsetvert

gs_setup: 0 unique labels shared
   handle bytes (avg, min, max): 196 196 196
   buffer bytes (avg, min, max): 0 0 0
   setupds time 7.4482E-04 seconds   3  8         296           1
   setvert3d:  10         488        1000         488         488
 call usrsetvert
 done :: usrsetvert

gs_setup: 0 unique labels shared
   handle bytes (avg, min, max): 196 196 196
   buffer bytes (avg, min, max): 0 0 0
   setupds time 6.5899E-04 seconds   4 10         488           1
 regenerate geometry data           1
 NOTE: All elements deformed , param(59) ^=0
 done :: regenerate geometry data           1
  
 h1_mg_nx:           1           3          13
 h1_mg_ny:           1           3          13
 h1_mg_nz:           1           3          13
 call usrsetvert
 done :: usrsetvert

gs_setup: 0 unique labels shared
   handle bytes (avg, min, max): 196 196 196
   buffer bytes (avg, min, max): 0 0 0
   setupds time 9.0003E-04 seconds   5  2           8           1
   setvert3d:   4          56          64          56          56
 call usrsetvert
 done :: usrsetvert

gs_setup: 0 unique labels shared
   handle bytes (avg, min, max): 196 196 196
   buffer bytes (avg, min, max): 0 0 0
   setupds time 5.9414E-04 seconds   6  4          56           1
   setvert3d:   4          56          64          56          56
 call usrsetvert
 done :: usrsetvert

gs_setup: 0 unique labels shared
   handle bytes (avg, min, max): 196 196 196
   buffer bytes (avg, min, max): 0 0 0
   setupds time 6.2394E-04 seconds   7  4          56           1
   setvert3d:   6         152         216         152         152
 call usrsetvert
 done :: usrsetvert

gs_setup: 0 unique labels shared
   handle bytes (avg, min, max): 196 196 196
   buffer bytes (avg, min, max): 0 0 0
   setupds time 7.0214E-04 seconds   8  6         152           1
   setvert3d:  14        1016        2744        1016        1016
 call usrsetvert
 done :: usrsetvert

gs_setup: 0 unique labels shared
   handle bytes (avg, min, max): 196 196 196
   buffer bytes (avg, min, max): 0 0 0
   setupds time 1.2751E-03 seconds   9 14        1016           1
   setvert3d:  16        1352        4096        1352        1352
 call usrsetvert
 done :: usrsetvert

gs_setup: 0 unique labels shared
   handle bytes (avg, min, max): 196 196 196
   buffer bytes (avg, min, max): 0 0 0
   setupds time 1.6699E-03 seconds  10 16        1352           1
 setup h1 coarse grid, nx_crs=           2
 call usrsetvert
 done :: usrsetvert

gs_setup: 0 unique labels shared
   handle bytes (avg, min, max): 196 196 196
   buffer bytes (avg, min, max): 0 0 0
 done :: setup h1 coarse grid   2.870082855224609E-003  sec
  
 call usrdat3
 done :: usrdat3

 set initial conditions
 nekuic (1) for ifld            1
 call nekuic for vel  
 xyz min     0.0000       0.0000       0.0000    
 uvwpt min   0.0000       0.0000       0.0000       0.0000       0.0000    
 PS min      0.0000       0.0000      0.99000E+22
 xyz max     1.0000       1.0000       1.0000    
 uvwpt max   0.0000       0.0000       0.0000       0.0000       0.0000    
 PS max      0.0000       0.0000     -0.99000E+22
 done :: set initial conditions
  
 call userchk
GFM max:  6.2124E-03  6.2124E-03  6.2124E-03  4.4775E-17  4.4853E-17  4.4775E-17
 
nelt =       1, np =         1, nx1 =      14, elements =         1
Solve Time =   0.4451E-07
 
nelt =       1, np =         1, nx1 =      14, elements =         1
Solve Time =   0.4303E-07
 
nelt =       1, np =         1, nx1 =      14, elements =         1
Solve Time =   0.6086E-07
 
nelt =       1, np =         1, nx1 =      14, elements =         1
Solve Time =   0.6826E-07
 
nelt =       1, np =         1, nx1 =      14, elements =         1
Solve Time =   0.6708E-07
 
nelt =       1, np =         1, nx1 =      14, elements =         1
Solve Time =   0.6670E-07
 
nelt =       1, np =         1, nx1 =      14, elements =         1
Solve Time =   0.6572E-07
 
nelt =       1, np =         1, nx1 =      14, elements =         1
Solve Time =   0.6522E-07
 
nelt =       1, np =         1, nx1 =      14, elements =         1
Solve Time =   0.6546E-07
 
nelt =       1, np =         1, nx1 =      14, elements =         1
Solve Time =   0.6450E-07
 
nelt =       1, np =         1, nx1 =      14, elements =         1
Solve Time =   0.6853E-07
 
nelt =       1, np =         1, nx1 =      14, elements =         1
Solve Time =   0.6160E-07
 
nelt =       1, np =         1, nx1 =      14, elements =         1
Solve Time =   0.6438E-07
 
nelt =       1, np =         1, nx1 =      14, elements =         1
Solve Time =   0.6925E-07
 
nelt =       1, np =         1, nx1 =      14, elements =         1
Solve Time =   0.6462E-07
 
nelt =       1, np =         1, nx1 =      14, elements =         1
Solve Time =   0.6401E-07
 
nelt =       1, np =         1, nx1 =      14, elements =         1
Solve Time =   0.6366E-07
 
nelt =       1, np =         1, nx1 =      14, elements =         1
Solve Time =   0.6378E-07
 
nelt =       1, np =         1, nx1 =      14, elements =         1
Solve Time =   0.6328E-07
 
nelt =       1, np =         1, nx1 =      14, elements =         1
Solve Time =   0.6670E-07
 
nelt =       1, np =         1, nx1 =      14, elements =         1
Solve Time =   0.6731E-07
 
nelt =       1, np =         1, nx1 =      14, elements =         1
Solve Time =   0.6488E-07
 
nelt =       1, np =         1, nx1 =      14, elements =         1
Solve Time =   0.6343E-07
 
nelt =       1, np =         1, nx1 =      14, elements =         1
Solve Time =   0.6719E-07
 
nelt =       1, np =         1, nx1 =      14, elements =         1
Solve Time =   0.6511E-07
 
nelt =       1, np =         1, nx1 =      14, elements =         1
Solve Time =   0.6716E-07
 
nelt =       1, np =         1, nx1 =      14, elements =         1
Solve Time =   0.6534E-07
 
nelt =       1, np =         1, nx1 =      14, elements =         1
Solve Time =   0.6438E-07
 
nelt =       1, np =         1, nx1 =      14, elements =         1
Solve Time =   0.6351E-07
 
nelt =       1, np =         1, nx1 =      14, elements =         1
Solve Time =   0.6415E-07
 
nelt =       1, np =         1, nx1 =      14, elements =         1
Solve Time =   0.6488E-07
 
nelt =       1, np =         1, nx1 =      14, elements =         1
Solve Time =   0.6462E-07
 
nelt =       1, np =         1, nx1 =      14, elements =         1
Solve Time =   0.6485E-07
 
nelt =       1, np =         1, nx1 =      14, elements =         1
Solve Time =   0.6366E-07
 
nelt =       1, np =         1, nx1 =      14, elements =         1
Solve Time =   0.6340E-07
 
nelt =       1, np =         1, nx1 =      14, elements =         1
Solve Time =   0.6050E-07
 
nelt =       1, np =         1, nx1 =      14, elements =         1
Solve Time =   0.6777E-07
 
nelt =       1, np =         1, nx1 =      14, elements =         1
Solve Time =   0.6485E-07
 
nelt =       1, np =         1, nx1 =      14, elements =         1
Solve Time =   0.6328E-07
 
nelt =       1, np =         1, nx1 =      14, elements =         1
Solve Time =   0.6317E-07
 
nelt =       1, np =         1, nx1 =      14, elements =         1
Solve Time =   0.6693E-07
 
nelt =       1, np =         1, nx1 =      14, elements =         1
Solve Time =   0.6097E-07
 
nelt =       1, np =         1, nx1 =      14, elements =         1
Solve Time =   0.6815E-07
 
nelt =       1, np =         1, nx1 =      14, elements =         1
Solve Time =   0.6389E-07
 
nelt =       1, np =         1, nx1 =      14, elements =         1
Solve Time =   0.6328E-07
 
nelt =       1, np =         1, nx1 =      14, elements =         1
Solve Time =   0.6294E-07
 
nelt =       1, np =         1, nx1 =      14, elements =         1
Solve Time =   0.6415E-07
 
nelt =       1, np =         1, nx1 =      14, elements =         1
Solve Time =   0.6354E-07
 
nelt =       1, np =         1, nx1 =      14, elements =         1
Solve Time =   0.6925E-07
 
nelt =       1, np =         1, nx1 =      14, elements =         1
Solve Time =   0.6438E-07
 schfile:
 /gpfs/theta-fs1/home/thilina/env/lx14/b0.sch                                   
                                                      
 14        1  1.0000E+00  1.0000E+00  1.0000E+00  error v
 
nelt =       1, np =         1, nx1 =      14, elements =         1
Solve Time =   0.4490E-07
 
nelt =       1, np =         1, nx1 =      14, elements =         1
Solve Time =   0.4442E-07
 
nelt =       1, np =         1, nx1 =      14, elements =         1
Solve Time =   0.4442E-07
 
nelt =       1, np =         1, nx1 =      14, elements =         1
Solve Time =   0.4464E-07
 
nelt =       1, np =         1, nx1 =      14, elements =         1
Solve Time =   0.4439E-07
 
nelt =       1, np =         1, nx1 =      14, elements =         1
Solve Time =   0.4440E-07
 
nelt =       1, np =         1, nx1 =      14, elements =         1
Solve Time =   0.4437E-07
 
nelt =       1, np =         1, nx1 =      14, elements =         1
Solve Time =   0.4432E-07
 
nelt =       1, np =         1, nx1 =      14, elements =         1
Solve Time =   0.4444E-07
 
nelt =       1, np =         1, nx1 =      14, elements =         1
Solve Time =   0.4438E-07
 14        1  4.6703E-15  4.6703E-15  4.6703E-15  error s
 
nelt =       1, np =         1, nx1 =      14, elements =         1
Solve Time =   0.4824E-07
 
nelt =       1, np =         1, nx1 =      14, elements =         1
Solve Time =   0.4812E-07
 
nelt =       1, np =         1, nx1 =      14, elements =         1
Solve Time =   0.4819E-07
 
nelt =       1, np =         1, nx1 =      14, elements =         1
Solve Time =   0.4832E-07
 
nelt =       1, np =         1, nx1 =      14, elements =         1
Solve Time =   0.4800E-07
 
nelt =       1, np =         1, nx1 =      14, elements =         1
Solve Time =   0.4794E-07
 
nelt =       1, np =         1, nx1 =      14, elements =         1
Solve Time =   0.4805E-07
 
nelt =       1, np =         1, nx1 =      14, elements =         1
Solve Time =   0.4802E-07
 
nelt =       1, np =         1, nx1 =      14, elements =         1
Solve Time =   0.4801E-07
 
nelt =       1, np =         1, nx1 =      14, elements =         1
Solve Time =   0.4802E-07
 14        1  4.7871E-15  4.7871E-15  4.7871E-15  error n
  13        1  100  0.0000E+00  0.0000E+00  0.0000E+00 time for 3 hmholtz
EXIT: quit after cggov         13
  
call exitt: dying ...
  
backtrace(): obtained 8 stack frames.
./nek5000() [0x77ea75]
./nek5000() [0x9627a9]
./nek5000() [0x40dffc]
./nek5000() [0x426fb6]
./nek5000() [0x42556e]
./nek5000() [0x4054fe]
/lib64/libc.so.6(__libc_start_main+0xf5) [0x2aaab1ca3b25]
./nek5000() [0x405409]
  
total elapsed time             :   1.64763E+00 sec
total solver time incl. I/O    :   0.00000E+00 sec
time/timestep                  :   0.00000E+00 sec
CPU seconds/timestep/gridpt    :   0.00000E+00 sec

Application 2258371 resources: utime ~1s, stime ~1s, Rss ~35852, inblocks ~0, outblocks ~0
