/----------------------------------------------------------\\
|      _   __ ______ __ __  ______  ____   ____   ____     |
|     / | / // ____// //_/ / ____/ / __ \\/ __ \\/ __ \\   |
|    /  |/ // __/  / ,<   /___ \\ / / / // / / // / / /    |
|   / /|  // /___ / /| | ____/ / / /_/ // /_/ // /_/ /     |
|  /_/ |_//_____//_/ |_|/_____/  \\___/ \\___/ \\___/      |
|                                                          |
|----------------------------------------------------------|
|                                                          |
| NEK5000:  Open Source Spectral Element Solver            |
| COPYRIGHT (c) 2008-2016 UCHICAGO ARGONNE, LLC            |
| Version:  16.0.0                                         |
| Web:      http://nek5000.mcs.anl.gov                     |
|                                                          |
\\----------------------------------------------------------/
                                                              

 Number of processors:           1
 REAL    wdsize      :           8
 INTEGER wdsize      :           4
 Timer accuracy      : 3.10E-07
 Reading /gpfs/theta-fs1/home/thilina/env/lx14/b1.rea                                                                                        

 mapping elements to processors
 Reading /gpfs/theta-fs1/home/thilina/env/lx14/b1.map                                                                                        
           0           2           2           2           2  NELV
 RANK     0 IEG       1       2
 element load imbalance:            0           2           2
 done :: mapping elements to processors
  
           0  objects found
 118   Parameters from file:
   1      1.00000     p001 DENSITY
   2     -100.000     p002 VISCOS
   7      1.00000     p007 RHOCP
   8      1.00000     p008 CONDUCT
  11      1.00        p011 NSTEPS
  12    -0.500000E-02 p012 DT
  21     0.100000E-05 p021 DIVERGENCE
  22     0.100000E-07 p022 HELMHOLTZ
  24     0.100000E-09 p024 TOLREL
  25     0.100000E-09 p025 TOLABS
  26     0.250000     p026 COURANT/NTAU
  27      2.00000     p027 TORDER
  66      6.00000     p066 output : <0=ascii, else binary
  67      6.00000     p067 restart: <0=ascii, else binary
  99      3.00000     p099 dealiasing: <0--> off/3--> old/4--> new
 103     0.500000E-01 p103 weight of stabilizing filter (.01)
  
 nelgt/nelgv/lelt:           2           2         100
 lx1  /lx2  /lx3 :          14          14          14
 done :: read .rea file   0.26010E-01 sec

 setup mesh topology
   Right-handed check complete for       2 elements. OK.
   setvert3d:  14        1836        5292        1836        1836
 call usrsetvert
 done :: usrsetvert

gs_setup: 0 unique labels shared
   handle bytes (avg, min, max): 4900 4900 4900
   buffer bytes (avg, min, max): 0 0 0
   setupds time 2.6700E-03 seconds   0 14        1836           2
           2  max multiplicity
 done :: setup mesh topology
  
 call usrdat
 done :: usrdat

 generate geometry data
 done :: generate geometry data
  
 call usrdat2
 done :: usrdat2

 regenerate geometry data           1
 NOTE: All elements deformed , param(59) ^=0
 done :: regenerate geometry data           1
  
 verify mesh topology
  0.000000000000000E+000   1.00000000000000       Xrange
  0.000000000000000E+000   1.00000000000000       Yrange
  0.000000000000000E+000   1.00000000000000       Zrange
 done :: verify mesh topology
  
 IFTRAN   = T
 IFFLOW   = T
 IFHEAT   = F
 IFSPLIT  = T
 IFLOMACH = F
 IFUSERVP = F
 IFUSERMV = F
 IFSTRS   = F
 IFCHAR   = F
 IFCYCLIC = F
 IFAXIS   = F
 IFMVBD   = F
 IFMELT   = F
 IFMODEL  = F
 IFKEPS   = F
 IFMOAB   = F
 IFNEKNEK = F
 IFSYNC   = T
   
 IFVCOR   = T
 IFINTQ   = F
 IFCWUZ   = F
 IFSWALL  = F
 IFGEOM   = F
 IFSURT   = F
 IFWCNO   = F
   
 IFTMSH for field           1    =  F
 IFADVC for field           1    =  T
 IFNONL for field           1    =  F
   
 Dealiasing enabled, lxd=          21
  
 Estimated eigenvalues
 EIGAA =    9.86960440108936     
 EIGGA =    54235.5326993176     
 EIGAE =    9.86960440108936     
 EIGAS =   8.333333333333333E-002
 EIGGE =    54235.5326993176     
 EIGGS =    2.00000000000000     
  
 verify mesh topology
  0.000000000000000E+000   1.00000000000000       Xrange
  0.000000000000000E+000   1.00000000000000       Yrange
  0.000000000000000E+000   1.00000000000000       Zrange
 done :: verify mesh topology
  
  E-solver strategy:  0 itr
 mg_nx:           1           7          13
 mg_ny:           1           7          13
 mg_nz:           1           7          13
 call usrsetvert
 done :: usrsetvert

gs_setup: 0 unique labels shared
   handle bytes (avg, min, max): 292 292 292
   buffer bytes (avg, min, max): 0 0 0
   setupds time 4.0483E-04 seconds   1  2          12           2
   setvert3d:   4          96         112          96          96
 call usrsetvert
 done :: usrsetvert

gs_setup: 0 unique labels shared
   handle bytes (avg, min, max): 580 580 580
   buffer bytes (avg, min, max): 0 0 0
   setupds time 5.7697E-04 seconds   2  4          96           2
   setvert3d:   8         528         960         528         528
 call usrsetvert
 done :: usrsetvert

gs_setup: 0 unique labels shared
   handle bytes (avg, min, max): 1732 1732 1732
   buffer bytes (avg, min, max): 0 0 0
   setupds time 8.0085E-04 seconds   3  8         528           2
   setvert3d:  10         876        1900         876         876
 call usrsetvert
 done :: usrsetvert

gs_setup: 0 unique labels shared
   handle bytes (avg, min, max): 2596 2596 2596
   buffer bytes (avg, min, max): 0 0 0
   setupds time 1.1659E-03 seconds   4 10         876           2
 regenerate geometry data           1
 NOTE: All elements deformed , param(59) ^=0
 done :: regenerate geometry data           1
  
 h1_mg_nx:           1           3          13
 h1_mg_ny:           1           3          13
 h1_mg_nz:           1           3          13
 call usrsetvert
 done :: usrsetvert

gs_setup: 0 unique labels shared
   handle bytes (avg, min, max): 292 292 292
   buffer bytes (avg, min, max): 0 0 0
   setupds time 9.5201E-04 seconds   5  2          12           2
   setvert3d:   4          96         112          96          96
 call usrsetvert
 done :: usrsetvert

gs_setup: 0 unique labels shared
   handle bytes (avg, min, max): 580 580 580
   buffer bytes (avg, min, max): 0 0 0
   setupds time 6.9284E-04 seconds   6  4          96           2
   setvert3d:   4          96         112          96          96
 call usrsetvert
 done :: usrsetvert

gs_setup: 0 unique labels shared
   handle bytes (avg, min, max): 580 580 580
   buffer bytes (avg, min, max): 0 0 0
   setupds time 6.7210E-04 seconds   7  4          96           2
   setvert3d:   6         268         396         268         268
 call usrsetvert
 done :: usrsetvert

gs_setup: 0 unique labels shared
   handle bytes (avg, min, max): 1060 1060 1060
   buffer bytes (avg, min, max): 0 0 0
   setupds time 6.8784E-04 seconds   8  6         268           2
   setvert3d:  14        1836        5292        1836        1836
 call usrsetvert
 done :: usrsetvert

gs_setup: 0 unique labels shared
   handle bytes (avg, min, max): 4900 4900 4900
   buffer bytes (avg, min, max): 0 0 0
   setupds time 2.1620E-03 seconds   9 14        1836           2
   setvert3d:  16        2448        7936        2448        2448
 call usrsetvert
 done :: usrsetvert

gs_setup: 0 unique labels shared
   handle bytes (avg, min, max): 6340 6340 6340
   buffer bytes (avg, min, max): 0 0 0
   setupds time 2.6910E-03 seconds  10 16        2448           2
 setup h1 coarse grid, nx_crs=           2
 call usrsetvert
 done :: usrsetvert

gs_setup: 0 unique labels shared
   handle bytes (avg, min, max): 292 292 292
   buffer bytes (avg, min, max): 0 0 0
 done :: setup h1 coarse grid   4.212141036987305E-003  sec
  
 call usrdat3
 done :: usrdat3

 set initial conditions
 nekuic (1) for ifld            1
 call nekuic for vel  
 xyz min     0.0000       0.0000       0.0000    
 uvwpt min   0.0000       0.0000       0.0000       0.0000       0.0000    
 PS min      0.0000       0.0000      0.99000E+22
 xyz max     1.0000       1.0000       1.0000    
 uvwpt max   0.0000       0.0000       0.0000       0.0000       0.0000    
 PS max      0.0000       0.0000     -0.99000E+22
 done :: set initial conditions
  
 call userchk
GFM max:  3.1062E-03  3.1062E-03  1.2425E-02  2.2388E-17  7.8494E-17  7.8266E-17
 
nelt =       2, np =         1, nx1 =      14, elements =         2
Solve Time =   0.4898E-07
 
nelt =       2, np =         1, nx1 =      14, elements =         2
Solve Time =   0.4842E-07
 
nelt =       2, np =         1, nx1 =      14, elements =         2
Solve Time =   0.4832E-07
 
nelt =       2, np =         1, nx1 =      14, elements =         2
Solve Time =   0.4830E-07
 
nelt =       2, np =         1, nx1 =      14, elements =         2
Solve Time =   0.4833E-07
 
nelt =       2, np =         1, nx1 =      14, elements =         2
Solve Time =   0.4829E-07
 
nelt =       2, np =         1, nx1 =      14, elements =         2
Solve Time =   0.5065E-07
 
nelt =       2, np =         1, nx1 =      14, elements =         2
Solve Time =   0.7301E-07
 
nelt =       2, np =         1, nx1 =      14, elements =         2
Solve Time =   0.7186E-07
 
nelt =       2, np =         1, nx1 =      14, elements =         2
Solve Time =   0.7228E-07
 
nelt =       2, np =         1, nx1 =      14, elements =         2
Solve Time =   0.7210E-07
 
nelt =       2, np =         1, nx1 =      14, elements =         2
Solve Time =   0.7210E-07
 
nelt =       2, np =         1, nx1 =      14, elements =         2
Solve Time =   0.6887E-07
 
nelt =       2, np =         1, nx1 =      14, elements =         2
Solve Time =   0.6942E-07
 
nelt =       2, np =         1, nx1 =      14, elements =         2
Solve Time =   0.7246E-07
 
nelt =       2, np =         1, nx1 =      14, elements =         2
Solve Time =   0.7167E-07
 
nelt =       2, np =         1, nx1 =      14, elements =         2
Solve Time =   0.6986E-07
 
nelt =       2, np =         1, nx1 =      14, elements =         2
Solve Time =   0.7288E-07
 
nelt =       2, np =         1, nx1 =      14, elements =         2
Solve Time =   0.6912E-07
 
nelt =       2, np =         1, nx1 =      14, elements =         2
Solve Time =   0.6942E-07
 
nelt =       2, np =         1, nx1 =      14, elements =         2
Solve Time =   0.7604E-07
 
nelt =       2, np =         1, nx1 =      14, elements =         2
Solve Time =   0.7039E-07
 
nelt =       2, np =         1, nx1 =      14, elements =         2
Solve Time =   0.7047E-07
 
nelt =       2, np =         1, nx1 =      14, elements =         2
Solve Time =   0.7422E-07
 
nelt =       2, np =         1, nx1 =      14, elements =         2
Solve Time =   0.7009E-07
 
nelt =       2, np =         1, nx1 =      14, elements =         2
Solve Time =   0.6955E-07
 
nelt =       2, np =         1, nx1 =      14, elements =         2
Solve Time =   0.7355E-07
 
nelt =       2, np =         1, nx1 =      14, elements =         2
Solve Time =   0.7028E-07
 
nelt =       2, np =         1, nx1 =      14, elements =         2
Solve Time =   0.7009E-07
 
nelt =       2, np =         1, nx1 =      14, elements =         2
Solve Time =   0.7368E-07
 
nelt =       2, np =         1, nx1 =      14, elements =         2
Solve Time =   0.7301E-07
 
nelt =       2, np =         1, nx1 =      14, elements =         2
Solve Time =   0.7186E-07
 
nelt =       2, np =         1, nx1 =      14, elements =         2
Solve Time =   0.7313E-07
 
nelt =       2, np =         1, nx1 =      14, elements =         2
Solve Time =   0.7028E-07
 
nelt =       2, np =         1, nx1 =      14, elements =         2
Solve Time =   0.7057E-07
 
nelt =       2, np =         1, nx1 =      14, elements =         2
Solve Time =   0.7391E-07
 
nelt =       2, np =         1, nx1 =      14, elements =         2
Solve Time =   0.7028E-07
 
nelt =       2, np =         1, nx1 =      14, elements =         2
Solve Time =   0.7041E-07
 
nelt =       2, np =         1, nx1 =      14, elements =         2
Solve Time =   0.7606E-07
 
nelt =       2, np =         1, nx1 =      14, elements =         2
Solve Time =   0.7003E-07
 
nelt =       2, np =         1, nx1 =      14, elements =         2
Solve Time =   0.7338E-07
 
nelt =       2, np =         1, nx1 =      14, elements =         2
Solve Time =   0.7313E-07
 
nelt =       2, np =         1, nx1 =      14, elements =         2
Solve Time =   0.7009E-07
 
nelt =       2, np =         1, nx1 =      14, elements =         2
Solve Time =   0.6796E-07
 
nelt =       2, np =         1, nx1 =      14, elements =         2
Solve Time =   0.7107E-07
 
nelt =       2, np =         1, nx1 =      14, elements =         2
Solve Time =   0.6815E-07
 
nelt =       2, np =         1, nx1 =      14, elements =         2
Solve Time =   0.6826E-07
 
nelt =       2, np =         1, nx1 =      14, elements =         2
Solve Time =   0.7076E-07
 
nelt =       2, np =         1, nx1 =      14, elements =         2
Solve Time =   0.6784E-07
 
nelt =       2, np =         1, nx1 =      14, elements =         2
Solve Time =   0.6845E-07
 schfile:
 /gpfs/theta-fs1/home/thilina/env/lx14/b1.sch                                   
                                                      
 14        2  1.0000E+00  1.0000E+00  1.0000E+00  error v
 
nelt =       2, np =         1, nx1 =      14, elements =         2
Solve Time =   0.4627E-07
 
nelt =       2, np =         1, nx1 =      14, elements =         2
Solve Time =   0.4627E-07
 
nelt =       2, np =         1, nx1 =      14, elements =         2
Solve Time =   0.4619E-07
 
nelt =       2, np =         1, nx1 =      14, elements =         2
Solve Time =   0.4612E-07
 
nelt =       2, np =         1, nx1 =      14, elements =         2
Solve Time =   0.4620E-07
 
nelt =       2, np =         1, nx1 =      14, elements =         2
Solve Time =   0.4616E-07
 
nelt =       2, np =         1, nx1 =      14, elements =         2
Solve Time =   0.4600E-07
 
nelt =       2, np =         1, nx1 =      14, elements =         2
Solve Time =   0.4589E-07
 
nelt =       2, np =         1, nx1 =      14, elements =         2
Solve Time =   0.4605E-07
 
nelt =       2, np =         1, nx1 =      14, elements =         2
Solve Time =   0.4587E-07
 14        2  9.8811E-14  9.8811E-14  9.8811E-14  error s
 
nelt =       2, np =         1, nx1 =      14, elements =         2
Solve Time =   0.5159E-07
 
nelt =       2, np =         1, nx1 =      14, elements =         2
Solve Time =   0.5109E-07
 
nelt =       2, np =         1, nx1 =      14, elements =         2
Solve Time =   0.5102E-07
 
nelt =       2, np =         1, nx1 =      14, elements =         2
Solve Time =   0.5123E-07
 
nelt =       2, np =         1, nx1 =      14, elements =         2
Solve Time =   0.5099E-07
 
nelt =       2, np =         1, nx1 =      14, elements =         2
Solve Time =   0.5134E-07
 
nelt =       2, np =         1, nx1 =      14, elements =         2
Solve Time =   0.5105E-07
 
nelt =       2, np =         1, nx1 =      14, elements =         2
Solve Time =   0.5083E-07
 
nelt =       2, np =         1, nx1 =      14, elements =         2
Solve Time =   0.5075E-07
 
nelt =       2, np =         1, nx1 =      14, elements =         2
Solve Time =   0.5094E-07
 14        2  9.4865E-14  9.4865E-14  9.4865E-14  error n
  13        2  100  0.0000E+00  0.0000E+00  0.0000E+00 time for 3 hmholtz
EXIT: quit after cggov         13
  
call exitt: dying ...
  
backtrace(): obtained 8 stack frames.
./nek5000() [0x77ea75]
./nek5000() [0x9627a9]
./nek5000() [0x40dffc]
./nek5000() [0x426fb6]
./nek5000() [0x42556e]
./nek5000() [0x4054fe]
/lib64/libc.so.6(__libc_start_main+0xf5) [0x2aaab1ca3b25]
./nek5000() [0x405409]
  
total elapsed time             :   3.49458E+00 sec
total solver time incl. I/O    :   0.00000E+00 sec
time/timestep                  :   0.00000E+00 sec
CPU seconds/timestep/gridpt    :   0.00000E+00 sec

Application 2258465 resources: utime ~3s, stime ~1s, Rss ~38800, inblocks ~0, outblocks ~0
