/----------------------------------------------------------\\
|      _   __ ______ __ __  ______  ____   ____   ____     |
|     / | / // ____// //_/ / ____/ / __ \\/ __ \\/ __ \\   |
|    /  |/ // __/  / ,<   /___ \\ / / / // / / // / / /    |
|   / /|  // /___ / /| | ____/ / / /_/ // /_/ // /_/ /     |
|  /_/ |_//_____//_/ |_|/_____/  \\___/ \\___/ \\___/      |
|                                                          |
|----------------------------------------------------------|
|                                                          |
| NEK5000:  Open Source Spectral Element Solver            |
| COPYRIGHT (c) 2008-2016 UCHICAGO ARGONNE, LLC            |
| Version:  16.0.0                                         |
| Web:      http://nek5000.mcs.anl.gov                     |
|                                                          |
\\----------------------------------------------------------/
                                                              

 Number of processors:          16
 REAL    wdsize      :           8
 INTEGER wdsize      :           4
 Timer accuracy      : 5.01E-07
 Reading /gpfs/theta-fs1/home/thilina/env/lx14/b6.rea                                                                                        

 mapping elements to processors
 Reading /gpfs/theta-fs1/home/thilina/env/lx14/b6.map                                                                                        
           0           4           4          64          64  NELV
           4           4           4          64          64  NELV
           5           4           4          64          64  NELV
          11           4           4          64          64  NELV
          13           4           4          64          64  NELV
          12           4           4          64          64  NELV
           3           4           4          64          64  NELV
          10           4           4          64          64  NELV
           7           4           4          64          64  NELV
           2           4           4          64          64  NELV
           6           4           4          64          64  NELV
          15           4           4          64          64  NELV
           9           4           4          64          64  NELV
          14           4           4          64          64  NELV
           1           4           4          64          64  NELV
           8           4           4          64          64  NELV
 RANK     0 IEG      49      50      53      54
 element load imbalance:            0           4           4
 done :: mapping elements to processors
  
           0  objects found
 118   Parameters from file:
   1      1.00000     p001 DENSITY
   2     -100.000     p002 VISCOS
   7      1.00000     p007 RHOCP
   8      1.00000     p008 CONDUCT
  11      1.00        p011 NSTEPS
  12    -0.500000E-02 p012 DT
  21     0.100000E-05 p021 DIVERGENCE
  22     0.100000E-07 p022 HELMHOLTZ
  24     0.100000E-09 p024 TOLREL
  25     0.100000E-09 p025 TOLABS
  26     0.250000     p026 COURANT/NTAU
  27      2.00000     p027 TORDER
  66      6.00000     p066 output : <0=ascii, else binary
  67      6.00000     p067 restart: <0=ascii, else binary
  99      3.00000     p099 dealiasing: <0--> off/3--> old/4--> new
 103     0.500000E-01 p103 weight of stabilizing filter (.01)
  
 nelgt/nelgv/lelt:          64          64         100
 lx1  /lx2  /lx3 :          14          14          14
 done :: read .rea file   0.52107E-01 sec

 setup mesh topology
   Right-handed check complete for      64 elements. OK.
   setvert3d:  14       38285      148877       38285       38285
 call usrsetvert
 done :: usrsetvert

gs_setup: 13677 unique labels shared
   pairwise times (avg, min, max): 3.87922e-05 3.72887e-05 4.39882e-05
   crystal router                : 8.36626e-05 8.30889e-05 8.40902e-05
   all reduce                    : 0.000714077 0.000711012 0.000718403
   used all_to_all method: pairwise
   handle bytes (avg, min, max): 62108 53516 70700
   buffer bytes (avg, min, max): 31136 24864 37408
   setupds time 4.2165E-02 seconds   0 14       38285          64
           8  max multiplicity
 done :: setup mesh topology
  
 call usrdat
 done :: usrdat

 generate geometry data
 done :: generate geometry data
  
 call usrdat2
 done :: usrdat2

 regenerate geometry data           1
 NOTE: All elements deformed , param(59) ^=0
 done :: regenerate geometry data           1
  
 verify mesh topology
  0.000000000000000E+000   1.00000000000000       Xrange
  0.000000000000000E+000   1.00000000000000       Yrange
  0.000000000000000E+000   1.00000000000000       Zrange
 done :: verify mesh topology
  
 IFTRAN   = T
 IFFLOW   = T
 IFHEAT   = F
 IFSPLIT  = T
 IFLOMACH = F
 IFUSERVP = F
 IFUSERMV = F
 IFSTRS   = F
 IFCHAR   = F
 IFCYCLIC = F
 IFAXIS   = F
 IFMVBD   = F
 IFMELT   = F
 IFMODEL  = F
 IFKEPS   = F
 IFMOAB   = F
 IFNEKNEK = F
 IFSYNC   = T
   
 IFVCOR   = T
 IFINTQ   = F
 IFCWUZ   = F
 IFSWALL  = F
 IFGEOM   = F
 IFSURT   = F
 IFWCNO   = F
   
 IFTMSH for field           1    =  F
 IFADVC for field           1    =  T
 IFNONL for field           1    =  F
   
 Dealiasing enabled, lxd=          21
  
 Estimated eigenvalues
 EIGAA =    9.86960440108936     
 EIGGA =    650063.378193728     
 EIGAE =    9.86960440108936     
 EIGAS =   8.333333333333333E-002
 EIGGE =    650063.378193728     
 EIGGS =    2.00000000000000     
  
 verify mesh topology
  0.000000000000000E+000   1.00000000000000       Xrange
  0.000000000000000E+000   1.00000000000000       Yrange
  0.000000000000000E+000   1.00000000000000       Zrange
 done :: verify mesh topology
  
  E-solver strategy:  0 itr
 mg_nx:           1           7          13
 mg_ny:           1           7          13
 mg_nz:           1           7          13
 call usrsetvert
 done :: usrsetvert

gs_setup: 93 unique labels shared
   pairwise times (avg, min, max): 3.04922e-05 2.9707e-05 3.32117e-05
   crystal router                : 8.14348e-06 7.98702e-06 8.2016e-06
   all reduce                    : 3.16978e-05 3.15189e-05 3.1805e-05
   used all_to_all method: crystal router
   handle bytes (avg, min, max): 4120 3868 4372
   buffer bytes (avg, min, max): 632 624 640
   setupds time 3.3569E-03 seconds   1  2         125          64
   setvert3d:   4        1685        2197        1685        1685
 call usrsetvert
 done :: usrsetvert

gs_setup: 757 unique labels shared
   pairwise times (avg, min, max): 2.99394e-05 2.90871e-05 3.31163e-05
   crystal router                : 1.15111e-05 1.13964e-05 1.1611e-05
   all reduce                    : 4.97565e-05 4.94957e-05 5.00917e-05
   used all_to_all method: crystal router
   handle bytes (avg, min, max): 21000 18828 23172
   buffer bytes (avg, min, max): 3848 3584 4112
   setupds time 5.9700E-03 seconds   2  4        1685          64
   setvert3d:   8       10565       24389       10565       10565
 call usrsetvert
 done :: usrsetvert

gs_setup: 4005 unique labels shared
   pairwise times (avg, min, max): 3.66896e-05 3.39031e-05 3.96013e-05
   crystal router                : 2.82556e-05 2.80857e-05 2.85864e-05
   all reduce                    : 0.000118956 0.000118184 0.000119591
   used all_to_all method: crystal router
   handle bytes (avg, min, max): 97384 85612 109156
   buffer bytes (avg, min, max): 18736 17168 20304
   setupds time 1.3108E-02 seconds   3  8       10565          64
   setvert3d:  10       17885       50653       17885       17885
 call usrsetvert
 done :: usrsetvert

gs_setup: 6589 unique labels shared
   pairwise times (avg, min, max): 3.67418e-05 3.39985e-05 3.86953e-05
   crystal router                : 4.23014e-05 4.20809e-05 4.25816e-05
   all reduce                    : 0.000189084 0.000188088 0.000189996
   used all_to_all method: pairwise
   handle bytes (avg, min, max): 31068 26828 35308
   buffer bytes (avg, min, max): 15840 12640 19040
   setupds time 1.8385E-02 seconds   4 10       17885          64
 regenerate geometry data           1
 NOTE: All elements deformed , param(59) ^=0
 done :: regenerate geometry data           1
  
 h1_mg_nx:           1           3          13
 h1_mg_ny:           1           3          13
 h1_mg_nz:           1           3          13
 call usrsetvert
 done :: usrsetvert

gs_setup: 93 unique labels shared
   pairwise times (avg, min, max): 2.51934e-05 2.46048e-05 2.71082e-05
   crystal router                : 1.11088e-05 1.08957e-05 1.14202e-05
   all reduce                    : 3.55527e-05 3.53813e-05 3.57151e-05
   used all_to_all method: crystal router
   handle bytes (avg, min, max): 4120 3868 4372
   buffer bytes (avg, min, max): 632 624 640
   setupds time 3.7069E-03 seconds   5  2         125          64
   setvert3d:   4        1685        2197        1685        1685
 call usrsetvert
 done :: usrsetvert

gs_setup: 757 unique labels shared
   pairwise times (avg, min, max): 3.33309e-05 3.23057e-05 3.52859e-05
   crystal router                : 1.29655e-05 1.2517e-05 1.35899e-05
   all reduce                    : 6.69912e-05 6.68049e-05 6.72102e-05
   used all_to_all method: crystal router
   handle bytes (avg, min, max): 21000 18828 23172
   buffer bytes (avg, min, max): 3848 3584 4112
   setupds time 6.2099E-03 seconds   6  4        1685          64
   setvert3d:   4        1685        2197        1685        1685
 call usrsetvert
 done :: usrsetvert

gs_setup: 757 unique labels shared
   pairwise times (avg, min, max): 2.86818e-05 2.80142e-05 3.17097e-05
   crystal router                : 1.17064e-05 1.14918e-05 1.18971e-05
   all reduce                    : 6.44773e-05 6.42061e-05 6.47068e-05
   used all_to_all method: crystal router
   handle bytes (avg, min, max): 21000 18828 23172
   buffer bytes (avg, min, max): 3848 3584 4112
   setupds time 5.5110E-03 seconds   7  4        1685          64
   setvert3d:   6        5165        9261        5165        5165
 call usrsetvert
 done :: usrsetvert

gs_setup: 2061 unique labels shared
   pairwise times (avg, min, max): 3.11032e-05 2.94924e-05 3.43084e-05
   crystal router                : 1.75625e-05 1.719e-05 1.78814e-05
   all reduce                    : 0.000113384 0.0001127 0.000114107
   used all_to_all method: crystal router
   handle bytes (avg, min, max): 52088 46076 58100
   buffer bytes (avg, min, max): 9872 9072 10672
   setupds time 8.2910E-03 seconds   8  6        5165          64
   setvert3d:  14       38285      148877       38285       38285
 call usrsetvert
 done :: usrsetvert

gs_setup: 13677 unique labels shared
   pairwise times (avg, min, max): 3.96803e-05 3.83854e-05 4.25816e-05
   crystal router                : 7.83563e-05 7.80106e-05 7.91073e-05
   all reduce                    : 0.000391954 0.000389314 0.000396085
   used all_to_all method: pairwise
   handle bytes (avg, min, max): 62108 53516 70700
   buffer bytes (avg, min, max): 31136 24864 37408
   setupds time 3.3890E-02 seconds   9 14       38285          64
   setvert3d:  16       51365      226981       51365       51365
 call usrsetvert
 done :: usrsetvert

gs_setup: 18181 unique labels shared
   pairwise times (avg, min, max): 4.19095e-05 4.04835e-05 4.60863e-05
   crystal router                : 0.000117728 0.000117111 0.000118804
   all reduce                    : 0.000469963 0.0004668 0.000474095
   used all_to_all method: pairwise
   handle bytes (avg, min, max): 81660 70316 93004
   buffer bytes (avg, min, max): 40704 32512 48896
   setupds time 4.3101E-02 seconds  10 16       51365          64
 setup h1 coarse grid, nx_crs=           2
 call usrsetvert
 done :: usrsetvert

gs_setup: 93 unique labels shared
   pairwise times (avg, min, max): 2.2532e-05 2.141e-05 2.52008e-05
   crystal router                : 8.36253e-06 8.2016e-06 8.58307e-06
   all reduce                    : 3.21448e-05 3.19958e-05 3.22819e-05
   used all_to_all method: crystal router
   handle bytes (avg, min, max): 4120 3868 4372
   buffer bytes (avg, min, max): 632 624 640
 done :: setup h1 coarse grid   1.324892044067383E-002  sec
  
 call usrdat3
 done :: usrdat3

 set initial conditions
 nekuic (1) for ifld            1
 call nekuic for vel  
 xyz min     0.0000       0.0000       0.0000    
 uvwpt min   0.0000       0.0000       0.0000       0.0000       0.0000    
 PS min      0.0000       0.0000      0.99000E+22
 xyz max     1.0000       1.0000       1.0000    
 uvwpt max   0.0000       0.0000       0.0000       0.0000       0.0000    
 PS max      0.0000       0.0000     -0.99000E+22
 done :: set initial conditions
  
 call userchk
GFM max:  1.5531E-03  1.5531E-03  1.5531E-03  6.6658E-17  6.6658E-17  6.6658E-17
 
nelt =       4, np =        16, nx1 =      14, elements =        64
Solve Time =   0.4471E-08
 
nelt =       4, np =        16, nx1 =      14, elements =        64
Solve Time =   0.4410E-08
 
nelt =       4, np =        16, nx1 =      14, elements =        64
Solve Time =   0.4390E-08
 
nelt =       4, np =        16, nx1 =      14, elements =        64
Solve Time =   0.4377E-08
 
nelt =       4, np =        16, nx1 =      14, elements =        64
Solve Time =   0.4376E-08
 
nelt =       4, np =        16, nx1 =      14, elements =        64
Solve Time =   0.4369E-08
 
nelt =       4, np =        16, nx1 =      14, elements =        64
Solve Time =   0.4370E-08
 
nelt =       4, np =        16, nx1 =      14, elements =        64
Solve Time =   0.4377E-08
 
nelt =       4, np =        16, nx1 =      14, elements =        64
Solve Time =   0.4362E-08
 
nelt =       4, np =        16, nx1 =      14, elements =        64
Solve Time =   0.4376E-08
 
nelt =       4, np =        16, nx1 =      14, elements =        64
Solve Time =   0.3703E-08
 
nelt =       4, np =        16, nx1 =      14, elements =        64
Solve Time =   0.3679E-08
 
nelt =       4, np =        16, nx1 =      14, elements =        64
Solve Time =   0.3683E-08
 
nelt =       4, np =        16, nx1 =      14, elements =        64
Solve Time =   0.3675E-08
 
nelt =       4, np =        16, nx1 =      14, elements =        64
Solve Time =   0.3681E-08
 
nelt =       4, np =        16, nx1 =      14, elements =        64
Solve Time =   0.3685E-08
 
nelt =       4, np =        16, nx1 =      14, elements =        64
Solve Time =   0.3679E-08
 
nelt =       4, np =        16, nx1 =      14, elements =        64
Solve Time =   0.3683E-08
 
nelt =       4, np =        16, nx1 =      14, elements =        64
Solve Time =   0.3679E-08
 
nelt =       4, np =        16, nx1 =      14, elements =        64
Solve Time =   0.3688E-08
 
nelt =       4, np =        16, nx1 =      14, elements =        64
Solve Time =   0.3994E-08
 
nelt =       4, np =        16, nx1 =      14, elements =        64
Solve Time =   0.3976E-08
 
nelt =       4, np =        16, nx1 =      14, elements =        64
Solve Time =   0.3982E-08
 
nelt =       4, np =        16, nx1 =      14, elements =        64
Solve Time =   0.3973E-08
 
nelt =       4, np =        16, nx1 =      14, elements =        64
Solve Time =   0.3980E-08
 
nelt =       4, np =        16, nx1 =      14, elements =        64
Solve Time =   0.3986E-08
 
nelt =       4, np =        16, nx1 =      14, elements =        64
Solve Time =   0.3975E-08
 
nelt =       4, np =        16, nx1 =      14, elements =        64
Solve Time =   0.3979E-08
 
nelt =       4, np =        16, nx1 =      14, elements =        64
Solve Time =   0.3982E-08
 
nelt =       4, np =        16, nx1 =      14, elements =        64
Solve Time =   0.3989E-08
 
nelt =       4, np =        16, nx1 =      14, elements =        64
Solve Time =   0.4176E-08
 
nelt =       4, np =        16, nx1 =      14, elements =        64
Solve Time =   0.4160E-08
 
nelt =       4, np =        16, nx1 =      14, elements =        64
Solve Time =   0.4160E-08
 
nelt =       4, np =        16, nx1 =      14, elements =        64
Solve Time =   0.4155E-08
 
nelt =       4, np =        16, nx1 =      14, elements =        64
Solve Time =   0.4162E-08
 
nelt =       4, np =        16, nx1 =      14, elements =        64
Solve Time =   0.4160E-08
 
nelt =       4, np =        16, nx1 =      14, elements =        64
Solve Time =   0.4162E-08
 
nelt =       4, np =        16, nx1 =      14, elements =        64
Solve Time =   0.4158E-08
 
nelt =       4, np =        16, nx1 =      14, elements =        64
Solve Time =   0.4172E-08
 
nelt =       4, np =        16, nx1 =      14, elements =        64
Solve Time =   0.4162E-08
 
nelt =       4, np =        16, nx1 =      14, elements =        64
Solve Time =   0.4346E-08
 
nelt =       4, np =        16, nx1 =      14, elements =        64
Solve Time =   0.4326E-08
 
nelt =       4, np =        16, nx1 =      14, elements =        64
Solve Time =   0.4325E-08
 
nelt =       4, np =        16, nx1 =      14, elements =        64
Solve Time =   0.4332E-08
 
nelt =       4, np =        16, nx1 =      14, elements =        64
Solve Time =   0.4326E-08
 
nelt =       4, np =        16, nx1 =      14, elements =        64
Solve Time =   0.4331E-08
 
nelt =       4, np =        16, nx1 =      14, elements =        64
Solve Time =   0.4329E-08
 
nelt =       4, np =        16, nx1 =      14, elements =        64
Solve Time =   0.4340E-08
 
nelt =       4, np =        16, nx1 =      14, elements =        64
Solve Time =   0.4327E-08
 
nelt =       4, np =        16, nx1 =      14, elements =        64
Solve Time =   0.4331E-08
 schfile:
 /gpfs/theta-fs1/home/thilina/env/lx14/b6.sch                                   
                                                      
 14       64  1.0000E+00  1.0000E+00  1.0000E+00  error v
 14       64  1.0000E+00  1.0000E+00  1.0000E+00  error v
 14       64  1.0000E+00  1.0000E+00  1.0000E+00  error v
 14       64  1.0000E+00  1.0000E+00  1.0000E+00  error v
 14       64  1.0000E+00  1.0000E+00  1.0000E+00  error v
 14       64  1.0000E+00  1.0000E+00  1.0000E+00  error v
 14       64  1.0000E+00  1.0000E+00  1.0000E+00  error v
 14       64  1.0000E+00  1.0000E+00  1.0000E+00  error v
 14       64  1.0000E+00  1.0000E+00  1.0000E+00  error v
 14       64  1.0000E+00  1.0000E+00  1.0000E+00  error v
 14       64  1.0000E+00  1.0000E+00  1.0000E+00  error v
 14       64  1.0000E+00  1.0000E+00  1.0000E+00  error v
 14       64  1.0000E+00  1.0000E+00  1.0000E+00  error v
 14       64  1.0000E+00  1.0000E+00  1.0000E+00  error v
 14       64  1.0000E+00  1.0000E+00  1.0000E+00  error v
 14       64  1.0000E+00  1.0000E+00  1.0000E+00  error v
 
nelt =       4, np =        16, nx1 =      14, elements =        64
Solve Time =   0.5095E-08
 
nelt =       4, np =        16, nx1 =      14, elements =        64
Solve Time =   0.5070E-08
 
nelt =       4, np =        16, nx1 =      14, elements =        64
Solve Time =   0.5076E-08
 
nelt =       4, np =        16, nx1 =      14, elements =        64
Solve Time =   0.5072E-08
 
nelt =       4, np =        16, nx1 =      14, elements =        64
Solve Time =   0.5084E-08
 
nelt =       4, np =        16, nx1 =      14, elements =        64
Solve Time =   0.5069E-08
 
nelt =       4, np =        16, nx1 =      14, elements =        64
Solve Time =   0.5079E-08
 
nelt =       4, np =        16, nx1 =      14, elements =        64
Solve Time =   0.5078E-08
 
nelt =       4, np =        16, nx1 =      14, elements =        64
Solve Time =   0.5081E-08
 
nelt =       4, np =        16, nx1 =      14, elements =        64
Solve Time =   0.5076E-08
 14       64  8.6677E-10  8.6677E-10  8.6677E-10  error s
 14       64  8.6677E-10  8.6677E-10  8.6677E-10  error s
 14       64  8.6677E-10  8.6677E-10  8.6677E-10  error s
 14       64  8.6677E-10  8.6677E-10  8.6677E-10  error s
 14       64  8.6677E-10  8.6677E-10  8.6677E-10  error s
 14       64  8.6677E-10  8.6677E-10  8.6677E-10  error s
 14       64  8.6677E-10  8.6677E-10  8.6677E-10  error s
 14       64  8.6677E-10  8.6677E-10  8.6677E-10  error s
 14       64  8.6677E-10  8.6677E-10  8.6677E-10  error s
 14       64  8.6677E-10  8.6677E-10  8.6677E-10  error s
 14       64  8.6677E-10  8.6677E-10  8.6677E-10  error s
 14       64  8.6677E-10  8.6677E-10  8.6677E-10  error s
 14       64  8.6677E-10  8.6677E-10  8.6677E-10  error s
 14       64  8.6677E-10  8.6677E-10  8.6677E-10  error s
 14       64  8.6677E-10  8.6677E-10  8.6677E-10  error s
 14       64  8.6677E-10  8.6677E-10  8.6677E-10  error s
 
nelt =       4, np =        16, nx1 =      14, elements =        64
Solve Time =   0.5615E-08
 
nelt =       4, np =        16, nx1 =      14, elements =        64
Solve Time =   0.5591E-08
 
nelt =       4, np =        16, nx1 =      14, elements =        64
Solve Time =   0.5600E-08
 
nelt =       4, np =        16, nx1 =      14, elements =        64
Solve Time =   0.5598E-08
 
nelt =       4, np =        16, nx1 =      14, elements =        64
Solve Time =   0.5592E-08
 
nelt =       4, np =        16, nx1 =      14, elements =        64
Solve Time =   0.5606E-08
 
nelt =       4, np =        16, nx1 =      14, elements =        64
Solve Time =   0.5596E-08
 
nelt =       4, np =        16, nx1 =      14, elements =        64
Solve Time =   0.5595E-08
 
nelt =       4, np =        16, nx1 =      14, elements =        64
Solve Time =   0.5603E-08
 
nelt =       4, np =        16, nx1 =      14, elements =        64
Solve Time =   0.5594E-08
 14       64  8.7317E-10  8.7317E-10  8.7317E-10  error n
 14       64  8.7317E-10  8.7317E-10  8.7317E-10  error n
 14       64  8.7317E-10  8.7317E-10  8.7317E-10  error n
 14       64  8.7317E-10  8.7317E-10  8.7317E-10  error n
 14       64  8.7317E-10  8.7317E-10  8.7317E-10  error n
 14       64  8.7317E-10  8.7317E-10  8.7317E-10  error n
 14       64  8.7317E-10  8.7317E-10  8.7317E-10  error n
 14       64  8.7317E-10  8.7317E-10  8.7317E-10  error n
 14       64  8.7317E-10  8.7317E-10  8.7317E-10  error n
 14       64  8.7317E-10  8.7317E-10  8.7317E-10  error n
 14       64  8.7317E-10  8.7317E-10  8.7317E-10  error n
 14       64  8.7317E-10  8.7317E-10  8.7317E-10  error n
 14       64  8.7317E-10  8.7317E-10  8.7317E-10  error n
 14       64  8.7317E-10  8.7317E-10  8.7317E-10  error n
 14       64  8.7317E-10  8.7317E-10  8.7317E-10  error n
 14       64  8.7317E-10  8.7317E-10  8.7317E-10  error n
  13       64  100  0.0000E+00  0.0000E+00  0.0000E+00 time for 3 hmholtz
EXIT: quit after cggov         13
  
call exitt: dying ...
  
backtrace(): obtained 8 stack frames.
./nek5000() [0x77ea75]
./nek5000() [0x9627a9]
./nek5000() [0x40dffc]
./nek5000() [0x426fb6]
./nek5000() [0x42556e]
./nek5000() [0x4054fe]
/lib64/libc.so.6(__libc_start_main+0xf5) [0x2aaab1ca3b25]
./nek5000() [0x405409]
  
total elapsed time             :   5.40605E+01 sec
total solver time incl. I/O    :   0.00000E+00 sec
time/timestep                  :   0.00000E+00 sec
CPU seconds/timestep/gridpt    :   0.00000E+00 sec

Application 2258377 resources: utime ~836s, stime ~22s, Rss ~50200, inblocks ~0, outblocks ~0
