/----------------------------------------------------------\\
|      _   __ ______ __ __  ______  ____   ____   ____     |
|     / | / // ____// //_/ / ____/ / __ \\/ __ \\/ __ \\   |
|    /  |/ // __/  / ,<   /___ \\ / / / // / / // / / /    |
|   / /|  // /___ / /| | ____/ / / /_/ // /_/ // /_/ /     |
|  /_/ |_//_____//_/ |_|/_____/  \\___/ \\___/ \\___/      |
|                                                          |
|----------------------------------------------------------|
|                                                          |
| NEK5000:  Open Source Spectral Element Solver            |
| COPYRIGHT (c) 2008-2016 UCHICAGO ARGONNE, LLC            |
| Version:  16.0.0                                         |
| Web:      http://nek5000.mcs.anl.gov                     |
|                                                          |
\\----------------------------------------------------------/
                                                              

 Number of processors:        2048
 REAL    wdsize      :           8
 INTEGER wdsize      :           4
 Timer accuracy      : 1.91E-07
 Reading /gpfs/theta-fs1/home/thilina/env/lx14/b15.rea                                                                                       

 mapping elements to processors
 Reading /gpfs/theta-fs1/home/thilina/env/lx14/b15.map                                                                                       
 RANK     0 IEG   31260   31292   31293   31323   31324   31325   31356   32283
                  32284   32285   32315   32316   32317   32347   32348   32349
 element load imbalance:            0          16          16
 done :: mapping elements to processors
  
           0  objects found
 118   Parameters from file:
   1      1.00000     p001 DENSITY
   2     -100.000     p002 VISCOS
   7      1.00000     p007 RHOCP
   8      1.00000     p008 CONDUCT
  11      1.00        p011 NSTEPS
  12    -0.500000E-02 p012 DT
  21     0.100000E-05 p021 DIVERGENCE
  22     0.100000E-07 p022 HELMHOLTZ
  24     0.100000E-09 p024 TOLREL
  25     0.100000E-09 p025 TOLABS
  26     0.250000     p026 COURANT/NTAU
  27      2.00000     p027 TORDER
  66      6.00000     p066 output : <0=ascii, else binary
  67      6.00000     p067 restart: <0=ascii, else binary
  99      3.00000     p099 dealiasing: <0--> off/3--> old/4--> new
 103     0.500000E-01 p103 weight of stabilizing filter (.01)
  
 nelgt/nelgv/lelt:       32768       32768         100
 lx1  /lx2  /lx3 :          14          14          14
 done :: read .rea file    321.81     sec

 setup mesh topology
   Right-handed check complete for   32768 elements. OK.
   setvert3d:  14    15888609    72511713    15888609    15888609
 call usrsetvert
 done :: usrsetvert

gs_setup: 7361999 unique labels shared
   pairwise times (avg, min, max): 0.000317698 0.000237584 0.000364304
   crystal router                : 0.00164211 0.00161541 0.0016721
   used all_to_all method: pairwise
   handle bytes (avg, min, max): 290285 204796 322604
   buffer bytes (avg, min, max): 130375 61040 166528
   setupds time 4.7640E-01 seconds   0 14    15888609       32768
           8  max multiplicity
 done :: setup mesh topology
  
 call usrdat
 done :: usrdat

 generate geometry data
 done :: generate geometry data
  
 call usrdat2
 done :: usrdat2

 regenerate geometry data           1
 NOTE: All elements deformed , param(59) ^=0
 done :: regenerate geometry data           1
  
 verify mesh topology
  0.000000000000000E+000   1.00000000000000       Xrange
  0.000000000000000E+000   1.00000000000000       Yrange
  0.000000000000000E+000   1.00000000000000       Zrange
 done :: verify mesh topology
  
 IFTRAN   = T
 IFFLOW   = T
 IFHEAT   = F
 IFSPLIT  = T
 IFLOMACH = F
 IFUSERVP = F
 IFUSERMV = F
 IFSTRS   = F
 IFCHAR   = F
 IFCYCLIC = F
 IFAXIS   = F
 IFMVBD   = F
 IFMELT   = F
 IFMODEL  = F
 IFKEPS   = F
 IFMOAB   = F
 IFNEKNEK = F
 IFSYNC   = T
   
 IFVCOR   = T
 IFINTQ   = F
 IFCWUZ   = F
 IFSWALL  = F
 IFGEOM   = F
 IFSURT   = F
 IFWCNO   = F
   
 IFTMSH for field           1    =  F
 IFADVC for field           1    =  T
 IFNONL for field           1    =  F
   
 Dealiasing enabled, lxd=          21
  
 Estimated eigenvalues
 EIGAA =    9.86960440108936     
 EIGGA =    41601153.7273830     
 EIGAE =    9.86960440108936     
 EIGAS =   8.333333333333333E-002
 EIGGE =    41601153.7273830     
 EIGGS =    2.00000000000000     
  
 verify mesh topology
  0.000000000000000E+000   1.00000000000000       Xrange
  0.000000000000000E+000   1.00000000000000       Yrange
  0.000000000000000E+000   1.00000000000000       Zrange
 done :: verify mesh topology
  
  E-solver strategy:  0 itr
 mg_nx:           1           7          13
 mg_ny:           1           7          13
 mg_nz:           1           7          13
 call usrsetvert
 done :: usrsetvert

gs_setup: 31343 unique labels shared
   pairwise times (avg, min, max): 0.000113247 8.69989e-05 0.000143886
   crystal router                : 0.000150583 0.000147796 0.000165796
   all reduce                    : 0.00183063 0.00181859 0.00185971
   used all_to_all method: pairwise
   handle bytes (avg, min, max): 3501.3 2428 4140
   buffer bytes (avg, min, max): 1916.08 752 2560
   setupds time 5.0833E-02 seconds   1  2       35937       32768
   setvert3d:   4      650529      912673      650529      650529
 call usrsetvert
 done :: usrsetvert

gs_setup: 359679 unique labels shared
   pairwise times (avg, min, max): 0.000138281 0.000107479 0.000165081
   crystal router                : 0.000284953 0.000281501 0.000289702
   used all_to_all method: pairwise
   handle bytes (avg, min, max): 18508.5 13116 20844
   buffer bytes (avg, min, max): 9365.83 4080 12000
   setupds time 7.9529E-02 seconds   2  4      650529       32768
   setvert3d:   8     4312737    11390625     4312737     4312737
 call usrsetvert
 done :: usrsetvert

gs_setup: 2088479 unique labels shared
   pairwise times (avg, min, max): 0.000228766 0.000185704 0.000265908
   crystal router                : 0.000698764 0.000688505 0.000709105
   used all_to_all method: pairwise
   handle bytes (avg, min, max): 87871 62140 97580
   buffer bytes (avg, min, max): 41017.3 18800 52192
   setupds time 1.7732E-01 seconds   3  8     4312737       32768
   setvert3d:  10     7360353    24137569     7360353     7360353
 call usrsetvert
 done :: usrsetvert

gs_setup: 3488943 unique labels shared
   pairwise times (avg, min, max): 0.000238693 0.000186205 0.000282001
   crystal router                : 0.000959247 0.000943589 0.000980616
   used all_to_all method: pairwise
   handle bytes (avg, min, max): 142226 100476 157996
   buffer bytes (avg, min, max): 65219.1 30192 83136
   setupds time 2.2681E-01 seconds   4 10     7360353       32768
 regenerate geometry data           1
 NOTE: All elements deformed , param(59) ^=0
 done :: regenerate geometry data           1
  
 h1_mg_nx:           1           3          13
 h1_mg_ny:           1           3          13
 h1_mg_nz:           1           3          13
 call usrsetvert
 done :: usrsetvert

gs_setup: 31343 unique labels shared
   pairwise times (avg, min, max): 0.000104982 8.28981e-05 0.000122404
   crystal router                : 0.000129705 0.000127983 0.00013299
   all reduce                    : 0.00186561 0.00185649 0.00188429
   used all_to_all method: pairwise
   handle bytes (avg, min, max): 3501.3 2428 4140
   buffer bytes (avg, min, max): 1916.08 752 2560
   setupds time 4.8601E-02 seconds   5  2       35937       32768
   setvert3d:   4      650529      912673      650529      650529
 call usrsetvert
 done :: usrsetvert

gs_setup: 359679 unique labels shared
   pairwise times (avg, min, max): 0.000135145 0.0001055 0.000164795
   crystal router                : 0.000309187 0.000305104 0.00031271
   used all_to_all method: pairwise
   handle bytes (avg, min, max): 18508.5 13116 20844
   buffer bytes (avg, min, max): 9365.83 4080 12000
   setupds time 8.1276E-02 seconds   6  4      650529       32768
   setvert3d:   4      650529      912673      650529      650529
 call usrsetvert
 done :: usrsetvert

gs_setup: 359679 unique labels shared
   pairwise times (avg, min, max): 0.00012978 0.000101399 0.000157285
   crystal router                : 0.000287495 0.000282121 0.000291491
   used all_to_all method: pairwise
   handle bytes (avg, min, max): 18508.5 13116 20844
   buffer bytes (avg, min, max): 9365.83 4080 12000
   setupds time 6.1155E-02 seconds   7  4      650529       32768
   setvert3d:   6     2076129     4173281     2076129     2076129
 call usrsetvert
 done :: usrsetvert

gs_setup: 1045391 unique labels shared
   pairwise times (avg, min, max): 0.000188305 0.000141597 0.000223708
   crystal router                : 0.000426825 0.000420785 0.000433803
   used all_to_all method: pairwise
   handle bytes (avg, min, max): 46631.8 33020 51948
   buffer bytes (avg, min, max): 22399.6 10096 28416
   setupds time 9.6291E-02 seconds   8  6     2076129       32768
   setvert3d:  14    15888609    72511713    15888609    15888609
 call usrsetvert
 done :: usrsetvert

gs_setup: 7361999 unique labels shared
   pairwise times (avg, min, max): 0.000280397 0.000228 0.000327802
   crystal router                : 0.00159806 0.00157921 0.00162518
   used all_to_all method: pairwise
   handle bytes (avg, min, max): 290285 204796 322604
   buffer bytes (avg, min, max): 130375 61040 166528
   setupds time 4.6377E-01 seconds   9 14    15888609       32768
   setvert3d:  16    21369249   111284641    21369249    21369249
 call usrsetvert
 done :: usrsetvert

gs_setup: 9834591 unique labels shared
   pairwise times (avg, min, max): 0.000310848 0.000247979 0.000352693
   crystal router                : 0.00205128 0.00202069 0.0020844
   used all_to_all method: pairwise
   handle bytes (avg, min, max): 383988 270780 426796
   buffer bytes (avg, min, max): 171328 80496 218976
   setupds time 6.8854E-01 seconds  10 16    21369249       32768
 setup h1 coarse grid, nx_crs=           2
 call usrsetvert
 done :: usrsetvert

gs_setup: 31343 unique labels shared
   pairwise times (avg, min, max): 9.78238e-05 8.15153e-05 0.000115585
   crystal router                : 0.00013649 0.000130916 0.000145698
   all reduce                    : 0.00182522 0.0018117 0.00184371
   used all_to_all method: pairwise
   handle bytes (avg, min, max): 3501.3 2428 4140
   buffer bytes (avg, min, max): 1916.08 752 2560
 done :: setup h1 coarse grid    2.16537094116211       sec
  
 call usrdat3
 done :: usrdat3

 set initial conditions
 nekuic (1) for ifld            1
 call nekuic for vel  
 xyz min     0.0000       0.0000       0.0000    
 uvwpt min   0.0000       0.0000       0.0000       0.0000       0.0000    
 PS min      0.0000       0.0000      0.99000E+22
 xyz max     1.0000       1.0000       1.0000    
 uvwpt max   0.0000       0.0000       0.0000       0.0000       0.0000    
 PS max      0.0000       0.0000     -0.99000E+22
 done :: set initial conditions
  
 call userchk
GFM max:  1.9414E-04  1.9414E-04  1.9414E-04  7.7517E-17  7.1730E-17  7.7517E-17
 
nelt =      16, np =      2048, nx1 =      14, elements =     32768
Solve Time =   0.4550E-10
 
nelt =      16, np =      2048, nx1 =      14, elements =     32768
Solve Time =   0.4502E-10
 
nelt =      16, np =      2048, nx1 =      14, elements =     32768
Solve Time =   0.4512E-10
 
nelt =      16, np =      2048, nx1 =      14, elements =     32768
Solve Time =   0.4486E-10
 
nelt =      16, np =      2048, nx1 =      14, elements =     32768
Solve Time =   0.4494E-10
 
nelt =      16, np =      2048, nx1 =      14, elements =     32768
Solve Time =   0.4505E-10
 
nelt =      16, np =      2048, nx1 =      14, elements =     32768
Solve Time =   0.4514E-10
 
nelt =      16, np =      2048, nx1 =      14, elements =     32768
Solve Time =   0.4517E-10
 
nelt =      16, np =      2048, nx1 =      14, elements =     32768
Solve Time =   0.4517E-10
 
nelt =      16, np =      2048, nx1 =      14, elements =     32768
Solve Time =   0.4507E-10
 
nelt =      16, np =      2048, nx1 =      14, elements =     32768
Solve Time =   0.3613E-10
 
nelt =      16, np =      2048, nx1 =      14, elements =     32768
Solve Time =   0.3610E-10
 
nelt =      16, np =      2048, nx1 =      14, elements =     32768
Solve Time =   0.3598E-10
 
nelt =      16, np =      2048, nx1 =      14, elements =     32768
Solve Time =   0.3598E-10
 
nelt =      16, np =      2048, nx1 =      14, elements =     32768
Solve Time =   0.3609E-10
 
nelt =      16, np =      2048, nx1 =      14, elements =     32768
Solve Time =   0.3614E-10
 
nelt =      16, np =      2048, nx1 =      14, elements =     32768
Solve Time =   0.3609E-10
 
nelt =      16, np =      2048, nx1 =      14, elements =     32768
Solve Time =   0.3623E-10
 
nelt =      16, np =      2048, nx1 =      14, elements =     32768
Solve Time =   0.3625E-10
 
nelt =      16, np =      2048, nx1 =      14, elements =     32768
Solve Time =   0.3614E-10
 
nelt =      16, np =      2048, nx1 =      14, elements =     32768
Solve Time =   0.4006E-10
 
nelt =      16, np =      2048, nx1 =      14, elements =     32768
Solve Time =   0.3997E-10
 
nelt =      16, np =      2048, nx1 =      14, elements =     32768
Solve Time =   0.3989E-10
 
nelt =      16, np =      2048, nx1 =      14, elements =     32768
Solve Time =   0.3989E-10
 
nelt =      16, np =      2048, nx1 =      14, elements =     32768
Solve Time =   0.3990E-10
 
nelt =      16, np =      2048, nx1 =      14, elements =     32768
Solve Time =   0.3994E-10
 
nelt =      16, np =      2048, nx1 =      14, elements =     32768
Solve Time =   0.3998E-10
 
nelt =      16, np =      2048, nx1 =      14, elements =     32768
Solve Time =   0.4035E-10
 
nelt =      16, np =      2048, nx1 =      14, elements =     32768
Solve Time =   0.4000E-10
 
nelt =      16, np =      2048, nx1 =      14, elements =     32768
Solve Time =   0.3999E-10
 
nelt =      16, np =      2048, nx1 =      14, elements =     32768
Solve Time =   0.4359E-10
 
nelt =      16, np =      2048, nx1 =      14, elements =     32768
Solve Time =   0.4336E-10
 
nelt =      16, np =      2048, nx1 =      14, elements =     32768
Solve Time =   0.4338E-10
 
nelt =      16, np =      2048, nx1 =      14, elements =     32768
Solve Time =   0.4344E-10
 
nelt =      16, np =      2048, nx1 =      14, elements =     32768
Solve Time =   0.4358E-10
 
nelt =      16, np =      2048, nx1 =      14, elements =     32768
Solve Time =   0.4344E-10
 
nelt =      16, np =      2048, nx1 =      14, elements =     32768
Solve Time =   0.4359E-10
 
nelt =      16, np =      2048, nx1 =      14, elements =     32768
Solve Time =   0.4356E-10
 
nelt =      16, np =      2048, nx1 =      14, elements =     32768
Solve Time =   0.4350E-10
 
nelt =      16, np =      2048, nx1 =      14, elements =     32768
Solve Time =   0.4349E-10
 
nelt =      16, np =      2048, nx1 =      14, elements =     32768
Solve Time =   0.4694E-10
 
nelt =      16, np =      2048, nx1 =      14, elements =     32768
Solve Time =   0.4701E-10
 
nelt =      16, np =      2048, nx1 =      14, elements =     32768
Solve Time =   0.4684E-10
 
nelt =      16, np =      2048, nx1 =      14, elements =     32768
Solve Time =   0.4689E-10
 
nelt =      16, np =      2048, nx1 =      14, elements =     32768
Solve Time =   0.4700E-10
 
nelt =      16, np =      2048, nx1 =      14, elements =     32768
Solve Time =   0.4691E-10
 
nelt =      16, np =      2048, nx1 =      14, elements =     32768
Solve Time =   0.4698E-10
 
nelt =      16, np =      2048, nx1 =      14, elements =     32768
Solve Time =   0.4706E-10
 
nelt =      16, np =      2048, nx1 =      14, elements =     32768
Solve Time =   0.4685E-10
 
nelt =      16, np =      2048, nx1 =      14, elements =     32768
Solve Time =   0.4701E-10
 schfile:
 /gpfs/theta-fs1/home/thilina/env/lx14/b15.sch                                  
                                                      
Application 2260374 exit codes: 1
Application 2260374 resources: utime ~229101s, stime ~589s, Rss ~98932, inblocks ~0, outblocks ~0
