/----------------------------------------------------------\\
|      _   __ ______ __ __  ______  ____   ____   ____     |
|     / | / // ____// //_/ / ____/ / __ \\/ __ \\/ __ \\   |
|    /  |/ // __/  / ,<   /___ \\ / / / // / / // / / /    |
|   / /|  // /___ / /| | ____/ / / /_/ // /_/ // /_/ /     |
|  /_/ |_//_____//_/ |_|/_____/  \\___/ \\___/ \\___/      |
|                                                          |
|----------------------------------------------------------|
|                                                          |
| NEK5000:  Open Source Spectral Element Solver            |
| COPYRIGHT (c) 2008-2016 UCHICAGO ARGONNE, LLC            |
| Version:  16.0.0                                         |
| Web:      http://nek5000.mcs.anl.gov                     |
|                                                          |
\\----------------------------------------------------------/
                                                              

 Number of processors:          16
 REAL    wdsize      :           8
 INTEGER wdsize      :           4
 Timer accuracy      : 4.05E-07
 Reading /gpfs/theta-fs1/home/thilina/env/lx11/b7.rea                                                                                        

 mapping elements to processors
 Reading /gpfs/theta-fs1/home/thilina/env/lx11/b7.map                                                                                        
           0           8           8         128         128  NELV
           4           8           8         128         128  NELV
          14           8           8         128         128  NELV
          11           8           8         128         128  NELV
          13           8           8         128         128  NELV
          15           8           8         128         128  NELV
           9           8           8         128         128  NELV
           8           8           8         128         128  NELV
           7           8           8         128         128  NELV
           6           8           8         128         128  NELV
           5           8           8         128         128  NELV
          10           8           8         128         128  NELV
          12           8           8         128         128  NELV
           2           8           8         128         128  NELV
           3           8           8         128         128  NELV
           1           8           8         128         128  NELV
 RANK     0 IEG      97      98     101     102     113     114     117     118
 element load imbalance:            0           8           8
 done :: mapping elements to processors
  
           0  objects found
 118   Parameters from file:
   1      1.00000     p001 DENSITY
   2     -100.000     p002 VISCOS
   7      1.00000     p007 RHOCP
   8      1.00000     p008 CONDUCT
  11      1.00        p011 NSTEPS
  12    -0.500000E-02 p012 DT
  21     0.100000E-05 p021 DIVERGENCE
  22     0.100000E-07 p022 HELMHOLTZ
  24     0.100000E-09 p024 TOLREL
  25     0.100000E-09 p025 TOLABS
  26     0.250000     p026 COURANT/NTAU
  27      2.00000     p027 TORDER
  66      6.00000     p066 output : <0=ascii, else binary
  67      6.00000     p067 restart: <0=ascii, else binary
  99      3.00000     p099 dealiasing: <0--> off/3--> old/4--> new
 103     0.500000E-01 p103 weight of stabilizing filter (.01)
  
 nelgt/nelgv/lelt:         128         128         100
 lx1  /lx2  /lx3 :          11          11          11
 done :: read .rea file   0.64897E-01 sec

 setup mesh topology
   Right-handed check complete for     128 elements. OK.
   setvert3d:  11       42849      136161       42849       42849
 call usrsetvert
 done :: usrsetvert

gs_setup: 11361 unique labels shared
   pairwise times (avg, min, max): 4.00648e-05 3.66211e-05 4.22001e-05
   crystal router                : 7.87154e-05 7.7486e-05 7.98941e-05
   all reduce                    : 0.000667487 0.000664401 0.000671601
   used all_to_all method: pairwise
   handle bytes (avg, min, max): 68092 62908 73276
   buffer bytes (avg, min, max): 26064 22192 29936
   setupds time 3.8377E-02 seconds   0 11       42849         128
           8  max multiplicity
 done :: setup mesh topology
  
 call usrdat
 done :: usrdat

 generate geometry data
 done :: generate geometry data
  
 call usrdat2
 done :: usrdat2

 regenerate geometry data           1
 NOTE: All elements deformed , param(59) ^=0
 done :: regenerate geometry data           1
  
 verify mesh topology
  0.000000000000000E+000   1.00000000000000       Xrange
  0.000000000000000E+000   1.00000000000000       Yrange
  0.000000000000000E+000   1.00000000000000       Zrange
 done :: verify mesh topology
  
 IFTRAN   = T
 IFFLOW   = T
 IFHEAT   = F
 IFSPLIT  = T
 IFLOMACH = F
 IFUSERVP = F
 IFUSERMV = F
 IFSTRS   = F
 IFCHAR   = F
 IFCYCLIC = F
 IFAXIS   = F
 IFMVBD   = F
 IFMELT   = F
 IFMODEL  = F
 IFKEPS   = F
 IFMOAB   = F
 IFNEKNEK = F
 IFSYNC   = T
   
 IFVCOR   = T
 IFINTQ   = F
 IFCWUZ   = F
 IFSWALL  = F
 IFGEOM   = F
 IFSURT   = F
 IFWCNO   = F
   
 IFTMSH for field           1    =  F
 IFADVC for field           1    =  T
 IFNONL for field           1    =  F
   
 Dealiasing enabled, lxd=          16
  
 Estimated eigenvalues
 EIGAA =    9.86960440108936     
 EIGGA =    477854.204765991     
 EIGAE =    9.86960440108936     
 EIGAS =   8.333333333333333E-002
 EIGGE =    477854.204765991     
 EIGGS =    2.00000000000000     
  
 verify mesh topology
  0.000000000000000E+000   1.00000000000000       Xrange
  0.000000000000000E+000   1.00000000000000       Yrange
  0.000000000000000E+000   1.00000000000000       Zrange
 done :: verify mesh topology
  
  E-solver strategy:  0 itr
 mg_nx:           1           5          10
 mg_ny:           1           5          10
 mg_nz:           1           5          10
 call usrsetvert
 done :: usrsetvert

gs_setup: 129 unique labels shared
   pairwise times (avg, min, max): 2.55927e-05 2.47002e-05 2.89917e-05
   crystal router                : 9.06736e-06 8.98838e-06 9.20296e-06
   all reduce                    : 3.05891e-05 3.03984e-05 3.06845e-05
   used all_to_all method: crystal router
   handle bytes (avg, min, max): 5240 4676 5804
   buffer bytes (avg, min, max): 864 704 1024
   setupds time 3.5241E-03 seconds   1  2         225         128
   setvert3d:   4        3201        4225        3201        3201
 call usrsetvert
 done :: usrsetvert

gs_setup: 1057 unique labels shared
   pairwise times (avg, min, max): 3.17901e-05 3.05891e-05 3.43084e-05
   crystal router                : 1.4624e-05 1.44958e-05 1.4782e-05
   all reduce                    : 6.46904e-05 6.39915e-05 6.53982e-05
   used all_to_all method: crystal router
   handle bytes (avg, min, max): 29192 25220 33164
   buffer bytes (avg, min, max): 5408 4352 6464
   setupds time 6.8369E-03 seconds   2  4        3201         128
   setvert3d:   6        9889       18081        9889        9889
 call usrsetvert
 done :: usrsetvert

gs_setup: 2881 unique labels shared
   pairwise times (avg, min, max): 3.41773e-05 3.35932e-05 3.64065e-05
   crystal router                : 2.20686e-05 2.17915e-05 2.22921e-05
   all reduce                    : 9.62302e-05 9.53913e-05 9.68933e-05
   used all_to_all method: crystal router
   handle bytes (avg, min, max): 73880 63428 84332
   buffer bytes (avg, min, max): 13792 11072 16512
   setupds time 1.0757E-02 seconds   3  6        9889         128
   setvert3d:   8       20289       47937       20289       20289
 call usrsetvert
 done :: usrsetvert

gs_setup: 5601 unique labels shared
   pairwise times (avg, min, max): 3.82841e-05 3.60012e-05 4.05073e-05
   crystal router                : 4.55439e-05 4.49896e-05 4.58956e-05
   all reduce                    : 0.000160083 0.000158691 0.000161004
   used all_to_all method: pairwise
   handle bytes (avg, min, max): 34732 32092 37372
   buffer bytes (avg, min, max): 13584 11536 15632
   setupds time 1.6928E-02 seconds   4  8       20289         128
 regenerate geometry data           1
 NOTE: All elements deformed , param(59) ^=0
 done :: regenerate geometry data           1
  
 h1_mg_nx:           1           3          10
 h1_mg_ny:           1           3          10
 h1_mg_nz:           1           3          10
 call usrsetvert
 done :: usrsetvert

gs_setup: 129 unique labels shared
   pairwise times (avg, min, max): 2.81945e-05 2.7585e-05 2.92063e-05
   crystal router                : 1.31622e-05 1.30892e-05 1.33038e-05
   all reduce                    : 3.63067e-05 3.61919e-05 3.65019e-05
   used all_to_all method: crystal router
   handle bytes (avg, min, max): 5240 4676 5804
   buffer bytes (avg, min, max): 864 704 1024
   setupds time 3.9320E-03 seconds   5  2         225         128
   setvert3d:   4        3201        4225        3201        3201
 call usrsetvert
 done :: usrsetvert

gs_setup: 1057 unique labels shared
   pairwise times (avg, min, max): 2.7436e-05 2.49863e-05 2.93016e-05
   crystal router                : 1.51023e-05 1.49012e-05 1.53065e-05
   all reduce                    : 7.16135e-05 7.10964e-05 7.21931e-05
   used all_to_all method: crystal router
   handle bytes (avg, min, max): 29192 25220 33164
   buffer bytes (avg, min, max): 5408 4352 6464
   setupds time 7.0550E-03 seconds   6  4        3201         128
   setvert3d:   4        3201        4225        3201        3201
 call usrsetvert
 done :: usrsetvert

gs_setup: 1057 unique labels shared
   pairwise times (avg, min, max): 2.76744e-05 2.60115e-05 3.00169e-05
   crystal router                : 1.82673e-05 1.79052e-05 1.85966e-05
   all reduce                    : 6.48603e-05 6.42061e-05 6.54936e-05
   used all_to_all method: crystal router
   handle bytes (avg, min, max): 29192 25220 33164
   buffer bytes (avg, min, max): 5408 4352 6464
   setupds time 6.4008E-03 seconds   7  4        3201         128
   setvert3d:   6        9889       18081        9889        9889
 call usrsetvert
 done :: usrsetvert

gs_setup: 2881 unique labels shared
   pairwise times (avg, min, max): 3.11911e-05 2.83003e-05 3.28064e-05
   crystal router                : 2.21223e-05 2.17199e-05 2.26021e-05
   all reduce                    : 0.000101234 0.000100493 0.000101995
   used all_to_all method: crystal router
   handle bytes (avg, min, max): 73880 63428 84332
   buffer bytes (avg, min, max): 13792 11072 16512
   setupds time 1.0230E-02 seconds   8  6        9889         128
   setvert3d:  11       42849      136161       42849       42849
 call usrsetvert
 done :: usrsetvert

gs_setup: 11361 unique labels shared
   pairwise times (avg, min, max): 3.40745e-05 3.06845e-05 3.74079e-05
   crystal router                : 7.84442e-05 7.69854e-05 8.01086e-05
   all reduce                    : 0.000332922 0.000330496 0.000336099
   used all_to_all method: pairwise
   handle bytes (avg, min, max): 68092 62908 73276
   buffer bytes (avg, min, max): 26064 22192 29936
   setupds time 2.9997E-02 seconds   9 11       42849         128
   setvert3d:  13       62529      232897       62529       62529
 call usrsetvert
 done :: usrsetvert

gs_setup: 16321 unique labels shared
   pairwise times (avg, min, max): 4.24251e-05 4.0102e-05 4.49896e-05
   crystal router                : 0.000113186 0.000111604 0.000114894
   all reduce                    : 0.000436506 0.000433588 0.000440383
   used all_to_all method: pairwise
   handle bytes (avg, min, max): 96572 89212 103932
   buffer bytes (avg, min, max): 36624 31216 42032
   setupds time 4.0840E-02 seconds  10 13       62529         128
 setup h1 coarse grid, nx_crs=           2
 call usrsetvert
 done :: usrsetvert

gs_setup: 129 unique labels shared
   pairwise times (avg, min, max): 2.41637e-05 2.31981e-05 2.60115e-05
   crystal router                : 8.55774e-06 8.41618e-06 8.70228e-06
   all reduce                    : 3.29494e-05 3.28064e-05 3.30925e-05
   used all_to_all method: crystal router
   handle bytes (avg, min, max): 5240 4676 5804
   buffer bytes (avg, min, max): 864 704 1024
 done :: setup h1 coarse grid   1.354980468750000E-002  sec
  
 call usrdat3
 done :: usrdat3

 set initial conditions
 nekuic (1) for ifld            1
 call nekuic for vel  
 xyz min     0.0000       0.0000       0.0000    
 uvwpt min   0.0000       0.0000       0.0000       0.0000       0.0000    
 PS min      0.0000       0.0000      0.99000E+22
 xyz max     1.0000       1.0000       1.0000    
 uvwpt max   0.0000       0.0000       0.0000       0.0000       0.0000    
 PS max      0.0000       0.0000     -0.99000E+22
 done :: set initial conditions
  
 call userchk
GFM max:  1.6912E-03  1.6912E-03  6.7647E-03  4.1147E-17  1.2070E-16  1.2070E-16
 
nelt =       8, np =        16, nx1 =      11, elements =       128
Solve Time =   0.4767E-08
 
nelt =       8, np =        16, nx1 =      11, elements =       128
Solve Time =   0.4723E-08
 
nelt =       8, np =        16, nx1 =      11, elements =       128
Solve Time =   0.4712E-08
 
nelt =       8, np =        16, nx1 =      11, elements =       128
Solve Time =   0.4716E-08
 
nelt =       8, np =        16, nx1 =      11, elements =       128
Solve Time =   0.4690E-08
 
nelt =       8, np =        16, nx1 =      11, elements =       128
Solve Time =   0.4691E-08
 
nelt =       8, np =        16, nx1 =      11, elements =       128
Solve Time =   0.4684E-08
 
nelt =       8, np =        16, nx1 =      11, elements =       128
Solve Time =   0.4698E-08
 
nelt =       8, np =        16, nx1 =      11, elements =       128
Solve Time =   0.4682E-08
 
nelt =       8, np =        16, nx1 =      11, elements =       128
Solve Time =   0.4683E-08
 
nelt =       8, np =        16, nx1 =      11, elements =       128
Solve Time =   0.3981E-08
 
nelt =       8, np =        16, nx1 =      11, elements =       128
Solve Time =   0.3973E-08
 
nelt =       8, np =        16, nx1 =      11, elements =       128
Solve Time =   0.3959E-08
 
nelt =       8, np =        16, nx1 =      11, elements =       128
Solve Time =   0.3964E-08
 
nelt =       8, np =        16, nx1 =      11, elements =       128
Solve Time =   0.3968E-08
 
nelt =       8, np =        16, nx1 =      11, elements =       128
Solve Time =   0.3964E-08
 
nelt =       8, np =        16, nx1 =      11, elements =       128
Solve Time =   0.3965E-08
 
nelt =       8, np =        16, nx1 =      11, elements =       128
Solve Time =   0.3960E-08
 
nelt =       8, np =        16, nx1 =      11, elements =       128
Solve Time =   0.3967E-08
 
nelt =       8, np =        16, nx1 =      11, elements =       128
Solve Time =   0.3960E-08
 
nelt =       8, np =        16, nx1 =      11, elements =       128
Solve Time =   0.4286E-08
 
nelt =       8, np =        16, nx1 =      11, elements =       128
Solve Time =   0.4290E-08
 
nelt =       8, np =        16, nx1 =      11, elements =       128
Solve Time =   0.4264E-08
 
nelt =       8, np =        16, nx1 =      11, elements =       128
Solve Time =   0.4270E-08
 
nelt =       8, np =        16, nx1 =      11, elements =       128
Solve Time =   0.4267E-08
 
nelt =       8, np =        16, nx1 =      11, elements =       128
Solve Time =   0.4271E-08
 
nelt =       8, np =        16, nx1 =      11, elements =       128
Solve Time =   0.4274E-08
 
nelt =       8, np =        16, nx1 =      11, elements =       128
Solve Time =   0.4265E-08
 
nelt =       8, np =        16, nx1 =      11, elements =       128
Solve Time =   0.4276E-08
 
nelt =       8, np =        16, nx1 =      11, elements =       128
Solve Time =   0.4265E-08
 
nelt =       8, np =        16, nx1 =      11, elements =       128
Solve Time =   0.4471E-08
 
nelt =       8, np =        16, nx1 =      11, elements =       128
Solve Time =   0.4464E-08
 
nelt =       8, np =        16, nx1 =      11, elements =       128
Solve Time =   0.4461E-08
 
nelt =       8, np =        16, nx1 =      11, elements =       128
Solve Time =   0.4465E-08
 
nelt =       8, np =        16, nx1 =      11, elements =       128
Solve Time =   0.4464E-08
 
nelt =       8, np =        16, nx1 =      11, elements =       128
Solve Time =   0.4462E-08
 
nelt =       8, np =        16, nx1 =      11, elements =       128
Solve Time =   0.4456E-08
 
nelt =       8, np =        16, nx1 =      11, elements =       128
Solve Time =   0.4458E-08
 
nelt =       8, np =        16, nx1 =      11, elements =       128
Solve Time =   0.4461E-08
 
nelt =       8, np =        16, nx1 =      11, elements =       128
Solve Time =   0.4472E-08
 
nelt =       8, np =        16, nx1 =      11, elements =       128
Solve Time =   0.4660E-08
 
nelt =       8, np =        16, nx1 =      11, elements =       128
Solve Time =   0.4646E-08
 
nelt =       8, np =        16, nx1 =      11, elements =       128
Solve Time =   0.4641E-08
 
nelt =       8, np =        16, nx1 =      11, elements =       128
Solve Time =   0.4645E-08
 
nelt =       8, np =        16, nx1 =      11, elements =       128
Solve Time =   0.4645E-08
 
nelt =       8, np =        16, nx1 =      11, elements =       128
Solve Time =   0.4646E-08
 
nelt =       8, np =        16, nx1 =      11, elements =       128
Solve Time =   0.4642E-08
 
nelt =       8, np =        16, nx1 =      11, elements =       128
Solve Time =   0.4642E-08
 
nelt =       8, np =        16, nx1 =      11, elements =       128
Solve Time =   0.4647E-08
 
nelt =       8, np =        16, nx1 =      11, elements =       128
Solve Time =   0.4646E-08
 schfile:
 /gpfs/theta-fs1/home/thilina/env/lx11/b7.sch                                   
                                                      
 11      128  1.0000E+00  1.0000E+00  1.0000E+00  error v
 11      128  1.0000E+00  1.0000E+00  1.0000E+00  error v
 11      128  1.0000E+00  1.0000E+00  1.0000E+00  error v
 11      128  1.0000E+00  1.0000E+00  1.0000E+00  error v
 11      128  1.0000E+00  1.0000E+00  1.0000E+00  error v
 11      128  1.0000E+00  1.0000E+00  1.0000E+00  error v
 11      128  1.0000E+00  1.0000E+00  1.0000E+00  error v
 11      128  1.0000E+00  1.0000E+00  1.0000E+00  error v
 11      128  1.0000E+00  1.0000E+00  1.0000E+00  error v
 11      128  1.0000E+00  1.0000E+00  1.0000E+00  error v
 11      128  1.0000E+00  1.0000E+00  1.0000E+00  error v
 11      128  1.0000E+00  1.0000E+00  1.0000E+00  error v
 11      128  1.0000E+00  1.0000E+00  1.0000E+00  error v
 11      128  1.0000E+00  1.0000E+00  1.0000E+00  error v
 11      128  1.0000E+00  1.0000E+00  1.0000E+00  error v
 11      128  1.0000E+00  1.0000E+00  1.0000E+00  error v
 
nelt =       8, np =        16, nx1 =      11, elements =       128
Solve Time =   0.5520E-08
 
nelt =       8, np =        16, nx1 =      11, elements =       128
Solve Time =   0.5500E-08
 
nelt =       8, np =        16, nx1 =      11, elements =       128
Solve Time =   0.5500E-08
 
nelt =       8, np =        16, nx1 =      11, elements =       128
Solve Time =   0.5503E-08
 
nelt =       8, np =        16, nx1 =      11, elements =       128
Solve Time =   0.5509E-08
 
nelt =       8, np =        16, nx1 =      11, elements =       128
Solve Time =   0.5518E-08
 
nelt =       8, np =        16, nx1 =      11, elements =       128
Solve Time =   0.5502E-08
 
nelt =       8, np =        16, nx1 =      11, elements =       128
Solve Time =   0.5503E-08
 
nelt =       8, np =        16, nx1 =      11, elements =       128
Solve Time =   0.5506E-08
 
nelt =       8, np =        16, nx1 =      11, elements =       128
Solve Time =   0.5505E-08
 11      128  5.9488E-09  5.9488E-09  5.9488E-09  error s
 11      128  5.9488E-09  5.9488E-09  5.9488E-09  error s
 11      128  5.9488E-09  5.9488E-09  5.9488E-09  error s
 11      128  5.9488E-09  5.9488E-09  5.9488E-09  error s
 11      128  5.9488E-09  5.9488E-09  5.9488E-09  error s
 11      128  5.9488E-09  5.9488E-09  5.9488E-09  error s
 11      128  5.9488E-09  5.9488E-09  5.9488E-09  error s
 11      128  5.9488E-09  5.9488E-09  5.9488E-09  error s
 11      128  5.9488E-09  5.9488E-09  5.9488E-09  error s
 11      128  5.9488E-09  5.9488E-09  5.9488E-09  error s
 11      128  5.9488E-09  5.9488E-09  5.9488E-09  error s
 11      128  5.9488E-09  5.9488E-09  5.9488E-09  error s
 11      128  5.9488E-09  5.9488E-09  5.9488E-09  error s
 11      128  5.9488E-09  5.9488E-09  5.9488E-09  error s
 11      128  5.9488E-09  5.9488E-09  5.9488E-09  error s
 11      128  5.9488E-09  5.9488E-09  5.9488E-09  error s
 
nelt =       8, np =        16, nx1 =      11, elements =       128
Solve Time =   0.5823E-08
 
nelt =       8, np =        16, nx1 =      11, elements =       128
Solve Time =   0.5810E-08
 
nelt =       8, np =        16, nx1 =      11, elements =       128
Solve Time =   0.5804E-08
 
nelt =       8, np =        16, nx1 =      11, elements =       128
Solve Time =   0.5805E-08
 
nelt =       8, np =        16, nx1 =      11, elements =       128
Solve Time =   0.5808E-08
 
nelt =       8, np =        16, nx1 =      11, elements =       128
Solve Time =   0.5805E-08
 
nelt =       8, np =        16, nx1 =      11, elements =       128
Solve Time =   0.5803E-08
 
nelt =       8, np =        16, nx1 =      11, elements =       128
Solve Time =   0.5803E-08
 
nelt =       8, np =        16, nx1 =      11, elements =       128
Solve Time =   0.5810E-08
 
nelt =       8, np =        16, nx1 =      11, elements =       128
Solve Time =   0.5807E-08
 11      128  5.9505E-09  5.9505E-09  5.9505E-09  error n
 11      128  5.9505E-09  5.9505E-09  5.9505E-09  error n
 11      128  5.9505E-09  5.9505E-09  5.9505E-09  error n
 11      128  5.9505E-09  5.9505E-09  5.9505E-09  error n
 11      128  5.9505E-09  5.9505E-09  5.9505E-09  error n
 11      128  5.9505E-09  5.9505E-09  5.9505E-09  error n
 11      128  5.9505E-09  5.9505E-09  5.9505E-09  error n
 11      128  5.9505E-09  5.9505E-09  5.9505E-09  error n
 11      128  5.9505E-09  5.9505E-09  5.9505E-09  error n
 11      128  5.9505E-09  5.9505E-09  5.9505E-09  error n
 11      128  5.9505E-09  5.9505E-09  5.9505E-09  error n
 11      128  5.9505E-09  5.9505E-09  5.9505E-09  error n
 11      128  5.9505E-09  5.9505E-09  5.9505E-09  error n
 11      128  5.9505E-09  5.9505E-09  5.9505E-09  error n
 11      128  5.9505E-09  5.9505E-09  5.9505E-09  error n
 11      128  5.9505E-09  5.9505E-09  5.9505E-09  error n
  10      128  100  0.0000E+00  0.0000E+00  0.0000E+00 time for 3 hmholtz
EXIT: quit after cggov         10
  
call exitt: dying ...
  
backtrace(): obtained 8 stack frames.
./nek5000() [0x77c7b5]
./nek5000() [0x960549]
./nek5000() [0x40de8c]
./nek5000() [0x426686]
./nek5000() [0x424c3e]
./nek5000() [0x4054fe]
/lib64/libc.so.6(__libc_start_main+0xf5) [0x2aaab1ca3b25]
./nek5000() [0x405409]
  
total elapsed time             :   5.36984E+01 sec
total solver time incl. I/O    :   0.00000E+00 sec
time/timestep                  :   0.00000E+00 sec
CPU seconds/timestep/gridpt    :   0.00000E+00 sec

Application 2257967 resources: utime ~830s, stime ~22s, Rss ~38776, inblocks ~0, outblocks ~0
