/----------------------------------------------------------\\
|      _   __ ______ __ __  ______  ____   ____   ____     |
|     / | / // ____// //_/ / ____/ / __ \\/ __ \\/ __ \\   |
|    /  |/ // __/  / ,<   /___ \\ / / / // / / // / / /    |
|   / /|  // /___ / /| | ____/ / / /_/ // /_/ // /_/ /     |
|  /_/ |_//_____//_/ |_|/_____/  \\___/ \\___/ \\___/      |
|                                                          |
|----------------------------------------------------------|
|                                                          |
| NEK5000:  Open Source Spectral Element Solver            |
| COPYRIGHT (c) 2008-2016 UCHICAGO ARGONNE, LLC            |
| Version:  16.0.0                                         |
| Web:      http://nek5000.mcs.anl.gov                     |
|                                                          |
\\----------------------------------------------------------/
                                                              

 Number of processors:          16
 REAL    wdsize      :           8
 INTEGER wdsize      :           4
 Timer accuracy      : 4.77E-07
 Reading /gpfs/theta-fs1/home/thilina/env/lx11/b11.rea                                                                                       


  ABORT: Problem size too large!

  This solver has been compiled for:
     number of elements/proc  (lelt):         100
     total number of elements (lelg):      262145

  Recompile with the following SIZE  parameters:
     lelt >=          128  for np =           16
     lelg >=         2048

  
call exitt: dying ...
  
backtrace(): obtained 8 stack frames.
./nek5000() [0x77c7b5]
./nek5000() [0x961939]
./nek5000() [0x47b8cf]
./nek5000() [0x425f8f]
./nek5000() [0x424c3e]
./nek5000() [0x4054fe]
/lib64/libc.so.6(__libc_start_main+0xf5) [0x2aaab1ca3b25]
./nek5000() [0x405409]
  
total elapsed time             :   2.00222E-02 sec
total solver time incl. I/O    :   0.00000E+00 sec
time/timestep                  :   0.00000E+00 sec
CPU seconds/timestep/gridpt    :   0.00000E+00 sec

Application 2258022 resources: utime ~1s, stime ~2s, Rss ~18432, inblocks ~0, outblocks ~0
