/----------------------------------------------------------\\
|      _   __ ______ __ __  ______  ____   ____   ____     |
|     / | / // ____// //_/ / ____/ / __ \\/ __ \\/ __ \\   |
|    /  |/ // __/  / ,<   /___ \\ / / / // / / // / / /    |
|   / /|  // /___ / /| | ____/ / / /_/ // /_/ // /_/ /     |
|  /_/ |_//_____//_/ |_|/_____/  \\___/ \\___/ \\___/      |
|                                                          |
|----------------------------------------------------------|
|                                                          |
| NEK5000:  Open Source Spectral Element Solver            |
| COPYRIGHT (c) 2008-2016 UCHICAGO ARGONNE, LLC            |
| Version:  16.0.0                                         |
| Web:      http://nek5000.mcs.anl.gov                     |
|                                                          |
\\----------------------------------------------------------/
                                                              

 Number of processors:          32
 REAL    wdsize      :           8
 INTEGER wdsize      :           4
 Timer accuracy      : 3.10E-07
 Reading /gpfs/theta-fs1/home/thilina/env/lx11/b6.rea                                                                                        

 mapping elements to processors
 Reading /gpfs/theta-fs1/home/thilina/env/lx11/b6.map                                                                                        
           0           2           2          64          64  NELV
           4           2           2          64          64  NELV
           5           2           2          64          64  NELV
           8           2           2          64          64  NELV
          19           2           2          64          64  NELV
          22           2           2          64          64  NELV
          29           2           2          64          64  NELV
          17           2           2          64          64  NELV
          10           2           2          64          64  NELV
          23           2           2          64          64  NELV
          31           2           2          64          64  NELV
           3           2           2          64          64  NELV
           6           2           2          64          64  NELV
          16           2           2          64          64  NELV
          24           2           2          64          64  NELV
          20           2           2          64          64  NELV
          11           2           2          64          64  NELV
          18           2           2          64          64  NELV
           7           2           2          64          64  NELV
           2           2           2          64          64  NELV
          27           2           2          64          64  NELV
          21           2           2          64          64  NELV
          28           2           2          64          64  NELV
           9           2           2          64          64  NELV
          26           2           2          64          64  NELV
          15           2           2          64          64  NELV
          30           2           2          64          64  NELV
          25           2           2          64          64  NELV
           1           2           2          64          64  NELV
          14           2           2          64          64  NELV
          13           2           2          64          64  NELV
          12           2           2          64          64  NELV
 RANK     0 IEG      53      54
 element load imbalance:            0           2           2
 done :: mapping elements to processors
  
           0  objects found
 118   Parameters from file:
   1      1.00000     p001 DENSITY
   2     -100.000     p002 VISCOS
   7      1.00000     p007 RHOCP
   8      1.00000     p008 CONDUCT
  11      1.00        p011 NSTEPS
  12    -0.500000E-02 p012 DT
  21     0.100000E-05 p021 DIVERGENCE
  22     0.100000E-07 p022 HELMHOLTZ
  24     0.100000E-09 p024 TOLREL
  25     0.100000E-09 p025 TOLABS
  26     0.250000     p026 COURANT/NTAU
  27      2.00000     p027 TORDER
  66      6.00000     p066 output : <0=ascii, else binary
  67      6.00000     p067 restart: <0=ascii, else binary
  99      3.00000     p099 dealiasing: <0--> off/3--> old/4--> new
 103     0.500000E-01 p103 weight of stabilizing filter (.01)
  
 nelgt/nelgv/lelt:          64          64         100
 lx1  /lx2  /lx3 :          11          11          11
 done :: read .rea file   0.65710E-01 sec

 setup mesh topology
   Right-handed check complete for      64 elements. OK.
   setvert3d:  11       22265       68921       22265       22265
 call usrsetvert
 done :: usrsetvert

gs_setup: 11161 unique labels shared
   pairwise times (avg, min, max): 5.11922e-05 5.01156e-05 5.73874e-05
   crystal router                : 5.05082e-05 5.00917e-05 5.0807e-05
   all reduce                    : 0.000641023 0.000638819 0.000645995
   used all_to_all method: crystal router
   handle bytes (avg, min, max): 157276 126700 186940
   buffer bytes (avg, min, max): 29144 24032 34896
   setupds time 3.6678E-02 seconds   0 11       22265          64
           8  max multiplicity
 done :: setup mesh topology
  
 call usrdat
 done :: usrdat

 generate geometry data
 done :: generate geometry data
  
 call usrdat2
 done :: usrdat2

 regenerate geometry data           1
 NOTE: All elements deformed , param(59) ^=0
 done :: regenerate geometry data           1
  
 verify mesh topology
  0.000000000000000E+000   1.00000000000000       Xrange
  0.000000000000000E+000   1.00000000000000       Yrange
  0.000000000000000E+000   1.00000000000000       Zrange
 done :: verify mesh topology
  
 IFTRAN   = T
 IFFLOW   = T
 IFHEAT   = F
 IFSPLIT  = T
 IFLOMACH = F
 IFUSERVP = F
 IFUSERMV = F
 IFSTRS   = F
 IFCHAR   = F
 IFCYCLIC = F
 IFAXIS   = F
 IFMVBD   = F
 IFMELT   = F
 IFMODEL  = F
 IFKEPS   = F
 IFMOAB   = F
 IFNEKNEK = F
 IFSYNC   = T
   
 IFVCOR   = T
 IFINTQ   = F
 IFCWUZ   = F
 IFSWALL  = F
 IFGEOM   = F
 IFSURT   = F
 IFWCNO   = F
   
 IFTMSH for field           1    =  F
 IFADVC for field           1    =  T
 IFNONL for field           1    =  F
   
 Dealiasing enabled, lxd=          16
  
 Estimated eigenvalues
 EIGAA =    9.86960440108936     
 EIGGA =    239089.309835403     
 EIGAE =    9.86960440108936     
 EIGAS =   8.333333333333333E-002
 EIGGE =    239089.309835403     
 EIGGS =    2.00000000000000     
  
 verify mesh topology
  0.000000000000000E+000   1.00000000000000       Xrange
  0.000000000000000E+000   1.00000000000000       Yrange
  0.000000000000000E+000   1.00000000000000       Zrange
 done :: verify mesh topology
  
  E-solver strategy:  0 itr
 mg_nx:           1           5          10
 mg_ny:           1           5          10
 mg_nz:           1           5          10
 call usrsetvert
 done :: usrsetvert

gs_setup: 109 unique labels shared
   pairwise times (avg, min, max): 4.61787e-05 4.44889e-05 5.06163e-05
   crystal router                : 1.03861e-05 1.02043e-05 1.04904e-05
   all reduce                    : 3.63946e-05 3.61919e-05 3.66926e-05
   used all_to_all method: crystal router
   handle bytes (avg, min, max): 3808 3580 3988
   buffer bytes (avg, min, max): 540 496 560
   setupds time 4.9150E-03 seconds   1  2         125          64
   setvert3d:   4        1685        2197        1685        1685
 call usrsetvert
 done :: usrsetvert

gs_setup: 997 unique labels shared
   pairwise times (avg, min, max): 4.87387e-05 4.53949e-05 5.29051e-05
   crystal router                : 1.32442e-05 1.30892e-05 1.35183e-05
   all reduce                    : 6.57395e-05 6.5279e-05 6.6185e-05
   used all_to_all method: crystal router
   handle bytes (avg, min, max): 17752 15148 20116
   buffer bytes (avg, min, max): 3056 2704 3424
   setupds time 7.4959E-03 seconds   2  4        1685          64
   setvert3d:   6        5165        9261        5165        5165
 call usrsetvert
 done :: usrsetvert

gs_setup: 2781 unique labels shared
   pairwise times (avg, min, max): 4.90494e-05 4.5085e-05 5.33819e-05
   crystal router                : 2.19829e-05 2.15054e-05 2.41041e-05
   all reduce                    : 0.000114122 0.000113201 0.000114799
   used all_to_all method: crystal router
   handle bytes (avg, min, max): 43216 35740 50260
   buffer bytes (avg, min, max): 7784 6832 9056
   setupds time 1.0381E-02 seconds   3  6        5165          64
   setvert3d:   8       10565       24389       10565       10565
 call usrsetvert
 done :: usrsetvert

gs_setup: 5461 unique labels shared
   pairwise times (avg, min, max): 4.82425e-05 4.52042e-05 5.20945e-05
   crystal router                : 5.21608e-05 5.1713e-05 5.25951e-05
   all reduce                    : 0.000177768 0.000176001 0.000178695
   used all_to_all method: pairwise
   handle bytes (avg, min, max): 11776 8972 14556
   buffer bytes (avg, min, max): 7744 5376 10240
   setupds time 1.4335E-02 seconds   4  8       10565          64
 regenerate geometry data           1
 NOTE: All elements deformed , param(59) ^=0
 done :: regenerate geometry data           1
  
 h1_mg_nx:           1           3          10
 h1_mg_ny:           1           3          10
 h1_mg_nz:           1           3          10
 call usrsetvert
 done :: usrsetvert

gs_setup: 109 unique labels shared
   pairwise times (avg, min, max): 4.37059e-05 4.27008e-05 4.88043e-05
   crystal router                : 1.04278e-05 1.02997e-05 1.05858e-05
   all reduce                    : 4.03501e-05 4.01974e-05 4.06981e-05
   used all_to_all method: crystal router
   handle bytes (avg, min, max): 3808 3580 3988
   buffer bytes (avg, min, max): 540 496 560
   setupds time 5.6410E-03 seconds   5  2         125          64
   setvert3d:   4        1685        2197        1685        1685
 call usrsetvert
 done :: usrsetvert

gs_setup: 997 unique labels shared
   pairwise times (avg, min, max): 4.33497e-05 3.92914e-05 4.78029e-05
   crystal router                : 1.71877e-05 1.69992e-05 1.76907e-05
   all reduce                    : 6.50801e-05 6.45161e-05 6.56128e-05
   used all_to_all method: crystal router
   handle bytes (avg, min, max): 17752 15148 20116
   buffer bytes (avg, min, max): 3056 2704 3424
   setupds time 7.2620E-03 seconds   6  4        1685          64
   setvert3d:   4        1685        2197        1685        1685
 call usrsetvert
 done :: usrsetvert

gs_setup: 997 unique labels shared
   pairwise times (avg, min, max): 4.05371e-05 3.829e-05 4.44889e-05
   crystal router                : 1.98521e-05 1.91927e-05 2.01941e-05
   all reduce                    : 7.15226e-05 7.10011e-05 7.21931e-05
   used all_to_all method: crystal router
   handle bytes (avg, min, max): 17752 15148 20116
   buffer bytes (avg, min, max): 3056 2704 3424
   setupds time 6.3741E-03 seconds   7  4        1685          64
   setvert3d:   6        5165        9261        5165        5165
 call usrsetvert
 done :: usrsetvert

gs_setup: 2781 unique labels shared
   pairwise times (avg, min, max): 4.35792e-05 4.16994e-05 4.78983e-05
   crystal router                : 2.42107e-05 2.39134e-05 2.47955e-05
   all reduce                    : 0.00010422 0.000102997 0.000105
   used all_to_all method: crystal router
   handle bytes (avg, min, max): 43216 35740 50260
   buffer bytes (avg, min, max): 7784 6832 9056
   setupds time 8.4960E-03 seconds   8  6        5165          64
   setvert3d:  11       22265       68921       22265       22265
 call usrsetvert
 done :: usrsetvert

gs_setup: 11161 unique labels shared
   pairwise times (avg, min, max): 4.21785e-05 4.05073e-05 4.5085e-05
   crystal router                : 5.04382e-05 4.9901e-05 5.09024e-05
   all reduce                    : 0.000599423 0.000591493 0.000604796
   used all_to_all method: pairwise
   handle bytes (avg, min, max): 22324 16940 27660
   buffer bytes (avg, min, max): 14344 10032 18832
   setupds time 2.5534E-02 seconds   9 11       22265          64
   setvert3d:  13       32465      117649       32465       32465
 call usrsetvert
 done :: usrsetvert

gs_setup: 16081 unique labels shared
   pairwise times (avg, min, max): 4.65877e-05 4.37975e-05 5.09977e-05
   crystal router                : 6.942e-05 6.87122e-05 7.05004e-05
   all reduce                    : 0.000929453 0.000922012 0.000936198
   used all_to_all method: pairwise
   handle bytes (avg, min, max): 31276 23692 38796
   buffer bytes (avg, min, max): 19864 13936 26000
   setupds time 3.5905E-02 seconds  10 13       32465          64
 setup h1 coarse grid, nx_crs=           2
 call usrsetvert
 done :: usrsetvert

gs_setup: 109 unique labels shared
   pairwise times (avg, min, max): 3.88227e-05 3.6788e-05 4.18901e-05
   crystal router                : 1.05925e-05 1.04189e-05 1.09196e-05
   all reduce                    : 3.70167e-05 3.66926e-05 3.71933e-05
   used all_to_all method: crystal router
   handle bytes (avg, min, max): 3808 3580 3988
   buffer bytes (avg, min, max): 540 496 560
 done :: setup h1 coarse grid   1.150918006896973E-002  sec
  
 call usrdat3
 done :: usrdat3

 set initial conditions
 nekuic (1) for ifld            1
 call nekuic for vel  
 xyz min     0.0000       0.0000       0.0000    
 uvwpt min   0.0000       0.0000       0.0000       0.0000       0.0000    
 PS min      0.0000       0.0000      0.99000E+22
 xyz max     1.0000       1.0000       1.0000    
 uvwpt max   0.0000       0.0000       0.0000       0.0000       0.0000    
 PS max      0.0000       0.0000     -0.99000E+22
 done :: set initial conditions
  
 call userchk
GFM max:  3.3823E-03  3.3823E-03  3.3823E-03  8.2293E-17  8.2293E-17  8.2293E-17
 
nelt =       2, np =        32, nx1 =      11, elements =        64
Solve Time =   0.4069E-08
 
nelt =       2, np =        32, nx1 =      11, elements =        64
Solve Time =   0.3992E-08
 
nelt =       2, np =        32, nx1 =      11, elements =        64
Solve Time =   0.3953E-08
 
nelt =       2, np =        32, nx1 =      11, elements =        64
Solve Time =   0.3959E-08
 
nelt =       2, np =        32, nx1 =      11, elements =        64
Solve Time =   0.3947E-08
 
nelt =       2, np =        32, nx1 =      11, elements =        64
Solve Time =   0.3957E-08
 
nelt =       2, np =        32, nx1 =      11, elements =        64
Solve Time =   0.3942E-08
 
nelt =       2, np =        32, nx1 =      11, elements =        64
Solve Time =   0.3940E-08
 
nelt =       2, np =        32, nx1 =      11, elements =        64
Solve Time =   0.3969E-08
 
nelt =       2, np =        32, nx1 =      11, elements =        64
Solve Time =   0.3950E-08
 
nelt =       2, np =        32, nx1 =      11, elements =        64
Solve Time =   0.2245E-08
 
nelt =       2, np =        32, nx1 =      11, elements =        64
Solve Time =   0.2163E-08
 
nelt =       2, np =        32, nx1 =      11, elements =        64
Solve Time =   0.2168E-08
 
nelt =       2, np =        32, nx1 =      11, elements =        64
Solve Time =   0.2156E-08
 
nelt =       2, np =        32, nx1 =      11, elements =        64
Solve Time =   0.2159E-08
 
nelt =       2, np =        32, nx1 =      11, elements =        64
Solve Time =   0.2162E-08
 
nelt =       2, np =        32, nx1 =      11, elements =        64
Solve Time =   0.2165E-08
 
nelt =       2, np =        32, nx1 =      11, elements =        64
Solve Time =   0.2164E-08
 
nelt =       2, np =        32, nx1 =      11, elements =        64
Solve Time =   0.2160E-08
 
nelt =       2, np =        32, nx1 =      11, elements =        64
Solve Time =   0.2163E-08
 
nelt =       2, np =        32, nx1 =      11, elements =        64
Solve Time =   0.2925E-08
 
nelt =       2, np =        32, nx1 =      11, elements =        64
Solve Time =   0.2866E-08
 
nelt =       2, np =        32, nx1 =      11, elements =        64
Solve Time =   0.2871E-08
 
nelt =       2, np =        32, nx1 =      11, elements =        64
Solve Time =   0.2871E-08
 
nelt =       2, np =        32, nx1 =      11, elements =        64
Solve Time =   0.2873E-08
 
nelt =       2, np =        32, nx1 =      11, elements =        64
Solve Time =   0.2874E-08
 
nelt =       2, np =        32, nx1 =      11, elements =        64
Solve Time =   0.2896E-08
 
nelt =       2, np =        32, nx1 =      11, elements =        64
Solve Time =   0.2878E-08
 
nelt =       2, np =        32, nx1 =      11, elements =        64
Solve Time =   0.2880E-08
 
nelt =       2, np =        32, nx1 =      11, elements =        64
Solve Time =   0.2865E-08
 
nelt =       2, np =        32, nx1 =      11, elements =        64
Solve Time =   0.3293E-08
 
nelt =       2, np =        32, nx1 =      11, elements =        64
Solve Time =   0.3256E-08
 
nelt =       2, np =        32, nx1 =      11, elements =        64
Solve Time =   0.3245E-08
 
nelt =       2, np =        32, nx1 =      11, elements =        64
Solve Time =   0.3231E-08
 
nelt =       2, np =        32, nx1 =      11, elements =        64
Solve Time =   0.3236E-08
 
nelt =       2, np =        32, nx1 =      11, elements =        64
Solve Time =   0.3240E-08
 
nelt =       2, np =        32, nx1 =      11, elements =        64
Solve Time =   0.3236E-08
 
nelt =       2, np =        32, nx1 =      11, elements =        64
Solve Time =   0.3255E-08
 
nelt =       2, np =        32, nx1 =      11, elements =        64
Solve Time =   0.3230E-08
 
nelt =       2, np =        32, nx1 =      11, elements =        64
Solve Time =   0.3253E-08
 
nelt =       2, np =        32, nx1 =      11, elements =        64
Solve Time =   0.3654E-08
 
nelt =       2, np =        32, nx1 =      11, elements =        64
Solve Time =   0.3597E-08
 
nelt =       2, np =        32, nx1 =      11, elements =        64
Solve Time =   0.3591E-08
 
nelt =       2, np =        32, nx1 =      11, elements =        64
Solve Time =   0.3584E-08
 
nelt =       2, np =        32, nx1 =      11, elements =        64
Solve Time =   0.3586E-08
 
nelt =       2, np =        32, nx1 =      11, elements =        64
Solve Time =   0.3579E-08
 
nelt =       2, np =        32, nx1 =      11, elements =        64
Solve Time =   0.3590E-08
 
nelt =       2, np =        32, nx1 =      11, elements =        64
Solve Time =   0.3581E-08
 
nelt =       2, np =        32, nx1 =      11, elements =        64
Solve Time =   0.3586E-08
 
nelt =       2, np =        32, nx1 =      11, elements =        64
Solve Time =   0.3576E-08
 schfile:
 /gpfs/theta-fs1/home/thilina/env/lx11/b6.sch                                   
                                                      
 11       64  1.0000E+00  1.0000E+00  1.0000E+00  error v
 11       64  1.0000E+00  1.0000E+00  1.0000E+00  error v
 11       64  1.0000E+00  1.0000E+00  1.0000E+00  error v
 11       64  1.0000E+00  1.0000E+00  1.0000E+00  error v
 11       64  1.0000E+00  1.0000E+00  1.0000E+00  error v
 11       64  1.0000E+00  1.0000E+00  1.0000E+00  error v
 11       64  1.0000E+00  1.0000E+00  1.0000E+00  error v
 11       64  1.0000E+00  1.0000E+00  1.0000E+00  error v
 11       64  1.0000E+00  1.0000E+00  1.0000E+00  error v
 11       64  1.0000E+00  1.0000E+00  1.0000E+00  error v
 11       64  1.0000E+00  1.0000E+00  1.0000E+00  error v
 11       64  1.0000E+00  1.0000E+00  1.0000E+00  error v
 11       64  1.0000E+00  1.0000E+00  1.0000E+00  error v
 11       64  1.0000E+00  1.0000E+00  1.0000E+00  error v
 11       64  1.0000E+00  1.0000E+00  1.0000E+00  error v
 11       64  1.0000E+00  1.0000E+00  1.0000E+00  error v
 11       64  1.0000E+00  1.0000E+00  1.0000E+00  error v
 11       64  1.0000E+00  1.0000E+00  1.0000E+00  error v
 11       64  1.0000E+00  1.0000E+00  1.0000E+00  error v
 11       64  1.0000E+00  1.0000E+00  1.0000E+00  error v
 11       64  1.0000E+00  1.0000E+00  1.0000E+00  error v
 11       64  1.0000E+00  1.0000E+00  1.0000E+00  error v
 11       64  1.0000E+00  1.0000E+00  1.0000E+00  error v
 11       64  1.0000E+00  1.0000E+00  1.0000E+00  error v
 11       64  1.0000E+00  1.0000E+00  1.0000E+00  error v
 11       64  1.0000E+00  1.0000E+00  1.0000E+00  error v
 11       64  1.0000E+00  1.0000E+00  1.0000E+00  error v
 11       64  1.0000E+00  1.0000E+00  1.0000E+00  error v
 11       64  1.0000E+00  1.0000E+00  1.0000E+00  error v
 11       64  1.0000E+00  1.0000E+00  1.0000E+00  error v
 11       64  1.0000E+00  1.0000E+00  1.0000E+00  error v
 11       64  1.0000E+00  1.0000E+00  1.0000E+00  error v
 
nelt =       2, np =        32, nx1 =      11, elements =        64
Solve Time =   0.4321E-08
 
nelt =       2, np =        32, nx1 =      11, elements =        64
Solve Time =   0.4244E-08
 
nelt =       2, np =        32, nx1 =      11, elements =        64
Solve Time =   0.4210E-08
 
nelt =       2, np =        32, nx1 =      11, elements =        64
Solve Time =   0.4230E-08
 
nelt =       2, np =        32, nx1 =      11, elements =        64
Solve Time =   0.4221E-08
 
nelt =       2, np =        32, nx1 =      11, elements =        64
Solve Time =   0.4217E-08
 
nelt =       2, np =        32, nx1 =      11, elements =        64
Solve Time =   0.4244E-08
 
nelt =       2, np =        32, nx1 =      11, elements =        64
Solve Time =   0.4240E-08
 
nelt =       2, np =        32, nx1 =      11, elements =        64
Solve Time =   0.4211E-08
 
nelt =       2, np =        32, nx1 =      11, elements =        64
Solve Time =   0.4214E-08
 11       64  7.6605E-15  7.6605E-15  7.6605E-15  error s
 11       64  7.6605E-15  7.6605E-15  7.6605E-15  error s
 11       64  7.6605E-15  7.6605E-15  7.6605E-15  error s
 11       64  7.6605E-15  7.6605E-15  7.6605E-15  error s
 11       64  7.6605E-15  7.6605E-15  7.6605E-15  error s
 11       64  7.6605E-15  7.6605E-15  7.6605E-15  error s
 11       64  7.6605E-15  7.6605E-15  7.6605E-15  error s
 11       64  7.6605E-15  7.6605E-15  7.6605E-15  error s
 11       64  7.6605E-15  7.6605E-15  7.6605E-15  error s
 11       64  7.6605E-15  7.6605E-15  7.6605E-15  error s
 11       64  7.6605E-15  7.6605E-15  7.6605E-15  error s
 11       64  7.6605E-15  7.6605E-15  7.6605E-15  error s
 11       64  7.6605E-15  7.6605E-15  7.6605E-15  error s
 11       64  7.6605E-15  7.6605E-15  7.6605E-15  error s
 11       64  7.6605E-15  7.6605E-15  7.6605E-15  error s
 11       64  7.6605E-15  7.6605E-15  7.6605E-15  error s
 11       64  7.6605E-15  7.6605E-15  7.6605E-15  error s
 11       64  7.6605E-15  7.6605E-15  7.6605E-15  error s
 11       64  7.6605E-15  7.6605E-15  7.6605E-15  error s
 11       64  7.6605E-15  7.6605E-15  7.6605E-15  error s
 11       64  7.6605E-15  7.6605E-15  7.6605E-15  error s
 11       64  7.6605E-15  7.6605E-15  7.6605E-15  error s
 11       64  7.6605E-15  7.6605E-15  7.6605E-15  error s
 11       64  7.6605E-15  7.6605E-15  7.6605E-15  error s
 11       64  7.6605E-15  7.6605E-15  7.6605E-15  error s
 11       64  7.6605E-15  7.6605E-15  7.6605E-15  error s
 11       64  7.6605E-15  7.6605E-15  7.6605E-15  error s
 11       64  7.6605E-15  7.6605E-15  7.6605E-15  error s
 11       64  7.6605E-15  7.6605E-15  7.6605E-15  error s
 11       64  7.6605E-15  7.6605E-15  7.6605E-15  error s
 11       64  7.6605E-15  7.6605E-15  7.6605E-15  error s
 11       64  7.6605E-15  7.6605E-15  7.6605E-15  error s
 
nelt =       2, np =        32, nx1 =      11, elements =        64
Solve Time =   0.4599E-08
 
nelt =       2, np =        32, nx1 =      11, elements =        64
Solve Time =   0.4476E-08
 
nelt =       2, np =        32, nx1 =      11, elements =        64
Solve Time =   0.4465E-08
 
nelt =       2, np =        32, nx1 =      11, elements =        64
Solve Time =   0.4466E-08
 
nelt =       2, np =        32, nx1 =      11, elements =        64
Solve Time =   0.4454E-08
 
nelt =       2, np =        32, nx1 =      11, elements =        64
Solve Time =   0.4480E-08
 
nelt =       2, np =        32, nx1 =      11, elements =        64
Solve Time =   0.4466E-08
 
nelt =       2, np =        32, nx1 =      11, elements =        64
Solve Time =   0.4464E-08
 
nelt =       2, np =        32, nx1 =      11, elements =        64
Solve Time =   0.4480E-08
 
nelt =       2, np =        32, nx1 =      11, elements =        64
Solve Time =   0.4464E-08
 11       64  8.4377E-15  8.4377E-15  8.4377E-15  error n
 11       64  8.4377E-15  8.4377E-15  8.4377E-15  error n
 11       64  8.4377E-15  8.4377E-15  8.4377E-15  error n
 11       64  8.4377E-15  8.4377E-15  8.4377E-15  error n
 11       64  8.4377E-15  8.4377E-15  8.4377E-15  error n
 11       64  8.4377E-15  8.4377E-15  8.4377E-15  error n
 11       64  8.4377E-15  8.4377E-15  8.4377E-15  error n
 11       64  8.4377E-15  8.4377E-15  8.4377E-15  error n
 11       64  8.4377E-15  8.4377E-15  8.4377E-15  error n
 11       64  8.4377E-15  8.4377E-15  8.4377E-15  error n
 11       64  8.4377E-15  8.4377E-15  8.4377E-15  error n
 11       64  8.4377E-15  8.4377E-15  8.4377E-15  error n
 11       64  8.4377E-15  8.4377E-15  8.4377E-15  error n
 11       64  8.4377E-15  8.4377E-15  8.4377E-15  error n
 11       64  8.4377E-15  8.4377E-15  8.4377E-15  error n
 11       64  8.4377E-15  8.4377E-15  8.4377E-15  error n
 11       64  8.4377E-15  8.4377E-15  8.4377E-15  error n
 11       64  8.4377E-15  8.4377E-15  8.4377E-15  error n
 11       64  8.4377E-15  8.4377E-15  8.4377E-15  error n
 11       64  8.4377E-15  8.4377E-15  8.4377E-15  error n
 11       64  8.4377E-15  8.4377E-15  8.4377E-15  error n
 11       64  8.4377E-15  8.4377E-15  8.4377E-15  error n
 11       64  8.4377E-15  8.4377E-15  8.4377E-15  error n
 11       64  8.4377E-15  8.4377E-15  8.4377E-15  error n
 11       64  8.4377E-15  8.4377E-15  8.4377E-15  error n
 11       64  8.4377E-15  8.4377E-15  8.4377E-15  error n
 11       64  8.4377E-15  8.4377E-15  8.4377E-15  error n
 11       64  8.4377E-15  8.4377E-15  8.4377E-15  error n
 11       64  8.4377E-15  8.4377E-15  8.4377E-15  error n
 11       64  8.4377E-15  8.4377E-15  8.4377E-15  error n
 11       64  8.4377E-15  8.4377E-15  8.4377E-15  error n
 11       64  8.4377E-15  8.4377E-15  8.4377E-15  error n
  10       64  100  0.0000E+00  0.0000E+00  0.0000E+00 time for 3 hmholtz
EXIT: quit after cggov         10
  
call exitt: dying ...
  
backtrace(): obtained 8 stack frames.
./nek5000() [0x77c7b5]
./nek5000() [0x960549]
./nek5000() [0x40de8c]
./nek5000() [0x426686]
./nek5000() [0x424c3e]
./nek5000() [0x4054fe]
/lib64/libc.so.6(__libc_start_main+0xf5) [0x2aaab1ca3b25]
./nek5000() [0x405409]
  
total elapsed time             :   2.57932E+01 sec
total solver time incl. I/O    :   0.00000E+00 sec
time/timestep                  :   0.00000E+00 sec
CPU seconds/timestep/gridpt    :   0.00000E+00 sec

Application 2258057 resources: utime ~805s, stime ~20s, Rss ~29904, inblocks ~0, outblocks ~0
