/----------------------------------------------------------\\
|      _   __ ______ __ __  ______  ____   ____   ____     |
|     / | / // ____// //_/ / ____/ / __ \\/ __ \\/ __ \\   |
|    /  |/ // __/  / ,<   /___ \\ / / / // / / // / / /    |
|   / /|  // /___ / /| | ____/ / / /_/ // /_/ // /_/ /     |
|  /_/ |_//_____//_/ |_|/_____/  \\___/ \\___/ \\___/      |
|                                                          |
|----------------------------------------------------------|
|                                                          |
| NEK5000:  Open Source Spectral Element Solver            |
| COPYRIGHT (c) 2008-2016 UCHICAGO ARGONNE, LLC            |
| Version:  16.0.0                                         |
| Web:      http://nek5000.mcs.anl.gov                     |
|                                                          |
\\----------------------------------------------------------/
                                                              

 Number of processors:        8192
 REAL    wdsize      :           8
 INTEGER wdsize      :           4
 Timer accuracy      : 4.05E-07
 Reading /gpfs/theta-fs1/home/thilina/env/lx11/b17.rea                                                                                       

 mapping elements to processors
 Reading /gpfs/theta-fs1/home/thilina/env/lx11/b17.map                                                                                       
 element load imbalance:            0          16          16
 done :: mapping elements to processors
  
           0  objects found
 118   Parameters from file:
   1      1.00000     p001 DENSITY
   2     -100.000     p002 VISCOS
   7      1.00000     p007 RHOCP
   8      1.00000     p008 CONDUCT
  11      1.00        p011 NSTEPS
  12    -0.500000E-02 p012 DT
  21     0.100000E-05 p021 DIVERGENCE
  22     0.100000E-07 p022 HELMHOLTZ
  24     0.100000E-09 p024 TOLREL
  25     0.100000E-09 p025 TOLABS
  26     0.250000     p026 COURANT/NTAU
  27      2.00000     p027 TORDER
  66      6.00000     p066 output : <0=ascii, else binary
  67      6.00000     p067 restart: <0=ascii, else binary
  99      3.00000     p099 dealiasing: <0--> off/3--> old/4--> new
 103     0.500000E-01 p103 weight of stabilizing filter (.01)
  
 nelgt/nelgv/lelt:      131072      131072         100
 lx1  /lx2  /lx3 :          11          11          11
 done :: read .rea file    2777.2     sec

 setup mesh topology
   Right-handed check complete for  131072 elements. OK.
   setvert3d:  11    36341313   131892801    36341313    36341313
 call usrsetvert
 done :: usrsetvert

gs_setup: 17638151 unique labels shared
   pairwise times (avg, min, max): 0.00028044 0.000189996 0.000323296
   crystal router                : 0.00136874 0.00134671 0.0013947
   used all_to_all method: pairwise
   handle bytes (avg, min, max): 176802 123100 193676
   buffer bytes (avg, min, max): 81368.8 36896 101296
   setupds time 3.7717E-01 seconds   0 11    36341313      131072
           8  max multiplicity
 done :: setup mesh topology
  
 call usrdat
 done :: usrdat

 generate geometry data
 done :: generate geometry data
  
 call usrdat2
 done :: usrdat2

 regenerate geometry data           1
 NOTE: All elements deformed , param(59) ^=0
 done :: regenerate geometry data           1
  
 verify mesh topology
  0.000000000000000E+000   1.00000000000000       Xrange
  0.000000000000000E+000   1.00000000000000       Yrange
  0.000000000000000E+000   1.00000000000000       Zrange
 done :: verify mesh topology
  
 IFTRAN   = T
 IFFLOW   = T
 IFHEAT   = F
 IFSPLIT  = T
 IFLOMACH = F
 IFUSERVP = F
 IFUSERMV = F
 IFSTRS   = F
 IFCHAR   = F
 IFCYCLIC = F
 IFAXIS   = F
 IFMVBD   = F
 IFMELT   = F
 IFMODEL  = F
 IFKEPS   = F
 IFMOAB   = F
 IFNEKNEK = F
 IFSYNC   = T
   
 IFVCOR   = T
 IFINTQ   = F
 IFCWUZ   = F
 IFSWALL  = F
 IFGEOM   = F
 IFSURT   = F
 IFWCNO   = F
   
 IFTMSH for field           1    =  F
 IFADVC for field           1    =  T
 IFNONL for field           1    =  F
   
 Dealiasing enabled, lxd=          16
  
 Estimated eigenvalues
 EIGAA =    9.86960440108936     
 EIGGA =    41022962.4083773     
 EIGAE =    9.86960440108936     
 EIGAS =   8.333333333333333E-002
 EIGGE =    41022962.4083773     
 EIGGS =    2.00000000000000     
  
 verify mesh topology
  0.000000000000000E+000   1.00000000000000       Xrange
  0.000000000000000E+000   1.00000000000000       Yrange
  0.000000000000000E+000   1.00000000000000       Zrange
 done :: verify mesh topology
  
  E-solver strategy:  0 itr
 mg_nx:           1           5          10
 mg_ny:           1           5          10
 mg_nz:           1           5          10
 call usrsetvert
 done :: usrsetvert

gs_setup: 123863 unique labels shared
   pairwise times (avg, min, max): 0.000112009 8.61883e-05 0.000145912
   crystal router                : 0.000246359 0.000240493 0.0002527
   used all_to_all method: pairwise
   handle bytes (avg, min, max): 3562.36 2428 4140
   buffer bytes (avg, min, max): 1981.53 752 2560
   setupds time 1.8874E-02 seconds   1  2      139425      131072
   setvert3d:   4     2564577     3613153     2564577     2564577
 call usrsetvert
 done :: usrsetvert

gs_setup: 1456951 unique labels shared
   pairwise times (avg, min, max): 0.000143825 0.000105715 0.0001755
   crystal router                : 0.000399182 0.000385022 0.000411296
   used all_to_all method: pairwise
   handle bytes (avg, min, max): 18771 13116 20844
   buffer bytes (avg, min, max): 9627.15 4080 12000
   setupds time 9.4565E-02 seconds   2  4     2564577      131072
   setvert3d:   6     8200993    16589601     8200993     8200993
 call usrsetvert
 done :: usrsetvert

gs_setup: 4252311 unique labels shared
   pairwise times (avg, min, max): 0.000201258 0.000147104 0.00024271
   crystal router                : 0.000636934 0.000626802 0.000662494
   used all_to_all method: pairwise
   handle bytes (avg, min, max): 47287.6 33020 51948
   buffer bytes (avg, min, max): 22984.8 10096 28416
   setupds time 1.6202E-01 seconds   3  6     8200993      131072
   setvert3d:   8    17048673    45360225    17048673    17048673
 call usrsetvert
 done :: usrsetvert

gs_setup: 8509943 unique labels shared
   pairwise times (avg, min, max): 0.00023073 0.00017941 0.00027101
   crystal router                : 0.000925844 0.000912404 0.000945282
   used all_to_all method: pairwise
   handle bytes (avg, min, max): 89112.2 62140 97580
   buffer bytes (avg, min, max): 42054.4 18800 52192
   setupds time 2.0146E-01 seconds   4  8    17048673      131072
 regenerate geometry data           1
 NOTE: All elements deformed , param(59) ^=0
 done :: regenerate geometry data           1
  
 h1_mg_nx:           1           3          10
 h1_mg_ny:           1           3          10
 h1_mg_nz:           1           3          10
 call usrsetvert
 done :: usrsetvert

gs_setup: 123863 unique labels shared
   pairwise times (avg, min, max): 0.000110624 8.65936e-05 0.000137591
   crystal router                : 0.000226754 0.000210786 0.000241399
   used all_to_all method: pairwise
   handle bytes (avg, min, max): 3562.36 2428 4140
   buffer bytes (avg, min, max): 1981.53 752 2560
   setupds time 1.9041E-02 seconds   5  2      139425      131072
   setvert3d:   4     2564577     3613153     2564577     2564577
 call usrsetvert
 done :: usrsetvert

gs_setup: 1456951 unique labels shared
   pairwise times (avg, min, max): 0.000146859 0.000112486 0.000178194
   crystal router                : 0.000407277 0.000398898 0.000424504
   used all_to_all method: pairwise
   handle bytes (avg, min, max): 18771 13116 20844
   buffer bytes (avg, min, max): 9627.15 4080 12000
   setupds time 9.5753E-02 seconds   6  4     2564577      131072
   setvert3d:   4     2564577     3613153     2564577     2564577
 call usrsetvert
 done :: usrsetvert

gs_setup: 1456951 unique labels shared
   pairwise times (avg, min, max): 0.000141123 0.000107694 0.000174999
   crystal router                : 0.000391411 0.000370717 0.000401807
   used all_to_all method: pairwise
   handle bytes (avg, min, max): 18771 13116 20844
   buffer bytes (avg, min, max): 9627.15 4080 12000
   setupds time 8.3542E-02 seconds   7  4     2564577      131072
   setvert3d:   6     8200993    16589601     8200993     8200993
 call usrsetvert
 done :: usrsetvert

gs_setup: 4252311 unique labels shared
   pairwise times (avg, min, max): 0.000198679 0.0001513 0.000235105
   crystal router                : 0.000582556 0.000570107 0.000598884
   used all_to_all method: pairwise
   handle bytes (avg, min, max): 47287.6 33020 51948
   buffer bytes (avg, min, max): 22984.8 10096 28416
   setupds time 1.6339E-01 seconds   8  6     8200993      131072
   setvert3d:  11    36341313   131892801    36341313    36341313
 call usrsetvert
 done :: usrsetvert

gs_setup: 17638151 unique labels shared
   pairwise times (avg, min, max): 0.000253665 0.000191808 0.000294018
   crystal router                : 0.00142134 0.0014024 0.00144579
   used all_to_all method: pairwise
   handle bytes (avg, min, max): 176802 123100 193676
   buffer bytes (avg, min, max): 81368.8 36896 101296
   setupds time 3.6234E-01 seconds   9 11    36341313      131072
   setvert3d:  13    53217153   227673985    53217153    53217153
 call usrsetvert
 done :: usrsetvert

gs_setup: 25551463 unique labels shared
   pairwise times (avg, min, max): 0.00027305 0.000219107 0.000310707
   crystal router                : 0.00176328 0.0017288 0.00179651
   used all_to_all method: pairwise
   handle bytes (avg, min, max): 251896 175260 275980
   buffer bytes (avg, min, max): 114718 52320 142992
   setupds time 5.3683E-01 seconds  10 13    53217153      131072
 setup h1 coarse grid, nx_crs=           2
 call usrsetvert
 done :: usrsetvert

gs_setup: 123863 unique labels shared
   pairwise times (avg, min, max): 0.000105335 8.35896e-05 0.000132012
   crystal router                : 0.000238351 0.000232697 0.000251412
   used all_to_all method: pairwise
   handle bytes (avg, min, max): 3562.36 2428 4140
   buffer bytes (avg, min, max): 1981.53 752 2560
 done :: setup h1 coarse grid    7.94748187065125       sec
  
 call usrdat3
 done :: usrdat3

 set initial conditions
 nekuic (1) for ifld            1
 call nekuic for vel  
 xyz min     0.0000       0.0000       0.0000    
 uvwpt min   0.0000       0.0000       0.0000       0.0000       0.0000    
 PS min      0.0000       0.0000      0.99000E+22
 xyz max     1.0000       1.0000       1.0000    
 uvwpt max   0.0000       0.0000       0.0000       0.0000       0.0000    
 PS max      0.0000       0.0000     -0.99000E+22
 done :: set initial conditions
  
 call userchk
GFM max:  1.0570E-04  4.2279E-04  4.2279E-04  7.1171E-17  7.1171E-17  1.8653E-16
 
nelt =      16, np =      8192, nx1 =      11, elements =    131072
Solve Time =   0.1419E-10
 
nelt =      16, np =      8192, nx1 =      11, elements =    131072
Solve Time =   0.1418E-10
 
nelt =      16, np =      8192, nx1 =      11, elements =    131072
Solve Time =   0.1421E-10
 
nelt =      16, np =      8192, nx1 =      11, elements =    131072
Solve Time =   0.1416E-10
 
nelt =      16, np =      8192, nx1 =      11, elements =    131072
Solve Time =   0.1409E-10
 
nelt =      16, np =      8192, nx1 =      11, elements =    131072
Solve Time =   0.1420E-10
 
nelt =      16, np =      8192, nx1 =      11, elements =    131072
Solve Time =   0.1417E-10
 
nelt =      16, np =      8192, nx1 =      11, elements =    131072
Solve Time =   0.1417E-10
 
nelt =      16, np =      8192, nx1 =      11, elements =    131072
Solve Time =   0.1409E-10
 
nelt =      16, np =      8192, nx1 =      11, elements =    131072
Solve Time =   0.1415E-10
 
nelt =      16, np =      8192, nx1 =      11, elements =    131072
Solve Time =   0.1111E-10
 
nelt =      16, np =      8192, nx1 =      11, elements =    131072
Solve Time =   0.1099E-10
 
nelt =      16, np =      8192, nx1 =      11, elements =    131072
Solve Time =   0.1107E-10
 
nelt =      16, np =      8192, nx1 =      11, elements =    131072
Solve Time =   0.1102E-10
 
nelt =      16, np =      8192, nx1 =      11, elements =    131072
Solve Time =   0.1107E-10
 
nelt =      16, np =      8192, nx1 =      11, elements =    131072
Solve Time =   0.1111E-10
 
nelt =      16, np =      8192, nx1 =      11, elements =    131072
Solve Time =   0.1099E-10
 
nelt =      16, np =      8192, nx1 =      11, elements =    131072
Solve Time =   0.1108E-10
 
nelt =      16, np =      8192, nx1 =      11, elements =    131072
Solve Time =   0.1102E-10
 
nelt =      16, np =      8192, nx1 =      11, elements =    131072
Solve Time =   0.1103E-10
 
nelt =      16, np =      8192, nx1 =      11, elements =    131072
Solve Time =   0.1265E-10
 
nelt =      16, np =      8192, nx1 =      11, elements =    131072
Solve Time =   0.1251E-10
 
nelt =      16, np =      8192, nx1 =      11, elements =    131072
Solve Time =   0.1252E-10
 
nelt =      16, np =      8192, nx1 =      11, elements =    131072
Solve Time =   0.1259E-10
 
nelt =      16, np =      8192, nx1 =      11, elements =    131072
Solve Time =   0.1245E-10
 
nelt =      16, np =      8192, nx1 =      11, elements =    131072
Solve Time =   0.1254E-10
 
nelt =      16, np =      8192, nx1 =      11, elements =    131072
Solve Time =   0.1263E-10
 
nelt =      16, np =      8192, nx1 =      11, elements =    131072
Solve Time =   0.1252E-10
 
nelt =      16, np =      8192, nx1 =      11, elements =    131072
Solve Time =   0.1253E-10
 
nelt =      16, np =      8192, nx1 =      11, elements =    131072
Solve Time =   0.1249E-10
 
nelt =      16, np =      8192, nx1 =      11, elements =    131072
Solve Time =   0.1402E-10
 
nelt =      16, np =      8192, nx1 =      11, elements =    131072
Solve Time =   0.1402E-10
 
nelt =      16, np =      8192, nx1 =      11, elements =    131072
Solve Time =   0.1412E-10
 
nelt =      16, np =      8192, nx1 =      11, elements =    131072
Solve Time =   0.1406E-10
 
nelt =      16, np =      8192, nx1 =      11, elements =    131072
Solve Time =   0.1403E-10
 
nelt =      16, np =      8192, nx1 =      11, elements =    131072
Solve Time =   0.1408E-10
 
nelt =      16, np =      8192, nx1 =      11, elements =    131072
Solve Time =   0.1408E-10
 
nelt =      16, np =      8192, nx1 =      11, elements =    131072
Solve Time =   0.1401E-10
 
nelt =      16, np =      8192, nx1 =      11, elements =    131072
Solve Time =   0.1404E-10
 
nelt =      16, np =      8192, nx1 =      11, elements =    131072
Solve Time =   0.1405E-10
 
nelt =      16, np =      8192, nx1 =      11, elements =    131072
Solve Time =   0.1568E-10
 
nelt =      16, np =      8192, nx1 =      11, elements =    131072
Solve Time =   0.1550E-10
 
nelt =      16, np =      8192, nx1 =      11, elements =    131072
Solve Time =   0.1555E-10
 
nelt =      16, np =      8192, nx1 =      11, elements =    131072
Solve Time =   0.1559E-10
 
nelt =      16, np =      8192, nx1 =      11, elements =    131072
Solve Time =   0.1559E-10
 
nelt =      16, np =      8192, nx1 =      11, elements =    131072
Solve Time =   0.1565E-10
 
nelt =      16, np =      8192, nx1 =      11, elements =    131072
Solve Time =   0.1563E-10
 
nelt =      16, np =      8192, nx1 =      11, elements =    131072
Solve Time =   0.1550E-10
 
nelt =      16, np =      8192, nx1 =      11, elements =    131072
Solve Time =   0.1560E-10
 
nelt =      16, np =      8192, nx1 =      11, elements =    131072
Solve Time =   0.1559E-10
 schfile:
 /gpfs/theta-fs1/home/thilina/env/lx11/b17.sch                                  
                                                      
Application 2260090 exit codes: 1
Application 2260090 resources: utime ~918388s, stime ~1471s, Rss ~74308, inblocks ~0, outblocks ~0
