/----------------------------------------------------------\\
|      _   __ ______ __ __  ______  ____   ____   ____     |
|     / | / // ____// //_/ / ____/ / __ \\/ __ \\/ __ \\   |
|    /  |/ // __/  / ,<   /___ \\ / / / // / / // / / /    |
|   / /|  // /___ / /| | ____/ / / /_/ // /_/ // /_/ /     |
|  /_/ |_//_____//_/ |_|/_____/  \\___/ \\___/ \\___/      |
|                                                          |
|----------------------------------------------------------|
|                                                          |
| NEK5000:  Open Source Spectral Element Solver            |
| COPYRIGHT (c) 2008-2016 UCHICAGO ARGONNE, LLC            |
| Version:  16.0.0                                         |
| Web:      http://nek5000.mcs.anl.gov                     |
|                                                          |
\\----------------------------------------------------------/
                                                              

 Number of processors:        8192
 REAL    wdsize      :           8
 INTEGER wdsize      :           4
 Timer accuracy      : 5.01E-07
 Reading /gpfs/theta-fs1/home/thilina/env/lx11/b15.rea                                                                                       

 mapping elements to processors
 Reading /gpfs/theta-fs1/home/thilina/env/lx11/b15.map                                                                                       
 element load imbalance:            0           4           4
 done :: mapping elements to processors
  
           0  objects found
 118   Parameters from file:
   1      1.00000     p001 DENSITY
   2     -100.000     p002 VISCOS
   7      1.00000     p007 RHOCP
   8      1.00000     p008 CONDUCT
  11      1.00        p011 NSTEPS
  12    -0.500000E-02 p012 DT
  21     0.100000E-05 p021 DIVERGENCE
  22     0.100000E-07 p022 HELMHOLTZ
  24     0.100000E-09 p024 TOLREL
  25     0.100000E-09 p025 TOLABS
  26     0.250000     p026 COURANT/NTAU
  27      2.00000     p027 TORDER
  66      6.00000     p066 output : <0=ascii, else binary
  67      6.00000     p067 restart: <0=ascii, else binary
  99      3.00000     p099 dealiasing: <0--> off/3--> old/4--> new
 103     0.500000E-01 p103 weight of stabilizing filter (.01)
  
 nelgt/nelgv/lelt:       32768       32768         100
 lx1  /lx2  /lx3 :          11          11          11
 done :: read .rea file    1590.3     sec

 setup mesh topology
   Right-handed check complete for   32768 elements. OK.
   setvert3d:  11     9188289    33076161     9188289     9188289
 call usrsetvert
 done :: usrsetvert

gs_setup: 6518699 unique labels shared
   pairwise times (avg, min, max): 0.00025739 0.000199699 0.000320196
   crystal router                : 0.000779511 0.000767398 0.000796509
   used all_to_all method: pairwise
   handle bytes (avg, min, max): 53507.7 32716 61580
   buffer bytes (avg, min, max): 33518.6 15472 44480
   setupds time 2.6752E-01 seconds   0 11     9188289       32768
           8  max multiplicity
 done :: setup mesh topology
  
 call usrdat
 done :: usrdat

 generate geometry data
 done :: generate geometry data
  
 call usrdat2
 done :: usrdat2

 regenerate geometry data           1
 NOTE: All elements deformed , param(59) ^=0
 done :: regenerate geometry data           1
  
 verify mesh topology
  0.000000000000000E+000   1.00000000000000       Xrange
  0.000000000000000E+000   1.00000000000000       Yrange
  0.000000000000000E+000   1.00000000000000       Zrange
 done :: verify mesh topology
  
 IFTRAN   = T
 IFFLOW   = T
 IFHEAT   = F
 IFSPLIT  = T
 IFLOMACH = F
 IFUSERVP = F
 IFUSERMV = F
 IFSTRS   = F
 IFCHAR   = F
 IFCYCLIC = F
 IFAXIS   = F
 IFMVBD   = F
 IFMELT   = F
 IFMODEL  = F
 IFKEPS   = F
 IFMOAB   = F
 IFNEKNEK = F
 IFSYNC   = T
   
 IFVCOR   = T
 IFINTQ   = F
 IFCWUZ   = F
 IFSWALL  = F
 IFGEOM   = F
 IFSURT   = F
 IFWCNO   = F
   
 IFTMSH for field           1    =  F
 IFADVC for field           1    =  T
 IFNONL for field           1    =  F
   
 Dealiasing enabled, lxd=          16
  
 Estimated eigenvalues
 EIGAA =    9.86960440108936     
 EIGGA =    15304970.4214917     
 EIGAE =    9.86960440108936     
 EIGAS =   8.333333333333333E-002
 EIGGE =    15304970.4214917     
 EIGGS =    2.00000000000000     
  
 verify mesh topology
  0.000000000000000E+000   1.00000000000000       Xrange
  0.000000000000000E+000   1.00000000000000       Yrange
  0.000000000000000E+000   1.00000000000000       Zrange
 done :: verify mesh topology
  
  E-solver strategy:  0 itr
 mg_nx:           1           5          10
 mg_ny:           1           5          10
 mg_nz:           1           5          10
 call usrsetvert
 done :: usrsetvert

gs_setup: 35495 unique labels shared
   pairwise times (avg, min, max): 0.000122689 9.76086e-05 0.000159311
   crystal router                : 0.00017761 0.000174308 0.000181508
   all reduce                    : 0.00196951 0.00196149 0.00198851
   used all_to_all method: pairwise
   handle bytes (avg, min, max): 1862.08 1108 2324
   buffer bytes (avg, min, max): 1224.32 496 1712
   setupds time 6.8694E-02 seconds   1  2       35937       32768
   setvert3d:   4      650529      912673      650529      650529
 call usrsetvert
 done :: usrsetvert

gs_setup: 507183 unique labels shared
   pairwise times (avg, min, max): 0.000125411 9.7394e-05 0.000155902
   crystal router                : 0.0002985 0.000291204 0.000305986
   used all_to_all method: pairwise
   handle bytes (avg, min, max): 6593.94 4100 7764
   buffer bytes (avg, min, max): 4615.57 2032 6288
   setupds time 5.2044E-02 seconds   2  4      650529       32768
   setvert3d:   6     2076129     4173281     2076129     2076129
 call usrsetvert
 done :: usrsetvert

gs_setup: 1532599 unique labels shared
   pairwise times (avg, min, max): 0.000175513 0.000129318 0.000212979
   crystal router                : 0.000371203 0.000364494 0.000387406
   used all_to_all method: pairwise
   handle bytes (avg, min, max): 15180.1 9396 17620
   buffer bytes (avg, min, max): 10169.8 4592 13680
   setupds time 1.1812E-01 seconds   3  6     2076129       32768
   setvert3d:   8     4312737    11390625     4312737     4312737
 call usrsetvert
 done :: usrsetvert

gs_setup: 3111743 unique labels shared
   pairwise times (avg, min, max): 0.000227809 0.000176001 0.000278211
   crystal router                : 0.000507638 0.000499797 0.000522208
   used all_to_all method: pairwise
   handle bytes (avg, min, max): 27620.4 16996 31892
   buffer bytes (avg, min, max): 17887.1 8176 23888
   setupds time 1.6311E-01 seconds   4  8     4312737       32768
 regenerate geometry data           1
 NOTE: All elements deformed , param(59) ^=0
 done :: regenerate geometry data           1
  
 h1_mg_nx:           1           3          10
 h1_mg_ny:           1           3          10
 h1_mg_nz:           1           3          10
 call usrsetvert
 done :: usrsetvert

gs_setup: 35495 unique labels shared
   pairwise times (avg, min, max): 0.000121531 9.67026e-05 0.000145507
   crystal router                : 0.000265686 0.000242519 0.000271392
   all reduce                    : 0.00197292 0.00194781 0.00198951
   used all_to_all method: pairwise
   handle bytes (avg, min, max): 1862.08 1108 2324
   buffer bytes (avg, min, max): 1224.32 496 1712
   setupds time 5.3819E-02 seconds   5  2       35937       32768
   setvert3d:   4      650529      912673      650529      650529
 call usrsetvert
 done :: usrsetvert

gs_setup: 507183 unique labels shared
   pairwise times (avg, min, max): 0.00012163 9.70125e-05 0.000146699
   crystal router                : 0.000279037 0.000274301 0.000289321
   used all_to_all method: pairwise
   handle bytes (avg, min, max): 6593.94 4100 7764
   buffer bytes (avg, min, max): 4615.57 2032 6288
   setupds time 4.7176E-02 seconds   6  4      650529       32768
   setvert3d:   4      650529      912673      650529      650529
 call usrsetvert
 done :: usrsetvert

gs_setup: 507183 unique labels shared
   pairwise times (avg, min, max): 0.0001234 0.000100017 0.000149417
   crystal router                : 0.000277624 0.000273108 0.000287294
   used all_to_all method: pairwise
   handle bytes (avg, min, max): 6593.94 4100 7764
   buffer bytes (avg, min, max): 4615.57 2032 6288
   setupds time 4.1846E-02 seconds   7  4      650529       32768
   setvert3d:   6     2076129     4173281     2076129     2076129
 call usrsetvert
 done :: usrsetvert

gs_setup: 1532599 unique labels shared
   pairwise times (avg, min, max): 0.000173022 0.000131893 0.000214791
   crystal router                : 0.000419857 0.000409484 0.000427413
   used all_to_all method: pairwise
   handle bytes (avg, min, max): 15180.1 9396 17620
   buffer bytes (avg, min, max): 10169.8 4592 13680
   setupds time 9.5000E-02 seconds   8  6     2076129       32768
   setvert3d:  11     9188289    33076161     9188289     9188289
 call usrsetvert
 done :: usrsetvert

gs_setup: 6518699 unique labels shared
   pairwise times (avg, min, max): 0.000236111 0.000183201 0.000286794
   crystal router                : 0.000794237 0.00078361 0.000819302
   used all_to_all method: pairwise
   handle bytes (avg, min, max): 53507.7 32716 61580
   buffer bytes (avg, min, max): 33518.6 15472 44480
   setupds time 2.0825E-01 seconds   9 11     9188289       32768
   setvert3d:  13    13452417    57066625    13452417    13452417
 call usrsetvert
 done :: usrsetvert

gs_setup: 9482163 unique labels shared
   pairwise times (avg, min, max): 0.000237715 0.000183702 0.0003021
   crystal router                : 0.000933866 0.000917983 0.000956488
   used all_to_all method: pairwise
   handle bytes (avg, min, max): 75583.7 46076 86892
   buffer bytes (avg, min, max): 46643.3 21616 61728
   setupds time 2.4687E-01 seconds  10 13    13452417       32768
 setup h1 coarse grid, nx_crs=           2
 call usrsetvert
 done :: usrsetvert

gs_setup: 35495 unique labels shared
   pairwise times (avg, min, max): 0.000115137 9.45091e-05 0.00013411
   crystal router                : 0.000167237 0.000161386 0.000173616
   all reduce                    : 0.00196889 0.00194442 0.00198278
   used all_to_all method: pairwise
   handle bytes (avg, min, max): 1862.08 1108 2324
   buffer bytes (avg, min, max): 1224.32 496 1712
 done :: setup h1 coarse grid    2.16446399688721       sec
  
 call usrdat3
 done :: usrdat3

 set initial conditions
 nekuic (1) for ifld            1
 call nekuic for vel  
 xyz min     0.0000       0.0000       0.0000    
 uvwpt min   0.0000       0.0000       0.0000       0.0000       0.0000    
 PS min      0.0000       0.0000      0.99000E+22
 xyz max     1.0000       1.0000       1.0000    
 uvwpt max   0.0000       0.0000       0.0000       0.0000       0.0000    
 PS max      0.0000       0.0000     -0.99000E+22
 done :: set initial conditions
  
 call userchk
GFM max:  4.2279E-04  4.2279E-04  4.2279E-04  8.2293E-17  8.2293E-17  8.2293E-17
 
nelt =       4, np =      8192, nx1 =      11, elements =     32768
Solve Time =   0.2665E-10
 
nelt =       4, np =      8192, nx1 =      11, elements =     32768
Solve Time =   0.2599E-10
 
nelt =       4, np =      8192, nx1 =      11, elements =     32768
Solve Time =   0.2518E-10
 
nelt =       4, np =      8192, nx1 =      11, elements =     32768
Solve Time =   0.2614E-10
 
nelt =       4, np =      8192, nx1 =      11, elements =     32768
Solve Time =   0.2574E-10
 
nelt =       4, np =      8192, nx1 =      11, elements =     32768
Solve Time =   0.2518E-10
 
nelt =       4, np =      8192, nx1 =      11, elements =     32768
Solve Time =   0.2619E-10
 
nelt =       4, np =      8192, nx1 =      11, elements =     32768
Solve Time =   0.2574E-10
 
nelt =       4, np =      8192, nx1 =      11, elements =     32768
Solve Time =   0.2540E-10
 
nelt =       4, np =      8192, nx1 =      11, elements =     32768
Solve Time =   0.2592E-10
 
nelt =       4, np =      8192, nx1 =      11, elements =     32768
Solve Time =   0.1907E-10
 
nelt =       4, np =      8192, nx1 =      11, elements =     32768
Solve Time =   0.1834E-10
 
nelt =       4, np =      8192, nx1 =      11, elements =     32768
Solve Time =   0.1877E-10
 
nelt =       4, np =      8192, nx1 =      11, elements =     32768
Solve Time =   0.1912E-10
 
nelt =       4, np =      8192, nx1 =      11, elements =     32768
Solve Time =   0.1895E-10
 
nelt =       4, np =      8192, nx1 =      11, elements =     32768
Solve Time =   0.1835E-10
 
nelt =       4, np =      8192, nx1 =      11, elements =     32768
Solve Time =   0.1884E-10
 
nelt =       4, np =      8192, nx1 =      11, elements =     32768
Solve Time =   0.1941E-10
 
nelt =       4, np =      8192, nx1 =      11, elements =     32768
Solve Time =   0.1885E-10
 
nelt =       4, np =      8192, nx1 =      11, elements =     32768
Solve Time =   0.1849E-10
 
nelt =       4, np =      8192, nx1 =      11, elements =     32768
Solve Time =   0.2375E-10
 
nelt =       4, np =      8192, nx1 =      11, elements =     32768
Solve Time =   0.2415E-10
 
nelt =       4, np =      8192, nx1 =      11, elements =     32768
Solve Time =   0.2351E-10
 
nelt =       4, np =      8192, nx1 =      11, elements =     32768
Solve Time =   0.2335E-10
 
nelt =       4, np =      8192, nx1 =      11, elements =     32768
Solve Time =   0.2409E-10
 
nelt =       4, np =      8192, nx1 =      11, elements =     32768
Solve Time =   0.2362E-10
 
nelt =       4, np =      8192, nx1 =      11, elements =     32768
Solve Time =   0.2333E-10
 
nelt =       4, np =      8192, nx1 =      11, elements =     32768
Solve Time =   0.2439E-10
 
nelt =       4, np =      8192, nx1 =      11, elements =     32768
Solve Time =   0.2413E-10
 
nelt =       4, np =      8192, nx1 =      11, elements =     32768
Solve Time =   0.2358E-10
 
nelt =       4, np =      8192, nx1 =      11, elements =     32768
Solve Time =   0.2834E-10
 
nelt =       4, np =      8192, nx1 =      11, elements =     32768
Solve Time =   0.2768E-10
 
nelt =       4, np =      8192, nx1 =      11, elements =     32768
Solve Time =   0.2730E-10
 
nelt =       4, np =      8192, nx1 =      11, elements =     32768
Solve Time =   0.2850E-10
 
nelt =       4, np =      8192, nx1 =      11, elements =     32768
Solve Time =   0.2767E-10
 
nelt =       4, np =      8192, nx1 =      11, elements =     32768
Solve Time =   0.2788E-10
 
nelt =       4, np =      8192, nx1 =      11, elements =     32768
Solve Time =   0.2805E-10
 
nelt =       4, np =      8192, nx1 =      11, elements =     32768
Solve Time =   0.2747E-10
 
nelt =       4, np =      8192, nx1 =      11, elements =     32768
Solve Time =   0.2796E-10
 
nelt =       4, np =      8192, nx1 =      11, elements =     32768
Solve Time =   0.2822E-10
 
nelt =       4, np =      8192, nx1 =      11, elements =     32768
Solve Time =   0.3170E-10
 
nelt =       4, np =      8192, nx1 =      11, elements =     32768
Solve Time =   0.3228E-10
 
nelt =       4, np =      8192, nx1 =      11, elements =     32768
Solve Time =   0.3156E-10
 
nelt =       4, np =      8192, nx1 =      11, elements =     32768
Solve Time =   0.3192E-10
 
nelt =       4, np =      8192, nx1 =      11, elements =     32768
Solve Time =   0.3206E-10
 
nelt =       4, np =      8192, nx1 =      11, elements =     32768
Solve Time =   0.3173E-10
 
nelt =       4, np =      8192, nx1 =      11, elements =     32768
Solve Time =   0.3268E-10
 
nelt =       4, np =      8192, nx1 =      11, elements =     32768
Solve Time =   0.3116E-10
 
nelt =       4, np =      8192, nx1 =      11, elements =     32768
Solve Time =   0.3247E-10
 
nelt =       4, np =      8192, nx1 =      11, elements =     32768
Solve Time =   0.3140E-10
 schfile:
 /gpfs/theta-fs1/home/thilina/env/lx11/b15.sch                                  
                                                      
Application 2259994 exit codes: 1
Application 2259994 resources: utime ~917867s, stime ~1697s, Rss ~50904, inblocks ~0, outblocks ~0
