/----------------------------------------------------------\\
|      _   __ ______ __ __  ______  ____   ____   ____     |
|     / | / // ____// //_/ / ____/ / __ \\/ __ \\/ __ \\   |
|    /  |/ // __/  / ,<   /___ \\ / / / // / / // / / /    |
|   / /|  // /___ / /| | ____/ / / /_/ // /_/ // /_/ /     |
|  /_/ |_//_____//_/ |_|/_____/  \\___/ \\___/ \\___/      |
|                                                          |
|----------------------------------------------------------|
|                                                          |
| NEK5000:  Open Source Spectral Element Solver            |
| COPYRIGHT (c) 2008-2016 UCHICAGO ARGONNE, LLC            |
| Version:  16.0.0                                         |
| Web:      http://nek5000.mcs.anl.gov                     |
|                                                          |
\\----------------------------------------------------------/
                                                              

 Number of processors:       16384
 REAL    wdsize      :           8
 INTEGER wdsize      :           4
 Timer accuracy      : 4.05E-07
 Reading /gpfs/theta-fs1/home/thilina/env/lx11/b14.rea                                                                                       

 mapping elements to processors
 Reading /gpfs/theta-fs1/home/thilina/env/lx11/b14.map                                                                                       
 element load imbalance:            0           1           1
 done :: mapping elements to processors
  
           0  objects found
 118   Parameters from file:
   1      1.00000     p001 DENSITY
   2     -100.000     p002 VISCOS
   7      1.00000     p007 RHOCP
   8      1.00000     p008 CONDUCT
  11      1.00        p011 NSTEPS
  12    -0.500000E-02 p012 DT
  21     0.100000E-05 p021 DIVERGENCE
  22     0.100000E-07 p022 HELMHOLTZ
  24     0.100000E-09 p024 TOLREL
  25     0.100000E-09 p025 TOLABS
  26     0.250000     p026 COURANT/NTAU
  27      2.00000     p027 TORDER
  66      6.00000     p066 output : <0=ascii, else binary
  67      6.00000     p067 restart: <0=ascii, else binary
  99      3.00000     p099 dealiasing: <0--> off/3--> old/4--> new
 103     0.500000E-01 p103 weight of stabilizing filter (.01)
  
 nelgt/nelgv/lelt:       16384       16384         100
 lx1  /lx2  /lx3 :          11          11          11
 done :: read .rea file    1902.7     sec

 setup mesh topology
   Right-handed check complete for   16384 elements. OK.
   setvert3d:  11     4742649    16686585     4742649     4742649
 call usrsetvert
 done :: usrsetvert

gs_setup: 4311001 unique labels shared
   pairwise times (avg, min, max): 0.000191443 0.000151396 0.000230193
   crystal router                : 0.000500291 0.000491905 0.000516701
   used all_to_all method: pairwise
   handle bytes (avg, min, max): 16664.6 8836 17380
   buffer bytes (avg, min, max): 13184.1 6352 13856
   setupds time 2.2169E-01 seconds   0 11     4742649       16384
           8  max multiplicity
 done :: setup mesh topology
  
 call usrdat
 done :: usrdat

 generate geometry data
 done :: generate geometry data
  
 call usrdat2
 done :: usrdat2

 regenerate geometry data           1
 NOTE: All elements deformed , param(59) ^=0
 done :: regenerate geometry data           1
  
 verify mesh topology
  0.000000000000000E+000   1.00000000000000       Xrange
  0.000000000000000E+000   1.00000000000000       Yrange
  0.000000000000000E+000   1.00000000000000       Zrange
 done :: verify mesh topology
  
 IFTRAN   = T
 IFFLOW   = T
 IFHEAT   = F
 IFSPLIT  = T
 IFLOMACH = F
 IFUSERVP = F
 IFUSERMV = F
 IFSTRS   = F
 IFCHAR   = F
 IFCYCLIC = F
 IFAXIS   = F
 IFMVBD   = F
 IFMELT   = F
 IFMODEL  = F
 IFKEPS   = F
 IFMOAB   = F
 IFNEKNEK = F
 IFSYNC   = T
   
 IFVCOR   = T
 IFINTQ   = F
 IFCWUZ   = F
 IFSWALL  = F
 IFGEOM   = F
 IFSURT   = F
 IFWCNO   = F
   
 IFTMSH for field           1    =  F
 IFADVC for field           1    =  T
 IFNONL for field           1    =  F
   
 Dealiasing enabled, lxd=          16
  
 Estimated eigenvalues
 EIGAA =    9.86960440108936     
 EIGGA =    10253787.8229757     
 EIGAE =    9.86960440108936     
 EIGAS =   8.333333333333333E-002
 EIGGE =    10253787.8229757     
 EIGGS =    2.00000000000000     
  
 verify mesh topology
  0.000000000000000E+000   1.00000000000000       Xrange
  0.000000000000000E+000   1.00000000000000       Yrange
  0.000000000000000E+000   1.00000000000000       Zrange
 done :: verify mesh topology
  
  E-solver strategy:  0 itr
 mg_nx:           1           5          10
 mg_ny:           1           5          10
 mg_nz:           1           5          10
 call usrsetvert
 done :: usrsetvert

gs_setup: 18505 unique labels shared
   pairwise times (avg, min, max): 0.000123936 9.69887e-05 0.000170112
   crystal router                : 0.000182891 0.000178814 0.000194001
   all reduce                    : 0.00168872 0.00167799 0.00171909
   used all_to_all method: pairwise
   handle bytes (avg, min, max): 1312.01 628 1396
   buffer bytes (avg, min, max): 833.242 304 896
   setupds time 4.6951E-02 seconds   1  2       18513       16384
   setvert3d:   4      334805      465877      334805      334805
 call usrsetvert
 done :: usrsetvert

gs_setup: 312937 unique labels shared
   pairwise times (avg, min, max): 0.000118233 9.52005e-05 0.000152206
   crystal router                : 0.000231317 0.000225616 0.000241613
   used all_to_all method: pairwise
   handle bytes (avg, min, max): 2791.7 1444 2932
   buffer bytes (avg, min, max): 2289.87 976 2432
   setupds time 2.5001E-02 seconds   2  4      334805       16384
   setvert3d:   6     1070249     2118825     1070249     1070249
 call usrsetvert
 done :: usrsetvert

gs_setup: 984201 unique labels shared
   pairwise times (avg, min, max): 0.000120067 9.70125e-05 0.000157309
   crystal router                : 0.000357599 0.000344586 0.000370002
   used all_to_all method: pairwise
   handle bytes (avg, min, max): 5375.38 2836 5620
   buffer bytes (avg, min, max): 4482.49 2032 4736
   setupds time 4.7658E-02 seconds   3  6     1070249       16384
   setvert3d:   8     2224845     5763789     2224845     2224845
 call usrsetvert
 done :: usrsetvert

gs_setup: 2032297 unique labels shared
   pairwise times (avg, min, max): 0.000170183 0.000137997 0.000200796
   crystal router                : 0.000435663 0.000427389 0.000444794
   used all_to_all method: pairwise
   handle bytes (avg, min, max): 9063.07 4804 9460
   buffer bytes (avg, min, max): 7411.12 3472 7808
   setupds time 8.6800E-02 seconds   4  8     2224845       16384
 regenerate geometry data           1
 NOTE: All elements deformed , param(59) ^=0
 done :: regenerate geometry data           1
  
 h1_mg_nx:           1           3          10
 h1_mg_ny:           1           3          10
 h1_mg_nz:           1           3          10
 call usrsetvert
 done :: usrsetvert

gs_setup: 18505 unique labels shared
   pairwise times (avg, min, max): 0.000116356 9.50098e-05 0.000145793
   crystal router                : 0.000264197 0.000258589 0.000284314
   all reduce                    : 0.00173572 0.00170958 0.0017571
   used all_to_all method: pairwise
   handle bytes (avg, min, max): 1312.01 628 1396
   buffer bytes (avg, min, max): 833.242 304 896
   setupds time 5.0399E-02 seconds   5  2       18513       16384
   setvert3d:   4      334805      465877      334805      334805
 call usrsetvert
 done :: usrsetvert

gs_setup: 312937 unique labels shared
   pairwise times (avg, min, max): 0.000125532 9.47952e-05 0.000272703
   crystal router                : 0.000940165 0.000928593 0.000952291
   used all_to_all method: pairwise
   handle bytes (avg, min, max): 2791.7 1444 2932
   buffer bytes (avg, min, max): 2289.87 976 2432
   setupds time 3.6173E-02 seconds   6  4      334805       16384
   setvert3d:   4      334805      465877      334805      334805
 call usrsetvert
 done :: usrsetvert

gs_setup: 312937 unique labels shared
   pairwise times (avg, min, max): 0.000161701 9.30071e-05 0.000296402
   crystal router                : 0.000871211 0.000848889 0.000876784
   used all_to_all method: pairwise
   handle bytes (avg, min, max): 2791.7 1444 2932
   buffer bytes (avg, min, max): 2289.87 976 2432
   setupds time 4.3124E-02 seconds   7  4      334805       16384
   setvert3d:   6     1070249     2118825     1070249     1070249
 call usrsetvert
 done :: usrsetvert

gs_setup: 984201 unique labels shared
   pairwise times (avg, min, max): 0.000177146 9.65118e-05 0.000340796
   crystal router                : 0.00115807 0.00108559 0.0011863
   used all_to_all method: pairwise
   handle bytes (avg, min, max): 5375.38 2836 5620
   buffer bytes (avg, min, max): 4482.49 2032 4736
   setupds time 6.0710E-02 seconds   8  6     1070249       16384
   setvert3d:  11     4742649    16686585     4742649     4742649
 call usrsetvert
 done :: usrsetvert

gs_setup: 4311001 unique labels shared
   pairwise times (avg, min, max): 0.000184984 0.000135303 0.000257111
   crystal router                : 0.000524307 0.000512695 0.000542998
   used all_to_all method: pairwise
   handle bytes (avg, min, max): 16664.6 8836 17380
   buffer bytes (avg, min, max): 13184.1 6352 13856
   setupds time 1.4095E-01 seconds   9 11     4742649       16384
   setvert3d:  13     6945125    28752229     6945125     6945125
 call usrsetvert
 done :: usrsetvert

gs_setup: 6301177 unique labels shared
   pairwise times (avg, min, max): 0.0001696 0.000136518 0.000206709
   crystal router                : 0.000563963 0.000540686 0.000591493
   used all_to_all method: pairwise
   handle bytes (avg, min, max): 23112.3 12244 24100
   buffer bytes (avg, min, max): 17952.7 8752 18848
   setupds time 1.7273E-01 seconds  10 13     6945125       16384
 setup h1 coarse grid, nx_crs=           2
 call usrsetvert
 done :: usrsetvert

gs_setup: 18505 unique labels shared
   pairwise times (avg, min, max): 0.000112864 8.99792e-05 0.000136781
   crystal router                : 0.000202815 0.000194812 0.000214982
   all reduce                    : 0.00168274 0.0016572 0.00170779
   used all_to_all method: pairwise
   handle bytes (avg, min, max): 1312.01 628 1396
   buffer bytes (avg, min, max): 833.242 304 896
 done :: setup h1 coarse grid   0.924930095672607       sec
  
 call usrdat3
 done :: usrdat3

 set initial conditions
 nekuic (1) for ifld            1
 call nekuic for vel  
 xyz min     0.0000       0.0000       0.0000    
 uvwpt min   0.0000       0.0000       0.0000       0.0000       0.0000    
 PS min      0.0000       0.0000      0.99000E+22
 xyz max     1.0000       1.0000       1.0000    
 uvwpt max   0.0000       0.0000       0.0000       0.0000       0.0000    
 PS max      0.0000       0.0000     -0.99000E+22
 done :: set initial conditions
  
 call userchk
GFM max:  2.1140E-04  8.4559E-04  8.4559E-04  8.5011E-17  8.5011E-17  1.6459E-16
 
nelt =       1, np =     16384, nx1 =      11, elements =     16384
Solve Time =   0.3293E-10
 
nelt =       1, np =     16384, nx1 =      11, elements =     16384
Solve Time =   0.3159E-10
 
nelt =       1, np =     16384, nx1 =      11, elements =     16384
Solve Time =   0.3446E-10
 
nelt =       1, np =     16384, nx1 =      11, elements =     16384
Solve Time =   0.3547E-10
 
nelt =       1, np =     16384, nx1 =      11, elements =     16384
Solve Time =   0.3299E-10
 
nelt =       1, np =     16384, nx1 =      11, elements =     16384
Solve Time =   0.3143E-10
 
nelt =       1, np =     16384, nx1 =      11, elements =     16384
Solve Time =   0.3361E-10
 
nelt =       1, np =     16384, nx1 =      11, elements =     16384
Solve Time =   0.3660E-10
 
nelt =       1, np =     16384, nx1 =      11, elements =     16384
Solve Time =   0.3369E-10
 
nelt =       1, np =     16384, nx1 =      11, elements =     16384
Solve Time =   0.3161E-10
 
nelt =       1, np =     16384, nx1 =      11, elements =     16384
Solve Time =   0.1933E-10
 
nelt =       1, np =     16384, nx1 =      11, elements =     16384
Solve Time =   0.2053E-10
 
nelt =       1, np =     16384, nx1 =      11, elements =     16384
Solve Time =   0.2185E-10
 
nelt =       1, np =     16384, nx1 =      11, elements =     16384
Solve Time =   0.2299E-10
 
nelt =       1, np =     16384, nx1 =      11, elements =     16384
Solve Time =   0.2207E-10
 
nelt =       1, np =     16384, nx1 =      11, elements =     16384
Solve Time =   0.2072E-10
 
nelt =       1, np =     16384, nx1 =      11, elements =     16384
Solve Time =   0.1964E-10
 
nelt =       1, np =     16384, nx1 =      11, elements =     16384
Solve Time =   0.1909E-10
 
nelt =       1, np =     16384, nx1 =      11, elements =     16384
Solve Time =   0.2009E-10
 
nelt =       1, np =     16384, nx1 =      11, elements =     16384
Solve Time =   0.2202E-10
 
nelt =       1, np =     16384, nx1 =      11, elements =     16384
Solve Time =   0.3522E-10
 
nelt =       1, np =     16384, nx1 =      11, elements =     16384
Solve Time =   0.3305E-10
 
nelt =       1, np =     16384, nx1 =      11, elements =     16384
Solve Time =   0.3139E-10
 
nelt =       1, np =     16384, nx1 =      11, elements =     16384
Solve Time =   0.3106E-10
 
nelt =       1, np =     16384, nx1 =      11, elements =     16384
Solve Time =   0.3375E-10
 
nelt =       1, np =     16384, nx1 =      11, elements =     16384
Solve Time =   0.3474E-10
 
nelt =       1, np =     16384, nx1 =      11, elements =     16384
Solve Time =   0.3231E-10
 
nelt =       1, np =     16384, nx1 =      11, elements =     16384
Solve Time =   0.3099E-10
 
nelt =       1, np =     16384, nx1 =      11, elements =     16384
Solve Time =   0.3257E-10
 
nelt =       1, np =     16384, nx1 =      11, elements =     16384
Solve Time =   0.3460E-10
 
nelt =       1, np =     16384, nx1 =      11, elements =     16384
Solve Time =   0.4120E-10
 
nelt =       1, np =     16384, nx1 =      11, elements =     16384
Solve Time =   0.3799E-10
 
nelt =       1, np =     16384, nx1 =      11, elements =     16384
Solve Time =   0.3838E-10
 
nelt =       1, np =     16384, nx1 =      11, elements =     16384
Solve Time =   0.4175E-10
 
nelt =       1, np =     16384, nx1 =      11, elements =     16384
Solve Time =   0.4084E-10
 
nelt =       1, np =     16384, nx1 =      11, elements =     16384
Solve Time =   0.3770E-10
 
nelt =       1, np =     16384, nx1 =      11, elements =     16384
Solve Time =   0.3869E-10
 
nelt =       1, np =     16384, nx1 =      11, elements =     16384
Solve Time =   0.4143E-10
 
nelt =       1, np =     16384, nx1 =      11, elements =     16384
Solve Time =   0.3893E-10
 
nelt =       1, np =     16384, nx1 =      11, elements =     16384
Solve Time =   0.3692E-10
 
nelt =       1, np =     16384, nx1 =      11, elements =     16384
Solve Time =   0.4599E-10
 
nelt =       1, np =     16384, nx1 =      11, elements =     16384
Solve Time =   0.4800E-10
 
nelt =       1, np =     16384, nx1 =      11, elements =     16384
Solve Time =   0.4489E-10
 
nelt =       1, np =     16384, nx1 =      11, elements =     16384
Solve Time =   0.4395E-10
 
nelt =       1, np =     16384, nx1 =      11, elements =     16384
Solve Time =   0.4854E-10
 
nelt =       1, np =     16384, nx1 =      11, elements =     16384
Solve Time =   0.4524E-10
 
nelt =       1, np =     16384, nx1 =      11, elements =     16384
Solve Time =   0.4292E-10
 
nelt =       1, np =     16384, nx1 =      11, elements =     16384
Solve Time =   0.4777E-10
 
nelt =       1, np =     16384, nx1 =      11, elements =     16384
Solve Time =   0.4839E-10
 
nelt =       1, np =     16384, nx1 =      11, elements =     16384
Solve Time =   0.4425E-10
 schfile:
 /gpfs/theta-fs1/home/thilina/env/lx11/b14.sch                                  
                                                      
ERROR: .sch file already exists. Use IFSCHCLOB=F todisable this check BUT BEWARE!!!!!!  ierr=  1 
  
call exitt: dying ...
  
backtrace(): obtained 9 stack frames.
./nek5000() [0x77c7b5]
./nek5000() [0x95fa79]
./nek5000() [0x511303]
./nek5000() [0x409dc1]
./nek5000() [0x426686]
./nek5000() [0x424c3e]
./nek5000() [0x4054fe]
/lib64/libc.so.6(__libc_start_main+0xf5) [0x2aaab1ca3b25]
./nek5000() [0x405409]
  
total elapsed time             :   1.91621E+03 sec
total solver time incl. I/O    :   0.00000E+00 sec
time/timestep                  :   0.00000E+00 sec
CPU seconds/timestep/gridpt    :   0.00000E+00 sec

Application 2259859 resources: utime ~31355713s, stime ~9052s, Rss ~57052, inblocks ~0, outblocks ~0
